[2024-11-11T19:41:33.753+0000] {processor.py:186} INFO - Started process (PID=297) to work on /home/airflow/.local/lib/python3.12/site-packages/airflow/example_dags/example_dag_decorator.py
[2024-11-11T19:41:33.754+0000] {processor.py:914} INFO - Processing file /home/airflow/.local/lib/python3.12/site-packages/airflow/example_dags/example_dag_decorator.py for tasks to queue
[2024-11-11T19:41:33.758+0000] {logging_mixin.py:190} INFO - [2024-11-11T19:41:33.757+0000] {dagbag.py:588} INFO - Filling up the DagBag from /home/airflow/.local/lib/python3.12/site-packages/airflow/example_dags/example_dag_decorator.py
[2024-11-11T19:41:33.778+0000] {processor.py:925} INFO - DAG(s) 'example_dag_decorator' retrieved from /home/airflow/.local/lib/python3.12/site-packages/airflow/example_dags/example_dag_decorator.py
[2024-11-11T19:41:34.008+0000] {logging_mixin.py:190} INFO - [2024-11-11T19:41:34.007+0000] {override.py:1911} INFO - Created Permission View: can delete on DAG:example_dag_decorator
[2024-11-11T19:41:34.030+0000] {logging_mixin.py:190} INFO - [2024-11-11T19:41:34.029+0000] {override.py:1911} INFO - Created Permission View: can read on DAG:example_dag_decorator
[2024-11-11T19:41:34.045+0000] {logging_mixin.py:190} INFO - [2024-11-11T19:41:34.045+0000] {override.py:1911} INFO - Created Permission View: can edit on DAG:example_dag_decorator
[2024-11-11T19:41:34.061+0000] {logging_mixin.py:190} INFO - [2024-11-11T19:41:34.060+0000] {override.py:1911} INFO - Created Permission View: can delete on DAG Run:example_dag_decorator
[2024-11-11T19:41:34.074+0000] {logging_mixin.py:190} INFO - [2024-11-11T19:41:34.073+0000] {override.py:1911} INFO - Created Permission View: can create on DAG Run:example_dag_decorator
[2024-11-11T19:41:34.087+0000] {logging_mixin.py:190} INFO - [2024-11-11T19:41:34.086+0000] {override.py:1911} INFO - Created Permission View: menu access on DAG Run:example_dag_decorator
[2024-11-11T19:41:34.120+0000] {logging_mixin.py:190} INFO - [2024-11-11T19:41:34.119+0000] {override.py:1911} INFO - Created Permission View: can read on DAG Run:example_dag_decorator
[2024-11-11T19:41:34.121+0000] {logging_mixin.py:190} INFO - [2024-11-11T19:41:34.121+0000] {dag.py:3239} INFO - Sync 1 DAGs
[2024-11-11T19:41:34.157+0000] {logging_mixin.py:190} INFO - [2024-11-11T19:41:34.156+0000] {dag.py:3262} INFO - Creating ORM DAG for example_dag_decorator
[2024-11-11T19:41:34.158+0000] {logging_mixin.py:190} INFO - [2024-11-11T19:41:34.157+0000] {dag.py:4180} INFO - Setting next_dagrun for example_dag_decorator to None, run_after=None
[2024-11-11T19:41:34.187+0000] {processor.py:208} INFO - Processing /home/airflow/.local/lib/python3.12/site-packages/airflow/example_dags/example_dag_decorator.py took 0.444 seconds
[2024-11-11T19:42:05.216+0000] {processor.py:186} INFO - Started process (PID=588) to work on /home/airflow/.local/lib/python3.12/site-packages/airflow/example_dags/example_dag_decorator.py
[2024-11-11T19:42:05.229+0000] {processor.py:914} INFO - Processing file /home/airflow/.local/lib/python3.12/site-packages/airflow/example_dags/example_dag_decorator.py for tasks to queue
[2024-11-11T19:42:05.235+0000] {logging_mixin.py:190} INFO - [2024-11-11T19:42:05.234+0000] {dagbag.py:588} INFO - Filling up the DagBag from /home/airflow/.local/lib/python3.12/site-packages/airflow/example_dags/example_dag_decorator.py
[2024-11-11T19:42:05.271+0000] {processor.py:925} INFO - DAG(s) 'example_dag_decorator' retrieved from /home/airflow/.local/lib/python3.12/site-packages/airflow/example_dags/example_dag_decorator.py
[2024-11-11T19:42:05.515+0000] {logging_mixin.py:190} INFO - [2024-11-11T19:42:05.515+0000] {dag.py:3239} INFO - Sync 1 DAGs
[2024-11-11T19:42:05.550+0000] {logging_mixin.py:190} INFO - [2024-11-11T19:42:05.549+0000] {dag.py:4180} INFO - Setting next_dagrun for example_dag_decorator to None, run_after=None
[2024-11-11T19:42:05.605+0000] {processor.py:208} INFO - Processing /home/airflow/.local/lib/python3.12/site-packages/airflow/example_dags/example_dag_decorator.py took 0.408 seconds
[2024-11-11T19:42:36.238+0000] {processor.py:186} INFO - Started process (PID=880) to work on /home/airflow/.local/lib/python3.12/site-packages/airflow/example_dags/example_dag_decorator.py
[2024-11-11T19:42:36.241+0000] {processor.py:914} INFO - Processing file /home/airflow/.local/lib/python3.12/site-packages/airflow/example_dags/example_dag_decorator.py for tasks to queue
[2024-11-11T19:42:36.245+0000] {logging_mixin.py:190} INFO - [2024-11-11T19:42:36.244+0000] {dagbag.py:588} INFO - Filling up the DagBag from /home/airflow/.local/lib/python3.12/site-packages/airflow/example_dags/example_dag_decorator.py
[2024-11-11T19:42:36.276+0000] {processor.py:925} INFO - DAG(s) 'example_dag_decorator' retrieved from /home/airflow/.local/lib/python3.12/site-packages/airflow/example_dags/example_dag_decorator.py
[2024-11-11T19:42:36.592+0000] {logging_mixin.py:190} INFO - [2024-11-11T19:42:36.592+0000] {dag.py:3239} INFO - Sync 1 DAGs
[2024-11-11T19:42:36.627+0000] {logging_mixin.py:190} INFO - [2024-11-11T19:42:36.627+0000] {dag.py:4180} INFO - Setting next_dagrun for example_dag_decorator to None, run_after=None
[2024-11-11T19:42:36.657+0000] {processor.py:208} INFO - Processing /home/airflow/.local/lib/python3.12/site-packages/airflow/example_dags/example_dag_decorator.py took 0.436 seconds
[2024-11-11T19:43:07.447+0000] {processor.py:186} INFO - Started process (PID=1171) to work on /home/airflow/.local/lib/python3.12/site-packages/airflow/example_dags/example_dag_decorator.py
[2024-11-11T19:43:07.449+0000] {processor.py:914} INFO - Processing file /home/airflow/.local/lib/python3.12/site-packages/airflow/example_dags/example_dag_decorator.py for tasks to queue
[2024-11-11T19:43:07.454+0000] {logging_mixin.py:190} INFO - [2024-11-11T19:43:07.453+0000] {dagbag.py:588} INFO - Filling up the DagBag from /home/airflow/.local/lib/python3.12/site-packages/airflow/example_dags/example_dag_decorator.py
[2024-11-11T19:43:07.477+0000] {processor.py:925} INFO - DAG(s) 'example_dag_decorator' retrieved from /home/airflow/.local/lib/python3.12/site-packages/airflow/example_dags/example_dag_decorator.py
[2024-11-11T19:43:07.677+0000] {logging_mixin.py:190} INFO - [2024-11-11T19:43:07.677+0000] {dag.py:3239} INFO - Sync 1 DAGs
[2024-11-11T19:43:07.699+0000] {logging_mixin.py:190} INFO - [2024-11-11T19:43:07.699+0000] {dag.py:4180} INFO - Setting next_dagrun for example_dag_decorator to None, run_after=None
[2024-11-11T19:43:07.735+0000] {processor.py:208} INFO - Processing /home/airflow/.local/lib/python3.12/site-packages/airflow/example_dags/example_dag_decorator.py took 0.301 seconds
[2024-11-11T19:43:37.944+0000] {processor.py:186} INFO - Started process (PID=1459) to work on /home/airflow/.local/lib/python3.12/site-packages/airflow/example_dags/example_dag_decorator.py
[2024-11-11T19:43:37.946+0000] {processor.py:914} INFO - Processing file /home/airflow/.local/lib/python3.12/site-packages/airflow/example_dags/example_dag_decorator.py for tasks to queue
[2024-11-11T19:43:37.951+0000] {logging_mixin.py:190} INFO - [2024-11-11T19:43:37.950+0000] {dagbag.py:588} INFO - Filling up the DagBag from /home/airflow/.local/lib/python3.12/site-packages/airflow/example_dags/example_dag_decorator.py
[2024-11-11T19:43:37.977+0000] {processor.py:925} INFO - DAG(s) 'example_dag_decorator' retrieved from /home/airflow/.local/lib/python3.12/site-packages/airflow/example_dags/example_dag_decorator.py
[2024-11-11T19:43:38.261+0000] {logging_mixin.py:190} INFO - [2024-11-11T19:43:38.260+0000] {dag.py:3239} INFO - Sync 1 DAGs
[2024-11-11T19:43:38.293+0000] {logging_mixin.py:190} INFO - [2024-11-11T19:43:38.292+0000] {dag.py:4180} INFO - Setting next_dagrun for example_dag_decorator to None, run_after=None
[2024-11-11T19:43:38.339+0000] {processor.py:208} INFO - Processing /home/airflow/.local/lib/python3.12/site-packages/airflow/example_dags/example_dag_decorator.py took 0.409 seconds
[2024-11-11T19:44:09.136+0000] {processor.py:186} INFO - Started process (PID=1750) to work on /home/airflow/.local/lib/python3.12/site-packages/airflow/example_dags/example_dag_decorator.py
[2024-11-11T19:44:09.147+0000] {processor.py:914} INFO - Processing file /home/airflow/.local/lib/python3.12/site-packages/airflow/example_dags/example_dag_decorator.py for tasks to queue
[2024-11-11T19:44:09.176+0000] {logging_mixin.py:190} INFO - [2024-11-11T19:44:09.176+0000] {dagbag.py:588} INFO - Filling up the DagBag from /home/airflow/.local/lib/python3.12/site-packages/airflow/example_dags/example_dag_decorator.py
[2024-11-11T19:44:09.223+0000] {processor.py:925} INFO - DAG(s) 'example_dag_decorator' retrieved from /home/airflow/.local/lib/python3.12/site-packages/airflow/example_dags/example_dag_decorator.py
[2024-11-11T19:44:09.569+0000] {logging_mixin.py:190} INFO - [2024-11-11T19:44:09.568+0000] {dag.py:3239} INFO - Sync 1 DAGs
[2024-11-11T19:44:09.602+0000] {logging_mixin.py:190} INFO - [2024-11-11T19:44:09.601+0000] {dag.py:4180} INFO - Setting next_dagrun for example_dag_decorator to None, run_after=None
[2024-11-11T19:44:09.651+0000] {processor.py:208} INFO - Processing /home/airflow/.local/lib/python3.12/site-packages/airflow/example_dags/example_dag_decorator.py took 0.548 seconds
[2024-11-11T19:44:40.135+0000] {processor.py:186} INFO - Started process (PID=2041) to work on /home/airflow/.local/lib/python3.12/site-packages/airflow/example_dags/example_dag_decorator.py
[2024-11-11T19:44:40.139+0000] {processor.py:914} INFO - Processing file /home/airflow/.local/lib/python3.12/site-packages/airflow/example_dags/example_dag_decorator.py for tasks to queue
[2024-11-11T19:44:40.145+0000] {logging_mixin.py:190} INFO - [2024-11-11T19:44:40.144+0000] {dagbag.py:588} INFO - Filling up the DagBag from /home/airflow/.local/lib/python3.12/site-packages/airflow/example_dags/example_dag_decorator.py
[2024-11-11T19:44:40.175+0000] {processor.py:925} INFO - DAG(s) 'example_dag_decorator' retrieved from /home/airflow/.local/lib/python3.12/site-packages/airflow/example_dags/example_dag_decorator.py
[2024-11-11T19:44:40.429+0000] {logging_mixin.py:190} INFO - [2024-11-11T19:44:40.428+0000] {dag.py:3239} INFO - Sync 1 DAGs
[2024-11-11T19:44:40.459+0000] {logging_mixin.py:190} INFO - [2024-11-11T19:44:40.458+0000] {dag.py:4180} INFO - Setting next_dagrun for example_dag_decorator to None, run_after=None
[2024-11-11T19:44:40.502+0000] {processor.py:208} INFO - Processing /home/airflow/.local/lib/python3.12/site-packages/airflow/example_dags/example_dag_decorator.py took 0.399 seconds
[2024-11-11T19:45:11.143+0000] {processor.py:186} INFO - Started process (PID=2332) to work on /home/airflow/.local/lib/python3.12/site-packages/airflow/example_dags/example_dag_decorator.py
[2024-11-11T19:45:11.145+0000] {processor.py:914} INFO - Processing file /home/airflow/.local/lib/python3.12/site-packages/airflow/example_dags/example_dag_decorator.py for tasks to queue
[2024-11-11T19:45:11.151+0000] {logging_mixin.py:190} INFO - [2024-11-11T19:45:11.149+0000] {dagbag.py:588} INFO - Filling up the DagBag from /home/airflow/.local/lib/python3.12/site-packages/airflow/example_dags/example_dag_decorator.py
[2024-11-11T19:45:11.175+0000] {processor.py:925} INFO - DAG(s) 'example_dag_decorator' retrieved from /home/airflow/.local/lib/python3.12/site-packages/airflow/example_dags/example_dag_decorator.py
[2024-11-11T19:45:11.368+0000] {logging_mixin.py:190} INFO - [2024-11-11T19:45:11.368+0000] {dag.py:3239} INFO - Sync 1 DAGs
[2024-11-11T19:45:11.389+0000] {logging_mixin.py:190} INFO - [2024-11-11T19:45:11.388+0000] {dag.py:4180} INFO - Setting next_dagrun for example_dag_decorator to None, run_after=None
[2024-11-11T19:45:11.424+0000] {processor.py:208} INFO - Processing /home/airflow/.local/lib/python3.12/site-packages/airflow/example_dags/example_dag_decorator.py took 0.295 seconds
[2024-11-11T19:45:41.907+0000] {processor.py:186} INFO - Started process (PID=2628) to work on /home/airflow/.local/lib/python3.12/site-packages/airflow/example_dags/example_dag_decorator.py
[2024-11-11T19:45:41.909+0000] {processor.py:914} INFO - Processing file /home/airflow/.local/lib/python3.12/site-packages/airflow/example_dags/example_dag_decorator.py for tasks to queue
[2024-11-11T19:45:41.915+0000] {logging_mixin.py:190} INFO - [2024-11-11T19:45:41.914+0000] {dagbag.py:588} INFO - Filling up the DagBag from /home/airflow/.local/lib/python3.12/site-packages/airflow/example_dags/example_dag_decorator.py
[2024-11-11T19:45:41.948+0000] {processor.py:925} INFO - DAG(s) 'example_dag_decorator' retrieved from /home/airflow/.local/lib/python3.12/site-packages/airflow/example_dags/example_dag_decorator.py
[2024-11-11T19:45:42.331+0000] {logging_mixin.py:190} INFO - [2024-11-11T19:45:42.330+0000] {dag.py:3239} INFO - Sync 1 DAGs
[2024-11-11T19:45:42.368+0000] {logging_mixin.py:190} INFO - [2024-11-11T19:45:42.368+0000] {dag.py:4180} INFO - Setting next_dagrun for example_dag_decorator to None, run_after=None
[2024-11-11T19:45:42.423+0000] {processor.py:208} INFO - Processing /home/airflow/.local/lib/python3.12/site-packages/airflow/example_dags/example_dag_decorator.py took 0.534 seconds
[2024-11-11T19:46:13.379+0000] {processor.py:186} INFO - Started process (PID=2924) to work on /home/airflow/.local/lib/python3.12/site-packages/airflow/example_dags/example_dag_decorator.py
[2024-11-11T19:46:13.388+0000] {processor.py:914} INFO - Processing file /home/airflow/.local/lib/python3.12/site-packages/airflow/example_dags/example_dag_decorator.py for tasks to queue
[2024-11-11T19:46:13.398+0000] {logging_mixin.py:190} INFO - [2024-11-11T19:46:13.397+0000] {dagbag.py:588} INFO - Filling up the DagBag from /home/airflow/.local/lib/python3.12/site-packages/airflow/example_dags/example_dag_decorator.py
[2024-11-11T19:46:13.450+0000] {processor.py:925} INFO - DAG(s) 'example_dag_decorator' retrieved from /home/airflow/.local/lib/python3.12/site-packages/airflow/example_dags/example_dag_decorator.py
[2024-11-11T19:46:13.757+0000] {logging_mixin.py:190} INFO - [2024-11-11T19:46:13.756+0000] {dag.py:3239} INFO - Sync 1 DAGs
[2024-11-11T19:46:13.809+0000] {logging_mixin.py:190} INFO - [2024-11-11T19:46:13.808+0000] {dag.py:4180} INFO - Setting next_dagrun for example_dag_decorator to None, run_after=None
[2024-11-11T19:46:13.890+0000] {processor.py:208} INFO - Processing /home/airflow/.local/lib/python3.12/site-packages/airflow/example_dags/example_dag_decorator.py took 0.542 seconds
[2024-11-11T19:46:44.094+0000] {processor.py:186} INFO - Started process (PID=3218) to work on /home/airflow/.local/lib/python3.12/site-packages/airflow/example_dags/example_dag_decorator.py
[2024-11-11T19:46:44.097+0000] {processor.py:914} INFO - Processing file /home/airflow/.local/lib/python3.12/site-packages/airflow/example_dags/example_dag_decorator.py for tasks to queue
[2024-11-11T19:46:44.103+0000] {logging_mixin.py:190} INFO - [2024-11-11T19:46:44.102+0000] {dagbag.py:588} INFO - Filling up the DagBag from /home/airflow/.local/lib/python3.12/site-packages/airflow/example_dags/example_dag_decorator.py
[2024-11-11T19:46:44.137+0000] {processor.py:925} INFO - DAG(s) 'example_dag_decorator' retrieved from /home/airflow/.local/lib/python3.12/site-packages/airflow/example_dags/example_dag_decorator.py
[2024-11-11T19:46:44.437+0000] {logging_mixin.py:190} INFO - [2024-11-11T19:46:44.436+0000] {dag.py:3239} INFO - Sync 1 DAGs
[2024-11-11T19:46:44.479+0000] {logging_mixin.py:190} INFO - [2024-11-11T19:46:44.479+0000] {dag.py:4180} INFO - Setting next_dagrun for example_dag_decorator to None, run_after=None
[2024-11-11T19:46:44.539+0000] {processor.py:208} INFO - Processing /home/airflow/.local/lib/python3.12/site-packages/airflow/example_dags/example_dag_decorator.py took 0.463 seconds
[2024-11-11T19:47:14.816+0000] {processor.py:186} INFO - Started process (PID=3507) to work on /home/airflow/.local/lib/python3.12/site-packages/airflow/example_dags/example_dag_decorator.py
[2024-11-11T19:47:14.818+0000] {processor.py:914} INFO - Processing file /home/airflow/.local/lib/python3.12/site-packages/airflow/example_dags/example_dag_decorator.py for tasks to queue
[2024-11-11T19:47:14.824+0000] {logging_mixin.py:190} INFO - [2024-11-11T19:47:14.823+0000] {dagbag.py:588} INFO - Filling up the DagBag from /home/airflow/.local/lib/python3.12/site-packages/airflow/example_dags/example_dag_decorator.py
[2024-11-11T19:47:14.847+0000] {processor.py:925} INFO - DAG(s) 'example_dag_decorator' retrieved from /home/airflow/.local/lib/python3.12/site-packages/airflow/example_dags/example_dag_decorator.py
[2024-11-11T19:47:15.089+0000] {logging_mixin.py:190} INFO - [2024-11-11T19:47:15.087+0000] {dag.py:3239} INFO - Sync 1 DAGs
[2024-11-11T19:47:15.148+0000] {logging_mixin.py:190} INFO - [2024-11-11T19:47:15.147+0000] {dag.py:4180} INFO - Setting next_dagrun for example_dag_decorator to None, run_after=None
[2024-11-11T19:47:15.215+0000] {processor.py:208} INFO - Processing /home/airflow/.local/lib/python3.12/site-packages/airflow/example_dags/example_dag_decorator.py took 0.426 seconds
[2024-11-11T19:47:45.617+0000] {processor.py:186} INFO - Started process (PID=3802) to work on /home/airflow/.local/lib/python3.12/site-packages/airflow/example_dags/example_dag_decorator.py
[2024-11-11T19:47:45.619+0000] {processor.py:914} INFO - Processing file /home/airflow/.local/lib/python3.12/site-packages/airflow/example_dags/example_dag_decorator.py for tasks to queue
[2024-11-11T19:47:45.626+0000] {logging_mixin.py:190} INFO - [2024-11-11T19:47:45.625+0000] {dagbag.py:588} INFO - Filling up the DagBag from /home/airflow/.local/lib/python3.12/site-packages/airflow/example_dags/example_dag_decorator.py
[2024-11-11T19:47:45.659+0000] {processor.py:925} INFO - DAG(s) 'example_dag_decorator' retrieved from /home/airflow/.local/lib/python3.12/site-packages/airflow/example_dags/example_dag_decorator.py
[2024-11-11T19:47:45.725+0000] {logging_mixin.py:190} INFO - [2024-11-11T19:47:45.725+0000] {dag.py:3239} INFO - Sync 1 DAGs
[2024-11-11T19:47:45.770+0000] {logging_mixin.py:190} INFO - [2024-11-11T19:47:45.770+0000] {dag.py:4180} INFO - Setting next_dagrun for example_dag_decorator to None, run_after=None
[2024-11-11T19:47:45.825+0000] {processor.py:208} INFO - Processing /home/airflow/.local/lib/python3.12/site-packages/airflow/example_dags/example_dag_decorator.py took 0.300 seconds
[2024-11-11T19:48:16.242+0000] {processor.py:186} INFO - Started process (PID=4090) to work on /home/airflow/.local/lib/python3.12/site-packages/airflow/example_dags/example_dag_decorator.py
[2024-11-11T19:48:16.244+0000] {processor.py:914} INFO - Processing file /home/airflow/.local/lib/python3.12/site-packages/airflow/example_dags/example_dag_decorator.py for tasks to queue
[2024-11-11T19:48:16.249+0000] {logging_mixin.py:190} INFO - [2024-11-11T19:48:16.248+0000] {dagbag.py:588} INFO - Filling up the DagBag from /home/airflow/.local/lib/python3.12/site-packages/airflow/example_dags/example_dag_decorator.py
[2024-11-11T19:48:16.271+0000] {processor.py:925} INFO - DAG(s) 'example_dag_decorator' retrieved from /home/airflow/.local/lib/python3.12/site-packages/airflow/example_dags/example_dag_decorator.py
[2024-11-11T19:48:16.540+0000] {logging_mixin.py:190} INFO - [2024-11-11T19:48:16.539+0000] {dag.py:3239} INFO - Sync 1 DAGs
[2024-11-11T19:48:16.564+0000] {logging_mixin.py:190} INFO - [2024-11-11T19:48:16.564+0000] {dag.py:4180} INFO - Setting next_dagrun for example_dag_decorator to None, run_after=None
[2024-11-11T19:48:16.600+0000] {processor.py:208} INFO - Processing /home/airflow/.local/lib/python3.12/site-packages/airflow/example_dags/example_dag_decorator.py took 0.373 seconds
[2024-11-11T19:48:48.738+0000] {processor.py:186} INFO - Started process (PID=4369) to work on /home/airflow/.local/lib/python3.12/site-packages/airflow/example_dags/example_dag_decorator.py
[2024-11-11T19:48:48.740+0000] {processor.py:914} INFO - Processing file /home/airflow/.local/lib/python3.12/site-packages/airflow/example_dags/example_dag_decorator.py for tasks to queue
[2024-11-11T19:48:48.746+0000] {logging_mixin.py:190} INFO - [2024-11-11T19:48:48.745+0000] {dagbag.py:588} INFO - Filling up the DagBag from /home/airflow/.local/lib/python3.12/site-packages/airflow/example_dags/example_dag_decorator.py
[2024-11-11T19:48:48.773+0000] {processor.py:925} INFO - DAG(s) 'example_dag_decorator' retrieved from /home/airflow/.local/lib/python3.12/site-packages/airflow/example_dags/example_dag_decorator.py
[2024-11-11T19:48:49.023+0000] {logging_mixin.py:190} INFO - [2024-11-11T19:48:49.022+0000] {dag.py:3239} INFO - Sync 1 DAGs
[2024-11-11T19:48:49.085+0000] {logging_mixin.py:190} INFO - [2024-11-11T19:48:49.084+0000] {dag.py:4180} INFO - Setting next_dagrun for example_dag_decorator to None, run_after=None
[2024-11-11T19:48:49.167+0000] {processor.py:208} INFO - Processing /home/airflow/.local/lib/python3.12/site-packages/airflow/example_dags/example_dag_decorator.py took 0.452 seconds
[2024-11-11T19:49:20.068+0000] {processor.py:186} INFO - Started process (PID=4660) to work on /home/airflow/.local/lib/python3.12/site-packages/airflow/example_dags/example_dag_decorator.py
[2024-11-11T19:49:20.071+0000] {processor.py:914} INFO - Processing file /home/airflow/.local/lib/python3.12/site-packages/airflow/example_dags/example_dag_decorator.py for tasks to queue
[2024-11-11T19:49:20.077+0000] {logging_mixin.py:190} INFO - [2024-11-11T19:49:20.076+0000] {dagbag.py:588} INFO - Filling up the DagBag from /home/airflow/.local/lib/python3.12/site-packages/airflow/example_dags/example_dag_decorator.py
[2024-11-11T19:49:20.109+0000] {processor.py:925} INFO - DAG(s) 'example_dag_decorator' retrieved from /home/airflow/.local/lib/python3.12/site-packages/airflow/example_dags/example_dag_decorator.py
[2024-11-11T19:49:20.413+0000] {logging_mixin.py:190} INFO - [2024-11-11T19:49:20.412+0000] {dag.py:3239} INFO - Sync 1 DAGs
[2024-11-11T19:49:20.447+0000] {logging_mixin.py:190} INFO - [2024-11-11T19:49:20.447+0000] {dag.py:4180} INFO - Setting next_dagrun for example_dag_decorator to None, run_after=None
[2024-11-11T19:49:20.497+0000] {processor.py:208} INFO - Processing /home/airflow/.local/lib/python3.12/site-packages/airflow/example_dags/example_dag_decorator.py took 0.445 seconds
[2024-11-11T19:49:50.602+0000] {processor.py:186} INFO - Started process (PID=4948) to work on /home/airflow/.local/lib/python3.12/site-packages/airflow/example_dags/example_dag_decorator.py
[2024-11-11T19:49:50.603+0000] {processor.py:914} INFO - Processing file /home/airflow/.local/lib/python3.12/site-packages/airflow/example_dags/example_dag_decorator.py for tasks to queue
[2024-11-11T19:49:50.607+0000] {logging_mixin.py:190} INFO - [2024-11-11T19:49:50.606+0000] {dagbag.py:588} INFO - Filling up the DagBag from /home/airflow/.local/lib/python3.12/site-packages/airflow/example_dags/example_dag_decorator.py
[2024-11-11T19:49:50.627+0000] {processor.py:925} INFO - DAG(s) 'example_dag_decorator' retrieved from /home/airflow/.local/lib/python3.12/site-packages/airflow/example_dags/example_dag_decorator.py
[2024-11-11T19:49:50.872+0000] {logging_mixin.py:190} INFO - [2024-11-11T19:49:50.872+0000] {dag.py:3239} INFO - Sync 1 DAGs
[2024-11-11T19:49:50.901+0000] {logging_mixin.py:190} INFO - [2024-11-11T19:49:50.900+0000] {dag.py:4180} INFO - Setting next_dagrun for example_dag_decorator to None, run_after=None
[2024-11-11T19:49:50.947+0000] {processor.py:208} INFO - Processing /home/airflow/.local/lib/python3.12/site-packages/airflow/example_dags/example_dag_decorator.py took 0.355 seconds
[2024-11-11T19:50:25.340+0000] {processor.py:186} INFO - Started process (PID=5212) to work on /home/airflow/.local/lib/python3.12/site-packages/airflow/example_dags/example_dag_decorator.py
[2024-11-11T19:50:25.346+0000] {processor.py:914} INFO - Processing file /home/airflow/.local/lib/python3.12/site-packages/airflow/example_dags/example_dag_decorator.py for tasks to queue
[2024-11-11T19:50:25.352+0000] {logging_mixin.py:190} INFO - [2024-11-11T19:50:25.352+0000] {dagbag.py:588} INFO - Filling up the DagBag from /home/airflow/.local/lib/python3.12/site-packages/airflow/example_dags/example_dag_decorator.py
[2024-11-11T19:50:25.378+0000] {processor.py:925} INFO - DAG(s) 'example_dag_decorator' retrieved from /home/airflow/.local/lib/python3.12/site-packages/airflow/example_dags/example_dag_decorator.py
[2024-11-11T19:50:25.788+0000] {logging_mixin.py:190} INFO - [2024-11-11T19:50:25.787+0000] {dag.py:3239} INFO - Sync 1 DAGs
[2024-11-11T19:50:25.847+0000] {logging_mixin.py:190} INFO - [2024-11-11T19:50:25.847+0000] {dag.py:4180} INFO - Setting next_dagrun for example_dag_decorator to None, run_after=None
[2024-11-11T19:50:25.936+0000] {processor.py:208} INFO - Processing /home/airflow/.local/lib/python3.12/site-packages/airflow/example_dags/example_dag_decorator.py took 0.615 seconds
[2024-11-11T19:50:56.329+0000] {processor.py:186} INFO - Started process (PID=5495) to work on /home/airflow/.local/lib/python3.12/site-packages/airflow/example_dags/example_dag_decorator.py
[2024-11-11T19:50:56.333+0000] {processor.py:914} INFO - Processing file /home/airflow/.local/lib/python3.12/site-packages/airflow/example_dags/example_dag_decorator.py for tasks to queue
[2024-11-11T19:50:56.343+0000] {logging_mixin.py:190} INFO - [2024-11-11T19:50:56.342+0000] {dagbag.py:588} INFO - Filling up the DagBag from /home/airflow/.local/lib/python3.12/site-packages/airflow/example_dags/example_dag_decorator.py
[2024-11-11T19:50:56.388+0000] {processor.py:925} INFO - DAG(s) 'example_dag_decorator' retrieved from /home/airflow/.local/lib/python3.12/site-packages/airflow/example_dags/example_dag_decorator.py
[2024-11-11T19:50:56.654+0000] {logging_mixin.py:190} INFO - [2024-11-11T19:50:56.653+0000] {dag.py:3239} INFO - Sync 1 DAGs
[2024-11-11T19:50:56.686+0000] {logging_mixin.py:190} INFO - [2024-11-11T19:50:56.686+0000] {dag.py:4180} INFO - Setting next_dagrun for example_dag_decorator to None, run_after=None
[2024-11-11T19:50:56.730+0000] {processor.py:208} INFO - Processing /home/airflow/.local/lib/python3.12/site-packages/airflow/example_dags/example_dag_decorator.py took 0.431 seconds
[2024-11-11T19:51:27.379+0000] {processor.py:186} INFO - Started process (PID=5787) to work on /home/airflow/.local/lib/python3.12/site-packages/airflow/example_dags/example_dag_decorator.py
[2024-11-11T19:51:27.382+0000] {processor.py:914} INFO - Processing file /home/airflow/.local/lib/python3.12/site-packages/airflow/example_dags/example_dag_decorator.py for tasks to queue
[2024-11-11T19:51:27.388+0000] {logging_mixin.py:190} INFO - [2024-11-11T19:51:27.387+0000] {dagbag.py:588} INFO - Filling up the DagBag from /home/airflow/.local/lib/python3.12/site-packages/airflow/example_dags/example_dag_decorator.py
[2024-11-11T19:51:27.413+0000] {processor.py:925} INFO - DAG(s) 'example_dag_decorator' retrieved from /home/airflow/.local/lib/python3.12/site-packages/airflow/example_dags/example_dag_decorator.py
[2024-11-11T19:51:27.603+0000] {logging_mixin.py:190} INFO - [2024-11-11T19:51:27.603+0000] {dag.py:3239} INFO - Sync 1 DAGs
[2024-11-11T19:51:27.625+0000] {logging_mixin.py:190} INFO - [2024-11-11T19:51:27.625+0000] {dag.py:4180} INFO - Setting next_dagrun for example_dag_decorator to None, run_after=None
[2024-11-11T19:51:27.656+0000] {processor.py:208} INFO - Processing /home/airflow/.local/lib/python3.12/site-packages/airflow/example_dags/example_dag_decorator.py took 0.295 seconds
[2024-11-11T19:51:57.897+0000] {processor.py:186} INFO - Started process (PID=6083) to work on /home/airflow/.local/lib/python3.12/site-packages/airflow/example_dags/example_dag_decorator.py
[2024-11-11T19:51:57.900+0000] {processor.py:914} INFO - Processing file /home/airflow/.local/lib/python3.12/site-packages/airflow/example_dags/example_dag_decorator.py for tasks to queue
[2024-11-11T19:51:57.907+0000] {logging_mixin.py:190} INFO - [2024-11-11T19:51:57.906+0000] {dagbag.py:588} INFO - Filling up the DagBag from /home/airflow/.local/lib/python3.12/site-packages/airflow/example_dags/example_dag_decorator.py
[2024-11-11T19:51:57.957+0000] {processor.py:925} INFO - DAG(s) 'example_dag_decorator' retrieved from /home/airflow/.local/lib/python3.12/site-packages/airflow/example_dags/example_dag_decorator.py
[2024-11-11T19:51:58.429+0000] {logging_mixin.py:190} INFO - [2024-11-11T19:51:58.429+0000] {dag.py:3239} INFO - Sync 1 DAGs
[2024-11-11T19:51:58.475+0000] {logging_mixin.py:190} INFO - [2024-11-11T19:51:58.475+0000] {dag.py:4180} INFO - Setting next_dagrun for example_dag_decorator to None, run_after=None
[2024-11-11T19:51:58.537+0000] {processor.py:208} INFO - Processing /home/airflow/.local/lib/python3.12/site-packages/airflow/example_dags/example_dag_decorator.py took 0.655 seconds
[2024-11-11T19:52:28.995+0000] {processor.py:186} INFO - Started process (PID=6372) to work on /home/airflow/.local/lib/python3.12/site-packages/airflow/example_dags/example_dag_decorator.py
[2024-11-11T19:52:28.997+0000] {processor.py:914} INFO - Processing file /home/airflow/.local/lib/python3.12/site-packages/airflow/example_dags/example_dag_decorator.py for tasks to queue
[2024-11-11T19:52:29.000+0000] {logging_mixin.py:190} INFO - [2024-11-11T19:52:29.000+0000] {dagbag.py:588} INFO - Filling up the DagBag from /home/airflow/.local/lib/python3.12/site-packages/airflow/example_dags/example_dag_decorator.py
[2024-11-11T19:52:29.020+0000] {processor.py:925} INFO - DAG(s) 'example_dag_decorator' retrieved from /home/airflow/.local/lib/python3.12/site-packages/airflow/example_dags/example_dag_decorator.py
[2024-11-11T19:52:29.219+0000] {logging_mixin.py:190} INFO - [2024-11-11T19:52:29.219+0000] {dag.py:3239} INFO - Sync 1 DAGs
[2024-11-11T19:52:29.239+0000] {logging_mixin.py:190} INFO - [2024-11-11T19:52:29.238+0000] {dag.py:4180} INFO - Setting next_dagrun for example_dag_decorator to None, run_after=None
[2024-11-11T19:52:29.271+0000] {processor.py:208} INFO - Processing /home/airflow/.local/lib/python3.12/site-packages/airflow/example_dags/example_dag_decorator.py took 0.286 seconds
[2024-11-11T19:52:59.824+0000] {processor.py:186} INFO - Started process (PID=6660) to work on /home/airflow/.local/lib/python3.12/site-packages/airflow/example_dags/example_dag_decorator.py
[2024-11-11T19:52:59.831+0000] {processor.py:914} INFO - Processing file /home/airflow/.local/lib/python3.12/site-packages/airflow/example_dags/example_dag_decorator.py for tasks to queue
[2024-11-11T19:52:59.860+0000] {logging_mixin.py:190} INFO - [2024-11-11T19:52:59.855+0000] {dagbag.py:588} INFO - Filling up the DagBag from /home/airflow/.local/lib/python3.12/site-packages/airflow/example_dags/example_dag_decorator.py
[2024-11-11T19:52:59.948+0000] {processor.py:925} INFO - DAG(s) 'example_dag_decorator' retrieved from /home/airflow/.local/lib/python3.12/site-packages/airflow/example_dags/example_dag_decorator.py
[2024-11-11T19:53:00.191+0000] {logging_mixin.py:190} INFO - [2024-11-11T19:53:00.191+0000] {dag.py:3239} INFO - Sync 1 DAGs
[2024-11-11T19:53:00.211+0000] {logging_mixin.py:190} INFO - [2024-11-11T19:53:00.211+0000] {dag.py:4180} INFO - Setting next_dagrun for example_dag_decorator to None, run_after=None
[2024-11-11T19:53:00.247+0000] {processor.py:208} INFO - Processing /home/airflow/.local/lib/python3.12/site-packages/airflow/example_dags/example_dag_decorator.py took 0.466 seconds
[2024-11-11T19:53:30.645+0000] {processor.py:186} INFO - Started process (PID=6944) to work on /home/airflow/.local/lib/python3.12/site-packages/airflow/example_dags/example_dag_decorator.py
[2024-11-11T19:53:30.649+0000] {processor.py:914} INFO - Processing file /home/airflow/.local/lib/python3.12/site-packages/airflow/example_dags/example_dag_decorator.py for tasks to queue
[2024-11-11T19:53:30.657+0000] {logging_mixin.py:190} INFO - [2024-11-11T19:53:30.656+0000] {dagbag.py:588} INFO - Filling up the DagBag from /home/airflow/.local/lib/python3.12/site-packages/airflow/example_dags/example_dag_decorator.py
[2024-11-11T19:53:30.704+0000] {processor.py:925} INFO - DAG(s) 'example_dag_decorator' retrieved from /home/airflow/.local/lib/python3.12/site-packages/airflow/example_dags/example_dag_decorator.py
[2024-11-11T19:53:31.087+0000] {logging_mixin.py:190} INFO - [2024-11-11T19:53:31.087+0000] {dag.py:3239} INFO - Sync 1 DAGs
[2024-11-11T19:53:31.118+0000] {logging_mixin.py:190} INFO - [2024-11-11T19:53:31.117+0000] {dag.py:4180} INFO - Setting next_dagrun for example_dag_decorator to None, run_after=None
[2024-11-11T19:53:31.163+0000] {processor.py:208} INFO - Processing /home/airflow/.local/lib/python3.12/site-packages/airflow/example_dags/example_dag_decorator.py took 0.542 seconds
[2024-11-11T19:54:01.990+0000] {processor.py:186} INFO - Started process (PID=7235) to work on /home/airflow/.local/lib/python3.12/site-packages/airflow/example_dags/example_dag_decorator.py
[2024-11-11T19:54:01.996+0000] {processor.py:914} INFO - Processing file /home/airflow/.local/lib/python3.12/site-packages/airflow/example_dags/example_dag_decorator.py for tasks to queue
[2024-11-11T19:54:02.000+0000] {logging_mixin.py:190} INFO - [2024-11-11T19:54:02.000+0000] {dagbag.py:588} INFO - Filling up the DagBag from /home/airflow/.local/lib/python3.12/site-packages/airflow/example_dags/example_dag_decorator.py
[2024-11-11T19:54:02.024+0000] {processor.py:925} INFO - DAG(s) 'example_dag_decorator' retrieved from /home/airflow/.local/lib/python3.12/site-packages/airflow/example_dags/example_dag_decorator.py
[2024-11-11T19:54:02.262+0000] {logging_mixin.py:190} INFO - [2024-11-11T19:54:02.261+0000] {dag.py:3239} INFO - Sync 1 DAGs
[2024-11-11T19:54:02.305+0000] {logging_mixin.py:190} INFO - [2024-11-11T19:54:02.305+0000] {dag.py:4180} INFO - Setting next_dagrun for example_dag_decorator to None, run_after=None
[2024-11-11T19:54:02.356+0000] {processor.py:208} INFO - Processing /home/airflow/.local/lib/python3.12/site-packages/airflow/example_dags/example_dag_decorator.py took 0.382 seconds
[2024-11-11T19:54:32.652+0000] {processor.py:186} INFO - Started process (PID=7523) to work on /home/airflow/.local/lib/python3.12/site-packages/airflow/example_dags/example_dag_decorator.py
[2024-11-11T19:54:32.656+0000] {processor.py:914} INFO - Processing file /home/airflow/.local/lib/python3.12/site-packages/airflow/example_dags/example_dag_decorator.py for tasks to queue
[2024-11-11T19:54:32.662+0000] {logging_mixin.py:190} INFO - [2024-11-11T19:54:32.661+0000] {dagbag.py:588} INFO - Filling up the DagBag from /home/airflow/.local/lib/python3.12/site-packages/airflow/example_dags/example_dag_decorator.py
[2024-11-11T19:54:32.696+0000] {processor.py:925} INFO - DAG(s) 'example_dag_decorator' retrieved from /home/airflow/.local/lib/python3.12/site-packages/airflow/example_dags/example_dag_decorator.py
[2024-11-11T19:54:33.050+0000] {logging_mixin.py:190} INFO - [2024-11-11T19:54:33.049+0000] {dag.py:3239} INFO - Sync 1 DAGs
[2024-11-11T19:54:33.082+0000] {logging_mixin.py:190} INFO - [2024-11-11T19:54:33.082+0000] {dag.py:4180} INFO - Setting next_dagrun for example_dag_decorator to None, run_after=None
[2024-11-11T19:54:33.145+0000] {processor.py:208} INFO - Processing /home/airflow/.local/lib/python3.12/site-packages/airflow/example_dags/example_dag_decorator.py took 0.526 seconds
[2024-11-11T19:55:03.625+0000] {processor.py:186} INFO - Started process (PID=7815) to work on /home/airflow/.local/lib/python3.12/site-packages/airflow/example_dags/example_dag_decorator.py
[2024-11-11T19:55:03.627+0000] {processor.py:914} INFO - Processing file /home/airflow/.local/lib/python3.12/site-packages/airflow/example_dags/example_dag_decorator.py for tasks to queue
[2024-11-11T19:55:03.632+0000] {logging_mixin.py:190} INFO - [2024-11-11T19:55:03.632+0000] {dagbag.py:588} INFO - Filling up the DagBag from /home/airflow/.local/lib/python3.12/site-packages/airflow/example_dags/example_dag_decorator.py
[2024-11-11T19:55:03.658+0000] {processor.py:925} INFO - DAG(s) 'example_dag_decorator' retrieved from /home/airflow/.local/lib/python3.12/site-packages/airflow/example_dags/example_dag_decorator.py
[2024-11-11T19:55:03.928+0000] {logging_mixin.py:190} INFO - [2024-11-11T19:55:03.927+0000] {dag.py:3239} INFO - Sync 1 DAGs
[2024-11-11T19:55:03.962+0000] {logging_mixin.py:190} INFO - [2024-11-11T19:55:03.961+0000] {dag.py:4180} INFO - Setting next_dagrun for example_dag_decorator to None, run_after=None
[2024-11-11T19:55:04.006+0000] {processor.py:208} INFO - Processing /home/airflow/.local/lib/python3.12/site-packages/airflow/example_dags/example_dag_decorator.py took 0.395 seconds
[2024-11-11T19:55:34.297+0000] {processor.py:186} INFO - Started process (PID=8112) to work on /home/airflow/.local/lib/python3.12/site-packages/airflow/example_dags/example_dag_decorator.py
[2024-11-11T19:55:34.300+0000] {processor.py:914} INFO - Processing file /home/airflow/.local/lib/python3.12/site-packages/airflow/example_dags/example_dag_decorator.py for tasks to queue
[2024-11-11T19:55:34.313+0000] {logging_mixin.py:190} INFO - [2024-11-11T19:55:34.311+0000] {dagbag.py:588} INFO - Filling up the DagBag from /home/airflow/.local/lib/python3.12/site-packages/airflow/example_dags/example_dag_decorator.py
[2024-11-11T19:55:34.387+0000] {processor.py:925} INFO - DAG(s) 'example_dag_decorator' retrieved from /home/airflow/.local/lib/python3.12/site-packages/airflow/example_dags/example_dag_decorator.py
[2024-11-11T19:55:34.701+0000] {logging_mixin.py:190} INFO - [2024-11-11T19:55:34.700+0000] {dag.py:3239} INFO - Sync 1 DAGs
[2024-11-11T19:55:34.739+0000] {logging_mixin.py:190} INFO - [2024-11-11T19:55:34.738+0000] {dag.py:4180} INFO - Setting next_dagrun for example_dag_decorator to None, run_after=None
[2024-11-11T19:55:34.770+0000] {processor.py:208} INFO - Processing /home/airflow/.local/lib/python3.12/site-packages/airflow/example_dags/example_dag_decorator.py took 0.502 seconds
[2024-11-11T19:56:04.868+0000] {processor.py:186} INFO - Started process (PID=8404) to work on /home/airflow/.local/lib/python3.12/site-packages/airflow/example_dags/example_dag_decorator.py
[2024-11-11T19:56:04.870+0000] {processor.py:914} INFO - Processing file /home/airflow/.local/lib/python3.12/site-packages/airflow/example_dags/example_dag_decorator.py for tasks to queue
[2024-11-11T19:56:04.874+0000] {logging_mixin.py:190} INFO - [2024-11-11T19:56:04.874+0000] {dagbag.py:588} INFO - Filling up the DagBag from /home/airflow/.local/lib/python3.12/site-packages/airflow/example_dags/example_dag_decorator.py
[2024-11-11T19:56:04.901+0000] {processor.py:925} INFO - DAG(s) 'example_dag_decorator' retrieved from /home/airflow/.local/lib/python3.12/site-packages/airflow/example_dags/example_dag_decorator.py
[2024-11-11T19:56:05.162+0000] {logging_mixin.py:190} INFO - [2024-11-11T19:56:05.162+0000] {dag.py:3239} INFO - Sync 1 DAGs
[2024-11-11T19:56:05.194+0000] {logging_mixin.py:190} INFO - [2024-11-11T19:56:05.194+0000] {dag.py:4180} INFO - Setting next_dagrun for example_dag_decorator to None, run_after=None
[2024-11-11T19:56:05.253+0000] {processor.py:208} INFO - Processing /home/airflow/.local/lib/python3.12/site-packages/airflow/example_dags/example_dag_decorator.py took 0.400 seconds
[2024-11-11T19:56:35.632+0000] {processor.py:186} INFO - Started process (PID=8698) to work on /home/airflow/.local/lib/python3.12/site-packages/airflow/example_dags/example_dag_decorator.py
[2024-11-11T19:56:35.635+0000] {processor.py:914} INFO - Processing file /home/airflow/.local/lib/python3.12/site-packages/airflow/example_dags/example_dag_decorator.py for tasks to queue
[2024-11-11T19:56:35.640+0000] {logging_mixin.py:190} INFO - [2024-11-11T19:56:35.639+0000] {dagbag.py:588} INFO - Filling up the DagBag from /home/airflow/.local/lib/python3.12/site-packages/airflow/example_dags/example_dag_decorator.py
[2024-11-11T19:56:35.679+0000] {processor.py:925} INFO - DAG(s) 'example_dag_decorator' retrieved from /home/airflow/.local/lib/python3.12/site-packages/airflow/example_dags/example_dag_decorator.py
[2024-11-11T19:56:36.002+0000] {logging_mixin.py:190} INFO - [2024-11-11T19:56:36.001+0000] {dag.py:3239} INFO - Sync 1 DAGs
[2024-11-11T19:56:36.030+0000] {logging_mixin.py:190} INFO - [2024-11-11T19:56:36.030+0000] {dag.py:4180} INFO - Setting next_dagrun for example_dag_decorator to None, run_after=None
[2024-11-11T19:56:36.068+0000] {processor.py:208} INFO - Processing /home/airflow/.local/lib/python3.12/site-packages/airflow/example_dags/example_dag_decorator.py took 0.460 seconds
[2024-11-11T19:57:06.740+0000] {processor.py:186} INFO - Started process (PID=8986) to work on /home/airflow/.local/lib/python3.12/site-packages/airflow/example_dags/example_dag_decorator.py
[2024-11-11T19:57:06.744+0000] {processor.py:914} INFO - Processing file /home/airflow/.local/lib/python3.12/site-packages/airflow/example_dags/example_dag_decorator.py for tasks to queue
[2024-11-11T19:57:06.752+0000] {logging_mixin.py:190} INFO - [2024-11-11T19:57:06.751+0000] {dagbag.py:588} INFO - Filling up the DagBag from /home/airflow/.local/lib/python3.12/site-packages/airflow/example_dags/example_dag_decorator.py
[2024-11-11T19:57:06.793+0000] {processor.py:925} INFO - DAG(s) 'example_dag_decorator' retrieved from /home/airflow/.local/lib/python3.12/site-packages/airflow/example_dags/example_dag_decorator.py
[2024-11-11T19:57:06.991+0000] {logging_mixin.py:190} INFO - [2024-11-11T19:57:06.991+0000] {dag.py:3239} INFO - Sync 1 DAGs
[2024-11-11T19:57:07.012+0000] {logging_mixin.py:190} INFO - [2024-11-11T19:57:07.012+0000] {dag.py:4180} INFO - Setting next_dagrun for example_dag_decorator to None, run_after=None
[2024-11-11T19:57:07.047+0000] {processor.py:208} INFO - Processing /home/airflow/.local/lib/python3.12/site-packages/airflow/example_dags/example_dag_decorator.py took 0.332 seconds
[2024-11-11T19:57:37.589+0000] {processor.py:186} INFO - Started process (PID=9277) to work on /home/airflow/.local/lib/python3.12/site-packages/airflow/example_dags/example_dag_decorator.py
[2024-11-11T19:57:37.598+0000] {processor.py:914} INFO - Processing file /home/airflow/.local/lib/python3.12/site-packages/airflow/example_dags/example_dag_decorator.py for tasks to queue
[2024-11-11T19:57:37.603+0000] {logging_mixin.py:190} INFO - [2024-11-11T19:57:37.603+0000] {dagbag.py:588} INFO - Filling up the DagBag from /home/airflow/.local/lib/python3.12/site-packages/airflow/example_dags/example_dag_decorator.py
[2024-11-11T19:57:37.629+0000] {processor.py:925} INFO - DAG(s) 'example_dag_decorator' retrieved from /home/airflow/.local/lib/python3.12/site-packages/airflow/example_dags/example_dag_decorator.py
[2024-11-11T19:57:37.905+0000] {logging_mixin.py:190} INFO - [2024-11-11T19:57:37.905+0000] {dag.py:3239} INFO - Sync 1 DAGs
[2024-11-11T19:57:37.953+0000] {logging_mixin.py:190} INFO - [2024-11-11T19:57:37.952+0000] {dag.py:4180} INFO - Setting next_dagrun for example_dag_decorator to None, run_after=None
[2024-11-11T19:57:38.019+0000] {processor.py:208} INFO - Processing /home/airflow/.local/lib/python3.12/site-packages/airflow/example_dags/example_dag_decorator.py took 0.450 seconds
[2024-11-11T19:58:08.230+0000] {processor.py:186} INFO - Started process (PID=9571) to work on /home/airflow/.local/lib/python3.12/site-packages/airflow/example_dags/example_dag_decorator.py
[2024-11-11T19:58:08.236+0000] {processor.py:914} INFO - Processing file /home/airflow/.local/lib/python3.12/site-packages/airflow/example_dags/example_dag_decorator.py for tasks to queue
[2024-11-11T19:58:08.241+0000] {logging_mixin.py:190} INFO - [2024-11-11T19:58:08.240+0000] {dagbag.py:588} INFO - Filling up the DagBag from /home/airflow/.local/lib/python3.12/site-packages/airflow/example_dags/example_dag_decorator.py
[2024-11-11T19:58:08.268+0000] {processor.py:925} INFO - DAG(s) 'example_dag_decorator' retrieved from /home/airflow/.local/lib/python3.12/site-packages/airflow/example_dags/example_dag_decorator.py
[2024-11-11T19:58:08.655+0000] {logging_mixin.py:190} INFO - [2024-11-11T19:58:08.654+0000] {dag.py:3239} INFO - Sync 1 DAGs
[2024-11-11T19:58:08.689+0000] {logging_mixin.py:190} INFO - [2024-11-11T19:58:08.689+0000] {dag.py:4180} INFO - Setting next_dagrun for example_dag_decorator to None, run_after=None
[2024-11-11T19:58:08.731+0000] {processor.py:208} INFO - Processing /home/airflow/.local/lib/python3.12/site-packages/airflow/example_dags/example_dag_decorator.py took 0.516 seconds
[2024-11-11T19:58:39.034+0000] {processor.py:186} INFO - Started process (PID=9869) to work on /home/airflow/.local/lib/python3.12/site-packages/airflow/example_dags/example_dag_decorator.py
[2024-11-11T19:58:39.036+0000] {processor.py:914} INFO - Processing file /home/airflow/.local/lib/python3.12/site-packages/airflow/example_dags/example_dag_decorator.py for tasks to queue
[2024-11-11T19:58:39.043+0000] {logging_mixin.py:190} INFO - [2024-11-11T19:58:39.042+0000] {dagbag.py:588} INFO - Filling up the DagBag from /home/airflow/.local/lib/python3.12/site-packages/airflow/example_dags/example_dag_decorator.py
[2024-11-11T19:58:39.089+0000] {processor.py:925} INFO - DAG(s) 'example_dag_decorator' retrieved from /home/airflow/.local/lib/python3.12/site-packages/airflow/example_dags/example_dag_decorator.py
[2024-11-11T19:58:39.459+0000] {logging_mixin.py:190} INFO - [2024-11-11T19:58:39.459+0000] {dag.py:3239} INFO - Sync 1 DAGs
[2024-11-11T19:58:39.488+0000] {logging_mixin.py:190} INFO - [2024-11-11T19:58:39.487+0000] {dag.py:4180} INFO - Setting next_dagrun for example_dag_decorator to None, run_after=None
[2024-11-11T19:58:39.540+0000] {processor.py:208} INFO - Processing /home/airflow/.local/lib/python3.12/site-packages/airflow/example_dags/example_dag_decorator.py took 0.523 seconds
[2024-11-11T19:59:09.754+0000] {processor.py:186} INFO - Started process (PID=10158) to work on /home/airflow/.local/lib/python3.12/site-packages/airflow/example_dags/example_dag_decorator.py
[2024-11-11T19:59:09.756+0000] {processor.py:914} INFO - Processing file /home/airflow/.local/lib/python3.12/site-packages/airflow/example_dags/example_dag_decorator.py for tasks to queue
[2024-11-11T19:59:09.760+0000] {logging_mixin.py:190} INFO - [2024-11-11T19:59:09.760+0000] {dagbag.py:588} INFO - Filling up the DagBag from /home/airflow/.local/lib/python3.12/site-packages/airflow/example_dags/example_dag_decorator.py
[2024-11-11T19:59:09.785+0000] {processor.py:925} INFO - DAG(s) 'example_dag_decorator' retrieved from /home/airflow/.local/lib/python3.12/site-packages/airflow/example_dags/example_dag_decorator.py
[2024-11-11T19:59:10.079+0000] {logging_mixin.py:190} INFO - [2024-11-11T19:59:10.078+0000] {dag.py:3239} INFO - Sync 1 DAGs
[2024-11-11T19:59:10.104+0000] {logging_mixin.py:190} INFO - [2024-11-11T19:59:10.104+0000] {dag.py:4180} INFO - Setting next_dagrun for example_dag_decorator to None, run_after=None
[2024-11-11T19:59:10.141+0000] {processor.py:208} INFO - Processing /home/airflow/.local/lib/python3.12/site-packages/airflow/example_dags/example_dag_decorator.py took 0.402 seconds
[2024-11-11T19:59:41.456+0000] {processor.py:186} INFO - Started process (PID=10439) to work on /home/airflow/.local/lib/python3.12/site-packages/airflow/example_dags/example_dag_decorator.py
[2024-11-11T19:59:41.458+0000] {processor.py:914} INFO - Processing file /home/airflow/.local/lib/python3.12/site-packages/airflow/example_dags/example_dag_decorator.py for tasks to queue
[2024-11-11T19:59:41.465+0000] {logging_mixin.py:190} INFO - [2024-11-11T19:59:41.464+0000] {dagbag.py:588} INFO - Filling up the DagBag from /home/airflow/.local/lib/python3.12/site-packages/airflow/example_dags/example_dag_decorator.py
[2024-11-11T19:59:41.520+0000] {processor.py:925} INFO - DAG(s) 'example_dag_decorator' retrieved from /home/airflow/.local/lib/python3.12/site-packages/airflow/example_dags/example_dag_decorator.py
[2024-11-11T19:59:42.156+0000] {logging_mixin.py:190} INFO - [2024-11-11T19:59:42.155+0000] {dag.py:3239} INFO - Sync 1 DAGs
[2024-11-11T19:59:42.247+0000] {logging_mixin.py:190} INFO - [2024-11-11T19:59:42.246+0000] {dag.py:4180} INFO - Setting next_dagrun for example_dag_decorator to None, run_after=None
[2024-11-11T19:59:42.317+0000] {processor.py:208} INFO - Processing /home/airflow/.local/lib/python3.12/site-packages/airflow/example_dags/example_dag_decorator.py took 0.887 seconds
[2024-11-11T20:00:12.418+0000] {processor.py:186} INFO - Started process (PID=10730) to work on /home/airflow/.local/lib/python3.12/site-packages/airflow/example_dags/example_dag_decorator.py
[2024-11-11T20:00:12.420+0000] {processor.py:914} INFO - Processing file /home/airflow/.local/lib/python3.12/site-packages/airflow/example_dags/example_dag_decorator.py for tasks to queue
[2024-11-11T20:00:12.424+0000] {logging_mixin.py:190} INFO - [2024-11-11T20:00:12.423+0000] {dagbag.py:588} INFO - Filling up the DagBag from /home/airflow/.local/lib/python3.12/site-packages/airflow/example_dags/example_dag_decorator.py
[2024-11-11T20:00:12.447+0000] {processor.py:925} INFO - DAG(s) 'example_dag_decorator' retrieved from /home/airflow/.local/lib/python3.12/site-packages/airflow/example_dags/example_dag_decorator.py
[2024-11-11T20:00:12.718+0000] {logging_mixin.py:190} INFO - [2024-11-11T20:00:12.718+0000] {dag.py:3239} INFO - Sync 1 DAGs
[2024-11-11T20:00:12.744+0000] {logging_mixin.py:190} INFO - [2024-11-11T20:00:12.744+0000] {dag.py:4180} INFO - Setting next_dagrun for example_dag_decorator to None, run_after=None
[2024-11-11T20:00:12.787+0000] {processor.py:208} INFO - Processing /home/airflow/.local/lib/python3.12/site-packages/airflow/example_dags/example_dag_decorator.py took 0.381 seconds
[2024-11-11T20:00:42.968+0000] {processor.py:186} INFO - Started process (PID=11016) to work on /home/airflow/.local/lib/python3.12/site-packages/airflow/example_dags/example_dag_decorator.py
[2024-11-11T20:00:42.972+0000] {processor.py:914} INFO - Processing file /home/airflow/.local/lib/python3.12/site-packages/airflow/example_dags/example_dag_decorator.py for tasks to queue
[2024-11-11T20:00:42.981+0000] {logging_mixin.py:190} INFO - [2024-11-11T20:00:42.980+0000] {dagbag.py:588} INFO - Filling up the DagBag from /home/airflow/.local/lib/python3.12/site-packages/airflow/example_dags/example_dag_decorator.py
[2024-11-11T20:00:43.038+0000] {processor.py:925} INFO - DAG(s) 'example_dag_decorator' retrieved from /home/airflow/.local/lib/python3.12/site-packages/airflow/example_dags/example_dag_decorator.py
[2024-11-11T20:00:43.474+0000] {logging_mixin.py:190} INFO - [2024-11-11T20:00:43.473+0000] {dag.py:3239} INFO - Sync 1 DAGs
[2024-11-11T20:00:43.493+0000] {logging_mixin.py:190} INFO - [2024-11-11T20:00:43.493+0000] {dag.py:4180} INFO - Setting next_dagrun for example_dag_decorator to None, run_after=None
[2024-11-11T20:00:43.523+0000] {processor.py:208} INFO - Processing /home/airflow/.local/lib/python3.12/site-packages/airflow/example_dags/example_dag_decorator.py took 0.585 seconds
[2024-11-11T20:01:13.785+0000] {processor.py:186} INFO - Started process (PID=11309) to work on /home/airflow/.local/lib/python3.12/site-packages/airflow/example_dags/example_dag_decorator.py
[2024-11-11T20:01:13.787+0000] {processor.py:914} INFO - Processing file /home/airflow/.local/lib/python3.12/site-packages/airflow/example_dags/example_dag_decorator.py for tasks to queue
[2024-11-11T20:01:13.795+0000] {logging_mixin.py:190} INFO - [2024-11-11T20:01:13.794+0000] {dagbag.py:588} INFO - Filling up the DagBag from /home/airflow/.local/lib/python3.12/site-packages/airflow/example_dags/example_dag_decorator.py
[2024-11-11T20:01:13.823+0000] {processor.py:925} INFO - DAG(s) 'example_dag_decorator' retrieved from /home/airflow/.local/lib/python3.12/site-packages/airflow/example_dags/example_dag_decorator.py
[2024-11-11T20:01:14.016+0000] {logging_mixin.py:190} INFO - [2024-11-11T20:01:14.016+0000] {dag.py:3239} INFO - Sync 1 DAGs
[2024-11-11T20:01:14.035+0000] {logging_mixin.py:190} INFO - [2024-11-11T20:01:14.035+0000] {dag.py:4180} INFO - Setting next_dagrun for example_dag_decorator to None, run_after=None
[2024-11-11T20:01:14.069+0000] {processor.py:208} INFO - Processing /home/airflow/.local/lib/python3.12/site-packages/airflow/example_dags/example_dag_decorator.py took 0.298 seconds
[2024-11-11T20:01:44.302+0000] {processor.py:186} INFO - Started process (PID=11599) to work on /home/airflow/.local/lib/python3.12/site-packages/airflow/example_dags/example_dag_decorator.py
[2024-11-11T20:01:44.304+0000] {processor.py:914} INFO - Processing file /home/airflow/.local/lib/python3.12/site-packages/airflow/example_dags/example_dag_decorator.py for tasks to queue
[2024-11-11T20:01:44.309+0000] {logging_mixin.py:190} INFO - [2024-11-11T20:01:44.308+0000] {dagbag.py:588} INFO - Filling up the DagBag from /home/airflow/.local/lib/python3.12/site-packages/airflow/example_dags/example_dag_decorator.py
[2024-11-11T20:01:44.344+0000] {processor.py:925} INFO - DAG(s) 'example_dag_decorator' retrieved from /home/airflow/.local/lib/python3.12/site-packages/airflow/example_dags/example_dag_decorator.py
[2024-11-11T20:01:44.623+0000] {logging_mixin.py:190} INFO - [2024-11-11T20:01:44.622+0000] {dag.py:3239} INFO - Sync 1 DAGs
[2024-11-11T20:01:44.654+0000] {logging_mixin.py:190} INFO - [2024-11-11T20:01:44.653+0000] {dag.py:4180} INFO - Setting next_dagrun for example_dag_decorator to None, run_after=None
[2024-11-11T20:01:44.710+0000] {processor.py:208} INFO - Processing /home/airflow/.local/lib/python3.12/site-packages/airflow/example_dags/example_dag_decorator.py took 0.423 seconds
[2024-11-11T20:02:14.876+0000] {processor.py:186} INFO - Started process (PID=11882) to work on /home/airflow/.local/lib/python3.12/site-packages/airflow/example_dags/example_dag_decorator.py
[2024-11-11T20:02:14.882+0000] {processor.py:914} INFO - Processing file /home/airflow/.local/lib/python3.12/site-packages/airflow/example_dags/example_dag_decorator.py for tasks to queue
[2024-11-11T20:02:14.903+0000] {logging_mixin.py:190} INFO - [2024-11-11T20:02:14.901+0000] {dagbag.py:588} INFO - Filling up the DagBag from /home/airflow/.local/lib/python3.12/site-packages/airflow/example_dags/example_dag_decorator.py
[2024-11-11T20:02:15.003+0000] {processor.py:925} INFO - DAG(s) 'example_dag_decorator' retrieved from /home/airflow/.local/lib/python3.12/site-packages/airflow/example_dags/example_dag_decorator.py
[2024-11-11T20:02:15.364+0000] {logging_mixin.py:190} INFO - [2024-11-11T20:02:15.363+0000] {dag.py:3239} INFO - Sync 1 DAGs
[2024-11-11T20:02:15.409+0000] {logging_mixin.py:190} INFO - [2024-11-11T20:02:15.408+0000] {dag.py:4180} INFO - Setting next_dagrun for example_dag_decorator to None, run_after=None
[2024-11-11T20:02:15.485+0000] {processor.py:208} INFO - Processing /home/airflow/.local/lib/python3.12/site-packages/airflow/example_dags/example_dag_decorator.py took 0.642 seconds
[2024-11-11T20:02:45.624+0000] {processor.py:186} INFO - Started process (PID=12176) to work on /home/airflow/.local/lib/python3.12/site-packages/airflow/example_dags/example_dag_decorator.py
[2024-11-11T20:02:45.626+0000] {processor.py:914} INFO - Processing file /home/airflow/.local/lib/python3.12/site-packages/airflow/example_dags/example_dag_decorator.py for tasks to queue
[2024-11-11T20:02:45.629+0000] {logging_mixin.py:190} INFO - [2024-11-11T20:02:45.629+0000] {dagbag.py:588} INFO - Filling up the DagBag from /home/airflow/.local/lib/python3.12/site-packages/airflow/example_dags/example_dag_decorator.py
[2024-11-11T20:02:45.648+0000] {processor.py:925} INFO - DAG(s) 'example_dag_decorator' retrieved from /home/airflow/.local/lib/python3.12/site-packages/airflow/example_dags/example_dag_decorator.py
[2024-11-11T20:02:45.941+0000] {logging_mixin.py:190} INFO - [2024-11-11T20:02:45.940+0000] {dag.py:3239} INFO - Sync 1 DAGs
[2024-11-11T20:02:45.963+0000] {logging_mixin.py:190} INFO - [2024-11-11T20:02:45.963+0000] {dag.py:4180} INFO - Setting next_dagrun for example_dag_decorator to None, run_after=None
[2024-11-11T20:02:46.017+0000] {processor.py:208} INFO - Processing /home/airflow/.local/lib/python3.12/site-packages/airflow/example_dags/example_dag_decorator.py took 0.402 seconds
