[2024-11-11T19:41:25.548+0000] {processor.py:186} INFO - Started process (PID=231) to work on /home/airflow/.local/lib/python3.12/site-packages/airflow/example_dags/example_dataset_alias_with_no_taskflow.py
[2024-11-11T19:41:25.549+0000] {processor.py:914} INFO - Processing file /home/airflow/.local/lib/python3.12/site-packages/airflow/example_dags/example_dataset_alias_with_no_taskflow.py for tasks to queue
[2024-11-11T19:41:25.552+0000] {logging_mixin.py:190} INFO - [2024-11-11T19:41:25.551+0000] {dagbag.py:588} INFO - Filling up the DagBag from /home/airflow/.local/lib/python3.12/site-packages/airflow/example_dags/example_dataset_alias_with_no_taskflow.py
[2024-11-11T19:41:31.443+0000] {processor.py:925} INFO - DAG(s) 'dataset_alias_example_alias_producer_with_no_taskflow', 'dataset_s3_bucket_producer_with_no_taskflow', 'dataset_alias_example_alias_consumer_with_no_taskflow', 'dataset_s3_bucket_consumer_with_no_taskflow' retrieved from /home/airflow/.local/lib/python3.12/site-packages/airflow/example_dags/example_dataset_alias_with_no_taskflow.py
[2024-11-11T19:41:31.695+0000] {logging_mixin.py:190} INFO - [2024-11-11T19:41:31.693+0000] {override.py:1911} INFO - Created Permission View: can delete on DAG:dataset_alias_example_alias_producer_with_no_taskflow
[2024-11-11T19:41:31.719+0000] {logging_mixin.py:190} INFO - [2024-11-11T19:41:31.718+0000] {override.py:1911} INFO - Created Permission View: can read on DAG:dataset_alias_example_alias_producer_with_no_taskflow
[2024-11-11T19:41:31.738+0000] {logging_mixin.py:190} INFO - [2024-11-11T19:41:31.737+0000] {override.py:1911} INFO - Created Permission View: can edit on DAG:dataset_alias_example_alias_producer_with_no_taskflow
[2024-11-11T19:41:31.758+0000] {logging_mixin.py:190} INFO - [2024-11-11T19:41:31.757+0000] {override.py:1911} INFO - Created Permission View: can delete on DAG Run:dataset_alias_example_alias_producer_with_no_taskflow
[2024-11-11T19:41:31.780+0000] {logging_mixin.py:190} INFO - [2024-11-11T19:41:31.779+0000] {override.py:1911} INFO - Created Permission View: can create on DAG Run:dataset_alias_example_alias_producer_with_no_taskflow
[2024-11-11T19:41:31.800+0000] {logging_mixin.py:190} INFO - [2024-11-11T19:41:31.799+0000] {override.py:1911} INFO - Created Permission View: menu access on DAG Run:dataset_alias_example_alias_producer_with_no_taskflow
[2024-11-11T19:41:31.817+0000] {logging_mixin.py:190} INFO - [2024-11-11T19:41:31.816+0000] {override.py:1911} INFO - Created Permission View: can read on DAG Run:dataset_alias_example_alias_producer_with_no_taskflow
[2024-11-11T19:41:31.849+0000] {logging_mixin.py:190} INFO - [2024-11-11T19:41:31.848+0000] {override.py:1911} INFO - Created Permission View: can delete on DAG:dataset_s3_bucket_producer_with_no_taskflow
[2024-11-11T19:41:31.865+0000] {logging_mixin.py:190} INFO - [2024-11-11T19:41:31.864+0000] {override.py:1911} INFO - Created Permission View: can read on DAG:dataset_s3_bucket_producer_with_no_taskflow
[2024-11-11T19:41:31.880+0000] {logging_mixin.py:190} INFO - [2024-11-11T19:41:31.879+0000] {override.py:1911} INFO - Created Permission View: can edit on DAG:dataset_s3_bucket_producer_with_no_taskflow
[2024-11-11T19:41:31.897+0000] {logging_mixin.py:190} INFO - [2024-11-11T19:41:31.897+0000] {override.py:1911} INFO - Created Permission View: can delete on DAG Run:dataset_s3_bucket_producer_with_no_taskflow
[2024-11-11T19:41:31.914+0000] {logging_mixin.py:190} INFO - [2024-11-11T19:41:31.914+0000] {override.py:1911} INFO - Created Permission View: can create on DAG Run:dataset_s3_bucket_producer_with_no_taskflow
[2024-11-11T19:41:31.933+0000] {logging_mixin.py:190} INFO - [2024-11-11T19:41:31.932+0000] {override.py:1911} INFO - Created Permission View: menu access on DAG Run:dataset_s3_bucket_producer_with_no_taskflow
[2024-11-11T19:41:31.946+0000] {logging_mixin.py:190} INFO - [2024-11-11T19:41:31.946+0000] {override.py:1911} INFO - Created Permission View: can read on DAG Run:dataset_s3_bucket_producer_with_no_taskflow
[2024-11-11T19:41:31.975+0000] {logging_mixin.py:190} INFO - [2024-11-11T19:41:31.975+0000] {override.py:1911} INFO - Created Permission View: can delete on DAG:dataset_alias_example_alias_consumer_with_no_taskflow
[2024-11-11T19:41:31.991+0000] {logging_mixin.py:190} INFO - [2024-11-11T19:41:31.990+0000] {override.py:1911} INFO - Created Permission View: can read on DAG:dataset_alias_example_alias_consumer_with_no_taskflow
[2024-11-11T19:41:32.005+0000] {logging_mixin.py:190} INFO - [2024-11-11T19:41:32.005+0000] {override.py:1911} INFO - Created Permission View: can edit on DAG:dataset_alias_example_alias_consumer_with_no_taskflow
[2024-11-11T19:41:32.021+0000] {logging_mixin.py:190} INFO - [2024-11-11T19:41:32.021+0000] {override.py:1911} INFO - Created Permission View: can delete on DAG Run:dataset_alias_example_alias_consumer_with_no_taskflow
[2024-11-11T19:41:32.036+0000] {logging_mixin.py:190} INFO - [2024-11-11T19:41:32.035+0000] {override.py:1911} INFO - Created Permission View: can create on DAG Run:dataset_alias_example_alias_consumer_with_no_taskflow
[2024-11-11T19:41:32.052+0000] {logging_mixin.py:190} INFO - [2024-11-11T19:41:32.051+0000] {override.py:1911} INFO - Created Permission View: menu access on DAG Run:dataset_alias_example_alias_consumer_with_no_taskflow
[2024-11-11T19:41:32.068+0000] {logging_mixin.py:190} INFO - [2024-11-11T19:41:32.067+0000] {override.py:1911} INFO - Created Permission View: can read on DAG Run:dataset_alias_example_alias_consumer_with_no_taskflow
[2024-11-11T19:41:32.106+0000] {logging_mixin.py:190} INFO - [2024-11-11T19:41:32.105+0000] {override.py:1911} INFO - Created Permission View: can delete on DAG:dataset_s3_bucket_consumer_with_no_taskflow
[2024-11-11T19:41:32.123+0000] {logging_mixin.py:190} INFO - [2024-11-11T19:41:32.122+0000] {override.py:1911} INFO - Created Permission View: can read on DAG:dataset_s3_bucket_consumer_with_no_taskflow
[2024-11-11T19:41:32.170+0000] {logging_mixin.py:190} INFO - [2024-11-11T19:41:32.169+0000] {override.py:1911} INFO - Created Permission View: can edit on DAG:dataset_s3_bucket_consumer_with_no_taskflow
[2024-11-11T19:41:32.194+0000] {logging_mixin.py:190} INFO - [2024-11-11T19:41:32.193+0000] {override.py:1911} INFO - Created Permission View: can delete on DAG Run:dataset_s3_bucket_consumer_with_no_taskflow
[2024-11-11T19:41:32.210+0000] {logging_mixin.py:190} INFO - [2024-11-11T19:41:32.210+0000] {override.py:1911} INFO - Created Permission View: can create on DAG Run:dataset_s3_bucket_consumer_with_no_taskflow
[2024-11-11T19:41:32.225+0000] {logging_mixin.py:190} INFO - [2024-11-11T19:41:32.225+0000] {override.py:1911} INFO - Created Permission View: menu access on DAG Run:dataset_s3_bucket_consumer_with_no_taskflow
[2024-11-11T19:41:32.241+0000] {logging_mixin.py:190} INFO - [2024-11-11T19:41:32.240+0000] {override.py:1911} INFO - Created Permission View: can read on DAG Run:dataset_s3_bucket_consumer_with_no_taskflow
[2024-11-11T19:41:32.242+0000] {logging_mixin.py:190} INFO - [2024-11-11T19:41:32.241+0000] {dag.py:3239} INFO - Sync 4 DAGs
[2024-11-11T19:41:32.293+0000] {logging_mixin.py:190} INFO - [2024-11-11T19:41:32.291+0000] {dag.py:3262} INFO - Creating ORM DAG for dataset_alias_example_alias_producer_with_no_taskflow
[2024-11-11T19:41:32.296+0000] {logging_mixin.py:190} INFO - [2024-11-11T19:41:32.295+0000] {dag.py:3262} INFO - Creating ORM DAG for dataset_s3_bucket_producer_with_no_taskflow
[2024-11-11T19:41:32.305+0000] {logging_mixin.py:190} INFO - [2024-11-11T19:41:32.304+0000] {dag.py:3262} INFO - Creating ORM DAG for dataset_s3_bucket_consumer_with_no_taskflow
[2024-11-11T19:41:32.307+0000] {logging_mixin.py:190} INFO - [2024-11-11T19:41:32.306+0000] {dag.py:3262} INFO - Creating ORM DAG for dataset_alias_example_alias_consumer_with_no_taskflow
[2024-11-11T19:41:32.346+0000] {logging_mixin.py:190} INFO - [2024-11-11T19:41:32.346+0000] {dag.py:4180} INFO - Setting next_dagrun for dataset_alias_example_alias_consumer_with_no_taskflow to None, run_after=None
[2024-11-11T19:41:32.348+0000] {logging_mixin.py:190} INFO - [2024-11-11T19:41:32.348+0000] {dag.py:4180} INFO - Setting next_dagrun for dataset_alias_example_alias_producer_with_no_taskflow to None, run_after=None
[2024-11-11T19:41:32.350+0000] {logging_mixin.py:190} INFO - [2024-11-11T19:41:32.350+0000] {dag.py:4180} INFO - Setting next_dagrun for dataset_s3_bucket_consumer_with_no_taskflow to None, run_after=None
[2024-11-11T19:41:32.352+0000] {logging_mixin.py:190} INFO - [2024-11-11T19:41:32.351+0000] {dag.py:4180} INFO - Setting next_dagrun for dataset_s3_bucket_producer_with_no_taskflow to None, run_after=None
[2024-11-11T19:41:32.486+0000] {processor.py:208} INFO - Processing /home/airflow/.local/lib/python3.12/site-packages/airflow/example_dags/example_dataset_alias_with_no_taskflow.py took 6.949 seconds
[2024-11-11T19:42:02.618+0000] {processor.py:186} INFO - Started process (PID=554) to work on /home/airflow/.local/lib/python3.12/site-packages/airflow/example_dags/example_dataset_alias_with_no_taskflow.py
[2024-11-11T19:42:02.620+0000] {processor.py:914} INFO - Processing file /home/airflow/.local/lib/python3.12/site-packages/airflow/example_dags/example_dataset_alias_with_no_taskflow.py for tasks to queue
[2024-11-11T19:42:02.626+0000] {logging_mixin.py:190} INFO - [2024-11-11T19:42:02.625+0000] {dagbag.py:588} INFO - Filling up the DagBag from /home/airflow/.local/lib/python3.12/site-packages/airflow/example_dags/example_dataset_alias_with_no_taskflow.py
[2024-11-11T19:42:04.955+0000] {processor.py:925} INFO - DAG(s) 'dataset_s3_bucket_consumer_with_no_taskflow', 'dataset_alias_example_alias_consumer_with_no_taskflow', 'dataset_alias_example_alias_producer_with_no_taskflow', 'dataset_s3_bucket_producer_with_no_taskflow' retrieved from /home/airflow/.local/lib/python3.12/site-packages/airflow/example_dags/example_dataset_alias_with_no_taskflow.py
[2024-11-11T19:42:04.994+0000] {logging_mixin.py:190} INFO - [2024-11-11T19:42:04.993+0000] {dag.py:3239} INFO - Sync 4 DAGs
[2024-11-11T19:42:05.037+0000] {logging_mixin.py:190} INFO - [2024-11-11T19:42:05.037+0000] {dag.py:4180} INFO - Setting next_dagrun for dataset_alias_example_alias_consumer_with_no_taskflow to None, run_after=None
[2024-11-11T19:42:05.043+0000] {logging_mixin.py:190} INFO - [2024-11-11T19:42:05.043+0000] {dag.py:4180} INFO - Setting next_dagrun for dataset_alias_example_alias_producer_with_no_taskflow to None, run_after=None
[2024-11-11T19:42:05.046+0000] {logging_mixin.py:190} INFO - [2024-11-11T19:42:05.046+0000] {dag.py:4180} INFO - Setting next_dagrun for dataset_s3_bucket_consumer_with_no_taskflow to None, run_after=None
[2024-11-11T19:42:05.050+0000] {logging_mixin.py:190} INFO - [2024-11-11T19:42:05.049+0000] {dag.py:4180} INFO - Setting next_dagrun for dataset_s3_bucket_producer_with_no_taskflow to None, run_after=None
[2024-11-11T19:42:05.116+0000] {processor.py:208} INFO - Processing /home/airflow/.local/lib/python3.12/site-packages/airflow/example_dags/example_dataset_alias_with_no_taskflow.py took 2.512 seconds
[2024-11-11T19:42:35.372+0000] {processor.py:186} INFO - Started process (PID=862) to work on /home/airflow/.local/lib/python3.12/site-packages/airflow/example_dags/example_dataset_alias_with_no_taskflow.py
[2024-11-11T19:42:35.375+0000] {processor.py:914} INFO - Processing file /home/airflow/.local/lib/python3.12/site-packages/airflow/example_dags/example_dataset_alias_with_no_taskflow.py for tasks to queue
[2024-11-11T19:42:35.381+0000] {logging_mixin.py:190} INFO - [2024-11-11T19:42:35.380+0000] {dagbag.py:588} INFO - Filling up the DagBag from /home/airflow/.local/lib/python3.12/site-packages/airflow/example_dags/example_dataset_alias_with_no_taskflow.py
[2024-11-11T19:42:36.728+0000] {processor.py:925} INFO - DAG(s) 'dataset_alias_example_alias_producer_with_no_taskflow', 'dataset_s3_bucket_consumer_with_no_taskflow', 'dataset_s3_bucket_producer_with_no_taskflow', 'dataset_alias_example_alias_consumer_with_no_taskflow' retrieved from /home/airflow/.local/lib/python3.12/site-packages/airflow/example_dags/example_dataset_alias_with_no_taskflow.py
[2024-11-11T19:42:36.780+0000] {logging_mixin.py:190} INFO - [2024-11-11T19:42:36.779+0000] {dag.py:3239} INFO - Sync 4 DAGs
[2024-11-11T19:42:36.822+0000] {logging_mixin.py:190} INFO - [2024-11-11T19:42:36.821+0000] {dag.py:4180} INFO - Setting next_dagrun for dataset_alias_example_alias_consumer_with_no_taskflow to None, run_after=None
[2024-11-11T19:42:36.828+0000] {logging_mixin.py:190} INFO - [2024-11-11T19:42:36.828+0000] {dag.py:4180} INFO - Setting next_dagrun for dataset_alias_example_alias_producer_with_no_taskflow to None, run_after=None
[2024-11-11T19:42:36.831+0000] {logging_mixin.py:190} INFO - [2024-11-11T19:42:36.831+0000] {dag.py:4180} INFO - Setting next_dagrun for dataset_s3_bucket_consumer_with_no_taskflow to None, run_after=None
[2024-11-11T19:42:36.834+0000] {logging_mixin.py:190} INFO - [2024-11-11T19:42:36.834+0000] {dag.py:4180} INFO - Setting next_dagrun for dataset_s3_bucket_producer_with_no_taskflow to None, run_after=None
[2024-11-11T19:42:36.895+0000] {processor.py:208} INFO - Processing /home/airflow/.local/lib/python3.12/site-packages/airflow/example_dags/example_dataset_alias_with_no_taskflow.py took 1.543 seconds
[2024-11-11T19:43:07.235+0000] {processor.py:186} INFO - Started process (PID=1163) to work on /home/airflow/.local/lib/python3.12/site-packages/airflow/example_dags/example_dataset_alias_with_no_taskflow.py
[2024-11-11T19:43:07.237+0000] {processor.py:914} INFO - Processing file /home/airflow/.local/lib/python3.12/site-packages/airflow/example_dags/example_dataset_alias_with_no_taskflow.py for tasks to queue
[2024-11-11T19:43:07.243+0000] {logging_mixin.py:190} INFO - [2024-11-11T19:43:07.242+0000] {dagbag.py:588} INFO - Filling up the DagBag from /home/airflow/.local/lib/python3.12/site-packages/airflow/example_dags/example_dataset_alias_with_no_taskflow.py
[2024-11-11T19:43:08.210+0000] {processor.py:925} INFO - DAG(s) 'dataset_alias_example_alias_consumer_with_no_taskflow', 'dataset_s3_bucket_producer_with_no_taskflow', 'dataset_alias_example_alias_producer_with_no_taskflow', 'dataset_s3_bucket_consumer_with_no_taskflow' retrieved from /home/airflow/.local/lib/python3.12/site-packages/airflow/example_dags/example_dataset_alias_with_no_taskflow.py
[2024-11-11T19:43:08.254+0000] {logging_mixin.py:190} INFO - [2024-11-11T19:43:08.253+0000] {dag.py:3239} INFO - Sync 4 DAGs
[2024-11-11T19:43:08.308+0000] {logging_mixin.py:190} INFO - [2024-11-11T19:43:08.307+0000] {dag.py:4180} INFO - Setting next_dagrun for dataset_alias_example_alias_consumer_with_no_taskflow to None, run_after=None
[2024-11-11T19:43:08.315+0000] {logging_mixin.py:190} INFO - [2024-11-11T19:43:08.314+0000] {dag.py:4180} INFO - Setting next_dagrun for dataset_alias_example_alias_producer_with_no_taskflow to None, run_after=None
[2024-11-11T19:43:08.318+0000] {logging_mixin.py:190} INFO - [2024-11-11T19:43:08.318+0000] {dag.py:4180} INFO - Setting next_dagrun for dataset_s3_bucket_consumer_with_no_taskflow to None, run_after=None
[2024-11-11T19:43:08.322+0000] {logging_mixin.py:190} INFO - [2024-11-11T19:43:08.321+0000] {dag.py:4180} INFO - Setting next_dagrun for dataset_s3_bucket_producer_with_no_taskflow to None, run_after=None
[2024-11-11T19:43:08.382+0000] {processor.py:208} INFO - Processing /home/airflow/.local/lib/python3.12/site-packages/airflow/example_dags/example_dataset_alias_with_no_taskflow.py took 1.180 seconds
[2024-11-11T19:43:38.645+0000] {processor.py:186} INFO - Started process (PID=1474) to work on /home/airflow/.local/lib/python3.12/site-packages/airflow/example_dags/example_dataset_alias_with_no_taskflow.py
[2024-11-11T19:43:38.647+0000] {processor.py:914} INFO - Processing file /home/airflow/.local/lib/python3.12/site-packages/airflow/example_dags/example_dataset_alias_with_no_taskflow.py for tasks to queue
[2024-11-11T19:43:38.652+0000] {logging_mixin.py:190} INFO - [2024-11-11T19:43:38.652+0000] {dagbag.py:588} INFO - Filling up the DagBag from /home/airflow/.local/lib/python3.12/site-packages/airflow/example_dags/example_dataset_alias_with_no_taskflow.py
[2024-11-11T19:43:39.590+0000] {processor.py:925} INFO - DAG(s) 'dataset_s3_bucket_consumer_with_no_taskflow', 'dataset_alias_example_alias_consumer_with_no_taskflow', 'dataset_s3_bucket_producer_with_no_taskflow', 'dataset_alias_example_alias_producer_with_no_taskflow' retrieved from /home/airflow/.local/lib/python3.12/site-packages/airflow/example_dags/example_dataset_alias_with_no_taskflow.py
[2024-11-11T19:43:39.628+0000] {logging_mixin.py:190} INFO - [2024-11-11T19:43:39.627+0000] {dag.py:3239} INFO - Sync 4 DAGs
[2024-11-11T19:43:39.663+0000] {logging_mixin.py:190} INFO - [2024-11-11T19:43:39.663+0000] {dag.py:4180} INFO - Setting next_dagrun for dataset_alias_example_alias_consumer_with_no_taskflow to None, run_after=None
[2024-11-11T19:43:39.668+0000] {logging_mixin.py:190} INFO - [2024-11-11T19:43:39.667+0000] {dag.py:4180} INFO - Setting next_dagrun for dataset_alias_example_alias_producer_with_no_taskflow to None, run_after=None
[2024-11-11T19:43:39.670+0000] {logging_mixin.py:190} INFO - [2024-11-11T19:43:39.669+0000] {dag.py:4180} INFO - Setting next_dagrun for dataset_s3_bucket_consumer_with_no_taskflow to None, run_after=None
[2024-11-11T19:43:39.672+0000] {logging_mixin.py:190} INFO - [2024-11-11T19:43:39.672+0000] {dag.py:4180} INFO - Setting next_dagrun for dataset_s3_bucket_producer_with_no_taskflow to None, run_after=None
[2024-11-11T19:43:39.707+0000] {processor.py:208} INFO - Processing /home/airflow/.local/lib/python3.12/site-packages/airflow/example_dags/example_dataset_alias_with_no_taskflow.py took 1.076 seconds
[2024-11-11T19:44:09.966+0000] {processor.py:186} INFO - Started process (PID=1770) to work on /home/airflow/.local/lib/python3.12/site-packages/airflow/example_dags/example_dataset_alias_with_no_taskflow.py
[2024-11-11T19:44:09.967+0000] {processor.py:914} INFO - Processing file /home/airflow/.local/lib/python3.12/site-packages/airflow/example_dags/example_dataset_alias_with_no_taskflow.py for tasks to queue
[2024-11-11T19:44:09.971+0000] {logging_mixin.py:190} INFO - [2024-11-11T19:44:09.971+0000] {dagbag.py:588} INFO - Filling up the DagBag from /home/airflow/.local/lib/python3.12/site-packages/airflow/example_dags/example_dataset_alias_with_no_taskflow.py
[2024-11-11T19:44:11.138+0000] {processor.py:925} INFO - DAG(s) 'dataset_alias_example_alias_producer_with_no_taskflow', 'dataset_alias_example_alias_consumer_with_no_taskflow', 'dataset_s3_bucket_consumer_with_no_taskflow', 'dataset_s3_bucket_producer_with_no_taskflow' retrieved from /home/airflow/.local/lib/python3.12/site-packages/airflow/example_dags/example_dataset_alias_with_no_taskflow.py
[2024-11-11T19:44:11.184+0000] {logging_mixin.py:190} INFO - [2024-11-11T19:44:11.183+0000] {dag.py:3239} INFO - Sync 4 DAGs
[2024-11-11T19:44:11.273+0000] {logging_mixin.py:190} INFO - [2024-11-11T19:44:11.273+0000] {dag.py:4180} INFO - Setting next_dagrun for dataset_alias_example_alias_consumer_with_no_taskflow to None, run_after=None
[2024-11-11T19:44:11.279+0000] {logging_mixin.py:190} INFO - [2024-11-11T19:44:11.279+0000] {dag.py:4180} INFO - Setting next_dagrun for dataset_alias_example_alias_producer_with_no_taskflow to None, run_after=None
[2024-11-11T19:44:11.282+0000] {logging_mixin.py:190} INFO - [2024-11-11T19:44:11.282+0000] {dag.py:4180} INFO - Setting next_dagrun for dataset_s3_bucket_consumer_with_no_taskflow to None, run_after=None
[2024-11-11T19:44:11.285+0000] {logging_mixin.py:190} INFO - [2024-11-11T19:44:11.285+0000] {dag.py:4180} INFO - Setting next_dagrun for dataset_s3_bucket_producer_with_no_taskflow to None, run_after=None
[2024-11-11T19:44:11.341+0000] {processor.py:208} INFO - Processing /home/airflow/.local/lib/python3.12/site-packages/airflow/example_dags/example_dataset_alias_with_no_taskflow.py took 1.388 seconds
[2024-11-11T19:44:41.870+0000] {processor.py:186} INFO - Started process (PID=2071) to work on /home/airflow/.local/lib/python3.12/site-packages/airflow/example_dags/example_dataset_alias_with_no_taskflow.py
[2024-11-11T19:44:41.876+0000] {processor.py:914} INFO - Processing file /home/airflow/.local/lib/python3.12/site-packages/airflow/example_dags/example_dataset_alias_with_no_taskflow.py for tasks to queue
[2024-11-11T19:44:41.881+0000] {logging_mixin.py:190} INFO - [2024-11-11T19:44:41.881+0000] {dagbag.py:588} INFO - Filling up the DagBag from /home/airflow/.local/lib/python3.12/site-packages/airflow/example_dags/example_dataset_alias_with_no_taskflow.py
[2024-11-11T19:44:42.827+0000] {processor.py:925} INFO - DAG(s) 'dataset_alias_example_alias_producer_with_no_taskflow', 'dataset_s3_bucket_consumer_with_no_taskflow', 'dataset_alias_example_alias_consumer_with_no_taskflow', 'dataset_s3_bucket_producer_with_no_taskflow' retrieved from /home/airflow/.local/lib/python3.12/site-packages/airflow/example_dags/example_dataset_alias_with_no_taskflow.py
[2024-11-11T19:44:42.870+0000] {logging_mixin.py:190} INFO - [2024-11-11T19:44:42.870+0000] {dag.py:3239} INFO - Sync 4 DAGs
[2024-11-11T19:44:42.921+0000] {logging_mixin.py:190} INFO - [2024-11-11T19:44:42.920+0000] {dag.py:4180} INFO - Setting next_dagrun for dataset_alias_example_alias_consumer_with_no_taskflow to None, run_after=None
[2024-11-11T19:44:42.925+0000] {logging_mixin.py:190} INFO - [2024-11-11T19:44:42.925+0000] {dag.py:4180} INFO - Setting next_dagrun for dataset_alias_example_alias_producer_with_no_taskflow to None, run_after=None
[2024-11-11T19:44:42.927+0000] {logging_mixin.py:190} INFO - [2024-11-11T19:44:42.927+0000] {dag.py:4180} INFO - Setting next_dagrun for dataset_s3_bucket_consumer_with_no_taskflow to None, run_after=None
[2024-11-11T19:44:42.929+0000] {logging_mixin.py:190} INFO - [2024-11-11T19:44:42.929+0000] {dag.py:4180} INFO - Setting next_dagrun for dataset_s3_bucket_producer_with_no_taskflow to None, run_after=None
[2024-11-11T19:44:42.965+0000] {processor.py:208} INFO - Processing /home/airflow/.local/lib/python3.12/site-packages/airflow/example_dags/example_dataset_alias_with_no_taskflow.py took 1.110 seconds
[2024-11-11T19:45:13.224+0000] {processor.py:186} INFO - Started process (PID=2362) to work on /home/airflow/.local/lib/python3.12/site-packages/airflow/example_dags/example_dataset_alias_with_no_taskflow.py
[2024-11-11T19:45:13.228+0000] {processor.py:914} INFO - Processing file /home/airflow/.local/lib/python3.12/site-packages/airflow/example_dags/example_dataset_alias_with_no_taskflow.py for tasks to queue
[2024-11-11T19:45:13.237+0000] {logging_mixin.py:190} INFO - [2024-11-11T19:45:13.236+0000] {dagbag.py:588} INFO - Filling up the DagBag from /home/airflow/.local/lib/python3.12/site-packages/airflow/example_dags/example_dataset_alias_with_no_taskflow.py
[2024-11-11T19:45:14.335+0000] {processor.py:925} INFO - DAG(s) 'dataset_s3_bucket_consumer_with_no_taskflow', 'dataset_alias_example_alias_producer_with_no_taskflow', 'dataset_alias_example_alias_consumer_with_no_taskflow', 'dataset_s3_bucket_producer_with_no_taskflow' retrieved from /home/airflow/.local/lib/python3.12/site-packages/airflow/example_dags/example_dataset_alias_with_no_taskflow.py
[2024-11-11T19:45:14.381+0000] {logging_mixin.py:190} INFO - [2024-11-11T19:45:14.380+0000] {dag.py:3239} INFO - Sync 4 DAGs
[2024-11-11T19:45:14.435+0000] {logging_mixin.py:190} INFO - [2024-11-11T19:45:14.434+0000] {dag.py:4180} INFO - Setting next_dagrun for dataset_alias_example_alias_consumer_with_no_taskflow to None, run_after=None
[2024-11-11T19:45:14.442+0000] {logging_mixin.py:190} INFO - [2024-11-11T19:45:14.441+0000] {dag.py:4180} INFO - Setting next_dagrun for dataset_alias_example_alias_producer_with_no_taskflow to None, run_after=None
[2024-11-11T19:45:14.446+0000] {logging_mixin.py:190} INFO - [2024-11-11T19:45:14.445+0000] {dag.py:4180} INFO - Setting next_dagrun for dataset_s3_bucket_consumer_with_no_taskflow to None, run_after=None
[2024-11-11T19:45:14.449+0000] {logging_mixin.py:190} INFO - [2024-11-11T19:45:14.449+0000] {dag.py:4180} INFO - Setting next_dagrun for dataset_s3_bucket_producer_with_no_taskflow to None, run_after=None
[2024-11-11T19:45:14.511+0000] {processor.py:208} INFO - Processing /home/airflow/.local/lib/python3.12/site-packages/airflow/example_dags/example_dataset_alias_with_no_taskflow.py took 1.321 seconds
[2024-11-11T19:45:45.129+0000] {processor.py:186} INFO - Started process (PID=2658) to work on /home/airflow/.local/lib/python3.12/site-packages/airflow/example_dags/example_dataset_alias_with_no_taskflow.py
[2024-11-11T19:45:45.132+0000] {processor.py:914} INFO - Processing file /home/airflow/.local/lib/python3.12/site-packages/airflow/example_dags/example_dataset_alias_with_no_taskflow.py for tasks to queue
[2024-11-11T19:45:45.138+0000] {logging_mixin.py:190} INFO - [2024-11-11T19:45:45.137+0000] {dagbag.py:588} INFO - Filling up the DagBag from /home/airflow/.local/lib/python3.12/site-packages/airflow/example_dags/example_dataset_alias_with_no_taskflow.py
[2024-11-11T19:45:46.259+0000] {processor.py:925} INFO - DAG(s) 'dataset_alias_example_alias_producer_with_no_taskflow', 'dataset_s3_bucket_consumer_with_no_taskflow', 'dataset_alias_example_alias_consumer_with_no_taskflow', 'dataset_s3_bucket_producer_with_no_taskflow' retrieved from /home/airflow/.local/lib/python3.12/site-packages/airflow/example_dags/example_dataset_alias_with_no_taskflow.py
[2024-11-11T19:45:46.309+0000] {logging_mixin.py:190} INFO - [2024-11-11T19:45:46.308+0000] {dag.py:3239} INFO - Sync 4 DAGs
[2024-11-11T19:45:46.360+0000] {logging_mixin.py:190} INFO - [2024-11-11T19:45:46.359+0000] {dag.py:4180} INFO - Setting next_dagrun for dataset_alias_example_alias_consumer_with_no_taskflow to None, run_after=None
[2024-11-11T19:45:46.366+0000] {logging_mixin.py:190} INFO - [2024-11-11T19:45:46.365+0000] {dag.py:4180} INFO - Setting next_dagrun for dataset_alias_example_alias_producer_with_no_taskflow to None, run_after=None
[2024-11-11T19:45:46.370+0000] {logging_mixin.py:190} INFO - [2024-11-11T19:45:46.369+0000] {dag.py:4180} INFO - Setting next_dagrun for dataset_s3_bucket_consumer_with_no_taskflow to None, run_after=None
[2024-11-11T19:45:46.373+0000] {logging_mixin.py:190} INFO - [2024-11-11T19:45:46.372+0000] {dag.py:4180} INFO - Setting next_dagrun for dataset_s3_bucket_producer_with_no_taskflow to None, run_after=None
[2024-11-11T19:45:46.421+0000] {processor.py:208} INFO - Processing /home/airflow/.local/lib/python3.12/site-packages/airflow/example_dags/example_dataset_alias_with_no_taskflow.py took 1.315 seconds
[2024-11-11T19:46:16.661+0000] {processor.py:186} INFO - Started process (PID=2949) to work on /home/airflow/.local/lib/python3.12/site-packages/airflow/example_dags/example_dataset_alias_with_no_taskflow.py
[2024-11-11T19:46:16.665+0000] {processor.py:914} INFO - Processing file /home/airflow/.local/lib/python3.12/site-packages/airflow/example_dags/example_dataset_alias_with_no_taskflow.py for tasks to queue
[2024-11-11T19:46:16.672+0000] {logging_mixin.py:190} INFO - [2024-11-11T19:46:16.671+0000] {dagbag.py:588} INFO - Filling up the DagBag from /home/airflow/.local/lib/python3.12/site-packages/airflow/example_dags/example_dataset_alias_with_no_taskflow.py
[2024-11-11T19:46:17.668+0000] {processor.py:925} INFO - DAG(s) 'dataset_s3_bucket_consumer_with_no_taskflow', 'dataset_s3_bucket_producer_with_no_taskflow', 'dataset_alias_example_alias_consumer_with_no_taskflow', 'dataset_alias_example_alias_producer_with_no_taskflow' retrieved from /home/airflow/.local/lib/python3.12/site-packages/airflow/example_dags/example_dataset_alias_with_no_taskflow.py
[2024-11-11T19:46:17.716+0000] {logging_mixin.py:190} INFO - [2024-11-11T19:46:17.715+0000] {dag.py:3239} INFO - Sync 4 DAGs
[2024-11-11T19:46:17.766+0000] {logging_mixin.py:190} INFO - [2024-11-11T19:46:17.766+0000] {dag.py:4180} INFO - Setting next_dagrun for dataset_alias_example_alias_consumer_with_no_taskflow to None, run_after=None
[2024-11-11T19:46:17.772+0000] {logging_mixin.py:190} INFO - [2024-11-11T19:46:17.772+0000] {dag.py:4180} INFO - Setting next_dagrun for dataset_alias_example_alias_producer_with_no_taskflow to None, run_after=None
[2024-11-11T19:46:17.775+0000] {logging_mixin.py:190} INFO - [2024-11-11T19:46:17.775+0000] {dag.py:4180} INFO - Setting next_dagrun for dataset_s3_bucket_consumer_with_no_taskflow to None, run_after=None
[2024-11-11T19:46:17.778+0000] {logging_mixin.py:190} INFO - [2024-11-11T19:46:17.778+0000] {dag.py:4180} INFO - Setting next_dagrun for dataset_s3_bucket_producer_with_no_taskflow to None, run_after=None
[2024-11-11T19:46:17.828+0000] {processor.py:208} INFO - Processing /home/airflow/.local/lib/python3.12/site-packages/airflow/example_dags/example_dataset_alias_with_no_taskflow.py took 1.195 seconds
[2024-11-11T19:46:48.866+0000] {processor.py:186} INFO - Started process (PID=3240) to work on /home/airflow/.local/lib/python3.12/site-packages/airflow/example_dags/example_dataset_alias_with_no_taskflow.py
[2024-11-11T19:46:48.870+0000] {processor.py:914} INFO - Processing file /home/airflow/.local/lib/python3.12/site-packages/airflow/example_dags/example_dataset_alias_with_no_taskflow.py for tasks to queue
[2024-11-11T19:46:48.886+0000] {logging_mixin.py:190} INFO - [2024-11-11T19:46:48.885+0000] {dagbag.py:588} INFO - Filling up the DagBag from /home/airflow/.local/lib/python3.12/site-packages/airflow/example_dags/example_dataset_alias_with_no_taskflow.py
[2024-11-11T19:46:50.660+0000] {processor.py:925} INFO - DAG(s) 'dataset_s3_bucket_consumer_with_no_taskflow', 'dataset_s3_bucket_producer_with_no_taskflow', 'dataset_alias_example_alias_producer_with_no_taskflow', 'dataset_alias_example_alias_consumer_with_no_taskflow' retrieved from /home/airflow/.local/lib/python3.12/site-packages/airflow/example_dags/example_dataset_alias_with_no_taskflow.py
[2024-11-11T19:46:50.747+0000] {logging_mixin.py:190} INFO - [2024-11-11T19:46:50.745+0000] {dag.py:3239} INFO - Sync 4 DAGs
[2024-11-11T19:46:50.827+0000] {logging_mixin.py:190} INFO - [2024-11-11T19:46:50.826+0000] {dag.py:4180} INFO - Setting next_dagrun for dataset_alias_example_alias_consumer_with_no_taskflow to None, run_after=None
[2024-11-11T19:46:50.833+0000] {logging_mixin.py:190} INFO - [2024-11-11T19:46:50.833+0000] {dag.py:4180} INFO - Setting next_dagrun for dataset_alias_example_alias_producer_with_no_taskflow to None, run_after=None
[2024-11-11T19:46:50.836+0000] {logging_mixin.py:190} INFO - [2024-11-11T19:46:50.836+0000] {dag.py:4180} INFO - Setting next_dagrun for dataset_s3_bucket_consumer_with_no_taskflow to None, run_after=None
[2024-11-11T19:46:50.839+0000] {logging_mixin.py:190} INFO - [2024-11-11T19:46:50.839+0000] {dag.py:4180} INFO - Setting next_dagrun for dataset_s3_bucket_producer_with_no_taskflow to None, run_after=None
[2024-11-11T19:46:50.893+0000] {processor.py:208} INFO - Processing /home/airflow/.local/lib/python3.12/site-packages/airflow/example_dags/example_dataset_alias_with_no_taskflow.py took 2.086 seconds
[2024-11-11T19:47:21.219+0000] {processor.py:186} INFO - Started process (PID=3542) to work on /home/airflow/.local/lib/python3.12/site-packages/airflow/example_dags/example_dataset_alias_with_no_taskflow.py
[2024-11-11T19:47:21.222+0000] {processor.py:914} INFO - Processing file /home/airflow/.local/lib/python3.12/site-packages/airflow/example_dags/example_dataset_alias_with_no_taskflow.py for tasks to queue
[2024-11-11T19:47:21.227+0000] {logging_mixin.py:190} INFO - [2024-11-11T19:47:21.227+0000] {dagbag.py:588} INFO - Filling up the DagBag from /home/airflow/.local/lib/python3.12/site-packages/airflow/example_dags/example_dataset_alias_with_no_taskflow.py
[2024-11-11T19:47:22.156+0000] {processor.py:925} INFO - DAG(s) 'dataset_s3_bucket_consumer_with_no_taskflow', 'dataset_alias_example_alias_consumer_with_no_taskflow', 'dataset_alias_example_alias_producer_with_no_taskflow', 'dataset_s3_bucket_producer_with_no_taskflow' retrieved from /home/airflow/.local/lib/python3.12/site-packages/airflow/example_dags/example_dataset_alias_with_no_taskflow.py
[2024-11-11T19:47:22.200+0000] {logging_mixin.py:190} INFO - [2024-11-11T19:47:22.200+0000] {dag.py:3239} INFO - Sync 4 DAGs
[2024-11-11T19:47:22.242+0000] {logging_mixin.py:190} INFO - [2024-11-11T19:47:22.242+0000] {dag.py:4180} INFO - Setting next_dagrun for dataset_alias_example_alias_consumer_with_no_taskflow to None, run_after=None
[2024-11-11T19:47:22.247+0000] {logging_mixin.py:190} INFO - [2024-11-11T19:47:22.246+0000] {dag.py:4180} INFO - Setting next_dagrun for dataset_alias_example_alias_producer_with_no_taskflow to None, run_after=None
[2024-11-11T19:47:22.249+0000] {logging_mixin.py:190} INFO - [2024-11-11T19:47:22.249+0000] {dag.py:4180} INFO - Setting next_dagrun for dataset_s3_bucket_consumer_with_no_taskflow to None, run_after=None
[2024-11-11T19:47:22.252+0000] {logging_mixin.py:190} INFO - [2024-11-11T19:47:22.251+0000] {dag.py:4180} INFO - Setting next_dagrun for dataset_s3_bucket_producer_with_no_taskflow to None, run_after=None
[2024-11-11T19:47:22.293+0000] {processor.py:208} INFO - Processing /home/airflow/.local/lib/python3.12/site-packages/airflow/example_dags/example_dataset_alias_with_no_taskflow.py took 1.091 seconds
[2024-11-11T19:47:52.665+0000] {processor.py:186} INFO - Started process (PID=3834) to work on /home/airflow/.local/lib/python3.12/site-packages/airflow/example_dags/example_dataset_alias_with_no_taskflow.py
[2024-11-11T19:47:52.669+0000] {processor.py:914} INFO - Processing file /home/airflow/.local/lib/python3.12/site-packages/airflow/example_dags/example_dataset_alias_with_no_taskflow.py for tasks to queue
[2024-11-11T19:47:52.674+0000] {logging_mixin.py:190} INFO - [2024-11-11T19:47:52.673+0000] {dagbag.py:588} INFO - Filling up the DagBag from /home/airflow/.local/lib/python3.12/site-packages/airflow/example_dags/example_dataset_alias_with_no_taskflow.py
[2024-11-11T19:47:54.073+0000] {processor.py:925} INFO - DAG(s) 'dataset_s3_bucket_producer_with_no_taskflow', 'dataset_alias_example_alias_producer_with_no_taskflow', 'dataset_s3_bucket_consumer_with_no_taskflow', 'dataset_alias_example_alias_consumer_with_no_taskflow' retrieved from /home/airflow/.local/lib/python3.12/site-packages/airflow/example_dags/example_dataset_alias_with_no_taskflow.py
[2024-11-11T19:47:54.207+0000] {logging_mixin.py:190} INFO - [2024-11-11T19:47:54.205+0000] {dag.py:3239} INFO - Sync 4 DAGs
[2024-11-11T19:47:54.305+0000] {logging_mixin.py:190} INFO - [2024-11-11T19:47:54.304+0000] {dag.py:4180} INFO - Setting next_dagrun for dataset_alias_example_alias_consumer_with_no_taskflow to None, run_after=None
[2024-11-11T19:47:54.321+0000] {logging_mixin.py:190} INFO - [2024-11-11T19:47:54.320+0000] {dag.py:4180} INFO - Setting next_dagrun for dataset_alias_example_alias_producer_with_no_taskflow to None, run_after=None
[2024-11-11T19:47:54.327+0000] {logging_mixin.py:190} INFO - [2024-11-11T19:47:54.326+0000] {dag.py:4180} INFO - Setting next_dagrun for dataset_s3_bucket_consumer_with_no_taskflow to None, run_after=None
[2024-11-11T19:47:54.337+0000] {logging_mixin.py:190} INFO - [2024-11-11T19:47:54.334+0000] {dag.py:4180} INFO - Setting next_dagrun for dataset_s3_bucket_producer_with_no_taskflow to None, run_after=None
[2024-11-11T19:47:54.419+0000] {processor.py:208} INFO - Processing /home/airflow/.local/lib/python3.12/site-packages/airflow/example_dags/example_dataset_alias_with_no_taskflow.py took 1.775 seconds
[2024-11-11T19:48:24.625+0000] {processor.py:186} INFO - Started process (PID=4138) to work on /home/airflow/.local/lib/python3.12/site-packages/airflow/example_dags/example_dataset_alias_with_no_taskflow.py
[2024-11-11T19:48:24.627+0000] {processor.py:914} INFO - Processing file /home/airflow/.local/lib/python3.12/site-packages/airflow/example_dags/example_dataset_alias_with_no_taskflow.py for tasks to queue
[2024-11-11T19:48:24.632+0000] {logging_mixin.py:190} INFO - [2024-11-11T19:48:24.631+0000] {dagbag.py:588} INFO - Filling up the DagBag from /home/airflow/.local/lib/python3.12/site-packages/airflow/example_dags/example_dataset_alias_with_no_taskflow.py
[2024-11-11T19:48:25.617+0000] {processor.py:925} INFO - DAG(s) 'dataset_alias_example_alias_producer_with_no_taskflow', 'dataset_s3_bucket_producer_with_no_taskflow', 'dataset_s3_bucket_consumer_with_no_taskflow', 'dataset_alias_example_alias_consumer_with_no_taskflow' retrieved from /home/airflow/.local/lib/python3.12/site-packages/airflow/example_dags/example_dataset_alias_with_no_taskflow.py
[2024-11-11T19:48:25.669+0000] {logging_mixin.py:190} INFO - [2024-11-11T19:48:25.668+0000] {dag.py:3239} INFO - Sync 4 DAGs
[2024-11-11T19:48:25.723+0000] {logging_mixin.py:190} INFO - [2024-11-11T19:48:25.723+0000] {dag.py:4180} INFO - Setting next_dagrun for dataset_alias_example_alias_consumer_with_no_taskflow to None, run_after=None
[2024-11-11T19:48:25.730+0000] {logging_mixin.py:190} INFO - [2024-11-11T19:48:25.729+0000] {dag.py:4180} INFO - Setting next_dagrun for dataset_alias_example_alias_producer_with_no_taskflow to None, run_after=None
[2024-11-11T19:48:25.733+0000] {logging_mixin.py:190} INFO - [2024-11-11T19:48:25.733+0000] {dag.py:4180} INFO - Setting next_dagrun for dataset_s3_bucket_consumer_with_no_taskflow to None, run_after=None
[2024-11-11T19:48:25.736+0000] {logging_mixin.py:190} INFO - [2024-11-11T19:48:25.736+0000] {dag.py:4180} INFO - Setting next_dagrun for dataset_s3_bucket_producer_with_no_taskflow to None, run_after=None
[2024-11-11T19:48:25.801+0000] {processor.py:208} INFO - Processing /home/airflow/.local/lib/python3.12/site-packages/airflow/example_dags/example_dataset_alias_with_no_taskflow.py took 1.195 seconds
[2024-11-11T19:48:55.905+0000] {processor.py:186} INFO - Started process (PID=4431) to work on /home/airflow/.local/lib/python3.12/site-packages/airflow/example_dags/example_dataset_alias_with_no_taskflow.py
[2024-11-11T19:48:55.907+0000] {processor.py:914} INFO - Processing file /home/airflow/.local/lib/python3.12/site-packages/airflow/example_dags/example_dataset_alias_with_no_taskflow.py for tasks to queue
[2024-11-11T19:48:55.912+0000] {logging_mixin.py:190} INFO - [2024-11-11T19:48:55.911+0000] {dagbag.py:588} INFO - Filling up the DagBag from /home/airflow/.local/lib/python3.12/site-packages/airflow/example_dags/example_dataset_alias_with_no_taskflow.py
[2024-11-11T19:48:57.270+0000] {processor.py:925} INFO - DAG(s) 'dataset_s3_bucket_consumer_with_no_taskflow', 'dataset_s3_bucket_producer_with_no_taskflow', 'dataset_alias_example_alias_producer_with_no_taskflow', 'dataset_alias_example_alias_consumer_with_no_taskflow' retrieved from /home/airflow/.local/lib/python3.12/site-packages/airflow/example_dags/example_dataset_alias_with_no_taskflow.py
[2024-11-11T19:48:57.309+0000] {logging_mixin.py:190} INFO - [2024-11-11T19:48:57.308+0000] {dag.py:3239} INFO - Sync 4 DAGs
[2024-11-11T19:48:57.352+0000] {logging_mixin.py:190} INFO - [2024-11-11T19:48:57.352+0000] {dag.py:4180} INFO - Setting next_dagrun for dataset_alias_example_alias_consumer_with_no_taskflow to None, run_after=None
[2024-11-11T19:48:57.356+0000] {logging_mixin.py:190} INFO - [2024-11-11T19:48:57.356+0000] {dag.py:4180} INFO - Setting next_dagrun for dataset_alias_example_alias_producer_with_no_taskflow to None, run_after=None
[2024-11-11T19:48:57.359+0000] {logging_mixin.py:190} INFO - [2024-11-11T19:48:57.358+0000] {dag.py:4180} INFO - Setting next_dagrun for dataset_s3_bucket_consumer_with_no_taskflow to None, run_after=None
[2024-11-11T19:48:57.361+0000] {logging_mixin.py:190} INFO - [2024-11-11T19:48:57.360+0000] {dag.py:4180} INFO - Setting next_dagrun for dataset_s3_bucket_producer_with_no_taskflow to None, run_after=None
[2024-11-11T19:48:57.398+0000] {processor.py:208} INFO - Processing /home/airflow/.local/lib/python3.12/site-packages/airflow/example_dags/example_dataset_alias_with_no_taskflow.py took 1.506 seconds
[2024-11-11T19:49:27.645+0000] {processor.py:186} INFO - Started process (PID=4722) to work on /home/airflow/.local/lib/python3.12/site-packages/airflow/example_dags/example_dataset_alias_with_no_taskflow.py
[2024-11-11T19:49:27.650+0000] {processor.py:914} INFO - Processing file /home/airflow/.local/lib/python3.12/site-packages/airflow/example_dags/example_dataset_alias_with_no_taskflow.py for tasks to queue
[2024-11-11T19:49:27.662+0000] {logging_mixin.py:190} INFO - [2024-11-11T19:49:27.661+0000] {dagbag.py:588} INFO - Filling up the DagBag from /home/airflow/.local/lib/python3.12/site-packages/airflow/example_dags/example_dataset_alias_with_no_taskflow.py
[2024-11-11T19:49:29.313+0000] {processor.py:925} INFO - DAG(s) 'dataset_alias_example_alias_producer_with_no_taskflow', 'dataset_alias_example_alias_consumer_with_no_taskflow', 'dataset_s3_bucket_producer_with_no_taskflow', 'dataset_s3_bucket_consumer_with_no_taskflow' retrieved from /home/airflow/.local/lib/python3.12/site-packages/airflow/example_dags/example_dataset_alias_with_no_taskflow.py
[2024-11-11T19:49:29.372+0000] {logging_mixin.py:190} INFO - [2024-11-11T19:49:29.371+0000] {dag.py:3239} INFO - Sync 4 DAGs
[2024-11-11T19:49:29.427+0000] {logging_mixin.py:190} INFO - [2024-11-11T19:49:29.426+0000] {dag.py:4180} INFO - Setting next_dagrun for dataset_alias_example_alias_consumer_with_no_taskflow to None, run_after=None
[2024-11-11T19:49:29.433+0000] {logging_mixin.py:190} INFO - [2024-11-11T19:49:29.433+0000] {dag.py:4180} INFO - Setting next_dagrun for dataset_alias_example_alias_producer_with_no_taskflow to None, run_after=None
[2024-11-11T19:49:29.442+0000] {logging_mixin.py:190} INFO - [2024-11-11T19:49:29.441+0000] {dag.py:4180} INFO - Setting next_dagrun for dataset_s3_bucket_consumer_with_no_taskflow to None, run_after=None
[2024-11-11T19:49:29.445+0000] {logging_mixin.py:190} INFO - [2024-11-11T19:49:29.444+0000] {dag.py:4180} INFO - Setting next_dagrun for dataset_s3_bucket_producer_with_no_taskflow to None, run_after=None
[2024-11-11T19:49:29.497+0000] {processor.py:208} INFO - Processing /home/airflow/.local/lib/python3.12/site-packages/airflow/example_dags/example_dataset_alias_with_no_taskflow.py took 1.888 seconds
[2024-11-11T19:49:59.849+0000] {processor.py:186} INFO - Started process (PID=5013) to work on /home/airflow/.local/lib/python3.12/site-packages/airflow/example_dags/example_dataset_alias_with_no_taskflow.py
[2024-11-11T19:49:59.853+0000] {processor.py:914} INFO - Processing file /home/airflow/.local/lib/python3.12/site-packages/airflow/example_dags/example_dataset_alias_with_no_taskflow.py for tasks to queue
[2024-11-11T19:49:59.870+0000] {logging_mixin.py:190} INFO - [2024-11-11T19:49:59.869+0000] {dagbag.py:588} INFO - Filling up the DagBag from /home/airflow/.local/lib/python3.12/site-packages/airflow/example_dags/example_dataset_alias_with_no_taskflow.py
[2024-11-11T19:50:03.327+0000] {processor.py:925} INFO - DAG(s) 'dataset_alias_example_alias_producer_with_no_taskflow', 'dataset_s3_bucket_consumer_with_no_taskflow', 'dataset_alias_example_alias_consumer_with_no_taskflow', 'dataset_s3_bucket_producer_with_no_taskflow' retrieved from /home/airflow/.local/lib/python3.12/site-packages/airflow/example_dags/example_dataset_alias_with_no_taskflow.py
[2024-11-11T19:50:03.384+0000] {logging_mixin.py:190} INFO - [2024-11-11T19:50:03.382+0000] {dag.py:3239} INFO - Sync 4 DAGs
[2024-11-11T19:50:03.456+0000] {logging_mixin.py:190} INFO - [2024-11-11T19:50:03.456+0000] {dag.py:4180} INFO - Setting next_dagrun for dataset_alias_example_alias_consumer_with_no_taskflow to None, run_after=None
[2024-11-11T19:50:03.464+0000] {logging_mixin.py:190} INFO - [2024-11-11T19:50:03.464+0000] {dag.py:4180} INFO - Setting next_dagrun for dataset_alias_example_alias_producer_with_no_taskflow to None, run_after=None
[2024-11-11T19:50:03.472+0000] {logging_mixin.py:190} INFO - [2024-11-11T19:50:03.472+0000] {dag.py:4180} INFO - Setting next_dagrun for dataset_s3_bucket_consumer_with_no_taskflow to None, run_after=None
[2024-11-11T19:50:03.476+0000] {logging_mixin.py:190} INFO - [2024-11-11T19:50:03.475+0000] {dag.py:4180} INFO - Setting next_dagrun for dataset_s3_bucket_producer_with_no_taskflow to None, run_after=None
[2024-11-11T19:50:03.539+0000] {processor.py:208} INFO - Processing /home/airflow/.local/lib/python3.12/site-packages/airflow/example_dags/example_dataset_alias_with_no_taskflow.py took 2.813 seconds
[2024-11-11T19:50:33.729+0000] {processor.py:186} INFO - Started process (PID=5307) to work on /home/airflow/.local/lib/python3.12/site-packages/airflow/example_dags/example_dataset_alias_with_no_taskflow.py
[2024-11-11T19:50:33.731+0000] {processor.py:914} INFO - Processing file /home/airflow/.local/lib/python3.12/site-packages/airflow/example_dags/example_dataset_alias_with_no_taskflow.py for tasks to queue
[2024-11-11T19:50:33.735+0000] {logging_mixin.py:190} INFO - [2024-11-11T19:50:33.734+0000] {dagbag.py:588} INFO - Filling up the DagBag from /home/airflow/.local/lib/python3.12/site-packages/airflow/example_dags/example_dataset_alias_with_no_taskflow.py
[2024-11-11T19:50:36.259+0000] {processor.py:925} INFO - DAG(s) 'dataset_alias_example_alias_consumer_with_no_taskflow', 'dataset_s3_bucket_consumer_with_no_taskflow', 'dataset_alias_example_alias_producer_with_no_taskflow', 'dataset_s3_bucket_producer_with_no_taskflow' retrieved from /home/airflow/.local/lib/python3.12/site-packages/airflow/example_dags/example_dataset_alias_with_no_taskflow.py
[2024-11-11T19:50:36.331+0000] {logging_mixin.py:190} INFO - [2024-11-11T19:50:36.330+0000] {dag.py:3239} INFO - Sync 4 DAGs
[2024-11-11T19:50:36.388+0000] {logging_mixin.py:190} INFO - [2024-11-11T19:50:36.387+0000] {dag.py:4180} INFO - Setting next_dagrun for dataset_alias_example_alias_consumer_with_no_taskflow to None, run_after=None
[2024-11-11T19:50:36.393+0000] {logging_mixin.py:190} INFO - [2024-11-11T19:50:36.393+0000] {dag.py:4180} INFO - Setting next_dagrun for dataset_alias_example_alias_producer_with_no_taskflow to None, run_after=None
[2024-11-11T19:50:36.396+0000] {logging_mixin.py:190} INFO - [2024-11-11T19:50:36.395+0000] {dag.py:4180} INFO - Setting next_dagrun for dataset_s3_bucket_consumer_with_no_taskflow to None, run_after=None
[2024-11-11T19:50:36.398+0000] {logging_mixin.py:190} INFO - [2024-11-11T19:50:36.397+0000] {dag.py:4180} INFO - Setting next_dagrun for dataset_s3_bucket_producer_with_no_taskflow to None, run_after=None
[2024-11-11T19:50:36.446+0000] {processor.py:208} INFO - Processing /home/airflow/.local/lib/python3.12/site-packages/airflow/example_dags/example_dataset_alias_with_no_taskflow.py took 2.735 seconds
[2024-11-11T19:51:07.075+0000] {processor.py:186} INFO - Started process (PID=5615) to work on /home/airflow/.local/lib/python3.12/site-packages/airflow/example_dags/example_dataset_alias_with_no_taskflow.py
[2024-11-11T19:51:07.080+0000] {processor.py:914} INFO - Processing file /home/airflow/.local/lib/python3.12/site-packages/airflow/example_dags/example_dataset_alias_with_no_taskflow.py for tasks to queue
[2024-11-11T19:51:07.090+0000] {logging_mixin.py:190} INFO - [2024-11-11T19:51:07.089+0000] {dagbag.py:588} INFO - Filling up the DagBag from /home/airflow/.local/lib/python3.12/site-packages/airflow/example_dags/example_dataset_alias_with_no_taskflow.py
[2024-11-11T19:51:08.294+0000] {processor.py:925} INFO - DAG(s) 'dataset_s3_bucket_consumer_with_no_taskflow', 'dataset_alias_example_alias_producer_with_no_taskflow', 'dataset_alias_example_alias_consumer_with_no_taskflow', 'dataset_s3_bucket_producer_with_no_taskflow' retrieved from /home/airflow/.local/lib/python3.12/site-packages/airflow/example_dags/example_dataset_alias_with_no_taskflow.py
[2024-11-11T19:51:08.334+0000] {logging_mixin.py:190} INFO - [2024-11-11T19:51:08.333+0000] {dag.py:3239} INFO - Sync 4 DAGs
[2024-11-11T19:51:08.373+0000] {logging_mixin.py:190} INFO - [2024-11-11T19:51:08.373+0000] {dag.py:4180} INFO - Setting next_dagrun for dataset_alias_example_alias_consumer_with_no_taskflow to None, run_after=None
[2024-11-11T19:51:08.377+0000] {logging_mixin.py:190} INFO - [2024-11-11T19:51:08.377+0000] {dag.py:4180} INFO - Setting next_dagrun for dataset_alias_example_alias_producer_with_no_taskflow to None, run_after=None
[2024-11-11T19:51:08.380+0000] {logging_mixin.py:190} INFO - [2024-11-11T19:51:08.380+0000] {dag.py:4180} INFO - Setting next_dagrun for dataset_s3_bucket_consumer_with_no_taskflow to None, run_after=None
[2024-11-11T19:51:08.382+0000] {logging_mixin.py:190} INFO - [2024-11-11T19:51:08.382+0000] {dag.py:4180} INFO - Setting next_dagrun for dataset_s3_bucket_producer_with_no_taskflow to None, run_after=None
[2024-11-11T19:51:08.425+0000] {processor.py:208} INFO - Processing /home/airflow/.local/lib/python3.12/site-packages/airflow/example_dags/example_dataset_alias_with_no_taskflow.py took 1.382 seconds
[2024-11-11T19:51:39.409+0000] {processor.py:186} INFO - Started process (PID=5907) to work on /home/airflow/.local/lib/python3.12/site-packages/airflow/example_dags/example_dataset_alias_with_no_taskflow.py
[2024-11-11T19:51:39.413+0000] {processor.py:914} INFO - Processing file /home/airflow/.local/lib/python3.12/site-packages/airflow/example_dags/example_dataset_alias_with_no_taskflow.py for tasks to queue
[2024-11-11T19:51:39.423+0000] {logging_mixin.py:190} INFO - [2024-11-11T19:51:39.421+0000] {dagbag.py:588} INFO - Filling up the DagBag from /home/airflow/.local/lib/python3.12/site-packages/airflow/example_dags/example_dataset_alias_with_no_taskflow.py
[2024-11-11T19:51:40.413+0000] {processor.py:925} INFO - DAG(s) 'dataset_s3_bucket_consumer_with_no_taskflow', 'dataset_alias_example_alias_consumer_with_no_taskflow', 'dataset_alias_example_alias_producer_with_no_taskflow', 'dataset_s3_bucket_producer_with_no_taskflow' retrieved from /home/airflow/.local/lib/python3.12/site-packages/airflow/example_dags/example_dataset_alias_with_no_taskflow.py
[2024-11-11T19:51:40.461+0000] {logging_mixin.py:190} INFO - [2024-11-11T19:51:40.460+0000] {dag.py:3239} INFO - Sync 4 DAGs
[2024-11-11T19:51:40.521+0000] {logging_mixin.py:190} INFO - [2024-11-11T19:51:40.521+0000] {dag.py:4180} INFO - Setting next_dagrun for dataset_alias_example_alias_consumer_with_no_taskflow to None, run_after=None
[2024-11-11T19:51:40.527+0000] {logging_mixin.py:190} INFO - [2024-11-11T19:51:40.527+0000] {dag.py:4180} INFO - Setting next_dagrun for dataset_alias_example_alias_producer_with_no_taskflow to None, run_after=None
[2024-11-11T19:51:40.530+0000] {logging_mixin.py:190} INFO - [2024-11-11T19:51:40.530+0000] {dag.py:4180} INFO - Setting next_dagrun for dataset_s3_bucket_consumer_with_no_taskflow to None, run_after=None
[2024-11-11T19:51:40.533+0000] {logging_mixin.py:190} INFO - [2024-11-11T19:51:40.533+0000] {dag.py:4180} INFO - Setting next_dagrun for dataset_s3_bucket_producer_with_no_taskflow to None, run_after=None
[2024-11-11T19:51:40.583+0000] {processor.py:208} INFO - Processing /home/airflow/.local/lib/python3.12/site-packages/airflow/example_dags/example_dataset_alias_with_no_taskflow.py took 1.203 seconds
[2024-11-11T19:52:11.332+0000] {processor.py:186} INFO - Started process (PID=6198) to work on /home/airflow/.local/lib/python3.12/site-packages/airflow/example_dags/example_dataset_alias_with_no_taskflow.py
[2024-11-11T19:52:11.337+0000] {processor.py:914} INFO - Processing file /home/airflow/.local/lib/python3.12/site-packages/airflow/example_dags/example_dataset_alias_with_no_taskflow.py for tasks to queue
[2024-11-11T19:52:11.349+0000] {logging_mixin.py:190} INFO - [2024-11-11T19:52:11.348+0000] {dagbag.py:588} INFO - Filling up the DagBag from /home/airflow/.local/lib/python3.12/site-packages/airflow/example_dags/example_dataset_alias_with_no_taskflow.py
[2024-11-11T19:52:12.683+0000] {processor.py:925} INFO - DAG(s) 'dataset_s3_bucket_producer_with_no_taskflow', 'dataset_alias_example_alias_producer_with_no_taskflow', 'dataset_alias_example_alias_consumer_with_no_taskflow', 'dataset_s3_bucket_consumer_with_no_taskflow' retrieved from /home/airflow/.local/lib/python3.12/site-packages/airflow/example_dags/example_dataset_alias_with_no_taskflow.py
[2024-11-11T19:52:12.737+0000] {logging_mixin.py:190} INFO - [2024-11-11T19:52:12.735+0000] {dag.py:3239} INFO - Sync 4 DAGs
[2024-11-11T19:52:12.802+0000] {logging_mixin.py:190} INFO - [2024-11-11T19:52:12.801+0000] {dag.py:4180} INFO - Setting next_dagrun for dataset_alias_example_alias_consumer_with_no_taskflow to None, run_after=None
[2024-11-11T19:52:12.809+0000] {logging_mixin.py:190} INFO - [2024-11-11T19:52:12.809+0000] {dag.py:4180} INFO - Setting next_dagrun for dataset_alias_example_alias_producer_with_no_taskflow to None, run_after=None
[2024-11-11T19:52:12.816+0000] {logging_mixin.py:190} INFO - [2024-11-11T19:52:12.816+0000] {dag.py:4180} INFO - Setting next_dagrun for dataset_s3_bucket_consumer_with_no_taskflow to None, run_after=None
[2024-11-11T19:52:12.820+0000] {logging_mixin.py:190} INFO - [2024-11-11T19:52:12.820+0000] {dag.py:4180} INFO - Setting next_dagrun for dataset_s3_bucket_producer_with_no_taskflow to None, run_after=None
[2024-11-11T19:52:12.879+0000] {processor.py:208} INFO - Processing /home/airflow/.local/lib/python3.12/site-packages/airflow/example_dags/example_dataset_alias_with_no_taskflow.py took 1.619 seconds
[2024-11-11T19:52:43.160+0000] {processor.py:186} INFO - Started process (PID=6489) to work on /home/airflow/.local/lib/python3.12/site-packages/airflow/example_dags/example_dataset_alias_with_no_taskflow.py
[2024-11-11T19:52:43.167+0000] {processor.py:914} INFO - Processing file /home/airflow/.local/lib/python3.12/site-packages/airflow/example_dags/example_dataset_alias_with_no_taskflow.py for tasks to queue
[2024-11-11T19:52:43.172+0000] {logging_mixin.py:190} INFO - [2024-11-11T19:52:43.172+0000] {dagbag.py:588} INFO - Filling up the DagBag from /home/airflow/.local/lib/python3.12/site-packages/airflow/example_dags/example_dataset_alias_with_no_taskflow.py
[2024-11-11T19:52:44.095+0000] {processor.py:925} INFO - DAG(s) 'dataset_alias_example_alias_consumer_with_no_taskflow', 'dataset_s3_bucket_consumer_with_no_taskflow', 'dataset_s3_bucket_producer_with_no_taskflow', 'dataset_alias_example_alias_producer_with_no_taskflow' retrieved from /home/airflow/.local/lib/python3.12/site-packages/airflow/example_dags/example_dataset_alias_with_no_taskflow.py
[2024-11-11T19:52:44.142+0000] {logging_mixin.py:190} INFO - [2024-11-11T19:52:44.141+0000] {dag.py:3239} INFO - Sync 4 DAGs
[2024-11-11T19:52:44.224+0000] {logging_mixin.py:190} INFO - [2024-11-11T19:52:44.221+0000] {dag.py:4180} INFO - Setting next_dagrun for dataset_alias_example_alias_consumer_with_no_taskflow to None, run_after=None
[2024-11-11T19:52:44.235+0000] {logging_mixin.py:190} INFO - [2024-11-11T19:52:44.235+0000] {dag.py:4180} INFO - Setting next_dagrun for dataset_alias_example_alias_producer_with_no_taskflow to None, run_after=None
[2024-11-11T19:52:44.241+0000] {logging_mixin.py:190} INFO - [2024-11-11T19:52:44.240+0000] {dag.py:4180} INFO - Setting next_dagrun for dataset_s3_bucket_consumer_with_no_taskflow to None, run_after=None
[2024-11-11T19:52:44.246+0000] {logging_mixin.py:190} INFO - [2024-11-11T19:52:44.245+0000] {dag.py:4180} INFO - Setting next_dagrun for dataset_s3_bucket_producer_with_no_taskflow to None, run_after=None
[2024-11-11T19:52:44.318+0000] {processor.py:208} INFO - Processing /home/airflow/.local/lib/python3.12/site-packages/airflow/example_dags/example_dataset_alias_with_no_taskflow.py took 1.176 seconds
[2024-11-11T19:53:14.577+0000] {processor.py:186} INFO - Started process (PID=6780) to work on /home/airflow/.local/lib/python3.12/site-packages/airflow/example_dags/example_dataset_alias_with_no_taskflow.py
[2024-11-11T19:53:14.582+0000] {processor.py:914} INFO - Processing file /home/airflow/.local/lib/python3.12/site-packages/airflow/example_dags/example_dataset_alias_with_no_taskflow.py for tasks to queue
[2024-11-11T19:53:14.594+0000] {logging_mixin.py:190} INFO - [2024-11-11T19:53:14.593+0000] {dagbag.py:588} INFO - Filling up the DagBag from /home/airflow/.local/lib/python3.12/site-packages/airflow/example_dags/example_dataset_alias_with_no_taskflow.py
[2024-11-11T19:53:15.561+0000] {processor.py:925} INFO - DAG(s) 'dataset_alias_example_alias_consumer_with_no_taskflow', 'dataset_s3_bucket_consumer_with_no_taskflow', 'dataset_alias_example_alias_producer_with_no_taskflow', 'dataset_s3_bucket_producer_with_no_taskflow' retrieved from /home/airflow/.local/lib/python3.12/site-packages/airflow/example_dags/example_dataset_alias_with_no_taskflow.py
[2024-11-11T19:53:15.597+0000] {logging_mixin.py:190} INFO - [2024-11-11T19:53:15.596+0000] {dag.py:3239} INFO - Sync 4 DAGs
[2024-11-11T19:53:15.652+0000] {logging_mixin.py:190} INFO - [2024-11-11T19:53:15.652+0000] {dag.py:4180} INFO - Setting next_dagrun for dataset_alias_example_alias_consumer_with_no_taskflow to None, run_after=None
[2024-11-11T19:53:15.659+0000] {logging_mixin.py:190} INFO - [2024-11-11T19:53:15.658+0000] {dag.py:4180} INFO - Setting next_dagrun for dataset_alias_example_alias_producer_with_no_taskflow to None, run_after=None
[2024-11-11T19:53:15.662+0000] {logging_mixin.py:190} INFO - [2024-11-11T19:53:15.662+0000] {dag.py:4180} INFO - Setting next_dagrun for dataset_s3_bucket_consumer_with_no_taskflow to None, run_after=None
[2024-11-11T19:53:15.665+0000] {logging_mixin.py:190} INFO - [2024-11-11T19:53:15.665+0000] {dag.py:4180} INFO - Setting next_dagrun for dataset_s3_bucket_producer_with_no_taskflow to None, run_after=None
[2024-11-11T19:53:15.714+0000] {processor.py:208} INFO - Processing /home/airflow/.local/lib/python3.12/site-packages/airflow/example_dags/example_dataset_alias_with_no_taskflow.py took 1.167 seconds
[2024-11-11T19:53:46.293+0000] {processor.py:186} INFO - Started process (PID=7071) to work on /home/airflow/.local/lib/python3.12/site-packages/airflow/example_dags/example_dataset_alias_with_no_taskflow.py
[2024-11-11T19:53:46.294+0000] {processor.py:914} INFO - Processing file /home/airflow/.local/lib/python3.12/site-packages/airflow/example_dags/example_dataset_alias_with_no_taskflow.py for tasks to queue
[2024-11-11T19:53:46.298+0000] {logging_mixin.py:190} INFO - [2024-11-11T19:53:46.297+0000] {dagbag.py:588} INFO - Filling up the DagBag from /home/airflow/.local/lib/python3.12/site-packages/airflow/example_dags/example_dataset_alias_with_no_taskflow.py
[2024-11-11T19:53:47.289+0000] {processor.py:925} INFO - DAG(s) 'dataset_s3_bucket_consumer_with_no_taskflow', 'dataset_alias_example_alias_producer_with_no_taskflow', 'dataset_alias_example_alias_consumer_with_no_taskflow', 'dataset_s3_bucket_producer_with_no_taskflow' retrieved from /home/airflow/.local/lib/python3.12/site-packages/airflow/example_dags/example_dataset_alias_with_no_taskflow.py
[2024-11-11T19:53:47.330+0000] {logging_mixin.py:190} INFO - [2024-11-11T19:53:47.329+0000] {dag.py:3239} INFO - Sync 4 DAGs
[2024-11-11T19:53:47.375+0000] {logging_mixin.py:190} INFO - [2024-11-11T19:53:47.374+0000] {dag.py:4180} INFO - Setting next_dagrun for dataset_alias_example_alias_consumer_with_no_taskflow to None, run_after=None
[2024-11-11T19:53:47.380+0000] {logging_mixin.py:190} INFO - [2024-11-11T19:53:47.380+0000] {dag.py:4180} INFO - Setting next_dagrun for dataset_alias_example_alias_producer_with_no_taskflow to None, run_after=None
[2024-11-11T19:53:47.384+0000] {logging_mixin.py:190} INFO - [2024-11-11T19:53:47.383+0000] {dag.py:4180} INFO - Setting next_dagrun for dataset_s3_bucket_consumer_with_no_taskflow to None, run_after=None
[2024-11-11T19:53:47.387+0000] {logging_mixin.py:190} INFO - [2024-11-11T19:53:47.387+0000] {dag.py:4180} INFO - Setting next_dagrun for dataset_s3_bucket_producer_with_no_taskflow to None, run_after=None
[2024-11-11T19:53:47.431+0000] {processor.py:208} INFO - Processing /home/airflow/.local/lib/python3.12/site-packages/airflow/example_dags/example_dataset_alias_with_no_taskflow.py took 1.149 seconds
[2024-11-11T19:54:17.728+0000] {processor.py:186} INFO - Started process (PID=7362) to work on /home/airflow/.local/lib/python3.12/site-packages/airflow/example_dags/example_dataset_alias_with_no_taskflow.py
[2024-11-11T19:54:17.732+0000] {processor.py:914} INFO - Processing file /home/airflow/.local/lib/python3.12/site-packages/airflow/example_dags/example_dataset_alias_with_no_taskflow.py for tasks to queue
[2024-11-11T19:54:17.742+0000] {logging_mixin.py:190} INFO - [2024-11-11T19:54:17.740+0000] {dagbag.py:588} INFO - Filling up the DagBag from /home/airflow/.local/lib/python3.12/site-packages/airflow/example_dags/example_dataset_alias_with_no_taskflow.py
[2024-11-11T19:54:19.101+0000] {processor.py:925} INFO - DAG(s) 'dataset_s3_bucket_producer_with_no_taskflow', 'dataset_alias_example_alias_consumer_with_no_taskflow', 'dataset_s3_bucket_consumer_with_no_taskflow', 'dataset_alias_example_alias_producer_with_no_taskflow' retrieved from /home/airflow/.local/lib/python3.12/site-packages/airflow/example_dags/example_dataset_alias_with_no_taskflow.py
[2024-11-11T19:54:19.175+0000] {logging_mixin.py:190} INFO - [2024-11-11T19:54:19.174+0000] {dag.py:3239} INFO - Sync 4 DAGs
[2024-11-11T19:54:19.240+0000] {logging_mixin.py:190} INFO - [2024-11-11T19:54:19.239+0000] {dag.py:4180} INFO - Setting next_dagrun for dataset_alias_example_alias_consumer_with_no_taskflow to None, run_after=None
[2024-11-11T19:54:19.246+0000] {logging_mixin.py:190} INFO - [2024-11-11T19:54:19.246+0000] {dag.py:4180} INFO - Setting next_dagrun for dataset_alias_example_alias_producer_with_no_taskflow to None, run_after=None
[2024-11-11T19:54:19.250+0000] {logging_mixin.py:190} INFO - [2024-11-11T19:54:19.250+0000] {dag.py:4180} INFO - Setting next_dagrun for dataset_s3_bucket_consumer_with_no_taskflow to None, run_after=None
[2024-11-11T19:54:19.253+0000] {logging_mixin.py:190} INFO - [2024-11-11T19:54:19.253+0000] {dag.py:4180} INFO - Setting next_dagrun for dataset_s3_bucket_producer_with_no_taskflow to None, run_after=None
[2024-11-11T19:54:19.318+0000] {processor.py:208} INFO - Processing /home/airflow/.local/lib/python3.12/site-packages/airflow/example_dags/example_dataset_alias_with_no_taskflow.py took 1.619 seconds
[2024-11-11T19:54:50.121+0000] {processor.py:186} INFO - Started process (PID=7653) to work on /home/airflow/.local/lib/python3.12/site-packages/airflow/example_dags/example_dataset_alias_with_no_taskflow.py
[2024-11-11T19:54:50.130+0000] {processor.py:914} INFO - Processing file /home/airflow/.local/lib/python3.12/site-packages/airflow/example_dags/example_dataset_alias_with_no_taskflow.py for tasks to queue
[2024-11-11T19:54:50.140+0000] {logging_mixin.py:190} INFO - [2024-11-11T19:54:50.138+0000] {dagbag.py:588} INFO - Filling up the DagBag from /home/airflow/.local/lib/python3.12/site-packages/airflow/example_dags/example_dataset_alias_with_no_taskflow.py
[2024-11-11T19:54:51.412+0000] {processor.py:925} INFO - DAG(s) 'dataset_alias_example_alias_consumer_with_no_taskflow', 'dataset_s3_bucket_consumer_with_no_taskflow', 'dataset_alias_example_alias_producer_with_no_taskflow', 'dataset_s3_bucket_producer_with_no_taskflow' retrieved from /home/airflow/.local/lib/python3.12/site-packages/airflow/example_dags/example_dataset_alias_with_no_taskflow.py
[2024-11-11T19:54:51.457+0000] {logging_mixin.py:190} INFO - [2024-11-11T19:54:51.456+0000] {dag.py:3239} INFO - Sync 4 DAGs
[2024-11-11T19:54:51.495+0000] {logging_mixin.py:190} INFO - [2024-11-11T19:54:51.495+0000] {dag.py:4180} INFO - Setting next_dagrun for dataset_alias_example_alias_consumer_with_no_taskflow to None, run_after=None
[2024-11-11T19:54:51.499+0000] {logging_mixin.py:190} INFO - [2024-11-11T19:54:51.499+0000] {dag.py:4180} INFO - Setting next_dagrun for dataset_alias_example_alias_producer_with_no_taskflow to None, run_after=None
[2024-11-11T19:54:51.501+0000] {logging_mixin.py:190} INFO - [2024-11-11T19:54:51.501+0000] {dag.py:4180} INFO - Setting next_dagrun for dataset_s3_bucket_consumer_with_no_taskflow to None, run_after=None
[2024-11-11T19:54:51.503+0000] {logging_mixin.py:190} INFO - [2024-11-11T19:54:51.503+0000] {dag.py:4180} INFO - Setting next_dagrun for dataset_s3_bucket_producer_with_no_taskflow to None, run_after=None
[2024-11-11T19:54:51.543+0000] {processor.py:208} INFO - Processing /home/airflow/.local/lib/python3.12/site-packages/airflow/example_dags/example_dataset_alias_with_no_taskflow.py took 1.453 seconds
[2024-11-11T19:55:22.817+0000] {processor.py:186} INFO - Started process (PID=7955) to work on /home/airflow/.local/lib/python3.12/site-packages/airflow/example_dags/example_dataset_alias_with_no_taskflow.py
[2024-11-11T19:55:22.819+0000] {processor.py:914} INFO - Processing file /home/airflow/.local/lib/python3.12/site-packages/airflow/example_dags/example_dataset_alias_with_no_taskflow.py for tasks to queue
[2024-11-11T19:55:22.823+0000] {logging_mixin.py:190} INFO - [2024-11-11T19:55:22.822+0000] {dagbag.py:588} INFO - Filling up the DagBag from /home/airflow/.local/lib/python3.12/site-packages/airflow/example_dags/example_dataset_alias_with_no_taskflow.py
[2024-11-11T19:55:24.050+0000] {processor.py:925} INFO - DAG(s) 'dataset_s3_bucket_producer_with_no_taskflow', 'dataset_s3_bucket_consumer_with_no_taskflow', 'dataset_alias_example_alias_producer_with_no_taskflow', 'dataset_alias_example_alias_consumer_with_no_taskflow' retrieved from /home/airflow/.local/lib/python3.12/site-packages/airflow/example_dags/example_dataset_alias_with_no_taskflow.py
[2024-11-11T19:55:24.116+0000] {logging_mixin.py:190} INFO - [2024-11-11T19:55:24.115+0000] {dag.py:3239} INFO - Sync 4 DAGs
[2024-11-11T19:55:24.172+0000] {logging_mixin.py:190} INFO - [2024-11-11T19:55:24.172+0000] {dag.py:4180} INFO - Setting next_dagrun for dataset_alias_example_alias_consumer_with_no_taskflow to None, run_after=None
[2024-11-11T19:55:24.178+0000] {logging_mixin.py:190} INFO - [2024-11-11T19:55:24.177+0000] {dag.py:4180} INFO - Setting next_dagrun for dataset_alias_example_alias_producer_with_no_taskflow to None, run_after=None
[2024-11-11T19:55:24.181+0000] {logging_mixin.py:190} INFO - [2024-11-11T19:55:24.181+0000] {dag.py:4180} INFO - Setting next_dagrun for dataset_s3_bucket_consumer_with_no_taskflow to None, run_after=None
[2024-11-11T19:55:24.184+0000] {logging_mixin.py:190} INFO - [2024-11-11T19:55:24.184+0000] {dag.py:4180} INFO - Setting next_dagrun for dataset_s3_bucket_producer_with_no_taskflow to None, run_after=None
[2024-11-11T19:55:24.235+0000] {processor.py:208} INFO - Processing /home/airflow/.local/lib/python3.12/site-packages/airflow/example_dags/example_dataset_alias_with_no_taskflow.py took 1.435 seconds
[2024-11-11T19:55:55.179+0000] {processor.py:186} INFO - Started process (PID=8255) to work on /home/airflow/.local/lib/python3.12/site-packages/airflow/example_dags/example_dataset_alias_with_no_taskflow.py
[2024-11-11T19:55:55.181+0000] {processor.py:914} INFO - Processing file /home/airflow/.local/lib/python3.12/site-packages/airflow/example_dags/example_dataset_alias_with_no_taskflow.py for tasks to queue
[2024-11-11T19:55:55.186+0000] {logging_mixin.py:190} INFO - [2024-11-11T19:55:55.185+0000] {dagbag.py:588} INFO - Filling up the DagBag from /home/airflow/.local/lib/python3.12/site-packages/airflow/example_dags/example_dataset_alias_with_no_taskflow.py
[2024-11-11T19:55:56.684+0000] {processor.py:925} INFO - DAG(s) 'dataset_s3_bucket_producer_with_no_taskflow', 'dataset_s3_bucket_consumer_with_no_taskflow', 'dataset_alias_example_alias_consumer_with_no_taskflow', 'dataset_alias_example_alias_producer_with_no_taskflow' retrieved from /home/airflow/.local/lib/python3.12/site-packages/airflow/example_dags/example_dataset_alias_with_no_taskflow.py
[2024-11-11T19:55:56.738+0000] {logging_mixin.py:190} INFO - [2024-11-11T19:55:56.736+0000] {dag.py:3239} INFO - Sync 4 DAGs
[2024-11-11T19:55:56.804+0000] {logging_mixin.py:190} INFO - [2024-11-11T19:55:56.804+0000] {dag.py:4180} INFO - Setting next_dagrun for dataset_alias_example_alias_consumer_with_no_taskflow to None, run_after=None
[2024-11-11T19:55:56.810+0000] {logging_mixin.py:190} INFO - [2024-11-11T19:55:56.810+0000] {dag.py:4180} INFO - Setting next_dagrun for dataset_alias_example_alias_producer_with_no_taskflow to None, run_after=None
[2024-11-11T19:55:56.817+0000] {logging_mixin.py:190} INFO - [2024-11-11T19:55:56.817+0000] {dag.py:4180} INFO - Setting next_dagrun for dataset_s3_bucket_consumer_with_no_taskflow to None, run_after=None
[2024-11-11T19:55:56.822+0000] {logging_mixin.py:190} INFO - [2024-11-11T19:55:56.821+0000] {dag.py:4180} INFO - Setting next_dagrun for dataset_s3_bucket_producer_with_no_taskflow to None, run_after=None
[2024-11-11T19:55:56.882+0000] {processor.py:208} INFO - Processing /home/airflow/.local/lib/python3.12/site-packages/airflow/example_dags/example_dataset_alias_with_no_taskflow.py took 1.716 seconds
[2024-11-11T19:56:27.032+0000] {processor.py:186} INFO - Started process (PID=8567) to work on /home/airflow/.local/lib/python3.12/site-packages/airflow/example_dags/example_dataset_alias_with_no_taskflow.py
[2024-11-11T19:56:27.038+0000] {processor.py:914} INFO - Processing file /home/airflow/.local/lib/python3.12/site-packages/airflow/example_dags/example_dataset_alias_with_no_taskflow.py for tasks to queue
[2024-11-11T19:56:27.044+0000] {logging_mixin.py:190} INFO - [2024-11-11T19:56:27.043+0000] {dagbag.py:588} INFO - Filling up the DagBag from /home/airflow/.local/lib/python3.12/site-packages/airflow/example_dags/example_dataset_alias_with_no_taskflow.py
[2024-11-11T19:56:28.325+0000] {processor.py:925} INFO - DAG(s) 'dataset_s3_bucket_consumer_with_no_taskflow', 'dataset_alias_example_alias_producer_with_no_taskflow', 'dataset_s3_bucket_producer_with_no_taskflow', 'dataset_alias_example_alias_consumer_with_no_taskflow' retrieved from /home/airflow/.local/lib/python3.12/site-packages/airflow/example_dags/example_dataset_alias_with_no_taskflow.py
[2024-11-11T19:56:28.380+0000] {logging_mixin.py:190} INFO - [2024-11-11T19:56:28.379+0000] {dag.py:3239} INFO - Sync 4 DAGs
[2024-11-11T19:56:28.439+0000] {logging_mixin.py:190} INFO - [2024-11-11T19:56:28.438+0000] {dag.py:4180} INFO - Setting next_dagrun for dataset_alias_example_alias_consumer_with_no_taskflow to None, run_after=None
[2024-11-11T19:56:28.445+0000] {logging_mixin.py:190} INFO - [2024-11-11T19:56:28.445+0000] {dag.py:4180} INFO - Setting next_dagrun for dataset_alias_example_alias_producer_with_no_taskflow to None, run_after=None
[2024-11-11T19:56:28.449+0000] {logging_mixin.py:190} INFO - [2024-11-11T19:56:28.448+0000] {dag.py:4180} INFO - Setting next_dagrun for dataset_s3_bucket_consumer_with_no_taskflow to None, run_after=None
[2024-11-11T19:56:28.451+0000] {logging_mixin.py:190} INFO - [2024-11-11T19:56:28.451+0000] {dag.py:4180} INFO - Setting next_dagrun for dataset_s3_bucket_producer_with_no_taskflow to None, run_after=None
[2024-11-11T19:56:28.519+0000] {processor.py:208} INFO - Processing /home/airflow/.local/lib/python3.12/site-packages/airflow/example_dags/example_dataset_alias_with_no_taskflow.py took 1.505 seconds
[2024-11-11T19:56:59.291+0000] {processor.py:186} INFO - Started process (PID=8880) to work on /home/airflow/.local/lib/python3.12/site-packages/airflow/example_dags/example_dataset_alias_with_no_taskflow.py
[2024-11-11T19:56:59.293+0000] {processor.py:914} INFO - Processing file /home/airflow/.local/lib/python3.12/site-packages/airflow/example_dags/example_dataset_alias_with_no_taskflow.py for tasks to queue
[2024-11-11T19:56:59.300+0000] {logging_mixin.py:190} INFO - [2024-11-11T19:56:59.299+0000] {dagbag.py:588} INFO - Filling up the DagBag from /home/airflow/.local/lib/python3.12/site-packages/airflow/example_dags/example_dataset_alias_with_no_taskflow.py
[2024-11-11T19:57:00.890+0000] {processor.py:925} INFO - DAG(s) 'dataset_s3_bucket_consumer_with_no_taskflow', 'dataset_alias_example_alias_consumer_with_no_taskflow', 'dataset_s3_bucket_producer_with_no_taskflow', 'dataset_alias_example_alias_producer_with_no_taskflow' retrieved from /home/airflow/.local/lib/python3.12/site-packages/airflow/example_dags/example_dataset_alias_with_no_taskflow.py
[2024-11-11T19:57:00.999+0000] {logging_mixin.py:190} INFO - [2024-11-11T19:57:00.997+0000] {dag.py:3239} INFO - Sync 4 DAGs
[2024-11-11T19:57:01.130+0000] {logging_mixin.py:190} INFO - [2024-11-11T19:57:01.129+0000] {dag.py:4180} INFO - Setting next_dagrun for dataset_alias_example_alias_consumer_with_no_taskflow to None, run_after=None
[2024-11-11T19:57:01.137+0000] {logging_mixin.py:190} INFO - [2024-11-11T19:57:01.137+0000] {dag.py:4180} INFO - Setting next_dagrun for dataset_alias_example_alias_producer_with_no_taskflow to None, run_after=None
[2024-11-11T19:57:01.141+0000] {logging_mixin.py:190} INFO - [2024-11-11T19:57:01.141+0000] {dag.py:4180} INFO - Setting next_dagrun for dataset_s3_bucket_consumer_with_no_taskflow to None, run_after=None
[2024-11-11T19:57:01.145+0000] {logging_mixin.py:190} INFO - [2024-11-11T19:57:01.144+0000] {dag.py:4180} INFO - Setting next_dagrun for dataset_s3_bucket_producer_with_no_taskflow to None, run_after=None
[2024-11-11T19:57:01.218+0000] {processor.py:208} INFO - Processing /home/airflow/.local/lib/python3.12/site-packages/airflow/example_dags/example_dataset_alias_with_no_taskflow.py took 1.958 seconds
[2024-11-11T19:57:31.581+0000] {processor.py:186} INFO - Started process (PID=9179) to work on /home/airflow/.local/lib/python3.12/site-packages/airflow/example_dags/example_dataset_alias_with_no_taskflow.py
[2024-11-11T19:57:31.582+0000] {processor.py:914} INFO - Processing file /home/airflow/.local/lib/python3.12/site-packages/airflow/example_dags/example_dataset_alias_with_no_taskflow.py for tasks to queue
[2024-11-11T19:57:31.587+0000] {logging_mixin.py:190} INFO - [2024-11-11T19:57:31.587+0000] {dagbag.py:588} INFO - Filling up the DagBag from /home/airflow/.local/lib/python3.12/site-packages/airflow/example_dags/example_dataset_alias_with_no_taskflow.py
[2024-11-11T19:57:32.938+0000] {processor.py:925} INFO - DAG(s) 'dataset_s3_bucket_producer_with_no_taskflow', 'dataset_s3_bucket_consumer_with_no_taskflow', 'dataset_alias_example_alias_consumer_with_no_taskflow', 'dataset_alias_example_alias_producer_with_no_taskflow' retrieved from /home/airflow/.local/lib/python3.12/site-packages/airflow/example_dags/example_dataset_alias_with_no_taskflow.py
[2024-11-11T19:57:32.996+0000] {logging_mixin.py:190} INFO - [2024-11-11T19:57:32.995+0000] {dag.py:3239} INFO - Sync 4 DAGs
[2024-11-11T19:57:33.045+0000] {logging_mixin.py:190} INFO - [2024-11-11T19:57:33.044+0000] {dag.py:4180} INFO - Setting next_dagrun for dataset_alias_example_alias_consumer_with_no_taskflow to None, run_after=None
[2024-11-11T19:57:33.049+0000] {logging_mixin.py:190} INFO - [2024-11-11T19:57:33.049+0000] {dag.py:4180} INFO - Setting next_dagrun for dataset_alias_example_alias_producer_with_no_taskflow to None, run_after=None
[2024-11-11T19:57:33.052+0000] {logging_mixin.py:190} INFO - [2024-11-11T19:57:33.052+0000] {dag.py:4180} INFO - Setting next_dagrun for dataset_s3_bucket_consumer_with_no_taskflow to None, run_after=None
[2024-11-11T19:57:33.054+0000] {logging_mixin.py:190} INFO - [2024-11-11T19:57:33.054+0000] {dag.py:4180} INFO - Setting next_dagrun for dataset_s3_bucket_producer_with_no_taskflow to None, run_after=None
[2024-11-11T19:57:33.114+0000] {processor.py:208} INFO - Processing /home/airflow/.local/lib/python3.12/site-packages/airflow/example_dags/example_dataset_alias_with_no_taskflow.py took 1.546 seconds
[2024-11-11T19:58:03.239+0000] {processor.py:186} INFO - Started process (PID=9497) to work on /home/airflow/.local/lib/python3.12/site-packages/airflow/example_dags/example_dataset_alias_with_no_taskflow.py
[2024-11-11T19:58:03.246+0000] {processor.py:914} INFO - Processing file /home/airflow/.local/lib/python3.12/site-packages/airflow/example_dags/example_dataset_alias_with_no_taskflow.py for tasks to queue
[2024-11-11T19:58:03.252+0000] {logging_mixin.py:190} INFO - [2024-11-11T19:58:03.250+0000] {dagbag.py:588} INFO - Filling up the DagBag from /home/airflow/.local/lib/python3.12/site-packages/airflow/example_dags/example_dataset_alias_with_no_taskflow.py
[2024-11-11T19:58:04.443+0000] {processor.py:925} INFO - DAG(s) 'dataset_alias_example_alias_consumer_with_no_taskflow', 'dataset_alias_example_alias_producer_with_no_taskflow', 'dataset_s3_bucket_producer_with_no_taskflow', 'dataset_s3_bucket_consumer_with_no_taskflow' retrieved from /home/airflow/.local/lib/python3.12/site-packages/airflow/example_dags/example_dataset_alias_with_no_taskflow.py
[2024-11-11T19:58:04.504+0000] {logging_mixin.py:190} INFO - [2024-11-11T19:58:04.503+0000] {dag.py:3239} INFO - Sync 4 DAGs
[2024-11-11T19:58:04.568+0000] {logging_mixin.py:190} INFO - [2024-11-11T19:58:04.568+0000] {dag.py:4180} INFO - Setting next_dagrun for dataset_alias_example_alias_consumer_with_no_taskflow to None, run_after=None
[2024-11-11T19:58:04.575+0000] {logging_mixin.py:190} INFO - [2024-11-11T19:58:04.574+0000] {dag.py:4180} INFO - Setting next_dagrun for dataset_alias_example_alias_producer_with_no_taskflow to None, run_after=None
[2024-11-11T19:58:04.579+0000] {logging_mixin.py:190} INFO - [2024-11-11T19:58:04.579+0000] {dag.py:4180} INFO - Setting next_dagrun for dataset_s3_bucket_consumer_with_no_taskflow to None, run_after=None
[2024-11-11T19:58:04.582+0000] {logging_mixin.py:190} INFO - [2024-11-11T19:58:04.582+0000] {dag.py:4180} INFO - Setting next_dagrun for dataset_s3_bucket_producer_with_no_taskflow to None, run_after=None
[2024-11-11T19:58:04.642+0000] {processor.py:208} INFO - Processing /home/airflow/.local/lib/python3.12/site-packages/airflow/example_dags/example_dataset_alias_with_no_taskflow.py took 1.423 seconds
[2024-11-11T19:58:34.806+0000] {processor.py:186} INFO - Started process (PID=9793) to work on /home/airflow/.local/lib/python3.12/site-packages/airflow/example_dags/example_dataset_alias_with_no_taskflow.py
[2024-11-11T19:58:34.810+0000] {processor.py:914} INFO - Processing file /home/airflow/.local/lib/python3.12/site-packages/airflow/example_dags/example_dataset_alias_with_no_taskflow.py for tasks to queue
[2024-11-11T19:58:34.822+0000] {logging_mixin.py:190} INFO - [2024-11-11T19:58:34.820+0000] {dagbag.py:588} INFO - Filling up the DagBag from /home/airflow/.local/lib/python3.12/site-packages/airflow/example_dags/example_dataset_alias_with_no_taskflow.py
[2024-11-11T19:58:35.918+0000] {processor.py:925} INFO - DAG(s) 'dataset_alias_example_alias_consumer_with_no_taskflow', 'dataset_s3_bucket_producer_with_no_taskflow', 'dataset_alias_example_alias_producer_with_no_taskflow', 'dataset_s3_bucket_consumer_with_no_taskflow' retrieved from /home/airflow/.local/lib/python3.12/site-packages/airflow/example_dags/example_dataset_alias_with_no_taskflow.py
[2024-11-11T19:58:35.958+0000] {logging_mixin.py:190} INFO - [2024-11-11T19:58:35.958+0000] {dag.py:3239} INFO - Sync 4 DAGs
[2024-11-11T19:58:36.007+0000] {logging_mixin.py:190} INFO - [2024-11-11T19:58:36.007+0000] {dag.py:4180} INFO - Setting next_dagrun for dataset_alias_example_alias_consumer_with_no_taskflow to None, run_after=None
[2024-11-11T19:58:36.012+0000] {logging_mixin.py:190} INFO - [2024-11-11T19:58:36.012+0000] {dag.py:4180} INFO - Setting next_dagrun for dataset_alias_example_alias_producer_with_no_taskflow to None, run_after=None
[2024-11-11T19:58:36.015+0000] {logging_mixin.py:190} INFO - [2024-11-11T19:58:36.015+0000] {dag.py:4180} INFO - Setting next_dagrun for dataset_s3_bucket_consumer_with_no_taskflow to None, run_after=None
[2024-11-11T19:58:36.018+0000] {logging_mixin.py:190} INFO - [2024-11-11T19:58:36.018+0000] {dag.py:4180} INFO - Setting next_dagrun for dataset_s3_bucket_producer_with_no_taskflow to None, run_after=None
[2024-11-11T19:58:36.067+0000] {processor.py:208} INFO - Processing /home/airflow/.local/lib/python3.12/site-packages/airflow/example_dags/example_dataset_alias_with_no_taskflow.py took 1.290 seconds
[2024-11-11T19:59:06.930+0000] {processor.py:186} INFO - Started process (PID=10109) to work on /home/airflow/.local/lib/python3.12/site-packages/airflow/example_dags/example_dataset_alias_with_no_taskflow.py
[2024-11-11T19:59:06.933+0000] {processor.py:914} INFO - Processing file /home/airflow/.local/lib/python3.12/site-packages/airflow/example_dags/example_dataset_alias_with_no_taskflow.py for tasks to queue
[2024-11-11T19:59:06.938+0000] {logging_mixin.py:190} INFO - [2024-11-11T19:59:06.937+0000] {dagbag.py:588} INFO - Filling up the DagBag from /home/airflow/.local/lib/python3.12/site-packages/airflow/example_dags/example_dataset_alias_with_no_taskflow.py
[2024-11-11T19:59:07.924+0000] {processor.py:925} INFO - DAG(s) 'dataset_alias_example_alias_producer_with_no_taskflow', 'dataset_s3_bucket_producer_with_no_taskflow', 'dataset_alias_example_alias_consumer_with_no_taskflow', 'dataset_s3_bucket_consumer_with_no_taskflow' retrieved from /home/airflow/.local/lib/python3.12/site-packages/airflow/example_dags/example_dataset_alias_with_no_taskflow.py
[2024-11-11T19:59:07.987+0000] {logging_mixin.py:190} INFO - [2024-11-11T19:59:07.986+0000] {dag.py:3239} INFO - Sync 4 DAGs
[2024-11-11T19:59:08.041+0000] {logging_mixin.py:190} INFO - [2024-11-11T19:59:08.041+0000] {dag.py:4180} INFO - Setting next_dagrun for dataset_alias_example_alias_consumer_with_no_taskflow to None, run_after=None
[2024-11-11T19:59:08.047+0000] {logging_mixin.py:190} INFO - [2024-11-11T19:59:08.047+0000] {dag.py:4180} INFO - Setting next_dagrun for dataset_alias_example_alias_producer_with_no_taskflow to None, run_after=None
[2024-11-11T19:59:08.052+0000] {logging_mixin.py:190} INFO - [2024-11-11T19:59:08.051+0000] {dag.py:4180} INFO - Setting next_dagrun for dataset_s3_bucket_consumer_with_no_taskflow to None, run_after=None
[2024-11-11T19:59:08.054+0000] {logging_mixin.py:190} INFO - [2024-11-11T19:59:08.054+0000] {dag.py:4180} INFO - Setting next_dagrun for dataset_s3_bucket_producer_with_no_taskflow to None, run_after=None
[2024-11-11T19:59:08.105+0000] {processor.py:208} INFO - Processing /home/airflow/.local/lib/python3.12/site-packages/airflow/example_dags/example_dataset_alias_with_no_taskflow.py took 1.190 seconds
[2024-11-11T19:59:38.227+0000] {processor.py:186} INFO - Started process (PID=10413) to work on /home/airflow/.local/lib/python3.12/site-packages/airflow/example_dags/example_dataset_alias_with_no_taskflow.py
[2024-11-11T19:59:38.229+0000] {processor.py:914} INFO - Processing file /home/airflow/.local/lib/python3.12/site-packages/airflow/example_dags/example_dataset_alias_with_no_taskflow.py for tasks to queue
[2024-11-11T19:59:38.237+0000] {logging_mixin.py:190} INFO - [2024-11-11T19:59:38.237+0000] {dagbag.py:588} INFO - Filling up the DagBag from /home/airflow/.local/lib/python3.12/site-packages/airflow/example_dags/example_dataset_alias_with_no_taskflow.py
[2024-11-11T19:59:41.220+0000] {processor.py:925} INFO - DAG(s) 'dataset_alias_example_alias_consumer_with_no_taskflow', 'dataset_s3_bucket_producer_with_no_taskflow', 'dataset_alias_example_alias_producer_with_no_taskflow', 'dataset_s3_bucket_consumer_with_no_taskflow' retrieved from /home/airflow/.local/lib/python3.12/site-packages/airflow/example_dags/example_dataset_alias_with_no_taskflow.py
[2024-11-11T19:59:41.427+0000] {logging_mixin.py:190} INFO - [2024-11-11T19:59:41.425+0000] {dag.py:3239} INFO - Sync 4 DAGs
[2024-11-11T19:59:41.562+0000] {logging_mixin.py:190} INFO - [2024-11-11T19:59:41.561+0000] {dag.py:4180} INFO - Setting next_dagrun for dataset_alias_example_alias_consumer_with_no_taskflow to None, run_after=None
[2024-11-11T19:59:41.578+0000] {logging_mixin.py:190} INFO - [2024-11-11T19:59:41.571+0000] {dag.py:4180} INFO - Setting next_dagrun for dataset_alias_example_alias_producer_with_no_taskflow to None, run_after=None
[2024-11-11T19:59:41.585+0000] {logging_mixin.py:190} INFO - [2024-11-11T19:59:41.584+0000] {dag.py:4180} INFO - Setting next_dagrun for dataset_s3_bucket_consumer_with_no_taskflow to None, run_after=None
[2024-11-11T19:59:41.592+0000] {logging_mixin.py:190} INFO - [2024-11-11T19:59:41.591+0000] {dag.py:4180} INFO - Setting next_dagrun for dataset_s3_bucket_producer_with_no_taskflow to None, run_after=None
[2024-11-11T19:59:41.669+0000] {processor.py:208} INFO - Processing /home/airflow/.local/lib/python3.12/site-packages/airflow/example_dags/example_dataset_alias_with_no_taskflow.py took 3.462 seconds
[2024-11-11T20:00:12.110+0000] {processor.py:186} INFO - Started process (PID=10722) to work on /home/airflow/.local/lib/python3.12/site-packages/airflow/example_dags/example_dataset_alias_with_no_taskflow.py
[2024-11-11T20:00:12.114+0000] {processor.py:914} INFO - Processing file /home/airflow/.local/lib/python3.12/site-packages/airflow/example_dags/example_dataset_alias_with_no_taskflow.py for tasks to queue
[2024-11-11T20:00:12.120+0000] {logging_mixin.py:190} INFO - [2024-11-11T20:00:12.119+0000] {dagbag.py:588} INFO - Filling up the DagBag from /home/airflow/.local/lib/python3.12/site-packages/airflow/example_dags/example_dataset_alias_with_no_taskflow.py
[2024-11-11T20:00:13.260+0000] {processor.py:925} INFO - DAG(s) 'dataset_alias_example_alias_consumer_with_no_taskflow', 'dataset_alias_example_alias_producer_with_no_taskflow', 'dataset_s3_bucket_consumer_with_no_taskflow', 'dataset_s3_bucket_producer_with_no_taskflow' retrieved from /home/airflow/.local/lib/python3.12/site-packages/airflow/example_dags/example_dataset_alias_with_no_taskflow.py
[2024-11-11T20:00:13.302+0000] {logging_mixin.py:190} INFO - [2024-11-11T20:00:13.301+0000] {dag.py:3239} INFO - Sync 4 DAGs
[2024-11-11T20:00:13.346+0000] {logging_mixin.py:190} INFO - [2024-11-11T20:00:13.345+0000] {dag.py:4180} INFO - Setting next_dagrun for dataset_alias_example_alias_consumer_with_no_taskflow to None, run_after=None
[2024-11-11T20:00:13.350+0000] {logging_mixin.py:190} INFO - [2024-11-11T20:00:13.350+0000] {dag.py:4180} INFO - Setting next_dagrun for dataset_alias_example_alias_producer_with_no_taskflow to None, run_after=None
[2024-11-11T20:00:13.353+0000] {logging_mixin.py:190} INFO - [2024-11-11T20:00:13.353+0000] {dag.py:4180} INFO - Setting next_dagrun for dataset_s3_bucket_consumer_with_no_taskflow to None, run_after=None
[2024-11-11T20:00:13.356+0000] {logging_mixin.py:190} INFO - [2024-11-11T20:00:13.355+0000] {dag.py:4180} INFO - Setting next_dagrun for dataset_s3_bucket_producer_with_no_taskflow to None, run_after=None
[2024-11-11T20:00:13.395+0000] {processor.py:208} INFO - Processing /home/airflow/.local/lib/python3.12/site-packages/airflow/example_dags/example_dataset_alias_with_no_taskflow.py took 1.304 seconds
[2024-11-11T20:00:43.613+0000] {processor.py:186} INFO - Started process (PID=11031) to work on /home/airflow/.local/lib/python3.12/site-packages/airflow/example_dags/example_dataset_alias_with_no_taskflow.py
[2024-11-11T20:00:43.614+0000] {processor.py:914} INFO - Processing file /home/airflow/.local/lib/python3.12/site-packages/airflow/example_dags/example_dataset_alias_with_no_taskflow.py for tasks to queue
[2024-11-11T20:00:43.618+0000] {logging_mixin.py:190} INFO - [2024-11-11T20:00:43.617+0000] {dagbag.py:588} INFO - Filling up the DagBag from /home/airflow/.local/lib/python3.12/site-packages/airflow/example_dags/example_dataset_alias_with_no_taskflow.py
[2024-11-11T20:00:44.966+0000] {processor.py:925} INFO - DAG(s) 'dataset_alias_example_alias_producer_with_no_taskflow', 'dataset_s3_bucket_consumer_with_no_taskflow', 'dataset_alias_example_alias_consumer_with_no_taskflow', 'dataset_s3_bucket_producer_with_no_taskflow' retrieved from /home/airflow/.local/lib/python3.12/site-packages/airflow/example_dags/example_dataset_alias_with_no_taskflow.py
[2024-11-11T20:00:45.043+0000] {logging_mixin.py:190} INFO - [2024-11-11T20:00:45.042+0000] {dag.py:3239} INFO - Sync 4 DAGs
[2024-11-11T20:00:45.116+0000] {logging_mixin.py:190} INFO - [2024-11-11T20:00:45.116+0000] {dag.py:4180} INFO - Setting next_dagrun for dataset_alias_example_alias_consumer_with_no_taskflow to None, run_after=None
[2024-11-11T20:00:45.124+0000] {logging_mixin.py:190} INFO - [2024-11-11T20:00:45.123+0000] {dag.py:4180} INFO - Setting next_dagrun for dataset_alias_example_alias_producer_with_no_taskflow to None, run_after=None
[2024-11-11T20:00:45.128+0000] {logging_mixin.py:190} INFO - [2024-11-11T20:00:45.127+0000] {dag.py:4180} INFO - Setting next_dagrun for dataset_s3_bucket_consumer_with_no_taskflow to None, run_after=None
[2024-11-11T20:00:45.132+0000] {logging_mixin.py:190} INFO - [2024-11-11T20:00:45.131+0000] {dag.py:4180} INFO - Setting next_dagrun for dataset_s3_bucket_producer_with_no_taskflow to None, run_after=None
[2024-11-11T20:00:45.192+0000] {processor.py:208} INFO - Processing /home/airflow/.local/lib/python3.12/site-packages/airflow/example_dags/example_dataset_alias_with_no_taskflow.py took 1.591 seconds
[2024-11-11T20:01:15.432+0000] {processor.py:186} INFO - Started process (PID=11334) to work on /home/airflow/.local/lib/python3.12/site-packages/airflow/example_dags/example_dataset_alias_with_no_taskflow.py
[2024-11-11T20:01:15.436+0000] {processor.py:914} INFO - Processing file /home/airflow/.local/lib/python3.12/site-packages/airflow/example_dags/example_dataset_alias_with_no_taskflow.py for tasks to queue
[2024-11-11T20:01:15.446+0000] {logging_mixin.py:190} INFO - [2024-11-11T20:01:15.444+0000] {dagbag.py:588} INFO - Filling up the DagBag from /home/airflow/.local/lib/python3.12/site-packages/airflow/example_dags/example_dataset_alias_with_no_taskflow.py
[2024-11-11T20:01:16.549+0000] {processor.py:925} INFO - DAG(s) 'dataset_s3_bucket_producer_with_no_taskflow', 'dataset_alias_example_alias_producer_with_no_taskflow', 'dataset_s3_bucket_consumer_with_no_taskflow', 'dataset_alias_example_alias_consumer_with_no_taskflow' retrieved from /home/airflow/.local/lib/python3.12/site-packages/airflow/example_dags/example_dataset_alias_with_no_taskflow.py
[2024-11-11T20:01:16.590+0000] {logging_mixin.py:190} INFO - [2024-11-11T20:01:16.589+0000] {dag.py:3239} INFO - Sync 4 DAGs
[2024-11-11T20:01:16.668+0000] {logging_mixin.py:190} INFO - [2024-11-11T20:01:16.667+0000] {dag.py:4180} INFO - Setting next_dagrun for dataset_alias_example_alias_consumer_with_no_taskflow to None, run_after=None
[2024-11-11T20:01:16.679+0000] {logging_mixin.py:190} INFO - [2024-11-11T20:01:16.678+0000] {dag.py:4180} INFO - Setting next_dagrun for dataset_alias_example_alias_producer_with_no_taskflow to None, run_after=None
[2024-11-11T20:01:16.686+0000] {logging_mixin.py:190} INFO - [2024-11-11T20:01:16.685+0000] {dag.py:4180} INFO - Setting next_dagrun for dataset_s3_bucket_consumer_with_no_taskflow to None, run_after=None
[2024-11-11T20:01:16.692+0000] {logging_mixin.py:190} INFO - [2024-11-11T20:01:16.691+0000] {dag.py:4180} INFO - Setting next_dagrun for dataset_s3_bucket_producer_with_no_taskflow to None, run_after=None
[2024-11-11T20:01:16.780+0000] {processor.py:208} INFO - Processing /home/airflow/.local/lib/python3.12/site-packages/airflow/example_dags/example_dataset_alias_with_no_taskflow.py took 1.382 seconds
[2024-11-11T20:01:47.030+0000] {processor.py:186} INFO - Started process (PID=11654) to work on /home/airflow/.local/lib/python3.12/site-packages/airflow/example_dags/example_dataset_alias_with_no_taskflow.py
[2024-11-11T20:01:47.032+0000] {processor.py:914} INFO - Processing file /home/airflow/.local/lib/python3.12/site-packages/airflow/example_dags/example_dataset_alias_with_no_taskflow.py for tasks to queue
[2024-11-11T20:01:47.036+0000] {logging_mixin.py:190} INFO - [2024-11-11T20:01:47.035+0000] {dagbag.py:588} INFO - Filling up the DagBag from /home/airflow/.local/lib/python3.12/site-packages/airflow/example_dags/example_dataset_alias_with_no_taskflow.py
[2024-11-11T20:01:48.050+0000] {processor.py:925} INFO - DAG(s) 'dataset_s3_bucket_consumer_with_no_taskflow', 'dataset_alias_example_alias_producer_with_no_taskflow', 'dataset_alias_example_alias_consumer_with_no_taskflow', 'dataset_s3_bucket_producer_with_no_taskflow' retrieved from /home/airflow/.local/lib/python3.12/site-packages/airflow/example_dags/example_dataset_alias_with_no_taskflow.py
[2024-11-11T20:01:48.099+0000] {logging_mixin.py:190} INFO - [2024-11-11T20:01:48.098+0000] {dag.py:3239} INFO - Sync 4 DAGs
[2024-11-11T20:01:48.153+0000] {logging_mixin.py:190} INFO - [2024-11-11T20:01:48.153+0000] {dag.py:4180} INFO - Setting next_dagrun for dataset_alias_example_alias_consumer_with_no_taskflow to None, run_after=None
[2024-11-11T20:01:48.159+0000] {logging_mixin.py:190} INFO - [2024-11-11T20:01:48.158+0000] {dag.py:4180} INFO - Setting next_dagrun for dataset_alias_example_alias_producer_with_no_taskflow to None, run_after=None
[2024-11-11T20:01:48.162+0000] {logging_mixin.py:190} INFO - [2024-11-11T20:01:48.162+0000] {dag.py:4180} INFO - Setting next_dagrun for dataset_s3_bucket_consumer_with_no_taskflow to None, run_after=None
[2024-11-11T20:01:48.165+0000] {logging_mixin.py:190} INFO - [2024-11-11T20:01:48.165+0000] {dag.py:4180} INFO - Setting next_dagrun for dataset_s3_bucket_producer_with_no_taskflow to None, run_after=None
[2024-11-11T20:01:48.217+0000] {processor.py:208} INFO - Processing /home/airflow/.local/lib/python3.12/site-packages/airflow/example_dags/example_dataset_alias_with_no_taskflow.py took 1.204 seconds
[2024-11-11T20:02:18.310+0000] {processor.py:186} INFO - Started process (PID=11952) to work on /home/airflow/.local/lib/python3.12/site-packages/airflow/example_dags/example_dataset_alias_with_no_taskflow.py
[2024-11-11T20:02:18.312+0000] {processor.py:914} INFO - Processing file /home/airflow/.local/lib/python3.12/site-packages/airflow/example_dags/example_dataset_alias_with_no_taskflow.py for tasks to queue
[2024-11-11T20:02:18.316+0000] {logging_mixin.py:190} INFO - [2024-11-11T20:02:18.315+0000] {dagbag.py:588} INFO - Filling up the DagBag from /home/airflow/.local/lib/python3.12/site-packages/airflow/example_dags/example_dataset_alias_with_no_taskflow.py
[2024-11-11T20:02:19.508+0000] {processor.py:925} INFO - DAG(s) 'dataset_alias_example_alias_producer_with_no_taskflow', 'dataset_alias_example_alias_consumer_with_no_taskflow', 'dataset_s3_bucket_consumer_with_no_taskflow', 'dataset_s3_bucket_producer_with_no_taskflow' retrieved from /home/airflow/.local/lib/python3.12/site-packages/airflow/example_dags/example_dataset_alias_with_no_taskflow.py
[2024-11-11T20:02:19.572+0000] {logging_mixin.py:190} INFO - [2024-11-11T20:02:19.571+0000] {dag.py:3239} INFO - Sync 4 DAGs
[2024-11-11T20:02:19.647+0000] {logging_mixin.py:190} INFO - [2024-11-11T20:02:19.646+0000] {dag.py:4180} INFO - Setting next_dagrun for dataset_alias_example_alias_consumer_with_no_taskflow to None, run_after=None
[2024-11-11T20:02:19.654+0000] {logging_mixin.py:190} INFO - [2024-11-11T20:02:19.654+0000] {dag.py:4180} INFO - Setting next_dagrun for dataset_alias_example_alias_producer_with_no_taskflow to None, run_after=None
[2024-11-11T20:02:19.659+0000] {logging_mixin.py:190} INFO - [2024-11-11T20:02:19.658+0000] {dag.py:4180} INFO - Setting next_dagrun for dataset_s3_bucket_consumer_with_no_taskflow to None, run_after=None
[2024-11-11T20:02:19.662+0000] {logging_mixin.py:190} INFO - [2024-11-11T20:02:19.662+0000] {dag.py:4180} INFO - Setting next_dagrun for dataset_s3_bucket_producer_with_no_taskflow to None, run_after=None
[2024-11-11T20:02:19.717+0000] {processor.py:208} INFO - Processing /home/airflow/.local/lib/python3.12/site-packages/airflow/example_dags/example_dataset_alias_with_no_taskflow.py took 1.418 seconds
[2024-11-11T20:02:49.860+0000] {processor.py:186} INFO - Started process (PID=12246) to work on /home/airflow/.local/lib/python3.12/site-packages/airflow/example_dags/example_dataset_alias_with_no_taskflow.py
[2024-11-11T20:02:49.863+0000] {processor.py:914} INFO - Processing file /home/airflow/.local/lib/python3.12/site-packages/airflow/example_dags/example_dataset_alias_with_no_taskflow.py for tasks to queue
[2024-11-11T20:02:49.868+0000] {logging_mixin.py:190} INFO - [2024-11-11T20:02:49.867+0000] {dagbag.py:588} INFO - Filling up the DagBag from /home/airflow/.local/lib/python3.12/site-packages/airflow/example_dags/example_dataset_alias_with_no_taskflow.py
[2024-11-11T20:02:51.163+0000] {processor.py:925} INFO - DAG(s) 'dataset_alias_example_alias_consumer_with_no_taskflow', 'dataset_s3_bucket_producer_with_no_taskflow', 'dataset_s3_bucket_consumer_with_no_taskflow', 'dataset_alias_example_alias_producer_with_no_taskflow' retrieved from /home/airflow/.local/lib/python3.12/site-packages/airflow/example_dags/example_dataset_alias_with_no_taskflow.py
[2024-11-11T20:02:51.215+0000] {logging_mixin.py:190} INFO - [2024-11-11T20:02:51.214+0000] {dag.py:3239} INFO - Sync 4 DAGs
[2024-11-11T20:02:51.270+0000] {logging_mixin.py:190} INFO - [2024-11-11T20:02:51.269+0000] {dag.py:4180} INFO - Setting next_dagrun for dataset_alias_example_alias_consumer_with_no_taskflow to None, run_after=None
[2024-11-11T20:02:51.278+0000] {logging_mixin.py:190} INFO - [2024-11-11T20:02:51.277+0000] {dag.py:4180} INFO - Setting next_dagrun for dataset_alias_example_alias_producer_with_no_taskflow to None, run_after=None
[2024-11-11T20:02:51.282+0000] {logging_mixin.py:190} INFO - [2024-11-11T20:02:51.281+0000] {dag.py:4180} INFO - Setting next_dagrun for dataset_s3_bucket_consumer_with_no_taskflow to None, run_after=None
[2024-11-11T20:02:51.285+0000] {logging_mixin.py:190} INFO - [2024-11-11T20:02:51.285+0000] {dag.py:4180} INFO - Setting next_dagrun for dataset_s3_bucket_producer_with_no_taskflow to None, run_after=None
[2024-11-11T20:02:51.320+0000] {processor.py:208} INFO - Processing /home/airflow/.local/lib/python3.12/site-packages/airflow/example_dags/example_dataset_alias_with_no_taskflow.py took 1.476 seconds
