[2024-11-11T19:41:32.630+0000] {processor.py:186} INFO - Started process (PID=277) to work on /home/airflow/.local/lib/python3.12/site-packages/airflow/example_dags/example_dynamic_task_mapping.py
[2024-11-11T19:41:32.632+0000] {processor.py:914} INFO - Processing file /home/airflow/.local/lib/python3.12/site-packages/airflow/example_dags/example_dynamic_task_mapping.py for tasks to queue
[2024-11-11T19:41:32.641+0000] {logging_mixin.py:190} INFO - [2024-11-11T19:41:32.640+0000] {dagbag.py:588} INFO - Filling up the DagBag from /home/airflow/.local/lib/python3.12/site-packages/airflow/example_dags/example_dynamic_task_mapping.py
[2024-11-11T19:41:32.668+0000] {processor.py:925} INFO - DAG(s) 'example_dynamic_task_mapping' retrieved from /home/airflow/.local/lib/python3.12/site-packages/airflow/example_dags/example_dynamic_task_mapping.py
[2024-11-11T19:41:32.975+0000] {logging_mixin.py:190} INFO - [2024-11-11T19:41:32.973+0000] {override.py:1911} INFO - Created Permission View: can delete on DAG:example_dynamic_task_mapping
[2024-11-11T19:41:33.004+0000] {logging_mixin.py:190} INFO - [2024-11-11T19:41:33.003+0000] {override.py:1911} INFO - Created Permission View: can read on DAG:example_dynamic_task_mapping
[2024-11-11T19:41:33.021+0000] {logging_mixin.py:190} INFO - [2024-11-11T19:41:33.020+0000] {override.py:1911} INFO - Created Permission View: can edit on DAG:example_dynamic_task_mapping
[2024-11-11T19:41:33.039+0000] {logging_mixin.py:190} INFO - [2024-11-11T19:41:33.039+0000] {override.py:1911} INFO - Created Permission View: can delete on DAG Run:example_dynamic_task_mapping
[2024-11-11T19:41:33.056+0000] {logging_mixin.py:190} INFO - [2024-11-11T19:41:33.056+0000] {override.py:1911} INFO - Created Permission View: can create on DAG Run:example_dynamic_task_mapping
[2024-11-11T19:41:33.073+0000] {logging_mixin.py:190} INFO - [2024-11-11T19:41:33.073+0000] {override.py:1911} INFO - Created Permission View: menu access on DAG Run:example_dynamic_task_mapping
[2024-11-11T19:41:33.093+0000] {logging_mixin.py:190} INFO - [2024-11-11T19:41:33.092+0000] {override.py:1911} INFO - Created Permission View: can read on DAG Run:example_dynamic_task_mapping
[2024-11-11T19:41:33.094+0000] {logging_mixin.py:190} INFO - [2024-11-11T19:41:33.094+0000] {dag.py:3239} INFO - Sync 1 DAGs
[2024-11-11T19:41:33.143+0000] {logging_mixin.py:190} INFO - [2024-11-11T19:41:33.143+0000] {dag.py:3262} INFO - Creating ORM DAG for example_dynamic_task_mapping
[2024-11-11T19:41:33.145+0000] {logging_mixin.py:190} INFO - [2024-11-11T19:41:33.144+0000] {dag.py:4180} INFO - Setting next_dagrun for example_dynamic_task_mapping to None, run_after=None
[2024-11-11T19:41:33.182+0000] {processor.py:208} INFO - Processing /home/airflow/.local/lib/python3.12/site-packages/airflow/example_dags/example_dynamic_task_mapping.py took 0.572 seconds
[2024-11-11T19:42:03.825+0000] {processor.py:186} INFO - Started process (PID=568) to work on /home/airflow/.local/lib/python3.12/site-packages/airflow/example_dags/example_dynamic_task_mapping.py
[2024-11-11T19:42:03.827+0000] {processor.py:914} INFO - Processing file /home/airflow/.local/lib/python3.12/site-packages/airflow/example_dags/example_dynamic_task_mapping.py for tasks to queue
[2024-11-11T19:42:03.831+0000] {logging_mixin.py:190} INFO - [2024-11-11T19:42:03.830+0000] {dagbag.py:588} INFO - Filling up the DagBag from /home/airflow/.local/lib/python3.12/site-packages/airflow/example_dags/example_dynamic_task_mapping.py
[2024-11-11T19:42:03.868+0000] {processor.py:925} INFO - DAG(s) 'example_dynamic_task_mapping' retrieved from /home/airflow/.local/lib/python3.12/site-packages/airflow/example_dags/example_dynamic_task_mapping.py
[2024-11-11T19:42:03.987+0000] {logging_mixin.py:190} INFO - [2024-11-11T19:42:03.986+0000] {dag.py:3239} INFO - Sync 1 DAGs
[2024-11-11T19:42:04.097+0000] {logging_mixin.py:190} INFO - [2024-11-11T19:42:04.096+0000] {dag.py:4180} INFO - Setting next_dagrun for example_dynamic_task_mapping to None, run_after=None
[2024-11-11T19:42:04.174+0000] {processor.py:208} INFO - Processing /home/airflow/.local/lib/python3.12/site-packages/airflow/example_dags/example_dynamic_task_mapping.py took 0.366 seconds
[2024-11-11T19:42:34.339+0000] {processor.py:186} INFO - Started process (PID=857) to work on /home/airflow/.local/lib/python3.12/site-packages/airflow/example_dags/example_dynamic_task_mapping.py
[2024-11-11T19:42:34.341+0000] {processor.py:914} INFO - Processing file /home/airflow/.local/lib/python3.12/site-packages/airflow/example_dags/example_dynamic_task_mapping.py for tasks to queue
[2024-11-11T19:42:34.345+0000] {logging_mixin.py:190} INFO - [2024-11-11T19:42:34.344+0000] {dagbag.py:588} INFO - Filling up the DagBag from /home/airflow/.local/lib/python3.12/site-packages/airflow/example_dags/example_dynamic_task_mapping.py
[2024-11-11T19:42:34.361+0000] {processor.py:925} INFO - DAG(s) 'example_dynamic_task_mapping' retrieved from /home/airflow/.local/lib/python3.12/site-packages/airflow/example_dags/example_dynamic_task_mapping.py
[2024-11-11T19:42:34.390+0000] {logging_mixin.py:190} INFO - [2024-11-11T19:42:34.390+0000] {dag.py:3239} INFO - Sync 1 DAGs
[2024-11-11T19:42:34.416+0000] {logging_mixin.py:190} INFO - [2024-11-11T19:42:34.415+0000] {dag.py:4180} INFO - Setting next_dagrun for example_dynamic_task_mapping to None, run_after=None
[2024-11-11T19:42:34.463+0000] {processor.py:208} INFO - Processing /home/airflow/.local/lib/python3.12/site-packages/airflow/example_dags/example_dynamic_task_mapping.py took 0.135 seconds
[2024-11-11T19:43:04.856+0000] {processor.py:186} INFO - Started process (PID=1142) to work on /home/airflow/.local/lib/python3.12/site-packages/airflow/example_dags/example_dynamic_task_mapping.py
[2024-11-11T19:43:04.858+0000] {processor.py:914} INFO - Processing file /home/airflow/.local/lib/python3.12/site-packages/airflow/example_dags/example_dynamic_task_mapping.py for tasks to queue
[2024-11-11T19:43:04.862+0000] {logging_mixin.py:190} INFO - [2024-11-11T19:43:04.861+0000] {dagbag.py:588} INFO - Filling up the DagBag from /home/airflow/.local/lib/python3.12/site-packages/airflow/example_dags/example_dynamic_task_mapping.py
[2024-11-11T19:43:04.876+0000] {processor.py:925} INFO - DAG(s) 'example_dynamic_task_mapping' retrieved from /home/airflow/.local/lib/python3.12/site-packages/airflow/example_dags/example_dynamic_task_mapping.py
[2024-11-11T19:43:04.907+0000] {logging_mixin.py:190} INFO - [2024-11-11T19:43:04.906+0000] {dag.py:3239} INFO - Sync 1 DAGs
[2024-11-11T19:43:04.934+0000] {logging_mixin.py:190} INFO - [2024-11-11T19:43:04.934+0000] {dag.py:4180} INFO - Setting next_dagrun for example_dynamic_task_mapping to None, run_after=None
[2024-11-11T19:43:04.981+0000] {processor.py:208} INFO - Processing /home/airflow/.local/lib/python3.12/site-packages/airflow/example_dags/example_dynamic_task_mapping.py took 0.136 seconds
[2024-11-11T19:43:35.110+0000] {processor.py:186} INFO - Started process (PID=1431) to work on /home/airflow/.local/lib/python3.12/site-packages/airflow/example_dags/example_dynamic_task_mapping.py
[2024-11-11T19:43:35.119+0000] {processor.py:914} INFO - Processing file /home/airflow/.local/lib/python3.12/site-packages/airflow/example_dags/example_dynamic_task_mapping.py for tasks to queue
[2024-11-11T19:43:35.128+0000] {logging_mixin.py:190} INFO - [2024-11-11T19:43:35.126+0000] {dagbag.py:588} INFO - Filling up the DagBag from /home/airflow/.local/lib/python3.12/site-packages/airflow/example_dags/example_dynamic_task_mapping.py
[2024-11-11T19:43:35.161+0000] {processor.py:925} INFO - DAG(s) 'example_dynamic_task_mapping' retrieved from /home/airflow/.local/lib/python3.12/site-packages/airflow/example_dags/example_dynamic_task_mapping.py
[2024-11-11T19:43:35.232+0000] {logging_mixin.py:190} INFO - [2024-11-11T19:43:35.231+0000] {dag.py:3239} INFO - Sync 1 DAGs
[2024-11-11T19:43:35.266+0000] {logging_mixin.py:190} INFO - [2024-11-11T19:43:35.266+0000] {dag.py:4180} INFO - Setting next_dagrun for example_dynamic_task_mapping to None, run_after=None
[2024-11-11T19:43:35.310+0000] {processor.py:208} INFO - Processing /home/airflow/.local/lib/python3.12/site-packages/airflow/example_dags/example_dynamic_task_mapping.py took 0.229 seconds
[2024-11-11T19:44:05.677+0000] {processor.py:186} INFO - Started process (PID=1722) to work on /home/airflow/.local/lib/python3.12/site-packages/airflow/example_dags/example_dynamic_task_mapping.py
[2024-11-11T19:44:05.680+0000] {processor.py:914} INFO - Processing file /home/airflow/.local/lib/python3.12/site-packages/airflow/example_dags/example_dynamic_task_mapping.py for tasks to queue
[2024-11-11T19:44:05.685+0000] {logging_mixin.py:190} INFO - [2024-11-11T19:44:05.685+0000] {dagbag.py:588} INFO - Filling up the DagBag from /home/airflow/.local/lib/python3.12/site-packages/airflow/example_dags/example_dynamic_task_mapping.py
[2024-11-11T19:44:05.710+0000] {processor.py:925} INFO - DAG(s) 'example_dynamic_task_mapping' retrieved from /home/airflow/.local/lib/python3.12/site-packages/airflow/example_dags/example_dynamic_task_mapping.py
[2024-11-11T19:44:05.752+0000] {logging_mixin.py:190} INFO - [2024-11-11T19:44:05.752+0000] {dag.py:3239} INFO - Sync 1 DAGs
[2024-11-11T19:44:05.779+0000] {logging_mixin.py:190} INFO - [2024-11-11T19:44:05.778+0000] {dag.py:4180} INFO - Setting next_dagrun for example_dynamic_task_mapping to None, run_after=None
[2024-11-11T19:44:05.808+0000] {processor.py:208} INFO - Processing /home/airflow/.local/lib/python3.12/site-packages/airflow/example_dags/example_dynamic_task_mapping.py took 0.148 seconds
[2024-11-11T19:44:36.593+0000] {processor.py:186} INFO - Started process (PID=2013) to work on /home/airflow/.local/lib/python3.12/site-packages/airflow/example_dags/example_dynamic_task_mapping.py
[2024-11-11T19:44:36.595+0000] {processor.py:914} INFO - Processing file /home/airflow/.local/lib/python3.12/site-packages/airflow/example_dags/example_dynamic_task_mapping.py for tasks to queue
[2024-11-11T19:44:36.601+0000] {logging_mixin.py:190} INFO - [2024-11-11T19:44:36.600+0000] {dagbag.py:588} INFO - Filling up the DagBag from /home/airflow/.local/lib/python3.12/site-packages/airflow/example_dags/example_dynamic_task_mapping.py
[2024-11-11T19:44:36.620+0000] {processor.py:925} INFO - DAG(s) 'example_dynamic_task_mapping' retrieved from /home/airflow/.local/lib/python3.12/site-packages/airflow/example_dags/example_dynamic_task_mapping.py
[2024-11-11T19:44:36.659+0000] {logging_mixin.py:190} INFO - [2024-11-11T19:44:36.659+0000] {dag.py:3239} INFO - Sync 1 DAGs
[2024-11-11T19:44:36.688+0000] {logging_mixin.py:190} INFO - [2024-11-11T19:44:36.687+0000] {dag.py:4180} INFO - Setting next_dagrun for example_dynamic_task_mapping to None, run_after=None
[2024-11-11T19:44:36.721+0000] {processor.py:208} INFO - Processing /home/airflow/.local/lib/python3.12/site-packages/airflow/example_dags/example_dynamic_task_mapping.py took 0.145 seconds
[2024-11-11T19:45:07.655+0000] {processor.py:186} INFO - Started process (PID=2304) to work on /home/airflow/.local/lib/python3.12/site-packages/airflow/example_dags/example_dynamic_task_mapping.py
[2024-11-11T19:45:07.657+0000] {processor.py:914} INFO - Processing file /home/airflow/.local/lib/python3.12/site-packages/airflow/example_dags/example_dynamic_task_mapping.py for tasks to queue
[2024-11-11T19:45:07.662+0000] {logging_mixin.py:190} INFO - [2024-11-11T19:45:07.661+0000] {dagbag.py:588} INFO - Filling up the DagBag from /home/airflow/.local/lib/python3.12/site-packages/airflow/example_dags/example_dynamic_task_mapping.py
[2024-11-11T19:45:07.677+0000] {processor.py:925} INFO - DAG(s) 'example_dynamic_task_mapping' retrieved from /home/airflow/.local/lib/python3.12/site-packages/airflow/example_dags/example_dynamic_task_mapping.py
[2024-11-11T19:45:07.721+0000] {logging_mixin.py:190} INFO - [2024-11-11T19:45:07.721+0000] {dag.py:3239} INFO - Sync 1 DAGs
[2024-11-11T19:45:07.753+0000] {logging_mixin.py:190} INFO - [2024-11-11T19:45:07.753+0000] {dag.py:4180} INFO - Setting next_dagrun for example_dynamic_task_mapping to None, run_after=None
[2024-11-11T19:45:07.804+0000] {processor.py:208} INFO - Processing /home/airflow/.local/lib/python3.12/site-packages/airflow/example_dags/example_dynamic_task_mapping.py took 0.162 seconds
[2024-11-11T19:45:38.691+0000] {processor.py:186} INFO - Started process (PID=2595) to work on /home/airflow/.local/lib/python3.12/site-packages/airflow/example_dags/example_dynamic_task_mapping.py
[2024-11-11T19:45:38.693+0000] {processor.py:914} INFO - Processing file /home/airflow/.local/lib/python3.12/site-packages/airflow/example_dags/example_dynamic_task_mapping.py for tasks to queue
[2024-11-11T19:45:38.696+0000] {logging_mixin.py:190} INFO - [2024-11-11T19:45:38.696+0000] {dagbag.py:588} INFO - Filling up the DagBag from /home/airflow/.local/lib/python3.12/site-packages/airflow/example_dags/example_dynamic_task_mapping.py
[2024-11-11T19:45:38.710+0000] {processor.py:925} INFO - DAG(s) 'example_dynamic_task_mapping' retrieved from /home/airflow/.local/lib/python3.12/site-packages/airflow/example_dags/example_dynamic_task_mapping.py
[2024-11-11T19:45:38.742+0000] {logging_mixin.py:190} INFO - [2024-11-11T19:45:38.742+0000] {dag.py:3239} INFO - Sync 1 DAGs
[2024-11-11T19:45:38.767+0000] {logging_mixin.py:190} INFO - [2024-11-11T19:45:38.766+0000] {dag.py:4180} INFO - Setting next_dagrun for example_dynamic_task_mapping to None, run_after=None
[2024-11-11T19:45:38.796+0000] {processor.py:208} INFO - Processing /home/airflow/.local/lib/python3.12/site-packages/airflow/example_dags/example_dynamic_task_mapping.py took 0.117 seconds
[2024-11-11T19:46:09.038+0000] {processor.py:186} INFO - Started process (PID=2886) to work on /home/airflow/.local/lib/python3.12/site-packages/airflow/example_dags/example_dynamic_task_mapping.py
[2024-11-11T19:46:09.040+0000] {processor.py:914} INFO - Processing file /home/airflow/.local/lib/python3.12/site-packages/airflow/example_dags/example_dynamic_task_mapping.py for tasks to queue
[2024-11-11T19:46:09.045+0000] {logging_mixin.py:190} INFO - [2024-11-11T19:46:09.044+0000] {dagbag.py:588} INFO - Filling up the DagBag from /home/airflow/.local/lib/python3.12/site-packages/airflow/example_dags/example_dynamic_task_mapping.py
[2024-11-11T19:46:09.059+0000] {processor.py:925} INFO - DAG(s) 'example_dynamic_task_mapping' retrieved from /home/airflow/.local/lib/python3.12/site-packages/airflow/example_dags/example_dynamic_task_mapping.py
[2024-11-11T19:46:09.092+0000] {logging_mixin.py:190} INFO - [2024-11-11T19:46:09.092+0000] {dag.py:3239} INFO - Sync 1 DAGs
[2024-11-11T19:46:09.115+0000] {logging_mixin.py:190} INFO - [2024-11-11T19:46:09.115+0000] {dag.py:4180} INFO - Setting next_dagrun for example_dynamic_task_mapping to None, run_after=None
[2024-11-11T19:46:09.139+0000] {processor.py:208} INFO - Processing /home/airflow/.local/lib/python3.12/site-packages/airflow/example_dags/example_dynamic_task_mapping.py took 0.114 seconds
[2024-11-11T19:46:40.044+0000] {processor.py:186} INFO - Started process (PID=3177) to work on /home/airflow/.local/lib/python3.12/site-packages/airflow/example_dags/example_dynamic_task_mapping.py
[2024-11-11T19:46:40.045+0000] {processor.py:914} INFO - Processing file /home/airflow/.local/lib/python3.12/site-packages/airflow/example_dags/example_dynamic_task_mapping.py for tasks to queue
[2024-11-11T19:46:40.049+0000] {logging_mixin.py:190} INFO - [2024-11-11T19:46:40.048+0000] {dagbag.py:588} INFO - Filling up the DagBag from /home/airflow/.local/lib/python3.12/site-packages/airflow/example_dags/example_dynamic_task_mapping.py
[2024-11-11T19:46:40.063+0000] {processor.py:925} INFO - DAG(s) 'example_dynamic_task_mapping' retrieved from /home/airflow/.local/lib/python3.12/site-packages/airflow/example_dags/example_dynamic_task_mapping.py
[2024-11-11T19:46:40.093+0000] {logging_mixin.py:190} INFO - [2024-11-11T19:46:40.092+0000] {dag.py:3239} INFO - Sync 1 DAGs
[2024-11-11T19:46:40.115+0000] {logging_mixin.py:190} INFO - [2024-11-11T19:46:40.115+0000] {dag.py:4180} INFO - Setting next_dagrun for example_dynamic_task_mapping to None, run_after=None
[2024-11-11T19:46:40.144+0000] {processor.py:208} INFO - Processing /home/airflow/.local/lib/python3.12/site-packages/airflow/example_dags/example_dynamic_task_mapping.py took 0.111 seconds
[2024-11-11T19:47:11.646+0000] {processor.py:186} INFO - Started process (PID=3468) to work on /home/airflow/.local/lib/python3.12/site-packages/airflow/example_dags/example_dynamic_task_mapping.py
[2024-11-11T19:47:11.652+0000] {processor.py:914} INFO - Processing file /home/airflow/.local/lib/python3.12/site-packages/airflow/example_dags/example_dynamic_task_mapping.py for tasks to queue
[2024-11-11T19:47:11.671+0000] {logging_mixin.py:190} INFO - [2024-11-11T19:47:11.668+0000] {dagbag.py:588} INFO - Filling up the DagBag from /home/airflow/.local/lib/python3.12/site-packages/airflow/example_dags/example_dynamic_task_mapping.py
[2024-11-11T19:47:11.726+0000] {processor.py:925} INFO - DAG(s) 'example_dynamic_task_mapping' retrieved from /home/airflow/.local/lib/python3.12/site-packages/airflow/example_dags/example_dynamic_task_mapping.py
[2024-11-11T19:47:11.789+0000] {logging_mixin.py:190} INFO - [2024-11-11T19:47:11.789+0000] {dag.py:3239} INFO - Sync 1 DAGs
[2024-11-11T19:47:11.824+0000] {logging_mixin.py:190} INFO - [2024-11-11T19:47:11.823+0000] {dag.py:4180} INFO - Setting next_dagrun for example_dynamic_task_mapping to None, run_after=None
[2024-11-11T19:47:11.863+0000] {processor.py:208} INFO - Processing /home/airflow/.local/lib/python3.12/site-packages/airflow/example_dags/example_dynamic_task_mapping.py took 0.264 seconds
[2024-11-11T19:47:42.450+0000] {processor.py:186} INFO - Started process (PID=3750) to work on /home/airflow/.local/lib/python3.12/site-packages/airflow/example_dags/example_dynamic_task_mapping.py
[2024-11-11T19:47:42.454+0000] {processor.py:914} INFO - Processing file /home/airflow/.local/lib/python3.12/site-packages/airflow/example_dags/example_dynamic_task_mapping.py for tasks to queue
[2024-11-11T19:47:42.467+0000] {logging_mixin.py:190} INFO - [2024-11-11T19:47:42.465+0000] {dagbag.py:588} INFO - Filling up the DagBag from /home/airflow/.local/lib/python3.12/site-packages/airflow/example_dags/example_dynamic_task_mapping.py
[2024-11-11T19:47:42.500+0000] {processor.py:925} INFO - DAG(s) 'example_dynamic_task_mapping' retrieved from /home/airflow/.local/lib/python3.12/site-packages/airflow/example_dags/example_dynamic_task_mapping.py
[2024-11-11T19:47:42.571+0000] {logging_mixin.py:190} INFO - [2024-11-11T19:47:42.571+0000] {dag.py:3239} INFO - Sync 1 DAGs
[2024-11-11T19:47:42.609+0000] {logging_mixin.py:190} INFO - [2024-11-11T19:47:42.609+0000] {dag.py:4180} INFO - Setting next_dagrun for example_dynamic_task_mapping to None, run_after=None
[2024-11-11T19:47:42.647+0000] {processor.py:208} INFO - Processing /home/airflow/.local/lib/python3.12/site-packages/airflow/example_dags/example_dynamic_task_mapping.py took 0.220 seconds
[2024-11-11T19:48:14.160+0000] {processor.py:186} INFO - Started process (PID=4042) to work on /home/airflow/.local/lib/python3.12/site-packages/airflow/example_dags/example_dynamic_task_mapping.py
[2024-11-11T19:48:14.162+0000] {processor.py:914} INFO - Processing file /home/airflow/.local/lib/python3.12/site-packages/airflow/example_dags/example_dynamic_task_mapping.py for tasks to queue
[2024-11-11T19:48:14.166+0000] {logging_mixin.py:190} INFO - [2024-11-11T19:48:14.166+0000] {dagbag.py:588} INFO - Filling up the DagBag from /home/airflow/.local/lib/python3.12/site-packages/airflow/example_dags/example_dynamic_task_mapping.py
[2024-11-11T19:48:14.186+0000] {processor.py:925} INFO - DAG(s) 'example_dynamic_task_mapping' retrieved from /home/airflow/.local/lib/python3.12/site-packages/airflow/example_dags/example_dynamic_task_mapping.py
[2024-11-11T19:48:14.227+0000] {logging_mixin.py:190} INFO - [2024-11-11T19:48:14.226+0000] {dag.py:3239} INFO - Sync 1 DAGs
[2024-11-11T19:48:14.256+0000] {logging_mixin.py:190} INFO - [2024-11-11T19:48:14.255+0000] {dag.py:4180} INFO - Setting next_dagrun for example_dynamic_task_mapping to None, run_after=None
[2024-11-11T19:48:14.286+0000] {processor.py:208} INFO - Processing /home/airflow/.local/lib/python3.12/site-packages/airflow/example_dags/example_dynamic_task_mapping.py took 0.139 seconds
[2024-11-11T19:48:46.677+0000] {processor.py:186} INFO - Started process (PID=4313) to work on /home/airflow/.local/lib/python3.12/site-packages/airflow/example_dags/example_dynamic_task_mapping.py
[2024-11-11T19:48:46.680+0000] {processor.py:914} INFO - Processing file /home/airflow/.local/lib/python3.12/site-packages/airflow/example_dags/example_dynamic_task_mapping.py for tasks to queue
[2024-11-11T19:48:46.694+0000] {logging_mixin.py:190} INFO - [2024-11-11T19:48:46.686+0000] {dagbag.py:588} INFO - Filling up the DagBag from /home/airflow/.local/lib/python3.12/site-packages/airflow/example_dags/example_dynamic_task_mapping.py
[2024-11-11T19:48:46.726+0000] {processor.py:925} INFO - DAG(s) 'example_dynamic_task_mapping' retrieved from /home/airflow/.local/lib/python3.12/site-packages/airflow/example_dags/example_dynamic_task_mapping.py
[2024-11-11T19:48:46.774+0000] {logging_mixin.py:190} INFO - [2024-11-11T19:48:46.774+0000] {dag.py:3239} INFO - Sync 1 DAGs
[2024-11-11T19:48:46.817+0000] {logging_mixin.py:190} INFO - [2024-11-11T19:48:46.817+0000] {dag.py:4180} INFO - Setting next_dagrun for example_dynamic_task_mapping to None, run_after=None
[2024-11-11T19:48:46.854+0000] {processor.py:208} INFO - Processing /home/airflow/.local/lib/python3.12/site-packages/airflow/example_dags/example_dynamic_task_mapping.py took 0.194 seconds
[2024-11-11T19:49:18.711+0000] {processor.py:186} INFO - Started process (PID=4610) to work on /home/airflow/.local/lib/python3.12/site-packages/airflow/example_dags/example_dynamic_task_mapping.py
[2024-11-11T19:49:18.713+0000] {processor.py:914} INFO - Processing file /home/airflow/.local/lib/python3.12/site-packages/airflow/example_dags/example_dynamic_task_mapping.py for tasks to queue
[2024-11-11T19:49:18.720+0000] {logging_mixin.py:190} INFO - [2024-11-11T19:49:18.719+0000] {dagbag.py:588} INFO - Filling up the DagBag from /home/airflow/.local/lib/python3.12/site-packages/airflow/example_dags/example_dynamic_task_mapping.py
[2024-11-11T19:49:18.760+0000] {processor.py:925} INFO - DAG(s) 'example_dynamic_task_mapping' retrieved from /home/airflow/.local/lib/python3.12/site-packages/airflow/example_dags/example_dynamic_task_mapping.py
[2024-11-11T19:49:18.810+0000] {logging_mixin.py:190} INFO - [2024-11-11T19:49:18.809+0000] {dag.py:3239} INFO - Sync 1 DAGs
[2024-11-11T19:49:18.838+0000] {logging_mixin.py:190} INFO - [2024-11-11T19:49:18.837+0000] {dag.py:4180} INFO - Setting next_dagrun for example_dynamic_task_mapping to None, run_after=None
[2024-11-11T19:49:18.879+0000] {processor.py:208} INFO - Processing /home/airflow/.local/lib/python3.12/site-packages/airflow/example_dags/example_dynamic_task_mapping.py took 0.186 seconds
[2024-11-11T19:49:49.968+0000] {processor.py:186} INFO - Started process (PID=4903) to work on /home/airflow/.local/lib/python3.12/site-packages/airflow/example_dags/example_dynamic_task_mapping.py
[2024-11-11T19:49:49.970+0000] {processor.py:914} INFO - Processing file /home/airflow/.local/lib/python3.12/site-packages/airflow/example_dags/example_dynamic_task_mapping.py for tasks to queue
[2024-11-11T19:49:49.974+0000] {logging_mixin.py:190} INFO - [2024-11-11T19:49:49.973+0000] {dagbag.py:588} INFO - Filling up the DagBag from /home/airflow/.local/lib/python3.12/site-packages/airflow/example_dags/example_dynamic_task_mapping.py
[2024-11-11T19:49:49.987+0000] {processor.py:925} INFO - DAG(s) 'example_dynamic_task_mapping' retrieved from /home/airflow/.local/lib/python3.12/site-packages/airflow/example_dags/example_dynamic_task_mapping.py
[2024-11-11T19:49:50.022+0000] {logging_mixin.py:190} INFO - [2024-11-11T19:49:50.021+0000] {dag.py:3239} INFO - Sync 1 DAGs
[2024-11-11T19:49:50.048+0000] {logging_mixin.py:190} INFO - [2024-11-11T19:49:50.047+0000] {dag.py:4180} INFO - Setting next_dagrun for example_dynamic_task_mapping to None, run_after=None
[2024-11-11T19:49:50.086+0000] {processor.py:208} INFO - Processing /home/airflow/.local/lib/python3.12/site-packages/airflow/example_dags/example_dynamic_task_mapping.py took 0.127 seconds
[2024-11-11T19:50:22.611+0000] {processor.py:186} INFO - Started process (PID=5152) to work on /home/airflow/.local/lib/python3.12/site-packages/airflow/example_dags/example_dynamic_task_mapping.py
[2024-11-11T19:50:22.614+0000] {processor.py:914} INFO - Processing file /home/airflow/.local/lib/python3.12/site-packages/airflow/example_dags/example_dynamic_task_mapping.py for tasks to queue
[2024-11-11T19:50:22.625+0000] {logging_mixin.py:190} INFO - [2024-11-11T19:50:22.623+0000] {dagbag.py:588} INFO - Filling up the DagBag from /home/airflow/.local/lib/python3.12/site-packages/airflow/example_dags/example_dynamic_task_mapping.py
[2024-11-11T19:50:22.651+0000] {processor.py:925} INFO - DAG(s) 'example_dynamic_task_mapping' retrieved from /home/airflow/.local/lib/python3.12/site-packages/airflow/example_dags/example_dynamic_task_mapping.py
[2024-11-11T19:50:22.750+0000] {logging_mixin.py:190} INFO - [2024-11-11T19:50:22.748+0000] {dag.py:3239} INFO - Sync 1 DAGs
[2024-11-11T19:50:22.859+0000] {logging_mixin.py:190} INFO - [2024-11-11T19:50:22.858+0000] {dag.py:4180} INFO - Setting next_dagrun for example_dynamic_task_mapping to None, run_after=None
[2024-11-11T19:50:22.952+0000] {processor.py:208} INFO - Processing /home/airflow/.local/lib/python3.12/site-packages/airflow/example_dags/example_dynamic_task_mapping.py took 0.363 seconds
[2024-11-11T19:50:53.708+0000] {processor.py:186} INFO - Started process (PID=5443) to work on /home/airflow/.local/lib/python3.12/site-packages/airflow/example_dags/example_dynamic_task_mapping.py
[2024-11-11T19:50:53.715+0000] {processor.py:914} INFO - Processing file /home/airflow/.local/lib/python3.12/site-packages/airflow/example_dags/example_dynamic_task_mapping.py for tasks to queue
[2024-11-11T19:50:53.721+0000] {logging_mixin.py:190} INFO - [2024-11-11T19:50:53.720+0000] {dagbag.py:588} INFO - Filling up the DagBag from /home/airflow/.local/lib/python3.12/site-packages/airflow/example_dags/example_dynamic_task_mapping.py
[2024-11-11T19:50:53.746+0000] {processor.py:925} INFO - DAG(s) 'example_dynamic_task_mapping' retrieved from /home/airflow/.local/lib/python3.12/site-packages/airflow/example_dags/example_dynamic_task_mapping.py
[2024-11-11T19:50:53.803+0000] {logging_mixin.py:190} INFO - [2024-11-11T19:50:53.802+0000] {dag.py:3239} INFO - Sync 1 DAGs
[2024-11-11T19:50:53.849+0000] {logging_mixin.py:190} INFO - [2024-11-11T19:50:53.848+0000] {dag.py:4180} INFO - Setting next_dagrun for example_dynamic_task_mapping to None, run_after=None
[2024-11-11T19:50:53.890+0000] {processor.py:208} INFO - Processing /home/airflow/.local/lib/python3.12/site-packages/airflow/example_dags/example_dynamic_task_mapping.py took 0.204 seconds
[2024-11-11T19:51:24.363+0000] {processor.py:186} INFO - Started process (PID=5735) to work on /home/airflow/.local/lib/python3.12/site-packages/airflow/example_dags/example_dynamic_task_mapping.py
[2024-11-11T19:51:24.370+0000] {processor.py:914} INFO - Processing file /home/airflow/.local/lib/python3.12/site-packages/airflow/example_dags/example_dynamic_task_mapping.py for tasks to queue
[2024-11-11T19:51:24.376+0000] {logging_mixin.py:190} INFO - [2024-11-11T19:51:24.375+0000] {dagbag.py:588} INFO - Filling up the DagBag from /home/airflow/.local/lib/python3.12/site-packages/airflow/example_dags/example_dynamic_task_mapping.py
[2024-11-11T19:51:24.395+0000] {processor.py:925} INFO - DAG(s) 'example_dynamic_task_mapping' retrieved from /home/airflow/.local/lib/python3.12/site-packages/airflow/example_dags/example_dynamic_task_mapping.py
[2024-11-11T19:51:24.441+0000] {logging_mixin.py:190} INFO - [2024-11-11T19:51:24.440+0000] {dag.py:3239} INFO - Sync 1 DAGs
[2024-11-11T19:51:24.465+0000] {logging_mixin.py:190} INFO - [2024-11-11T19:51:24.465+0000] {dag.py:4180} INFO - Setting next_dagrun for example_dynamic_task_mapping to None, run_after=None
[2024-11-11T19:51:24.495+0000] {processor.py:208} INFO - Processing /home/airflow/.local/lib/python3.12/site-packages/airflow/example_dags/example_dynamic_task_mapping.py took 0.153 seconds
[2024-11-11T19:51:54.950+0000] {processor.py:186} INFO - Started process (PID=6021) to work on /home/airflow/.local/lib/python3.12/site-packages/airflow/example_dags/example_dynamic_task_mapping.py
[2024-11-11T19:51:54.954+0000] {processor.py:914} INFO - Processing file /home/airflow/.local/lib/python3.12/site-packages/airflow/example_dags/example_dynamic_task_mapping.py for tasks to queue
[2024-11-11T19:51:54.960+0000] {logging_mixin.py:190} INFO - [2024-11-11T19:51:54.959+0000] {dagbag.py:588} INFO - Filling up the DagBag from /home/airflow/.local/lib/python3.12/site-packages/airflow/example_dags/example_dynamic_task_mapping.py
[2024-11-11T19:51:54.989+0000] {processor.py:925} INFO - DAG(s) 'example_dynamic_task_mapping' retrieved from /home/airflow/.local/lib/python3.12/site-packages/airflow/example_dags/example_dynamic_task_mapping.py
[2024-11-11T19:51:55.052+0000] {logging_mixin.py:190} INFO - [2024-11-11T19:51:55.051+0000] {dag.py:3239} INFO - Sync 1 DAGs
[2024-11-11T19:51:55.102+0000] {logging_mixin.py:190} INFO - [2024-11-11T19:51:55.101+0000] {dag.py:4180} INFO - Setting next_dagrun for example_dynamic_task_mapping to None, run_after=None
[2024-11-11T19:51:55.145+0000] {processor.py:208} INFO - Processing /home/airflow/.local/lib/python3.12/site-packages/airflow/example_dags/example_dynamic_task_mapping.py took 0.215 seconds
[2024-11-11T19:52:26.333+0000] {processor.py:186} INFO - Started process (PID=6312) to work on /home/airflow/.local/lib/python3.12/site-packages/airflow/example_dags/example_dynamic_task_mapping.py
[2024-11-11T19:52:26.335+0000] {processor.py:914} INFO - Processing file /home/airflow/.local/lib/python3.12/site-packages/airflow/example_dags/example_dynamic_task_mapping.py for tasks to queue
[2024-11-11T19:52:26.341+0000] {logging_mixin.py:190} INFO - [2024-11-11T19:52:26.340+0000] {dagbag.py:588} INFO - Filling up the DagBag from /home/airflow/.local/lib/python3.12/site-packages/airflow/example_dags/example_dynamic_task_mapping.py
[2024-11-11T19:52:26.365+0000] {processor.py:925} INFO - DAG(s) 'example_dynamic_task_mapping' retrieved from /home/airflow/.local/lib/python3.12/site-packages/airflow/example_dags/example_dynamic_task_mapping.py
[2024-11-11T19:52:26.426+0000] {logging_mixin.py:190} INFO - [2024-11-11T19:52:26.426+0000] {dag.py:3239} INFO - Sync 1 DAGs
[2024-11-11T19:52:26.512+0000] {logging_mixin.py:190} INFO - [2024-11-11T19:52:26.511+0000] {dag.py:4180} INFO - Setting next_dagrun for example_dynamic_task_mapping to None, run_after=None
[2024-11-11T19:52:26.583+0000] {processor.py:208} INFO - Processing /home/airflow/.local/lib/python3.12/site-packages/airflow/example_dags/example_dynamic_task_mapping.py took 0.263 seconds
[2024-11-11T19:52:57.016+0000] {processor.py:186} INFO - Started process (PID=6600) to work on /home/airflow/.local/lib/python3.12/site-packages/airflow/example_dags/example_dynamic_task_mapping.py
[2024-11-11T19:52:57.019+0000] {processor.py:914} INFO - Processing file /home/airflow/.local/lib/python3.12/site-packages/airflow/example_dags/example_dynamic_task_mapping.py for tasks to queue
[2024-11-11T19:52:57.025+0000] {logging_mixin.py:190} INFO - [2024-11-11T19:52:57.024+0000] {dagbag.py:588} INFO - Filling up the DagBag from /home/airflow/.local/lib/python3.12/site-packages/airflow/example_dags/example_dynamic_task_mapping.py
[2024-11-11T19:52:57.051+0000] {processor.py:925} INFO - DAG(s) 'example_dynamic_task_mapping' retrieved from /home/airflow/.local/lib/python3.12/site-packages/airflow/example_dags/example_dynamic_task_mapping.py
[2024-11-11T19:52:57.117+0000] {logging_mixin.py:190} INFO - [2024-11-11T19:52:57.116+0000] {dag.py:3239} INFO - Sync 1 DAGs
[2024-11-11T19:52:57.153+0000] {logging_mixin.py:190} INFO - [2024-11-11T19:52:57.152+0000] {dag.py:4180} INFO - Setting next_dagrun for example_dynamic_task_mapping to None, run_after=None
[2024-11-11T19:52:57.182+0000] {processor.py:208} INFO - Processing /home/airflow/.local/lib/python3.12/site-packages/airflow/example_dags/example_dynamic_task_mapping.py took 0.184 seconds
[2024-11-11T19:53:27.577+0000] {processor.py:186} INFO - Started process (PID=6889) to work on /home/airflow/.local/lib/python3.12/site-packages/airflow/example_dags/example_dynamic_task_mapping.py
[2024-11-11T19:53:27.579+0000] {processor.py:914} INFO - Processing file /home/airflow/.local/lib/python3.12/site-packages/airflow/example_dags/example_dynamic_task_mapping.py for tasks to queue
[2024-11-11T19:53:27.585+0000] {logging_mixin.py:190} INFO - [2024-11-11T19:53:27.585+0000] {dagbag.py:588} INFO - Filling up the DagBag from /home/airflow/.local/lib/python3.12/site-packages/airflow/example_dags/example_dynamic_task_mapping.py
[2024-11-11T19:53:27.605+0000] {processor.py:925} INFO - DAG(s) 'example_dynamic_task_mapping' retrieved from /home/airflow/.local/lib/python3.12/site-packages/airflow/example_dags/example_dynamic_task_mapping.py
[2024-11-11T19:53:27.659+0000] {logging_mixin.py:190} INFO - [2024-11-11T19:53:27.659+0000] {dag.py:3239} INFO - Sync 1 DAGs
[2024-11-11T19:53:27.700+0000] {logging_mixin.py:190} INFO - [2024-11-11T19:53:27.700+0000] {dag.py:4180} INFO - Setting next_dagrun for example_dynamic_task_mapping to None, run_after=None
[2024-11-11T19:53:27.753+0000] {processor.py:208} INFO - Processing /home/airflow/.local/lib/python3.12/site-packages/airflow/example_dags/example_dynamic_task_mapping.py took 0.192 seconds
[2024-11-11T19:53:58.015+0000] {processor.py:186} INFO - Started process (PID=7180) to work on /home/airflow/.local/lib/python3.12/site-packages/airflow/example_dags/example_dynamic_task_mapping.py
[2024-11-11T19:53:58.017+0000] {processor.py:914} INFO - Processing file /home/airflow/.local/lib/python3.12/site-packages/airflow/example_dags/example_dynamic_task_mapping.py for tasks to queue
[2024-11-11T19:53:58.023+0000] {logging_mixin.py:190} INFO - [2024-11-11T19:53:58.023+0000] {dagbag.py:588} INFO - Filling up the DagBag from /home/airflow/.local/lib/python3.12/site-packages/airflow/example_dags/example_dynamic_task_mapping.py
[2024-11-11T19:53:58.043+0000] {processor.py:925} INFO - DAG(s) 'example_dynamic_task_mapping' retrieved from /home/airflow/.local/lib/python3.12/site-packages/airflow/example_dags/example_dynamic_task_mapping.py
[2024-11-11T19:53:58.087+0000] {logging_mixin.py:190} INFO - [2024-11-11T19:53:58.086+0000] {dag.py:3239} INFO - Sync 1 DAGs
[2024-11-11T19:53:58.120+0000] {logging_mixin.py:190} INFO - [2024-11-11T19:53:58.119+0000] {dag.py:4180} INFO - Setting next_dagrun for example_dynamic_task_mapping to None, run_after=None
[2024-11-11T19:53:58.147+0000] {processor.py:208} INFO - Processing /home/airflow/.local/lib/python3.12/site-packages/airflow/example_dags/example_dynamic_task_mapping.py took 0.146 seconds
[2024-11-11T19:54:28.743+0000] {processor.py:186} INFO - Started process (PID=7473) to work on /home/airflow/.local/lib/python3.12/site-packages/airflow/example_dags/example_dynamic_task_mapping.py
[2024-11-11T19:54:28.745+0000] {processor.py:914} INFO - Processing file /home/airflow/.local/lib/python3.12/site-packages/airflow/example_dags/example_dynamic_task_mapping.py for tasks to queue
[2024-11-11T19:54:28.751+0000] {logging_mixin.py:190} INFO - [2024-11-11T19:54:28.751+0000] {dagbag.py:588} INFO - Filling up the DagBag from /home/airflow/.local/lib/python3.12/site-packages/airflow/example_dags/example_dynamic_task_mapping.py
[2024-11-11T19:54:28.779+0000] {processor.py:925} INFO - DAG(s) 'example_dynamic_task_mapping' retrieved from /home/airflow/.local/lib/python3.12/site-packages/airflow/example_dags/example_dynamic_task_mapping.py
[2024-11-11T19:54:28.811+0000] {logging_mixin.py:190} INFO - [2024-11-11T19:54:28.810+0000] {dag.py:3239} INFO - Sync 1 DAGs
[2024-11-11T19:54:28.838+0000] {logging_mixin.py:190} INFO - [2024-11-11T19:54:28.838+0000] {dag.py:4180} INFO - Setting next_dagrun for example_dynamic_task_mapping to None, run_after=None
[2024-11-11T19:54:28.886+0000] {processor.py:208} INFO - Processing /home/airflow/.local/lib/python3.12/site-packages/airflow/example_dags/example_dynamic_task_mapping.py took 0.156 seconds
[2024-11-11T19:54:59.347+0000] {processor.py:186} INFO - Started process (PID=7763) to work on /home/airflow/.local/lib/python3.12/site-packages/airflow/example_dags/example_dynamic_task_mapping.py
[2024-11-11T19:54:59.348+0000] {processor.py:914} INFO - Processing file /home/airflow/.local/lib/python3.12/site-packages/airflow/example_dags/example_dynamic_task_mapping.py for tasks to queue
[2024-11-11T19:54:59.354+0000] {logging_mixin.py:190} INFO - [2024-11-11T19:54:59.353+0000] {dagbag.py:588} INFO - Filling up the DagBag from /home/airflow/.local/lib/python3.12/site-packages/airflow/example_dags/example_dynamic_task_mapping.py
[2024-11-11T19:54:59.370+0000] {processor.py:925} INFO - DAG(s) 'example_dynamic_task_mapping' retrieved from /home/airflow/.local/lib/python3.12/site-packages/airflow/example_dags/example_dynamic_task_mapping.py
[2024-11-11T19:54:59.408+0000] {logging_mixin.py:190} INFO - [2024-11-11T19:54:59.408+0000] {dag.py:3239} INFO - Sync 1 DAGs
[2024-11-11T19:54:59.442+0000] {logging_mixin.py:190} INFO - [2024-11-11T19:54:59.442+0000] {dag.py:4180} INFO - Setting next_dagrun for example_dynamic_task_mapping to None, run_after=None
[2024-11-11T19:54:59.482+0000] {processor.py:208} INFO - Processing /home/airflow/.local/lib/python3.12/site-packages/airflow/example_dags/example_dynamic_task_mapping.py took 0.147 seconds
[2024-11-11T19:55:29.587+0000] {processor.py:186} INFO - Started process (PID=8043) to work on /home/airflow/.local/lib/python3.12/site-packages/airflow/example_dags/example_dynamic_task_mapping.py
[2024-11-11T19:55:29.591+0000] {processor.py:914} INFO - Processing file /home/airflow/.local/lib/python3.12/site-packages/airflow/example_dags/example_dynamic_task_mapping.py for tasks to queue
[2024-11-11T19:55:29.599+0000] {logging_mixin.py:190} INFO - [2024-11-11T19:55:29.598+0000] {dagbag.py:588} INFO - Filling up the DagBag from /home/airflow/.local/lib/python3.12/site-packages/airflow/example_dags/example_dynamic_task_mapping.py
[2024-11-11T19:55:29.620+0000] {processor.py:925} INFO - DAG(s) 'example_dynamic_task_mapping' retrieved from /home/airflow/.local/lib/python3.12/site-packages/airflow/example_dags/example_dynamic_task_mapping.py
[2024-11-11T19:55:29.671+0000] {logging_mixin.py:190} INFO - [2024-11-11T19:55:29.670+0000] {dag.py:3239} INFO - Sync 1 DAGs
[2024-11-11T19:55:29.703+0000] {logging_mixin.py:190} INFO - [2024-11-11T19:55:29.702+0000] {dag.py:4180} INFO - Setting next_dagrun for example_dynamic_task_mapping to None, run_after=None
[2024-11-11T19:55:29.744+0000] {processor.py:208} INFO - Processing /home/airflow/.local/lib/python3.12/site-packages/airflow/example_dags/example_dynamic_task_mapping.py took 0.172 seconds
[2024-11-11T19:56:00.370+0000] {processor.py:186} INFO - Started process (PID=8335) to work on /home/airflow/.local/lib/python3.12/site-packages/airflow/example_dags/example_dynamic_task_mapping.py
[2024-11-11T19:56:00.372+0000] {processor.py:914} INFO - Processing file /home/airflow/.local/lib/python3.12/site-packages/airflow/example_dags/example_dynamic_task_mapping.py for tasks to queue
[2024-11-11T19:56:00.376+0000] {logging_mixin.py:190} INFO - [2024-11-11T19:56:00.376+0000] {dagbag.py:588} INFO - Filling up the DagBag from /home/airflow/.local/lib/python3.12/site-packages/airflow/example_dags/example_dynamic_task_mapping.py
[2024-11-11T19:56:00.390+0000] {processor.py:925} INFO - DAG(s) 'example_dynamic_task_mapping' retrieved from /home/airflow/.local/lib/python3.12/site-packages/airflow/example_dags/example_dynamic_task_mapping.py
[2024-11-11T19:56:00.426+0000] {logging_mixin.py:190} INFO - [2024-11-11T19:56:00.425+0000] {dag.py:3239} INFO - Sync 1 DAGs
[2024-11-11T19:56:00.464+0000] {logging_mixin.py:190} INFO - [2024-11-11T19:56:00.464+0000] {dag.py:4180} INFO - Setting next_dagrun for example_dynamic_task_mapping to None, run_after=None
[2024-11-11T19:56:00.537+0000] {processor.py:208} INFO - Processing /home/airflow/.local/lib/python3.12/site-packages/airflow/example_dags/example_dynamic_task_mapping.py took 0.177 seconds
[2024-11-11T19:56:31.174+0000] {processor.py:186} INFO - Started process (PID=8627) to work on /home/airflow/.local/lib/python3.12/site-packages/airflow/example_dags/example_dynamic_task_mapping.py
[2024-11-11T19:56:31.177+0000] {processor.py:914} INFO - Processing file /home/airflow/.local/lib/python3.12/site-packages/airflow/example_dags/example_dynamic_task_mapping.py for tasks to queue
[2024-11-11T19:56:31.181+0000] {logging_mixin.py:190} INFO - [2024-11-11T19:56:31.181+0000] {dagbag.py:588} INFO - Filling up the DagBag from /home/airflow/.local/lib/python3.12/site-packages/airflow/example_dags/example_dynamic_task_mapping.py
[2024-11-11T19:56:31.204+0000] {processor.py:925} INFO - DAG(s) 'example_dynamic_task_mapping' retrieved from /home/airflow/.local/lib/python3.12/site-packages/airflow/example_dags/example_dynamic_task_mapping.py
[2024-11-11T19:56:31.258+0000] {logging_mixin.py:190} INFO - [2024-11-11T19:56:31.257+0000] {dag.py:3239} INFO - Sync 1 DAGs
[2024-11-11T19:56:31.298+0000] {logging_mixin.py:190} INFO - [2024-11-11T19:56:31.297+0000] {dag.py:4180} INFO - Setting next_dagrun for example_dynamic_task_mapping to None, run_after=None
[2024-11-11T19:56:31.364+0000] {processor.py:208} INFO - Processing /home/airflow/.local/lib/python3.12/site-packages/airflow/example_dags/example_dynamic_task_mapping.py took 0.201 seconds
[2024-11-11T19:57:02.016+0000] {processor.py:186} INFO - Started process (PID=8918) to work on /home/airflow/.local/lib/python3.12/site-packages/airflow/example_dags/example_dynamic_task_mapping.py
[2024-11-11T19:57:02.018+0000] {processor.py:914} INFO - Processing file /home/airflow/.local/lib/python3.12/site-packages/airflow/example_dags/example_dynamic_task_mapping.py for tasks to queue
[2024-11-11T19:57:02.024+0000] {logging_mixin.py:190} INFO - [2024-11-11T19:57:02.023+0000] {dagbag.py:588} INFO - Filling up the DagBag from /home/airflow/.local/lib/python3.12/site-packages/airflow/example_dags/example_dynamic_task_mapping.py
[2024-11-11T19:57:02.042+0000] {processor.py:925} INFO - DAG(s) 'example_dynamic_task_mapping' retrieved from /home/airflow/.local/lib/python3.12/site-packages/airflow/example_dags/example_dynamic_task_mapping.py
[2024-11-11T19:57:02.081+0000] {logging_mixin.py:190} INFO - [2024-11-11T19:57:02.081+0000] {dag.py:3239} INFO - Sync 1 DAGs
[2024-11-11T19:57:02.122+0000] {logging_mixin.py:190} INFO - [2024-11-11T19:57:02.122+0000] {dag.py:4180} INFO - Setting next_dagrun for example_dynamic_task_mapping to None, run_after=None
[2024-11-11T19:57:02.159+0000] {processor.py:208} INFO - Processing /home/airflow/.local/lib/python3.12/site-packages/airflow/example_dags/example_dynamic_task_mapping.py took 0.159 seconds
[2024-11-11T19:57:32.857+0000] {processor.py:186} INFO - Started process (PID=9209) to work on /home/airflow/.local/lib/python3.12/site-packages/airflow/example_dags/example_dynamic_task_mapping.py
[2024-11-11T19:57:32.860+0000] {processor.py:914} INFO - Processing file /home/airflow/.local/lib/python3.12/site-packages/airflow/example_dags/example_dynamic_task_mapping.py for tasks to queue
[2024-11-11T19:57:32.870+0000] {logging_mixin.py:190} INFO - [2024-11-11T19:57:32.869+0000] {dagbag.py:588} INFO - Filling up the DagBag from /home/airflow/.local/lib/python3.12/site-packages/airflow/example_dags/example_dynamic_task_mapping.py
[2024-11-11T19:57:32.899+0000] {processor.py:925} INFO - DAG(s) 'example_dynamic_task_mapping' retrieved from /home/airflow/.local/lib/python3.12/site-packages/airflow/example_dags/example_dynamic_task_mapping.py
[2024-11-11T19:57:32.961+0000] {logging_mixin.py:190} INFO - [2024-11-11T19:57:32.960+0000] {dag.py:3239} INFO - Sync 1 DAGs
[2024-11-11T19:57:32.992+0000] {logging_mixin.py:190} INFO - [2024-11-11T19:57:32.992+0000] {dag.py:4180} INFO - Setting next_dagrun for example_dynamic_task_mapping to None, run_after=None
[2024-11-11T19:57:33.028+0000] {processor.py:208} INFO - Processing /home/airflow/.local/lib/python3.12/site-packages/airflow/example_dags/example_dynamic_task_mapping.py took 0.199 seconds
[2024-11-11T19:58:03.257+0000] {processor.py:186} INFO - Started process (PID=9500) to work on /home/airflow/.local/lib/python3.12/site-packages/airflow/example_dags/example_dynamic_task_mapping.py
[2024-11-11T19:58:03.260+0000] {processor.py:914} INFO - Processing file /home/airflow/.local/lib/python3.12/site-packages/airflow/example_dags/example_dynamic_task_mapping.py for tasks to queue
[2024-11-11T19:58:03.269+0000] {logging_mixin.py:190} INFO - [2024-11-11T19:58:03.268+0000] {dagbag.py:588} INFO - Filling up the DagBag from /home/airflow/.local/lib/python3.12/site-packages/airflow/example_dags/example_dynamic_task_mapping.py
[2024-11-11T19:58:03.289+0000] {processor.py:925} INFO - DAG(s) 'example_dynamic_task_mapping' retrieved from /home/airflow/.local/lib/python3.12/site-packages/airflow/example_dags/example_dynamic_task_mapping.py
[2024-11-11T19:58:03.337+0000] {logging_mixin.py:190} INFO - [2024-11-11T19:58:03.337+0000] {dag.py:3239} INFO - Sync 1 DAGs
[2024-11-11T19:58:03.369+0000] {logging_mixin.py:190} INFO - [2024-11-11T19:58:03.369+0000] {dag.py:4180} INFO - Setting next_dagrun for example_dynamic_task_mapping to None, run_after=None
[2024-11-11T19:58:03.409+0000] {processor.py:208} INFO - Processing /home/airflow/.local/lib/python3.12/site-packages/airflow/example_dags/example_dynamic_task_mapping.py took 0.174 seconds
[2024-11-11T19:58:33.681+0000] {processor.py:186} INFO - Started process (PID=9786) to work on /home/airflow/.local/lib/python3.12/site-packages/airflow/example_dags/example_dynamic_task_mapping.py
[2024-11-11T19:58:33.684+0000] {processor.py:914} INFO - Processing file /home/airflow/.local/lib/python3.12/site-packages/airflow/example_dags/example_dynamic_task_mapping.py for tasks to queue
[2024-11-11T19:58:33.691+0000] {logging_mixin.py:190} INFO - [2024-11-11T19:58:33.689+0000] {dagbag.py:588} INFO - Filling up the DagBag from /home/airflow/.local/lib/python3.12/site-packages/airflow/example_dags/example_dynamic_task_mapping.py
[2024-11-11T19:58:33.717+0000] {processor.py:925} INFO - DAG(s) 'example_dynamic_task_mapping' retrieved from /home/airflow/.local/lib/python3.12/site-packages/airflow/example_dags/example_dynamic_task_mapping.py
[2024-11-11T19:58:33.773+0000] {logging_mixin.py:190} INFO - [2024-11-11T19:58:33.772+0000] {dag.py:3239} INFO - Sync 1 DAGs
[2024-11-11T19:58:33.812+0000] {logging_mixin.py:190} INFO - [2024-11-11T19:58:33.811+0000] {dag.py:4180} INFO - Setting next_dagrun for example_dynamic_task_mapping to None, run_after=None
[2024-11-11T19:58:33.877+0000] {processor.py:208} INFO - Processing /home/airflow/.local/lib/python3.12/site-packages/airflow/example_dags/example_dynamic_task_mapping.py took 0.216 seconds
[2024-11-11T19:59:04.848+0000] {processor.py:186} INFO - Started process (PID=10077) to work on /home/airflow/.local/lib/python3.12/site-packages/airflow/example_dags/example_dynamic_task_mapping.py
[2024-11-11T19:59:04.850+0000] {processor.py:914} INFO - Processing file /home/airflow/.local/lib/python3.12/site-packages/airflow/example_dags/example_dynamic_task_mapping.py for tasks to queue
[2024-11-11T19:59:04.854+0000] {logging_mixin.py:190} INFO - [2024-11-11T19:59:04.853+0000] {dagbag.py:588} INFO - Filling up the DagBag from /home/airflow/.local/lib/python3.12/site-packages/airflow/example_dags/example_dynamic_task_mapping.py
[2024-11-11T19:59:04.867+0000] {processor.py:925} INFO - DAG(s) 'example_dynamic_task_mapping' retrieved from /home/airflow/.local/lib/python3.12/site-packages/airflow/example_dags/example_dynamic_task_mapping.py
[2024-11-11T19:59:04.898+0000] {logging_mixin.py:190} INFO - [2024-11-11T19:59:04.898+0000] {dag.py:3239} INFO - Sync 1 DAGs
[2024-11-11T19:59:04.921+0000] {logging_mixin.py:190} INFO - [2024-11-11T19:59:04.921+0000] {dag.py:4180} INFO - Setting next_dagrun for example_dynamic_task_mapping to None, run_after=None
[2024-11-11T19:59:04.954+0000] {processor.py:208} INFO - Processing /home/airflow/.local/lib/python3.12/site-packages/airflow/example_dags/example_dynamic_task_mapping.py took 0.121 seconds
[2024-11-11T19:59:36.280+0000] {processor.py:186} INFO - Started process (PID=10368) to work on /home/airflow/.local/lib/python3.12/site-packages/airflow/example_dags/example_dynamic_task_mapping.py
[2024-11-11T19:59:36.289+0000] {processor.py:914} INFO - Processing file /home/airflow/.local/lib/python3.12/site-packages/airflow/example_dags/example_dynamic_task_mapping.py for tasks to queue
[2024-11-11T19:59:36.295+0000] {logging_mixin.py:190} INFO - [2024-11-11T19:59:36.294+0000] {dagbag.py:588} INFO - Filling up the DagBag from /home/airflow/.local/lib/python3.12/site-packages/airflow/example_dags/example_dynamic_task_mapping.py
[2024-11-11T19:59:36.319+0000] {processor.py:925} INFO - DAG(s) 'example_dynamic_task_mapping' retrieved from /home/airflow/.local/lib/python3.12/site-packages/airflow/example_dags/example_dynamic_task_mapping.py
[2024-11-11T19:59:36.388+0000] {logging_mixin.py:190} INFO - [2024-11-11T19:59:36.388+0000] {dag.py:3239} INFO - Sync 1 DAGs
[2024-11-11T19:59:36.472+0000] {logging_mixin.py:190} INFO - [2024-11-11T19:59:36.470+0000] {dag.py:4180} INFO - Setting next_dagrun for example_dynamic_task_mapping to None, run_after=None
[2024-11-11T19:59:36.593+0000] {processor.py:208} INFO - Processing /home/airflow/.local/lib/python3.12/site-packages/airflow/example_dags/example_dynamic_task_mapping.py took 0.333 seconds
[2024-11-11T20:00:07.429+0000] {processor.py:186} INFO - Started process (PID=10656) to work on /home/airflow/.local/lib/python3.12/site-packages/airflow/example_dags/example_dynamic_task_mapping.py
[2024-11-11T20:00:07.434+0000] {processor.py:914} INFO - Processing file /home/airflow/.local/lib/python3.12/site-packages/airflow/example_dags/example_dynamic_task_mapping.py for tasks to queue
[2024-11-11T20:00:07.446+0000] {logging_mixin.py:190} INFO - [2024-11-11T20:00:07.444+0000] {dagbag.py:588} INFO - Filling up the DagBag from /home/airflow/.local/lib/python3.12/site-packages/airflow/example_dags/example_dynamic_task_mapping.py
[2024-11-11T20:00:07.485+0000] {processor.py:925} INFO - DAG(s) 'example_dynamic_task_mapping' retrieved from /home/airflow/.local/lib/python3.12/site-packages/airflow/example_dags/example_dynamic_task_mapping.py
[2024-11-11T20:00:07.527+0000] {logging_mixin.py:190} INFO - [2024-11-11T20:00:07.527+0000] {dag.py:3239} INFO - Sync 1 DAGs
[2024-11-11T20:00:07.564+0000] {logging_mixin.py:190} INFO - [2024-11-11T20:00:07.564+0000] {dag.py:4180} INFO - Setting next_dagrun for example_dynamic_task_mapping to None, run_after=None
[2024-11-11T20:00:07.603+0000] {processor.py:208} INFO - Processing /home/airflow/.local/lib/python3.12/site-packages/airflow/example_dags/example_dynamic_task_mapping.py took 0.203 seconds
[2024-11-11T20:00:38.399+0000] {processor.py:186} INFO - Started process (PID=10947) to work on /home/airflow/.local/lib/python3.12/site-packages/airflow/example_dags/example_dynamic_task_mapping.py
[2024-11-11T20:00:38.408+0000] {processor.py:914} INFO - Processing file /home/airflow/.local/lib/python3.12/site-packages/airflow/example_dags/example_dynamic_task_mapping.py for tasks to queue
[2024-11-11T20:00:38.420+0000] {logging_mixin.py:190} INFO - [2024-11-11T20:00:38.418+0000] {dagbag.py:588} INFO - Filling up the DagBag from /home/airflow/.local/lib/python3.12/site-packages/airflow/example_dags/example_dynamic_task_mapping.py
[2024-11-11T20:00:38.462+0000] {processor.py:925} INFO - DAG(s) 'example_dynamic_task_mapping' retrieved from /home/airflow/.local/lib/python3.12/site-packages/airflow/example_dags/example_dynamic_task_mapping.py
[2024-11-11T20:00:38.594+0000] {logging_mixin.py:190} INFO - [2024-11-11T20:00:38.593+0000] {dag.py:3239} INFO - Sync 1 DAGs
[2024-11-11T20:00:38.679+0000] {logging_mixin.py:190} INFO - [2024-11-11T20:00:38.679+0000] {dag.py:4180} INFO - Setting next_dagrun for example_dynamic_task_mapping to None, run_after=None
[2024-11-11T20:00:38.731+0000] {processor.py:208} INFO - Processing /home/airflow/.local/lib/python3.12/site-packages/airflow/example_dags/example_dynamic_task_mapping.py took 0.361 seconds
[2024-11-11T20:01:09.053+0000] {processor.py:186} INFO - Started process (PID=11238) to work on /home/airflow/.local/lib/python3.12/site-packages/airflow/example_dags/example_dynamic_task_mapping.py
[2024-11-11T20:01:09.059+0000] {processor.py:914} INFO - Processing file /home/airflow/.local/lib/python3.12/site-packages/airflow/example_dags/example_dynamic_task_mapping.py for tasks to queue
[2024-11-11T20:01:09.064+0000] {logging_mixin.py:190} INFO - [2024-11-11T20:01:09.063+0000] {dagbag.py:588} INFO - Filling up the DagBag from /home/airflow/.local/lib/python3.12/site-packages/airflow/example_dags/example_dynamic_task_mapping.py
[2024-11-11T20:01:09.082+0000] {processor.py:925} INFO - DAG(s) 'example_dynamic_task_mapping' retrieved from /home/airflow/.local/lib/python3.12/site-packages/airflow/example_dags/example_dynamic_task_mapping.py
[2024-11-11T20:01:09.135+0000] {logging_mixin.py:190} INFO - [2024-11-11T20:01:09.135+0000] {dag.py:3239} INFO - Sync 1 DAGs
[2024-11-11T20:01:09.176+0000] {logging_mixin.py:190} INFO - [2024-11-11T20:01:09.176+0000] {dag.py:4180} INFO - Setting next_dagrun for example_dynamic_task_mapping to None, run_after=None
[2024-11-11T20:01:09.209+0000] {processor.py:208} INFO - Processing /home/airflow/.local/lib/python3.12/site-packages/airflow/example_dags/example_dynamic_task_mapping.py took 0.171 seconds
[2024-11-11T20:01:39.316+0000] {processor.py:186} INFO - Started process (PID=11527) to work on /home/airflow/.local/lib/python3.12/site-packages/airflow/example_dags/example_dynamic_task_mapping.py
[2024-11-11T20:01:39.318+0000] {processor.py:914} INFO - Processing file /home/airflow/.local/lib/python3.12/site-packages/airflow/example_dags/example_dynamic_task_mapping.py for tasks to queue
[2024-11-11T20:01:39.322+0000] {logging_mixin.py:190} INFO - [2024-11-11T20:01:39.321+0000] {dagbag.py:588} INFO - Filling up the DagBag from /home/airflow/.local/lib/python3.12/site-packages/airflow/example_dags/example_dynamic_task_mapping.py
[2024-11-11T20:01:39.349+0000] {processor.py:925} INFO - DAG(s) 'example_dynamic_task_mapping' retrieved from /home/airflow/.local/lib/python3.12/site-packages/airflow/example_dags/example_dynamic_task_mapping.py
[2024-11-11T20:01:39.399+0000] {logging_mixin.py:190} INFO - [2024-11-11T20:01:39.398+0000] {dag.py:3239} INFO - Sync 1 DAGs
[2024-11-11T20:01:39.428+0000] {logging_mixin.py:190} INFO - [2024-11-11T20:01:39.428+0000] {dag.py:4180} INFO - Setting next_dagrun for example_dynamic_task_mapping to None, run_after=None
[2024-11-11T20:01:39.464+0000] {processor.py:208} INFO - Processing /home/airflow/.local/lib/python3.12/site-packages/airflow/example_dags/example_dynamic_task_mapping.py took 0.167 seconds
[2024-11-11T20:02:10.468+0000] {processor.py:186} INFO - Started process (PID=11814) to work on /home/airflow/.local/lib/python3.12/site-packages/airflow/example_dags/example_dynamic_task_mapping.py
[2024-11-11T20:02:10.470+0000] {processor.py:914} INFO - Processing file /home/airflow/.local/lib/python3.12/site-packages/airflow/example_dags/example_dynamic_task_mapping.py for tasks to queue
[2024-11-11T20:02:10.473+0000] {logging_mixin.py:190} INFO - [2024-11-11T20:02:10.473+0000] {dagbag.py:588} INFO - Filling up the DagBag from /home/airflow/.local/lib/python3.12/site-packages/airflow/example_dags/example_dynamic_task_mapping.py
[2024-11-11T20:02:10.488+0000] {processor.py:925} INFO - DAG(s) 'example_dynamic_task_mapping' retrieved from /home/airflow/.local/lib/python3.12/site-packages/airflow/example_dags/example_dynamic_task_mapping.py
[2024-11-11T20:02:10.519+0000] {logging_mixin.py:190} INFO - [2024-11-11T20:02:10.519+0000] {dag.py:3239} INFO - Sync 1 DAGs
[2024-11-11T20:02:10.546+0000] {logging_mixin.py:190} INFO - [2024-11-11T20:02:10.545+0000] {dag.py:4180} INFO - Setting next_dagrun for example_dynamic_task_mapping to None, run_after=None
[2024-11-11T20:02:10.577+0000] {processor.py:208} INFO - Processing /home/airflow/.local/lib/python3.12/site-packages/airflow/example_dags/example_dynamic_task_mapping.py took 0.119 seconds
[2024-11-11T20:02:40.968+0000] {processor.py:186} INFO - Started process (PID=12105) to work on /home/airflow/.local/lib/python3.12/site-packages/airflow/example_dags/example_dynamic_task_mapping.py
[2024-11-11T20:02:40.970+0000] {processor.py:914} INFO - Processing file /home/airflow/.local/lib/python3.12/site-packages/airflow/example_dags/example_dynamic_task_mapping.py for tasks to queue
[2024-11-11T20:02:40.974+0000] {logging_mixin.py:190} INFO - [2024-11-11T20:02:40.973+0000] {dagbag.py:588} INFO - Filling up the DagBag from /home/airflow/.local/lib/python3.12/site-packages/airflow/example_dags/example_dynamic_task_mapping.py
[2024-11-11T20:02:40.994+0000] {processor.py:925} INFO - DAG(s) 'example_dynamic_task_mapping' retrieved from /home/airflow/.local/lib/python3.12/site-packages/airflow/example_dags/example_dynamic_task_mapping.py
[2024-11-11T20:02:41.035+0000] {logging_mixin.py:190} INFO - [2024-11-11T20:02:41.035+0000] {dag.py:3239} INFO - Sync 1 DAGs
[2024-11-11T20:02:41.060+0000] {logging_mixin.py:190} INFO - [2024-11-11T20:02:41.060+0000] {dag.py:4180} INFO - Setting next_dagrun for example_dynamic_task_mapping to None, run_after=None
[2024-11-11T20:02:41.092+0000] {processor.py:208} INFO - Processing /home/airflow/.local/lib/python3.12/site-packages/airflow/example_dags/example_dynamic_task_mapping.py took 0.136 seconds
