[2024-11-11T19:41:25.499+0000] {processor.py:186} INFO - Started process (PID=226) to work on /home/airflow/.local/lib/python3.12/site-packages/airflow/example_dags/example_xcomargs.py
[2024-11-11T19:41:25.500+0000] {processor.py:914} INFO - Processing file /home/airflow/.local/lib/python3.12/site-packages/airflow/example_dags/example_xcomargs.py for tasks to queue
[2024-11-11T19:41:25.504+0000] {logging_mixin.py:190} INFO - [2024-11-11T19:41:25.503+0000] {dagbag.py:588} INFO - Filling up the DagBag from /home/airflow/.local/lib/python3.12/site-packages/airflow/example_dags/example_xcomargs.py
[2024-11-11T19:41:25.526+0000] {processor.py:925} INFO - DAG(s) 'example_xcom_args', 'example_xcom_args_with_operators' retrieved from /home/airflow/.local/lib/python3.12/site-packages/airflow/example_dags/example_xcomargs.py
[2024-11-11T19:41:25.776+0000] {logging_mixin.py:190} INFO - [2024-11-11T19:41:25.775+0000] {override.py:1911} INFO - Created Permission View: can delete on DAG:example_xcom_args
[2024-11-11T19:41:25.791+0000] {logging_mixin.py:190} INFO - [2024-11-11T19:41:25.790+0000] {override.py:1911} INFO - Created Permission View: can read on DAG:example_xcom_args
[2024-11-11T19:41:25.803+0000] {logging_mixin.py:190} INFO - [2024-11-11T19:41:25.802+0000] {override.py:1911} INFO - Created Permission View: can edit on DAG:example_xcom_args
[2024-11-11T19:41:25.815+0000] {logging_mixin.py:190} INFO - [2024-11-11T19:41:25.815+0000] {override.py:1911} INFO - Created Permission View: can delete on DAG Run:example_xcom_args
[2024-11-11T19:41:25.828+0000] {logging_mixin.py:190} INFO - [2024-11-11T19:41:25.827+0000] {override.py:1911} INFO - Created Permission View: can create on DAG Run:example_xcom_args
[2024-11-11T19:41:25.841+0000] {logging_mixin.py:190} INFO - [2024-11-11T19:41:25.841+0000] {override.py:1911} INFO - Created Permission View: menu access on DAG Run:example_xcom_args
[2024-11-11T19:41:25.855+0000] {logging_mixin.py:190} INFO - [2024-11-11T19:41:25.854+0000] {override.py:1911} INFO - Created Permission View: can read on DAG Run:example_xcom_args
[2024-11-11T19:41:25.882+0000] {logging_mixin.py:190} INFO - [2024-11-11T19:41:25.881+0000] {override.py:1911} INFO - Created Permission View: can delete on DAG:example_xcom_args_with_operators
[2024-11-11T19:41:25.896+0000] {logging_mixin.py:190} INFO - [2024-11-11T19:41:25.895+0000] {override.py:1911} INFO - Created Permission View: can read on DAG:example_xcom_args_with_operators
[2024-11-11T19:41:25.911+0000] {logging_mixin.py:190} INFO - [2024-11-11T19:41:25.910+0000] {override.py:1911} INFO - Created Permission View: can edit on DAG:example_xcom_args_with_operators
[2024-11-11T19:41:25.927+0000] {logging_mixin.py:190} INFO - [2024-11-11T19:41:25.926+0000] {override.py:1911} INFO - Created Permission View: can delete on DAG Run:example_xcom_args_with_operators
[2024-11-11T19:41:25.939+0000] {logging_mixin.py:190} INFO - [2024-11-11T19:41:25.938+0000] {override.py:1911} INFO - Created Permission View: can create on DAG Run:example_xcom_args_with_operators
[2024-11-11T19:41:25.953+0000] {logging_mixin.py:190} INFO - [2024-11-11T19:41:25.953+0000] {override.py:1911} INFO - Created Permission View: menu access on DAG Run:example_xcom_args_with_operators
[2024-11-11T19:41:25.965+0000] {logging_mixin.py:190} INFO - [2024-11-11T19:41:25.965+0000] {override.py:1911} INFO - Created Permission View: can read on DAG Run:example_xcom_args_with_operators
[2024-11-11T19:41:25.966+0000] {logging_mixin.py:190} INFO - [2024-11-11T19:41:25.965+0000] {dag.py:3239} INFO - Sync 2 DAGs
[2024-11-11T19:41:26.042+0000] {logging_mixin.py:190} INFO - [2024-11-11T19:41:26.042+0000] {dag.py:3262} INFO - Creating ORM DAG for example_xcom_args
[2024-11-11T19:41:26.043+0000] {logging_mixin.py:190} INFO - [2024-11-11T19:41:26.043+0000] {dag.py:3262} INFO - Creating ORM DAG for example_xcom_args_with_operators
[2024-11-11T19:41:26.044+0000] {logging_mixin.py:190} INFO - [2024-11-11T19:41:26.044+0000] {dag.py:4180} INFO - Setting next_dagrun for example_xcom_args to None, run_after=None
[2024-11-11T19:41:26.045+0000] {logging_mixin.py:190} INFO - [2024-11-11T19:41:26.045+0000] {dag.py:4180} INFO - Setting next_dagrun for example_xcom_args_with_operators to None, run_after=None
[2024-11-11T19:41:26.105+0000] {processor.py:208} INFO - Processing /home/airflow/.local/lib/python3.12/site-packages/airflow/example_dags/example_xcomargs.py took 0.617 seconds
[2024-11-11T19:41:56.940+0000] {processor.py:186} INFO - Started process (PID=519) to work on /home/airflow/.local/lib/python3.12/site-packages/airflow/example_dags/example_xcomargs.py
[2024-11-11T19:41:56.942+0000] {processor.py:914} INFO - Processing file /home/airflow/.local/lib/python3.12/site-packages/airflow/example_dags/example_xcomargs.py for tasks to queue
[2024-11-11T19:41:56.945+0000] {logging_mixin.py:190} INFO - [2024-11-11T19:41:56.944+0000] {dagbag.py:588} INFO - Filling up the DagBag from /home/airflow/.local/lib/python3.12/site-packages/airflow/example_dags/example_xcomargs.py
[2024-11-11T19:41:56.961+0000] {processor.py:925} INFO - DAG(s) 'example_xcom_args', 'example_xcom_args_with_operators' retrieved from /home/airflow/.local/lib/python3.12/site-packages/airflow/example_dags/example_xcomargs.py
[2024-11-11T19:41:56.998+0000] {logging_mixin.py:190} INFO - [2024-11-11T19:41:56.997+0000] {dag.py:3239} INFO - Sync 2 DAGs
[2024-11-11T19:41:57.022+0000] {logging_mixin.py:190} INFO - [2024-11-11T19:41:57.021+0000] {dag.py:4180} INFO - Setting next_dagrun for example_xcom_args to None, run_after=None
[2024-11-11T19:41:57.027+0000] {logging_mixin.py:190} INFO - [2024-11-11T19:41:57.027+0000] {dag.py:4180} INFO - Setting next_dagrun for example_xcom_args_with_operators to None, run_after=None
[2024-11-11T19:41:57.053+0000] {processor.py:208} INFO - Processing /home/airflow/.local/lib/python3.12/site-packages/airflow/example_dags/example_xcomargs.py took 0.125 seconds
[2024-11-11T19:42:27.913+0000] {processor.py:186} INFO - Started process (PID=810) to work on /home/airflow/.local/lib/python3.12/site-packages/airflow/example_dags/example_xcomargs.py
[2024-11-11T19:42:27.917+0000] {processor.py:914} INFO - Processing file /home/airflow/.local/lib/python3.12/site-packages/airflow/example_dags/example_xcomargs.py for tasks to queue
[2024-11-11T19:42:27.928+0000] {logging_mixin.py:190} INFO - [2024-11-11T19:42:27.926+0000] {dagbag.py:588} INFO - Filling up the DagBag from /home/airflow/.local/lib/python3.12/site-packages/airflow/example_dags/example_xcomargs.py
[2024-11-11T19:42:27.980+0000] {processor.py:925} INFO - DAG(s) 'example_xcom_args', 'example_xcom_args_with_operators' retrieved from /home/airflow/.local/lib/python3.12/site-packages/airflow/example_dags/example_xcomargs.py
[2024-11-11T19:42:28.089+0000] {logging_mixin.py:190} INFO - [2024-11-11T19:42:28.088+0000] {dag.py:3239} INFO - Sync 2 DAGs
[2024-11-11T19:42:28.162+0000] {logging_mixin.py:190} INFO - [2024-11-11T19:42:28.161+0000] {dag.py:4180} INFO - Setting next_dagrun for example_xcom_args to None, run_after=None
[2024-11-11T19:42:28.178+0000] {logging_mixin.py:190} INFO - [2024-11-11T19:42:28.177+0000] {dag.py:4180} INFO - Setting next_dagrun for example_xcom_args_with_operators to None, run_after=None
[2024-11-11T19:42:28.263+0000] {processor.py:208} INFO - Processing /home/airflow/.local/lib/python3.12/site-packages/airflow/example_dags/example_xcomargs.py took 0.379 seconds
[2024-11-11T19:42:58.395+0000] {processor.py:186} INFO - Started process (PID=1102) to work on /home/airflow/.local/lib/python3.12/site-packages/airflow/example_dags/example_xcomargs.py
[2024-11-11T19:42:58.396+0000] {processor.py:914} INFO - Processing file /home/airflow/.local/lib/python3.12/site-packages/airflow/example_dags/example_xcomargs.py for tasks to queue
[2024-11-11T19:42:58.399+0000] {logging_mixin.py:190} INFO - [2024-11-11T19:42:58.399+0000] {dagbag.py:588} INFO - Filling up the DagBag from /home/airflow/.local/lib/python3.12/site-packages/airflow/example_dags/example_xcomargs.py
[2024-11-11T19:42:58.416+0000] {processor.py:925} INFO - DAG(s) 'example_xcom_args', 'example_xcom_args_with_operators' retrieved from /home/airflow/.local/lib/python3.12/site-packages/airflow/example_dags/example_xcomargs.py
[2024-11-11T19:42:58.454+0000] {logging_mixin.py:190} INFO - [2024-11-11T19:42:58.454+0000] {dag.py:3239} INFO - Sync 2 DAGs
[2024-11-11T19:42:58.477+0000] {logging_mixin.py:190} INFO - [2024-11-11T19:42:58.477+0000] {dag.py:4180} INFO - Setting next_dagrun for example_xcom_args to None, run_after=None
[2024-11-11T19:42:58.483+0000] {logging_mixin.py:190} INFO - [2024-11-11T19:42:58.483+0000] {dag.py:4180} INFO - Setting next_dagrun for example_xcom_args_with_operators to None, run_after=None
[2024-11-11T19:42:58.507+0000] {processor.py:208} INFO - Processing /home/airflow/.local/lib/python3.12/site-packages/airflow/example_dags/example_xcomargs.py took 0.122 seconds
[2024-11-11T19:43:29.320+0000] {processor.py:186} INFO - Started process (PID=1393) to work on /home/airflow/.local/lib/python3.12/site-packages/airflow/example_dags/example_xcomargs.py
[2024-11-11T19:43:29.327+0000] {processor.py:914} INFO - Processing file /home/airflow/.local/lib/python3.12/site-packages/airflow/example_dags/example_xcomargs.py for tasks to queue
[2024-11-11T19:43:29.332+0000] {logging_mixin.py:190} INFO - [2024-11-11T19:43:29.331+0000] {dagbag.py:588} INFO - Filling up the DagBag from /home/airflow/.local/lib/python3.12/site-packages/airflow/example_dags/example_xcomargs.py
[2024-11-11T19:43:29.355+0000] {processor.py:925} INFO - DAG(s) 'example_xcom_args', 'example_xcom_args_with_operators' retrieved from /home/airflow/.local/lib/python3.12/site-packages/airflow/example_dags/example_xcomargs.py
[2024-11-11T19:43:29.398+0000] {logging_mixin.py:190} INFO - [2024-11-11T19:43:29.397+0000] {dag.py:3239} INFO - Sync 2 DAGs
[2024-11-11T19:43:29.424+0000] {logging_mixin.py:190} INFO - [2024-11-11T19:43:29.423+0000] {dag.py:4180} INFO - Setting next_dagrun for example_xcom_args to None, run_after=None
[2024-11-11T19:43:29.429+0000] {logging_mixin.py:190} INFO - [2024-11-11T19:43:29.429+0000] {dag.py:4180} INFO - Setting next_dagrun for example_xcom_args_with_operators to None, run_after=None
[2024-11-11T19:43:29.456+0000] {processor.py:208} INFO - Processing /home/airflow/.local/lib/python3.12/site-packages/airflow/example_dags/example_xcomargs.py took 0.151 seconds
[2024-11-11T19:43:59.996+0000] {processor.py:186} INFO - Started process (PID=1684) to work on /home/airflow/.local/lib/python3.12/site-packages/airflow/example_dags/example_xcomargs.py
[2024-11-11T19:43:59.998+0000] {processor.py:914} INFO - Processing file /home/airflow/.local/lib/python3.12/site-packages/airflow/example_dags/example_xcomargs.py for tasks to queue
[2024-11-11T19:44:00.003+0000] {logging_mixin.py:190} INFO - [2024-11-11T19:44:00.002+0000] {dagbag.py:588} INFO - Filling up the DagBag from /home/airflow/.local/lib/python3.12/site-packages/airflow/example_dags/example_xcomargs.py
[2024-11-11T19:44:00.026+0000] {processor.py:925} INFO - DAG(s) 'example_xcom_args', 'example_xcom_args_with_operators' retrieved from /home/airflow/.local/lib/python3.12/site-packages/airflow/example_dags/example_xcomargs.py
[2024-11-11T19:44:00.082+0000] {logging_mixin.py:190} INFO - [2024-11-11T19:44:00.081+0000] {dag.py:3239} INFO - Sync 2 DAGs
[2024-11-11T19:44:00.118+0000] {logging_mixin.py:190} INFO - [2024-11-11T19:44:00.118+0000] {dag.py:4180} INFO - Setting next_dagrun for example_xcom_args to None, run_after=None
[2024-11-11T19:44:00.127+0000] {logging_mixin.py:190} INFO - [2024-11-11T19:44:00.126+0000] {dag.py:4180} INFO - Setting next_dagrun for example_xcom_args_with_operators to None, run_after=None
[2024-11-11T19:44:00.163+0000] {processor.py:208} INFO - Processing /home/airflow/.local/lib/python3.12/site-packages/airflow/example_dags/example_xcomargs.py took 0.182 seconds
[2024-11-11T19:44:30.803+0000] {processor.py:186} INFO - Started process (PID=1975) to work on /home/airflow/.local/lib/python3.12/site-packages/airflow/example_dags/example_xcomargs.py
[2024-11-11T19:44:30.804+0000] {processor.py:914} INFO - Processing file /home/airflow/.local/lib/python3.12/site-packages/airflow/example_dags/example_xcomargs.py for tasks to queue
[2024-11-11T19:44:30.808+0000] {logging_mixin.py:190} INFO - [2024-11-11T19:44:30.807+0000] {dagbag.py:588} INFO - Filling up the DagBag from /home/airflow/.local/lib/python3.12/site-packages/airflow/example_dags/example_xcomargs.py
[2024-11-11T19:44:30.824+0000] {processor.py:925} INFO - DAG(s) 'example_xcom_args', 'example_xcom_args_with_operators' retrieved from /home/airflow/.local/lib/python3.12/site-packages/airflow/example_dags/example_xcomargs.py
[2024-11-11T19:44:30.863+0000] {logging_mixin.py:190} INFO - [2024-11-11T19:44:30.863+0000] {dag.py:3239} INFO - Sync 2 DAGs
[2024-11-11T19:44:30.887+0000] {logging_mixin.py:190} INFO - [2024-11-11T19:44:30.887+0000] {dag.py:4180} INFO - Setting next_dagrun for example_xcom_args to None, run_after=None
[2024-11-11T19:44:30.893+0000] {logging_mixin.py:190} INFO - [2024-11-11T19:44:30.892+0000] {dag.py:4180} INFO - Setting next_dagrun for example_xcom_args_with_operators to None, run_after=None
[2024-11-11T19:44:30.919+0000] {processor.py:208} INFO - Processing /home/airflow/.local/lib/python3.12/site-packages/airflow/example_dags/example_xcomargs.py took 0.126 seconds
[2024-11-11T19:45:01.782+0000] {processor.py:186} INFO - Started process (PID=2266) to work on /home/airflow/.local/lib/python3.12/site-packages/airflow/example_dags/example_xcomargs.py
[2024-11-11T19:45:01.788+0000] {processor.py:914} INFO - Processing file /home/airflow/.local/lib/python3.12/site-packages/airflow/example_dags/example_xcomargs.py for tasks to queue
[2024-11-11T19:45:01.803+0000] {logging_mixin.py:190} INFO - [2024-11-11T19:45:01.801+0000] {dagbag.py:588} INFO - Filling up the DagBag from /home/airflow/.local/lib/python3.12/site-packages/airflow/example_dags/example_xcomargs.py
[2024-11-11T19:45:01.851+0000] {processor.py:925} INFO - DAG(s) 'example_xcom_args_with_operators', 'example_xcom_args' retrieved from /home/airflow/.local/lib/python3.12/site-packages/airflow/example_dags/example_xcomargs.py
[2024-11-11T19:45:01.912+0000] {logging_mixin.py:190} INFO - [2024-11-11T19:45:01.911+0000] {dag.py:3239} INFO - Sync 2 DAGs
[2024-11-11T19:45:01.960+0000] {logging_mixin.py:190} INFO - [2024-11-11T19:45:01.959+0000] {dag.py:4180} INFO - Setting next_dagrun for example_xcom_args to None, run_after=None
[2024-11-11T19:45:01.972+0000] {logging_mixin.py:190} INFO - [2024-11-11T19:45:01.972+0000] {dag.py:4180} INFO - Setting next_dagrun for example_xcom_args_with_operators to None, run_after=None
[2024-11-11T19:45:02.005+0000] {processor.py:208} INFO - Processing /home/airflow/.local/lib/python3.12/site-packages/airflow/example_dags/example_xcomargs.py took 0.261 seconds
[2024-11-11T19:45:32.820+0000] {processor.py:186} INFO - Started process (PID=2557) to work on /home/airflow/.local/lib/python3.12/site-packages/airflow/example_dags/example_xcomargs.py
[2024-11-11T19:45:32.822+0000] {processor.py:914} INFO - Processing file /home/airflow/.local/lib/python3.12/site-packages/airflow/example_dags/example_xcomargs.py for tasks to queue
[2024-11-11T19:45:32.829+0000] {logging_mixin.py:190} INFO - [2024-11-11T19:45:32.828+0000] {dagbag.py:588} INFO - Filling up the DagBag from /home/airflow/.local/lib/python3.12/site-packages/airflow/example_dags/example_xcomargs.py
[2024-11-11T19:45:32.855+0000] {processor.py:925} INFO - DAG(s) 'example_xcom_args', 'example_xcom_args_with_operators' retrieved from /home/airflow/.local/lib/python3.12/site-packages/airflow/example_dags/example_xcomargs.py
[2024-11-11T19:45:32.922+0000] {logging_mixin.py:190} INFO - [2024-11-11T19:45:32.920+0000] {dag.py:3239} INFO - Sync 2 DAGs
[2024-11-11T19:45:32.962+0000] {logging_mixin.py:190} INFO - [2024-11-11T19:45:32.961+0000] {dag.py:4180} INFO - Setting next_dagrun for example_xcom_args to None, run_after=None
[2024-11-11T19:45:32.971+0000] {logging_mixin.py:190} INFO - [2024-11-11T19:45:32.970+0000] {dag.py:4180} INFO - Setting next_dagrun for example_xcom_args_with_operators to None, run_after=None
[2024-11-11T19:45:33.009+0000] {processor.py:208} INFO - Processing /home/airflow/.local/lib/python3.12/site-packages/airflow/example_dags/example_xcomargs.py took 0.204 seconds
[2024-11-11T19:46:03.868+0000] {processor.py:186} INFO - Started process (PID=2846) to work on /home/airflow/.local/lib/python3.12/site-packages/airflow/example_dags/example_xcomargs.py
[2024-11-11T19:46:03.870+0000] {processor.py:914} INFO - Processing file /home/airflow/.local/lib/python3.12/site-packages/airflow/example_dags/example_xcomargs.py for tasks to queue
[2024-11-11T19:46:03.874+0000] {logging_mixin.py:190} INFO - [2024-11-11T19:46:03.873+0000] {dagbag.py:588} INFO - Filling up the DagBag from /home/airflow/.local/lib/python3.12/site-packages/airflow/example_dags/example_xcomargs.py
[2024-11-11T19:46:03.892+0000] {processor.py:925} INFO - DAG(s) 'example_xcom_args_with_operators', 'example_xcom_args' retrieved from /home/airflow/.local/lib/python3.12/site-packages/airflow/example_dags/example_xcomargs.py
[2024-11-11T19:46:03.942+0000] {logging_mixin.py:190} INFO - [2024-11-11T19:46:03.941+0000] {dag.py:3239} INFO - Sync 2 DAGs
[2024-11-11T19:46:04.001+0000] {logging_mixin.py:190} INFO - [2024-11-11T19:46:04.000+0000] {dag.py:4180} INFO - Setting next_dagrun for example_xcom_args to None, run_after=None
[2024-11-11T19:46:04.008+0000] {logging_mixin.py:190} INFO - [2024-11-11T19:46:04.008+0000] {dag.py:4180} INFO - Setting next_dagrun for example_xcom_args_with_operators to None, run_after=None
[2024-11-11T19:46:04.059+0000] {processor.py:208} INFO - Processing /home/airflow/.local/lib/python3.12/site-packages/airflow/example_dags/example_xcomargs.py took 0.206 seconds
[2024-11-11T19:46:35.242+0000] {processor.py:186} INFO - Started process (PID=3137) to work on /home/airflow/.local/lib/python3.12/site-packages/airflow/example_dags/example_xcomargs.py
[2024-11-11T19:46:35.244+0000] {processor.py:914} INFO - Processing file /home/airflow/.local/lib/python3.12/site-packages/airflow/example_dags/example_xcomargs.py for tasks to queue
[2024-11-11T19:46:35.248+0000] {logging_mixin.py:190} INFO - [2024-11-11T19:46:35.247+0000] {dagbag.py:588} INFO - Filling up the DagBag from /home/airflow/.local/lib/python3.12/site-packages/airflow/example_dags/example_xcomargs.py
[2024-11-11T19:46:35.269+0000] {processor.py:925} INFO - DAG(s) 'example_xcom_args', 'example_xcom_args_with_operators' retrieved from /home/airflow/.local/lib/python3.12/site-packages/airflow/example_dags/example_xcomargs.py
[2024-11-11T19:46:35.324+0000] {logging_mixin.py:190} INFO - [2024-11-11T19:46:35.324+0000] {dag.py:3239} INFO - Sync 2 DAGs
[2024-11-11T19:46:35.363+0000] {logging_mixin.py:190} INFO - [2024-11-11T19:46:35.362+0000] {dag.py:4180} INFO - Setting next_dagrun for example_xcom_args to None, run_after=None
[2024-11-11T19:46:35.371+0000] {logging_mixin.py:190} INFO - [2024-11-11T19:46:35.371+0000] {dag.py:4180} INFO - Setting next_dagrun for example_xcom_args_with_operators to None, run_after=None
[2024-11-11T19:46:35.402+0000] {processor.py:208} INFO - Processing /home/airflow/.local/lib/python3.12/site-packages/airflow/example_dags/example_xcomargs.py took 0.172 seconds
[2024-11-11T19:47:09.722+0000] {processor.py:186} INFO - Started process (PID=3418) to work on /home/airflow/.local/lib/python3.12/site-packages/airflow/example_dags/example_xcomargs.py
[2024-11-11T19:47:09.732+0000] {processor.py:914} INFO - Processing file /home/airflow/.local/lib/python3.12/site-packages/airflow/example_dags/example_xcomargs.py for tasks to queue
[2024-11-11T19:47:09.739+0000] {logging_mixin.py:190} INFO - [2024-11-11T19:47:09.738+0000] {dagbag.py:588} INFO - Filling up the DagBag from /home/airflow/.local/lib/python3.12/site-packages/airflow/example_dags/example_xcomargs.py
[2024-11-11T19:47:09.781+0000] {processor.py:925} INFO - DAG(s) 'example_xcom_args', 'example_xcom_args_with_operators' retrieved from /home/airflow/.local/lib/python3.12/site-packages/airflow/example_dags/example_xcomargs.py
[2024-11-11T19:47:09.894+0000] {logging_mixin.py:190} INFO - [2024-11-11T19:47:09.893+0000] {dag.py:3239} INFO - Sync 2 DAGs
[2024-11-11T19:47:09.934+0000] {logging_mixin.py:190} INFO - [2024-11-11T19:47:09.934+0000] {dag.py:4180} INFO - Setting next_dagrun for example_xcom_args to None, run_after=None
[2024-11-11T19:47:09.944+0000] {logging_mixin.py:190} INFO - [2024-11-11T19:47:09.943+0000] {dag.py:4180} INFO - Setting next_dagrun for example_xcom_args_with_operators to None, run_after=None
[2024-11-11T19:47:09.985+0000] {processor.py:208} INFO - Processing /home/airflow/.local/lib/python3.12/site-packages/airflow/example_dags/example_xcomargs.py took 0.286 seconds
[2024-11-11T19:47:41.298+0000] {processor.py:186} INFO - Started process (PID=3710) to work on /home/airflow/.local/lib/python3.12/site-packages/airflow/example_dags/example_xcomargs.py
[2024-11-11T19:47:41.303+0000] {processor.py:914} INFO - Processing file /home/airflow/.local/lib/python3.12/site-packages/airflow/example_dags/example_xcomargs.py for tasks to queue
[2024-11-11T19:47:41.313+0000] {logging_mixin.py:190} INFO - [2024-11-11T19:47:41.311+0000] {dagbag.py:588} INFO - Filling up the DagBag from /home/airflow/.local/lib/python3.12/site-packages/airflow/example_dags/example_xcomargs.py
[2024-11-11T19:47:41.352+0000] {processor.py:925} INFO - DAG(s) 'example_xcom_args_with_operators', 'example_xcom_args' retrieved from /home/airflow/.local/lib/python3.12/site-packages/airflow/example_dags/example_xcomargs.py
[2024-11-11T19:47:41.435+0000] {logging_mixin.py:190} INFO - [2024-11-11T19:47:41.434+0000] {dag.py:3239} INFO - Sync 2 DAGs
[2024-11-11T19:47:41.478+0000] {logging_mixin.py:190} INFO - [2024-11-11T19:47:41.478+0000] {dag.py:4180} INFO - Setting next_dagrun for example_xcom_args to None, run_after=None
[2024-11-11T19:47:41.488+0000] {logging_mixin.py:190} INFO - [2024-11-11T19:47:41.487+0000] {dag.py:4180} INFO - Setting next_dagrun for example_xcom_args_with_operators to None, run_after=None
[2024-11-11T19:47:41.521+0000] {processor.py:208} INFO - Processing /home/airflow/.local/lib/python3.12/site-packages/airflow/example_dags/example_xcomargs.py took 0.248 seconds
[2024-11-11T19:48:12.416+0000] {processor.py:186} INFO - Started process (PID=3987) to work on /home/airflow/.local/lib/python3.12/site-packages/airflow/example_dags/example_xcomargs.py
[2024-11-11T19:48:12.419+0000] {processor.py:914} INFO - Processing file /home/airflow/.local/lib/python3.12/site-packages/airflow/example_dags/example_xcomargs.py for tasks to queue
[2024-11-11T19:48:12.427+0000] {logging_mixin.py:190} INFO - [2024-11-11T19:48:12.426+0000] {dagbag.py:588} INFO - Filling up the DagBag from /home/airflow/.local/lib/python3.12/site-packages/airflow/example_dags/example_xcomargs.py
[2024-11-11T19:48:12.468+0000] {processor.py:925} INFO - DAG(s) 'example_xcom_args_with_operators', 'example_xcom_args' retrieved from /home/airflow/.local/lib/python3.12/site-packages/airflow/example_dags/example_xcomargs.py
[2024-11-11T19:48:12.541+0000] {logging_mixin.py:190} INFO - [2024-11-11T19:48:12.540+0000] {dag.py:3239} INFO - Sync 2 DAGs
[2024-11-11T19:48:12.594+0000] {logging_mixin.py:190} INFO - [2024-11-11T19:48:12.593+0000] {dag.py:4180} INFO - Setting next_dagrun for example_xcom_args to None, run_after=None
[2024-11-11T19:48:12.605+0000] {logging_mixin.py:190} INFO - [2024-11-11T19:48:12.604+0000] {dag.py:4180} INFO - Setting next_dagrun for example_xcom_args_with_operators to None, run_after=None
[2024-11-11T19:48:12.651+0000] {processor.py:208} INFO - Processing /home/airflow/.local/lib/python3.12/site-packages/airflow/example_dags/example_xcomargs.py took 0.259 seconds
[2024-11-11T19:48:45.389+0000] {processor.py:186} INFO - Started process (PID=4273) to work on /home/airflow/.local/lib/python3.12/site-packages/airflow/example_dags/example_xcomargs.py
[2024-11-11T19:48:45.392+0000] {processor.py:914} INFO - Processing file /home/airflow/.local/lib/python3.12/site-packages/airflow/example_dags/example_xcomargs.py for tasks to queue
[2024-11-11T19:48:45.399+0000] {logging_mixin.py:190} INFO - [2024-11-11T19:48:45.397+0000] {dagbag.py:588} INFO - Filling up the DagBag from /home/airflow/.local/lib/python3.12/site-packages/airflow/example_dags/example_xcomargs.py
[2024-11-11T19:48:45.440+0000] {processor.py:925} INFO - DAG(s) 'example_xcom_args_with_operators', 'example_xcom_args' retrieved from /home/airflow/.local/lib/python3.12/site-packages/airflow/example_dags/example_xcomargs.py
[2024-11-11T19:48:45.518+0000] {logging_mixin.py:190} INFO - [2024-11-11T19:48:45.517+0000] {dag.py:3239} INFO - Sync 2 DAGs
[2024-11-11T19:48:45.614+0000] {logging_mixin.py:190} INFO - [2024-11-11T19:48:45.613+0000] {dag.py:4180} INFO - Setting next_dagrun for example_xcom_args to None, run_after=None
[2024-11-11T19:48:45.627+0000] {logging_mixin.py:190} INFO - [2024-11-11T19:48:45.626+0000] {dag.py:4180} INFO - Setting next_dagrun for example_xcom_args_with_operators to None, run_after=None
[2024-11-11T19:48:45.727+0000] {processor.py:208} INFO - Processing /home/airflow/.local/lib/python3.12/site-packages/airflow/example_dags/example_xcomargs.py took 0.355 seconds
[2024-11-11T19:49:16.518+0000] {processor.py:186} INFO - Started process (PID=4524) to work on /home/airflow/.local/lib/python3.12/site-packages/airflow/example_dags/example_xcomargs.py
[2024-11-11T19:49:16.524+0000] {processor.py:914} INFO - Processing file /home/airflow/.local/lib/python3.12/site-packages/airflow/example_dags/example_xcomargs.py for tasks to queue
[2024-11-11T19:49:16.538+0000] {logging_mixin.py:190} INFO - [2024-11-11T19:49:16.537+0000] {dagbag.py:588} INFO - Filling up the DagBag from /home/airflow/.local/lib/python3.12/site-packages/airflow/example_dags/example_xcomargs.py
[2024-11-11T19:49:16.626+0000] {processor.py:925} INFO - DAG(s) 'example_xcom_args', 'example_xcom_args_with_operators' retrieved from /home/airflow/.local/lib/python3.12/site-packages/airflow/example_dags/example_xcomargs.py
[2024-11-11T19:49:16.767+0000] {logging_mixin.py:190} INFO - [2024-11-11T19:49:16.766+0000] {dag.py:3239} INFO - Sync 2 DAGs
[2024-11-11T19:49:16.814+0000] {logging_mixin.py:190} INFO - [2024-11-11T19:49:16.813+0000] {dag.py:4180} INFO - Setting next_dagrun for example_xcom_args to None, run_after=None
[2024-11-11T19:49:16.821+0000] {logging_mixin.py:190} INFO - [2024-11-11T19:49:16.820+0000] {dag.py:4180} INFO - Setting next_dagrun for example_xcom_args_with_operators to None, run_after=None
[2024-11-11T19:49:16.852+0000] {processor.py:208} INFO - Processing /home/airflow/.local/lib/python3.12/site-packages/airflow/example_dags/example_xcomargs.py took 0.377 seconds
[2024-11-11T19:49:47.219+0000] {processor.py:186} INFO - Started process (PID=4795) to work on /home/airflow/.local/lib/python3.12/site-packages/airflow/example_dags/example_xcomargs.py
[2024-11-11T19:49:47.221+0000] {processor.py:914} INFO - Processing file /home/airflow/.local/lib/python3.12/site-packages/airflow/example_dags/example_xcomargs.py for tasks to queue
[2024-11-11T19:49:47.225+0000] {logging_mixin.py:190} INFO - [2024-11-11T19:49:47.225+0000] {dagbag.py:588} INFO - Filling up the DagBag from /home/airflow/.local/lib/python3.12/site-packages/airflow/example_dags/example_xcomargs.py
[2024-11-11T19:49:47.249+0000] {processor.py:925} INFO - DAG(s) 'example_xcom_args', 'example_xcom_args_with_operators' retrieved from /home/airflow/.local/lib/python3.12/site-packages/airflow/example_dags/example_xcomargs.py
[2024-11-11T19:49:47.308+0000] {logging_mixin.py:190} INFO - [2024-11-11T19:49:47.308+0000] {dag.py:3239} INFO - Sync 2 DAGs
[2024-11-11T19:49:47.361+0000] {logging_mixin.py:190} INFO - [2024-11-11T19:49:47.360+0000] {dag.py:4180} INFO - Setting next_dagrun for example_xcom_args to None, run_after=None
[2024-11-11T19:49:47.379+0000] {logging_mixin.py:190} INFO - [2024-11-11T19:49:47.378+0000] {dag.py:4180} INFO - Setting next_dagrun for example_xcom_args_with_operators to None, run_after=None
[2024-11-11T19:49:47.436+0000] {processor.py:208} INFO - Processing /home/airflow/.local/lib/python3.12/site-packages/airflow/example_dags/example_xcomargs.py took 0.230 seconds
[2024-11-11T19:50:18.522+0000] {processor.py:186} INFO - Started process (PID=5081) to work on /home/airflow/.local/lib/python3.12/site-packages/airflow/example_dags/example_xcomargs.py
[2024-11-11T19:50:18.524+0000] {processor.py:914} INFO - Processing file /home/airflow/.local/lib/python3.12/site-packages/airflow/example_dags/example_xcomargs.py for tasks to queue
[2024-11-11T19:50:18.530+0000] {logging_mixin.py:190} INFO - [2024-11-11T19:50:18.529+0000] {dagbag.py:588} INFO - Filling up the DagBag from /home/airflow/.local/lib/python3.12/site-packages/airflow/example_dags/example_xcomargs.py
[2024-11-11T19:50:18.563+0000] {processor.py:925} INFO - DAG(s) 'example_xcom_args', 'example_xcom_args_with_operators' retrieved from /home/airflow/.local/lib/python3.12/site-packages/airflow/example_dags/example_xcomargs.py
[2024-11-11T19:50:18.639+0000] {logging_mixin.py:190} INFO - [2024-11-11T19:50:18.638+0000] {dag.py:3239} INFO - Sync 2 DAGs
[2024-11-11T19:50:18.686+0000] {logging_mixin.py:190} INFO - [2024-11-11T19:50:18.686+0000] {dag.py:4180} INFO - Setting next_dagrun for example_xcom_args to None, run_after=None
[2024-11-11T19:50:18.701+0000] {logging_mixin.py:190} INFO - [2024-11-11T19:50:18.700+0000] {dag.py:4180} INFO - Setting next_dagrun for example_xcom_args_with_operators to None, run_after=None
[2024-11-11T19:50:18.746+0000] {processor.py:208} INFO - Processing /home/airflow/.local/lib/python3.12/site-packages/airflow/example_dags/example_xcomargs.py took 0.243 seconds
[2024-11-11T19:50:49.130+0000] {processor.py:186} INFO - Started process (PID=5364) to work on /home/airflow/.local/lib/python3.12/site-packages/airflow/example_dags/example_xcomargs.py
[2024-11-11T19:50:49.133+0000] {processor.py:914} INFO - Processing file /home/airflow/.local/lib/python3.12/site-packages/airflow/example_dags/example_xcomargs.py for tasks to queue
[2024-11-11T19:50:49.145+0000] {logging_mixin.py:190} INFO - [2024-11-11T19:50:49.144+0000] {dagbag.py:588} INFO - Filling up the DagBag from /home/airflow/.local/lib/python3.12/site-packages/airflow/example_dags/example_xcomargs.py
[2024-11-11T19:50:49.173+0000] {processor.py:925} INFO - DAG(s) 'example_xcom_args_with_operators', 'example_xcom_args' retrieved from /home/airflow/.local/lib/python3.12/site-packages/airflow/example_dags/example_xcomargs.py
[2024-11-11T19:50:49.219+0000] {logging_mixin.py:190} INFO - [2024-11-11T19:50:49.219+0000] {dag.py:3239} INFO - Sync 2 DAGs
[2024-11-11T19:50:49.273+0000] {logging_mixin.py:190} INFO - [2024-11-11T19:50:49.272+0000] {dag.py:4180} INFO - Setting next_dagrun for example_xcom_args to None, run_after=None
[2024-11-11T19:50:49.285+0000] {logging_mixin.py:190} INFO - [2024-11-11T19:50:49.284+0000] {dag.py:4180} INFO - Setting next_dagrun for example_xcom_args_with_operators to None, run_after=None
[2024-11-11T19:50:49.337+0000] {processor.py:208} INFO - Processing /home/airflow/.local/lib/python3.12/site-packages/airflow/example_dags/example_xcomargs.py took 0.225 seconds
[2024-11-11T19:51:19.673+0000] {processor.py:186} INFO - Started process (PID=5655) to work on /home/airflow/.local/lib/python3.12/site-packages/airflow/example_dags/example_xcomargs.py
[2024-11-11T19:51:19.676+0000] {processor.py:914} INFO - Processing file /home/airflow/.local/lib/python3.12/site-packages/airflow/example_dags/example_xcomargs.py for tasks to queue
[2024-11-11T19:51:19.684+0000] {logging_mixin.py:190} INFO - [2024-11-11T19:51:19.683+0000] {dagbag.py:588} INFO - Filling up the DagBag from /home/airflow/.local/lib/python3.12/site-packages/airflow/example_dags/example_xcomargs.py
[2024-11-11T19:51:19.719+0000] {processor.py:925} INFO - DAG(s) 'example_xcom_args_with_operators', 'example_xcom_args' retrieved from /home/airflow/.local/lib/python3.12/site-packages/airflow/example_dags/example_xcomargs.py
[2024-11-11T19:51:19.796+0000] {logging_mixin.py:190} INFO - [2024-11-11T19:51:19.795+0000] {dag.py:3239} INFO - Sync 2 DAGs
[2024-11-11T19:51:19.837+0000] {logging_mixin.py:190} INFO - [2024-11-11T19:51:19.836+0000] {dag.py:4180} INFO - Setting next_dagrun for example_xcom_args to None, run_after=None
[2024-11-11T19:51:19.847+0000] {logging_mixin.py:190} INFO - [2024-11-11T19:51:19.846+0000] {dag.py:4180} INFO - Setting next_dagrun for example_xcom_args_with_operators to None, run_after=None
[2024-11-11T19:51:19.889+0000] {processor.py:208} INFO - Processing /home/airflow/.local/lib/python3.12/site-packages/airflow/example_dags/example_xcomargs.py took 0.242 seconds
[2024-11-11T19:51:50.287+0000] {processor.py:186} INFO - Started process (PID=5947) to work on /home/airflow/.local/lib/python3.12/site-packages/airflow/example_dags/example_xcomargs.py
[2024-11-11T19:51:50.293+0000] {processor.py:914} INFO - Processing file /home/airflow/.local/lib/python3.12/site-packages/airflow/example_dags/example_xcomargs.py for tasks to queue
[2024-11-11T19:51:50.305+0000] {logging_mixin.py:190} INFO - [2024-11-11T19:51:50.303+0000] {dagbag.py:588} INFO - Filling up the DagBag from /home/airflow/.local/lib/python3.12/site-packages/airflow/example_dags/example_xcomargs.py
[2024-11-11T19:51:50.357+0000] {processor.py:925} INFO - DAG(s) 'example_xcom_args_with_operators', 'example_xcom_args' retrieved from /home/airflow/.local/lib/python3.12/site-packages/airflow/example_dags/example_xcomargs.py
[2024-11-11T19:51:50.403+0000] {logging_mixin.py:190} INFO - [2024-11-11T19:51:50.402+0000] {dag.py:3239} INFO - Sync 2 DAGs
[2024-11-11T19:51:50.429+0000] {logging_mixin.py:190} INFO - [2024-11-11T19:51:50.428+0000] {dag.py:4180} INFO - Setting next_dagrun for example_xcom_args to None, run_after=None
[2024-11-11T19:51:50.436+0000] {logging_mixin.py:190} INFO - [2024-11-11T19:51:50.436+0000] {dag.py:4180} INFO - Setting next_dagrun for example_xcom_args_with_operators to None, run_after=None
[2024-11-11T19:51:50.465+0000] {processor.py:208} INFO - Processing /home/airflow/.local/lib/python3.12/site-packages/airflow/example_dags/example_xcomargs.py took 0.223 seconds
[2024-11-11T19:52:20.605+0000] {processor.py:186} INFO - Started process (PID=6238) to work on /home/airflow/.local/lib/python3.12/site-packages/airflow/example_dags/example_xcomargs.py
[2024-11-11T19:52:20.608+0000] {processor.py:914} INFO - Processing file /home/airflow/.local/lib/python3.12/site-packages/airflow/example_dags/example_xcomargs.py for tasks to queue
[2024-11-11T19:52:20.613+0000] {logging_mixin.py:190} INFO - [2024-11-11T19:52:20.612+0000] {dagbag.py:588} INFO - Filling up the DagBag from /home/airflow/.local/lib/python3.12/site-packages/airflow/example_dags/example_xcomargs.py
[2024-11-11T19:52:20.636+0000] {processor.py:925} INFO - DAG(s) 'example_xcom_args', 'example_xcom_args_with_operators' retrieved from /home/airflow/.local/lib/python3.12/site-packages/airflow/example_dags/example_xcomargs.py
[2024-11-11T19:52:20.695+0000] {logging_mixin.py:190} INFO - [2024-11-11T19:52:20.695+0000] {dag.py:3239} INFO - Sync 2 DAGs
[2024-11-11T19:52:20.731+0000] {logging_mixin.py:190} INFO - [2024-11-11T19:52:20.731+0000] {dag.py:4180} INFO - Setting next_dagrun for example_xcom_args to None, run_after=None
[2024-11-11T19:52:20.740+0000] {logging_mixin.py:190} INFO - [2024-11-11T19:52:20.740+0000] {dag.py:4180} INFO - Setting next_dagrun for example_xcom_args_with_operators to None, run_after=None
[2024-11-11T19:52:20.782+0000] {processor.py:208} INFO - Processing /home/airflow/.local/lib/python3.12/site-packages/airflow/example_dags/example_xcomargs.py took 0.194 seconds
[2024-11-11T19:52:51.286+0000] {processor.py:186} INFO - Started process (PID=6522) to work on /home/airflow/.local/lib/python3.12/site-packages/airflow/example_dags/example_xcomargs.py
[2024-11-11T19:52:51.288+0000] {processor.py:914} INFO - Processing file /home/airflow/.local/lib/python3.12/site-packages/airflow/example_dags/example_xcomargs.py for tasks to queue
[2024-11-11T19:52:51.293+0000] {logging_mixin.py:190} INFO - [2024-11-11T19:52:51.293+0000] {dagbag.py:588} INFO - Filling up the DagBag from /home/airflow/.local/lib/python3.12/site-packages/airflow/example_dags/example_xcomargs.py
[2024-11-11T19:52:51.320+0000] {processor.py:925} INFO - DAG(s) 'example_xcom_args', 'example_xcom_args_with_operators' retrieved from /home/airflow/.local/lib/python3.12/site-packages/airflow/example_dags/example_xcomargs.py
[2024-11-11T19:52:51.382+0000] {logging_mixin.py:190} INFO - [2024-11-11T19:52:51.382+0000] {dag.py:3239} INFO - Sync 2 DAGs
[2024-11-11T19:52:51.417+0000] {logging_mixin.py:190} INFO - [2024-11-11T19:52:51.417+0000] {dag.py:4180} INFO - Setting next_dagrun for example_xcom_args to None, run_after=None
[2024-11-11T19:52:51.423+0000] {logging_mixin.py:190} INFO - [2024-11-11T19:52:51.423+0000] {dag.py:4180} INFO - Setting next_dagrun for example_xcom_args_with_operators to None, run_after=None
[2024-11-11T19:52:51.448+0000] {processor.py:208} INFO - Processing /home/airflow/.local/lib/python3.12/site-packages/airflow/example_dags/example_xcomargs.py took 0.187 seconds
[2024-11-11T19:53:21.760+0000] {processor.py:186} INFO - Started process (PID=6808) to work on /home/airflow/.local/lib/python3.12/site-packages/airflow/example_dags/example_xcomargs.py
[2024-11-11T19:53:21.762+0000] {processor.py:914} INFO - Processing file /home/airflow/.local/lib/python3.12/site-packages/airflow/example_dags/example_xcomargs.py for tasks to queue
[2024-11-11T19:53:21.772+0000] {logging_mixin.py:190} INFO - [2024-11-11T19:53:21.770+0000] {dagbag.py:588} INFO - Filling up the DagBag from /home/airflow/.local/lib/python3.12/site-packages/airflow/example_dags/example_xcomargs.py
[2024-11-11T19:53:21.817+0000] {processor.py:925} INFO - DAG(s) 'example_xcom_args_with_operators', 'example_xcom_args' retrieved from /home/airflow/.local/lib/python3.12/site-packages/airflow/example_dags/example_xcomargs.py
[2024-11-11T19:53:21.892+0000] {logging_mixin.py:190} INFO - [2024-11-11T19:53:21.891+0000] {dag.py:3239} INFO - Sync 2 DAGs
[2024-11-11T19:53:21.934+0000] {logging_mixin.py:190} INFO - [2024-11-11T19:53:21.934+0000] {dag.py:4180} INFO - Setting next_dagrun for example_xcom_args to None, run_after=None
[2024-11-11T19:53:21.941+0000] {logging_mixin.py:190} INFO - [2024-11-11T19:53:21.940+0000] {dag.py:4180} INFO - Setting next_dagrun for example_xcom_args_with_operators to None, run_after=None
[2024-11-11T19:53:21.972+0000] {processor.py:208} INFO - Processing /home/airflow/.local/lib/python3.12/site-packages/airflow/example_dags/example_xcomargs.py took 0.229 seconds
[2024-11-11T19:53:52.115+0000] {processor.py:186} INFO - Started process (PID=7099) to work on /home/airflow/.local/lib/python3.12/site-packages/airflow/example_dags/example_xcomargs.py
[2024-11-11T19:53:52.117+0000] {processor.py:914} INFO - Processing file /home/airflow/.local/lib/python3.12/site-packages/airflow/example_dags/example_xcomargs.py for tasks to queue
[2024-11-11T19:53:52.122+0000] {logging_mixin.py:190} INFO - [2024-11-11T19:53:52.121+0000] {dagbag.py:588} INFO - Filling up the DagBag from /home/airflow/.local/lib/python3.12/site-packages/airflow/example_dags/example_xcomargs.py
[2024-11-11T19:53:52.140+0000] {processor.py:925} INFO - DAG(s) 'example_xcom_args', 'example_xcom_args_with_operators' retrieved from /home/airflow/.local/lib/python3.12/site-packages/airflow/example_dags/example_xcomargs.py
[2024-11-11T19:53:52.180+0000] {logging_mixin.py:190} INFO - [2024-11-11T19:53:52.180+0000] {dag.py:3239} INFO - Sync 2 DAGs
[2024-11-11T19:53:52.206+0000] {logging_mixin.py:190} INFO - [2024-11-11T19:53:52.206+0000] {dag.py:4180} INFO - Setting next_dagrun for example_xcom_args to None, run_after=None
[2024-11-11T19:53:52.213+0000] {logging_mixin.py:190} INFO - [2024-11-11T19:53:52.212+0000] {dag.py:4180} INFO - Setting next_dagrun for example_xcom_args_with_operators to None, run_after=None
[2024-11-11T19:53:52.246+0000] {processor.py:208} INFO - Processing /home/airflow/.local/lib/python3.12/site-packages/airflow/example_dags/example_xcomargs.py took 0.147 seconds
[2024-11-11T19:54:22.400+0000] {processor.py:186} INFO - Started process (PID=7390) to work on /home/airflow/.local/lib/python3.12/site-packages/airflow/example_dags/example_xcomargs.py
[2024-11-11T19:54:22.402+0000] {processor.py:914} INFO - Processing file /home/airflow/.local/lib/python3.12/site-packages/airflow/example_dags/example_xcomargs.py for tasks to queue
[2024-11-11T19:54:22.407+0000] {logging_mixin.py:190} INFO - [2024-11-11T19:54:22.406+0000] {dagbag.py:588} INFO - Filling up the DagBag from /home/airflow/.local/lib/python3.12/site-packages/airflow/example_dags/example_xcomargs.py
[2024-11-11T19:54:22.427+0000] {processor.py:925} INFO - DAG(s) 'example_xcom_args', 'example_xcom_args_with_operators' retrieved from /home/airflow/.local/lib/python3.12/site-packages/airflow/example_dags/example_xcomargs.py
[2024-11-11T19:54:22.472+0000] {logging_mixin.py:190} INFO - [2024-11-11T19:54:22.472+0000] {dag.py:3239} INFO - Sync 2 DAGs
[2024-11-11T19:54:22.516+0000] {logging_mixin.py:190} INFO - [2024-11-11T19:54:22.516+0000] {dag.py:4180} INFO - Setting next_dagrun for example_xcom_args to None, run_after=None
[2024-11-11T19:54:22.527+0000] {logging_mixin.py:190} INFO - [2024-11-11T19:54:22.526+0000] {dag.py:4180} INFO - Setting next_dagrun for example_xcom_args_with_operators to None, run_after=None
[2024-11-11T19:54:22.563+0000] {processor.py:208} INFO - Processing /home/airflow/.local/lib/python3.12/site-packages/airflow/example_dags/example_xcomargs.py took 0.184 seconds
[2024-11-11T19:54:52.921+0000] {processor.py:186} INFO - Started process (PID=7678) to work on /home/airflow/.local/lib/python3.12/site-packages/airflow/example_dags/example_xcomargs.py
[2024-11-11T19:54:52.922+0000] {processor.py:914} INFO - Processing file /home/airflow/.local/lib/python3.12/site-packages/airflow/example_dags/example_xcomargs.py for tasks to queue
[2024-11-11T19:54:52.925+0000] {logging_mixin.py:190} INFO - [2024-11-11T19:54:52.925+0000] {dagbag.py:588} INFO - Filling up the DagBag from /home/airflow/.local/lib/python3.12/site-packages/airflow/example_dags/example_xcomargs.py
[2024-11-11T19:54:52.942+0000] {processor.py:925} INFO - DAG(s) 'example_xcom_args', 'example_xcom_args_with_operators' retrieved from /home/airflow/.local/lib/python3.12/site-packages/airflow/example_dags/example_xcomargs.py
[2024-11-11T19:54:52.987+0000] {logging_mixin.py:190} INFO - [2024-11-11T19:54:52.986+0000] {dag.py:3239} INFO - Sync 2 DAGs
[2024-11-11T19:54:53.053+0000] {logging_mixin.py:190} INFO - [2024-11-11T19:54:53.053+0000] {dag.py:4180} INFO - Setting next_dagrun for example_xcom_args to None, run_after=None
[2024-11-11T19:54:53.067+0000] {logging_mixin.py:190} INFO - [2024-11-11T19:54:53.067+0000] {dag.py:4180} INFO - Setting next_dagrun for example_xcom_args_with_operators to None, run_after=None
[2024-11-11T19:54:53.122+0000] {processor.py:208} INFO - Processing /home/airflow/.local/lib/python3.12/site-packages/airflow/example_dags/example_xcomargs.py took 0.211 seconds
[2024-11-11T19:55:24.500+0000] {processor.py:186} INFO - Started process (PID=7973) to work on /home/airflow/.local/lib/python3.12/site-packages/airflow/example_dags/example_xcomargs.py
[2024-11-11T19:55:24.505+0000] {processor.py:914} INFO - Processing file /home/airflow/.local/lib/python3.12/site-packages/airflow/example_dags/example_xcomargs.py for tasks to queue
[2024-11-11T19:55:24.513+0000] {logging_mixin.py:190} INFO - [2024-11-11T19:55:24.511+0000] {dagbag.py:588} INFO - Filling up the DagBag from /home/airflow/.local/lib/python3.12/site-packages/airflow/example_dags/example_xcomargs.py
[2024-11-11T19:55:24.577+0000] {processor.py:925} INFO - DAG(s) 'example_xcom_args_with_operators', 'example_xcom_args' retrieved from /home/airflow/.local/lib/python3.12/site-packages/airflow/example_dags/example_xcomargs.py
[2024-11-11T19:55:24.710+0000] {logging_mixin.py:190} INFO - [2024-11-11T19:55:24.709+0000] {dag.py:3239} INFO - Sync 2 DAGs
[2024-11-11T19:55:24.751+0000] {logging_mixin.py:190} INFO - [2024-11-11T19:55:24.750+0000] {dag.py:4180} INFO - Setting next_dagrun for example_xcom_args to None, run_after=None
[2024-11-11T19:55:24.757+0000] {logging_mixin.py:190} INFO - [2024-11-11T19:55:24.757+0000] {dag.py:4180} INFO - Setting next_dagrun for example_xcom_args_with_operators to None, run_after=None
[2024-11-11T19:55:24.790+0000] {processor.py:208} INFO - Processing /home/airflow/.local/lib/python3.12/site-packages/airflow/example_dags/example_xcomargs.py took 0.315 seconds
[2024-11-11T19:55:55.635+0000] {processor.py:186} INFO - Started process (PID=8265) to work on /home/airflow/.local/lib/python3.12/site-packages/airflow/example_dags/example_xcomargs.py
[2024-11-11T19:55:55.638+0000] {processor.py:914} INFO - Processing file /home/airflow/.local/lib/python3.12/site-packages/airflow/example_dags/example_xcomargs.py for tasks to queue
[2024-11-11T19:55:55.643+0000] {logging_mixin.py:190} INFO - [2024-11-11T19:55:55.643+0000] {dagbag.py:588} INFO - Filling up the DagBag from /home/airflow/.local/lib/python3.12/site-packages/airflow/example_dags/example_xcomargs.py
[2024-11-11T19:55:55.674+0000] {processor.py:925} INFO - DAG(s) 'example_xcom_args', 'example_xcom_args_with_operators' retrieved from /home/airflow/.local/lib/python3.12/site-packages/airflow/example_dags/example_xcomargs.py
[2024-11-11T19:55:55.742+0000] {logging_mixin.py:190} INFO - [2024-11-11T19:55:55.741+0000] {dag.py:3239} INFO - Sync 2 DAGs
[2024-11-11T19:55:55.786+0000] {logging_mixin.py:190} INFO - [2024-11-11T19:55:55.785+0000] {dag.py:4180} INFO - Setting next_dagrun for example_xcom_args to None, run_after=None
[2024-11-11T19:55:55.796+0000] {logging_mixin.py:190} INFO - [2024-11-11T19:55:55.796+0000] {dag.py:4180} INFO - Setting next_dagrun for example_xcom_args_with_operators to None, run_after=None
[2024-11-11T19:55:55.841+0000] {processor.py:208} INFO - Processing /home/airflow/.local/lib/python3.12/site-packages/airflow/example_dags/example_xcomargs.py took 0.238 seconds
[2024-11-11T19:56:26.238+0000] {processor.py:186} INFO - Started process (PID=8552) to work on /home/airflow/.local/lib/python3.12/site-packages/airflow/example_dags/example_xcomargs.py
[2024-11-11T19:56:26.241+0000] {processor.py:914} INFO - Processing file /home/airflow/.local/lib/python3.12/site-packages/airflow/example_dags/example_xcomargs.py for tasks to queue
[2024-11-11T19:56:26.247+0000] {logging_mixin.py:190} INFO - [2024-11-11T19:56:26.246+0000] {dagbag.py:588} INFO - Filling up the DagBag from /home/airflow/.local/lib/python3.12/site-packages/airflow/example_dags/example_xcomargs.py
[2024-11-11T19:56:26.276+0000] {processor.py:925} INFO - DAG(s) 'example_xcom_args', 'example_xcom_args_with_operators' retrieved from /home/airflow/.local/lib/python3.12/site-packages/airflow/example_dags/example_xcomargs.py
[2024-11-11T19:56:26.355+0000] {logging_mixin.py:190} INFO - [2024-11-11T19:56:26.354+0000] {dag.py:3239} INFO - Sync 2 DAGs
[2024-11-11T19:56:26.431+0000] {logging_mixin.py:190} INFO - [2024-11-11T19:56:26.430+0000] {dag.py:4180} INFO - Setting next_dagrun for example_xcom_args to None, run_after=None
[2024-11-11T19:56:26.449+0000] {logging_mixin.py:190} INFO - [2024-11-11T19:56:26.448+0000] {dag.py:4180} INFO - Setting next_dagrun for example_xcom_args_with_operators to None, run_after=None
[2024-11-11T19:56:26.533+0000] {processor.py:208} INFO - Processing /home/airflow/.local/lib/python3.12/site-packages/airflow/example_dags/example_xcomargs.py took 0.310 seconds
[2024-11-11T19:56:57.375+0000] {processor.py:186} INFO - Started process (PID=8843) to work on /home/airflow/.local/lib/python3.12/site-packages/airflow/example_dags/example_xcomargs.py
[2024-11-11T19:56:57.377+0000] {processor.py:914} INFO - Processing file /home/airflow/.local/lib/python3.12/site-packages/airflow/example_dags/example_xcomargs.py for tasks to queue
[2024-11-11T19:56:57.383+0000] {logging_mixin.py:190} INFO - [2024-11-11T19:56:57.382+0000] {dagbag.py:588} INFO - Filling up the DagBag from /home/airflow/.local/lib/python3.12/site-packages/airflow/example_dags/example_xcomargs.py
[2024-11-11T19:56:57.404+0000] {processor.py:925} INFO - DAG(s) 'example_xcom_args', 'example_xcom_args_with_operators' retrieved from /home/airflow/.local/lib/python3.12/site-packages/airflow/example_dags/example_xcomargs.py
[2024-11-11T19:56:57.448+0000] {logging_mixin.py:190} INFO - [2024-11-11T19:56:57.447+0000] {dag.py:3239} INFO - Sync 2 DAGs
[2024-11-11T19:56:57.488+0000] {logging_mixin.py:190} INFO - [2024-11-11T19:56:57.487+0000] {dag.py:4180} INFO - Setting next_dagrun for example_xcom_args to None, run_after=None
[2024-11-11T19:56:57.499+0000] {logging_mixin.py:190} INFO - [2024-11-11T19:56:57.498+0000] {dag.py:4180} INFO - Setting next_dagrun for example_xcom_args_with_operators to None, run_after=None
[2024-11-11T19:56:57.529+0000] {processor.py:208} INFO - Processing /home/airflow/.local/lib/python3.12/site-packages/airflow/example_dags/example_xcomargs.py took 0.169 seconds
[2024-11-11T19:57:27.857+0000] {processor.py:186} INFO - Started process (PID=9136) to work on /home/airflow/.local/lib/python3.12/site-packages/airflow/example_dags/example_xcomargs.py
[2024-11-11T19:57:27.859+0000] {processor.py:914} INFO - Processing file /home/airflow/.local/lib/python3.12/site-packages/airflow/example_dags/example_xcomargs.py for tasks to queue
[2024-11-11T19:57:27.863+0000] {logging_mixin.py:190} INFO - [2024-11-11T19:57:27.862+0000] {dagbag.py:588} INFO - Filling up the DagBag from /home/airflow/.local/lib/python3.12/site-packages/airflow/example_dags/example_xcomargs.py
[2024-11-11T19:57:27.882+0000] {processor.py:925} INFO - DAG(s) 'example_xcom_args', 'example_xcom_args_with_operators' retrieved from /home/airflow/.local/lib/python3.12/site-packages/airflow/example_dags/example_xcomargs.py
[2024-11-11T19:57:27.934+0000] {logging_mixin.py:190} INFO - [2024-11-11T19:57:27.933+0000] {dag.py:3239} INFO - Sync 2 DAGs
[2024-11-11T19:57:27.987+0000] {logging_mixin.py:190} INFO - [2024-11-11T19:57:27.986+0000] {dag.py:4180} INFO - Setting next_dagrun for example_xcom_args to None, run_after=None
[2024-11-11T19:57:27.997+0000] {logging_mixin.py:190} INFO - [2024-11-11T19:57:27.996+0000] {dag.py:4180} INFO - Setting next_dagrun for example_xcom_args_with_operators to None, run_after=None
[2024-11-11T19:57:28.059+0000] {processor.py:208} INFO - Processing /home/airflow/.local/lib/python3.12/site-packages/airflow/example_dags/example_xcomargs.py took 0.213 seconds
[2024-11-11T19:57:58.876+0000] {processor.py:186} INFO - Started process (PID=9425) to work on /home/airflow/.local/lib/python3.12/site-packages/airflow/example_dags/example_xcomargs.py
[2024-11-11T19:57:58.879+0000] {processor.py:914} INFO - Processing file /home/airflow/.local/lib/python3.12/site-packages/airflow/example_dags/example_xcomargs.py for tasks to queue
[2024-11-11T19:57:58.886+0000] {logging_mixin.py:190} INFO - [2024-11-11T19:57:58.885+0000] {dagbag.py:588} INFO - Filling up the DagBag from /home/airflow/.local/lib/python3.12/site-packages/airflow/example_dags/example_xcomargs.py
[2024-11-11T19:57:58.913+0000] {processor.py:925} INFO - DAG(s) 'example_xcom_args_with_operators', 'example_xcom_args' retrieved from /home/airflow/.local/lib/python3.12/site-packages/airflow/example_dags/example_xcomargs.py
[2024-11-11T19:57:58.972+0000] {logging_mixin.py:190} INFO - [2024-11-11T19:57:58.971+0000] {dag.py:3239} INFO - Sync 2 DAGs
[2024-11-11T19:57:59.007+0000] {logging_mixin.py:190} INFO - [2024-11-11T19:57:59.007+0000] {dag.py:4180} INFO - Setting next_dagrun for example_xcom_args to None, run_after=None
[2024-11-11T19:57:59.017+0000] {logging_mixin.py:190} INFO - [2024-11-11T19:57:59.016+0000] {dag.py:4180} INFO - Setting next_dagrun for example_xcom_args_with_operators to None, run_after=None
[2024-11-11T19:57:59.052+0000] {processor.py:208} INFO - Processing /home/airflow/.local/lib/python3.12/site-packages/airflow/example_dags/example_xcomargs.py took 0.197 seconds
[2024-11-11T19:58:29.543+0000] {processor.py:186} INFO - Started process (PID=9716) to work on /home/airflow/.local/lib/python3.12/site-packages/airflow/example_dags/example_xcomargs.py
[2024-11-11T19:58:29.546+0000] {processor.py:914} INFO - Processing file /home/airflow/.local/lib/python3.12/site-packages/airflow/example_dags/example_xcomargs.py for tasks to queue
[2024-11-11T19:58:29.553+0000] {logging_mixin.py:190} INFO - [2024-11-11T19:58:29.552+0000] {dagbag.py:588} INFO - Filling up the DagBag from /home/airflow/.local/lib/python3.12/site-packages/airflow/example_dags/example_xcomargs.py
[2024-11-11T19:58:29.586+0000] {processor.py:925} INFO - DAG(s) 'example_xcom_args', 'example_xcom_args_with_operators' retrieved from /home/airflow/.local/lib/python3.12/site-packages/airflow/example_dags/example_xcomargs.py
[2024-11-11T19:58:29.646+0000] {logging_mixin.py:190} INFO - [2024-11-11T19:58:29.646+0000] {dag.py:3239} INFO - Sync 2 DAGs
[2024-11-11T19:58:29.686+0000] {logging_mixin.py:190} INFO - [2024-11-11T19:58:29.685+0000] {dag.py:4180} INFO - Setting next_dagrun for example_xcom_args to None, run_after=None
[2024-11-11T19:58:29.694+0000] {logging_mixin.py:190} INFO - [2024-11-11T19:58:29.694+0000] {dag.py:4180} INFO - Setting next_dagrun for example_xcom_args_with_operators to None, run_after=None
[2024-11-11T19:58:29.735+0000] {processor.py:208} INFO - Processing /home/airflow/.local/lib/python3.12/site-packages/airflow/example_dags/example_xcomargs.py took 0.207 seconds
[2024-11-11T19:58:59.930+0000] {processor.py:186} INFO - Started process (PID=10002) to work on /home/airflow/.local/lib/python3.12/site-packages/airflow/example_dags/example_xcomargs.py
[2024-11-11T19:58:59.931+0000] {processor.py:914} INFO - Processing file /home/airflow/.local/lib/python3.12/site-packages/airflow/example_dags/example_xcomargs.py for tasks to queue
[2024-11-11T19:58:59.937+0000] {logging_mixin.py:190} INFO - [2024-11-11T19:58:59.936+0000] {dagbag.py:588} INFO - Filling up the DagBag from /home/airflow/.local/lib/python3.12/site-packages/airflow/example_dags/example_xcomargs.py
[2024-11-11T19:58:59.960+0000] {processor.py:925} INFO - DAG(s) 'example_xcom_args', 'example_xcom_args_with_operators' retrieved from /home/airflow/.local/lib/python3.12/site-packages/airflow/example_dags/example_xcomargs.py
[2024-11-11T19:59:00.000+0000] {logging_mixin.py:190} INFO - [2024-11-11T19:59:00.000+0000] {dag.py:3239} INFO - Sync 2 DAGs
[2024-11-11T19:59:00.028+0000] {logging_mixin.py:190} INFO - [2024-11-11T19:59:00.027+0000] {dag.py:4180} INFO - Setting next_dagrun for example_xcom_args to None, run_after=None
[2024-11-11T19:59:00.035+0000] {logging_mixin.py:190} INFO - [2024-11-11T19:59:00.034+0000] {dag.py:4180} INFO - Setting next_dagrun for example_xcom_args_with_operators to None, run_after=None
[2024-11-11T19:59:00.067+0000] {processor.py:208} INFO - Processing /home/airflow/.local/lib/python3.12/site-packages/airflow/example_dags/example_xcomargs.py took 0.148 seconds
[2024-11-11T19:59:31.070+0000] {processor.py:186} INFO - Started process (PID=10295) to work on /home/airflow/.local/lib/python3.12/site-packages/airflow/example_dags/example_xcomargs.py
[2024-11-11T19:59:31.073+0000] {processor.py:914} INFO - Processing file /home/airflow/.local/lib/python3.12/site-packages/airflow/example_dags/example_xcomargs.py for tasks to queue
[2024-11-11T19:59:31.083+0000] {logging_mixin.py:190} INFO - [2024-11-11T19:59:31.082+0000] {dagbag.py:588} INFO - Filling up the DagBag from /home/airflow/.local/lib/python3.12/site-packages/airflow/example_dags/example_xcomargs.py
[2024-11-11T19:59:31.111+0000] {processor.py:925} INFO - DAG(s) 'example_xcom_args', 'example_xcom_args_with_operators' retrieved from /home/airflow/.local/lib/python3.12/site-packages/airflow/example_dags/example_xcomargs.py
[2024-11-11T19:59:31.181+0000] {logging_mixin.py:190} INFO - [2024-11-11T19:59:31.180+0000] {dag.py:3239} INFO - Sync 2 DAGs
[2024-11-11T19:59:31.219+0000] {logging_mixin.py:190} INFO - [2024-11-11T19:59:31.219+0000] {dag.py:4180} INFO - Setting next_dagrun for example_xcom_args to None, run_after=None
[2024-11-11T19:59:31.230+0000] {logging_mixin.py:190} INFO - [2024-11-11T19:59:31.230+0000] {dag.py:4180} INFO - Setting next_dagrun for example_xcom_args_with_operators to None, run_after=None
[2024-11-11T19:59:31.279+0000] {processor.py:208} INFO - Processing /home/airflow/.local/lib/python3.12/site-packages/airflow/example_dags/example_xcomargs.py took 0.234 seconds
[2024-11-11T20:00:01.359+0000] {processor.py:186} INFO - Started process (PID=10584) to work on /home/airflow/.local/lib/python3.12/site-packages/airflow/example_dags/example_xcomargs.py
[2024-11-11T20:00:01.361+0000] {processor.py:914} INFO - Processing file /home/airflow/.local/lib/python3.12/site-packages/airflow/example_dags/example_xcomargs.py for tasks to queue
[2024-11-11T20:00:01.365+0000] {logging_mixin.py:190} INFO - [2024-11-11T20:00:01.365+0000] {dagbag.py:588} INFO - Filling up the DagBag from /home/airflow/.local/lib/python3.12/site-packages/airflow/example_dags/example_xcomargs.py
[2024-11-11T20:00:01.389+0000] {processor.py:925} INFO - DAG(s) 'example_xcom_args_with_operators', 'example_xcom_args' retrieved from /home/airflow/.local/lib/python3.12/site-packages/airflow/example_dags/example_xcomargs.py
[2024-11-11T20:00:01.451+0000] {logging_mixin.py:190} INFO - [2024-11-11T20:00:01.450+0000] {dag.py:3239} INFO - Sync 2 DAGs
[2024-11-11T20:00:01.483+0000] {logging_mixin.py:190} INFO - [2024-11-11T20:00:01.482+0000] {dag.py:4180} INFO - Setting next_dagrun for example_xcom_args to None, run_after=None
[2024-11-11T20:00:01.494+0000] {logging_mixin.py:190} INFO - [2024-11-11T20:00:01.493+0000] {dag.py:4180} INFO - Setting next_dagrun for example_xcom_args_with_operators to None, run_after=None
[2024-11-11T20:00:01.547+0000] {processor.py:208} INFO - Processing /home/airflow/.local/lib/python3.12/site-packages/airflow/example_dags/example_xcomargs.py took 0.199 seconds
[2024-11-11T20:00:31.640+0000] {processor.py:186} INFO - Started process (PID=10870) to work on /home/airflow/.local/lib/python3.12/site-packages/airflow/example_dags/example_xcomargs.py
[2024-11-11T20:00:31.642+0000] {processor.py:914} INFO - Processing file /home/airflow/.local/lib/python3.12/site-packages/airflow/example_dags/example_xcomargs.py for tasks to queue
[2024-11-11T20:00:31.645+0000] {logging_mixin.py:190} INFO - [2024-11-11T20:00:31.645+0000] {dagbag.py:588} INFO - Filling up the DagBag from /home/airflow/.local/lib/python3.12/site-packages/airflow/example_dags/example_xcomargs.py
[2024-11-11T20:00:31.662+0000] {processor.py:925} INFO - DAG(s) 'example_xcom_args_with_operators', 'example_xcom_args' retrieved from /home/airflow/.local/lib/python3.12/site-packages/airflow/example_dags/example_xcomargs.py
[2024-11-11T20:00:31.705+0000] {logging_mixin.py:190} INFO - [2024-11-11T20:00:31.705+0000] {dag.py:3239} INFO - Sync 2 DAGs
[2024-11-11T20:00:31.741+0000] {logging_mixin.py:190} INFO - [2024-11-11T20:00:31.741+0000] {dag.py:4180} INFO - Setting next_dagrun for example_xcom_args to None, run_after=None
[2024-11-11T20:00:31.750+0000] {logging_mixin.py:190} INFO - [2024-11-11T20:00:31.749+0000] {dag.py:4180} INFO - Setting next_dagrun for example_xcom_args_with_operators to None, run_after=None
[2024-11-11T20:00:31.805+0000] {processor.py:208} INFO - Processing /home/airflow/.local/lib/python3.12/site-packages/airflow/example_dags/example_xcomargs.py took 0.176 seconds
[2024-11-11T20:01:02.699+0000] {processor.py:186} INFO - Started process (PID=11161) to work on /home/airflow/.local/lib/python3.12/site-packages/airflow/example_dags/example_xcomargs.py
[2024-11-11T20:01:02.701+0000] {processor.py:914} INFO - Processing file /home/airflow/.local/lib/python3.12/site-packages/airflow/example_dags/example_xcomargs.py for tasks to queue
[2024-11-11T20:01:02.706+0000] {logging_mixin.py:190} INFO - [2024-11-11T20:01:02.705+0000] {dagbag.py:588} INFO - Filling up the DagBag from /home/airflow/.local/lib/python3.12/site-packages/airflow/example_dags/example_xcomargs.py
[2024-11-11T20:01:02.743+0000] {processor.py:925} INFO - DAG(s) 'example_xcom_args_with_operators', 'example_xcom_args' retrieved from /home/airflow/.local/lib/python3.12/site-packages/airflow/example_dags/example_xcomargs.py
[2024-11-11T20:01:02.799+0000] {logging_mixin.py:190} INFO - [2024-11-11T20:01:02.799+0000] {dag.py:3239} INFO - Sync 2 DAGs
[2024-11-11T20:01:02.833+0000] {logging_mixin.py:190} INFO - [2024-11-11T20:01:02.833+0000] {dag.py:4180} INFO - Setting next_dagrun for example_xcom_args to None, run_after=None
[2024-11-11T20:01:02.842+0000] {logging_mixin.py:190} INFO - [2024-11-11T20:01:02.841+0000] {dag.py:4180} INFO - Setting next_dagrun for example_xcom_args_with_operators to None, run_after=None
[2024-11-11T20:01:02.884+0000] {processor.py:208} INFO - Processing /home/airflow/.local/lib/python3.12/site-packages/airflow/example_dags/example_xcomargs.py took 0.202 seconds
[2024-11-11T20:01:33.561+0000] {processor.py:186} INFO - Started process (PID=11452) to work on /home/airflow/.local/lib/python3.12/site-packages/airflow/example_dags/example_xcomargs.py
[2024-11-11T20:01:33.563+0000] {processor.py:914} INFO - Processing file /home/airflow/.local/lib/python3.12/site-packages/airflow/example_dags/example_xcomargs.py for tasks to queue
[2024-11-11T20:01:33.568+0000] {logging_mixin.py:190} INFO - [2024-11-11T20:01:33.567+0000] {dagbag.py:588} INFO - Filling up the DagBag from /home/airflow/.local/lib/python3.12/site-packages/airflow/example_dags/example_xcomargs.py
[2024-11-11T20:01:33.598+0000] {processor.py:925} INFO - DAG(s) 'example_xcom_args_with_operators', 'example_xcom_args' retrieved from /home/airflow/.local/lib/python3.12/site-packages/airflow/example_dags/example_xcomargs.py
[2024-11-11T20:01:33.660+0000] {logging_mixin.py:190} INFO - [2024-11-11T20:01:33.659+0000] {dag.py:3239} INFO - Sync 2 DAGs
[2024-11-11T20:01:33.695+0000] {logging_mixin.py:190} INFO - [2024-11-11T20:01:33.694+0000] {dag.py:4180} INFO - Setting next_dagrun for example_xcom_args to None, run_after=None
[2024-11-11T20:01:33.703+0000] {logging_mixin.py:190} INFO - [2024-11-11T20:01:33.702+0000] {dag.py:4180} INFO - Setting next_dagrun for example_xcom_args_with_operators to None, run_after=None
[2024-11-11T20:01:33.758+0000] {processor.py:208} INFO - Processing /home/airflow/.local/lib/python3.12/site-packages/airflow/example_dags/example_xcomargs.py took 0.213 seconds
[2024-11-11T20:02:04.302+0000] {processor.py:186} INFO - Started process (PID=11744) to work on /home/airflow/.local/lib/python3.12/site-packages/airflow/example_dags/example_xcomargs.py
[2024-11-11T20:02:04.304+0000] {processor.py:914} INFO - Processing file /home/airflow/.local/lib/python3.12/site-packages/airflow/example_dags/example_xcomargs.py for tasks to queue
[2024-11-11T20:02:04.307+0000] {logging_mixin.py:190} INFO - [2024-11-11T20:02:04.307+0000] {dagbag.py:588} INFO - Filling up the DagBag from /home/airflow/.local/lib/python3.12/site-packages/airflow/example_dags/example_xcomargs.py
[2024-11-11T20:02:04.325+0000] {processor.py:925} INFO - DAG(s) 'example_xcom_args', 'example_xcom_args_with_operators' retrieved from /home/airflow/.local/lib/python3.12/site-packages/airflow/example_dags/example_xcomargs.py
[2024-11-11T20:02:04.368+0000] {logging_mixin.py:190} INFO - [2024-11-11T20:02:04.367+0000] {dag.py:3239} INFO - Sync 2 DAGs
[2024-11-11T20:02:04.394+0000] {logging_mixin.py:190} INFO - [2024-11-11T20:02:04.393+0000] {dag.py:4180} INFO - Setting next_dagrun for example_xcom_args to None, run_after=None
[2024-11-11T20:02:04.400+0000] {logging_mixin.py:190} INFO - [2024-11-11T20:02:04.400+0000] {dag.py:4180} INFO - Setting next_dagrun for example_xcom_args_with_operators to None, run_after=None
[2024-11-11T20:02:04.428+0000] {processor.py:208} INFO - Processing /home/airflow/.local/lib/python3.12/site-packages/airflow/example_dags/example_xcomargs.py took 0.137 seconds
[2024-11-11T20:02:35.272+0000] {processor.py:186} INFO - Started process (PID=12030) to work on /home/airflow/.local/lib/python3.12/site-packages/airflow/example_dags/example_xcomargs.py
[2024-11-11T20:02:35.275+0000] {processor.py:914} INFO - Processing file /home/airflow/.local/lib/python3.12/site-packages/airflow/example_dags/example_xcomargs.py for tasks to queue
[2024-11-11T20:02:35.280+0000] {logging_mixin.py:190} INFO - [2024-11-11T20:02:35.279+0000] {dagbag.py:588} INFO - Filling up the DagBag from /home/airflow/.local/lib/python3.12/site-packages/airflow/example_dags/example_xcomargs.py
[2024-11-11T20:02:35.314+0000] {processor.py:925} INFO - DAG(s) 'example_xcom_args', 'example_xcom_args_with_operators' retrieved from /home/airflow/.local/lib/python3.12/site-packages/airflow/example_dags/example_xcomargs.py
[2024-11-11T20:02:35.449+0000] {logging_mixin.py:190} INFO - [2024-11-11T20:02:35.448+0000] {dag.py:3239} INFO - Sync 2 DAGs
[2024-11-11T20:02:35.525+0000] {logging_mixin.py:190} INFO - [2024-11-11T20:02:35.524+0000] {dag.py:4180} INFO - Setting next_dagrun for example_xcom_args to None, run_after=None
[2024-11-11T20:02:35.545+0000] {logging_mixin.py:190} INFO - [2024-11-11T20:02:35.544+0000] {dag.py:4180} INFO - Setting next_dagrun for example_xcom_args_with_operators to None, run_after=None
[2024-11-11T20:02:35.622+0000] {processor.py:208} INFO - Processing /home/airflow/.local/lib/python3.12/site-packages/airflow/example_dags/example_xcomargs.py took 0.368 seconds
