[2024-11-11T19:41:24.385+0000] {processor.py:186} INFO - Started process (PID=213) to work on /home/airflow/.local/lib/python3.12/site-packages/airflow/example_dags/example_local_kubernetes_executor.py
[2024-11-11T19:41:24.386+0000] {processor.py:914} INFO - Processing file /home/airflow/.local/lib/python3.12/site-packages/airflow/example_dags/example_local_kubernetes_executor.py for tasks to queue
[2024-11-11T19:41:24.390+0000] {logging_mixin.py:190} INFO - [2024-11-11T19:41:24.389+0000] {dagbag.py:588} INFO - Filling up the DagBag from /home/airflow/.local/lib/python3.12/site-packages/airflow/example_dags/example_local_kubernetes_executor.py
[2024-11-11T19:41:24.414+0000] {processor.py:925} INFO - DAG(s) 'example_local_kubernetes_executor' retrieved from /home/airflow/.local/lib/python3.12/site-packages/airflow/example_dags/example_local_kubernetes_executor.py
[2024-11-11T19:41:24.731+0000] {logging_mixin.py:190} INFO - [2024-11-11T19:41:24.730+0000] {override.py:1911} INFO - Created Permission View: can delete on DAG:example_local_kubernetes_executor
[2024-11-11T19:41:24.747+0000] {logging_mixin.py:190} INFO - [2024-11-11T19:41:24.746+0000] {override.py:1911} INFO - Created Permission View: can read on DAG:example_local_kubernetes_executor
[2024-11-11T19:41:24.759+0000] {logging_mixin.py:190} INFO - [2024-11-11T19:41:24.758+0000] {override.py:1911} INFO - Created Permission View: can edit on DAG:example_local_kubernetes_executor
[2024-11-11T19:41:24.772+0000] {logging_mixin.py:190} INFO - [2024-11-11T19:41:24.771+0000] {override.py:1911} INFO - Created Permission View: can delete on DAG Run:example_local_kubernetes_executor
[2024-11-11T19:41:24.785+0000] {logging_mixin.py:190} INFO - [2024-11-11T19:41:24.785+0000] {override.py:1911} INFO - Created Permission View: can create on DAG Run:example_local_kubernetes_executor
[2024-11-11T19:41:24.799+0000] {logging_mixin.py:190} INFO - [2024-11-11T19:41:24.798+0000] {override.py:1911} INFO - Created Permission View: menu access on DAG Run:example_local_kubernetes_executor
[2024-11-11T19:41:24.813+0000] {logging_mixin.py:190} INFO - [2024-11-11T19:41:24.813+0000] {override.py:1911} INFO - Created Permission View: can read on DAG Run:example_local_kubernetes_executor
[2024-11-11T19:41:24.814+0000] {logging_mixin.py:190} INFO - [2024-11-11T19:41:24.814+0000] {dag.py:3239} INFO - Sync 1 DAGs
[2024-11-11T19:41:24.837+0000] {logging_mixin.py:190} INFO - [2024-11-11T19:41:24.836+0000] {dag.py:3262} INFO - Creating ORM DAG for example_local_kubernetes_executor
[2024-11-11T19:41:24.838+0000] {logging_mixin.py:190} INFO - [2024-11-11T19:41:24.838+0000] {dag.py:4180} INFO - Setting next_dagrun for example_local_kubernetes_executor to None, run_after=None
[2024-11-11T19:41:24.868+0000] {processor.py:208} INFO - Processing /home/airflow/.local/lib/python3.12/site-packages/airflow/example_dags/example_local_kubernetes_executor.py took 0.501 seconds
[2024-11-11T19:41:55.462+0000] {processor.py:186} INFO - Started process (PID=504) to work on /home/airflow/.local/lib/python3.12/site-packages/airflow/example_dags/example_local_kubernetes_executor.py
[2024-11-11T19:41:55.464+0000] {processor.py:914} INFO - Processing file /home/airflow/.local/lib/python3.12/site-packages/airflow/example_dags/example_local_kubernetes_executor.py for tasks to queue
[2024-11-11T19:41:55.469+0000] {logging_mixin.py:190} INFO - [2024-11-11T19:41:55.468+0000] {dagbag.py:588} INFO - Filling up the DagBag from /home/airflow/.local/lib/python3.12/site-packages/airflow/example_dags/example_local_kubernetes_executor.py
[2024-11-11T19:41:55.490+0000] {processor.py:925} INFO - DAG(s) 'example_local_kubernetes_executor' retrieved from /home/airflow/.local/lib/python3.12/site-packages/airflow/example_dags/example_local_kubernetes_executor.py
[2024-11-11T19:41:55.568+0000] {logging_mixin.py:190} INFO - [2024-11-11T19:41:55.568+0000] {dag.py:3239} INFO - Sync 1 DAGs
[2024-11-11T19:41:55.602+0000] {logging_mixin.py:190} INFO - [2024-11-11T19:41:55.601+0000] {dag.py:4180} INFO - Setting next_dagrun for example_local_kubernetes_executor to None, run_after=None
[2024-11-11T19:41:55.650+0000] {processor.py:208} INFO - Processing /home/airflow/.local/lib/python3.12/site-packages/airflow/example_dags/example_local_kubernetes_executor.py took 0.204 seconds
[2024-11-11T19:42:26.225+0000] {processor.py:186} INFO - Started process (PID=795) to work on /home/airflow/.local/lib/python3.12/site-packages/airflow/example_dags/example_local_kubernetes_executor.py
[2024-11-11T19:42:26.230+0000] {processor.py:914} INFO - Processing file /home/airflow/.local/lib/python3.12/site-packages/airflow/example_dags/example_local_kubernetes_executor.py for tasks to queue
[2024-11-11T19:42:26.238+0000] {logging_mixin.py:190} INFO - [2024-11-11T19:42:26.237+0000] {dagbag.py:588} INFO - Filling up the DagBag from /home/airflow/.local/lib/python3.12/site-packages/airflow/example_dags/example_local_kubernetes_executor.py
[2024-11-11T19:42:26.273+0000] {processor.py:925} INFO - DAG(s) 'example_local_kubernetes_executor' retrieved from /home/airflow/.local/lib/python3.12/site-packages/airflow/example_dags/example_local_kubernetes_executor.py
[2024-11-11T19:42:26.421+0000] {logging_mixin.py:190} INFO - [2024-11-11T19:42:26.420+0000] {dag.py:3239} INFO - Sync 1 DAGs
[2024-11-11T19:42:26.502+0000] {logging_mixin.py:190} INFO - [2024-11-11T19:42:26.501+0000] {dag.py:4180} INFO - Setting next_dagrun for example_local_kubernetes_executor to None, run_after=None
[2024-11-11T19:42:26.583+0000] {processor.py:208} INFO - Processing /home/airflow/.local/lib/python3.12/site-packages/airflow/example_dags/example_local_kubernetes_executor.py took 0.385 seconds
[2024-11-11T19:42:56.975+0000] {processor.py:186} INFO - Started process (PID=1087) to work on /home/airflow/.local/lib/python3.12/site-packages/airflow/example_dags/example_local_kubernetes_executor.py
[2024-11-11T19:42:56.978+0000] {processor.py:914} INFO - Processing file /home/airflow/.local/lib/python3.12/site-packages/airflow/example_dags/example_local_kubernetes_executor.py for tasks to queue
[2024-11-11T19:42:56.987+0000] {logging_mixin.py:190} INFO - [2024-11-11T19:42:56.986+0000] {dagbag.py:588} INFO - Filling up the DagBag from /home/airflow/.local/lib/python3.12/site-packages/airflow/example_dags/example_local_kubernetes_executor.py
[2024-11-11T19:42:57.008+0000] {processor.py:925} INFO - DAG(s) 'example_local_kubernetes_executor' retrieved from /home/airflow/.local/lib/python3.12/site-packages/airflow/example_dags/example_local_kubernetes_executor.py
[2024-11-11T19:42:57.090+0000] {logging_mixin.py:190} INFO - [2024-11-11T19:42:57.090+0000] {dag.py:3239} INFO - Sync 1 DAGs
[2024-11-11T19:42:57.147+0000] {logging_mixin.py:190} INFO - [2024-11-11T19:42:57.146+0000] {dag.py:4180} INFO - Setting next_dagrun for example_local_kubernetes_executor to None, run_after=None
[2024-11-11T19:42:57.208+0000] {processor.py:208} INFO - Processing /home/airflow/.local/lib/python3.12/site-packages/airflow/example_dags/example_local_kubernetes_executor.py took 0.251 seconds
[2024-11-11T19:43:28.061+0000] {processor.py:186} INFO - Started process (PID=1378) to work on /home/airflow/.local/lib/python3.12/site-packages/airflow/example_dags/example_local_kubernetes_executor.py
[2024-11-11T19:43:28.063+0000] {processor.py:914} INFO - Processing file /home/airflow/.local/lib/python3.12/site-packages/airflow/example_dags/example_local_kubernetes_executor.py for tasks to queue
[2024-11-11T19:43:28.068+0000] {logging_mixin.py:190} INFO - [2024-11-11T19:43:28.068+0000] {dagbag.py:588} INFO - Filling up the DagBag from /home/airflow/.local/lib/python3.12/site-packages/airflow/example_dags/example_local_kubernetes_executor.py
[2024-11-11T19:43:28.086+0000] {processor.py:925} INFO - DAG(s) 'example_local_kubernetes_executor' retrieved from /home/airflow/.local/lib/python3.12/site-packages/airflow/example_dags/example_local_kubernetes_executor.py
[2024-11-11T19:43:28.138+0000] {logging_mixin.py:190} INFO - [2024-11-11T19:43:28.138+0000] {dag.py:3239} INFO - Sync 1 DAGs
[2024-11-11T19:43:28.162+0000] {logging_mixin.py:190} INFO - [2024-11-11T19:43:28.162+0000] {dag.py:4180} INFO - Setting next_dagrun for example_local_kubernetes_executor to None, run_after=None
[2024-11-11T19:43:28.191+0000] {processor.py:208} INFO - Processing /home/airflow/.local/lib/python3.12/site-packages/airflow/example_dags/example_local_kubernetes_executor.py took 0.140 seconds
[2024-11-11T19:43:58.625+0000] {processor.py:186} INFO - Started process (PID=1669) to work on /home/airflow/.local/lib/python3.12/site-packages/airflow/example_dags/example_local_kubernetes_executor.py
[2024-11-11T19:43:58.631+0000] {processor.py:914} INFO - Processing file /home/airflow/.local/lib/python3.12/site-packages/airflow/example_dags/example_local_kubernetes_executor.py for tasks to queue
[2024-11-11T19:43:58.647+0000] {logging_mixin.py:190} INFO - [2024-11-11T19:43:58.645+0000] {dagbag.py:588} INFO - Filling up the DagBag from /home/airflow/.local/lib/python3.12/site-packages/airflow/example_dags/example_local_kubernetes_executor.py
[2024-11-11T19:43:58.691+0000] {processor.py:925} INFO - DAG(s) 'example_local_kubernetes_executor' retrieved from /home/airflow/.local/lib/python3.12/site-packages/airflow/example_dags/example_local_kubernetes_executor.py
[2024-11-11T19:43:58.770+0000] {logging_mixin.py:190} INFO - [2024-11-11T19:43:58.770+0000] {dag.py:3239} INFO - Sync 1 DAGs
[2024-11-11T19:43:58.798+0000] {logging_mixin.py:190} INFO - [2024-11-11T19:43:58.797+0000] {dag.py:4180} INFO - Setting next_dagrun for example_local_kubernetes_executor to None, run_after=None
[2024-11-11T19:43:58.836+0000] {processor.py:208} INFO - Processing /home/airflow/.local/lib/python3.12/site-packages/airflow/example_dags/example_local_kubernetes_executor.py took 0.252 seconds
[2024-11-11T19:44:29.544+0000] {processor.py:186} INFO - Started process (PID=1960) to work on /home/airflow/.local/lib/python3.12/site-packages/airflow/example_dags/example_local_kubernetes_executor.py
[2024-11-11T19:44:29.547+0000] {processor.py:914} INFO - Processing file /home/airflow/.local/lib/python3.12/site-packages/airflow/example_dags/example_local_kubernetes_executor.py for tasks to queue
[2024-11-11T19:44:29.551+0000] {logging_mixin.py:190} INFO - [2024-11-11T19:44:29.550+0000] {dagbag.py:588} INFO - Filling up the DagBag from /home/airflow/.local/lib/python3.12/site-packages/airflow/example_dags/example_local_kubernetes_executor.py
[2024-11-11T19:44:29.571+0000] {processor.py:925} INFO - DAG(s) 'example_local_kubernetes_executor' retrieved from /home/airflow/.local/lib/python3.12/site-packages/airflow/example_dags/example_local_kubernetes_executor.py
[2024-11-11T19:44:29.641+0000] {logging_mixin.py:190} INFO - [2024-11-11T19:44:29.640+0000] {dag.py:3239} INFO - Sync 1 DAGs
[2024-11-11T19:44:29.669+0000] {logging_mixin.py:190} INFO - [2024-11-11T19:44:29.669+0000] {dag.py:4180} INFO - Setting next_dagrun for example_local_kubernetes_executor to None, run_after=None
[2024-11-11T19:44:29.699+0000] {processor.py:208} INFO - Processing /home/airflow/.local/lib/python3.12/site-packages/airflow/example_dags/example_local_kubernetes_executor.py took 0.171 seconds
[2024-11-11T19:45:00.075+0000] {processor.py:186} INFO - Started process (PID=2251) to work on /home/airflow/.local/lib/python3.12/site-packages/airflow/example_dags/example_local_kubernetes_executor.py
[2024-11-11T19:45:00.077+0000] {processor.py:914} INFO - Processing file /home/airflow/.local/lib/python3.12/site-packages/airflow/example_dags/example_local_kubernetes_executor.py for tasks to queue
[2024-11-11T19:45:00.082+0000] {logging_mixin.py:190} INFO - [2024-11-11T19:45:00.081+0000] {dagbag.py:588} INFO - Filling up the DagBag from /home/airflow/.local/lib/python3.12/site-packages/airflow/example_dags/example_local_kubernetes_executor.py
[2024-11-11T19:45:00.107+0000] {processor.py:925} INFO - DAG(s) 'example_local_kubernetes_executor' retrieved from /home/airflow/.local/lib/python3.12/site-packages/airflow/example_dags/example_local_kubernetes_executor.py
[2024-11-11T19:45:00.202+0000] {logging_mixin.py:190} INFO - [2024-11-11T19:45:00.202+0000] {dag.py:3239} INFO - Sync 1 DAGs
[2024-11-11T19:45:00.245+0000] {logging_mixin.py:190} INFO - [2024-11-11T19:45:00.244+0000] {dag.py:4180} INFO - Setting next_dagrun for example_local_kubernetes_executor to None, run_after=None
[2024-11-11T19:45:00.296+0000] {processor.py:208} INFO - Processing /home/airflow/.local/lib/python3.12/site-packages/airflow/example_dags/example_local_kubernetes_executor.py took 0.235 seconds
[2024-11-11T19:45:30.482+0000] {processor.py:186} INFO - Started process (PID=2542) to work on /home/airflow/.local/lib/python3.12/site-packages/airflow/example_dags/example_local_kubernetes_executor.py
[2024-11-11T19:45:30.490+0000] {processor.py:914} INFO - Processing file /home/airflow/.local/lib/python3.12/site-packages/airflow/example_dags/example_local_kubernetes_executor.py for tasks to queue
[2024-11-11T19:45:30.494+0000] {logging_mixin.py:190} INFO - [2024-11-11T19:45:30.494+0000] {dagbag.py:588} INFO - Filling up the DagBag from /home/airflow/.local/lib/python3.12/site-packages/airflow/example_dags/example_local_kubernetes_executor.py
[2024-11-11T19:45:30.518+0000] {processor.py:925} INFO - DAG(s) 'example_local_kubernetes_executor' retrieved from /home/airflow/.local/lib/python3.12/site-packages/airflow/example_dags/example_local_kubernetes_executor.py
[2024-11-11T19:45:30.568+0000] {logging_mixin.py:190} INFO - [2024-11-11T19:45:30.567+0000] {dag.py:3239} INFO - Sync 1 DAGs
[2024-11-11T19:45:30.592+0000] {logging_mixin.py:190} INFO - [2024-11-11T19:45:30.592+0000] {dag.py:4180} INFO - Setting next_dagrun for example_local_kubernetes_executor to None, run_after=None
[2024-11-11T19:45:30.627+0000] {processor.py:208} INFO - Processing /home/airflow/.local/lib/python3.12/site-packages/airflow/example_dags/example_local_kubernetes_executor.py took 0.165 seconds
[2024-11-11T19:46:03.428+0000] {processor.py:186} INFO - Started process (PID=2831) to work on /home/airflow/.local/lib/python3.12/site-packages/airflow/example_dags/example_local_kubernetes_executor.py
[2024-11-11T19:46:03.431+0000] {processor.py:914} INFO - Processing file /home/airflow/.local/lib/python3.12/site-packages/airflow/example_dags/example_local_kubernetes_executor.py for tasks to queue
[2024-11-11T19:46:03.436+0000] {logging_mixin.py:190} INFO - [2024-11-11T19:46:03.435+0000] {dagbag.py:588} INFO - Filling up the DagBag from /home/airflow/.local/lib/python3.12/site-packages/airflow/example_dags/example_local_kubernetes_executor.py
[2024-11-11T19:46:03.456+0000] {processor.py:925} INFO - DAG(s) 'example_local_kubernetes_executor' retrieved from /home/airflow/.local/lib/python3.12/site-packages/airflow/example_dags/example_local_kubernetes_executor.py
[2024-11-11T19:46:03.582+0000] {logging_mixin.py:190} INFO - [2024-11-11T19:46:03.577+0000] {dag.py:3239} INFO - Sync 1 DAGs
[2024-11-11T19:46:03.636+0000] {logging_mixin.py:190} INFO - [2024-11-11T19:46:03.635+0000] {dag.py:4180} INFO - Setting next_dagrun for example_local_kubernetes_executor to None, run_after=None
[2024-11-11T19:46:03.676+0000] {processor.py:208} INFO - Processing /home/airflow/.local/lib/python3.12/site-packages/airflow/example_dags/example_local_kubernetes_executor.py took 0.266 seconds
[2024-11-11T19:46:34.979+0000] {processor.py:186} INFO - Started process (PID=3124) to work on /home/airflow/.local/lib/python3.12/site-packages/airflow/example_dags/example_local_kubernetes_executor.py
[2024-11-11T19:46:34.981+0000] {processor.py:914} INFO - Processing file /home/airflow/.local/lib/python3.12/site-packages/airflow/example_dags/example_local_kubernetes_executor.py for tasks to queue
[2024-11-11T19:46:34.985+0000] {logging_mixin.py:190} INFO - [2024-11-11T19:46:34.984+0000] {dagbag.py:588} INFO - Filling up the DagBag from /home/airflow/.local/lib/python3.12/site-packages/airflow/example_dags/example_local_kubernetes_executor.py
[2024-11-11T19:46:35.004+0000] {processor.py:925} INFO - DAG(s) 'example_local_kubernetes_executor' retrieved from /home/airflow/.local/lib/python3.12/site-packages/airflow/example_dags/example_local_kubernetes_executor.py
[2024-11-11T19:46:35.078+0000] {logging_mixin.py:190} INFO - [2024-11-11T19:46:35.078+0000] {dag.py:3239} INFO - Sync 1 DAGs
[2024-11-11T19:46:35.112+0000] {logging_mixin.py:190} INFO - [2024-11-11T19:46:35.112+0000] {dag.py:4180} INFO - Setting next_dagrun for example_local_kubernetes_executor to None, run_after=None
[2024-11-11T19:46:35.140+0000] {processor.py:208} INFO - Processing /home/airflow/.local/lib/python3.12/site-packages/airflow/example_dags/example_local_kubernetes_executor.py took 0.174 seconds
[2024-11-11T19:47:09.266+0000] {processor.py:186} INFO - Started process (PID=3405) to work on /home/airflow/.local/lib/python3.12/site-packages/airflow/example_dags/example_local_kubernetes_executor.py
[2024-11-11T19:47:09.269+0000] {processor.py:914} INFO - Processing file /home/airflow/.local/lib/python3.12/site-packages/airflow/example_dags/example_local_kubernetes_executor.py for tasks to queue
[2024-11-11T19:47:09.274+0000] {logging_mixin.py:190} INFO - [2024-11-11T19:47:09.273+0000] {dagbag.py:588} INFO - Filling up the DagBag from /home/airflow/.local/lib/python3.12/site-packages/airflow/example_dags/example_local_kubernetes_executor.py
[2024-11-11T19:47:09.299+0000] {processor.py:925} INFO - DAG(s) 'example_local_kubernetes_executor' retrieved from /home/airflow/.local/lib/python3.12/site-packages/airflow/example_dags/example_local_kubernetes_executor.py
[2024-11-11T19:47:09.395+0000] {logging_mixin.py:190} INFO - [2024-11-11T19:47:09.394+0000] {dag.py:3239} INFO - Sync 1 DAGs
[2024-11-11T19:47:09.453+0000] {logging_mixin.py:190} INFO - [2024-11-11T19:47:09.452+0000] {dag.py:4180} INFO - Setting next_dagrun for example_local_kubernetes_executor to None, run_after=None
[2024-11-11T19:47:09.512+0000] {processor.py:208} INFO - Processing /home/airflow/.local/lib/python3.12/site-packages/airflow/example_dags/example_local_kubernetes_executor.py took 0.263 seconds
[2024-11-11T19:47:39.901+0000] {processor.py:186} INFO - Started process (PID=3665) to work on /home/airflow/.local/lib/python3.12/site-packages/airflow/example_dags/example_local_kubernetes_executor.py
[2024-11-11T19:47:39.904+0000] {processor.py:914} INFO - Processing file /home/airflow/.local/lib/python3.12/site-packages/airflow/example_dags/example_local_kubernetes_executor.py for tasks to queue
[2024-11-11T19:47:39.910+0000] {logging_mixin.py:190} INFO - [2024-11-11T19:47:39.909+0000] {dagbag.py:588} INFO - Filling up the DagBag from /home/airflow/.local/lib/python3.12/site-packages/airflow/example_dags/example_local_kubernetes_executor.py
[2024-11-11T19:47:39.935+0000] {processor.py:925} INFO - DAG(s) 'example_local_kubernetes_executor' retrieved from /home/airflow/.local/lib/python3.12/site-packages/airflow/example_dags/example_local_kubernetes_executor.py
[2024-11-11T19:47:40.020+0000] {logging_mixin.py:190} INFO - [2024-11-11T19:47:40.020+0000] {dag.py:3239} INFO - Sync 1 DAGs
[2024-11-11T19:47:40.065+0000] {logging_mixin.py:190} INFO - [2024-11-11T19:47:40.064+0000] {dag.py:4180} INFO - Setting next_dagrun for example_local_kubernetes_executor to None, run_after=None
[2024-11-11T19:47:40.142+0000] {processor.py:208} INFO - Processing /home/airflow/.local/lib/python3.12/site-packages/airflow/example_dags/example_local_kubernetes_executor.py took 0.257 seconds
[2024-11-11T19:48:11.064+0000] {processor.py:186} INFO - Started process (PID=3954) to work on /home/airflow/.local/lib/python3.12/site-packages/airflow/example_dags/example_local_kubernetes_executor.py
[2024-11-11T19:48:11.066+0000] {processor.py:914} INFO - Processing file /home/airflow/.local/lib/python3.12/site-packages/airflow/example_dags/example_local_kubernetes_executor.py for tasks to queue
[2024-11-11T19:48:11.071+0000] {logging_mixin.py:190} INFO - [2024-11-11T19:48:11.070+0000] {dagbag.py:588} INFO - Filling up the DagBag from /home/airflow/.local/lib/python3.12/site-packages/airflow/example_dags/example_local_kubernetes_executor.py
[2024-11-11T19:48:11.096+0000] {processor.py:925} INFO - DAG(s) 'example_local_kubernetes_executor' retrieved from /home/airflow/.local/lib/python3.12/site-packages/airflow/example_dags/example_local_kubernetes_executor.py
[2024-11-11T19:48:11.212+0000] {logging_mixin.py:190} INFO - [2024-11-11T19:48:11.211+0000] {dag.py:3239} INFO - Sync 1 DAGs
[2024-11-11T19:48:11.266+0000] {logging_mixin.py:190} INFO - [2024-11-11T19:48:11.265+0000] {dag.py:4180} INFO - Setting next_dagrun for example_local_kubernetes_executor to None, run_after=None
[2024-11-11T19:48:11.304+0000] {processor.py:208} INFO - Processing /home/airflow/.local/lib/python3.12/site-packages/airflow/example_dags/example_local_kubernetes_executor.py took 0.263 seconds
[2024-11-11T19:48:42.742+0000] {processor.py:186} INFO - Started process (PID=4193) to work on /home/airflow/.local/lib/python3.12/site-packages/airflow/example_dags/example_local_kubernetes_executor.py
[2024-11-11T19:48:42.746+0000] {processor.py:914} INFO - Processing file /home/airflow/.local/lib/python3.12/site-packages/airflow/example_dags/example_local_kubernetes_executor.py for tasks to queue
[2024-11-11T19:48:42.754+0000] {logging_mixin.py:190} INFO - [2024-11-11T19:48:42.753+0000] {dagbag.py:588} INFO - Filling up the DagBag from /home/airflow/.local/lib/python3.12/site-packages/airflow/example_dags/example_local_kubernetes_executor.py
[2024-11-11T19:48:42.799+0000] {processor.py:925} INFO - DAG(s) 'example_local_kubernetes_executor' retrieved from /home/airflow/.local/lib/python3.12/site-packages/airflow/example_dags/example_local_kubernetes_executor.py
[2024-11-11T19:48:42.958+0000] {logging_mixin.py:190} INFO - [2024-11-11T19:48:42.957+0000] {dag.py:3239} INFO - Sync 1 DAGs
[2024-11-11T19:48:43.040+0000] {logging_mixin.py:190} INFO - [2024-11-11T19:48:43.040+0000] {dag.py:4180} INFO - Setting next_dagrun for example_local_kubernetes_executor to None, run_after=None
[2024-11-11T19:48:43.080+0000] {processor.py:208} INFO - Processing /home/airflow/.local/lib/python3.12/site-packages/airflow/example_dags/example_local_kubernetes_executor.py took 0.372 seconds
[2024-11-11T19:49:15.042+0000] {processor.py:186} INFO - Started process (PID=4484) to work on /home/airflow/.local/lib/python3.12/site-packages/airflow/example_dags/example_local_kubernetes_executor.py
[2024-11-11T19:49:15.044+0000] {processor.py:914} INFO - Processing file /home/airflow/.local/lib/python3.12/site-packages/airflow/example_dags/example_local_kubernetes_executor.py for tasks to queue
[2024-11-11T19:49:15.049+0000] {logging_mixin.py:190} INFO - [2024-11-11T19:49:15.048+0000] {dagbag.py:588} INFO - Filling up the DagBag from /home/airflow/.local/lib/python3.12/site-packages/airflow/example_dags/example_local_kubernetes_executor.py
[2024-11-11T19:49:15.067+0000] {processor.py:925} INFO - DAG(s) 'example_local_kubernetes_executor' retrieved from /home/airflow/.local/lib/python3.12/site-packages/airflow/example_dags/example_local_kubernetes_executor.py
[2024-11-11T19:49:15.137+0000] {logging_mixin.py:190} INFO - [2024-11-11T19:49:15.137+0000] {dag.py:3239} INFO - Sync 1 DAGs
[2024-11-11T19:49:15.166+0000] {logging_mixin.py:190} INFO - [2024-11-11T19:49:15.166+0000] {dag.py:4180} INFO - Setting next_dagrun for example_local_kubernetes_executor to None, run_after=None
[2024-11-11T19:49:15.199+0000] {processor.py:208} INFO - Processing /home/airflow/.local/lib/python3.12/site-packages/airflow/example_dags/example_local_kubernetes_executor.py took 0.171 seconds
[2024-11-11T19:49:45.791+0000] {processor.py:186} INFO - Started process (PID=4770) to work on /home/airflow/.local/lib/python3.12/site-packages/airflow/example_dags/example_local_kubernetes_executor.py
[2024-11-11T19:49:45.793+0000] {processor.py:914} INFO - Processing file /home/airflow/.local/lib/python3.12/site-packages/airflow/example_dags/example_local_kubernetes_executor.py for tasks to queue
[2024-11-11T19:49:45.798+0000] {logging_mixin.py:190} INFO - [2024-11-11T19:49:45.797+0000] {dagbag.py:588} INFO - Filling up the DagBag from /home/airflow/.local/lib/python3.12/site-packages/airflow/example_dags/example_local_kubernetes_executor.py
[2024-11-11T19:49:45.825+0000] {processor.py:925} INFO - DAG(s) 'example_local_kubernetes_executor' retrieved from /home/airflow/.local/lib/python3.12/site-packages/airflow/example_dags/example_local_kubernetes_executor.py
[2024-11-11T19:49:45.923+0000] {logging_mixin.py:190} INFO - [2024-11-11T19:49:45.922+0000] {dag.py:3239} INFO - Sync 1 DAGs
[2024-11-11T19:49:45.965+0000] {logging_mixin.py:190} INFO - [2024-11-11T19:49:45.965+0000] {dag.py:4180} INFO - Setting next_dagrun for example_local_kubernetes_executor to None, run_after=None
[2024-11-11T19:49:46.008+0000] {processor.py:208} INFO - Processing /home/airflow/.local/lib/python3.12/site-packages/airflow/example_dags/example_local_kubernetes_executor.py took 0.233 seconds
[2024-11-11T19:50:16.578+0000] {processor.py:186} INFO - Started process (PID=5053) to work on /home/airflow/.local/lib/python3.12/site-packages/airflow/example_dags/example_local_kubernetes_executor.py
[2024-11-11T19:50:16.582+0000] {processor.py:914} INFO - Processing file /home/airflow/.local/lib/python3.12/site-packages/airflow/example_dags/example_local_kubernetes_executor.py for tasks to queue
[2024-11-11T19:50:16.593+0000] {logging_mixin.py:190} INFO - [2024-11-11T19:50:16.590+0000] {dagbag.py:588} INFO - Filling up the DagBag from /home/airflow/.local/lib/python3.12/site-packages/airflow/example_dags/example_local_kubernetes_executor.py
[2024-11-11T19:50:16.645+0000] {processor.py:925} INFO - DAG(s) 'example_local_kubernetes_executor' retrieved from /home/airflow/.local/lib/python3.12/site-packages/airflow/example_dags/example_local_kubernetes_executor.py
[2024-11-11T19:50:16.831+0000] {logging_mixin.py:190} INFO - [2024-11-11T19:50:16.830+0000] {dag.py:3239} INFO - Sync 1 DAGs
[2024-11-11T19:50:16.871+0000] {logging_mixin.py:190} INFO - [2024-11-11T19:50:16.871+0000] {dag.py:4180} INFO - Setting next_dagrun for example_local_kubernetes_executor to None, run_after=None
[2024-11-11T19:50:16.907+0000] {processor.py:208} INFO - Processing /home/airflow/.local/lib/python3.12/site-packages/airflow/example_dags/example_local_kubernetes_executor.py took 0.366 seconds
[2024-11-11T19:50:47.121+0000] {processor.py:186} INFO - Started process (PID=5344) to work on /home/airflow/.local/lib/python3.12/site-packages/airflow/example_dags/example_local_kubernetes_executor.py
[2024-11-11T19:50:47.125+0000] {processor.py:914} INFO - Processing file /home/airflow/.local/lib/python3.12/site-packages/airflow/example_dags/example_local_kubernetes_executor.py for tasks to queue
[2024-11-11T19:50:47.133+0000] {logging_mixin.py:190} INFO - [2024-11-11T19:50:47.132+0000] {dagbag.py:588} INFO - Filling up the DagBag from /home/airflow/.local/lib/python3.12/site-packages/airflow/example_dags/example_local_kubernetes_executor.py
[2024-11-11T19:50:47.155+0000] {processor.py:925} INFO - DAG(s) 'example_local_kubernetes_executor' retrieved from /home/airflow/.local/lib/python3.12/site-packages/airflow/example_dags/example_local_kubernetes_executor.py
[2024-11-11T19:50:47.254+0000] {logging_mixin.py:190} INFO - [2024-11-11T19:50:47.253+0000] {dag.py:3239} INFO - Sync 1 DAGs
[2024-11-11T19:50:47.290+0000] {logging_mixin.py:190} INFO - [2024-11-11T19:50:47.290+0000] {dag.py:4180} INFO - Setting next_dagrun for example_local_kubernetes_executor to None, run_after=None
[2024-11-11T19:50:47.338+0000] {processor.py:208} INFO - Processing /home/airflow/.local/lib/python3.12/site-packages/airflow/example_dags/example_local_kubernetes_executor.py took 0.247 seconds
[2024-11-11T19:51:17.885+0000] {processor.py:186} INFO - Started process (PID=5635) to work on /home/airflow/.local/lib/python3.12/site-packages/airflow/example_dags/example_local_kubernetes_executor.py
[2024-11-11T19:51:17.887+0000] {processor.py:914} INFO - Processing file /home/airflow/.local/lib/python3.12/site-packages/airflow/example_dags/example_local_kubernetes_executor.py for tasks to queue
[2024-11-11T19:51:17.890+0000] {logging_mixin.py:190} INFO - [2024-11-11T19:51:17.889+0000] {dagbag.py:588} INFO - Filling up the DagBag from /home/airflow/.local/lib/python3.12/site-packages/airflow/example_dags/example_local_kubernetes_executor.py
[2024-11-11T19:51:17.905+0000] {processor.py:925} INFO - DAG(s) 'example_local_kubernetes_executor' retrieved from /home/airflow/.local/lib/python3.12/site-packages/airflow/example_dags/example_local_kubernetes_executor.py
[2024-11-11T19:51:17.958+0000] {logging_mixin.py:190} INFO - [2024-11-11T19:51:17.958+0000] {dag.py:3239} INFO - Sync 1 DAGs
[2024-11-11T19:51:17.980+0000] {logging_mixin.py:190} INFO - [2024-11-11T19:51:17.980+0000] {dag.py:4180} INFO - Setting next_dagrun for example_local_kubernetes_executor to None, run_after=None
[2024-11-11T19:51:18.018+0000] {processor.py:208} INFO - Processing /home/airflow/.local/lib/python3.12/site-packages/airflow/example_dags/example_local_kubernetes_executor.py took 0.143 seconds
[2024-11-11T19:51:48.528+0000] {processor.py:186} INFO - Started process (PID=5927) to work on /home/airflow/.local/lib/python3.12/site-packages/airflow/example_dags/example_local_kubernetes_executor.py
[2024-11-11T19:51:48.530+0000] {processor.py:914} INFO - Processing file /home/airflow/.local/lib/python3.12/site-packages/airflow/example_dags/example_local_kubernetes_executor.py for tasks to queue
[2024-11-11T19:51:48.539+0000] {logging_mixin.py:190} INFO - [2024-11-11T19:51:48.537+0000] {dagbag.py:588} INFO - Filling up the DagBag from /home/airflow/.local/lib/python3.12/site-packages/airflow/example_dags/example_local_kubernetes_executor.py
[2024-11-11T19:51:48.571+0000] {processor.py:925} INFO - DAG(s) 'example_local_kubernetes_executor' retrieved from /home/airflow/.local/lib/python3.12/site-packages/airflow/example_dags/example_local_kubernetes_executor.py
[2024-11-11T19:51:48.653+0000] {logging_mixin.py:190} INFO - [2024-11-11T19:51:48.653+0000] {dag.py:3239} INFO - Sync 1 DAGs
[2024-11-11T19:51:48.689+0000] {logging_mixin.py:190} INFO - [2024-11-11T19:51:48.688+0000] {dag.py:4180} INFO - Setting next_dagrun for example_local_kubernetes_executor to None, run_after=None
[2024-11-11T19:51:48.733+0000] {processor.py:208} INFO - Processing /home/airflow/.local/lib/python3.12/site-packages/airflow/example_dags/example_local_kubernetes_executor.py took 0.220 seconds
[2024-11-11T19:52:19.708+0000] {processor.py:186} INFO - Started process (PID=6216) to work on /home/airflow/.local/lib/python3.12/site-packages/airflow/example_dags/example_local_kubernetes_executor.py
[2024-11-11T19:52:19.711+0000] {processor.py:914} INFO - Processing file /home/airflow/.local/lib/python3.12/site-packages/airflow/example_dags/example_local_kubernetes_executor.py for tasks to queue
[2024-11-11T19:52:19.716+0000] {logging_mixin.py:190} INFO - [2024-11-11T19:52:19.715+0000] {dagbag.py:588} INFO - Filling up the DagBag from /home/airflow/.local/lib/python3.12/site-packages/airflow/example_dags/example_local_kubernetes_executor.py
[2024-11-11T19:52:19.745+0000] {processor.py:925} INFO - DAG(s) 'example_local_kubernetes_executor' retrieved from /home/airflow/.local/lib/python3.12/site-packages/airflow/example_dags/example_local_kubernetes_executor.py
[2024-11-11T19:52:19.850+0000] {logging_mixin.py:190} INFO - [2024-11-11T19:52:19.849+0000] {dag.py:3239} INFO - Sync 1 DAGs
[2024-11-11T19:52:19.890+0000] {logging_mixin.py:190} INFO - [2024-11-11T19:52:19.890+0000] {dag.py:4180} INFO - Setting next_dagrun for example_local_kubernetes_executor to None, run_after=None
[2024-11-11T19:52:19.923+0000] {processor.py:208} INFO - Processing /home/airflow/.local/lib/python3.12/site-packages/airflow/example_dags/example_local_kubernetes_executor.py took 0.230 seconds
[2024-11-11T19:52:50.538+0000] {processor.py:186} INFO - Started process (PID=6504) to work on /home/airflow/.local/lib/python3.12/site-packages/airflow/example_dags/example_local_kubernetes_executor.py
[2024-11-11T19:52:50.542+0000] {processor.py:914} INFO - Processing file /home/airflow/.local/lib/python3.12/site-packages/airflow/example_dags/example_local_kubernetes_executor.py for tasks to queue
[2024-11-11T19:52:50.550+0000] {logging_mixin.py:190} INFO - [2024-11-11T19:52:50.549+0000] {dagbag.py:588} INFO - Filling up the DagBag from /home/airflow/.local/lib/python3.12/site-packages/airflow/example_dags/example_local_kubernetes_executor.py
[2024-11-11T19:52:50.588+0000] {processor.py:925} INFO - DAG(s) 'example_local_kubernetes_executor' retrieved from /home/airflow/.local/lib/python3.12/site-packages/airflow/example_dags/example_local_kubernetes_executor.py
[2024-11-11T19:52:50.739+0000] {logging_mixin.py:190} INFO - [2024-11-11T19:52:50.738+0000] {dag.py:3239} INFO - Sync 1 DAGs
[2024-11-11T19:52:50.839+0000] {logging_mixin.py:190} INFO - [2024-11-11T19:52:50.838+0000] {dag.py:4180} INFO - Setting next_dagrun for example_local_kubernetes_executor to None, run_after=None
[2024-11-11T19:52:50.952+0000] {processor.py:208} INFO - Processing /home/airflow/.local/lib/python3.12/site-packages/airflow/example_dags/example_local_kubernetes_executor.py took 0.441 seconds
[2024-11-11T19:53:21.167+0000] {processor.py:186} INFO - Started process (PID=6795) to work on /home/airflow/.local/lib/python3.12/site-packages/airflow/example_dags/example_local_kubernetes_executor.py
[2024-11-11T19:53:21.173+0000] {processor.py:914} INFO - Processing file /home/airflow/.local/lib/python3.12/site-packages/airflow/example_dags/example_local_kubernetes_executor.py for tasks to queue
[2024-11-11T19:53:21.203+0000] {logging_mixin.py:190} INFO - [2024-11-11T19:53:21.202+0000] {dagbag.py:588} INFO - Filling up the DagBag from /home/airflow/.local/lib/python3.12/site-packages/airflow/example_dags/example_local_kubernetes_executor.py
[2024-11-11T19:53:21.240+0000] {processor.py:925} INFO - DAG(s) 'example_local_kubernetes_executor' retrieved from /home/airflow/.local/lib/python3.12/site-packages/airflow/example_dags/example_local_kubernetes_executor.py
[2024-11-11T19:53:21.316+0000] {logging_mixin.py:190} INFO - [2024-11-11T19:53:21.315+0000] {dag.py:3239} INFO - Sync 1 DAGs
[2024-11-11T19:53:21.344+0000] {logging_mixin.py:190} INFO - [2024-11-11T19:53:21.344+0000] {dag.py:4180} INFO - Setting next_dagrun for example_local_kubernetes_executor to None, run_after=None
[2024-11-11T19:53:21.382+0000] {processor.py:208} INFO - Processing /home/airflow/.local/lib/python3.12/site-packages/airflow/example_dags/example_local_kubernetes_executor.py took 0.293 seconds
[2024-11-11T19:53:51.574+0000] {processor.py:186} INFO - Started process (PID=7086) to work on /home/airflow/.local/lib/python3.12/site-packages/airflow/example_dags/example_local_kubernetes_executor.py
[2024-11-11T19:53:51.576+0000] {processor.py:914} INFO - Processing file /home/airflow/.local/lib/python3.12/site-packages/airflow/example_dags/example_local_kubernetes_executor.py for tasks to queue
[2024-11-11T19:53:51.582+0000] {logging_mixin.py:190} INFO - [2024-11-11T19:53:51.582+0000] {dagbag.py:588} INFO - Filling up the DagBag from /home/airflow/.local/lib/python3.12/site-packages/airflow/example_dags/example_local_kubernetes_executor.py
[2024-11-11T19:53:51.604+0000] {processor.py:925} INFO - DAG(s) 'example_local_kubernetes_executor' retrieved from /home/airflow/.local/lib/python3.12/site-packages/airflow/example_dags/example_local_kubernetes_executor.py
[2024-11-11T19:53:51.680+0000] {logging_mixin.py:190} INFO - [2024-11-11T19:53:51.680+0000] {dag.py:3239} INFO - Sync 1 DAGs
[2024-11-11T19:53:51.725+0000] {logging_mixin.py:190} INFO - [2024-11-11T19:53:51.724+0000] {dag.py:4180} INFO - Setting next_dagrun for example_local_kubernetes_executor to None, run_after=None
[2024-11-11T19:53:51.780+0000] {processor.py:208} INFO - Processing /home/airflow/.local/lib/python3.12/site-packages/airflow/example_dags/example_local_kubernetes_executor.py took 0.221 seconds
[2024-11-11T19:54:21.939+0000] {processor.py:186} INFO - Started process (PID=7377) to work on /home/airflow/.local/lib/python3.12/site-packages/airflow/example_dags/example_local_kubernetes_executor.py
[2024-11-11T19:54:21.942+0000] {processor.py:914} INFO - Processing file /home/airflow/.local/lib/python3.12/site-packages/airflow/example_dags/example_local_kubernetes_executor.py for tasks to queue
[2024-11-11T19:54:21.946+0000] {logging_mixin.py:190} INFO - [2024-11-11T19:54:21.946+0000] {dagbag.py:588} INFO - Filling up the DagBag from /home/airflow/.local/lib/python3.12/site-packages/airflow/example_dags/example_local_kubernetes_executor.py
[2024-11-11T19:54:21.975+0000] {processor.py:925} INFO - DAG(s) 'example_local_kubernetes_executor' retrieved from /home/airflow/.local/lib/python3.12/site-packages/airflow/example_dags/example_local_kubernetes_executor.py
[2024-11-11T19:54:22.051+0000] {logging_mixin.py:190} INFO - [2024-11-11T19:54:22.051+0000] {dag.py:3239} INFO - Sync 1 DAGs
[2024-11-11T19:54:22.078+0000] {logging_mixin.py:190} INFO - [2024-11-11T19:54:22.077+0000] {dag.py:4180} INFO - Setting next_dagrun for example_local_kubernetes_executor to None, run_after=None
[2024-11-11T19:54:22.112+0000] {processor.py:208} INFO - Processing /home/airflow/.local/lib/python3.12/site-packages/airflow/example_dags/example_local_kubernetes_executor.py took 0.189 seconds
[2024-11-11T19:54:52.656+0000] {processor.py:186} INFO - Started process (PID=7668) to work on /home/airflow/.local/lib/python3.12/site-packages/airflow/example_dags/example_local_kubernetes_executor.py
[2024-11-11T19:54:52.660+0000] {processor.py:914} INFO - Processing file /home/airflow/.local/lib/python3.12/site-packages/airflow/example_dags/example_local_kubernetes_executor.py for tasks to queue
[2024-11-11T19:54:52.666+0000] {logging_mixin.py:190} INFO - [2024-11-11T19:54:52.665+0000] {dagbag.py:588} INFO - Filling up the DagBag from /home/airflow/.local/lib/python3.12/site-packages/airflow/example_dags/example_local_kubernetes_executor.py
[2024-11-11T19:54:52.709+0000] {processor.py:925} INFO - DAG(s) 'example_local_kubernetes_executor' retrieved from /home/airflow/.local/lib/python3.12/site-packages/airflow/example_dags/example_local_kubernetes_executor.py
[2024-11-11T19:54:52.811+0000] {logging_mixin.py:190} INFO - [2024-11-11T19:54:52.810+0000] {dag.py:3239} INFO - Sync 1 DAGs
[2024-11-11T19:54:52.839+0000] {logging_mixin.py:190} INFO - [2024-11-11T19:54:52.839+0000] {dag.py:4180} INFO - Setting next_dagrun for example_local_kubernetes_executor to None, run_after=None
[2024-11-11T19:54:52.869+0000] {processor.py:208} INFO - Processing /home/airflow/.local/lib/python3.12/site-packages/airflow/example_dags/example_local_kubernetes_executor.py took 0.235 seconds
[2024-11-11T19:55:23.874+0000] {processor.py:186} INFO - Started process (PID=7958) to work on /home/airflow/.local/lib/python3.12/site-packages/airflow/example_dags/example_local_kubernetes_executor.py
[2024-11-11T19:55:23.877+0000] {processor.py:914} INFO - Processing file /home/airflow/.local/lib/python3.12/site-packages/airflow/example_dags/example_local_kubernetes_executor.py for tasks to queue
[2024-11-11T19:55:23.885+0000] {logging_mixin.py:190} INFO - [2024-11-11T19:55:23.884+0000] {dagbag.py:588} INFO - Filling up the DagBag from /home/airflow/.local/lib/python3.12/site-packages/airflow/example_dags/example_local_kubernetes_executor.py
[2024-11-11T19:55:23.912+0000] {processor.py:925} INFO - DAG(s) 'example_local_kubernetes_executor' retrieved from /home/airflow/.local/lib/python3.12/site-packages/airflow/example_dags/example_local_kubernetes_executor.py
[2024-11-11T19:55:23.991+0000] {logging_mixin.py:190} INFO - [2024-11-11T19:55:23.991+0000] {dag.py:3239} INFO - Sync 1 DAGs
[2024-11-11T19:55:24.027+0000] {logging_mixin.py:190} INFO - [2024-11-11T19:55:24.026+0000] {dag.py:4180} INFO - Setting next_dagrun for example_local_kubernetes_executor to None, run_after=None
[2024-11-11T19:55:24.069+0000] {processor.py:208} INFO - Processing /home/airflow/.local/lib/python3.12/site-packages/airflow/example_dags/example_local_kubernetes_executor.py took 0.219 seconds
[2024-11-11T19:55:54.714+0000] {processor.py:186} INFO - Started process (PID=8247) to work on /home/airflow/.local/lib/python3.12/site-packages/airflow/example_dags/example_local_kubernetes_executor.py
[2024-11-11T19:55:54.719+0000] {processor.py:914} INFO - Processing file /home/airflow/.local/lib/python3.12/site-packages/airflow/example_dags/example_local_kubernetes_executor.py for tasks to queue
[2024-11-11T19:55:54.730+0000] {logging_mixin.py:190} INFO - [2024-11-11T19:55:54.728+0000] {dagbag.py:588} INFO - Filling up the DagBag from /home/airflow/.local/lib/python3.12/site-packages/airflow/example_dags/example_local_kubernetes_executor.py
[2024-11-11T19:55:54.791+0000] {processor.py:925} INFO - DAG(s) 'example_local_kubernetes_executor' retrieved from /home/airflow/.local/lib/python3.12/site-packages/airflow/example_dags/example_local_kubernetes_executor.py
[2024-11-11T19:55:55.008+0000] {logging_mixin.py:190} INFO - [2024-11-11T19:55:55.007+0000] {dag.py:3239} INFO - Sync 1 DAGs
[2024-11-11T19:55:55.069+0000] {logging_mixin.py:190} INFO - [2024-11-11T19:55:55.068+0000] {dag.py:4180} INFO - Setting next_dagrun for example_local_kubernetes_executor to None, run_after=None
[2024-11-11T19:55:55.116+0000] {processor.py:208} INFO - Processing /home/airflow/.local/lib/python3.12/site-packages/airflow/example_dags/example_local_kubernetes_executor.py took 0.439 seconds
[2024-11-11T19:56:25.849+0000] {processor.py:186} INFO - Started process (PID=8539) to work on /home/airflow/.local/lib/python3.12/site-packages/airflow/example_dags/example_local_kubernetes_executor.py
[2024-11-11T19:56:25.853+0000] {processor.py:914} INFO - Processing file /home/airflow/.local/lib/python3.12/site-packages/airflow/example_dags/example_local_kubernetes_executor.py for tasks to queue
[2024-11-11T19:56:25.863+0000] {logging_mixin.py:190} INFO - [2024-11-11T19:56:25.861+0000] {dagbag.py:588} INFO - Filling up the DagBag from /home/airflow/.local/lib/python3.12/site-packages/airflow/example_dags/example_local_kubernetes_executor.py
[2024-11-11T19:56:25.908+0000] {processor.py:925} INFO - DAG(s) 'example_local_kubernetes_executor' retrieved from /home/airflow/.local/lib/python3.12/site-packages/airflow/example_dags/example_local_kubernetes_executor.py
[2024-11-11T19:56:26.060+0000] {logging_mixin.py:190} INFO - [2024-11-11T19:56:26.060+0000] {dag.py:3239} INFO - Sync 1 DAGs
[2024-11-11T19:56:26.094+0000] {logging_mixin.py:190} INFO - [2024-11-11T19:56:26.093+0000] {dag.py:4180} INFO - Setting next_dagrun for example_local_kubernetes_executor to None, run_after=None
[2024-11-11T19:56:26.130+0000] {processor.py:208} INFO - Processing /home/airflow/.local/lib/python3.12/site-packages/airflow/example_dags/example_local_kubernetes_executor.py took 0.309 seconds
[2024-11-11T19:56:56.947+0000] {processor.py:186} INFO - Started process (PID=8830) to work on /home/airflow/.local/lib/python3.12/site-packages/airflow/example_dags/example_local_kubernetes_executor.py
[2024-11-11T19:56:56.950+0000] {processor.py:914} INFO - Processing file /home/airflow/.local/lib/python3.12/site-packages/airflow/example_dags/example_local_kubernetes_executor.py for tasks to queue
[2024-11-11T19:56:56.958+0000] {logging_mixin.py:190} INFO - [2024-11-11T19:56:56.957+0000] {dagbag.py:588} INFO - Filling up the DagBag from /home/airflow/.local/lib/python3.12/site-packages/airflow/example_dags/example_local_kubernetes_executor.py
[2024-11-11T19:56:57.002+0000] {processor.py:925} INFO - DAG(s) 'example_local_kubernetes_executor' retrieved from /home/airflow/.local/lib/python3.12/site-packages/airflow/example_dags/example_local_kubernetes_executor.py
[2024-11-11T19:56:57.108+0000] {logging_mixin.py:190} INFO - [2024-11-11T19:56:57.107+0000] {dag.py:3239} INFO - Sync 1 DAGs
[2024-11-11T19:56:57.151+0000] {logging_mixin.py:190} INFO - [2024-11-11T19:56:57.151+0000] {dag.py:4180} INFO - Setting next_dagrun for example_local_kubernetes_executor to None, run_after=None
[2024-11-11T19:56:57.208+0000] {processor.py:208} INFO - Processing /home/airflow/.local/lib/python3.12/site-packages/airflow/example_dags/example_local_kubernetes_executor.py took 0.279 seconds
[2024-11-11T19:57:27.332+0000] {processor.py:186} INFO - Started process (PID=9121) to work on /home/airflow/.local/lib/python3.12/site-packages/airflow/example_dags/example_local_kubernetes_executor.py
[2024-11-11T19:57:27.335+0000] {processor.py:914} INFO - Processing file /home/airflow/.local/lib/python3.12/site-packages/airflow/example_dags/example_local_kubernetes_executor.py for tasks to queue
[2024-11-11T19:57:27.342+0000] {logging_mixin.py:190} INFO - [2024-11-11T19:57:27.341+0000] {dagbag.py:588} INFO - Filling up the DagBag from /home/airflow/.local/lib/python3.12/site-packages/airflow/example_dags/example_local_kubernetes_executor.py
[2024-11-11T19:57:27.363+0000] {processor.py:925} INFO - DAG(s) 'example_local_kubernetes_executor' retrieved from /home/airflow/.local/lib/python3.12/site-packages/airflow/example_dags/example_local_kubernetes_executor.py
[2024-11-11T19:57:27.442+0000] {logging_mixin.py:190} INFO - [2024-11-11T19:57:27.441+0000] {dag.py:3239} INFO - Sync 1 DAGs
[2024-11-11T19:57:27.477+0000] {logging_mixin.py:190} INFO - [2024-11-11T19:57:27.477+0000] {dag.py:4180} INFO - Setting next_dagrun for example_local_kubernetes_executor to None, run_after=None
[2024-11-11T19:57:27.520+0000] {processor.py:208} INFO - Processing /home/airflow/.local/lib/python3.12/site-packages/airflow/example_dags/example_local_kubernetes_executor.py took 0.203 seconds
[2024-11-11T19:57:58.314+0000] {processor.py:186} INFO - Started process (PID=9410) to work on /home/airflow/.local/lib/python3.12/site-packages/airflow/example_dags/example_local_kubernetes_executor.py
[2024-11-11T19:57:58.315+0000] {processor.py:914} INFO - Processing file /home/airflow/.local/lib/python3.12/site-packages/airflow/example_dags/example_local_kubernetes_executor.py for tasks to queue
[2024-11-11T19:57:58.319+0000] {logging_mixin.py:190} INFO - [2024-11-11T19:57:58.319+0000] {dagbag.py:588} INFO - Filling up the DagBag from /home/airflow/.local/lib/python3.12/site-packages/airflow/example_dags/example_local_kubernetes_executor.py
[2024-11-11T19:57:58.333+0000] {processor.py:925} INFO - DAG(s) 'example_local_kubernetes_executor' retrieved from /home/airflow/.local/lib/python3.12/site-packages/airflow/example_dags/example_local_kubernetes_executor.py
[2024-11-11T19:57:58.385+0000] {logging_mixin.py:190} INFO - [2024-11-11T19:57:58.385+0000] {dag.py:3239} INFO - Sync 1 DAGs
[2024-11-11T19:57:58.412+0000] {logging_mixin.py:190} INFO - [2024-11-11T19:57:58.411+0000] {dag.py:4180} INFO - Setting next_dagrun for example_local_kubernetes_executor to None, run_after=None
[2024-11-11T19:57:58.458+0000] {processor.py:208} INFO - Processing /home/airflow/.local/lib/python3.12/site-packages/airflow/example_dags/example_local_kubernetes_executor.py took 0.154 seconds
[2024-11-11T19:58:28.693+0000] {processor.py:186} INFO - Started process (PID=9698) to work on /home/airflow/.local/lib/python3.12/site-packages/airflow/example_dags/example_local_kubernetes_executor.py
[2024-11-11T19:58:28.695+0000] {processor.py:914} INFO - Processing file /home/airflow/.local/lib/python3.12/site-packages/airflow/example_dags/example_local_kubernetes_executor.py for tasks to queue
[2024-11-11T19:58:28.699+0000] {logging_mixin.py:190} INFO - [2024-11-11T19:58:28.699+0000] {dagbag.py:588} INFO - Filling up the DagBag from /home/airflow/.local/lib/python3.12/site-packages/airflow/example_dags/example_local_kubernetes_executor.py
[2024-11-11T19:58:28.716+0000] {processor.py:925} INFO - DAG(s) 'example_local_kubernetes_executor' retrieved from /home/airflow/.local/lib/python3.12/site-packages/airflow/example_dags/example_local_kubernetes_executor.py
[2024-11-11T19:58:28.823+0000] {logging_mixin.py:190} INFO - [2024-11-11T19:58:28.823+0000] {dag.py:3239} INFO - Sync 1 DAGs
[2024-11-11T19:58:28.904+0000] {logging_mixin.py:190} INFO - [2024-11-11T19:58:28.904+0000] {dag.py:4180} INFO - Setting next_dagrun for example_local_kubernetes_executor to None, run_after=None
[2024-11-11T19:58:28.978+0000] {processor.py:208} INFO - Processing /home/airflow/.local/lib/python3.12/site-packages/airflow/example_dags/example_local_kubernetes_executor.py took 0.297 seconds
[2024-11-11T19:58:59.547+0000] {processor.py:186} INFO - Started process (PID=9989) to work on /home/airflow/.local/lib/python3.12/site-packages/airflow/example_dags/example_local_kubernetes_executor.py
[2024-11-11T19:58:59.551+0000] {processor.py:914} INFO - Processing file /home/airflow/.local/lib/python3.12/site-packages/airflow/example_dags/example_local_kubernetes_executor.py for tasks to queue
[2024-11-11T19:58:59.563+0000] {logging_mixin.py:190} INFO - [2024-11-11T19:58:59.561+0000] {dagbag.py:588} INFO - Filling up the DagBag from /home/airflow/.local/lib/python3.12/site-packages/airflow/example_dags/example_local_kubernetes_executor.py
[2024-11-11T19:58:59.626+0000] {processor.py:925} INFO - DAG(s) 'example_local_kubernetes_executor' retrieved from /home/airflow/.local/lib/python3.12/site-packages/airflow/example_dags/example_local_kubernetes_executor.py
[2024-11-11T19:58:59.749+0000] {logging_mixin.py:190} INFO - [2024-11-11T19:58:59.748+0000] {dag.py:3239} INFO - Sync 1 DAGs
[2024-11-11T19:58:59.781+0000] {logging_mixin.py:190} INFO - [2024-11-11T19:58:59.780+0000] {dag.py:4180} INFO - Setting next_dagrun for example_local_kubernetes_executor to None, run_after=None
[2024-11-11T19:58:59.810+0000] {processor.py:208} INFO - Processing /home/airflow/.local/lib/python3.12/site-packages/airflow/example_dags/example_local_kubernetes_executor.py took 0.293 seconds
[2024-11-11T19:59:30.090+0000] {processor.py:186} INFO - Started process (PID=10278) to work on /home/airflow/.local/lib/python3.12/site-packages/airflow/example_dags/example_local_kubernetes_executor.py
[2024-11-11T19:59:30.093+0000] {processor.py:914} INFO - Processing file /home/airflow/.local/lib/python3.12/site-packages/airflow/example_dags/example_local_kubernetes_executor.py for tasks to queue
[2024-11-11T19:59:30.103+0000] {logging_mixin.py:190} INFO - [2024-11-11T19:59:30.102+0000] {dagbag.py:588} INFO - Filling up the DagBag from /home/airflow/.local/lib/python3.12/site-packages/airflow/example_dags/example_local_kubernetes_executor.py
[2024-11-11T19:59:30.136+0000] {processor.py:925} INFO - DAG(s) 'example_local_kubernetes_executor' retrieved from /home/airflow/.local/lib/python3.12/site-packages/airflow/example_dags/example_local_kubernetes_executor.py
[2024-11-11T19:59:30.248+0000] {logging_mixin.py:190} INFO - [2024-11-11T19:59:30.247+0000] {dag.py:3239} INFO - Sync 1 DAGs
[2024-11-11T19:59:30.315+0000] {logging_mixin.py:190} INFO - [2024-11-11T19:59:30.314+0000] {dag.py:4180} INFO - Setting next_dagrun for example_local_kubernetes_executor to None, run_after=None
[2024-11-11T19:59:30.398+0000] {processor.py:208} INFO - Processing /home/airflow/.local/lib/python3.12/site-packages/airflow/example_dags/example_local_kubernetes_executor.py took 0.328 seconds
[2024-11-11T20:00:00.822+0000] {processor.py:186} INFO - Started process (PID=10566) to work on /home/airflow/.local/lib/python3.12/site-packages/airflow/example_dags/example_local_kubernetes_executor.py
[2024-11-11T20:00:00.824+0000] {processor.py:914} INFO - Processing file /home/airflow/.local/lib/python3.12/site-packages/airflow/example_dags/example_local_kubernetes_executor.py for tasks to queue
[2024-11-11T20:00:00.828+0000] {logging_mixin.py:190} INFO - [2024-11-11T20:00:00.828+0000] {dagbag.py:588} INFO - Filling up the DagBag from /home/airflow/.local/lib/python3.12/site-packages/airflow/example_dags/example_local_kubernetes_executor.py
[2024-11-11T20:00:00.845+0000] {processor.py:925} INFO - DAG(s) 'example_local_kubernetes_executor' retrieved from /home/airflow/.local/lib/python3.12/site-packages/airflow/example_dags/example_local_kubernetes_executor.py
[2024-11-11T20:00:00.905+0000] {logging_mixin.py:190} INFO - [2024-11-11T20:00:00.904+0000] {dag.py:3239} INFO - Sync 1 DAGs
[2024-11-11T20:00:00.935+0000] {logging_mixin.py:190} INFO - [2024-11-11T20:00:00.935+0000] {dag.py:4180} INFO - Setting next_dagrun for example_local_kubernetes_executor to None, run_after=None
[2024-11-11T20:00:00.987+0000] {processor.py:208} INFO - Processing /home/airflow/.local/lib/python3.12/site-packages/airflow/example_dags/example_local_kubernetes_executor.py took 0.175 seconds
[2024-11-11T20:00:31.265+0000] {processor.py:186} INFO - Started process (PID=10857) to work on /home/airflow/.local/lib/python3.12/site-packages/airflow/example_dags/example_local_kubernetes_executor.py
[2024-11-11T20:00:31.269+0000] {processor.py:914} INFO - Processing file /home/airflow/.local/lib/python3.12/site-packages/airflow/example_dags/example_local_kubernetes_executor.py for tasks to queue
[2024-11-11T20:00:31.278+0000] {logging_mixin.py:190} INFO - [2024-11-11T20:00:31.277+0000] {dagbag.py:588} INFO - Filling up the DagBag from /home/airflow/.local/lib/python3.12/site-packages/airflow/example_dags/example_local_kubernetes_executor.py
[2024-11-11T20:00:31.319+0000] {processor.py:925} INFO - DAG(s) 'example_local_kubernetes_executor' retrieved from /home/airflow/.local/lib/python3.12/site-packages/airflow/example_dags/example_local_kubernetes_executor.py
[2024-11-11T20:00:31.415+0000] {logging_mixin.py:190} INFO - [2024-11-11T20:00:31.415+0000] {dag.py:3239} INFO - Sync 1 DAGs
[2024-11-11T20:00:31.442+0000] {logging_mixin.py:190} INFO - [2024-11-11T20:00:31.441+0000] {dag.py:4180} INFO - Setting next_dagrun for example_local_kubernetes_executor to None, run_after=None
[2024-11-11T20:00:31.476+0000] {processor.py:208} INFO - Processing /home/airflow/.local/lib/python3.12/site-packages/airflow/example_dags/example_local_kubernetes_executor.py took 0.250 seconds
[2024-11-11T20:01:02.368+0000] {processor.py:186} INFO - Started process (PID=11148) to work on /home/airflow/.local/lib/python3.12/site-packages/airflow/example_dags/example_local_kubernetes_executor.py
[2024-11-11T20:01:02.370+0000] {processor.py:914} INFO - Processing file /home/airflow/.local/lib/python3.12/site-packages/airflow/example_dags/example_local_kubernetes_executor.py for tasks to queue
[2024-11-11T20:01:02.374+0000] {logging_mixin.py:190} INFO - [2024-11-11T20:01:02.373+0000] {dagbag.py:588} INFO - Filling up the DagBag from /home/airflow/.local/lib/python3.12/site-packages/airflow/example_dags/example_local_kubernetes_executor.py
[2024-11-11T20:01:02.394+0000] {processor.py:925} INFO - DAG(s) 'example_local_kubernetes_executor' retrieved from /home/airflow/.local/lib/python3.12/site-packages/airflow/example_dags/example_local_kubernetes_executor.py
[2024-11-11T20:01:02.465+0000] {logging_mixin.py:190} INFO - [2024-11-11T20:01:02.465+0000] {dag.py:3239} INFO - Sync 1 DAGs
[2024-11-11T20:01:02.499+0000] {logging_mixin.py:190} INFO - [2024-11-11T20:01:02.499+0000] {dag.py:4180} INFO - Setting next_dagrun for example_local_kubernetes_executor to None, run_after=None
[2024-11-11T20:01:02.542+0000] {processor.py:208} INFO - Processing /home/airflow/.local/lib/python3.12/site-packages/airflow/example_dags/example_local_kubernetes_executor.py took 0.188 seconds
[2024-11-11T20:01:32.927+0000] {processor.py:186} INFO - Started process (PID=11439) to work on /home/airflow/.local/lib/python3.12/site-packages/airflow/example_dags/example_local_kubernetes_executor.py
[2024-11-11T20:01:32.932+0000] {processor.py:914} INFO - Processing file /home/airflow/.local/lib/python3.12/site-packages/airflow/example_dags/example_local_kubernetes_executor.py for tasks to queue
[2024-11-11T20:01:32.943+0000] {logging_mixin.py:190} INFO - [2024-11-11T20:01:32.941+0000] {dagbag.py:588} INFO - Filling up the DagBag from /home/airflow/.local/lib/python3.12/site-packages/airflow/example_dags/example_local_kubernetes_executor.py
[2024-11-11T20:01:32.992+0000] {processor.py:925} INFO - DAG(s) 'example_local_kubernetes_executor' retrieved from /home/airflow/.local/lib/python3.12/site-packages/airflow/example_dags/example_local_kubernetes_executor.py
[2024-11-11T20:01:33.208+0000] {logging_mixin.py:190} INFO - [2024-11-11T20:01:33.206+0000] {dag.py:3239} INFO - Sync 1 DAGs
[2024-11-11T20:01:33.259+0000] {logging_mixin.py:190} INFO - [2024-11-11T20:01:33.258+0000] {dag.py:4180} INFO - Setting next_dagrun for example_local_kubernetes_executor to None, run_after=None
[2024-11-11T20:01:33.360+0000] {processor.py:208} INFO - Processing /home/airflow/.local/lib/python3.12/site-packages/airflow/example_dags/example_local_kubernetes_executor.py took 0.468 seconds
[2024-11-11T20:02:03.895+0000] {processor.py:186} INFO - Started process (PID=11731) to work on /home/airflow/.local/lib/python3.12/site-packages/airflow/example_dags/example_local_kubernetes_executor.py
[2024-11-11T20:02:03.898+0000] {processor.py:914} INFO - Processing file /home/airflow/.local/lib/python3.12/site-packages/airflow/example_dags/example_local_kubernetes_executor.py for tasks to queue
[2024-11-11T20:02:03.904+0000] {logging_mixin.py:190} INFO - [2024-11-11T20:02:03.903+0000] {dagbag.py:588} INFO - Filling up the DagBag from /home/airflow/.local/lib/python3.12/site-packages/airflow/example_dags/example_local_kubernetes_executor.py
[2024-11-11T20:02:03.929+0000] {processor.py:925} INFO - DAG(s) 'example_local_kubernetes_executor' retrieved from /home/airflow/.local/lib/python3.12/site-packages/airflow/example_dags/example_local_kubernetes_executor.py
[2024-11-11T20:02:03.991+0000] {logging_mixin.py:190} INFO - [2024-11-11T20:02:03.991+0000] {dag.py:3239} INFO - Sync 1 DAGs
[2024-11-11T20:02:04.034+0000] {logging_mixin.py:190} INFO - [2024-11-11T20:02:04.033+0000] {dag.py:4180} INFO - Setting next_dagrun for example_local_kubernetes_executor to None, run_after=None
[2024-11-11T20:02:04.073+0000] {processor.py:208} INFO - Processing /home/airflow/.local/lib/python3.12/site-packages/airflow/example_dags/example_local_kubernetes_executor.py took 0.201 seconds
[2024-11-11T20:02:34.684+0000] {processor.py:186} INFO - Started process (PID=12017) to work on /home/airflow/.local/lib/python3.12/site-packages/airflow/example_dags/example_local_kubernetes_executor.py
[2024-11-11T20:02:34.689+0000] {processor.py:914} INFO - Processing file /home/airflow/.local/lib/python3.12/site-packages/airflow/example_dags/example_local_kubernetes_executor.py for tasks to queue
[2024-11-11T20:02:34.700+0000] {logging_mixin.py:190} INFO - [2024-11-11T20:02:34.698+0000] {dagbag.py:588} INFO - Filling up the DagBag from /home/airflow/.local/lib/python3.12/site-packages/airflow/example_dags/example_local_kubernetes_executor.py
[2024-11-11T20:02:34.748+0000] {processor.py:925} INFO - DAG(s) 'example_local_kubernetes_executor' retrieved from /home/airflow/.local/lib/python3.12/site-packages/airflow/example_dags/example_local_kubernetes_executor.py
[2024-11-11T20:02:34.913+0000] {logging_mixin.py:190} INFO - [2024-11-11T20:02:34.912+0000] {dag.py:3239} INFO - Sync 1 DAGs
[2024-11-11T20:02:34.950+0000] {logging_mixin.py:190} INFO - [2024-11-11T20:02:34.949+0000] {dag.py:4180} INFO - Setting next_dagrun for example_local_kubernetes_executor to None, run_after=None
[2024-11-11T20:02:34.992+0000] {processor.py:208} INFO - Processing /home/airflow/.local/lib/python3.12/site-packages/airflow/example_dags/example_local_kubernetes_executor.py took 0.351 seconds
