[2024-11-11T19:41:43.157+0000] {processor.py:186} INFO - Started process (PID=397) to work on /home/airflow/.local/lib/python3.12/site-packages/airflow/example_dags/example_branch_python_dop_operator_3.py
[2024-11-11T19:41:43.159+0000] {processor.py:914} INFO - Processing file /home/airflow/.local/lib/python3.12/site-packages/airflow/example_dags/example_branch_python_dop_operator_3.py for tasks to queue
[2024-11-11T19:41:43.162+0000] {logging_mixin.py:190} INFO - [2024-11-11T19:41:43.162+0000] {dagbag.py:588} INFO - Filling up the DagBag from /home/airflow/.local/lib/python3.12/site-packages/airflow/example_dags/example_branch_python_dop_operator_3.py
[2024-11-11T19:41:43.181+0000] {processor.py:925} INFO - DAG(s) 'example_branch_dop_operator_v3' retrieved from /home/airflow/.local/lib/python3.12/site-packages/airflow/example_dags/example_branch_python_dop_operator_3.py
[2024-11-11T19:41:43.361+0000] {logging_mixin.py:190} INFO - [2024-11-11T19:41:43.360+0000] {override.py:1911} INFO - Created Permission View: can delete on DAG:example_branch_dop_operator_v3
[2024-11-11T19:41:43.378+0000] {logging_mixin.py:190} INFO - [2024-11-11T19:41:43.378+0000] {override.py:1911} INFO - Created Permission View: can read on DAG:example_branch_dop_operator_v3
[2024-11-11T19:41:43.390+0000] {logging_mixin.py:190} INFO - [2024-11-11T19:41:43.390+0000] {override.py:1911} INFO - Created Permission View: can edit on DAG:example_branch_dop_operator_v3
[2024-11-11T19:41:43.404+0000] {logging_mixin.py:190} INFO - [2024-11-11T19:41:43.404+0000] {override.py:1911} INFO - Created Permission View: can delete on DAG Run:example_branch_dop_operator_v3
[2024-11-11T19:41:43.416+0000] {logging_mixin.py:190} INFO - [2024-11-11T19:41:43.415+0000] {override.py:1911} INFO - Created Permission View: can create on DAG Run:example_branch_dop_operator_v3
[2024-11-11T19:41:43.429+0000] {logging_mixin.py:190} INFO - [2024-11-11T19:41:43.428+0000] {override.py:1911} INFO - Created Permission View: menu access on DAG Run:example_branch_dop_operator_v3
[2024-11-11T19:41:43.440+0000] {logging_mixin.py:190} INFO - [2024-11-11T19:41:43.440+0000] {override.py:1911} INFO - Created Permission View: can read on DAG Run:example_branch_dop_operator_v3
[2024-11-11T19:41:43.441+0000] {logging_mixin.py:190} INFO - [2024-11-11T19:41:43.440+0000] {dag.py:3239} INFO - Sync 1 DAGs
[2024-11-11T19:41:43.460+0000] {logging_mixin.py:190} INFO - [2024-11-11T19:41:43.460+0000] {dag.py:3262} INFO - Creating ORM DAG for example_branch_dop_operator_v3
[2024-11-11T19:41:43.484+0000] {logging_mixin.py:190} INFO - [2024-11-11T19:41:43.483+0000] {dag.py:4180} INFO - Setting next_dagrun for example_branch_dop_operator_v3 to 2024-11-11 19:40:00+00:00, run_after=2024-11-11 19:41:00+00:00
[2024-11-11T19:41:43.510+0000] {processor.py:208} INFO - Processing /home/airflow/.local/lib/python3.12/site-packages/airflow/example_dags/example_branch_python_dop_operator_3.py took 0.364 seconds
[2024-11-11T19:42:14.317+0000] {processor.py:186} INFO - Started process (PID=690) to work on /home/airflow/.local/lib/python3.12/site-packages/airflow/example_dags/example_branch_python_dop_operator_3.py
[2024-11-11T19:42:14.319+0000] {processor.py:914} INFO - Processing file /home/airflow/.local/lib/python3.12/site-packages/airflow/example_dags/example_branch_python_dop_operator_3.py for tasks to queue
[2024-11-11T19:42:14.323+0000] {logging_mixin.py:190} INFO - [2024-11-11T19:42:14.322+0000] {dagbag.py:588} INFO - Filling up the DagBag from /home/airflow/.local/lib/python3.12/site-packages/airflow/example_dags/example_branch_python_dop_operator_3.py
[2024-11-11T19:42:14.343+0000] {processor.py:925} INFO - DAG(s) 'example_branch_dop_operator_v3' retrieved from /home/airflow/.local/lib/python3.12/site-packages/airflow/example_dags/example_branch_python_dop_operator_3.py
[2024-11-11T19:42:14.383+0000] {logging_mixin.py:190} INFO - [2024-11-11T19:42:14.383+0000] {dag.py:3239} INFO - Sync 1 DAGs
[2024-11-11T19:42:14.439+0000] {logging_mixin.py:190} INFO - [2024-11-11T19:42:14.438+0000] {dag.py:4180} INFO - Setting next_dagrun for example_branch_dop_operator_v3 to 2024-11-11 19:41:00+00:00, run_after=2024-11-11 19:42:00+00:00
[2024-11-11T19:42:14.477+0000] {processor.py:208} INFO - Processing /home/airflow/.local/lib/python3.12/site-packages/airflow/example_dags/example_branch_python_dop_operator_3.py took 0.174 seconds
[2024-11-11T19:42:46.665+0000] {processor.py:186} INFO - Started process (PID=982) to work on /home/airflow/.local/lib/python3.12/site-packages/airflow/example_dags/example_branch_python_dop_operator_3.py
[2024-11-11T19:42:46.669+0000] {processor.py:914} INFO - Processing file /home/airflow/.local/lib/python3.12/site-packages/airflow/example_dags/example_branch_python_dop_operator_3.py for tasks to queue
[2024-11-11T19:42:46.676+0000] {logging_mixin.py:190} INFO - [2024-11-11T19:42:46.675+0000] {dagbag.py:588} INFO - Filling up the DagBag from /home/airflow/.local/lib/python3.12/site-packages/airflow/example_dags/example_branch_python_dop_operator_3.py
[2024-11-11T19:42:46.715+0000] {processor.py:925} INFO - DAG(s) 'example_branch_dop_operator_v3' retrieved from /home/airflow/.local/lib/python3.12/site-packages/airflow/example_dags/example_branch_python_dop_operator_3.py
[2024-11-11T19:42:46.776+0000] {logging_mixin.py:190} INFO - [2024-11-11T19:42:46.776+0000] {dag.py:3239} INFO - Sync 1 DAGs
[2024-11-11T19:42:46.822+0000] {logging_mixin.py:190} INFO - [2024-11-11T19:42:46.822+0000] {dag.py:4180} INFO - Setting next_dagrun for example_branch_dop_operator_v3 to 2024-11-11 19:41:00+00:00, run_after=2024-11-11 19:42:00+00:00
[2024-11-11T19:42:46.856+0000] {processor.py:208} INFO - Processing /home/airflow/.local/lib/python3.12/site-packages/airflow/example_dags/example_branch_python_dop_operator_3.py took 0.214 seconds
[2024-11-11T19:43:18.360+0000] {processor.py:186} INFO - Started process (PID=1273) to work on /home/airflow/.local/lib/python3.12/site-packages/airflow/example_dags/example_branch_python_dop_operator_3.py
[2024-11-11T19:43:18.365+0000] {processor.py:914} INFO - Processing file /home/airflow/.local/lib/python3.12/site-packages/airflow/example_dags/example_branch_python_dop_operator_3.py for tasks to queue
[2024-11-11T19:43:18.374+0000] {logging_mixin.py:190} INFO - [2024-11-11T19:43:18.373+0000] {dagbag.py:588} INFO - Filling up the DagBag from /home/airflow/.local/lib/python3.12/site-packages/airflow/example_dags/example_branch_python_dop_operator_3.py
[2024-11-11T19:43:18.438+0000] {processor.py:925} INFO - DAG(s) 'example_branch_dop_operator_v3' retrieved from /home/airflow/.local/lib/python3.12/site-packages/airflow/example_dags/example_branch_python_dop_operator_3.py
[2024-11-11T19:43:18.511+0000] {logging_mixin.py:190} INFO - [2024-11-11T19:43:18.511+0000] {dag.py:3239} INFO - Sync 1 DAGs
[2024-11-11T19:43:18.568+0000] {logging_mixin.py:190} INFO - [2024-11-11T19:43:18.567+0000] {dag.py:4180} INFO - Setting next_dagrun for example_branch_dop_operator_v3 to 2024-11-11 19:42:00+00:00, run_after=2024-11-11 19:43:00+00:00
[2024-11-11T19:43:18.613+0000] {processor.py:208} INFO - Processing /home/airflow/.local/lib/python3.12/site-packages/airflow/example_dags/example_branch_python_dop_operator_3.py took 0.286 seconds
[2024-11-11T19:43:49.503+0000] {processor.py:186} INFO - Started process (PID=1562) to work on /home/airflow/.local/lib/python3.12/site-packages/airflow/example_dags/example_branch_python_dop_operator_3.py
[2024-11-11T19:43:49.506+0000] {processor.py:914} INFO - Processing file /home/airflow/.local/lib/python3.12/site-packages/airflow/example_dags/example_branch_python_dop_operator_3.py for tasks to queue
[2024-11-11T19:43:49.510+0000] {logging_mixin.py:190} INFO - [2024-11-11T19:43:49.509+0000] {dagbag.py:588} INFO - Filling up the DagBag from /home/airflow/.local/lib/python3.12/site-packages/airflow/example_dags/example_branch_python_dop_operator_3.py
[2024-11-11T19:43:49.543+0000] {processor.py:925} INFO - DAG(s) 'example_branch_dop_operator_v3' retrieved from /home/airflow/.local/lib/python3.12/site-packages/airflow/example_dags/example_branch_python_dop_operator_3.py
[2024-11-11T19:43:49.583+0000] {logging_mixin.py:190} INFO - [2024-11-11T19:43:49.582+0000] {dag.py:3239} INFO - Sync 1 DAGs
[2024-11-11T19:43:49.649+0000] {logging_mixin.py:190} INFO - [2024-11-11T19:43:49.648+0000] {dag.py:4180} INFO - Setting next_dagrun for example_branch_dop_operator_v3 to 2024-11-11 19:42:00+00:00, run_after=2024-11-11 19:43:00+00:00
[2024-11-11T19:43:49.704+0000] {processor.py:208} INFO - Processing /home/airflow/.local/lib/python3.12/site-packages/airflow/example_dags/example_branch_python_dop_operator_3.py took 0.213 seconds
[2024-11-11T19:44:23.718+0000] {processor.py:186} INFO - Started process (PID=1853) to work on /home/airflow/.local/lib/python3.12/site-packages/airflow/example_dags/example_branch_python_dop_operator_3.py
[2024-11-11T19:44:23.719+0000] {processor.py:914} INFO - Processing file /home/airflow/.local/lib/python3.12/site-packages/airflow/example_dags/example_branch_python_dop_operator_3.py for tasks to queue
[2024-11-11T19:44:23.723+0000] {logging_mixin.py:190} INFO - [2024-11-11T19:44:23.722+0000] {dagbag.py:588} INFO - Filling up the DagBag from /home/airflow/.local/lib/python3.12/site-packages/airflow/example_dags/example_branch_python_dop_operator_3.py
[2024-11-11T19:44:23.742+0000] {processor.py:925} INFO - DAG(s) 'example_branch_dop_operator_v3' retrieved from /home/airflow/.local/lib/python3.12/site-packages/airflow/example_dags/example_branch_python_dop_operator_3.py
[2024-11-11T19:44:23.782+0000] {logging_mixin.py:190} INFO - [2024-11-11T19:44:23.781+0000] {dag.py:3239} INFO - Sync 1 DAGs
[2024-11-11T19:44:23.846+0000] {logging_mixin.py:190} INFO - [2024-11-11T19:44:23.845+0000] {dag.py:4180} INFO - Setting next_dagrun for example_branch_dop_operator_v3 to 2024-11-11 19:43:00+00:00, run_after=2024-11-11 19:44:00+00:00
[2024-11-11T19:44:23.901+0000] {processor.py:208} INFO - Processing /home/airflow/.local/lib/python3.12/site-packages/airflow/example_dags/example_branch_python_dop_operator_3.py took 0.194 seconds
[2024-11-11T19:44:55.028+0000] {processor.py:186} INFO - Started process (PID=2144) to work on /home/airflow/.local/lib/python3.12/site-packages/airflow/example_dags/example_branch_python_dop_operator_3.py
[2024-11-11T19:44:55.031+0000] {processor.py:914} INFO - Processing file /home/airflow/.local/lib/python3.12/site-packages/airflow/example_dags/example_branch_python_dop_operator_3.py for tasks to queue
[2024-11-11T19:44:55.038+0000] {logging_mixin.py:190} INFO - [2024-11-11T19:44:55.037+0000] {dagbag.py:588} INFO - Filling up the DagBag from /home/airflow/.local/lib/python3.12/site-packages/airflow/example_dags/example_branch_python_dop_operator_3.py
[2024-11-11T19:44:55.078+0000] {processor.py:925} INFO - DAG(s) 'example_branch_dop_operator_v3' retrieved from /home/airflow/.local/lib/python3.12/site-packages/airflow/example_dags/example_branch_python_dop_operator_3.py
[2024-11-11T19:44:55.166+0000] {logging_mixin.py:190} INFO - [2024-11-11T19:44:55.165+0000] {dag.py:3239} INFO - Sync 1 DAGs
[2024-11-11T19:44:55.280+0000] {logging_mixin.py:190} INFO - [2024-11-11T19:44:55.279+0000] {dag.py:4180} INFO - Setting next_dagrun for example_branch_dop_operator_v3 to 2024-11-11 19:43:00+00:00, run_after=2024-11-11 19:44:00+00:00
[2024-11-11T19:44:55.363+0000] {processor.py:208} INFO - Processing /home/airflow/.local/lib/python3.12/site-packages/airflow/example_dags/example_branch_python_dop_operator_3.py took 0.350 seconds
[2024-11-11T19:45:26.162+0000] {processor.py:186} INFO - Started process (PID=2435) to work on /home/airflow/.local/lib/python3.12/site-packages/airflow/example_dags/example_branch_python_dop_operator_3.py
[2024-11-11T19:45:26.164+0000] {processor.py:914} INFO - Processing file /home/airflow/.local/lib/python3.12/site-packages/airflow/example_dags/example_branch_python_dop_operator_3.py for tasks to queue
[2024-11-11T19:45:26.167+0000] {logging_mixin.py:190} INFO - [2024-11-11T19:45:26.167+0000] {dagbag.py:588} INFO - Filling up the DagBag from /home/airflow/.local/lib/python3.12/site-packages/airflow/example_dags/example_branch_python_dop_operator_3.py
[2024-11-11T19:45:26.183+0000] {processor.py:925} INFO - DAG(s) 'example_branch_dop_operator_v3' retrieved from /home/airflow/.local/lib/python3.12/site-packages/airflow/example_dags/example_branch_python_dop_operator_3.py
[2024-11-11T19:45:26.215+0000] {logging_mixin.py:190} INFO - [2024-11-11T19:45:26.215+0000] {dag.py:3239} INFO - Sync 1 DAGs
[2024-11-11T19:45:26.262+0000] {logging_mixin.py:190} INFO - [2024-11-11T19:45:26.261+0000] {dag.py:4180} INFO - Setting next_dagrun for example_branch_dop_operator_v3 to 2024-11-11 19:44:00+00:00, run_after=2024-11-11 19:45:00+00:00
[2024-11-11T19:45:26.301+0000] {processor.py:208} INFO - Processing /home/airflow/.local/lib/python3.12/site-packages/airflow/example_dags/example_branch_python_dop_operator_3.py took 0.148 seconds
[2024-11-11T19:45:59.728+0000] {processor.py:186} INFO - Started process (PID=2726) to work on /home/airflow/.local/lib/python3.12/site-packages/airflow/example_dags/example_branch_python_dop_operator_3.py
[2024-11-11T19:45:59.730+0000] {processor.py:914} INFO - Processing file /home/airflow/.local/lib/python3.12/site-packages/airflow/example_dags/example_branch_python_dop_operator_3.py for tasks to queue
[2024-11-11T19:45:59.735+0000] {logging_mixin.py:190} INFO - [2024-11-11T19:45:59.734+0000] {dagbag.py:588} INFO - Filling up the DagBag from /home/airflow/.local/lib/python3.12/site-packages/airflow/example_dags/example_branch_python_dop_operator_3.py
[2024-11-11T19:45:59.756+0000] {processor.py:925} INFO - DAG(s) 'example_branch_dop_operator_v3' retrieved from /home/airflow/.local/lib/python3.12/site-packages/airflow/example_dags/example_branch_python_dop_operator_3.py
[2024-11-11T19:45:59.793+0000] {logging_mixin.py:190} INFO - [2024-11-11T19:45:59.793+0000] {dag.py:3239} INFO - Sync 1 DAGs
[2024-11-11T19:45:59.860+0000] {logging_mixin.py:190} INFO - [2024-11-11T19:45:59.859+0000] {dag.py:4180} INFO - Setting next_dagrun for example_branch_dop_operator_v3 to 2024-11-11 19:44:00+00:00, run_after=2024-11-11 19:45:00+00:00
[2024-11-11T19:45:59.961+0000] {processor.py:208} INFO - Processing /home/airflow/.local/lib/python3.12/site-packages/airflow/example_dags/example_branch_python_dop_operator_3.py took 0.245 seconds
[2024-11-11T19:46:31.207+0000] {processor.py:186} INFO - Started process (PID=3017) to work on /home/airflow/.local/lib/python3.12/site-packages/airflow/example_dags/example_branch_python_dop_operator_3.py
[2024-11-11T19:46:31.212+0000] {processor.py:914} INFO - Processing file /home/airflow/.local/lib/python3.12/site-packages/airflow/example_dags/example_branch_python_dop_operator_3.py for tasks to queue
[2024-11-11T19:46:31.220+0000] {logging_mixin.py:190} INFO - [2024-11-11T19:46:31.219+0000] {dagbag.py:588} INFO - Filling up the DagBag from /home/airflow/.local/lib/python3.12/site-packages/airflow/example_dags/example_branch_python_dop_operator_3.py
[2024-11-11T19:46:31.255+0000] {processor.py:925} INFO - DAG(s) 'example_branch_dop_operator_v3' retrieved from /home/airflow/.local/lib/python3.12/site-packages/airflow/example_dags/example_branch_python_dop_operator_3.py
[2024-11-11T19:46:31.288+0000] {logging_mixin.py:190} INFO - [2024-11-11T19:46:31.288+0000] {dag.py:3239} INFO - Sync 1 DAGs
[2024-11-11T19:46:31.330+0000] {logging_mixin.py:190} INFO - [2024-11-11T19:46:31.330+0000] {dag.py:4180} INFO - Setting next_dagrun for example_branch_dop_operator_v3 to 2024-11-11 19:45:00+00:00, run_after=2024-11-11 19:46:00+00:00
[2024-11-11T19:46:31.366+0000] {processor.py:208} INFO - Processing /home/airflow/.local/lib/python3.12/site-packages/airflow/example_dags/example_branch_python_dop_operator_3.py took 0.187 seconds
[2024-11-11T19:47:04.256+0000] {processor.py:186} INFO - Started process (PID=3308) to work on /home/airflow/.local/lib/python3.12/site-packages/airflow/example_dags/example_branch_python_dop_operator_3.py
[2024-11-11T19:47:04.259+0000] {processor.py:914} INFO - Processing file /home/airflow/.local/lib/python3.12/site-packages/airflow/example_dags/example_branch_python_dop_operator_3.py for tasks to queue
[2024-11-11T19:47:04.264+0000] {logging_mixin.py:190} INFO - [2024-11-11T19:47:04.263+0000] {dagbag.py:588} INFO - Filling up the DagBag from /home/airflow/.local/lib/python3.12/site-packages/airflow/example_dags/example_branch_python_dop_operator_3.py
[2024-11-11T19:47:04.295+0000] {processor.py:925} INFO - DAG(s) 'example_branch_dop_operator_v3' retrieved from /home/airflow/.local/lib/python3.12/site-packages/airflow/example_dags/example_branch_python_dop_operator_3.py
[2024-11-11T19:47:04.376+0000] {logging_mixin.py:190} INFO - [2024-11-11T19:47:04.375+0000] {dag.py:3239} INFO - Sync 1 DAGs
[2024-11-11T19:47:04.522+0000] {logging_mixin.py:190} INFO - [2024-11-11T19:47:04.522+0000] {dag.py:4180} INFO - Setting next_dagrun for example_branch_dop_operator_v3 to 2024-11-11 19:46:00+00:00, run_after=2024-11-11 19:47:00+00:00
[2024-11-11T19:47:04.603+0000] {processor.py:208} INFO - Processing /home/airflow/.local/lib/python3.12/site-packages/airflow/example_dags/example_branch_python_dop_operator_3.py took 0.365 seconds
[2024-11-11T19:47:36.798+0000] {processor.py:186} INFO - Started process (PID=3602) to work on /home/airflow/.local/lib/python3.12/site-packages/airflow/example_dags/example_branch_python_dop_operator_3.py
[2024-11-11T19:47:36.802+0000] {processor.py:914} INFO - Processing file /home/airflow/.local/lib/python3.12/site-packages/airflow/example_dags/example_branch_python_dop_operator_3.py for tasks to queue
[2024-11-11T19:47:36.810+0000] {logging_mixin.py:190} INFO - [2024-11-11T19:47:36.808+0000] {dagbag.py:588} INFO - Filling up the DagBag from /home/airflow/.local/lib/python3.12/site-packages/airflow/example_dags/example_branch_python_dop_operator_3.py
[2024-11-11T19:47:36.862+0000] {processor.py:925} INFO - DAG(s) 'example_branch_dop_operator_v3' retrieved from /home/airflow/.local/lib/python3.12/site-packages/airflow/example_dags/example_branch_python_dop_operator_3.py
[2024-11-11T19:47:36.978+0000] {logging_mixin.py:190} INFO - [2024-11-11T19:47:36.976+0000] {dag.py:3239} INFO - Sync 1 DAGs
[2024-11-11T19:47:37.149+0000] {logging_mixin.py:190} INFO - [2024-11-11T19:47:37.147+0000] {dag.py:4180} INFO - Setting next_dagrun for example_branch_dop_operator_v3 to 2024-11-11 19:46:00+00:00, run_after=2024-11-11 19:47:00+00:00
[2024-11-11T19:47:37.239+0000] {processor.py:208} INFO - Processing /home/airflow/.local/lib/python3.12/site-packages/airflow/example_dags/example_branch_python_dop_operator_3.py took 0.458 seconds
[2024-11-11T19:48:09.143+0000] {processor.py:186} INFO - Started process (PID=3902) to work on /home/airflow/.local/lib/python3.12/site-packages/airflow/example_dags/example_branch_python_dop_operator_3.py
[2024-11-11T19:48:09.146+0000] {processor.py:914} INFO - Processing file /home/airflow/.local/lib/python3.12/site-packages/airflow/example_dags/example_branch_python_dop_operator_3.py for tasks to queue
[2024-11-11T19:48:09.151+0000] {logging_mixin.py:190} INFO - [2024-11-11T19:48:09.150+0000] {dagbag.py:588} INFO - Filling up the DagBag from /home/airflow/.local/lib/python3.12/site-packages/airflow/example_dags/example_branch_python_dop_operator_3.py
[2024-11-11T19:48:09.180+0000] {processor.py:925} INFO - DAG(s) 'example_branch_dop_operator_v3' retrieved from /home/airflow/.local/lib/python3.12/site-packages/airflow/example_dags/example_branch_python_dop_operator_3.py
[2024-11-11T19:48:09.256+0000] {logging_mixin.py:190} INFO - [2024-11-11T19:48:09.255+0000] {dag.py:3239} INFO - Sync 1 DAGs
[2024-11-11T19:48:09.331+0000] {logging_mixin.py:190} INFO - [2024-11-11T19:48:09.330+0000] {dag.py:4180} INFO - Setting next_dagrun for example_branch_dop_operator_v3 to 2024-11-11 19:47:00+00:00, run_after=2024-11-11 19:48:00+00:00
[2024-11-11T19:48:09.389+0000] {processor.py:208} INFO - Processing /home/airflow/.local/lib/python3.12/site-packages/airflow/example_dags/example_branch_python_dop_operator_3.py took 0.264 seconds
[2024-11-11T19:48:43.403+0000] {processor.py:186} INFO - Started process (PID=4205) to work on /home/airflow/.local/lib/python3.12/site-packages/airflow/example_dags/example_branch_python_dop_operator_3.py
[2024-11-11T19:48:43.406+0000] {processor.py:914} INFO - Processing file /home/airflow/.local/lib/python3.12/site-packages/airflow/example_dags/example_branch_python_dop_operator_3.py for tasks to queue
[2024-11-11T19:48:43.410+0000] {logging_mixin.py:190} INFO - [2024-11-11T19:48:43.410+0000] {dagbag.py:588} INFO - Filling up the DagBag from /home/airflow/.local/lib/python3.12/site-packages/airflow/example_dags/example_branch_python_dop_operator_3.py
[2024-11-11T19:48:43.437+0000] {processor.py:925} INFO - DAG(s) 'example_branch_dop_operator_v3' retrieved from /home/airflow/.local/lib/python3.12/site-packages/airflow/example_dags/example_branch_python_dop_operator_3.py
[2024-11-11T19:48:43.495+0000] {logging_mixin.py:190} INFO - [2024-11-11T19:48:43.494+0000] {dag.py:3239} INFO - Sync 1 DAGs
[2024-11-11T19:48:43.570+0000] {logging_mixin.py:190} INFO - [2024-11-11T19:48:43.569+0000] {dag.py:4180} INFO - Setting next_dagrun for example_branch_dop_operator_v3 to 2024-11-11 19:47:00+00:00, run_after=2024-11-11 19:48:00+00:00
[2024-11-11T19:48:43.614+0000] {processor.py:208} INFO - Processing /home/airflow/.local/lib/python3.12/site-packages/airflow/example_dags/example_branch_python_dop_operator_3.py took 0.228 seconds
[2024-11-11T19:49:15.270+0000] {processor.py:186} INFO - Started process (PID=4494) to work on /home/airflow/.local/lib/python3.12/site-packages/airflow/example_dags/example_branch_python_dop_operator_3.py
[2024-11-11T19:49:15.272+0000] {processor.py:914} INFO - Processing file /home/airflow/.local/lib/python3.12/site-packages/airflow/example_dags/example_branch_python_dop_operator_3.py for tasks to queue
[2024-11-11T19:49:15.278+0000] {logging_mixin.py:190} INFO - [2024-11-11T19:49:15.277+0000] {dagbag.py:588} INFO - Filling up the DagBag from /home/airflow/.local/lib/python3.12/site-packages/airflow/example_dags/example_branch_python_dop_operator_3.py
[2024-11-11T19:49:15.306+0000] {processor.py:925} INFO - DAG(s) 'example_branch_dop_operator_v3' retrieved from /home/airflow/.local/lib/python3.12/site-packages/airflow/example_dags/example_branch_python_dop_operator_3.py
[2024-11-11T19:49:15.353+0000] {logging_mixin.py:190} INFO - [2024-11-11T19:49:15.352+0000] {dag.py:3239} INFO - Sync 1 DAGs
[2024-11-11T19:49:15.423+0000] {logging_mixin.py:190} INFO - [2024-11-11T19:49:15.422+0000] {dag.py:4180} INFO - Setting next_dagrun for example_branch_dop_operator_v3 to 2024-11-11 19:48:00+00:00, run_after=2024-11-11 19:49:00+00:00
[2024-11-11T19:49:15.470+0000] {processor.py:208} INFO - Processing /home/airflow/.local/lib/python3.12/site-packages/airflow/example_dags/example_branch_python_dop_operator_3.py took 0.219 seconds
[2024-11-11T19:49:46.366+0000] {processor.py:186} INFO - Started process (PID=4785) to work on /home/airflow/.local/lib/python3.12/site-packages/airflow/example_dags/example_branch_python_dop_operator_3.py
[2024-11-11T19:49:46.369+0000] {processor.py:914} INFO - Processing file /home/airflow/.local/lib/python3.12/site-packages/airflow/example_dags/example_branch_python_dop_operator_3.py for tasks to queue
[2024-11-11T19:49:46.377+0000] {logging_mixin.py:190} INFO - [2024-11-11T19:49:46.376+0000] {dagbag.py:588} INFO - Filling up the DagBag from /home/airflow/.local/lib/python3.12/site-packages/airflow/example_dags/example_branch_python_dop_operator_3.py
[2024-11-11T19:49:46.449+0000] {processor.py:925} INFO - DAG(s) 'example_branch_dop_operator_v3' retrieved from /home/airflow/.local/lib/python3.12/site-packages/airflow/example_dags/example_branch_python_dop_operator_3.py
[2024-11-11T19:49:46.620+0000] {logging_mixin.py:190} INFO - [2024-11-11T19:49:46.619+0000] {dag.py:3239} INFO - Sync 1 DAGs
[2024-11-11T19:49:46.825+0000] {logging_mixin.py:190} INFO - [2024-11-11T19:49:46.813+0000] {dag.py:4180} INFO - Setting next_dagrun for example_branch_dop_operator_v3 to 2024-11-11 19:48:00+00:00, run_after=2024-11-11 19:49:00+00:00
[2024-11-11T19:49:46.890+0000] {processor.py:208} INFO - Processing /home/airflow/.local/lib/python3.12/site-packages/airflow/example_dags/example_branch_python_dop_operator_3.py took 0.547 seconds
[2024-11-11T19:50:18.095+0000] {processor.py:186} INFO - Started process (PID=5076) to work on /home/airflow/.local/lib/python3.12/site-packages/airflow/example_dags/example_branch_python_dop_operator_3.py
[2024-11-11T19:50:18.102+0000] {processor.py:914} INFO - Processing file /home/airflow/.local/lib/python3.12/site-packages/airflow/example_dags/example_branch_python_dop_operator_3.py for tasks to queue
[2024-11-11T19:50:18.110+0000] {logging_mixin.py:190} INFO - [2024-11-11T19:50:18.107+0000] {dagbag.py:588} INFO - Filling up the DagBag from /home/airflow/.local/lib/python3.12/site-packages/airflow/example_dags/example_branch_python_dop_operator_3.py
[2024-11-11T19:50:18.150+0000] {processor.py:925} INFO - DAG(s) 'example_branch_dop_operator_v3' retrieved from /home/airflow/.local/lib/python3.12/site-packages/airflow/example_dags/example_branch_python_dop_operator_3.py
[2024-11-11T19:50:18.220+0000] {logging_mixin.py:190} INFO - [2024-11-11T19:50:18.220+0000] {dag.py:3239} INFO - Sync 1 DAGs
[2024-11-11T19:50:18.347+0000] {logging_mixin.py:190} INFO - [2024-11-11T19:50:18.347+0000] {dag.py:4180} INFO - Setting next_dagrun for example_branch_dop_operator_v3 to 2024-11-11 19:49:00+00:00, run_after=2024-11-11 19:50:00+00:00
[2024-11-11T19:50:18.416+0000] {processor.py:208} INFO - Processing /home/airflow/.local/lib/python3.12/site-packages/airflow/example_dags/example_branch_python_dop_operator_3.py took 0.345 seconds
[2024-11-11T19:50:49.407+0000] {processor.py:186} INFO - Started process (PID=5372) to work on /home/airflow/.local/lib/python3.12/site-packages/airflow/example_dags/example_branch_python_dop_operator_3.py
[2024-11-11T19:50:49.410+0000] {processor.py:914} INFO - Processing file /home/airflow/.local/lib/python3.12/site-packages/airflow/example_dags/example_branch_python_dop_operator_3.py for tasks to queue
[2024-11-11T19:50:49.415+0000] {logging_mixin.py:190} INFO - [2024-11-11T19:50:49.414+0000] {dagbag.py:588} INFO - Filling up the DagBag from /home/airflow/.local/lib/python3.12/site-packages/airflow/example_dags/example_branch_python_dop_operator_3.py
[2024-11-11T19:50:49.439+0000] {processor.py:925} INFO - DAG(s) 'example_branch_dop_operator_v3' retrieved from /home/airflow/.local/lib/python3.12/site-packages/airflow/example_dags/example_branch_python_dop_operator_3.py
[2024-11-11T19:50:49.488+0000] {logging_mixin.py:190} INFO - [2024-11-11T19:50:49.487+0000] {dag.py:3239} INFO - Sync 1 DAGs
[2024-11-11T19:50:49.550+0000] {logging_mixin.py:190} INFO - [2024-11-11T19:50:49.549+0000] {dag.py:4180} INFO - Setting next_dagrun for example_branch_dop_operator_v3 to 2024-11-11 19:49:00+00:00, run_after=2024-11-11 19:50:00+00:00
[2024-11-11T19:50:49.584+0000] {processor.py:208} INFO - Processing /home/airflow/.local/lib/python3.12/site-packages/airflow/example_dags/example_branch_python_dop_operator_3.py took 0.191 seconds
[2024-11-11T19:51:19.694+0000] {processor.py:186} INFO - Started process (PID=5658) to work on /home/airflow/.local/lib/python3.12/site-packages/airflow/example_dags/example_branch_python_dop_operator_3.py
[2024-11-11T19:51:19.699+0000] {processor.py:914} INFO - Processing file /home/airflow/.local/lib/python3.12/site-packages/airflow/example_dags/example_branch_python_dop_operator_3.py for tasks to queue
[2024-11-11T19:51:19.707+0000] {logging_mixin.py:190} INFO - [2024-11-11T19:51:19.706+0000] {dagbag.py:588} INFO - Filling up the DagBag from /home/airflow/.local/lib/python3.12/site-packages/airflow/example_dags/example_branch_python_dop_operator_3.py
[2024-11-11T19:51:19.735+0000] {processor.py:925} INFO - DAG(s) 'example_branch_dop_operator_v3' retrieved from /home/airflow/.local/lib/python3.12/site-packages/airflow/example_dags/example_branch_python_dop_operator_3.py
[2024-11-11T19:51:19.798+0000] {logging_mixin.py:190} INFO - [2024-11-11T19:51:19.797+0000] {dag.py:3239} INFO - Sync 1 DAGs
[2024-11-11T19:51:19.876+0000] {logging_mixin.py:190} INFO - [2024-11-11T19:51:19.875+0000] {dag.py:4180} INFO - Setting next_dagrun for example_branch_dop_operator_v3 to 2024-11-11 19:50:00+00:00, run_after=2024-11-11 19:51:00+00:00
[2024-11-11T19:51:19.925+0000] {processor.py:208} INFO - Processing /home/airflow/.local/lib/python3.12/site-packages/airflow/example_dags/example_branch_python_dop_operator_3.py took 0.256 seconds
[2024-11-11T19:51:50.323+0000] {processor.py:186} INFO - Started process (PID=5950) to work on /home/airflow/.local/lib/python3.12/site-packages/airflow/example_dags/example_branch_python_dop_operator_3.py
[2024-11-11T19:51:50.327+0000] {processor.py:914} INFO - Processing file /home/airflow/.local/lib/python3.12/site-packages/airflow/example_dags/example_branch_python_dop_operator_3.py for tasks to queue
[2024-11-11T19:51:50.337+0000] {logging_mixin.py:190} INFO - [2024-11-11T19:51:50.336+0000] {dagbag.py:588} INFO - Filling up the DagBag from /home/airflow/.local/lib/python3.12/site-packages/airflow/example_dags/example_branch_python_dop_operator_3.py
[2024-11-11T19:51:50.371+0000] {processor.py:925} INFO - DAG(s) 'example_branch_dop_operator_v3' retrieved from /home/airflow/.local/lib/python3.12/site-packages/airflow/example_dags/example_branch_python_dop_operator_3.py
[2024-11-11T19:51:50.405+0000] {logging_mixin.py:190} INFO - [2024-11-11T19:51:50.404+0000] {dag.py:3239} INFO - Sync 1 DAGs
[2024-11-11T19:51:50.454+0000] {logging_mixin.py:190} INFO - [2024-11-11T19:51:50.453+0000] {dag.py:4180} INFO - Setting next_dagrun for example_branch_dop_operator_v3 to 2024-11-11 19:50:00+00:00, run_after=2024-11-11 19:51:00+00:00
[2024-11-11T19:51:50.488+0000] {processor.py:208} INFO - Processing /home/airflow/.local/lib/python3.12/site-packages/airflow/example_dags/example_branch_python_dop_operator_3.py took 0.198 seconds
[2024-11-11T19:52:20.620+0000] {processor.py:186} INFO - Started process (PID=6241) to work on /home/airflow/.local/lib/python3.12/site-packages/airflow/example_dags/example_branch_python_dop_operator_3.py
[2024-11-11T19:52:20.622+0000] {processor.py:914} INFO - Processing file /home/airflow/.local/lib/python3.12/site-packages/airflow/example_dags/example_branch_python_dop_operator_3.py for tasks to queue
[2024-11-11T19:52:20.627+0000] {logging_mixin.py:190} INFO - [2024-11-11T19:52:20.626+0000] {dagbag.py:588} INFO - Filling up the DagBag from /home/airflow/.local/lib/python3.12/site-packages/airflow/example_dags/example_branch_python_dop_operator_3.py
[2024-11-11T19:52:20.652+0000] {processor.py:925} INFO - DAG(s) 'example_branch_dop_operator_v3' retrieved from /home/airflow/.local/lib/python3.12/site-packages/airflow/example_dags/example_branch_python_dop_operator_3.py
[2024-11-11T19:52:20.699+0000] {logging_mixin.py:190} INFO - [2024-11-11T19:52:20.698+0000] {dag.py:3239} INFO - Sync 1 DAGs
[2024-11-11T19:52:20.761+0000] {logging_mixin.py:190} INFO - [2024-11-11T19:52:20.761+0000] {dag.py:4180} INFO - Setting next_dagrun for example_branch_dop_operator_v3 to 2024-11-11 19:51:00+00:00, run_after=2024-11-11 19:52:00+00:00
[2024-11-11T19:52:20.805+0000] {processor.py:208} INFO - Processing /home/airflow/.local/lib/python3.12/site-packages/airflow/example_dags/example_branch_python_dop_operator_3.py took 0.200 seconds
[2024-11-11T19:52:51.705+0000] {processor.py:186} INFO - Started process (PID=6532) to work on /home/airflow/.local/lib/python3.12/site-packages/airflow/example_dags/example_branch_python_dop_operator_3.py
[2024-11-11T19:52:51.707+0000] {processor.py:914} INFO - Processing file /home/airflow/.local/lib/python3.12/site-packages/airflow/example_dags/example_branch_python_dop_operator_3.py for tasks to queue
[2024-11-11T19:52:51.711+0000] {logging_mixin.py:190} INFO - [2024-11-11T19:52:51.711+0000] {dagbag.py:588} INFO - Filling up the DagBag from /home/airflow/.local/lib/python3.12/site-packages/airflow/example_dags/example_branch_python_dop_operator_3.py
[2024-11-11T19:52:51.733+0000] {processor.py:925} INFO - DAG(s) 'example_branch_dop_operator_v3' retrieved from /home/airflow/.local/lib/python3.12/site-packages/airflow/example_dags/example_branch_python_dop_operator_3.py
[2024-11-11T19:52:51.798+0000] {logging_mixin.py:190} INFO - [2024-11-11T19:52:51.797+0000] {dag.py:3239} INFO - Sync 1 DAGs
[2024-11-11T19:52:51.872+0000] {logging_mixin.py:190} INFO - [2024-11-11T19:52:51.872+0000] {dag.py:4180} INFO - Setting next_dagrun for example_branch_dop_operator_v3 to 2024-11-11 19:51:00+00:00, run_after=2024-11-11 19:52:00+00:00
[2024-11-11T19:52:51.916+0000] {processor.py:208} INFO - Processing /home/airflow/.local/lib/python3.12/site-packages/airflow/example_dags/example_branch_python_dop_operator_3.py took 0.228 seconds
[2024-11-11T19:53:22.037+0000] {processor.py:186} INFO - Started process (PID=6818) to work on /home/airflow/.local/lib/python3.12/site-packages/airflow/example_dags/example_branch_python_dop_operator_3.py
[2024-11-11T19:53:22.038+0000] {processor.py:914} INFO - Processing file /home/airflow/.local/lib/python3.12/site-packages/airflow/example_dags/example_branch_python_dop_operator_3.py for tasks to queue
[2024-11-11T19:53:22.043+0000] {logging_mixin.py:190} INFO - [2024-11-11T19:53:22.042+0000] {dagbag.py:588} INFO - Filling up the DagBag from /home/airflow/.local/lib/python3.12/site-packages/airflow/example_dags/example_branch_python_dop_operator_3.py
[2024-11-11T19:53:22.080+0000] {processor.py:925} INFO - DAG(s) 'example_branch_dop_operator_v3' retrieved from /home/airflow/.local/lib/python3.12/site-packages/airflow/example_dags/example_branch_python_dop_operator_3.py
[2024-11-11T19:53:22.117+0000] {logging_mixin.py:190} INFO - [2024-11-11T19:53:22.116+0000] {dag.py:3239} INFO - Sync 1 DAGs
[2024-11-11T19:53:22.174+0000] {logging_mixin.py:190} INFO - [2024-11-11T19:53:22.173+0000] {dag.py:4180} INFO - Setting next_dagrun for example_branch_dop_operator_v3 to 2024-11-11 19:52:00+00:00, run_after=2024-11-11 19:53:00+00:00
[2024-11-11T19:53:22.212+0000] {processor.py:208} INFO - Processing /home/airflow/.local/lib/python3.12/site-packages/airflow/example_dags/example_branch_python_dop_operator_3.py took 0.188 seconds
[2024-11-11T19:53:52.352+0000] {processor.py:186} INFO - Started process (PID=7109) to work on /home/airflow/.local/lib/python3.12/site-packages/airflow/example_dags/example_branch_python_dop_operator_3.py
[2024-11-11T19:53:52.354+0000] {processor.py:914} INFO - Processing file /home/airflow/.local/lib/python3.12/site-packages/airflow/example_dags/example_branch_python_dop_operator_3.py for tasks to queue
[2024-11-11T19:53:52.357+0000] {logging_mixin.py:190} INFO - [2024-11-11T19:53:52.357+0000] {dagbag.py:588} INFO - Filling up the DagBag from /home/airflow/.local/lib/python3.12/site-packages/airflow/example_dags/example_branch_python_dop_operator_3.py
[2024-11-11T19:53:52.376+0000] {processor.py:925} INFO - DAG(s) 'example_branch_dop_operator_v3' retrieved from /home/airflow/.local/lib/python3.12/site-packages/airflow/example_dags/example_branch_python_dop_operator_3.py
[2024-11-11T19:53:52.411+0000] {logging_mixin.py:190} INFO - [2024-11-11T19:53:52.411+0000] {dag.py:3239} INFO - Sync 1 DAGs
[2024-11-11T19:53:52.460+0000] {logging_mixin.py:190} INFO - [2024-11-11T19:53:52.460+0000] {dag.py:4180} INFO - Setting next_dagrun for example_branch_dop_operator_v3 to 2024-11-11 19:52:00+00:00, run_after=2024-11-11 19:53:00+00:00
[2024-11-11T19:53:52.495+0000] {processor.py:208} INFO - Processing /home/airflow/.local/lib/python3.12/site-packages/airflow/example_dags/example_branch_python_dop_operator_3.py took 0.156 seconds
[2024-11-11T19:54:22.709+0000] {processor.py:186} INFO - Started process (PID=7400) to work on /home/airflow/.local/lib/python3.12/site-packages/airflow/example_dags/example_branch_python_dop_operator_3.py
[2024-11-11T19:54:22.712+0000] {processor.py:914} INFO - Processing file /home/airflow/.local/lib/python3.12/site-packages/airflow/example_dags/example_branch_python_dop_operator_3.py for tasks to queue
[2024-11-11T19:54:22.719+0000] {logging_mixin.py:190} INFO - [2024-11-11T19:54:22.718+0000] {dagbag.py:588} INFO - Filling up the DagBag from /home/airflow/.local/lib/python3.12/site-packages/airflow/example_dags/example_branch_python_dop_operator_3.py
[2024-11-11T19:54:22.753+0000] {processor.py:925} INFO - DAG(s) 'example_branch_dop_operator_v3' retrieved from /home/airflow/.local/lib/python3.12/site-packages/airflow/example_dags/example_branch_python_dop_operator_3.py
[2024-11-11T19:54:22.801+0000] {logging_mixin.py:190} INFO - [2024-11-11T19:54:22.800+0000] {dag.py:3239} INFO - Sync 1 DAGs
[2024-11-11T19:54:22.867+0000] {logging_mixin.py:190} INFO - [2024-11-11T19:54:22.867+0000] {dag.py:4180} INFO - Setting next_dagrun for example_branch_dop_operator_v3 to 2024-11-11 19:53:00+00:00, run_after=2024-11-11 19:54:00+00:00
[2024-11-11T19:54:22.929+0000] {processor.py:208} INFO - Processing /home/airflow/.local/lib/python3.12/site-packages/airflow/example_dags/example_branch_python_dop_operator_3.py took 0.242 seconds
[2024-11-11T19:54:53.516+0000] {processor.py:186} INFO - Started process (PID=7691) to work on /home/airflow/.local/lib/python3.12/site-packages/airflow/example_dags/example_branch_python_dop_operator_3.py
[2024-11-11T19:54:53.518+0000] {processor.py:914} INFO - Processing file /home/airflow/.local/lib/python3.12/site-packages/airflow/example_dags/example_branch_python_dop_operator_3.py for tasks to queue
[2024-11-11T19:54:53.523+0000] {logging_mixin.py:190} INFO - [2024-11-11T19:54:53.523+0000] {dagbag.py:588} INFO - Filling up the DagBag from /home/airflow/.local/lib/python3.12/site-packages/airflow/example_dags/example_branch_python_dop_operator_3.py
[2024-11-11T19:54:53.542+0000] {processor.py:925} INFO - DAG(s) 'example_branch_dop_operator_v3' retrieved from /home/airflow/.local/lib/python3.12/site-packages/airflow/example_dags/example_branch_python_dop_operator_3.py
[2024-11-11T19:54:53.586+0000] {logging_mixin.py:190} INFO - [2024-11-11T19:54:53.585+0000] {dag.py:3239} INFO - Sync 1 DAGs
[2024-11-11T19:54:53.637+0000] {logging_mixin.py:190} INFO - [2024-11-11T19:54:53.636+0000] {dag.py:4180} INFO - Setting next_dagrun for example_branch_dop_operator_v3 to 2024-11-11 19:53:00+00:00, run_after=2024-11-11 19:54:00+00:00
[2024-11-11T19:54:53.688+0000] {processor.py:208} INFO - Processing /home/airflow/.local/lib/python3.12/site-packages/airflow/example_dags/example_branch_python_dop_operator_3.py took 0.189 seconds
[2024-11-11T19:55:24.841+0000] {processor.py:186} INFO - Started process (PID=7983) to work on /home/airflow/.local/lib/python3.12/site-packages/airflow/example_dags/example_branch_python_dop_operator_3.py
[2024-11-11T19:55:24.843+0000] {processor.py:914} INFO - Processing file /home/airflow/.local/lib/python3.12/site-packages/airflow/example_dags/example_branch_python_dop_operator_3.py for tasks to queue
[2024-11-11T19:55:24.848+0000] {logging_mixin.py:190} INFO - [2024-11-11T19:55:24.847+0000] {dagbag.py:588} INFO - Filling up the DagBag from /home/airflow/.local/lib/python3.12/site-packages/airflow/example_dags/example_branch_python_dop_operator_3.py
[2024-11-11T19:55:24.876+0000] {processor.py:925} INFO - DAG(s) 'example_branch_dop_operator_v3' retrieved from /home/airflow/.local/lib/python3.12/site-packages/airflow/example_dags/example_branch_python_dop_operator_3.py
[2024-11-11T19:55:24.956+0000] {logging_mixin.py:190} INFO - [2024-11-11T19:55:24.955+0000] {dag.py:3239} INFO - Sync 1 DAGs
[2024-11-11T19:55:25.110+0000] {logging_mixin.py:190} INFO - [2024-11-11T19:55:25.109+0000] {dag.py:4180} INFO - Setting next_dagrun for example_branch_dop_operator_v3 to 2024-11-11 19:54:00+00:00, run_after=2024-11-11 19:55:00+00:00
[2024-11-11T19:55:25.194+0000] {processor.py:208} INFO - Processing /home/airflow/.local/lib/python3.12/site-packages/airflow/example_dags/example_branch_python_dop_operator_3.py took 0.364 seconds
[2024-11-11T19:55:56.215+0000] {processor.py:186} INFO - Started process (PID=8275) to work on /home/airflow/.local/lib/python3.12/site-packages/airflow/example_dags/example_branch_python_dop_operator_3.py
[2024-11-11T19:55:56.218+0000] {processor.py:914} INFO - Processing file /home/airflow/.local/lib/python3.12/site-packages/airflow/example_dags/example_branch_python_dop_operator_3.py for tasks to queue
[2024-11-11T19:55:56.225+0000] {logging_mixin.py:190} INFO - [2024-11-11T19:55:56.224+0000] {dagbag.py:588} INFO - Filling up the DagBag from /home/airflow/.local/lib/python3.12/site-packages/airflow/example_dags/example_branch_python_dop_operator_3.py
[2024-11-11T19:55:56.258+0000] {processor.py:925} INFO - DAG(s) 'example_branch_dop_operator_v3' retrieved from /home/airflow/.local/lib/python3.12/site-packages/airflow/example_dags/example_branch_python_dop_operator_3.py
[2024-11-11T19:55:56.303+0000] {logging_mixin.py:190} INFO - [2024-11-11T19:55:56.303+0000] {dag.py:3239} INFO - Sync 1 DAGs
[2024-11-11T19:55:56.356+0000] {logging_mixin.py:190} INFO - [2024-11-11T19:55:56.355+0000] {dag.py:4180} INFO - Setting next_dagrun for example_branch_dop_operator_v3 to 2024-11-11 19:54:00+00:00, run_after=2024-11-11 19:55:00+00:00
[2024-11-11T19:55:56.389+0000] {processor.py:208} INFO - Processing /home/airflow/.local/lib/python3.12/site-packages/airflow/example_dags/example_branch_python_dop_operator_3.py took 0.196 seconds
[2024-11-11T19:56:26.695+0000] {processor.py:186} INFO - Started process (PID=8562) to work on /home/airflow/.local/lib/python3.12/site-packages/airflow/example_dags/example_branch_python_dop_operator_3.py
[2024-11-11T19:56:26.699+0000] {processor.py:914} INFO - Processing file /home/airflow/.local/lib/python3.12/site-packages/airflow/example_dags/example_branch_python_dop_operator_3.py for tasks to queue
[2024-11-11T19:56:26.709+0000] {logging_mixin.py:190} INFO - [2024-11-11T19:56:26.707+0000] {dagbag.py:588} INFO - Filling up the DagBag from /home/airflow/.local/lib/python3.12/site-packages/airflow/example_dags/example_branch_python_dop_operator_3.py
[2024-11-11T19:56:26.772+0000] {processor.py:925} INFO - DAG(s) 'example_branch_dop_operator_v3' retrieved from /home/airflow/.local/lib/python3.12/site-packages/airflow/example_dags/example_branch_python_dop_operator_3.py
[2024-11-11T19:56:26.908+0000] {logging_mixin.py:190} INFO - [2024-11-11T19:56:26.907+0000] {dag.py:3239} INFO - Sync 1 DAGs
[2024-11-11T19:56:27.006+0000] {logging_mixin.py:190} INFO - [2024-11-11T19:56:27.005+0000] {dag.py:4180} INFO - Setting next_dagrun for example_branch_dop_operator_v3 to 2024-11-11 19:55:00+00:00, run_after=2024-11-11 19:56:00+00:00
[2024-11-11T19:56:27.063+0000] {processor.py:208} INFO - Processing /home/airflow/.local/lib/python3.12/site-packages/airflow/example_dags/example_branch_python_dop_operator_3.py took 0.397 seconds
[2024-11-11T19:56:57.604+0000] {processor.py:186} INFO - Started process (PID=8853) to work on /home/airflow/.local/lib/python3.12/site-packages/airflow/example_dags/example_branch_python_dop_operator_3.py
[2024-11-11T19:56:57.606+0000] {processor.py:914} INFO - Processing file /home/airflow/.local/lib/python3.12/site-packages/airflow/example_dags/example_branch_python_dop_operator_3.py for tasks to queue
[2024-11-11T19:56:57.611+0000] {logging_mixin.py:190} INFO - [2024-11-11T19:56:57.610+0000] {dagbag.py:588} INFO - Filling up the DagBag from /home/airflow/.local/lib/python3.12/site-packages/airflow/example_dags/example_branch_python_dop_operator_3.py
[2024-11-11T19:56:57.639+0000] {processor.py:925} INFO - DAG(s) 'example_branch_dop_operator_v3' retrieved from /home/airflow/.local/lib/python3.12/site-packages/airflow/example_dags/example_branch_python_dop_operator_3.py
[2024-11-11T19:56:57.685+0000] {logging_mixin.py:190} INFO - [2024-11-11T19:56:57.685+0000] {dag.py:3239} INFO - Sync 1 DAGs
[2024-11-11T19:56:57.775+0000] {logging_mixin.py:190} INFO - [2024-11-11T19:56:57.774+0000] {dag.py:4180} INFO - Setting next_dagrun for example_branch_dop_operator_v3 to 2024-11-11 19:55:00+00:00, run_after=2024-11-11 19:56:00+00:00
[2024-11-11T19:56:57.830+0000] {processor.py:208} INFO - Processing /home/airflow/.local/lib/python3.12/site-packages/airflow/example_dags/example_branch_python_dop_operator_3.py took 0.239 seconds
[2024-11-11T19:57:28.153+0000] {processor.py:186} INFO - Started process (PID=9144) to work on /home/airflow/.local/lib/python3.12/site-packages/airflow/example_dags/example_branch_python_dop_operator_3.py
[2024-11-11T19:57:28.157+0000] {processor.py:914} INFO - Processing file /home/airflow/.local/lib/python3.12/site-packages/airflow/example_dags/example_branch_python_dop_operator_3.py for tasks to queue
[2024-11-11T19:57:28.163+0000] {logging_mixin.py:190} INFO - [2024-11-11T19:57:28.162+0000] {dagbag.py:588} INFO - Filling up the DagBag from /home/airflow/.local/lib/python3.12/site-packages/airflow/example_dags/example_branch_python_dop_operator_3.py
[2024-11-11T19:57:28.191+0000] {processor.py:925} INFO - DAG(s) 'example_branch_dop_operator_v3' retrieved from /home/airflow/.local/lib/python3.12/site-packages/airflow/example_dags/example_branch_python_dop_operator_3.py
[2024-11-11T19:57:28.241+0000] {logging_mixin.py:190} INFO - [2024-11-11T19:57:28.240+0000] {dag.py:3239} INFO - Sync 1 DAGs
[2024-11-11T19:57:28.316+0000] {logging_mixin.py:190} INFO - [2024-11-11T19:57:28.315+0000] {dag.py:4180} INFO - Setting next_dagrun for example_branch_dop_operator_v3 to 2024-11-11 19:56:00+00:00, run_after=2024-11-11 19:57:00+00:00
[2024-11-11T19:57:28.384+0000] {processor.py:208} INFO - Processing /home/airflow/.local/lib/python3.12/site-packages/airflow/example_dags/example_branch_python_dop_operator_3.py took 0.248 seconds
[2024-11-11T19:57:59.128+0000] {processor.py:186} INFO - Started process (PID=9435) to work on /home/airflow/.local/lib/python3.12/site-packages/airflow/example_dags/example_branch_python_dop_operator_3.py
[2024-11-11T19:57:59.130+0000] {processor.py:914} INFO - Processing file /home/airflow/.local/lib/python3.12/site-packages/airflow/example_dags/example_branch_python_dop_operator_3.py for tasks to queue
[2024-11-11T19:57:59.133+0000] {logging_mixin.py:190} INFO - [2024-11-11T19:57:59.133+0000] {dagbag.py:588} INFO - Filling up the DagBag from /home/airflow/.local/lib/python3.12/site-packages/airflow/example_dags/example_branch_python_dop_operator_3.py
[2024-11-11T19:57:59.152+0000] {processor.py:925} INFO - DAG(s) 'example_branch_dop_operator_v3' retrieved from /home/airflow/.local/lib/python3.12/site-packages/airflow/example_dags/example_branch_python_dop_operator_3.py
[2024-11-11T19:57:59.184+0000] {logging_mixin.py:190} INFO - [2024-11-11T19:57:59.183+0000] {dag.py:3239} INFO - Sync 1 DAGs
[2024-11-11T19:57:59.236+0000] {logging_mixin.py:190} INFO - [2024-11-11T19:57:59.235+0000] {dag.py:4180} INFO - Setting next_dagrun for example_branch_dop_operator_v3 to 2024-11-11 19:56:00+00:00, run_after=2024-11-11 19:57:00+00:00
[2024-11-11T19:57:59.268+0000] {processor.py:208} INFO - Processing /home/airflow/.local/lib/python3.12/site-packages/airflow/example_dags/example_branch_python_dop_operator_3.py took 0.153 seconds
[2024-11-11T19:58:30.108+0000] {processor.py:186} INFO - Started process (PID=9726) to work on /home/airflow/.local/lib/python3.12/site-packages/airflow/example_dags/example_branch_python_dop_operator_3.py
[2024-11-11T19:58:30.111+0000] {processor.py:914} INFO - Processing file /home/airflow/.local/lib/python3.12/site-packages/airflow/example_dags/example_branch_python_dop_operator_3.py for tasks to queue
[2024-11-11T19:58:30.118+0000] {logging_mixin.py:190} INFO - [2024-11-11T19:58:30.116+0000] {dagbag.py:588} INFO - Filling up the DagBag from /home/airflow/.local/lib/python3.12/site-packages/airflow/example_dags/example_branch_python_dop_operator_3.py
[2024-11-11T19:58:30.144+0000] {processor.py:925} INFO - DAG(s) 'example_branch_dop_operator_v3' retrieved from /home/airflow/.local/lib/python3.12/site-packages/airflow/example_dags/example_branch_python_dop_operator_3.py
[2024-11-11T19:58:30.189+0000] {logging_mixin.py:190} INFO - [2024-11-11T19:58:30.188+0000] {dag.py:3239} INFO - Sync 1 DAGs
[2024-11-11T19:58:30.254+0000] {logging_mixin.py:190} INFO - [2024-11-11T19:58:30.253+0000] {dag.py:4180} INFO - Setting next_dagrun for example_branch_dop_operator_v3 to 2024-11-11 19:57:00+00:00, run_after=2024-11-11 19:58:00+00:00
[2024-11-11T19:58:30.303+0000] {processor.py:208} INFO - Processing /home/airflow/.local/lib/python3.12/site-packages/airflow/example_dags/example_branch_python_dop_operator_3.py took 0.215 seconds
[2024-11-11T19:59:00.594+0000] {processor.py:186} INFO - Started process (PID=10014) to work on /home/airflow/.local/lib/python3.12/site-packages/airflow/example_dags/example_branch_python_dop_operator_3.py
[2024-11-11T19:59:00.598+0000] {processor.py:914} INFO - Processing file /home/airflow/.local/lib/python3.12/site-packages/airflow/example_dags/example_branch_python_dop_operator_3.py for tasks to queue
[2024-11-11T19:59:00.606+0000] {logging_mixin.py:190} INFO - [2024-11-11T19:59:00.605+0000] {dagbag.py:588} INFO - Filling up the DagBag from /home/airflow/.local/lib/python3.12/site-packages/airflow/example_dags/example_branch_python_dop_operator_3.py
[2024-11-11T19:59:00.639+0000] {processor.py:925} INFO - DAG(s) 'example_branch_dop_operator_v3' retrieved from /home/airflow/.local/lib/python3.12/site-packages/airflow/example_dags/example_branch_python_dop_operator_3.py
[2024-11-11T19:59:00.675+0000] {logging_mixin.py:190} INFO - [2024-11-11T19:59:00.675+0000] {dag.py:3239} INFO - Sync 1 DAGs
[2024-11-11T19:59:00.720+0000] {logging_mixin.py:190} INFO - [2024-11-11T19:59:00.720+0000] {dag.py:4180} INFO - Setting next_dagrun for example_branch_dop_operator_v3 to 2024-11-11 19:58:00+00:00, run_after=2024-11-11 19:59:00+00:00
[2024-11-11T19:59:00.763+0000] {processor.py:208} INFO - Processing /home/airflow/.local/lib/python3.12/site-packages/airflow/example_dags/example_branch_python_dop_operator_3.py took 0.195 seconds
[2024-11-11T19:59:31.366+0000] {processor.py:186} INFO - Started process (PID=10305) to work on /home/airflow/.local/lib/python3.12/site-packages/airflow/example_dags/example_branch_python_dop_operator_3.py
[2024-11-11T19:59:31.369+0000] {processor.py:914} INFO - Processing file /home/airflow/.local/lib/python3.12/site-packages/airflow/example_dags/example_branch_python_dop_operator_3.py for tasks to queue
[2024-11-11T19:59:31.376+0000] {logging_mixin.py:190} INFO - [2024-11-11T19:59:31.375+0000] {dagbag.py:588} INFO - Filling up the DagBag from /home/airflow/.local/lib/python3.12/site-packages/airflow/example_dags/example_branch_python_dop_operator_3.py
[2024-11-11T19:59:31.407+0000] {processor.py:925} INFO - DAG(s) 'example_branch_dop_operator_v3' retrieved from /home/airflow/.local/lib/python3.12/site-packages/airflow/example_dags/example_branch_python_dop_operator_3.py
[2024-11-11T19:59:31.480+0000] {logging_mixin.py:190} INFO - [2024-11-11T19:59:31.479+0000] {dag.py:3239} INFO - Sync 1 DAGs
[2024-11-11T19:59:31.588+0000] {logging_mixin.py:190} INFO - [2024-11-11T19:59:31.587+0000] {dag.py:4180} INFO - Setting next_dagrun for example_branch_dop_operator_v3 to 2024-11-11 19:58:00+00:00, run_after=2024-11-11 19:59:00+00:00
[2024-11-11T19:59:31.642+0000] {processor.py:208} INFO - Processing /home/airflow/.local/lib/python3.12/site-packages/airflow/example_dags/example_branch_python_dop_operator_3.py took 0.299 seconds
[2024-11-11T20:00:01.922+0000] {processor.py:186} INFO - Started process (PID=10594) to work on /home/airflow/.local/lib/python3.12/site-packages/airflow/example_dags/example_branch_python_dop_operator_3.py
[2024-11-11T20:00:01.925+0000] {processor.py:914} INFO - Processing file /home/airflow/.local/lib/python3.12/site-packages/airflow/example_dags/example_branch_python_dop_operator_3.py for tasks to queue
[2024-11-11T20:00:01.930+0000] {logging_mixin.py:190} INFO - [2024-11-11T20:00:01.929+0000] {dagbag.py:588} INFO - Filling up the DagBag from /home/airflow/.local/lib/python3.12/site-packages/airflow/example_dags/example_branch_python_dop_operator_3.py
[2024-11-11T20:00:01.954+0000] {processor.py:925} INFO - DAG(s) 'example_branch_dop_operator_v3' retrieved from /home/airflow/.local/lib/python3.12/site-packages/airflow/example_dags/example_branch_python_dop_operator_3.py
[2024-11-11T20:00:01.987+0000] {logging_mixin.py:190} INFO - [2024-11-11T20:00:01.987+0000] {dag.py:3239} INFO - Sync 1 DAGs
[2024-11-11T20:00:02.035+0000] {logging_mixin.py:190} INFO - [2024-11-11T20:00:02.034+0000] {dag.py:4180} INFO - Setting next_dagrun for example_branch_dop_operator_v3 to 2024-11-11 19:59:00+00:00, run_after=2024-11-11 20:00:00+00:00
[2024-11-11T20:00:02.077+0000] {processor.py:208} INFO - Processing /home/airflow/.local/lib/python3.12/site-packages/airflow/example_dags/example_branch_python_dop_operator_3.py took 0.168 seconds
[2024-11-11T20:00:32.802+0000] {processor.py:186} INFO - Started process (PID=10880) to work on /home/airflow/.local/lib/python3.12/site-packages/airflow/example_dags/example_branch_python_dop_operator_3.py
[2024-11-11T20:00:32.804+0000] {processor.py:914} INFO - Processing file /home/airflow/.local/lib/python3.12/site-packages/airflow/example_dags/example_branch_python_dop_operator_3.py for tasks to queue
[2024-11-11T20:00:32.807+0000] {logging_mixin.py:190} INFO - [2024-11-11T20:00:32.806+0000] {dagbag.py:588} INFO - Filling up the DagBag from /home/airflow/.local/lib/python3.12/site-packages/airflow/example_dags/example_branch_python_dop_operator_3.py
[2024-11-11T20:00:32.824+0000] {processor.py:925} INFO - DAG(s) 'example_branch_dop_operator_v3' retrieved from /home/airflow/.local/lib/python3.12/site-packages/airflow/example_dags/example_branch_python_dop_operator_3.py
[2024-11-11T20:00:32.856+0000] {logging_mixin.py:190} INFO - [2024-11-11T20:00:32.856+0000] {dag.py:3239} INFO - Sync 1 DAGs
[2024-11-11T20:00:32.909+0000] {logging_mixin.py:190} INFO - [2024-11-11T20:00:32.908+0000] {dag.py:4180} INFO - Setting next_dagrun for example_branch_dop_operator_v3 to 2024-11-11 19:59:00+00:00, run_after=2024-11-11 20:00:00+00:00
[2024-11-11T20:00:32.947+0000] {processor.py:208} INFO - Processing /home/airflow/.local/lib/python3.12/site-packages/airflow/example_dags/example_branch_python_dop_operator_3.py took 0.155 seconds
[2024-11-11T20:01:03.924+0000] {processor.py:186} INFO - Started process (PID=11171) to work on /home/airflow/.local/lib/python3.12/site-packages/airflow/example_dags/example_branch_python_dop_operator_3.py
[2024-11-11T20:01:03.927+0000] {processor.py:914} INFO - Processing file /home/airflow/.local/lib/python3.12/site-packages/airflow/example_dags/example_branch_python_dop_operator_3.py for tasks to queue
[2024-11-11T20:01:03.934+0000] {logging_mixin.py:190} INFO - [2024-11-11T20:01:03.933+0000] {dagbag.py:588} INFO - Filling up the DagBag from /home/airflow/.local/lib/python3.12/site-packages/airflow/example_dags/example_branch_python_dop_operator_3.py
[2024-11-11T20:01:03.958+0000] {processor.py:925} INFO - DAG(s) 'example_branch_dop_operator_v3' retrieved from /home/airflow/.local/lib/python3.12/site-packages/airflow/example_dags/example_branch_python_dop_operator_3.py
[2024-11-11T20:01:03.999+0000] {logging_mixin.py:190} INFO - [2024-11-11T20:01:03.998+0000] {dag.py:3239} INFO - Sync 1 DAGs
[2024-11-11T20:01:04.052+0000] {logging_mixin.py:190} INFO - [2024-11-11T20:01:04.052+0000] {dag.py:4180} INFO - Setting next_dagrun for example_branch_dop_operator_v3 to 2024-11-11 20:00:00+00:00, run_after=2024-11-11 20:01:00+00:00
[2024-11-11T20:01:04.084+0000] {processor.py:208} INFO - Processing /home/airflow/.local/lib/python3.12/site-packages/airflow/example_dags/example_branch_python_dop_operator_3.py took 0.181 seconds
[2024-11-11T20:01:34.826+0000] {processor.py:186} INFO - Started process (PID=11462) to work on /home/airflow/.local/lib/python3.12/site-packages/airflow/example_dags/example_branch_python_dop_operator_3.py
[2024-11-11T20:01:34.831+0000] {processor.py:914} INFO - Processing file /home/airflow/.local/lib/python3.12/site-packages/airflow/example_dags/example_branch_python_dop_operator_3.py for tasks to queue
[2024-11-11T20:01:34.845+0000] {logging_mixin.py:190} INFO - [2024-11-11T20:01:34.843+0000] {dagbag.py:588} INFO - Filling up the DagBag from /home/airflow/.local/lib/python3.12/site-packages/airflow/example_dags/example_branch_python_dop_operator_3.py
[2024-11-11T20:01:34.919+0000] {processor.py:925} INFO - DAG(s) 'example_branch_dop_operator_v3' retrieved from /home/airflow/.local/lib/python3.12/site-packages/airflow/example_dags/example_branch_python_dop_operator_3.py
[2024-11-11T20:01:34.976+0000] {logging_mixin.py:190} INFO - [2024-11-11T20:01:34.976+0000] {dag.py:3239} INFO - Sync 1 DAGs
[2024-11-11T20:01:35.057+0000] {logging_mixin.py:190} INFO - [2024-11-11T20:01:35.056+0000] {dag.py:4180} INFO - Setting next_dagrun for example_branch_dop_operator_v3 to 2024-11-11 20:00:00+00:00, run_after=2024-11-11 20:01:00+00:00
[2024-11-11T20:01:35.099+0000] {processor.py:208} INFO - Processing /home/airflow/.local/lib/python3.12/site-packages/airflow/example_dags/example_branch_python_dop_operator_3.py took 0.310 seconds
[2024-11-11T20:02:05.473+0000] {processor.py:186} INFO - Started process (PID=11754) to work on /home/airflow/.local/lib/python3.12/site-packages/airflow/example_dags/example_branch_python_dop_operator_3.py
[2024-11-11T20:02:05.476+0000] {processor.py:914} INFO - Processing file /home/airflow/.local/lib/python3.12/site-packages/airflow/example_dags/example_branch_python_dop_operator_3.py for tasks to queue
[2024-11-11T20:02:05.482+0000] {logging_mixin.py:190} INFO - [2024-11-11T20:02:05.481+0000] {dagbag.py:588} INFO - Filling up the DagBag from /home/airflow/.local/lib/python3.12/site-packages/airflow/example_dags/example_branch_python_dop_operator_3.py
[2024-11-11T20:02:05.517+0000] {processor.py:925} INFO - DAG(s) 'example_branch_dop_operator_v3' retrieved from /home/airflow/.local/lib/python3.12/site-packages/airflow/example_dags/example_branch_python_dop_operator_3.py
[2024-11-11T20:02:05.567+0000] {logging_mixin.py:190} INFO - [2024-11-11T20:02:05.567+0000] {dag.py:3239} INFO - Sync 1 DAGs
[2024-11-11T20:02:05.649+0000] {logging_mixin.py:190} INFO - [2024-11-11T20:02:05.649+0000] {dag.py:4180} INFO - Setting next_dagrun for example_branch_dop_operator_v3 to 2024-11-11 20:01:00+00:00, run_after=2024-11-11 20:02:00+00:00
[2024-11-11T20:02:05.712+0000] {processor.py:208} INFO - Processing /home/airflow/.local/lib/python3.12/site-packages/airflow/example_dags/example_branch_python_dop_operator_3.py took 0.259 seconds
[2024-11-11T20:02:36.795+0000] {processor.py:186} INFO - Started process (PID=12045) to work on /home/airflow/.local/lib/python3.12/site-packages/airflow/example_dags/example_branch_python_dop_operator_3.py
[2024-11-11T20:02:36.798+0000] {processor.py:914} INFO - Processing file /home/airflow/.local/lib/python3.12/site-packages/airflow/example_dags/example_branch_python_dop_operator_3.py for tasks to queue
[2024-11-11T20:02:36.804+0000] {logging_mixin.py:190} INFO - [2024-11-11T20:02:36.803+0000] {dagbag.py:588} INFO - Filling up the DagBag from /home/airflow/.local/lib/python3.12/site-packages/airflow/example_dags/example_branch_python_dop_operator_3.py
[2024-11-11T20:02:36.836+0000] {processor.py:925} INFO - DAG(s) 'example_branch_dop_operator_v3' retrieved from /home/airflow/.local/lib/python3.12/site-packages/airflow/example_dags/example_branch_python_dop_operator_3.py
[2024-11-11T20:02:36.890+0000] {logging_mixin.py:190} INFO - [2024-11-11T20:02:36.889+0000] {dag.py:3239} INFO - Sync 1 DAGs
[2024-11-11T20:02:36.940+0000] {logging_mixin.py:190} INFO - [2024-11-11T20:02:36.939+0000] {dag.py:4180} INFO - Setting next_dagrun for example_branch_dop_operator_v3 to 2024-11-11 20:01:00+00:00, run_after=2024-11-11 20:02:00+00:00
[2024-11-11T20:02:36.970+0000] {processor.py:208} INFO - Processing /home/airflow/.local/lib/python3.12/site-packages/airflow/example_dags/example_branch_python_dop_operator_3.py took 0.196 seconds
