[2024-11-11T19:41:45.863+0000] {processor.py:186} INFO - Started process (PID=442) to work on /home/airflow/.local/lib/python3.12/site-packages/airflow/example_dags/example_display_name.py
[2024-11-11T19:41:45.865+0000] {processor.py:914} INFO - Processing file /home/airflow/.local/lib/python3.12/site-packages/airflow/example_dags/example_display_name.py for tasks to queue
[2024-11-11T19:41:45.870+0000] {logging_mixin.py:190} INFO - [2024-11-11T19:41:45.869+0000] {dagbag.py:588} INFO - Filling up the DagBag from /home/airflow/.local/lib/python3.12/site-packages/airflow/example_dags/example_display_name.py
[2024-11-11T19:41:45.887+0000] {processor.py:925} INFO - DAG(s) 'example_display_name' retrieved from /home/airflow/.local/lib/python3.12/site-packages/airflow/example_dags/example_display_name.py
[2024-11-11T19:41:46.077+0000] {logging_mixin.py:190} INFO - [2024-11-11T19:41:46.076+0000] {override.py:1911} INFO - Created Permission View: can delete on DAG:example_display_name
[2024-11-11T19:41:46.094+0000] {logging_mixin.py:190} INFO - [2024-11-11T19:41:46.094+0000] {override.py:1911} INFO - Created Permission View: can read on DAG:example_display_name
[2024-11-11T19:41:46.107+0000] {logging_mixin.py:190} INFO - [2024-11-11T19:41:46.107+0000] {override.py:1911} INFO - Created Permission View: can edit on DAG:example_display_name
[2024-11-11T19:41:46.124+0000] {logging_mixin.py:190} INFO - [2024-11-11T19:41:46.124+0000] {override.py:1911} INFO - Created Permission View: can delete on DAG Run:example_display_name
[2024-11-11T19:41:46.142+0000] {logging_mixin.py:190} INFO - [2024-11-11T19:41:46.141+0000] {override.py:1911} INFO - Created Permission View: can create on DAG Run:example_display_name
[2024-11-11T19:41:46.159+0000] {logging_mixin.py:190} INFO - [2024-11-11T19:41:46.159+0000] {override.py:1911} INFO - Created Permission View: menu access on DAG Run:example_display_name
[2024-11-11T19:41:46.177+0000] {logging_mixin.py:190} INFO - [2024-11-11T19:41:46.177+0000] {override.py:1911} INFO - Created Permission View: can read on DAG Run:example_display_name
[2024-11-11T19:41:46.178+0000] {logging_mixin.py:190} INFO - [2024-11-11T19:41:46.178+0000] {dag.py:3239} INFO - Sync 1 DAGs
[2024-11-11T19:41:46.216+0000] {logging_mixin.py:190} INFO - [2024-11-11T19:41:46.216+0000] {dag.py:3262} INFO - Creating ORM DAG for example_display_name
[2024-11-11T19:41:46.218+0000] {logging_mixin.py:190} INFO - [2024-11-11T19:41:46.217+0000] {dag.py:4180} INFO - Setting next_dagrun for example_display_name to None, run_after=None
[2024-11-11T19:41:46.250+0000] {processor.py:208} INFO - Processing /home/airflow/.local/lib/python3.12/site-packages/airflow/example_dags/example_display_name.py took 0.398 seconds
[2024-11-11T19:42:16.896+0000] {processor.py:186} INFO - Started process (PID=733) to work on /home/airflow/.local/lib/python3.12/site-packages/airflow/example_dags/example_display_name.py
[2024-11-11T19:42:16.897+0000] {processor.py:914} INFO - Processing file /home/airflow/.local/lib/python3.12/site-packages/airflow/example_dags/example_display_name.py for tasks to queue
[2024-11-11T19:42:16.901+0000] {logging_mixin.py:190} INFO - [2024-11-11T19:42:16.900+0000] {dagbag.py:588} INFO - Filling up the DagBag from /home/airflow/.local/lib/python3.12/site-packages/airflow/example_dags/example_display_name.py
[2024-11-11T19:42:16.912+0000] {processor.py:925} INFO - DAG(s) 'example_display_name' retrieved from /home/airflow/.local/lib/python3.12/site-packages/airflow/example_dags/example_display_name.py
[2024-11-11T19:42:16.950+0000] {logging_mixin.py:190} INFO - [2024-11-11T19:42:16.949+0000] {dag.py:3239} INFO - Sync 1 DAGs
[2024-11-11T19:42:16.993+0000] {logging_mixin.py:190} INFO - [2024-11-11T19:42:16.992+0000] {dag.py:4180} INFO - Setting next_dagrun for example_display_name to None, run_after=None
[2024-11-11T19:42:17.035+0000] {processor.py:208} INFO - Processing /home/airflow/.local/lib/python3.12/site-packages/airflow/example_dags/example_display_name.py took 0.150 seconds
[2024-11-11T19:42:47.830+0000] {processor.py:186} INFO - Started process (PID=1025) to work on /home/airflow/.local/lib/python3.12/site-packages/airflow/example_dags/example_display_name.py
[2024-11-11T19:42:47.833+0000] {processor.py:914} INFO - Processing file /home/airflow/.local/lib/python3.12/site-packages/airflow/example_dags/example_display_name.py for tasks to queue
[2024-11-11T19:42:47.838+0000] {logging_mixin.py:190} INFO - [2024-11-11T19:42:47.837+0000] {dagbag.py:588} INFO - Filling up the DagBag from /home/airflow/.local/lib/python3.12/site-packages/airflow/example_dags/example_display_name.py
[2024-11-11T19:42:47.857+0000] {processor.py:925} INFO - DAG(s) 'example_display_name' retrieved from /home/airflow/.local/lib/python3.12/site-packages/airflow/example_dags/example_display_name.py
[2024-11-11T19:42:47.911+0000] {logging_mixin.py:190} INFO - [2024-11-11T19:42:47.910+0000] {dag.py:3239} INFO - Sync 1 DAGs
[2024-11-11T19:42:47.951+0000] {logging_mixin.py:190} INFO - [2024-11-11T19:42:47.950+0000] {dag.py:4180} INFO - Setting next_dagrun for example_display_name to None, run_after=None
[2024-11-11T19:42:48.006+0000] {processor.py:208} INFO - Processing /home/airflow/.local/lib/python3.12/site-packages/airflow/example_dags/example_display_name.py took 0.195 seconds
[2024-11-11T19:43:19.753+0000] {processor.py:186} INFO - Started process (PID=1311) to work on /home/airflow/.local/lib/python3.12/site-packages/airflow/example_dags/example_display_name.py
[2024-11-11T19:43:19.754+0000] {processor.py:914} INFO - Processing file /home/airflow/.local/lib/python3.12/site-packages/airflow/example_dags/example_display_name.py for tasks to queue
[2024-11-11T19:43:19.758+0000] {logging_mixin.py:190} INFO - [2024-11-11T19:43:19.757+0000] {dagbag.py:588} INFO - Filling up the DagBag from /home/airflow/.local/lib/python3.12/site-packages/airflow/example_dags/example_display_name.py
[2024-11-11T19:43:19.772+0000] {processor.py:925} INFO - DAG(s) 'example_display_name' retrieved from /home/airflow/.local/lib/python3.12/site-packages/airflow/example_dags/example_display_name.py
[2024-11-11T19:43:20.494+0000] {logging_mixin.py:190} INFO - [2024-11-11T19:43:20.493+0000] {dag.py:3239} INFO - Sync 1 DAGs
[2024-11-11T19:43:20.526+0000] {logging_mixin.py:190} INFO - [2024-11-11T19:43:20.526+0000] {dag.py:4180} INFO - Setting next_dagrun for example_display_name to None, run_after=None
[2024-11-11T19:43:20.561+0000] {processor.py:208} INFO - Processing /home/airflow/.local/lib/python3.12/site-packages/airflow/example_dags/example_display_name.py took 0.139 seconds
[2024-11-11T19:43:51.179+0000] {processor.py:186} INFO - Started process (PID=1602) to work on /home/airflow/.local/lib/python3.12/site-packages/airflow/example_dags/example_display_name.py
[2024-11-11T19:43:51.180+0000] {processor.py:914} INFO - Processing file /home/airflow/.local/lib/python3.12/site-packages/airflow/example_dags/example_display_name.py for tasks to queue
[2024-11-11T19:43:51.185+0000] {logging_mixin.py:190} INFO - [2024-11-11T19:43:51.184+0000] {dagbag.py:588} INFO - Filling up the DagBag from /home/airflow/.local/lib/python3.12/site-packages/airflow/example_dags/example_display_name.py
[2024-11-11T19:43:51.200+0000] {processor.py:925} INFO - DAG(s) 'example_display_name' retrieved from /home/airflow/.local/lib/python3.12/site-packages/airflow/example_dags/example_display_name.py
[2024-11-11T19:43:51.251+0000] {logging_mixin.py:190} INFO - [2024-11-11T19:43:51.250+0000] {dag.py:3239} INFO - Sync 1 DAGs
[2024-11-11T19:43:51.280+0000] {logging_mixin.py:190} INFO - [2024-11-11T19:43:51.279+0000] {dag.py:4180} INFO - Setting next_dagrun for example_display_name to None, run_after=None
[2024-11-11T19:43:51.313+0000] {processor.py:208} INFO - Processing /home/airflow/.local/lib/python3.12/site-packages/airflow/example_dags/example_display_name.py took 0.145 seconds
[2024-11-11T19:44:24.803+0000] {processor.py:186} INFO - Started process (PID=1898) to work on /home/airflow/.local/lib/python3.12/site-packages/airflow/example_dags/example_display_name.py
[2024-11-11T19:44:24.804+0000] {processor.py:914} INFO - Processing file /home/airflow/.local/lib/python3.12/site-packages/airflow/example_dags/example_display_name.py for tasks to queue
[2024-11-11T19:44:24.808+0000] {logging_mixin.py:190} INFO - [2024-11-11T19:44:24.807+0000] {dagbag.py:588} INFO - Filling up the DagBag from /home/airflow/.local/lib/python3.12/site-packages/airflow/example_dags/example_display_name.py
[2024-11-11T19:44:24.819+0000] {processor.py:925} INFO - DAG(s) 'example_display_name' retrieved from /home/airflow/.local/lib/python3.12/site-packages/airflow/example_dags/example_display_name.py
[2024-11-11T19:44:24.850+0000] {logging_mixin.py:190} INFO - [2024-11-11T19:44:24.850+0000] {dag.py:3239} INFO - Sync 1 DAGs
[2024-11-11T19:44:24.874+0000] {logging_mixin.py:190} INFO - [2024-11-11T19:44:24.874+0000] {dag.py:4180} INFO - Setting next_dagrun for example_display_name to None, run_after=None
[2024-11-11T19:44:24.905+0000] {processor.py:208} INFO - Processing /home/airflow/.local/lib/python3.12/site-packages/airflow/example_dags/example_display_name.py took 0.114 seconds
[2024-11-11T19:44:56.288+0000] {processor.py:186} INFO - Started process (PID=2189) to work on /home/airflow/.local/lib/python3.12/site-packages/airflow/example_dags/example_display_name.py
[2024-11-11T19:44:56.291+0000] {processor.py:914} INFO - Processing file /home/airflow/.local/lib/python3.12/site-packages/airflow/example_dags/example_display_name.py for tasks to queue
[2024-11-11T19:44:56.298+0000] {logging_mixin.py:190} INFO - [2024-11-11T19:44:56.297+0000] {dagbag.py:588} INFO - Filling up the DagBag from /home/airflow/.local/lib/python3.12/site-packages/airflow/example_dags/example_display_name.py
[2024-11-11T19:44:56.318+0000] {processor.py:925} INFO - DAG(s) 'example_display_name' retrieved from /home/airflow/.local/lib/python3.12/site-packages/airflow/example_dags/example_display_name.py
[2024-11-11T19:44:56.354+0000] {logging_mixin.py:190} INFO - [2024-11-11T19:44:56.353+0000] {dag.py:3239} INFO - Sync 1 DAGs
[2024-11-11T19:44:56.380+0000] {logging_mixin.py:190} INFO - [2024-11-11T19:44:56.379+0000] {dag.py:4180} INFO - Setting next_dagrun for example_display_name to None, run_after=None
[2024-11-11T19:44:56.413+0000] {processor.py:208} INFO - Processing /home/airflow/.local/lib/python3.12/site-packages/airflow/example_dags/example_display_name.py took 0.140 seconds
[2024-11-11T19:45:27.132+0000] {processor.py:186} INFO - Started process (PID=2475) to work on /home/airflow/.local/lib/python3.12/site-packages/airflow/example_dags/example_display_name.py
[2024-11-11T19:45:27.134+0000] {processor.py:914} INFO - Processing file /home/airflow/.local/lib/python3.12/site-packages/airflow/example_dags/example_display_name.py for tasks to queue
[2024-11-11T19:45:27.140+0000] {logging_mixin.py:190} INFO - [2024-11-11T19:45:27.139+0000] {dagbag.py:588} INFO - Filling up the DagBag from /home/airflow/.local/lib/python3.12/site-packages/airflow/example_dags/example_display_name.py
[2024-11-11T19:45:27.164+0000] {processor.py:925} INFO - DAG(s) 'example_display_name' retrieved from /home/airflow/.local/lib/python3.12/site-packages/airflow/example_dags/example_display_name.py
[2024-11-11T19:45:27.217+0000] {logging_mixin.py:190} INFO - [2024-11-11T19:45:27.217+0000] {dag.py:3239} INFO - Sync 1 DAGs
[2024-11-11T19:45:27.264+0000] {logging_mixin.py:190} INFO - [2024-11-11T19:45:27.264+0000] {dag.py:4180} INFO - Setting next_dagrun for example_display_name to None, run_after=None
[2024-11-11T19:45:27.328+0000] {processor.py:208} INFO - Processing /home/airflow/.local/lib/python3.12/site-packages/airflow/example_dags/example_display_name.py took 0.211 seconds
[2024-11-11T19:46:02.163+0000] {processor.py:186} INFO - Started process (PID=2771) to work on /home/airflow/.local/lib/python3.12/site-packages/airflow/example_dags/example_display_name.py
[2024-11-11T19:46:02.165+0000] {processor.py:914} INFO - Processing file /home/airflow/.local/lib/python3.12/site-packages/airflow/example_dags/example_display_name.py for tasks to queue
[2024-11-11T19:46:02.169+0000] {logging_mixin.py:190} INFO - [2024-11-11T19:46:02.169+0000] {dagbag.py:588} INFO - Filling up the DagBag from /home/airflow/.local/lib/python3.12/site-packages/airflow/example_dags/example_display_name.py
[2024-11-11T19:46:02.188+0000] {processor.py:925} INFO - DAG(s) 'example_display_name' retrieved from /home/airflow/.local/lib/python3.12/site-packages/airflow/example_dags/example_display_name.py
[2024-11-11T19:46:02.224+0000] {logging_mixin.py:190} INFO - [2024-11-11T19:46:02.223+0000] {dag.py:3239} INFO - Sync 1 DAGs
[2024-11-11T19:46:02.255+0000] {logging_mixin.py:190} INFO - [2024-11-11T19:46:02.255+0000] {dag.py:4180} INFO - Setting next_dagrun for example_display_name to None, run_after=None
[2024-11-11T19:46:02.296+0000] {processor.py:208} INFO - Processing /home/airflow/.local/lib/python3.12/site-packages/airflow/example_dags/example_display_name.py took 0.149 seconds
[2024-11-11T19:46:33.101+0000] {processor.py:186} INFO - Started process (PID=3062) to work on /home/airflow/.local/lib/python3.12/site-packages/airflow/example_dags/example_display_name.py
[2024-11-11T19:46:33.104+0000] {processor.py:914} INFO - Processing file /home/airflow/.local/lib/python3.12/site-packages/airflow/example_dags/example_display_name.py for tasks to queue
[2024-11-11T19:46:33.109+0000] {logging_mixin.py:190} INFO - [2024-11-11T19:46:33.108+0000] {dagbag.py:588} INFO - Filling up the DagBag from /home/airflow/.local/lib/python3.12/site-packages/airflow/example_dags/example_display_name.py
[2024-11-11T19:46:33.128+0000] {processor.py:925} INFO - DAG(s) 'example_display_name' retrieved from /home/airflow/.local/lib/python3.12/site-packages/airflow/example_dags/example_display_name.py
[2024-11-11T19:46:33.168+0000] {logging_mixin.py:190} INFO - [2024-11-11T19:46:33.167+0000] {dag.py:3239} INFO - Sync 1 DAGs
[2024-11-11T19:46:33.193+0000] {logging_mixin.py:190} INFO - [2024-11-11T19:46:33.193+0000] {dag.py:4180} INFO - Setting next_dagrun for example_display_name to None, run_after=None
[2024-11-11T19:46:33.235+0000] {processor.py:208} INFO - Processing /home/airflow/.local/lib/python3.12/site-packages/airflow/example_dags/example_display_name.py took 0.149 seconds
[2024-11-11T19:47:08.139+0000] {processor.py:186} INFO - Started process (PID=3363) to work on /home/airflow/.local/lib/python3.12/site-packages/airflow/example_dags/example_display_name.py
[2024-11-11T19:47:08.141+0000] {processor.py:914} INFO - Processing file /home/airflow/.local/lib/python3.12/site-packages/airflow/example_dags/example_display_name.py for tasks to queue
[2024-11-11T19:47:08.145+0000] {logging_mixin.py:190} INFO - [2024-11-11T19:47:08.145+0000] {dagbag.py:588} INFO - Filling up the DagBag from /home/airflow/.local/lib/python3.12/site-packages/airflow/example_dags/example_display_name.py
[2024-11-11T19:47:08.165+0000] {processor.py:925} INFO - DAG(s) 'example_display_name' retrieved from /home/airflow/.local/lib/python3.12/site-packages/airflow/example_dags/example_display_name.py
[2024-11-11T19:47:08.226+0000] {logging_mixin.py:190} INFO - [2024-11-11T19:47:08.225+0000] {dag.py:3239} INFO - Sync 1 DAGs
[2024-11-11T19:47:08.267+0000] {logging_mixin.py:190} INFO - [2024-11-11T19:47:08.267+0000] {dag.py:4180} INFO - Setting next_dagrun for example_display_name to None, run_after=None
[2024-11-11T19:47:08.315+0000] {processor.py:208} INFO - Processing /home/airflow/.local/lib/python3.12/site-packages/airflow/example_dags/example_display_name.py took 0.206 seconds
[2024-11-11T19:47:39.367+0000] {processor.py:186} INFO - Started process (PID=3655) to work on /home/airflow/.local/lib/python3.12/site-packages/airflow/example_dags/example_display_name.py
[2024-11-11T19:47:39.369+0000] {processor.py:914} INFO - Processing file /home/airflow/.local/lib/python3.12/site-packages/airflow/example_dags/example_display_name.py for tasks to queue
[2024-11-11T19:47:39.374+0000] {logging_mixin.py:190} INFO - [2024-11-11T19:47:39.374+0000] {dagbag.py:588} INFO - Filling up the DagBag from /home/airflow/.local/lib/python3.12/site-packages/airflow/example_dags/example_display_name.py
[2024-11-11T19:47:39.390+0000] {processor.py:925} INFO - DAG(s) 'example_display_name' retrieved from /home/airflow/.local/lib/python3.12/site-packages/airflow/example_dags/example_display_name.py
[2024-11-11T19:47:39.429+0000] {logging_mixin.py:190} INFO - [2024-11-11T19:47:39.429+0000] {dag.py:3239} INFO - Sync 1 DAGs
[2024-11-11T19:47:39.466+0000] {logging_mixin.py:190} INFO - [2024-11-11T19:47:39.465+0000] {dag.py:4180} INFO - Setting next_dagrun for example_display_name to None, run_after=None
[2024-11-11T19:47:39.520+0000] {processor.py:208} INFO - Processing /home/airflow/.local/lib/python3.12/site-packages/airflow/example_dags/example_display_name.py took 0.165 seconds
[2024-11-11T19:48:10.787+0000] {processor.py:186} INFO - Started process (PID=3944) to work on /home/airflow/.local/lib/python3.12/site-packages/airflow/example_dags/example_display_name.py
[2024-11-11T19:48:10.789+0000] {processor.py:914} INFO - Processing file /home/airflow/.local/lib/python3.12/site-packages/airflow/example_dags/example_display_name.py for tasks to queue
[2024-11-11T19:48:10.793+0000] {logging_mixin.py:190} INFO - [2024-11-11T19:48:10.792+0000] {dagbag.py:588} INFO - Filling up the DagBag from /home/airflow/.local/lib/python3.12/site-packages/airflow/example_dags/example_display_name.py
[2024-11-11T19:48:10.814+0000] {processor.py:925} INFO - DAG(s) 'example_display_name' retrieved from /home/airflow/.local/lib/python3.12/site-packages/airflow/example_dags/example_display_name.py
[2024-11-11T19:48:10.872+0000] {logging_mixin.py:190} INFO - [2024-11-11T19:48:10.871+0000] {dag.py:3239} INFO - Sync 1 DAGs
[2024-11-11T19:48:10.929+0000] {logging_mixin.py:190} INFO - [2024-11-11T19:48:10.927+0000] {dag.py:4180} INFO - Setting next_dagrun for example_display_name to None, run_after=None
[2024-11-11T19:48:10.981+0000] {processor.py:208} INFO - Processing /home/airflow/.local/lib/python3.12/site-packages/airflow/example_dags/example_display_name.py took 0.205 seconds
[2024-11-11T19:48:44.586+0000] {processor.py:186} INFO - Started process (PID=4243) to work on /home/airflow/.local/lib/python3.12/site-packages/airflow/example_dags/example_display_name.py
[2024-11-11T19:48:44.587+0000] {processor.py:914} INFO - Processing file /home/airflow/.local/lib/python3.12/site-packages/airflow/example_dags/example_display_name.py for tasks to queue
[2024-11-11T19:48:44.591+0000] {logging_mixin.py:190} INFO - [2024-11-11T19:48:44.591+0000] {dagbag.py:588} INFO - Filling up the DagBag from /home/airflow/.local/lib/python3.12/site-packages/airflow/example_dags/example_display_name.py
[2024-11-11T19:48:44.605+0000] {processor.py:925} INFO - DAG(s) 'example_display_name' retrieved from /home/airflow/.local/lib/python3.12/site-packages/airflow/example_dags/example_display_name.py
[2024-11-11T19:48:44.645+0000] {logging_mixin.py:190} INFO - [2024-11-11T19:48:44.644+0000] {dag.py:3239} INFO - Sync 1 DAGs
[2024-11-11T19:48:44.677+0000] {logging_mixin.py:190} INFO - [2024-11-11T19:48:44.677+0000] {dag.py:4180} INFO - Setting next_dagrun for example_display_name to None, run_after=None
[2024-11-11T19:48:44.726+0000] {processor.py:208} INFO - Processing /home/airflow/.local/lib/python3.12/site-packages/airflow/example_dags/example_display_name.py took 0.152 seconds
[2024-11-11T19:49:17.164+0000] {processor.py:186} INFO - Started process (PID=4544) to work on /home/airflow/.local/lib/python3.12/site-packages/airflow/example_dags/example_display_name.py
[2024-11-11T19:49:17.167+0000] {processor.py:914} INFO - Processing file /home/airflow/.local/lib/python3.12/site-packages/airflow/example_dags/example_display_name.py for tasks to queue
[2024-11-11T19:49:17.172+0000] {logging_mixin.py:190} INFO - [2024-11-11T19:49:17.172+0000] {dagbag.py:588} INFO - Filling up the DagBag from /home/airflow/.local/lib/python3.12/site-packages/airflow/example_dags/example_display_name.py
[2024-11-11T19:49:17.185+0000] {processor.py:925} INFO - DAG(s) 'example_display_name' retrieved from /home/airflow/.local/lib/python3.12/site-packages/airflow/example_dags/example_display_name.py
[2024-11-11T19:49:17.228+0000] {logging_mixin.py:190} INFO - [2024-11-11T19:49:17.228+0000] {dag.py:3239} INFO - Sync 1 DAGs
[2024-11-11T19:49:17.262+0000] {logging_mixin.py:190} INFO - [2024-11-11T19:49:17.261+0000] {dag.py:4180} INFO - Setting next_dagrun for example_display_name to None, run_after=None
[2024-11-11T19:49:17.309+0000] {processor.py:208} INFO - Processing /home/airflow/.local/lib/python3.12/site-packages/airflow/example_dags/example_display_name.py took 0.158 seconds
[2024-11-11T19:49:49.138+0000] {processor.py:186} INFO - Started process (PID=4861) to work on /home/airflow/.local/lib/python3.12/site-packages/airflow/example_dags/example_display_name.py
[2024-11-11T19:49:49.140+0000] {processor.py:914} INFO - Processing file /home/airflow/.local/lib/python3.12/site-packages/airflow/example_dags/example_display_name.py for tasks to queue
[2024-11-11T19:49:49.143+0000] {logging_mixin.py:190} INFO - [2024-11-11T19:49:49.142+0000] {dagbag.py:588} INFO - Filling up the DagBag from /home/airflow/.local/lib/python3.12/site-packages/airflow/example_dags/example_display_name.py
[2024-11-11T19:49:49.155+0000] {processor.py:925} INFO - DAG(s) 'example_display_name' retrieved from /home/airflow/.local/lib/python3.12/site-packages/airflow/example_dags/example_display_name.py
[2024-11-11T19:49:49.189+0000] {logging_mixin.py:190} INFO - [2024-11-11T19:49:49.189+0000] {dag.py:3239} INFO - Sync 1 DAGs
[2024-11-11T19:49:49.214+0000] {logging_mixin.py:190} INFO - [2024-11-11T19:49:49.214+0000] {dag.py:4180} INFO - Setting next_dagrun for example_display_name to None, run_after=None
[2024-11-11T19:49:49.247+0000] {processor.py:208} INFO - Processing /home/airflow/.local/lib/python3.12/site-packages/airflow/example_dags/example_display_name.py took 0.119 seconds
[2024-11-11T19:50:24.248+0000] {processor.py:186} INFO - Started process (PID=5187) to work on /home/airflow/.local/lib/python3.12/site-packages/airflow/example_dags/example_display_name.py
[2024-11-11T19:50:24.250+0000] {processor.py:914} INFO - Processing file /home/airflow/.local/lib/python3.12/site-packages/airflow/example_dags/example_display_name.py for tasks to queue
[2024-11-11T19:50:24.258+0000] {logging_mixin.py:190} INFO - [2024-11-11T19:50:24.257+0000] {dagbag.py:588} INFO - Filling up the DagBag from /home/airflow/.local/lib/python3.12/site-packages/airflow/example_dags/example_display_name.py
[2024-11-11T19:50:24.274+0000] {processor.py:925} INFO - DAG(s) 'example_display_name' retrieved from /home/airflow/.local/lib/python3.12/site-packages/airflow/example_dags/example_display_name.py
[2024-11-11T19:50:24.327+0000] {logging_mixin.py:190} INFO - [2024-11-11T19:50:24.326+0000] {dag.py:3239} INFO - Sync 1 DAGs
[2024-11-11T19:50:24.367+0000] {logging_mixin.py:190} INFO - [2024-11-11T19:50:24.366+0000] {dag.py:4180} INFO - Setting next_dagrun for example_display_name to None, run_after=None
[2024-11-11T19:50:24.416+0000] {processor.py:208} INFO - Processing /home/airflow/.local/lib/python3.12/site-packages/airflow/example_dags/example_display_name.py took 0.185 seconds
[2024-11-11T19:50:54.785+0000] {processor.py:186} INFO - Started process (PID=5480) to work on /home/airflow/.local/lib/python3.12/site-packages/airflow/example_dags/example_display_name.py
[2024-11-11T19:50:54.789+0000] {processor.py:914} INFO - Processing file /home/airflow/.local/lib/python3.12/site-packages/airflow/example_dags/example_display_name.py for tasks to queue
[2024-11-11T19:50:54.800+0000] {logging_mixin.py:190} INFO - [2024-11-11T19:50:54.798+0000] {dagbag.py:588} INFO - Filling up the DagBag from /home/airflow/.local/lib/python3.12/site-packages/airflow/example_dags/example_display_name.py
[2024-11-11T19:50:54.838+0000] {processor.py:925} INFO - DAG(s) 'example_display_name' retrieved from /home/airflow/.local/lib/python3.12/site-packages/airflow/example_dags/example_display_name.py
[2024-11-11T19:50:54.936+0000] {logging_mixin.py:190} INFO - [2024-11-11T19:50:54.934+0000] {dag.py:3239} INFO - Sync 1 DAGs
[2024-11-11T19:50:54.994+0000] {logging_mixin.py:190} INFO - [2024-11-11T19:50:54.994+0000] {dag.py:4180} INFO - Setting next_dagrun for example_display_name to None, run_after=None
[2024-11-11T19:50:55.042+0000] {processor.py:208} INFO - Processing /home/airflow/.local/lib/python3.12/site-packages/airflow/example_dags/example_display_name.py took 0.283 seconds
[2024-11-11T19:51:25.764+0000] {processor.py:186} INFO - Started process (PID=5770) to work on /home/airflow/.local/lib/python3.12/site-packages/airflow/example_dags/example_display_name.py
[2024-11-11T19:51:25.768+0000] {processor.py:914} INFO - Processing file /home/airflow/.local/lib/python3.12/site-packages/airflow/example_dags/example_display_name.py for tasks to queue
[2024-11-11T19:51:25.777+0000] {logging_mixin.py:190} INFO - [2024-11-11T19:51:25.775+0000] {dagbag.py:588} INFO - Filling up the DagBag from /home/airflow/.local/lib/python3.12/site-packages/airflow/example_dags/example_display_name.py
[2024-11-11T19:51:25.807+0000] {processor.py:925} INFO - DAG(s) 'example_display_name' retrieved from /home/airflow/.local/lib/python3.12/site-packages/airflow/example_dags/example_display_name.py
[2024-11-11T19:51:25.892+0000] {logging_mixin.py:190} INFO - [2024-11-11T19:51:25.891+0000] {dag.py:3239} INFO - Sync 1 DAGs
[2024-11-11T19:51:25.957+0000] {logging_mixin.py:190} INFO - [2024-11-11T19:51:25.956+0000] {dag.py:4180} INFO - Setting next_dagrun for example_display_name to None, run_after=None
[2024-11-11T19:51:26.040+0000] {processor.py:208} INFO - Processing /home/airflow/.local/lib/python3.12/site-packages/airflow/example_dags/example_display_name.py took 0.300 seconds
[2024-11-11T19:51:56.476+0000] {processor.py:186} INFO - Started process (PID=6061) to work on /home/airflow/.local/lib/python3.12/site-packages/airflow/example_dags/example_display_name.py
[2024-11-11T19:51:56.478+0000] {processor.py:914} INFO - Processing file /home/airflow/.local/lib/python3.12/site-packages/airflow/example_dags/example_display_name.py for tasks to queue
[2024-11-11T19:51:56.483+0000] {logging_mixin.py:190} INFO - [2024-11-11T19:51:56.483+0000] {dagbag.py:588} INFO - Filling up the DagBag from /home/airflow/.local/lib/python3.12/site-packages/airflow/example_dags/example_display_name.py
[2024-11-11T19:51:56.501+0000] {processor.py:925} INFO - DAG(s) 'example_display_name' retrieved from /home/airflow/.local/lib/python3.12/site-packages/airflow/example_dags/example_display_name.py
[2024-11-11T19:51:56.548+0000] {logging_mixin.py:190} INFO - [2024-11-11T19:51:56.547+0000] {dag.py:3239} INFO - Sync 1 DAGs
[2024-11-11T19:51:56.674+0000] {logging_mixin.py:190} INFO - [2024-11-11T19:51:56.673+0000] {dag.py:4180} INFO - Setting next_dagrun for example_display_name to None, run_after=None
[2024-11-11T19:51:56.837+0000] {processor.py:208} INFO - Processing /home/airflow/.local/lib/python3.12/site-packages/airflow/example_dags/example_display_name.py took 0.375 seconds
[2024-11-11T19:52:27.615+0000] {processor.py:186} INFO - Started process (PID=6347) to work on /home/airflow/.local/lib/python3.12/site-packages/airflow/example_dags/example_display_name.py
[2024-11-11T19:52:27.617+0000] {processor.py:914} INFO - Processing file /home/airflow/.local/lib/python3.12/site-packages/airflow/example_dags/example_display_name.py for tasks to queue
[2024-11-11T19:52:27.622+0000] {logging_mixin.py:190} INFO - [2024-11-11T19:52:27.621+0000] {dagbag.py:588} INFO - Filling up the DagBag from /home/airflow/.local/lib/python3.12/site-packages/airflow/example_dags/example_display_name.py
[2024-11-11T19:52:27.634+0000] {processor.py:925} INFO - DAG(s) 'example_display_name' retrieved from /home/airflow/.local/lib/python3.12/site-packages/airflow/example_dags/example_display_name.py
[2024-11-11T19:52:27.669+0000] {logging_mixin.py:190} INFO - [2024-11-11T19:52:27.669+0000] {dag.py:3239} INFO - Sync 1 DAGs
[2024-11-11T19:52:27.694+0000] {logging_mixin.py:190} INFO - [2024-11-11T19:52:27.694+0000] {dag.py:4180} INFO - Setting next_dagrun for example_display_name to None, run_after=None
[2024-11-11T19:52:27.726+0000] {processor.py:208} INFO - Processing /home/airflow/.local/lib/python3.12/site-packages/airflow/example_dags/example_display_name.py took 0.123 seconds
[2024-11-11T19:52:58.149+0000] {processor.py:186} INFO - Started process (PID=6638) to work on /home/airflow/.local/lib/python3.12/site-packages/airflow/example_dags/example_display_name.py
[2024-11-11T19:52:58.151+0000] {processor.py:914} INFO - Processing file /home/airflow/.local/lib/python3.12/site-packages/airflow/example_dags/example_display_name.py for tasks to queue
[2024-11-11T19:52:58.160+0000] {logging_mixin.py:190} INFO - [2024-11-11T19:52:58.159+0000] {dagbag.py:588} INFO - Filling up the DagBag from /home/airflow/.local/lib/python3.12/site-packages/airflow/example_dags/example_display_name.py
[2024-11-11T19:52:58.180+0000] {processor.py:925} INFO - DAG(s) 'example_display_name' retrieved from /home/airflow/.local/lib/python3.12/site-packages/airflow/example_dags/example_display_name.py
[2024-11-11T19:52:58.236+0000] {logging_mixin.py:190} INFO - [2024-11-11T19:52:58.235+0000] {dag.py:3239} INFO - Sync 1 DAGs
[2024-11-11T19:52:58.269+0000] {logging_mixin.py:190} INFO - [2024-11-11T19:52:58.268+0000] {dag.py:4180} INFO - Setting next_dagrun for example_display_name to None, run_after=None
[2024-11-11T19:52:58.324+0000] {processor.py:208} INFO - Processing /home/airflow/.local/lib/python3.12/site-packages/airflow/example_dags/example_display_name.py took 0.190 seconds
[2024-11-11T19:53:29.899+0000] {processor.py:186} INFO - Started process (PID=6929) to work on /home/airflow/.local/lib/python3.12/site-packages/airflow/example_dags/example_display_name.py
[2024-11-11T19:53:29.901+0000] {processor.py:914} INFO - Processing file /home/airflow/.local/lib/python3.12/site-packages/airflow/example_dags/example_display_name.py for tasks to queue
[2024-11-11T19:53:29.904+0000] {logging_mixin.py:190} INFO - [2024-11-11T19:53:29.903+0000] {dagbag.py:588} INFO - Filling up the DagBag from /home/airflow/.local/lib/python3.12/site-packages/airflow/example_dags/example_display_name.py
[2024-11-11T19:53:29.919+0000] {processor.py:925} INFO - DAG(s) 'example_display_name' retrieved from /home/airflow/.local/lib/python3.12/site-packages/airflow/example_dags/example_display_name.py
[2024-11-11T19:53:29.950+0000] {logging_mixin.py:190} INFO - [2024-11-11T19:53:29.949+0000] {dag.py:3239} INFO - Sync 1 DAGs
[2024-11-11T19:53:29.980+0000] {logging_mixin.py:190} INFO - [2024-11-11T19:53:29.980+0000] {dag.py:4180} INFO - Setting next_dagrun for example_display_name to None, run_after=None
[2024-11-11T19:53:30.012+0000] {processor.py:208} INFO - Processing /home/airflow/.local/lib/python3.12/site-packages/airflow/example_dags/example_display_name.py took 0.124 seconds
[2024-11-11T19:54:00.391+0000] {processor.py:186} INFO - Started process (PID=7217) to work on /home/airflow/.local/lib/python3.12/site-packages/airflow/example_dags/example_display_name.py
[2024-11-11T19:54:00.394+0000] {processor.py:914} INFO - Processing file /home/airflow/.local/lib/python3.12/site-packages/airflow/example_dags/example_display_name.py for tasks to queue
[2024-11-11T19:54:00.398+0000] {logging_mixin.py:190} INFO - [2024-11-11T19:54:00.398+0000] {dagbag.py:588} INFO - Filling up the DagBag from /home/airflow/.local/lib/python3.12/site-packages/airflow/example_dags/example_display_name.py
[2024-11-11T19:54:00.410+0000] {processor.py:925} INFO - DAG(s) 'example_display_name' retrieved from /home/airflow/.local/lib/python3.12/site-packages/airflow/example_dags/example_display_name.py
[2024-11-11T19:54:00.440+0000] {logging_mixin.py:190} INFO - [2024-11-11T19:54:00.439+0000] {dag.py:3239} INFO - Sync 1 DAGs
[2024-11-11T19:54:00.462+0000] {logging_mixin.py:190} INFO - [2024-11-11T19:54:00.462+0000] {dag.py:4180} INFO - Setting next_dagrun for example_display_name to None, run_after=None
[2024-11-11T19:54:00.498+0000] {processor.py:208} INFO - Processing /home/airflow/.local/lib/python3.12/site-packages/airflow/example_dags/example_display_name.py took 0.116 seconds
[2024-11-11T19:54:30.869+0000] {processor.py:186} INFO - Started process (PID=7508) to work on /home/airflow/.local/lib/python3.12/site-packages/airflow/example_dags/example_display_name.py
[2024-11-11T19:54:30.872+0000] {processor.py:914} INFO - Processing file /home/airflow/.local/lib/python3.12/site-packages/airflow/example_dags/example_display_name.py for tasks to queue
[2024-11-11T19:54:30.877+0000] {logging_mixin.py:190} INFO - [2024-11-11T19:54:30.877+0000] {dagbag.py:588} INFO - Filling up the DagBag from /home/airflow/.local/lib/python3.12/site-packages/airflow/example_dags/example_display_name.py
[2024-11-11T19:54:30.899+0000] {processor.py:925} INFO - DAG(s) 'example_display_name' retrieved from /home/airflow/.local/lib/python3.12/site-packages/airflow/example_dags/example_display_name.py
[2024-11-11T19:54:30.952+0000] {logging_mixin.py:190} INFO - [2024-11-11T19:54:30.951+0000] {dag.py:3239} INFO - Sync 1 DAGs
[2024-11-11T19:54:31.003+0000] {logging_mixin.py:190} INFO - [2024-11-11T19:54:31.002+0000] {dag.py:4180} INFO - Setting next_dagrun for example_display_name to None, run_after=None
[2024-11-11T19:54:31.071+0000] {processor.py:208} INFO - Processing /home/airflow/.local/lib/python3.12/site-packages/airflow/example_dags/example_display_name.py took 0.223 seconds
[2024-11-11T19:55:01.269+0000] {processor.py:186} INFO - Started process (PID=7798) to work on /home/airflow/.local/lib/python3.12/site-packages/airflow/example_dags/example_display_name.py
[2024-11-11T19:55:01.271+0000] {processor.py:914} INFO - Processing file /home/airflow/.local/lib/python3.12/site-packages/airflow/example_dags/example_display_name.py for tasks to queue
[2024-11-11T19:55:01.275+0000] {logging_mixin.py:190} INFO - [2024-11-11T19:55:01.274+0000] {dagbag.py:588} INFO - Filling up the DagBag from /home/airflow/.local/lib/python3.12/site-packages/airflow/example_dags/example_display_name.py
[2024-11-11T19:55:01.288+0000] {processor.py:925} INFO - DAG(s) 'example_display_name' retrieved from /home/airflow/.local/lib/python3.12/site-packages/airflow/example_dags/example_display_name.py
[2024-11-11T19:55:01.325+0000] {logging_mixin.py:190} INFO - [2024-11-11T19:55:01.324+0000] {dag.py:3239} INFO - Sync 1 DAGs
[2024-11-11T19:55:01.354+0000] {logging_mixin.py:190} INFO - [2024-11-11T19:55:01.353+0000] {dag.py:4180} INFO - Setting next_dagrun for example_display_name to None, run_after=None
[2024-11-11T19:55:01.388+0000] {processor.py:208} INFO - Processing /home/airflow/.local/lib/python3.12/site-packages/airflow/example_dags/example_display_name.py took 0.131 seconds
[2024-11-11T19:55:32.425+0000] {processor.py:186} INFO - Started process (PID=8090) to work on /home/airflow/.local/lib/python3.12/site-packages/airflow/example_dags/example_display_name.py
[2024-11-11T19:55:32.427+0000] {processor.py:914} INFO - Processing file /home/airflow/.local/lib/python3.12/site-packages/airflow/example_dags/example_display_name.py for tasks to queue
[2024-11-11T19:55:32.430+0000] {logging_mixin.py:190} INFO - [2024-11-11T19:55:32.429+0000] {dagbag.py:588} INFO - Filling up the DagBag from /home/airflow/.local/lib/python3.12/site-packages/airflow/example_dags/example_display_name.py
[2024-11-11T19:55:32.444+0000] {processor.py:925} INFO - DAG(s) 'example_display_name' retrieved from /home/airflow/.local/lib/python3.12/site-packages/airflow/example_dags/example_display_name.py
[2024-11-11T19:55:32.478+0000] {logging_mixin.py:190} INFO - [2024-11-11T19:55:32.477+0000] {dag.py:3239} INFO - Sync 1 DAGs
[2024-11-11T19:55:32.506+0000] {logging_mixin.py:190} INFO - [2024-11-11T19:55:32.506+0000] {dag.py:4180} INFO - Setting next_dagrun for example_display_name to None, run_after=None
[2024-11-11T19:55:32.544+0000] {processor.py:208} INFO - Processing /home/airflow/.local/lib/python3.12/site-packages/airflow/example_dags/example_display_name.py took 0.131 seconds
[2024-11-11T19:56:02.980+0000] {processor.py:186} INFO - Started process (PID=8382) to work on /home/airflow/.local/lib/python3.12/site-packages/airflow/example_dags/example_display_name.py
[2024-11-11T19:56:02.982+0000] {processor.py:914} INFO - Processing file /home/airflow/.local/lib/python3.12/site-packages/airflow/example_dags/example_display_name.py for tasks to queue
[2024-11-11T19:56:02.986+0000] {logging_mixin.py:190} INFO - [2024-11-11T19:56:02.986+0000] {dagbag.py:588} INFO - Filling up the DagBag from /home/airflow/.local/lib/python3.12/site-packages/airflow/example_dags/example_display_name.py
[2024-11-11T19:56:03.003+0000] {processor.py:925} INFO - DAG(s) 'example_display_name' retrieved from /home/airflow/.local/lib/python3.12/site-packages/airflow/example_dags/example_display_name.py
[2024-11-11T19:56:03.044+0000] {logging_mixin.py:190} INFO - [2024-11-11T19:56:03.044+0000] {dag.py:3239} INFO - Sync 1 DAGs
[2024-11-11T19:56:03.081+0000] {logging_mixin.py:190} INFO - [2024-11-11T19:56:03.080+0000] {dag.py:4180} INFO - Setting next_dagrun for example_display_name to None, run_after=None
[2024-11-11T19:56:03.133+0000] {processor.py:208} INFO - Processing /home/airflow/.local/lib/python3.12/site-packages/airflow/example_dags/example_display_name.py took 0.168 seconds
[2024-11-11T19:56:33.312+0000] {processor.py:186} INFO - Started process (PID=8668) to work on /home/airflow/.local/lib/python3.12/site-packages/airflow/example_dags/example_display_name.py
[2024-11-11T19:56:33.315+0000] {processor.py:914} INFO - Processing file /home/airflow/.local/lib/python3.12/site-packages/airflow/example_dags/example_display_name.py for tasks to queue
[2024-11-11T19:56:33.325+0000] {logging_mixin.py:190} INFO - [2024-11-11T19:56:33.324+0000] {dagbag.py:588} INFO - Filling up the DagBag from /home/airflow/.local/lib/python3.12/site-packages/airflow/example_dags/example_display_name.py
[2024-11-11T19:56:33.358+0000] {processor.py:925} INFO - DAG(s) 'example_display_name' retrieved from /home/airflow/.local/lib/python3.12/site-packages/airflow/example_dags/example_display_name.py
[2024-11-11T19:56:33.440+0000] {logging_mixin.py:190} INFO - [2024-11-11T19:56:33.438+0000] {dag.py:3239} INFO - Sync 1 DAGs
[2024-11-11T19:56:33.528+0000] {logging_mixin.py:190} INFO - [2024-11-11T19:56:33.527+0000] {dag.py:4180} INFO - Setting next_dagrun for example_display_name to None, run_after=None
[2024-11-11T19:56:33.614+0000] {processor.py:208} INFO - Processing /home/airflow/.local/lib/python3.12/site-packages/airflow/example_dags/example_display_name.py took 0.320 seconds
[2024-11-11T19:57:04.570+0000] {processor.py:186} INFO - Started process (PID=8959) to work on /home/airflow/.local/lib/python3.12/site-packages/airflow/example_dags/example_display_name.py
[2024-11-11T19:57:04.572+0000] {processor.py:914} INFO - Processing file /home/airflow/.local/lib/python3.12/site-packages/airflow/example_dags/example_display_name.py for tasks to queue
[2024-11-11T19:57:04.576+0000] {logging_mixin.py:190} INFO - [2024-11-11T19:57:04.576+0000] {dagbag.py:588} INFO - Filling up the DagBag from /home/airflow/.local/lib/python3.12/site-packages/airflow/example_dags/example_display_name.py
[2024-11-11T19:57:04.589+0000] {processor.py:925} INFO - DAG(s) 'example_display_name' retrieved from /home/airflow/.local/lib/python3.12/site-packages/airflow/example_dags/example_display_name.py
[2024-11-11T19:57:04.621+0000] {logging_mixin.py:190} INFO - [2024-11-11T19:57:04.620+0000] {dag.py:3239} INFO - Sync 1 DAGs
[2024-11-11T19:57:04.645+0000] {logging_mixin.py:190} INFO - [2024-11-11T19:57:04.644+0000] {dag.py:4180} INFO - Setting next_dagrun for example_display_name to None, run_after=None
[2024-11-11T19:57:04.686+0000] {processor.py:208} INFO - Processing /home/airflow/.local/lib/python3.12/site-packages/airflow/example_dags/example_display_name.py took 0.127 seconds
[2024-11-11T19:57:34.928+0000] {processor.py:186} INFO - Started process (PID=9250) to work on /home/airflow/.local/lib/python3.12/site-packages/airflow/example_dags/example_display_name.py
[2024-11-11T19:57:34.931+0000] {processor.py:914} INFO - Processing file /home/airflow/.local/lib/python3.12/site-packages/airflow/example_dags/example_display_name.py for tasks to queue
[2024-11-11T19:57:34.934+0000] {logging_mixin.py:190} INFO - [2024-11-11T19:57:34.934+0000] {dagbag.py:588} INFO - Filling up the DagBag from /home/airflow/.local/lib/python3.12/site-packages/airflow/example_dags/example_display_name.py
[2024-11-11T19:57:34.950+0000] {processor.py:925} INFO - DAG(s) 'example_display_name' retrieved from /home/airflow/.local/lib/python3.12/site-packages/airflow/example_dags/example_display_name.py
[2024-11-11T19:57:34.992+0000] {logging_mixin.py:190} INFO - [2024-11-11T19:57:34.992+0000] {dag.py:3239} INFO - Sync 1 DAGs
[2024-11-11T19:57:35.029+0000] {logging_mixin.py:190} INFO - [2024-11-11T19:57:35.029+0000] {dag.py:4180} INFO - Setting next_dagrun for example_display_name to None, run_after=None
[2024-11-11T19:57:35.099+0000] {processor.py:208} INFO - Processing /home/airflow/.local/lib/python3.12/site-packages/airflow/example_dags/example_display_name.py took 0.183 seconds
[2024-11-11T19:58:05.359+0000] {processor.py:186} INFO - Started process (PID=9541) to work on /home/airflow/.local/lib/python3.12/site-packages/airflow/example_dags/example_display_name.py
[2024-11-11T19:58:05.361+0000] {processor.py:914} INFO - Processing file /home/airflow/.local/lib/python3.12/site-packages/airflow/example_dags/example_display_name.py for tasks to queue
[2024-11-11T19:58:05.369+0000] {logging_mixin.py:190} INFO - [2024-11-11T19:58:05.368+0000] {dagbag.py:588} INFO - Filling up the DagBag from /home/airflow/.local/lib/python3.12/site-packages/airflow/example_dags/example_display_name.py
[2024-11-11T19:58:05.390+0000] {processor.py:925} INFO - DAG(s) 'example_display_name' retrieved from /home/airflow/.local/lib/python3.12/site-packages/airflow/example_dags/example_display_name.py
[2024-11-11T19:58:05.445+0000] {logging_mixin.py:190} INFO - [2024-11-11T19:58:05.445+0000] {dag.py:3239} INFO - Sync 1 DAGs
[2024-11-11T19:58:05.485+0000] {logging_mixin.py:190} INFO - [2024-11-11T19:58:05.484+0000] {dag.py:4180} INFO - Setting next_dagrun for example_display_name to None, run_after=None
[2024-11-11T19:58:05.529+0000] {processor.py:208} INFO - Processing /home/airflow/.local/lib/python3.12/site-packages/airflow/example_dags/example_display_name.py took 0.186 seconds
[2024-11-11T19:58:36.144+0000] {processor.py:186} INFO - Started process (PID=9828) to work on /home/airflow/.local/lib/python3.12/site-packages/airflow/example_dags/example_display_name.py
[2024-11-11T19:58:36.145+0000] {processor.py:914} INFO - Processing file /home/airflow/.local/lib/python3.12/site-packages/airflow/example_dags/example_display_name.py for tasks to queue
[2024-11-11T19:58:36.149+0000] {logging_mixin.py:190} INFO - [2024-11-11T19:58:36.148+0000] {dagbag.py:588} INFO - Filling up the DagBag from /home/airflow/.local/lib/python3.12/site-packages/airflow/example_dags/example_display_name.py
[2024-11-11T19:58:36.168+0000] {processor.py:925} INFO - DAG(s) 'example_display_name' retrieved from /home/airflow/.local/lib/python3.12/site-packages/airflow/example_dags/example_display_name.py
[2024-11-11T19:58:36.214+0000] {logging_mixin.py:190} INFO - [2024-11-11T19:58:36.213+0000] {dag.py:3239} INFO - Sync 1 DAGs
[2024-11-11T19:58:36.247+0000] {logging_mixin.py:190} INFO - [2024-11-11T19:58:36.247+0000] {dag.py:4180} INFO - Setting next_dagrun for example_display_name to None, run_after=None
[2024-11-11T19:58:36.296+0000] {processor.py:208} INFO - Processing /home/airflow/.local/lib/python3.12/site-packages/airflow/example_dags/example_display_name.py took 0.166 seconds
[2024-11-11T19:59:07.152+0000] {processor.py:186} INFO - Started process (PID=10117) to work on /home/airflow/.local/lib/python3.12/site-packages/airflow/example_dags/example_display_name.py
[2024-11-11T19:59:07.153+0000] {processor.py:914} INFO - Processing file /home/airflow/.local/lib/python3.12/site-packages/airflow/example_dags/example_display_name.py for tasks to queue
[2024-11-11T19:59:07.157+0000] {logging_mixin.py:190} INFO - [2024-11-11T19:59:07.156+0000] {dagbag.py:588} INFO - Filling up the DagBag from /home/airflow/.local/lib/python3.12/site-packages/airflow/example_dags/example_display_name.py
[2024-11-11T19:59:07.169+0000] {processor.py:925} INFO - DAG(s) 'example_display_name' retrieved from /home/airflow/.local/lib/python3.12/site-packages/airflow/example_dags/example_display_name.py
[2024-11-11T19:59:07.200+0000] {logging_mixin.py:190} INFO - [2024-11-11T19:59:07.200+0000] {dag.py:3239} INFO - Sync 1 DAGs
[2024-11-11T19:59:07.224+0000] {logging_mixin.py:190} INFO - [2024-11-11T19:59:07.224+0000] {dag.py:4180} INFO - Setting next_dagrun for example_display_name to None, run_after=None
[2024-11-11T19:59:07.256+0000] {processor.py:208} INFO - Processing /home/airflow/.local/lib/python3.12/site-packages/airflow/example_dags/example_display_name.py took 0.114 seconds
[2024-11-11T19:59:37.988+0000] {processor.py:186} INFO - Started process (PID=10403) to work on /home/airflow/.local/lib/python3.12/site-packages/airflow/example_dags/example_display_name.py
[2024-11-11T19:59:37.990+0000] {processor.py:914} INFO - Processing file /home/airflow/.local/lib/python3.12/site-packages/airflow/example_dags/example_display_name.py for tasks to queue
[2024-11-11T19:59:37.997+0000] {logging_mixin.py:190} INFO - [2024-11-11T19:59:37.996+0000] {dagbag.py:588} INFO - Filling up the DagBag from /home/airflow/.local/lib/python3.12/site-packages/airflow/example_dags/example_display_name.py
[2024-11-11T19:59:38.017+0000] {processor.py:925} INFO - DAG(s) 'example_display_name' retrieved from /home/airflow/.local/lib/python3.12/site-packages/airflow/example_dags/example_display_name.py
[2024-11-11T19:59:38.067+0000] {logging_mixin.py:190} INFO - [2024-11-11T19:59:38.067+0000] {dag.py:3239} INFO - Sync 1 DAGs
[2024-11-11T19:59:38.099+0000] {logging_mixin.py:190} INFO - [2024-11-11T19:59:38.099+0000] {dag.py:4180} INFO - Setting next_dagrun for example_display_name to None, run_after=None
[2024-11-11T19:59:38.136+0000] {processor.py:208} INFO - Processing /home/airflow/.local/lib/python3.12/site-packages/airflow/example_dags/example_display_name.py took 0.162 seconds
[2024-11-11T20:00:09.724+0000] {processor.py:186} INFO - Started process (PID=10700) to work on /home/airflow/.local/lib/python3.12/site-packages/airflow/example_dags/example_display_name.py
[2024-11-11T20:00:09.725+0000] {processor.py:914} INFO - Processing file /home/airflow/.local/lib/python3.12/site-packages/airflow/example_dags/example_display_name.py for tasks to queue
[2024-11-11T20:00:09.731+0000] {logging_mixin.py:190} INFO - [2024-11-11T20:00:09.730+0000] {dagbag.py:588} INFO - Filling up the DagBag from /home/airflow/.local/lib/python3.12/site-packages/airflow/example_dags/example_display_name.py
[2024-11-11T20:00:09.744+0000] {processor.py:925} INFO - DAG(s) 'example_display_name' retrieved from /home/airflow/.local/lib/python3.12/site-packages/airflow/example_dags/example_display_name.py
[2024-11-11T20:00:09.778+0000] {logging_mixin.py:190} INFO - [2024-11-11T20:00:09.778+0000] {dag.py:3239} INFO - Sync 1 DAGs
[2024-11-11T20:00:09.803+0000] {logging_mixin.py:190} INFO - [2024-11-11T20:00:09.803+0000] {dag.py:4180} INFO - Setting next_dagrun for example_display_name to None, run_after=None
[2024-11-11T20:00:09.835+0000] {processor.py:208} INFO - Processing /home/airflow/.local/lib/python3.12/site-packages/airflow/example_dags/example_display_name.py took 0.126 seconds
[2024-11-11T20:00:40.767+0000] {processor.py:186} INFO - Started process (PID=10991) to work on /home/airflow/.local/lib/python3.12/site-packages/airflow/example_dags/example_display_name.py
[2024-11-11T20:00:40.770+0000] {processor.py:914} INFO - Processing file /home/airflow/.local/lib/python3.12/site-packages/airflow/example_dags/example_display_name.py for tasks to queue
[2024-11-11T20:00:40.776+0000] {logging_mixin.py:190} INFO - [2024-11-11T20:00:40.775+0000] {dagbag.py:588} INFO - Filling up the DagBag from /home/airflow/.local/lib/python3.12/site-packages/airflow/example_dags/example_display_name.py
[2024-11-11T20:00:40.796+0000] {processor.py:925} INFO - DAG(s) 'example_display_name' retrieved from /home/airflow/.local/lib/python3.12/site-packages/airflow/example_dags/example_display_name.py
[2024-11-11T20:00:40.866+0000] {logging_mixin.py:190} INFO - [2024-11-11T20:00:40.865+0000] {dag.py:3239} INFO - Sync 1 DAGs
[2024-11-11T20:00:40.917+0000] {logging_mixin.py:190} INFO - [2024-11-11T20:00:40.917+0000] {dag.py:4180} INFO - Setting next_dagrun for example_display_name to None, run_after=None
[2024-11-11T20:00:40.999+0000] {processor.py:208} INFO - Processing /home/airflow/.local/lib/python3.12/site-packages/airflow/example_dags/example_display_name.py took 0.248 seconds
[2024-11-11T20:01:11.224+0000] {processor.py:186} INFO - Started process (PID=11271) to work on /home/airflow/.local/lib/python3.12/site-packages/airflow/example_dags/example_display_name.py
[2024-11-11T20:01:11.226+0000] {processor.py:914} INFO - Processing file /home/airflow/.local/lib/python3.12/site-packages/airflow/example_dags/example_display_name.py for tasks to queue
[2024-11-11T20:01:11.230+0000] {logging_mixin.py:190} INFO - [2024-11-11T20:01:11.230+0000] {dagbag.py:588} INFO - Filling up the DagBag from /home/airflow/.local/lib/python3.12/site-packages/airflow/example_dags/example_display_name.py
[2024-11-11T20:01:11.247+0000] {processor.py:925} INFO - DAG(s) 'example_display_name' retrieved from /home/airflow/.local/lib/python3.12/site-packages/airflow/example_dags/example_display_name.py
[2024-11-11T20:01:11.284+0000] {logging_mixin.py:190} INFO - [2024-11-11T20:01:11.284+0000] {dag.py:3239} INFO - Sync 1 DAGs
[2024-11-11T20:01:11.312+0000] {logging_mixin.py:190} INFO - [2024-11-11T20:01:11.312+0000] {dag.py:4180} INFO - Setting next_dagrun for example_display_name to None, run_after=None
[2024-11-11T20:01:11.357+0000] {processor.py:208} INFO - Processing /home/airflow/.local/lib/python3.12/site-packages/airflow/example_dags/example_display_name.py took 0.144 seconds
[2024-11-11T20:01:42.317+0000] {processor.py:186} INFO - Started process (PID=11562) to work on /home/airflow/.local/lib/python3.12/site-packages/airflow/example_dags/example_display_name.py
[2024-11-11T20:01:42.320+0000] {processor.py:914} INFO - Processing file /home/airflow/.local/lib/python3.12/site-packages/airflow/example_dags/example_display_name.py for tasks to queue
[2024-11-11T20:01:42.324+0000] {logging_mixin.py:190} INFO - [2024-11-11T20:01:42.324+0000] {dagbag.py:588} INFO - Filling up the DagBag from /home/airflow/.local/lib/python3.12/site-packages/airflow/example_dags/example_display_name.py
[2024-11-11T20:01:42.339+0000] {processor.py:925} INFO - DAG(s) 'example_display_name' retrieved from /home/airflow/.local/lib/python3.12/site-packages/airflow/example_dags/example_display_name.py
[2024-11-11T20:01:42.389+0000] {logging_mixin.py:190} INFO - [2024-11-11T20:01:42.388+0000] {dag.py:3239} INFO - Sync 1 DAGs
[2024-11-11T20:01:42.426+0000] {logging_mixin.py:190} INFO - [2024-11-11T20:01:42.425+0000] {dag.py:4180} INFO - Setting next_dagrun for example_display_name to None, run_after=None
[2024-11-11T20:01:42.474+0000] {processor.py:208} INFO - Processing /home/airflow/.local/lib/python3.12/site-packages/airflow/example_dags/example_display_name.py took 0.171 seconds
[2024-11-11T20:02:13.593+0000] {processor.py:186} INFO - Started process (PID=11870) to work on /home/airflow/.local/lib/python3.12/site-packages/airflow/example_dags/example_display_name.py
[2024-11-11T20:02:13.595+0000] {processor.py:914} INFO - Processing file /home/airflow/.local/lib/python3.12/site-packages/airflow/example_dags/example_display_name.py for tasks to queue
[2024-11-11T20:02:13.600+0000] {logging_mixin.py:190} INFO - [2024-11-11T20:02:13.600+0000] {dagbag.py:588} INFO - Filling up the DagBag from /home/airflow/.local/lib/python3.12/site-packages/airflow/example_dags/example_display_name.py
[2024-11-11T20:02:13.613+0000] {processor.py:925} INFO - DAG(s) 'example_display_name' retrieved from /home/airflow/.local/lib/python3.12/site-packages/airflow/example_dags/example_display_name.py
[2024-11-11T20:02:13.658+0000] {logging_mixin.py:190} INFO - [2024-11-11T20:02:13.657+0000] {dag.py:3239} INFO - Sync 1 DAGs
[2024-11-11T20:02:13.692+0000] {logging_mixin.py:190} INFO - [2024-11-11T20:02:13.692+0000] {dag.py:4180} INFO - Setting next_dagrun for example_display_name to None, run_after=None
[2024-11-11T20:02:13.736+0000] {processor.py:208} INFO - Processing /home/airflow/.local/lib/python3.12/site-packages/airflow/example_dags/example_display_name.py took 0.157 seconds
[2024-11-11T20:02:44.212+0000] {processor.py:186} INFO - Started process (PID=12157) to work on /home/airflow/.local/lib/python3.12/site-packages/airflow/example_dags/example_display_name.py
[2024-11-11T20:02:44.215+0000] {processor.py:914} INFO - Processing file /home/airflow/.local/lib/python3.12/site-packages/airflow/example_dags/example_display_name.py for tasks to queue
[2024-11-11T20:02:44.220+0000] {logging_mixin.py:190} INFO - [2024-11-11T20:02:44.219+0000] {dagbag.py:588} INFO - Filling up the DagBag from /home/airflow/.local/lib/python3.12/site-packages/airflow/example_dags/example_display_name.py
[2024-11-11T20:02:44.239+0000] {processor.py:925} INFO - DAG(s) 'example_display_name' retrieved from /home/airflow/.local/lib/python3.12/site-packages/airflow/example_dags/example_display_name.py
[2024-11-11T20:02:44.287+0000] {logging_mixin.py:190} INFO - [2024-11-11T20:02:44.286+0000] {dag.py:3239} INFO - Sync 1 DAGs
[2024-11-11T20:02:44.332+0000] {logging_mixin.py:190} INFO - [2024-11-11T20:02:44.332+0000] {dag.py:4180} INFO - Setting next_dagrun for example_display_name to None, run_after=None
[2024-11-11T20:02:44.385+0000] {processor.py:208} INFO - Processing /home/airflow/.local/lib/python3.12/site-packages/airflow/example_dags/example_display_name.py took 0.189 seconds
