[2024-11-11T19:41:45.437+0000] {processor.py:186} INFO - Started process (PID=432) to work on /home/airflow/.local/lib/python3.12/site-packages/airflow/example_dags/example_latest_only_with_trigger.py
[2024-11-11T19:41:45.438+0000] {processor.py:914} INFO - Processing file /home/airflow/.local/lib/python3.12/site-packages/airflow/example_dags/example_latest_only_with_trigger.py for tasks to queue
[2024-11-11T19:41:45.442+0000] {logging_mixin.py:190} INFO - [2024-11-11T19:41:45.441+0000] {dagbag.py:588} INFO - Filling up the DagBag from /home/airflow/.local/lib/python3.12/site-packages/airflow/example_dags/example_latest_only_with_trigger.py
[2024-11-11T19:41:45.461+0000] {processor.py:925} INFO - DAG(s) 'latest_only_with_trigger' retrieved from /home/airflow/.local/lib/python3.12/site-packages/airflow/example_dags/example_latest_only_with_trigger.py
[2024-11-11T19:41:45.660+0000] {logging_mixin.py:190} INFO - [2024-11-11T19:41:45.659+0000] {override.py:1911} INFO - Created Permission View: can delete on DAG:latest_only_with_trigger
[2024-11-11T19:41:45.678+0000] {logging_mixin.py:190} INFO - [2024-11-11T19:41:45.677+0000] {override.py:1911} INFO - Created Permission View: can read on DAG:latest_only_with_trigger
[2024-11-11T19:41:45.691+0000] {logging_mixin.py:190} INFO - [2024-11-11T19:41:45.691+0000] {override.py:1911} INFO - Created Permission View: can edit on DAG:latest_only_with_trigger
[2024-11-11T19:41:45.706+0000] {logging_mixin.py:190} INFO - [2024-11-11T19:41:45.705+0000] {override.py:1911} INFO - Created Permission View: can delete on DAG Run:latest_only_with_trigger
[2024-11-11T19:41:45.719+0000] {logging_mixin.py:190} INFO - [2024-11-11T19:41:45.719+0000] {override.py:1911} INFO - Created Permission View: can create on DAG Run:latest_only_with_trigger
[2024-11-11T19:41:45.732+0000] {logging_mixin.py:190} INFO - [2024-11-11T19:41:45.731+0000] {override.py:1911} INFO - Created Permission View: menu access on DAG Run:latest_only_with_trigger
[2024-11-11T19:41:45.744+0000] {logging_mixin.py:190} INFO - [2024-11-11T19:41:45.744+0000] {override.py:1911} INFO - Created Permission View: can read on DAG Run:latest_only_with_trigger
[2024-11-11T19:41:45.745+0000] {logging_mixin.py:190} INFO - [2024-11-11T19:41:45.745+0000] {dag.py:3239} INFO - Sync 1 DAGs
[2024-11-11T19:41:45.767+0000] {logging_mixin.py:190} INFO - [2024-11-11T19:41:45.767+0000] {dag.py:3262} INFO - Creating ORM DAG for latest_only_with_trigger
[2024-11-11T19:41:45.782+0000] {logging_mixin.py:190} INFO - [2024-11-11T19:41:45.782+0000] {dag.py:4180} INFO - Setting next_dagrun for latest_only_with_trigger to 2024-11-11 12:00:00+00:00, run_after=2024-11-11 16:00:00+00:00
[2024-11-11T19:41:45.809+0000] {processor.py:208} INFO - Processing /home/airflow/.local/lib/python3.12/site-packages/airflow/example_dags/example_latest_only_with_trigger.py took 0.383 seconds
[2024-11-11T19:42:16.499+0000] {processor.py:186} INFO - Started process (PID=723) to work on /home/airflow/.local/lib/python3.12/site-packages/airflow/example_dags/example_latest_only_with_trigger.py
[2024-11-11T19:42:16.501+0000] {processor.py:914} INFO - Processing file /home/airflow/.local/lib/python3.12/site-packages/airflow/example_dags/example_latest_only_with_trigger.py for tasks to queue
[2024-11-11T19:42:16.505+0000] {logging_mixin.py:190} INFO - [2024-11-11T19:42:16.504+0000] {dagbag.py:588} INFO - Filling up the DagBag from /home/airflow/.local/lib/python3.12/site-packages/airflow/example_dags/example_latest_only_with_trigger.py
[2024-11-11T19:42:16.520+0000] {processor.py:925} INFO - DAG(s) 'latest_only_with_trigger' retrieved from /home/airflow/.local/lib/python3.12/site-packages/airflow/example_dags/example_latest_only_with_trigger.py
[2024-11-11T19:42:16.557+0000] {logging_mixin.py:190} INFO - [2024-11-11T19:42:16.556+0000] {dag.py:3239} INFO - Sync 1 DAGs
[2024-11-11T19:42:16.601+0000] {logging_mixin.py:190} INFO - [2024-11-11T19:42:16.601+0000] {dag.py:4180} INFO - Setting next_dagrun for latest_only_with_trigger to 2024-11-11 12:00:00+00:00, run_after=2024-11-11 16:00:00+00:00
[2024-11-11T19:42:16.635+0000] {processor.py:208} INFO - Processing /home/airflow/.local/lib/python3.12/site-packages/airflow/example_dags/example_latest_only_with_trigger.py took 0.146 seconds
[2024-11-11T19:42:47.368+0000] {processor.py:186} INFO - Started process (PID=1010) to work on /home/airflow/.local/lib/python3.12/site-packages/airflow/example_dags/example_latest_only_with_trigger.py
[2024-11-11T19:42:47.369+0000] {processor.py:914} INFO - Processing file /home/airflow/.local/lib/python3.12/site-packages/airflow/example_dags/example_latest_only_with_trigger.py for tasks to queue
[2024-11-11T19:42:47.373+0000] {logging_mixin.py:190} INFO - [2024-11-11T19:42:47.372+0000] {dagbag.py:588} INFO - Filling up the DagBag from /home/airflow/.local/lib/python3.12/site-packages/airflow/example_dags/example_latest_only_with_trigger.py
[2024-11-11T19:42:47.384+0000] {processor.py:925} INFO - DAG(s) 'latest_only_with_trigger' retrieved from /home/airflow/.local/lib/python3.12/site-packages/airflow/example_dags/example_latest_only_with_trigger.py
[2024-11-11T19:42:47.420+0000] {logging_mixin.py:190} INFO - [2024-11-11T19:42:47.420+0000] {dag.py:3239} INFO - Sync 1 DAGs
[2024-11-11T19:42:47.464+0000] {logging_mixin.py:190} INFO - [2024-11-11T19:42:47.464+0000] {dag.py:4180} INFO - Setting next_dagrun for latest_only_with_trigger to 2024-11-11 12:00:00+00:00, run_after=2024-11-11 16:00:00+00:00
[2024-11-11T19:42:47.501+0000] {processor.py:208} INFO - Processing /home/airflow/.local/lib/python3.12/site-packages/airflow/example_dags/example_latest_only_with_trigger.py took 0.143 seconds
[2024-11-11T19:43:19.569+0000] {processor.py:186} INFO - Started process (PID=1301) to work on /home/airflow/.local/lib/python3.12/site-packages/airflow/example_dags/example_latest_only_with_trigger.py
[2024-11-11T19:43:19.571+0000] {processor.py:914} INFO - Processing file /home/airflow/.local/lib/python3.12/site-packages/airflow/example_dags/example_latest_only_with_trigger.py for tasks to queue
[2024-11-11T19:43:19.574+0000] {logging_mixin.py:190} INFO - [2024-11-11T19:43:19.573+0000] {dagbag.py:588} INFO - Filling up the DagBag from /home/airflow/.local/lib/python3.12/site-packages/airflow/example_dags/example_latest_only_with_trigger.py
[2024-11-11T19:43:19.588+0000] {processor.py:925} INFO - DAG(s) 'latest_only_with_trigger' retrieved from /home/airflow/.local/lib/python3.12/site-packages/airflow/example_dags/example_latest_only_with_trigger.py
[2024-11-11T19:43:19.621+0000] {logging_mixin.py:190} INFO - [2024-11-11T19:43:19.621+0000] {dag.py:3239} INFO - Sync 1 DAGs
[2024-11-11T19:43:19.661+0000] {logging_mixin.py:190} INFO - [2024-11-11T19:43:19.661+0000] {dag.py:4180} INFO - Setting next_dagrun for latest_only_with_trigger to 2024-11-11 12:00:00+00:00, run_after=2024-11-11 16:00:00+00:00
[2024-11-11T19:43:19.698+0000] {processor.py:208} INFO - Processing /home/airflow/.local/lib/python3.12/site-packages/airflow/example_dags/example_latest_only_with_trigger.py took 0.142 seconds
[2024-11-11T19:43:50.437+0000] {processor.py:186} INFO - Started process (PID=1592) to work on /home/airflow/.local/lib/python3.12/site-packages/airflow/example_dags/example_latest_only_with_trigger.py
[2024-11-11T19:43:50.438+0000] {processor.py:914} INFO - Processing file /home/airflow/.local/lib/python3.12/site-packages/airflow/example_dags/example_latest_only_with_trigger.py for tasks to queue
[2024-11-11T19:43:50.442+0000] {logging_mixin.py:190} INFO - [2024-11-11T19:43:50.441+0000] {dagbag.py:588} INFO - Filling up the DagBag from /home/airflow/.local/lib/python3.12/site-packages/airflow/example_dags/example_latest_only_with_trigger.py
[2024-11-11T19:43:50.457+0000] {processor.py:925} INFO - DAG(s) 'latest_only_with_trigger' retrieved from /home/airflow/.local/lib/python3.12/site-packages/airflow/example_dags/example_latest_only_with_trigger.py
[2024-11-11T19:43:50.491+0000] {logging_mixin.py:190} INFO - [2024-11-11T19:43:50.490+0000] {dag.py:3239} INFO - Sync 1 DAGs
[2024-11-11T19:43:51.081+0000] {logging_mixin.py:190} INFO - [2024-11-11T19:43:51.081+0000] {dag.py:4180} INFO - Setting next_dagrun for latest_only_with_trigger to 2024-11-11 12:00:00+00:00, run_after=2024-11-11 16:00:00+00:00
[2024-11-11T19:43:51.115+0000] {processor.py:208} INFO - Processing /home/airflow/.local/lib/python3.12/site-packages/airflow/example_dags/example_latest_only_with_trigger.py took 0.159 seconds
[2024-11-11T19:44:24.420+0000] {processor.py:186} INFO - Started process (PID=1888) to work on /home/airflow/.local/lib/python3.12/site-packages/airflow/example_dags/example_latest_only_with_trigger.py
[2024-11-11T19:44:24.422+0000] {processor.py:914} INFO - Processing file /home/airflow/.local/lib/python3.12/site-packages/airflow/example_dags/example_latest_only_with_trigger.py for tasks to queue
[2024-11-11T19:44:24.426+0000] {logging_mixin.py:190} INFO - [2024-11-11T19:44:24.425+0000] {dagbag.py:588} INFO - Filling up the DagBag from /home/airflow/.local/lib/python3.12/site-packages/airflow/example_dags/example_latest_only_with_trigger.py
[2024-11-11T19:44:24.439+0000] {processor.py:925} INFO - DAG(s) 'latest_only_with_trigger' retrieved from /home/airflow/.local/lib/python3.12/site-packages/airflow/example_dags/example_latest_only_with_trigger.py
[2024-11-11T19:44:24.488+0000] {logging_mixin.py:190} INFO - [2024-11-11T19:44:24.488+0000] {dag.py:3239} INFO - Sync 1 DAGs
[2024-11-11T19:44:24.533+0000] {logging_mixin.py:190} INFO - [2024-11-11T19:44:24.532+0000] {dag.py:4180} INFO - Setting next_dagrun for latest_only_with_trigger to 2024-11-11 12:00:00+00:00, run_after=2024-11-11 16:00:00+00:00
[2024-11-11T19:44:24.569+0000] {processor.py:208} INFO - Processing /home/airflow/.local/lib/python3.12/site-packages/airflow/example_dags/example_latest_only_with_trigger.py took 0.160 seconds
[2024-11-11T19:44:55.922+0000] {processor.py:186} INFO - Started process (PID=2174) to work on /home/airflow/.local/lib/python3.12/site-packages/airflow/example_dags/example_latest_only_with_trigger.py
[2024-11-11T19:44:55.925+0000] {processor.py:914} INFO - Processing file /home/airflow/.local/lib/python3.12/site-packages/airflow/example_dags/example_latest_only_with_trigger.py for tasks to queue
[2024-11-11T19:44:55.930+0000] {logging_mixin.py:190} INFO - [2024-11-11T19:44:55.929+0000] {dagbag.py:588} INFO - Filling up the DagBag from /home/airflow/.local/lib/python3.12/site-packages/airflow/example_dags/example_latest_only_with_trigger.py
[2024-11-11T19:44:55.949+0000] {processor.py:925} INFO - DAG(s) 'latest_only_with_trigger' retrieved from /home/airflow/.local/lib/python3.12/site-packages/airflow/example_dags/example_latest_only_with_trigger.py
[2024-11-11T19:44:56.007+0000] {logging_mixin.py:190} INFO - [2024-11-11T19:44:56.006+0000] {dag.py:3239} INFO - Sync 1 DAGs
[2024-11-11T19:44:56.069+0000] {logging_mixin.py:190} INFO - [2024-11-11T19:44:56.068+0000] {dag.py:4180} INFO - Setting next_dagrun for latest_only_with_trigger to 2024-11-11 12:00:00+00:00, run_after=2024-11-11 16:00:00+00:00
[2024-11-11T19:44:56.111+0000] {processor.py:208} INFO - Processing /home/airflow/.local/lib/python3.12/site-packages/airflow/example_dags/example_latest_only_with_trigger.py took 0.205 seconds
[2024-11-11T19:45:26.844+0000] {processor.py:186} INFO - Started process (PID=2465) to work on /home/airflow/.local/lib/python3.12/site-packages/airflow/example_dags/example_latest_only_with_trigger.py
[2024-11-11T19:45:26.846+0000] {processor.py:914} INFO - Processing file /home/airflow/.local/lib/python3.12/site-packages/airflow/example_dags/example_latest_only_with_trigger.py for tasks to queue
[2024-11-11T19:45:26.851+0000] {logging_mixin.py:190} INFO - [2024-11-11T19:45:26.850+0000] {dagbag.py:588} INFO - Filling up the DagBag from /home/airflow/.local/lib/python3.12/site-packages/airflow/example_dags/example_latest_only_with_trigger.py
[2024-11-11T19:45:26.868+0000] {processor.py:925} INFO - DAG(s) 'latest_only_with_trigger' retrieved from /home/airflow/.local/lib/python3.12/site-packages/airflow/example_dags/example_latest_only_with_trigger.py
[2024-11-11T19:45:26.928+0000] {logging_mixin.py:190} INFO - [2024-11-11T19:45:26.928+0000] {dag.py:3239} INFO - Sync 1 DAGs
[2024-11-11T19:45:27.008+0000] {logging_mixin.py:190} INFO - [2024-11-11T19:45:27.007+0000] {dag.py:4180} INFO - Setting next_dagrun for latest_only_with_trigger to 2024-11-11 12:00:00+00:00, run_after=2024-11-11 16:00:00+00:00
[2024-11-11T19:45:27.056+0000] {processor.py:208} INFO - Processing /home/airflow/.local/lib/python3.12/site-packages/airflow/example_dags/example_latest_only_with_trigger.py took 0.227 seconds
[2024-11-11T19:46:01.907+0000] {processor.py:186} INFO - Started process (PID=2761) to work on /home/airflow/.local/lib/python3.12/site-packages/airflow/example_dags/example_latest_only_with_trigger.py
[2024-11-11T19:46:01.909+0000] {processor.py:914} INFO - Processing file /home/airflow/.local/lib/python3.12/site-packages/airflow/example_dags/example_latest_only_with_trigger.py for tasks to queue
[2024-11-11T19:46:01.917+0000] {logging_mixin.py:190} INFO - [2024-11-11T19:46:01.916+0000] {dagbag.py:588} INFO - Filling up the DagBag from /home/airflow/.local/lib/python3.12/site-packages/airflow/example_dags/example_latest_only_with_trigger.py
[2024-11-11T19:46:01.947+0000] {processor.py:925} INFO - DAG(s) 'latest_only_with_trigger' retrieved from /home/airflow/.local/lib/python3.12/site-packages/airflow/example_dags/example_latest_only_with_trigger.py
[2024-11-11T19:46:02.014+0000] {logging_mixin.py:190} INFO - [2024-11-11T19:46:02.013+0000] {dag.py:3239} INFO - Sync 1 DAGs
[2024-11-11T19:46:02.063+0000] {logging_mixin.py:190} INFO - [2024-11-11T19:46:02.062+0000] {dag.py:4180} INFO - Setting next_dagrun for latest_only_with_trigger to 2024-11-11 12:00:00+00:00, run_after=2024-11-11 16:00:00+00:00
[2024-11-11T19:46:02.100+0000] {processor.py:208} INFO - Processing /home/airflow/.local/lib/python3.12/site-packages/airflow/example_dags/example_latest_only_with_trigger.py took 0.206 seconds
[2024-11-11T19:46:32.560+0000] {processor.py:186} INFO - Started process (PID=3052) to work on /home/airflow/.local/lib/python3.12/site-packages/airflow/example_dags/example_latest_only_with_trigger.py
[2024-11-11T19:46:32.627+0000] {processor.py:914} INFO - Processing file /home/airflow/.local/lib/python3.12/site-packages/airflow/example_dags/example_latest_only_with_trigger.py for tasks to queue
[2024-11-11T19:46:32.631+0000] {logging_mixin.py:190} INFO - [2024-11-11T19:46:32.631+0000] {dagbag.py:588} INFO - Filling up the DagBag from /home/airflow/.local/lib/python3.12/site-packages/airflow/example_dags/example_latest_only_with_trigger.py
[2024-11-11T19:46:32.648+0000] {processor.py:925} INFO - DAG(s) 'latest_only_with_trigger' retrieved from /home/airflow/.local/lib/python3.12/site-packages/airflow/example_dags/example_latest_only_with_trigger.py
[2024-11-11T19:46:32.696+0000] {logging_mixin.py:190} INFO - [2024-11-11T19:46:32.695+0000] {dag.py:3239} INFO - Sync 1 DAGs
[2024-11-11T19:46:32.747+0000] {logging_mixin.py:190} INFO - [2024-11-11T19:46:32.747+0000] {dag.py:4180} INFO - Setting next_dagrun for latest_only_with_trigger to 2024-11-11 12:00:00+00:00, run_after=2024-11-11 16:00:00+00:00
[2024-11-11T19:46:32.789+0000] {processor.py:208} INFO - Processing /home/airflow/.local/lib/python3.12/site-packages/airflow/example_dags/example_latest_only_with_trigger.py took 0.240 seconds
[2024-11-11T19:47:07.655+0000] {processor.py:186} INFO - Started process (PID=3353) to work on /home/airflow/.local/lib/python3.12/site-packages/airflow/example_dags/example_latest_only_with_trigger.py
[2024-11-11T19:47:07.657+0000] {processor.py:914} INFO - Processing file /home/airflow/.local/lib/python3.12/site-packages/airflow/example_dags/example_latest_only_with_trigger.py for tasks to queue
[2024-11-11T19:47:07.661+0000] {logging_mixin.py:190} INFO - [2024-11-11T19:47:07.660+0000] {dagbag.py:588} INFO - Filling up the DagBag from /home/airflow/.local/lib/python3.12/site-packages/airflow/example_dags/example_latest_only_with_trigger.py
[2024-11-11T19:47:07.678+0000] {processor.py:925} INFO - DAG(s) 'latest_only_with_trigger' retrieved from /home/airflow/.local/lib/python3.12/site-packages/airflow/example_dags/example_latest_only_with_trigger.py
[2024-11-11T19:47:07.738+0000] {logging_mixin.py:190} INFO - [2024-11-11T19:47:07.737+0000] {dag.py:3239} INFO - Sync 1 DAGs
[2024-11-11T19:47:07.833+0000] {logging_mixin.py:190} INFO - [2024-11-11T19:47:07.832+0000] {dag.py:4180} INFO - Setting next_dagrun for latest_only_with_trigger to 2024-11-11 12:00:00+00:00, run_after=2024-11-11 16:00:00+00:00
[2024-11-11T19:47:07.941+0000] {processor.py:208} INFO - Processing /home/airflow/.local/lib/python3.12/site-packages/airflow/example_dags/example_latest_only_with_trigger.py took 0.301 seconds
[2024-11-11T19:47:38.852+0000] {processor.py:186} INFO - Started process (PID=3645) to work on /home/airflow/.local/lib/python3.12/site-packages/airflow/example_dags/example_latest_only_with_trigger.py
[2024-11-11T19:47:38.853+0000] {processor.py:914} INFO - Processing file /home/airflow/.local/lib/python3.12/site-packages/airflow/example_dags/example_latest_only_with_trigger.py for tasks to queue
[2024-11-11T19:47:38.859+0000] {logging_mixin.py:190} INFO - [2024-11-11T19:47:38.858+0000] {dagbag.py:588} INFO - Filling up the DagBag from /home/airflow/.local/lib/python3.12/site-packages/airflow/example_dags/example_latest_only_with_trigger.py
[2024-11-11T19:47:38.872+0000] {processor.py:925} INFO - DAG(s) 'latest_only_with_trigger' retrieved from /home/airflow/.local/lib/python3.12/site-packages/airflow/example_dags/example_latest_only_with_trigger.py
[2024-11-11T19:47:38.914+0000] {logging_mixin.py:190} INFO - [2024-11-11T19:47:38.913+0000] {dag.py:3239} INFO - Sync 1 DAGs
[2024-11-11T19:47:38.976+0000] {logging_mixin.py:190} INFO - [2024-11-11T19:47:38.975+0000] {dag.py:4180} INFO - Setting next_dagrun for latest_only_with_trigger to 2024-11-11 12:00:00+00:00, run_after=2024-11-11 16:00:00+00:00
[2024-11-11T19:47:39.027+0000] {processor.py:208} INFO - Processing /home/airflow/.local/lib/python3.12/site-packages/airflow/example_dags/example_latest_only_with_trigger.py took 0.188 seconds
[2024-11-11T19:48:10.120+0000] {processor.py:186} INFO - Started process (PID=3932) to work on /home/airflow/.local/lib/python3.12/site-packages/airflow/example_dags/example_latest_only_with_trigger.py
[2024-11-11T19:48:10.123+0000] {processor.py:914} INFO - Processing file /home/airflow/.local/lib/python3.12/site-packages/airflow/example_dags/example_latest_only_with_trigger.py for tasks to queue
[2024-11-11T19:48:10.128+0000] {logging_mixin.py:190} INFO - [2024-11-11T19:48:10.127+0000] {dagbag.py:588} INFO - Filling up the DagBag from /home/airflow/.local/lib/python3.12/site-packages/airflow/example_dags/example_latest_only_with_trigger.py
[2024-11-11T19:48:10.180+0000] {processor.py:925} INFO - DAG(s) 'latest_only_with_trigger' retrieved from /home/airflow/.local/lib/python3.12/site-packages/airflow/example_dags/example_latest_only_with_trigger.py
[2024-11-11T19:48:10.261+0000] {logging_mixin.py:190} INFO - [2024-11-11T19:48:10.260+0000] {dag.py:3239} INFO - Sync 1 DAGs
[2024-11-11T19:48:10.383+0000] {logging_mixin.py:190} INFO - [2024-11-11T19:48:10.382+0000] {dag.py:4180} INFO - Setting next_dagrun for latest_only_with_trigger to 2024-11-11 12:00:00+00:00, run_after=2024-11-11 16:00:00+00:00
[2024-11-11T19:48:10.436+0000] {processor.py:208} INFO - Processing /home/airflow/.local/lib/python3.12/site-packages/airflow/example_dags/example_latest_only_with_trigger.py took 0.334 seconds
[2024-11-11T19:48:44.350+0000] {processor.py:186} INFO - Started process (PID=4233) to work on /home/airflow/.local/lib/python3.12/site-packages/airflow/example_dags/example_latest_only_with_trigger.py
[2024-11-11T19:48:44.358+0000] {processor.py:914} INFO - Processing file /home/airflow/.local/lib/python3.12/site-packages/airflow/example_dags/example_latest_only_with_trigger.py for tasks to queue
[2024-11-11T19:48:44.364+0000] {logging_mixin.py:190} INFO - [2024-11-11T19:48:44.362+0000] {dagbag.py:588} INFO - Filling up the DagBag from /home/airflow/.local/lib/python3.12/site-packages/airflow/example_dags/example_latest_only_with_trigger.py
[2024-11-11T19:48:44.389+0000] {processor.py:925} INFO - DAG(s) 'latest_only_with_trigger' retrieved from /home/airflow/.local/lib/python3.12/site-packages/airflow/example_dags/example_latest_only_with_trigger.py
[2024-11-11T19:48:44.436+0000] {logging_mixin.py:190} INFO - [2024-11-11T19:48:44.436+0000] {dag.py:3239} INFO - Sync 1 DAGs
[2024-11-11T19:48:44.487+0000] {logging_mixin.py:190} INFO - [2024-11-11T19:48:44.487+0000] {dag.py:4180} INFO - Setting next_dagrun for latest_only_with_trigger to 2024-11-11 12:00:00+00:00, run_after=2024-11-11 16:00:00+00:00
[2024-11-11T19:48:44.526+0000] {processor.py:208} INFO - Processing /home/airflow/.local/lib/python3.12/site-packages/airflow/example_dags/example_latest_only_with_trigger.py took 0.198 seconds
[2024-11-11T19:49:16.925+0000] {processor.py:186} INFO - Started process (PID=4534) to work on /home/airflow/.local/lib/python3.12/site-packages/airflow/example_dags/example_latest_only_with_trigger.py
[2024-11-11T19:49:16.928+0000] {processor.py:914} INFO - Processing file /home/airflow/.local/lib/python3.12/site-packages/airflow/example_dags/example_latest_only_with_trigger.py for tasks to queue
[2024-11-11T19:49:16.933+0000] {logging_mixin.py:190} INFO - [2024-11-11T19:49:16.932+0000] {dagbag.py:588} INFO - Filling up the DagBag from /home/airflow/.local/lib/python3.12/site-packages/airflow/example_dags/example_latest_only_with_trigger.py
[2024-11-11T19:49:16.955+0000] {processor.py:925} INFO - DAG(s) 'latest_only_with_trigger' retrieved from /home/airflow/.local/lib/python3.12/site-packages/airflow/example_dags/example_latest_only_with_trigger.py
[2024-11-11T19:49:17.003+0000] {logging_mixin.py:190} INFO - [2024-11-11T19:49:17.002+0000] {dag.py:3239} INFO - Sync 1 DAGs
[2024-11-11T19:49:17.056+0000] {logging_mixin.py:190} INFO - [2024-11-11T19:49:17.055+0000] {dag.py:4180} INFO - Setting next_dagrun for latest_only_with_trigger to 2024-11-11 12:00:00+00:00, run_after=2024-11-11 16:00:00+00:00
[2024-11-11T19:49:17.099+0000] {processor.py:208} INFO - Processing /home/airflow/.local/lib/python3.12/site-packages/airflow/example_dags/example_latest_only_with_trigger.py took 0.190 seconds
[2024-11-11T19:49:48.932+0000] {processor.py:186} INFO - Started process (PID=4851) to work on /home/airflow/.local/lib/python3.12/site-packages/airflow/example_dags/example_latest_only_with_trigger.py
[2024-11-11T19:49:48.934+0000] {processor.py:914} INFO - Processing file /home/airflow/.local/lib/python3.12/site-packages/airflow/example_dags/example_latest_only_with_trigger.py for tasks to queue
[2024-11-11T19:49:48.940+0000] {logging_mixin.py:190} INFO - [2024-11-11T19:49:48.939+0000] {dagbag.py:588} INFO - Filling up the DagBag from /home/airflow/.local/lib/python3.12/site-packages/airflow/example_dags/example_latest_only_with_trigger.py
[2024-11-11T19:49:48.958+0000] {processor.py:925} INFO - DAG(s) 'latest_only_with_trigger' retrieved from /home/airflow/.local/lib/python3.12/site-packages/airflow/example_dags/example_latest_only_with_trigger.py
[2024-11-11T19:49:49.006+0000] {logging_mixin.py:190} INFO - [2024-11-11T19:49:49.005+0000] {dag.py:3239} INFO - Sync 1 DAGs
[2024-11-11T19:49:49.056+0000] {logging_mixin.py:190} INFO - [2024-11-11T19:49:49.056+0000] {dag.py:4180} INFO - Setting next_dagrun for latest_only_with_trigger to 2024-11-11 12:00:00+00:00, run_after=2024-11-11 16:00:00+00:00
[2024-11-11T19:49:49.088+0000] {processor.py:208} INFO - Processing /home/airflow/.local/lib/python3.12/site-packages/airflow/example_dags/example_latest_only_with_trigger.py took 0.173 seconds
[2024-11-11T19:50:23.822+0000] {processor.py:186} INFO - Started process (PID=5177) to work on /home/airflow/.local/lib/python3.12/site-packages/airflow/example_dags/example_latest_only_with_trigger.py
[2024-11-11T19:50:23.827+0000] {processor.py:914} INFO - Processing file /home/airflow/.local/lib/python3.12/site-packages/airflow/example_dags/example_latest_only_with_trigger.py for tasks to queue
[2024-11-11T19:50:23.844+0000] {logging_mixin.py:190} INFO - [2024-11-11T19:50:23.841+0000] {dagbag.py:588} INFO - Filling up the DagBag from /home/airflow/.local/lib/python3.12/site-packages/airflow/example_dags/example_latest_only_with_trigger.py
[2024-11-11T19:50:23.889+0000] {processor.py:925} INFO - DAG(s) 'latest_only_with_trigger' retrieved from /home/airflow/.local/lib/python3.12/site-packages/airflow/example_dags/example_latest_only_with_trigger.py
[2024-11-11T19:50:24.024+0000] {logging_mixin.py:190} INFO - [2024-11-11T19:50:24.023+0000] {dag.py:3239} INFO - Sync 1 DAGs
[2024-11-11T19:50:24.107+0000] {logging_mixin.py:190} INFO - [2024-11-11T19:50:24.106+0000] {dag.py:4180} INFO - Setting next_dagrun for latest_only_with_trigger to 2024-11-11 12:00:00+00:00, run_after=2024-11-11 16:00:00+00:00
[2024-11-11T19:50:24.170+0000] {processor.py:208} INFO - Processing /home/airflow/.local/lib/python3.12/site-packages/airflow/example_dags/example_latest_only_with_trigger.py took 0.385 seconds
[2024-11-11T19:50:54.437+0000] {processor.py:186} INFO - Started process (PID=5468) to work on /home/airflow/.local/lib/python3.12/site-packages/airflow/example_dags/example_latest_only_with_trigger.py
[2024-11-11T19:50:54.440+0000] {processor.py:914} INFO - Processing file /home/airflow/.local/lib/python3.12/site-packages/airflow/example_dags/example_latest_only_with_trigger.py for tasks to queue
[2024-11-11T19:50:54.447+0000] {logging_mixin.py:190} INFO - [2024-11-11T19:50:54.447+0000] {dagbag.py:588} INFO - Filling up the DagBag from /home/airflow/.local/lib/python3.12/site-packages/airflow/example_dags/example_latest_only_with_trigger.py
[2024-11-11T19:50:54.466+0000] {processor.py:925} INFO - DAG(s) 'latest_only_with_trigger' retrieved from /home/airflow/.local/lib/python3.12/site-packages/airflow/example_dags/example_latest_only_with_trigger.py
[2024-11-11T19:50:54.502+0000] {logging_mixin.py:190} INFO - [2024-11-11T19:50:54.501+0000] {dag.py:3239} INFO - Sync 1 DAGs
[2024-11-11T19:50:54.539+0000] {logging_mixin.py:190} INFO - [2024-11-11T19:50:54.538+0000] {dag.py:4180} INFO - Setting next_dagrun for latest_only_with_trigger to 2024-11-11 12:00:00+00:00, run_after=2024-11-11 16:00:00+00:00
[2024-11-11T19:50:54.568+0000] {processor.py:208} INFO - Processing /home/airflow/.local/lib/python3.12/site-packages/airflow/example_dags/example_latest_only_with_trigger.py took 0.149 seconds
[2024-11-11T19:51:25.484+0000] {processor.py:186} INFO - Started process (PID=5760) to work on /home/airflow/.local/lib/python3.12/site-packages/airflow/example_dags/example_latest_only_with_trigger.py
[2024-11-11T19:51:25.487+0000] {processor.py:914} INFO - Processing file /home/airflow/.local/lib/python3.12/site-packages/airflow/example_dags/example_latest_only_with_trigger.py for tasks to queue
[2024-11-11T19:51:25.491+0000] {logging_mixin.py:190} INFO - [2024-11-11T19:51:25.491+0000] {dagbag.py:588} INFO - Filling up the DagBag from /home/airflow/.local/lib/python3.12/site-packages/airflow/example_dags/example_latest_only_with_trigger.py
[2024-11-11T19:51:25.509+0000] {processor.py:925} INFO - DAG(s) 'latest_only_with_trigger' retrieved from /home/airflow/.local/lib/python3.12/site-packages/airflow/example_dags/example_latest_only_with_trigger.py
[2024-11-11T19:51:25.558+0000] {logging_mixin.py:190} INFO - [2024-11-11T19:51:25.557+0000] {dag.py:3239} INFO - Sync 1 DAGs
[2024-11-11T19:51:25.615+0000] {logging_mixin.py:190} INFO - [2024-11-11T19:51:25.615+0000] {dag.py:4180} INFO - Setting next_dagrun for latest_only_with_trigger to 2024-11-11 12:00:00+00:00, run_after=2024-11-11 16:00:00+00:00
[2024-11-11T19:51:25.667+0000] {processor.py:208} INFO - Processing /home/airflow/.local/lib/python3.12/site-packages/airflow/example_dags/example_latest_only_with_trigger.py took 0.203 seconds
[2024-11-11T19:51:55.969+0000] {processor.py:186} INFO - Started process (PID=6051) to work on /home/airflow/.local/lib/python3.12/site-packages/airflow/example_dags/example_latest_only_with_trigger.py
[2024-11-11T19:51:55.971+0000] {processor.py:914} INFO - Processing file /home/airflow/.local/lib/python3.12/site-packages/airflow/example_dags/example_latest_only_with_trigger.py for tasks to queue
[2024-11-11T19:51:55.976+0000] {logging_mixin.py:190} INFO - [2024-11-11T19:51:55.975+0000] {dagbag.py:588} INFO - Filling up the DagBag from /home/airflow/.local/lib/python3.12/site-packages/airflow/example_dags/example_latest_only_with_trigger.py
[2024-11-11T19:51:55.993+0000] {processor.py:925} INFO - DAG(s) 'latest_only_with_trigger' retrieved from /home/airflow/.local/lib/python3.12/site-packages/airflow/example_dags/example_latest_only_with_trigger.py
[2024-11-11T19:51:56.056+0000] {logging_mixin.py:190} INFO - [2024-11-11T19:51:56.055+0000] {dag.py:3239} INFO - Sync 1 DAGs
[2024-11-11T19:51:56.131+0000] {logging_mixin.py:190} INFO - [2024-11-11T19:51:56.130+0000] {dag.py:4180} INFO - Setting next_dagrun for latest_only_with_trigger to 2024-11-11 12:00:00+00:00, run_after=2024-11-11 16:00:00+00:00
[2024-11-11T19:51:56.186+0000] {processor.py:208} INFO - Processing /home/airflow/.local/lib/python3.12/site-packages/airflow/example_dags/example_latest_only_with_trigger.py took 0.231 seconds
[2024-11-11T19:52:27.349+0000] {processor.py:186} INFO - Started process (PID=6337) to work on /home/airflow/.local/lib/python3.12/site-packages/airflow/example_dags/example_latest_only_with_trigger.py
[2024-11-11T19:52:27.350+0000] {processor.py:914} INFO - Processing file /home/airflow/.local/lib/python3.12/site-packages/airflow/example_dags/example_latest_only_with_trigger.py for tasks to queue
[2024-11-11T19:52:27.355+0000] {logging_mixin.py:190} INFO - [2024-11-11T19:52:27.355+0000] {dagbag.py:588} INFO - Filling up the DagBag from /home/airflow/.local/lib/python3.12/site-packages/airflow/example_dags/example_latest_only_with_trigger.py
[2024-11-11T19:52:27.368+0000] {processor.py:925} INFO - DAG(s) 'latest_only_with_trigger' retrieved from /home/airflow/.local/lib/python3.12/site-packages/airflow/example_dags/example_latest_only_with_trigger.py
[2024-11-11T19:52:27.413+0000] {logging_mixin.py:190} INFO - [2024-11-11T19:52:27.413+0000] {dag.py:3239} INFO - Sync 1 DAGs
[2024-11-11T19:52:27.505+0000] {logging_mixin.py:190} INFO - [2024-11-11T19:52:27.505+0000] {dag.py:4180} INFO - Setting next_dagrun for latest_only_with_trigger to 2024-11-11 12:00:00+00:00, run_after=2024-11-11 16:00:00+00:00
[2024-11-11T19:52:27.553+0000] {processor.py:208} INFO - Processing /home/airflow/.local/lib/python3.12/site-packages/airflow/example_dags/example_latest_only_with_trigger.py took 0.216 seconds
[2024-11-11T19:52:57.769+0000] {processor.py:186} INFO - Started process (PID=6628) to work on /home/airflow/.local/lib/python3.12/site-packages/airflow/example_dags/example_latest_only_with_trigger.py
[2024-11-11T19:52:57.771+0000] {processor.py:914} INFO - Processing file /home/airflow/.local/lib/python3.12/site-packages/airflow/example_dags/example_latest_only_with_trigger.py for tasks to queue
[2024-11-11T19:52:57.776+0000] {logging_mixin.py:190} INFO - [2024-11-11T19:52:57.775+0000] {dagbag.py:588} INFO - Filling up the DagBag from /home/airflow/.local/lib/python3.12/site-packages/airflow/example_dags/example_latest_only_with_trigger.py
[2024-11-11T19:52:57.791+0000] {processor.py:925} INFO - DAG(s) 'latest_only_with_trigger' retrieved from /home/airflow/.local/lib/python3.12/site-packages/airflow/example_dags/example_latest_only_with_trigger.py
[2024-11-11T19:52:57.839+0000] {logging_mixin.py:190} INFO - [2024-11-11T19:52:57.838+0000] {dag.py:3239} INFO - Sync 1 DAGs
[2024-11-11T19:52:57.887+0000] {logging_mixin.py:190} INFO - [2024-11-11T19:52:57.887+0000] {dag.py:4180} INFO - Setting next_dagrun for latest_only_with_trigger to 2024-11-11 12:00:00+00:00, run_after=2024-11-11 16:00:00+00:00
[2024-11-11T19:52:57.933+0000] {processor.py:208} INFO - Processing /home/airflow/.local/lib/python3.12/site-packages/airflow/example_dags/example_latest_only_with_trigger.py took 0.176 seconds
[2024-11-11T19:53:29.422+0000] {processor.py:186} INFO - Started process (PID=6919) to work on /home/airflow/.local/lib/python3.12/site-packages/airflow/example_dags/example_latest_only_with_trigger.py
[2024-11-11T19:53:29.424+0000] {processor.py:914} INFO - Processing file /home/airflow/.local/lib/python3.12/site-packages/airflow/example_dags/example_latest_only_with_trigger.py for tasks to queue
[2024-11-11T19:53:29.431+0000] {logging_mixin.py:190} INFO - [2024-11-11T19:53:29.430+0000] {dagbag.py:588} INFO - Filling up the DagBag from /home/airflow/.local/lib/python3.12/site-packages/airflow/example_dags/example_latest_only_with_trigger.py
[2024-11-11T19:53:29.447+0000] {processor.py:925} INFO - DAG(s) 'latest_only_with_trigger' retrieved from /home/airflow/.local/lib/python3.12/site-packages/airflow/example_dags/example_latest_only_with_trigger.py
[2024-11-11T19:53:29.497+0000] {logging_mixin.py:190} INFO - [2024-11-11T19:53:29.496+0000] {dag.py:3239} INFO - Sync 1 DAGs
[2024-11-11T19:53:29.552+0000] {logging_mixin.py:190} INFO - [2024-11-11T19:53:29.551+0000] {dag.py:4180} INFO - Setting next_dagrun for latest_only_with_trigger to 2024-11-11 12:00:00+00:00, run_after=2024-11-11 16:00:00+00:00
[2024-11-11T19:53:29.592+0000] {processor.py:208} INFO - Processing /home/airflow/.local/lib/python3.12/site-packages/airflow/example_dags/example_latest_only_with_trigger.py took 0.185 seconds
[2024-11-11T19:53:59.942+0000] {processor.py:186} INFO - Started process (PID=7207) to work on /home/airflow/.local/lib/python3.12/site-packages/airflow/example_dags/example_latest_only_with_trigger.py
[2024-11-11T19:53:59.945+0000] {processor.py:914} INFO - Processing file /home/airflow/.local/lib/python3.12/site-packages/airflow/example_dags/example_latest_only_with_trigger.py for tasks to queue
[2024-11-11T19:53:59.952+0000] {logging_mixin.py:190} INFO - [2024-11-11T19:53:59.951+0000] {dagbag.py:588} INFO - Filling up the DagBag from /home/airflow/.local/lib/python3.12/site-packages/airflow/example_dags/example_latest_only_with_trigger.py
[2024-11-11T19:53:59.976+0000] {processor.py:925} INFO - DAG(s) 'latest_only_with_trigger' retrieved from /home/airflow/.local/lib/python3.12/site-packages/airflow/example_dags/example_latest_only_with_trigger.py
[2024-11-11T19:54:00.029+0000] {logging_mixin.py:190} INFO - [2024-11-11T19:54:00.028+0000] {dag.py:3239} INFO - Sync 1 DAGs
[2024-11-11T19:54:00.087+0000] {logging_mixin.py:190} INFO - [2024-11-11T19:54:00.087+0000] {dag.py:4180} INFO - Setting next_dagrun for latest_only_with_trigger to 2024-11-11 12:00:00+00:00, run_after=2024-11-11 16:00:00+00:00
[2024-11-11T19:54:00.131+0000] {processor.py:208} INFO - Processing /home/airflow/.local/lib/python3.12/site-packages/airflow/example_dags/example_latest_only_with_trigger.py took 0.215 seconds
[2024-11-11T19:54:30.478+0000] {processor.py:186} INFO - Started process (PID=7498) to work on /home/airflow/.local/lib/python3.12/site-packages/airflow/example_dags/example_latest_only_with_trigger.py
[2024-11-11T19:54:30.484+0000] {processor.py:914} INFO - Processing file /home/airflow/.local/lib/python3.12/site-packages/airflow/example_dags/example_latest_only_with_trigger.py for tasks to queue
[2024-11-11T19:54:30.495+0000] {logging_mixin.py:190} INFO - [2024-11-11T19:54:30.494+0000] {dagbag.py:588} INFO - Filling up the DagBag from /home/airflow/.local/lib/python3.12/site-packages/airflow/example_dags/example_latest_only_with_trigger.py
[2024-11-11T19:54:30.524+0000] {processor.py:925} INFO - DAG(s) 'latest_only_with_trigger' retrieved from /home/airflow/.local/lib/python3.12/site-packages/airflow/example_dags/example_latest_only_with_trigger.py
[2024-11-11T19:54:30.607+0000] {logging_mixin.py:190} INFO - [2024-11-11T19:54:30.607+0000] {dag.py:3239} INFO - Sync 1 DAGs
[2024-11-11T19:54:30.702+0000] {logging_mixin.py:190} INFO - [2024-11-11T19:54:30.702+0000] {dag.py:4180} INFO - Setting next_dagrun for latest_only_with_trigger to 2024-11-11 12:00:00+00:00, run_after=2024-11-11 16:00:00+00:00
[2024-11-11T19:54:30.757+0000] {processor.py:208} INFO - Processing /home/airflow/.local/lib/python3.12/site-packages/airflow/example_dags/example_latest_only_with_trigger.py took 0.303 seconds
[2024-11-11T19:55:01.014+0000] {processor.py:186} INFO - Started process (PID=7788) to work on /home/airflow/.local/lib/python3.12/site-packages/airflow/example_dags/example_latest_only_with_trigger.py
[2024-11-11T19:55:01.016+0000] {processor.py:914} INFO - Processing file /home/airflow/.local/lib/python3.12/site-packages/airflow/example_dags/example_latest_only_with_trigger.py for tasks to queue
[2024-11-11T19:55:01.021+0000] {logging_mixin.py:190} INFO - [2024-11-11T19:55:01.020+0000] {dagbag.py:588} INFO - Filling up the DagBag from /home/airflow/.local/lib/python3.12/site-packages/airflow/example_dags/example_latest_only_with_trigger.py
[2024-11-11T19:55:01.037+0000] {processor.py:925} INFO - DAG(s) 'latest_only_with_trigger' retrieved from /home/airflow/.local/lib/python3.12/site-packages/airflow/example_dags/example_latest_only_with_trigger.py
[2024-11-11T19:55:01.093+0000] {logging_mixin.py:190} INFO - [2024-11-11T19:55:01.092+0000] {dag.py:3239} INFO - Sync 1 DAGs
[2024-11-11T19:55:01.153+0000] {logging_mixin.py:190} INFO - [2024-11-11T19:55:01.153+0000] {dag.py:4180} INFO - Setting next_dagrun for latest_only_with_trigger to 2024-11-11 12:00:00+00:00, run_after=2024-11-11 16:00:00+00:00
[2024-11-11T19:55:01.199+0000] {processor.py:208} INFO - Processing /home/airflow/.local/lib/python3.12/site-packages/airflow/example_dags/example_latest_only_with_trigger.py took 0.202 seconds
[2024-11-11T19:55:31.878+0000] {processor.py:186} INFO - Started process (PID=8080) to work on /home/airflow/.local/lib/python3.12/site-packages/airflow/example_dags/example_latest_only_with_trigger.py
[2024-11-11T19:55:31.880+0000] {processor.py:914} INFO - Processing file /home/airflow/.local/lib/python3.12/site-packages/airflow/example_dags/example_latest_only_with_trigger.py for tasks to queue
[2024-11-11T19:55:31.885+0000] {logging_mixin.py:190} INFO - [2024-11-11T19:55:31.884+0000] {dagbag.py:588} INFO - Filling up the DagBag from /home/airflow/.local/lib/python3.12/site-packages/airflow/example_dags/example_latest_only_with_trigger.py
[2024-11-11T19:55:31.911+0000] {processor.py:925} INFO - DAG(s) 'latest_only_with_trigger' retrieved from /home/airflow/.local/lib/python3.12/site-packages/airflow/example_dags/example_latest_only_with_trigger.py
[2024-11-11T19:55:31.971+0000] {logging_mixin.py:190} INFO - [2024-11-11T19:55:31.970+0000] {dag.py:3239} INFO - Sync 1 DAGs
[2024-11-11T19:55:32.021+0000] {logging_mixin.py:190} INFO - [2024-11-11T19:55:32.021+0000] {dag.py:4180} INFO - Setting next_dagrun for latest_only_with_trigger to 2024-11-11 12:00:00+00:00, run_after=2024-11-11 16:00:00+00:00
[2024-11-11T19:55:32.080+0000] {processor.py:208} INFO - Processing /home/airflow/.local/lib/python3.12/site-packages/airflow/example_dags/example_latest_only_with_trigger.py took 0.213 seconds
[2024-11-11T19:56:02.397+0000] {processor.py:186} INFO - Started process (PID=8369) to work on /home/airflow/.local/lib/python3.12/site-packages/airflow/example_dags/example_latest_only_with_trigger.py
[2024-11-11T19:56:02.400+0000] {processor.py:914} INFO - Processing file /home/airflow/.local/lib/python3.12/site-packages/airflow/example_dags/example_latest_only_with_trigger.py for tasks to queue
[2024-11-11T19:56:02.404+0000] {logging_mixin.py:190} INFO - [2024-11-11T19:56:02.403+0000] {dagbag.py:588} INFO - Filling up the DagBag from /home/airflow/.local/lib/python3.12/site-packages/airflow/example_dags/example_latest_only_with_trigger.py
[2024-11-11T19:56:02.419+0000] {processor.py:925} INFO - DAG(s) 'latest_only_with_trigger' retrieved from /home/airflow/.local/lib/python3.12/site-packages/airflow/example_dags/example_latest_only_with_trigger.py
[2024-11-11T19:56:02.500+0000] {logging_mixin.py:190} INFO - [2024-11-11T19:56:02.499+0000] {dag.py:3239} INFO - Sync 1 DAGs
[2024-11-11T19:56:02.630+0000] {logging_mixin.py:190} INFO - [2024-11-11T19:56:02.629+0000] {dag.py:4180} INFO - Setting next_dagrun for latest_only_with_trigger to 2024-11-11 12:00:00+00:00, run_after=2024-11-11 16:00:00+00:00
[2024-11-11T19:56:02.678+0000] {processor.py:208} INFO - Processing /home/airflow/.local/lib/python3.12/site-packages/airflow/example_dags/example_latest_only_with_trigger.py took 0.296 seconds
[2024-11-11T19:56:32.910+0000] {processor.py:186} INFO - Started process (PID=8660) to work on /home/airflow/.local/lib/python3.12/site-packages/airflow/example_dags/example_latest_only_with_trigger.py
[2024-11-11T19:56:32.913+0000] {processor.py:914} INFO - Processing file /home/airflow/.local/lib/python3.12/site-packages/airflow/example_dags/example_latest_only_with_trigger.py for tasks to queue
[2024-11-11T19:56:32.922+0000] {logging_mixin.py:190} INFO - [2024-11-11T19:56:32.921+0000] {dagbag.py:588} INFO - Filling up the DagBag from /home/airflow/.local/lib/python3.12/site-packages/airflow/example_dags/example_latest_only_with_trigger.py
[2024-11-11T19:56:32.943+0000] {processor.py:925} INFO - DAG(s) 'latest_only_with_trigger' retrieved from /home/airflow/.local/lib/python3.12/site-packages/airflow/example_dags/example_latest_only_with_trigger.py
[2024-11-11T19:56:33.037+0000] {logging_mixin.py:190} INFO - [2024-11-11T19:56:33.035+0000] {dag.py:3239} INFO - Sync 1 DAGs
[2024-11-11T19:56:33.146+0000] {logging_mixin.py:190} INFO - [2024-11-11T19:56:33.145+0000] {dag.py:4180} INFO - Setting next_dagrun for latest_only_with_trigger to 2024-11-11 12:00:00+00:00, run_after=2024-11-11 16:00:00+00:00
[2024-11-11T19:56:33.207+0000] {processor.py:208} INFO - Processing /home/airflow/.local/lib/python3.12/site-packages/airflow/example_dags/example_latest_only_with_trigger.py took 0.313 seconds
[2024-11-11T19:57:04.103+0000] {processor.py:186} INFO - Started process (PID=8951) to work on /home/airflow/.local/lib/python3.12/site-packages/airflow/example_dags/example_latest_only_with_trigger.py
[2024-11-11T19:57:04.108+0000] {processor.py:914} INFO - Processing file /home/airflow/.local/lib/python3.12/site-packages/airflow/example_dags/example_latest_only_with_trigger.py for tasks to queue
[2024-11-11T19:57:04.120+0000] {logging_mixin.py:190} INFO - [2024-11-11T19:57:04.119+0000] {dagbag.py:588} INFO - Filling up the DagBag from /home/airflow/.local/lib/python3.12/site-packages/airflow/example_dags/example_latest_only_with_trigger.py
[2024-11-11T19:57:04.154+0000] {processor.py:925} INFO - DAG(s) 'latest_only_with_trigger' retrieved from /home/airflow/.local/lib/python3.12/site-packages/airflow/example_dags/example_latest_only_with_trigger.py
[2024-11-11T19:57:04.255+0000] {logging_mixin.py:190} INFO - [2024-11-11T19:57:04.254+0000] {dag.py:3239} INFO - Sync 1 DAGs
[2024-11-11T19:57:04.372+0000] {logging_mixin.py:190} INFO - [2024-11-11T19:57:04.371+0000] {dag.py:4180} INFO - Setting next_dagrun for latest_only_with_trigger to 2024-11-11 12:00:00+00:00, run_after=2024-11-11 16:00:00+00:00
[2024-11-11T19:57:04.456+0000] {processor.py:208} INFO - Processing /home/airflow/.local/lib/python3.12/site-packages/airflow/example_dags/example_latest_only_with_trigger.py took 0.384 seconds
[2024-11-11T19:57:34.673+0000] {processor.py:186} INFO - Started process (PID=9242) to work on /home/airflow/.local/lib/python3.12/site-packages/airflow/example_dags/example_latest_only_with_trigger.py
[2024-11-11T19:57:34.675+0000] {processor.py:914} INFO - Processing file /home/airflow/.local/lib/python3.12/site-packages/airflow/example_dags/example_latest_only_with_trigger.py for tasks to queue
[2024-11-11T19:57:34.680+0000] {logging_mixin.py:190} INFO - [2024-11-11T19:57:34.679+0000] {dagbag.py:588} INFO - Filling up the DagBag from /home/airflow/.local/lib/python3.12/site-packages/airflow/example_dags/example_latest_only_with_trigger.py
[2024-11-11T19:57:34.694+0000] {processor.py:925} INFO - DAG(s) 'latest_only_with_trigger' retrieved from /home/airflow/.local/lib/python3.12/site-packages/airflow/example_dags/example_latest_only_with_trigger.py
[2024-11-11T19:57:34.738+0000] {logging_mixin.py:190} INFO - [2024-11-11T19:57:34.738+0000] {dag.py:3239} INFO - Sync 1 DAGs
[2024-11-11T19:57:34.793+0000] {logging_mixin.py:190} INFO - [2024-11-11T19:57:34.792+0000] {dag.py:4180} INFO - Setting next_dagrun for latest_only_with_trigger to 2024-11-11 12:00:00+00:00, run_after=2024-11-11 16:00:00+00:00
[2024-11-11T19:57:34.842+0000] {processor.py:208} INFO - Processing /home/airflow/.local/lib/python3.12/site-packages/airflow/example_dags/example_latest_only_with_trigger.py took 0.180 seconds
[2024-11-11T19:58:05.069+0000] {processor.py:186} INFO - Started process (PID=9525) to work on /home/airflow/.local/lib/python3.12/site-packages/airflow/example_dags/example_latest_only_with_trigger.py
[2024-11-11T19:58:05.072+0000] {processor.py:914} INFO - Processing file /home/airflow/.local/lib/python3.12/site-packages/airflow/example_dags/example_latest_only_with_trigger.py for tasks to queue
[2024-11-11T19:58:05.078+0000] {logging_mixin.py:190} INFO - [2024-11-11T19:58:05.077+0000] {dagbag.py:588} INFO - Filling up the DagBag from /home/airflow/.local/lib/python3.12/site-packages/airflow/example_dags/example_latest_only_with_trigger.py
[2024-11-11T19:58:05.104+0000] {processor.py:925} INFO - DAG(s) 'latest_only_with_trigger' retrieved from /home/airflow/.local/lib/python3.12/site-packages/airflow/example_dags/example_latest_only_with_trigger.py
[2024-11-11T19:58:05.165+0000] {logging_mixin.py:190} INFO - [2024-11-11T19:58:05.165+0000] {dag.py:3239} INFO - Sync 1 DAGs
[2024-11-11T19:58:05.239+0000] {logging_mixin.py:190} INFO - [2024-11-11T19:58:05.238+0000] {dag.py:4180} INFO - Setting next_dagrun for latest_only_with_trigger to 2024-11-11 12:00:00+00:00, run_after=2024-11-11 16:00:00+00:00
[2024-11-11T19:58:05.289+0000] {processor.py:208} INFO - Processing /home/airflow/.local/lib/python3.12/site-packages/airflow/example_dags/example_latest_only_with_trigger.py took 0.234 seconds
[2024-11-11T19:58:35.785+0000] {processor.py:186} INFO - Started process (PID=9816) to work on /home/airflow/.local/lib/python3.12/site-packages/airflow/example_dags/example_latest_only_with_trigger.py
[2024-11-11T19:58:35.787+0000] {processor.py:914} INFO - Processing file /home/airflow/.local/lib/python3.12/site-packages/airflow/example_dags/example_latest_only_with_trigger.py for tasks to queue
[2024-11-11T19:58:35.792+0000] {logging_mixin.py:190} INFO - [2024-11-11T19:58:35.791+0000] {dagbag.py:588} INFO - Filling up the DagBag from /home/airflow/.local/lib/python3.12/site-packages/airflow/example_dags/example_latest_only_with_trigger.py
[2024-11-11T19:58:35.802+0000] {processor.py:925} INFO - DAG(s) 'latest_only_with_trigger' retrieved from /home/airflow/.local/lib/python3.12/site-packages/airflow/example_dags/example_latest_only_with_trigger.py
[2024-11-11T19:58:35.834+0000] {logging_mixin.py:190} INFO - [2024-11-11T19:58:35.834+0000] {dag.py:3239} INFO - Sync 1 DAGs
[2024-11-11T19:58:35.871+0000] {logging_mixin.py:190} INFO - [2024-11-11T19:58:35.870+0000] {dag.py:4180} INFO - Setting next_dagrun for latest_only_with_trigger to 2024-11-11 12:00:00+00:00, run_after=2024-11-11 16:00:00+00:00
[2024-11-11T19:58:35.902+0000] {processor.py:208} INFO - Processing /home/airflow/.local/lib/python3.12/site-packages/airflow/example_dags/example_latest_only_with_trigger.py took 0.126 seconds
[2024-11-11T19:59:06.696+0000] {processor.py:186} INFO - Started process (PID=10104) to work on /home/airflow/.local/lib/python3.12/site-packages/airflow/example_dags/example_latest_only_with_trigger.py
[2024-11-11T19:59:06.704+0000] {processor.py:914} INFO - Processing file /home/airflow/.local/lib/python3.12/site-packages/airflow/example_dags/example_latest_only_with_trigger.py for tasks to queue
[2024-11-11T19:59:06.712+0000] {logging_mixin.py:190} INFO - [2024-11-11T19:59:06.711+0000] {dagbag.py:588} INFO - Filling up the DagBag from /home/airflow/.local/lib/python3.12/site-packages/airflow/example_dags/example_latest_only_with_trigger.py
[2024-11-11T19:59:06.739+0000] {processor.py:925} INFO - DAG(s) 'latest_only_with_trigger' retrieved from /home/airflow/.local/lib/python3.12/site-packages/airflow/example_dags/example_latest_only_with_trigger.py
[2024-11-11T19:59:06.787+0000] {logging_mixin.py:190} INFO - [2024-11-11T19:59:06.786+0000] {dag.py:3239} INFO - Sync 1 DAGs
[2024-11-11T19:59:06.828+0000] {logging_mixin.py:190} INFO - [2024-11-11T19:59:06.827+0000] {dag.py:4180} INFO - Setting next_dagrun for latest_only_with_trigger to 2024-11-11 12:00:00+00:00, run_after=2024-11-11 16:00:00+00:00
[2024-11-11T19:59:06.863+0000] {processor.py:208} INFO - Processing /home/airflow/.local/lib/python3.12/site-packages/airflow/example_dags/example_latest_only_with_trigger.py took 0.194 seconds
[2024-11-11T19:59:37.728+0000] {processor.py:186} INFO - Started process (PID=10393) to work on /home/airflow/.local/lib/python3.12/site-packages/airflow/example_dags/example_latest_only_with_trigger.py
[2024-11-11T19:59:37.732+0000] {processor.py:914} INFO - Processing file /home/airflow/.local/lib/python3.12/site-packages/airflow/example_dags/example_latest_only_with_trigger.py for tasks to queue
[2024-11-11T19:59:37.737+0000] {logging_mixin.py:190} INFO - [2024-11-11T19:59:37.736+0000] {dagbag.py:588} INFO - Filling up the DagBag from /home/airflow/.local/lib/python3.12/site-packages/airflow/example_dags/example_latest_only_with_trigger.py
[2024-11-11T19:59:37.770+0000] {processor.py:925} INFO - DAG(s) 'latest_only_with_trigger' retrieved from /home/airflow/.local/lib/python3.12/site-packages/airflow/example_dags/example_latest_only_with_trigger.py
[2024-11-11T19:59:37.812+0000] {logging_mixin.py:190} INFO - [2024-11-11T19:59:37.811+0000] {dag.py:3239} INFO - Sync 1 DAGs
[2024-11-11T19:59:37.877+0000] {logging_mixin.py:190} INFO - [2024-11-11T19:59:37.877+0000] {dag.py:4180} INFO - Setting next_dagrun for latest_only_with_trigger to 2024-11-11 12:00:00+00:00, run_after=2024-11-11 16:00:00+00:00
[2024-11-11T19:59:37.920+0000] {processor.py:208} INFO - Processing /home/airflow/.local/lib/python3.12/site-packages/airflow/example_dags/example_latest_only_with_trigger.py took 0.209 seconds
[2024-11-11T20:00:09.492+0000] {processor.py:186} INFO - Started process (PID=10690) to work on /home/airflow/.local/lib/python3.12/site-packages/airflow/example_dags/example_latest_only_with_trigger.py
[2024-11-11T20:00:09.494+0000] {processor.py:914} INFO - Processing file /home/airflow/.local/lib/python3.12/site-packages/airflow/example_dags/example_latest_only_with_trigger.py for tasks to queue
[2024-11-11T20:00:09.499+0000] {logging_mixin.py:190} INFO - [2024-11-11T20:00:09.498+0000] {dagbag.py:588} INFO - Filling up the DagBag from /home/airflow/.local/lib/python3.12/site-packages/airflow/example_dags/example_latest_only_with_trigger.py
[2024-11-11T20:00:09.517+0000] {processor.py:925} INFO - DAG(s) 'latest_only_with_trigger' retrieved from /home/airflow/.local/lib/python3.12/site-packages/airflow/example_dags/example_latest_only_with_trigger.py
[2024-11-11T20:00:09.555+0000] {logging_mixin.py:190} INFO - [2024-11-11T20:00:09.555+0000] {dag.py:3239} INFO - Sync 1 DAGs
[2024-11-11T20:00:09.611+0000] {logging_mixin.py:190} INFO - [2024-11-11T20:00:09.611+0000] {dag.py:4180} INFO - Setting next_dagrun for latest_only_with_trigger to 2024-11-11 16:00:00+00:00, run_after=2024-11-11 20:00:00+00:00
[2024-11-11T20:00:09.654+0000] {processor.py:208} INFO - Processing /home/airflow/.local/lib/python3.12/site-packages/airflow/example_dags/example_latest_only_with_trigger.py took 0.177 seconds
[2024-11-11T20:00:40.327+0000] {processor.py:186} INFO - Started process (PID=10975) to work on /home/airflow/.local/lib/python3.12/site-packages/airflow/example_dags/example_latest_only_with_trigger.py
[2024-11-11T20:00:40.331+0000] {processor.py:914} INFO - Processing file /home/airflow/.local/lib/python3.12/site-packages/airflow/example_dags/example_latest_only_with_trigger.py for tasks to queue
[2024-11-11T20:00:40.338+0000] {logging_mixin.py:190} INFO - [2024-11-11T20:00:40.337+0000] {dagbag.py:588} INFO - Filling up the DagBag from /home/airflow/.local/lib/python3.12/site-packages/airflow/example_dags/example_latest_only_with_trigger.py
[2024-11-11T20:00:40.356+0000] {processor.py:925} INFO - DAG(s) 'latest_only_with_trigger' retrieved from /home/airflow/.local/lib/python3.12/site-packages/airflow/example_dags/example_latest_only_with_trigger.py
[2024-11-11T20:00:40.413+0000] {logging_mixin.py:190} INFO - [2024-11-11T20:00:40.412+0000] {dag.py:3239} INFO - Sync 1 DAGs
[2024-11-11T20:00:40.462+0000] {logging_mixin.py:190} INFO - [2024-11-11T20:00:40.461+0000] {dag.py:4180} INFO - Setting next_dagrun for latest_only_with_trigger to 2024-11-11 16:00:00+00:00, run_after=2024-11-11 20:00:00+00:00
[2024-11-11T20:00:40.505+0000] {processor.py:208} INFO - Processing /home/airflow/.local/lib/python3.12/site-packages/airflow/example_dags/example_latest_only_with_trigger.py took 0.197 seconds
[2024-11-11T20:01:10.840+0000] {processor.py:186} INFO - Started process (PID=11261) to work on /home/airflow/.local/lib/python3.12/site-packages/airflow/example_dags/example_latest_only_with_trigger.py
[2024-11-11T20:01:10.844+0000] {processor.py:914} INFO - Processing file /home/airflow/.local/lib/python3.12/site-packages/airflow/example_dags/example_latest_only_with_trigger.py for tasks to queue
[2024-11-11T20:01:10.852+0000] {logging_mixin.py:190} INFO - [2024-11-11T20:01:10.851+0000] {dagbag.py:588} INFO - Filling up the DagBag from /home/airflow/.local/lib/python3.12/site-packages/airflow/example_dags/example_latest_only_with_trigger.py
[2024-11-11T20:01:10.882+0000] {processor.py:925} INFO - DAG(s) 'latest_only_with_trigger' retrieved from /home/airflow/.local/lib/python3.12/site-packages/airflow/example_dags/example_latest_only_with_trigger.py
[2024-11-11T20:01:10.972+0000] {logging_mixin.py:190} INFO - [2024-11-11T20:01:10.971+0000] {dag.py:3239} INFO - Sync 1 DAGs
[2024-11-11T20:01:11.079+0000] {logging_mixin.py:190} INFO - [2024-11-11T20:01:11.078+0000] {dag.py:4180} INFO - Setting next_dagrun for latest_only_with_trigger to 2024-11-11 16:00:00+00:00, run_after=2024-11-11 20:00:00+00:00
[2024-11-11T20:01:11.131+0000] {processor.py:208} INFO - Processing /home/airflow/.local/lib/python3.12/site-packages/airflow/example_dags/example_latest_only_with_trigger.py took 0.319 seconds
[2024-11-11T20:01:42.015+0000] {processor.py:186} INFO - Started process (PID=11552) to work on /home/airflow/.local/lib/python3.12/site-packages/airflow/example_dags/example_latest_only_with_trigger.py
[2024-11-11T20:01:42.017+0000] {processor.py:914} INFO - Processing file /home/airflow/.local/lib/python3.12/site-packages/airflow/example_dags/example_latest_only_with_trigger.py for tasks to queue
[2024-11-11T20:01:42.023+0000] {logging_mixin.py:190} INFO - [2024-11-11T20:01:42.022+0000] {dagbag.py:588} INFO - Filling up the DagBag from /home/airflow/.local/lib/python3.12/site-packages/airflow/example_dags/example_latest_only_with_trigger.py
[2024-11-11T20:01:42.042+0000] {processor.py:925} INFO - DAG(s) 'latest_only_with_trigger' retrieved from /home/airflow/.local/lib/python3.12/site-packages/airflow/example_dags/example_latest_only_with_trigger.py
[2024-11-11T20:01:42.090+0000] {logging_mixin.py:190} INFO - [2024-11-11T20:01:42.089+0000] {dag.py:3239} INFO - Sync 1 DAGs
[2024-11-11T20:01:42.172+0000] {logging_mixin.py:190} INFO - [2024-11-11T20:01:42.172+0000] {dag.py:4180} INFO - Setting next_dagrun for latest_only_with_trigger to 2024-11-11 16:00:00+00:00, run_after=2024-11-11 20:00:00+00:00
[2024-11-11T20:01:42.236+0000] {processor.py:208} INFO - Processing /home/airflow/.local/lib/python3.12/site-packages/airflow/example_dags/example_latest_only_with_trigger.py took 0.240 seconds
[2024-11-11T20:02:13.364+0000] {processor.py:186} INFO - Started process (PID=11854) to work on /home/airflow/.local/lib/python3.12/site-packages/airflow/example_dags/example_latest_only_with_trigger.py
[2024-11-11T20:02:13.366+0000] {processor.py:914} INFO - Processing file /home/airflow/.local/lib/python3.12/site-packages/airflow/example_dags/example_latest_only_with_trigger.py for tasks to queue
[2024-11-11T20:02:13.371+0000] {logging_mixin.py:190} INFO - [2024-11-11T20:02:13.370+0000] {dagbag.py:588} INFO - Filling up the DagBag from /home/airflow/.local/lib/python3.12/site-packages/airflow/example_dags/example_latest_only_with_trigger.py
[2024-11-11T20:02:13.392+0000] {processor.py:925} INFO - DAG(s) 'latest_only_with_trigger' retrieved from /home/airflow/.local/lib/python3.12/site-packages/airflow/example_dags/example_latest_only_with_trigger.py
[2024-11-11T20:02:13.439+0000] {logging_mixin.py:190} INFO - [2024-11-11T20:02:13.439+0000] {dag.py:3239} INFO - Sync 1 DAGs
[2024-11-11T20:02:13.489+0000] {logging_mixin.py:190} INFO - [2024-11-11T20:02:13.489+0000] {dag.py:4180} INFO - Setting next_dagrun for latest_only_with_trigger to 2024-11-11 16:00:00+00:00, run_after=2024-11-11 20:00:00+00:00
[2024-11-11T20:02:13.524+0000] {processor.py:208} INFO - Processing /home/airflow/.local/lib/python3.12/site-packages/airflow/example_dags/example_latest_only_with_trigger.py took 0.175 seconds
[2024-11-11T20:02:43.992+0000] {processor.py:186} INFO - Started process (PID=12147) to work on /home/airflow/.local/lib/python3.12/site-packages/airflow/example_dags/example_latest_only_with_trigger.py
[2024-11-11T20:02:43.994+0000] {processor.py:914} INFO - Processing file /home/airflow/.local/lib/python3.12/site-packages/airflow/example_dags/example_latest_only_with_trigger.py for tasks to queue
[2024-11-11T20:02:43.998+0000] {logging_mixin.py:190} INFO - [2024-11-11T20:02:43.997+0000] {dagbag.py:588} INFO - Filling up the DagBag from /home/airflow/.local/lib/python3.12/site-packages/airflow/example_dags/example_latest_only_with_trigger.py
[2024-11-11T20:02:44.011+0000] {processor.py:925} INFO - DAG(s) 'latest_only_with_trigger' retrieved from /home/airflow/.local/lib/python3.12/site-packages/airflow/example_dags/example_latest_only_with_trigger.py
[2024-11-11T20:02:44.045+0000] {logging_mixin.py:190} INFO - [2024-11-11T20:02:44.044+0000] {dag.py:3239} INFO - Sync 1 DAGs
[2024-11-11T20:02:44.101+0000] {logging_mixin.py:190} INFO - [2024-11-11T20:02:44.100+0000] {dag.py:4180} INFO - Setting next_dagrun for latest_only_with_trigger to 2024-11-11 16:00:00+00:00, run_after=2024-11-11 20:00:00+00:00
[2024-11-11T20:02:44.146+0000] {processor.py:208} INFO - Processing /home/airflow/.local/lib/python3.12/site-packages/airflow/example_dags/example_latest_only_with_trigger.py took 0.168 seconds
