[2024-11-11T19:41:41.444+0000] {processor.py:186} INFO - Started process (PID=362) to work on /home/airflow/.local/lib/python3.12/site-packages/airflow/example_dags/example_setup_teardown.py
[2024-11-11T19:41:41.445+0000] {processor.py:914} INFO - Processing file /home/airflow/.local/lib/python3.12/site-packages/airflow/example_dags/example_setup_teardown.py for tasks to queue
[2024-11-11T19:41:41.448+0000] {logging_mixin.py:190} INFO - [2024-11-11T19:41:41.448+0000] {dagbag.py:588} INFO - Filling up the DagBag from /home/airflow/.local/lib/python3.12/site-packages/airflow/example_dags/example_setup_teardown.py
[2024-11-11T19:41:41.464+0000] {processor.py:925} INFO - DAG(s) 'example_setup_teardown' retrieved from /home/airflow/.local/lib/python3.12/site-packages/airflow/example_dags/example_setup_teardown.py
[2024-11-11T19:41:41.690+0000] {logging_mixin.py:190} INFO - [2024-11-11T19:41:41.688+0000] {override.py:1911} INFO - Created Permission View: can delete on DAG:example_setup_teardown
[2024-11-11T19:41:41.714+0000] {logging_mixin.py:190} INFO - [2024-11-11T19:41:41.714+0000] {override.py:1911} INFO - Created Permission View: can read on DAG:example_setup_teardown
[2024-11-11T19:41:41.729+0000] {logging_mixin.py:190} INFO - [2024-11-11T19:41:41.729+0000] {override.py:1911} INFO - Created Permission View: can edit on DAG:example_setup_teardown
[2024-11-11T19:41:41.745+0000] {logging_mixin.py:190} INFO - [2024-11-11T19:41:41.745+0000] {override.py:1911} INFO - Created Permission View: can delete on DAG Run:example_setup_teardown
[2024-11-11T19:41:41.758+0000] {logging_mixin.py:190} INFO - [2024-11-11T19:41:41.758+0000] {override.py:1911} INFO - Created Permission View: can create on DAG Run:example_setup_teardown
[2024-11-11T19:41:41.770+0000] {logging_mixin.py:190} INFO - [2024-11-11T19:41:41.770+0000] {override.py:1911} INFO - Created Permission View: menu access on DAG Run:example_setup_teardown
[2024-11-11T19:41:41.782+0000] {logging_mixin.py:190} INFO - [2024-11-11T19:41:41.782+0000] {override.py:1911} INFO - Created Permission View: can read on DAG Run:example_setup_teardown
[2024-11-11T19:41:41.783+0000] {logging_mixin.py:190} INFO - [2024-11-11T19:41:41.783+0000] {dag.py:3239} INFO - Sync 1 DAGs
[2024-11-11T19:41:41.803+0000] {logging_mixin.py:190} INFO - [2024-11-11T19:41:41.803+0000] {dag.py:3262} INFO - Creating ORM DAG for example_setup_teardown
[2024-11-11T19:41:41.804+0000] {logging_mixin.py:190} INFO - [2024-11-11T19:41:41.804+0000] {dag.py:4180} INFO - Setting next_dagrun for example_setup_teardown to None, run_after=None
[2024-11-11T19:41:41.830+0000] {processor.py:208} INFO - Processing /home/airflow/.local/lib/python3.12/site-packages/airflow/example_dags/example_setup_teardown.py took 0.398 seconds
[2024-11-11T19:42:13.006+0000] {processor.py:186} INFO - Started process (PID=653) to work on /home/airflow/.local/lib/python3.12/site-packages/airflow/example_dags/example_setup_teardown.py
[2024-11-11T19:42:13.008+0000] {processor.py:914} INFO - Processing file /home/airflow/.local/lib/python3.12/site-packages/airflow/example_dags/example_setup_teardown.py for tasks to queue
[2024-11-11T19:42:13.011+0000] {logging_mixin.py:190} INFO - [2024-11-11T19:42:13.011+0000] {dagbag.py:588} INFO - Filling up the DagBag from /home/airflow/.local/lib/python3.12/site-packages/airflow/example_dags/example_setup_teardown.py
[2024-11-11T19:42:13.028+0000] {processor.py:925} INFO - DAG(s) 'example_setup_teardown' retrieved from /home/airflow/.local/lib/python3.12/site-packages/airflow/example_dags/example_setup_teardown.py
[2024-11-11T19:42:13.077+0000] {logging_mixin.py:190} INFO - [2024-11-11T19:42:13.076+0000] {dag.py:3239} INFO - Sync 1 DAGs
[2024-11-11T19:42:13.104+0000] {logging_mixin.py:190} INFO - [2024-11-11T19:42:13.103+0000] {dag.py:4180} INFO - Setting next_dagrun for example_setup_teardown to None, run_after=None
[2024-11-11T19:42:13.138+0000] {processor.py:208} INFO - Processing /home/airflow/.local/lib/python3.12/site-packages/airflow/example_dags/example_setup_teardown.py took 0.145 seconds
[2024-11-11T19:42:45.214+0000] {processor.py:186} INFO - Started process (PID=945) to work on /home/airflow/.local/lib/python3.12/site-packages/airflow/example_dags/example_setup_teardown.py
[2024-11-11T19:42:45.216+0000] {processor.py:914} INFO - Processing file /home/airflow/.local/lib/python3.12/site-packages/airflow/example_dags/example_setup_teardown.py for tasks to queue
[2024-11-11T19:42:45.220+0000] {logging_mixin.py:190} INFO - [2024-11-11T19:42:45.220+0000] {dagbag.py:588} INFO - Filling up the DagBag from /home/airflow/.local/lib/python3.12/site-packages/airflow/example_dags/example_setup_teardown.py
[2024-11-11T19:42:45.236+0000] {processor.py:925} INFO - DAG(s) 'example_setup_teardown' retrieved from /home/airflow/.local/lib/python3.12/site-packages/airflow/example_dags/example_setup_teardown.py
[2024-11-11T19:42:45.278+0000] {logging_mixin.py:190} INFO - [2024-11-11T19:42:45.278+0000] {dag.py:3239} INFO - Sync 1 DAGs
[2024-11-11T19:42:45.307+0000] {logging_mixin.py:190} INFO - [2024-11-11T19:42:45.306+0000] {dag.py:4180} INFO - Setting next_dagrun for example_setup_teardown to None, run_after=None
[2024-11-11T19:42:45.346+0000] {processor.py:208} INFO - Processing /home/airflow/.local/lib/python3.12/site-packages/airflow/example_dags/example_setup_teardown.py took 0.143 seconds
[2024-11-11T19:43:16.785+0000] {processor.py:186} INFO - Started process (PID=1236) to work on /home/airflow/.local/lib/python3.12/site-packages/airflow/example_dags/example_setup_teardown.py
[2024-11-11T19:43:16.812+0000] {processor.py:914} INFO - Processing file /home/airflow/.local/lib/python3.12/site-packages/airflow/example_dags/example_setup_teardown.py for tasks to queue
[2024-11-11T19:43:16.818+0000] {logging_mixin.py:190} INFO - [2024-11-11T19:43:16.818+0000] {dagbag.py:588} INFO - Filling up the DagBag from /home/airflow/.local/lib/python3.12/site-packages/airflow/example_dags/example_setup_teardown.py
[2024-11-11T19:43:16.868+0000] {processor.py:925} INFO - DAG(s) 'example_setup_teardown' retrieved from /home/airflow/.local/lib/python3.12/site-packages/airflow/example_dags/example_setup_teardown.py
[2024-11-11T19:43:16.906+0000] {logging_mixin.py:190} INFO - [2024-11-11T19:43:16.905+0000] {dag.py:3239} INFO - Sync 1 DAGs
[2024-11-11T19:43:16.930+0000] {logging_mixin.py:190} INFO - [2024-11-11T19:43:16.930+0000] {dag.py:4180} INFO - Setting next_dagrun for example_setup_teardown to None, run_after=None
[2024-11-11T19:43:16.960+0000] {processor.py:208} INFO - Processing /home/airflow/.local/lib/python3.12/site-packages/airflow/example_dags/example_setup_teardown.py took 0.202 seconds
[2024-11-11T19:43:47.580+0000] {processor.py:186} INFO - Started process (PID=1522) to work on /home/airflow/.local/lib/python3.12/site-packages/airflow/example_dags/example_setup_teardown.py
[2024-11-11T19:43:47.583+0000] {processor.py:914} INFO - Processing file /home/airflow/.local/lib/python3.12/site-packages/airflow/example_dags/example_setup_teardown.py for tasks to queue
[2024-11-11T19:43:47.588+0000] {logging_mixin.py:190} INFO - [2024-11-11T19:43:47.588+0000] {dagbag.py:588} INFO - Filling up the DagBag from /home/airflow/.local/lib/python3.12/site-packages/airflow/example_dags/example_setup_teardown.py
[2024-11-11T19:43:47.614+0000] {processor.py:925} INFO - DAG(s) 'example_setup_teardown' retrieved from /home/airflow/.local/lib/python3.12/site-packages/airflow/example_dags/example_setup_teardown.py
[2024-11-11T19:43:47.672+0000] {logging_mixin.py:190} INFO - [2024-11-11T19:43:47.672+0000] {dag.py:3239} INFO - Sync 1 DAGs
[2024-11-11T19:43:47.710+0000] {logging_mixin.py:190} INFO - [2024-11-11T19:43:47.710+0000] {dag.py:4180} INFO - Setting next_dagrun for example_setup_teardown to None, run_after=None
[2024-11-11T19:43:47.757+0000] {processor.py:208} INFO - Processing /home/airflow/.local/lib/python3.12/site-packages/airflow/example_dags/example_setup_teardown.py took 0.197 seconds
[2024-11-11T19:44:18.047+0000] {processor.py:186} INFO - Started process (PID=1808) to work on /home/airflow/.local/lib/python3.12/site-packages/airflow/example_dags/example_setup_teardown.py
[2024-11-11T19:44:18.049+0000] {processor.py:914} INFO - Processing file /home/airflow/.local/lib/python3.12/site-packages/airflow/example_dags/example_setup_teardown.py for tasks to queue
[2024-11-11T19:44:18.052+0000] {logging_mixin.py:190} INFO - [2024-11-11T19:44:18.052+0000] {dagbag.py:588} INFO - Filling up the DagBag from /home/airflow/.local/lib/python3.12/site-packages/airflow/example_dags/example_setup_teardown.py
[2024-11-11T19:44:18.072+0000] {processor.py:925} INFO - DAG(s) 'example_setup_teardown' retrieved from /home/airflow/.local/lib/python3.12/site-packages/airflow/example_dags/example_setup_teardown.py
[2024-11-11T19:44:18.140+0000] {logging_mixin.py:190} INFO - [2024-11-11T19:44:18.140+0000] {dag.py:3239} INFO - Sync 1 DAGs
[2024-11-11T19:44:18.170+0000] {logging_mixin.py:190} INFO - [2024-11-11T19:44:18.169+0000] {dag.py:4180} INFO - Setting next_dagrun for example_setup_teardown to None, run_after=None
[2024-11-11T19:44:18.209+0000] {processor.py:208} INFO - Processing /home/airflow/.local/lib/python3.12/site-packages/airflow/example_dags/example_setup_teardown.py took 0.180 seconds
[2024-11-11T19:44:48.526+0000] {processor.py:186} INFO - Started process (PID=2094) to work on /home/airflow/.local/lib/python3.12/site-packages/airflow/example_dags/example_setup_teardown.py
[2024-11-11T19:44:48.531+0000] {processor.py:914} INFO - Processing file /home/airflow/.local/lib/python3.12/site-packages/airflow/example_dags/example_setup_teardown.py for tasks to queue
[2024-11-11T19:44:48.543+0000] {logging_mixin.py:190} INFO - [2024-11-11T19:44:48.541+0000] {dagbag.py:588} INFO - Filling up the DagBag from /home/airflow/.local/lib/python3.12/site-packages/airflow/example_dags/example_setup_teardown.py
[2024-11-11T19:44:48.575+0000] {processor.py:925} INFO - DAG(s) 'example_setup_teardown' retrieved from /home/airflow/.local/lib/python3.12/site-packages/airflow/example_dags/example_setup_teardown.py
[2024-11-11T19:44:48.608+0000] {logging_mixin.py:190} INFO - [2024-11-11T19:44:48.608+0000] {dag.py:3239} INFO - Sync 1 DAGs
[2024-11-11T19:44:48.632+0000] {logging_mixin.py:190} INFO - [2024-11-11T19:44:48.631+0000] {dag.py:4180} INFO - Setting next_dagrun for example_setup_teardown to None, run_after=None
[2024-11-11T19:44:48.667+0000] {processor.py:208} INFO - Processing /home/airflow/.local/lib/python3.12/site-packages/airflow/example_dags/example_setup_teardown.py took 0.187 seconds
[2024-11-11T19:45:18.976+0000] {processor.py:186} INFO - Started process (PID=2385) to work on /home/airflow/.local/lib/python3.12/site-packages/airflow/example_dags/example_setup_teardown.py
[2024-11-11T19:45:18.977+0000] {processor.py:914} INFO - Processing file /home/airflow/.local/lib/python3.12/site-packages/airflow/example_dags/example_setup_teardown.py for tasks to queue
[2024-11-11T19:45:18.980+0000] {logging_mixin.py:190} INFO - [2024-11-11T19:45:18.980+0000] {dagbag.py:588} INFO - Filling up the DagBag from /home/airflow/.local/lib/python3.12/site-packages/airflow/example_dags/example_setup_teardown.py
[2024-11-11T19:45:18.993+0000] {processor.py:925} INFO - DAG(s) 'example_setup_teardown' retrieved from /home/airflow/.local/lib/python3.12/site-packages/airflow/example_dags/example_setup_teardown.py
[2024-11-11T19:45:19.024+0000] {logging_mixin.py:190} INFO - [2024-11-11T19:45:19.024+0000] {dag.py:3239} INFO - Sync 1 DAGs
[2024-11-11T19:45:19.049+0000] {logging_mixin.py:190} INFO - [2024-11-11T19:45:19.048+0000] {dag.py:4180} INFO - Setting next_dagrun for example_setup_teardown to None, run_after=None
[2024-11-11T19:45:19.080+0000] {processor.py:208} INFO - Processing /home/airflow/.local/lib/python3.12/site-packages/airflow/example_dags/example_setup_teardown.py took 0.114 seconds
[2024-11-11T19:45:49.602+0000] {processor.py:186} INFO - Started process (PID=2676) to work on /home/airflow/.local/lib/python3.12/site-packages/airflow/example_dags/example_setup_teardown.py
[2024-11-11T19:45:49.605+0000] {processor.py:914} INFO - Processing file /home/airflow/.local/lib/python3.12/site-packages/airflow/example_dags/example_setup_teardown.py for tasks to queue
[2024-11-11T19:45:49.614+0000] {logging_mixin.py:190} INFO - [2024-11-11T19:45:49.613+0000] {dagbag.py:588} INFO - Filling up the DagBag from /home/airflow/.local/lib/python3.12/site-packages/airflow/example_dags/example_setup_teardown.py
[2024-11-11T19:45:49.650+0000] {processor.py:925} INFO - DAG(s) 'example_setup_teardown' retrieved from /home/airflow/.local/lib/python3.12/site-packages/airflow/example_dags/example_setup_teardown.py
[2024-11-11T19:45:49.741+0000] {logging_mixin.py:190} INFO - [2024-11-11T19:45:49.740+0000] {dag.py:3239} INFO - Sync 1 DAGs
[2024-11-11T19:45:49.810+0000] {logging_mixin.py:190} INFO - [2024-11-11T19:45:49.809+0000] {dag.py:4180} INFO - Setting next_dagrun for example_setup_teardown to None, run_after=None
[2024-11-11T19:45:49.890+0000] {processor.py:208} INFO - Processing /home/airflow/.local/lib/python3.12/site-packages/airflow/example_dags/example_setup_teardown.py took 0.315 seconds
[2024-11-11T19:46:20.210+0000] {processor.py:186} INFO - Started process (PID=2967) to work on /home/airflow/.local/lib/python3.12/site-packages/airflow/example_dags/example_setup_teardown.py
[2024-11-11T19:46:20.215+0000] {processor.py:914} INFO - Processing file /home/airflow/.local/lib/python3.12/site-packages/airflow/example_dags/example_setup_teardown.py for tasks to queue
[2024-11-11T19:46:20.225+0000] {logging_mixin.py:190} INFO - [2024-11-11T19:46:20.223+0000] {dagbag.py:588} INFO - Filling up the DagBag from /home/airflow/.local/lib/python3.12/site-packages/airflow/example_dags/example_setup_teardown.py
[2024-11-11T19:46:20.257+0000] {processor.py:925} INFO - DAG(s) 'example_setup_teardown' retrieved from /home/airflow/.local/lib/python3.12/site-packages/airflow/example_dags/example_setup_teardown.py
[2024-11-11T19:46:20.310+0000] {logging_mixin.py:190} INFO - [2024-11-11T19:46:20.310+0000] {dag.py:3239} INFO - Sync 1 DAGs
[2024-11-11T19:46:20.333+0000] {logging_mixin.py:190} INFO - [2024-11-11T19:46:20.333+0000] {dag.py:4180} INFO - Setting next_dagrun for example_setup_teardown to None, run_after=None
[2024-11-11T19:46:20.367+0000] {processor.py:208} INFO - Processing /home/airflow/.local/lib/python3.12/site-packages/airflow/example_dags/example_setup_teardown.py took 0.186 seconds
[2024-11-11T19:46:50.949+0000] {processor.py:186} INFO - Started process (PID=3260) to work on /home/airflow/.local/lib/python3.12/site-packages/airflow/example_dags/example_setup_teardown.py
[2024-11-11T19:46:50.952+0000] {processor.py:914} INFO - Processing file /home/airflow/.local/lib/python3.12/site-packages/airflow/example_dags/example_setup_teardown.py for tasks to queue
[2024-11-11T19:46:50.957+0000] {logging_mixin.py:190} INFO - [2024-11-11T19:46:50.957+0000] {dagbag.py:588} INFO - Filling up the DagBag from /home/airflow/.local/lib/python3.12/site-packages/airflow/example_dags/example_setup_teardown.py
[2024-11-11T19:46:50.976+0000] {processor.py:925} INFO - DAG(s) 'example_setup_teardown' retrieved from /home/airflow/.local/lib/python3.12/site-packages/airflow/example_dags/example_setup_teardown.py
[2024-11-11T19:46:51.028+0000] {logging_mixin.py:190} INFO - [2024-11-11T19:46:51.027+0000] {dag.py:3239} INFO - Sync 1 DAGs
[2024-11-11T19:46:51.082+0000] {logging_mixin.py:190} INFO - [2024-11-11T19:46:51.082+0000] {dag.py:4180} INFO - Setting next_dagrun for example_setup_teardown to None, run_after=None
[2024-11-11T19:46:51.137+0000] {processor.py:208} INFO - Processing /home/airflow/.local/lib/python3.12/site-packages/airflow/example_dags/example_setup_teardown.py took 0.203 seconds
[2024-11-11T19:47:22.077+0000] {processor.py:186} INFO - Started process (PID=3550) to work on /home/airflow/.local/lib/python3.12/site-packages/airflow/example_dags/example_setup_teardown.py
[2024-11-11T19:47:22.078+0000] {processor.py:914} INFO - Processing file /home/airflow/.local/lib/python3.12/site-packages/airflow/example_dags/example_setup_teardown.py for tasks to queue
[2024-11-11T19:47:22.082+0000] {logging_mixin.py:190} INFO - [2024-11-11T19:47:22.082+0000] {dagbag.py:588} INFO - Filling up the DagBag from /home/airflow/.local/lib/python3.12/site-packages/airflow/example_dags/example_setup_teardown.py
[2024-11-11T19:47:22.096+0000] {processor.py:925} INFO - DAG(s) 'example_setup_teardown' retrieved from /home/airflow/.local/lib/python3.12/site-packages/airflow/example_dags/example_setup_teardown.py
[2024-11-11T19:47:22.134+0000] {logging_mixin.py:190} INFO - [2024-11-11T19:47:22.133+0000] {dag.py:3239} INFO - Sync 1 DAGs
[2024-11-11T19:47:22.160+0000] {logging_mixin.py:190} INFO - [2024-11-11T19:47:22.159+0000] {dag.py:4180} INFO - Setting next_dagrun for example_setup_teardown to None, run_after=None
[2024-11-11T19:47:22.194+0000] {processor.py:208} INFO - Processing /home/airflow/.local/lib/python3.12/site-packages/airflow/example_dags/example_setup_teardown.py took 0.128 seconds
[2024-11-11T19:47:52.957+0000] {processor.py:186} INFO - Started process (PID=3842) to work on /home/airflow/.local/lib/python3.12/site-packages/airflow/example_dags/example_setup_teardown.py
[2024-11-11T19:47:52.959+0000] {processor.py:914} INFO - Processing file /home/airflow/.local/lib/python3.12/site-packages/airflow/example_dags/example_setup_teardown.py for tasks to queue
[2024-11-11T19:47:52.964+0000] {logging_mixin.py:190} INFO - [2024-11-11T19:47:52.963+0000] {dagbag.py:588} INFO - Filling up the DagBag from /home/airflow/.local/lib/python3.12/site-packages/airflow/example_dags/example_setup_teardown.py
[2024-11-11T19:47:52.985+0000] {processor.py:925} INFO - DAG(s) 'example_setup_teardown' retrieved from /home/airflow/.local/lib/python3.12/site-packages/airflow/example_dags/example_setup_teardown.py
[2024-11-11T19:47:53.042+0000] {logging_mixin.py:190} INFO - [2024-11-11T19:47:53.042+0000] {dag.py:3239} INFO - Sync 1 DAGs
[2024-11-11T19:47:53.078+0000] {logging_mixin.py:190} INFO - [2024-11-11T19:47:53.078+0000] {dag.py:4180} INFO - Setting next_dagrun for example_setup_teardown to None, run_after=None
[2024-11-11T19:47:53.110+0000] {processor.py:208} INFO - Processing /home/airflow/.local/lib/python3.12/site-packages/airflow/example_dags/example_setup_teardown.py took 0.169 seconds
[2024-11-11T19:48:23.411+0000] {processor.py:186} INFO - Started process (PID=4128) to work on /home/airflow/.local/lib/python3.12/site-packages/airflow/example_dags/example_setup_teardown.py
[2024-11-11T19:48:23.413+0000] {processor.py:914} INFO - Processing file /home/airflow/.local/lib/python3.12/site-packages/airflow/example_dags/example_setup_teardown.py for tasks to queue
[2024-11-11T19:48:23.416+0000] {logging_mixin.py:190} INFO - [2024-11-11T19:48:23.416+0000] {dagbag.py:588} INFO - Filling up the DagBag from /home/airflow/.local/lib/python3.12/site-packages/airflow/example_dags/example_setup_teardown.py
[2024-11-11T19:48:23.429+0000] {processor.py:925} INFO - DAG(s) 'example_setup_teardown' retrieved from /home/airflow/.local/lib/python3.12/site-packages/airflow/example_dags/example_setup_teardown.py
[2024-11-11T19:48:23.463+0000] {logging_mixin.py:190} INFO - [2024-11-11T19:48:23.463+0000] {dag.py:3239} INFO - Sync 1 DAGs
[2024-11-11T19:48:23.487+0000] {logging_mixin.py:190} INFO - [2024-11-11T19:48:23.486+0000] {dag.py:4180} INFO - Setting next_dagrun for example_setup_teardown to None, run_after=None
[2024-11-11T19:48:23.528+0000] {processor.py:208} INFO - Processing /home/airflow/.local/lib/python3.12/site-packages/airflow/example_dags/example_setup_teardown.py took 0.131 seconds
[2024-11-11T19:48:53.895+0000] {processor.py:186} INFO - Started process (PID=4419) to work on /home/airflow/.local/lib/python3.12/site-packages/airflow/example_dags/example_setup_teardown.py
[2024-11-11T19:48:53.900+0000] {processor.py:914} INFO - Processing file /home/airflow/.local/lib/python3.12/site-packages/airflow/example_dags/example_setup_teardown.py for tasks to queue
[2024-11-11T19:48:53.911+0000] {logging_mixin.py:190} INFO - [2024-11-11T19:48:53.910+0000] {dagbag.py:588} INFO - Filling up the DagBag from /home/airflow/.local/lib/python3.12/site-packages/airflow/example_dags/example_setup_teardown.py
[2024-11-11T19:48:53.952+0000] {processor.py:925} INFO - DAG(s) 'example_setup_teardown' retrieved from /home/airflow/.local/lib/python3.12/site-packages/airflow/example_dags/example_setup_teardown.py
[2024-11-11T19:48:54.061+0000] {logging_mixin.py:190} INFO - [2024-11-11T19:48:54.060+0000] {dag.py:3239} INFO - Sync 1 DAGs
[2024-11-11T19:48:54.117+0000] {logging_mixin.py:190} INFO - [2024-11-11T19:48:54.117+0000] {dag.py:4180} INFO - Setting next_dagrun for example_setup_teardown to None, run_after=None
[2024-11-11T19:48:54.173+0000] {processor.py:208} INFO - Processing /home/airflow/.local/lib/python3.12/site-packages/airflow/example_dags/example_setup_teardown.py took 0.313 seconds
[2024-11-11T19:49:24.875+0000] {processor.py:186} INFO - Started process (PID=4710) to work on /home/airflow/.local/lib/python3.12/site-packages/airflow/example_dags/example_setup_teardown.py
[2024-11-11T19:49:24.878+0000] {processor.py:914} INFO - Processing file /home/airflow/.local/lib/python3.12/site-packages/airflow/example_dags/example_setup_teardown.py for tasks to queue
[2024-11-11T19:49:24.884+0000] {logging_mixin.py:190} INFO - [2024-11-11T19:49:24.883+0000] {dagbag.py:588} INFO - Filling up the DagBag from /home/airflow/.local/lib/python3.12/site-packages/airflow/example_dags/example_setup_teardown.py
[2024-11-11T19:49:24.908+0000] {processor.py:925} INFO - DAG(s) 'example_setup_teardown' retrieved from /home/airflow/.local/lib/python3.12/site-packages/airflow/example_dags/example_setup_teardown.py
[2024-11-11T19:49:24.980+0000] {logging_mixin.py:190} INFO - [2024-11-11T19:49:24.979+0000] {dag.py:3239} INFO - Sync 1 DAGs
[2024-11-11T19:49:25.031+0000] {logging_mixin.py:190} INFO - [2024-11-11T19:49:25.031+0000] {dag.py:4180} INFO - Setting next_dagrun for example_setup_teardown to None, run_after=None
[2024-11-11T19:49:25.080+0000] {processor.py:208} INFO - Processing /home/airflow/.local/lib/python3.12/site-packages/airflow/example_dags/example_setup_teardown.py took 0.225 seconds
[2024-11-11T19:49:55.748+0000] {processor.py:186} INFO - Started process (PID=5001) to work on /home/airflow/.local/lib/python3.12/site-packages/airflow/example_dags/example_setup_teardown.py
[2024-11-11T19:49:55.761+0000] {processor.py:914} INFO - Processing file /home/airflow/.local/lib/python3.12/site-packages/airflow/example_dags/example_setup_teardown.py for tasks to queue
[2024-11-11T19:49:55.792+0000] {logging_mixin.py:190} INFO - [2024-11-11T19:49:55.791+0000] {dagbag.py:588} INFO - Filling up the DagBag from /home/airflow/.local/lib/python3.12/site-packages/airflow/example_dags/example_setup_teardown.py
[2024-11-11T19:49:55.903+0000] {processor.py:925} INFO - DAG(s) 'example_setup_teardown' retrieved from /home/airflow/.local/lib/python3.12/site-packages/airflow/example_dags/example_setup_teardown.py
[2024-11-11T19:49:56.096+0000] {logging_mixin.py:190} INFO - [2024-11-11T19:49:56.095+0000] {dag.py:3239} INFO - Sync 1 DAGs
[2024-11-11T19:49:56.250+0000] {logging_mixin.py:190} INFO - [2024-11-11T19:49:56.249+0000] {dag.py:4180} INFO - Setting next_dagrun for example_setup_teardown to None, run_after=None
[2024-11-11T19:49:56.486+0000] {processor.py:208} INFO - Processing /home/airflow/.local/lib/python3.12/site-packages/airflow/example_dags/example_setup_teardown.py took 0.803 seconds
[2024-11-11T19:50:30.286+0000] {processor.py:186} INFO - Started process (PID=5294) to work on /home/airflow/.local/lib/python3.12/site-packages/airflow/example_dags/example_setup_teardown.py
[2024-11-11T19:50:30.289+0000] {processor.py:914} INFO - Processing file /home/airflow/.local/lib/python3.12/site-packages/airflow/example_dags/example_setup_teardown.py for tasks to queue
[2024-11-11T19:50:30.296+0000] {logging_mixin.py:190} INFO - [2024-11-11T19:50:30.294+0000] {dagbag.py:588} INFO - Filling up the DagBag from /home/airflow/.local/lib/python3.12/site-packages/airflow/example_dags/example_setup_teardown.py
[2024-11-11T19:50:30.319+0000] {processor.py:925} INFO - DAG(s) 'example_setup_teardown' retrieved from /home/airflow/.local/lib/python3.12/site-packages/airflow/example_dags/example_setup_teardown.py
[2024-11-11T19:50:30.363+0000] {logging_mixin.py:190} INFO - [2024-11-11T19:50:30.362+0000] {dag.py:3239} INFO - Sync 1 DAGs
[2024-11-11T19:50:30.386+0000] {logging_mixin.py:190} INFO - [2024-11-11T19:50:30.386+0000] {dag.py:4180} INFO - Setting next_dagrun for example_setup_teardown to None, run_after=None
[2024-11-11T19:50:30.414+0000] {processor.py:208} INFO - Processing /home/airflow/.local/lib/python3.12/site-packages/airflow/example_dags/example_setup_teardown.py took 0.160 seconds
[2024-11-11T19:51:00.855+0000] {processor.py:186} INFO - Started process (PID=5578) to work on /home/airflow/.local/lib/python3.12/site-packages/airflow/example_dags/example_setup_teardown.py
[2024-11-11T19:51:00.859+0000] {processor.py:914} INFO - Processing file /home/airflow/.local/lib/python3.12/site-packages/airflow/example_dags/example_setup_teardown.py for tasks to queue
[2024-11-11T19:51:00.868+0000] {logging_mixin.py:190} INFO - [2024-11-11T19:51:00.867+0000] {dagbag.py:588} INFO - Filling up the DagBag from /home/airflow/.local/lib/python3.12/site-packages/airflow/example_dags/example_setup_teardown.py
[2024-11-11T19:51:00.908+0000] {processor.py:925} INFO - DAG(s) 'example_setup_teardown' retrieved from /home/airflow/.local/lib/python3.12/site-packages/airflow/example_dags/example_setup_teardown.py
[2024-11-11T19:51:00.991+0000] {logging_mixin.py:190} INFO - [2024-11-11T19:51:00.990+0000] {dag.py:3239} INFO - Sync 1 DAGs
[2024-11-11T19:51:01.040+0000] {logging_mixin.py:190} INFO - [2024-11-11T19:51:01.040+0000] {dag.py:4180} INFO - Setting next_dagrun for example_setup_teardown to None, run_after=None
[2024-11-11T19:51:01.078+0000] {processor.py:208} INFO - Processing /home/airflow/.local/lib/python3.12/site-packages/airflow/example_dags/example_setup_teardown.py took 0.253 seconds
[2024-11-11T19:51:31.513+0000] {processor.py:186} INFO - Started process (PID=5870) to work on /home/airflow/.local/lib/python3.12/site-packages/airflow/example_dags/example_setup_teardown.py
[2024-11-11T19:51:31.516+0000] {processor.py:914} INFO - Processing file /home/airflow/.local/lib/python3.12/site-packages/airflow/example_dags/example_setup_teardown.py for tasks to queue
[2024-11-11T19:51:31.522+0000] {logging_mixin.py:190} INFO - [2024-11-11T19:51:31.521+0000] {dagbag.py:588} INFO - Filling up the DagBag from /home/airflow/.local/lib/python3.12/site-packages/airflow/example_dags/example_setup_teardown.py
[2024-11-11T19:51:31.543+0000] {processor.py:925} INFO - DAG(s) 'example_setup_teardown' retrieved from /home/airflow/.local/lib/python3.12/site-packages/airflow/example_dags/example_setup_teardown.py
[2024-11-11T19:51:31.591+0000] {logging_mixin.py:190} INFO - [2024-11-11T19:51:31.591+0000] {dag.py:3239} INFO - Sync 1 DAGs
[2024-11-11T19:51:31.625+0000] {logging_mixin.py:190} INFO - [2024-11-11T19:51:31.625+0000] {dag.py:4180} INFO - Setting next_dagrun for example_setup_teardown to None, run_after=None
[2024-11-11T19:51:31.671+0000] {processor.py:208} INFO - Processing /home/airflow/.local/lib/python3.12/site-packages/airflow/example_dags/example_setup_teardown.py took 0.180 seconds
[2024-11-11T19:52:02.453+0000] {processor.py:186} INFO - Started process (PID=6161) to work on /home/airflow/.local/lib/python3.12/site-packages/airflow/example_dags/example_setup_teardown.py
[2024-11-11T19:52:02.456+0000] {processor.py:914} INFO - Processing file /home/airflow/.local/lib/python3.12/site-packages/airflow/example_dags/example_setup_teardown.py for tasks to queue
[2024-11-11T19:52:02.464+0000] {logging_mixin.py:190} INFO - [2024-11-11T19:52:02.463+0000] {dagbag.py:588} INFO - Filling up the DagBag from /home/airflow/.local/lib/python3.12/site-packages/airflow/example_dags/example_setup_teardown.py
[2024-11-11T19:52:02.498+0000] {processor.py:925} INFO - DAG(s) 'example_setup_teardown' retrieved from /home/airflow/.local/lib/python3.12/site-packages/airflow/example_dags/example_setup_teardown.py
[2024-11-11T19:52:02.547+0000] {logging_mixin.py:190} INFO - [2024-11-11T19:52:02.547+0000] {dag.py:3239} INFO - Sync 1 DAGs
[2024-11-11T19:52:02.588+0000] {logging_mixin.py:190} INFO - [2024-11-11T19:52:02.588+0000] {dag.py:4180} INFO - Setting next_dagrun for example_setup_teardown to None, run_after=None
[2024-11-11T19:52:02.636+0000] {processor.py:208} INFO - Processing /home/airflow/.local/lib/python3.12/site-packages/airflow/example_dags/example_setup_teardown.py took 0.217 seconds
[2024-11-11T19:52:32.741+0000] {processor.py:186} INFO - Started process (PID=6452) to work on /home/airflow/.local/lib/python3.12/site-packages/airflow/example_dags/example_setup_teardown.py
[2024-11-11T19:52:32.743+0000] {processor.py:914} INFO - Processing file /home/airflow/.local/lib/python3.12/site-packages/airflow/example_dags/example_setup_teardown.py for tasks to queue
[2024-11-11T19:52:32.747+0000] {logging_mixin.py:190} INFO - [2024-11-11T19:52:32.746+0000] {dagbag.py:588} INFO - Filling up the DagBag from /home/airflow/.local/lib/python3.12/site-packages/airflow/example_dags/example_setup_teardown.py
[2024-11-11T19:52:32.764+0000] {processor.py:925} INFO - DAG(s) 'example_setup_teardown' retrieved from /home/airflow/.local/lib/python3.12/site-packages/airflow/example_dags/example_setup_teardown.py
[2024-11-11T19:52:32.797+0000] {logging_mixin.py:190} INFO - [2024-11-11T19:52:32.796+0000] {dag.py:3239} INFO - Sync 1 DAGs
[2024-11-11T19:52:32.832+0000] {logging_mixin.py:190} INFO - [2024-11-11T19:52:32.832+0000] {dag.py:4180} INFO - Setting next_dagrun for example_setup_teardown to None, run_after=None
[2024-11-11T19:52:32.876+0000] {processor.py:208} INFO - Processing /home/airflow/.local/lib/python3.12/site-packages/airflow/example_dags/example_setup_teardown.py took 0.144 seconds
[2024-11-11T19:53:03.769+0000] {processor.py:186} INFO - Started process (PID=6743) to work on /home/airflow/.local/lib/python3.12/site-packages/airflow/example_dags/example_setup_teardown.py
[2024-11-11T19:53:03.776+0000] {processor.py:914} INFO - Processing file /home/airflow/.local/lib/python3.12/site-packages/airflow/example_dags/example_setup_teardown.py for tasks to queue
[2024-11-11T19:53:03.791+0000] {logging_mixin.py:190} INFO - [2024-11-11T19:53:03.789+0000] {dagbag.py:588} INFO - Filling up the DagBag from /home/airflow/.local/lib/python3.12/site-packages/airflow/example_dags/example_setup_teardown.py
[2024-11-11T19:53:03.819+0000] {processor.py:925} INFO - DAG(s) 'example_setup_teardown' retrieved from /home/airflow/.local/lib/python3.12/site-packages/airflow/example_dags/example_setup_teardown.py
[2024-11-11T19:53:03.873+0000] {logging_mixin.py:190} INFO - [2024-11-11T19:53:03.873+0000] {dag.py:3239} INFO - Sync 1 DAGs
[2024-11-11T19:53:03.912+0000] {logging_mixin.py:190} INFO - [2024-11-11T19:53:03.912+0000] {dag.py:4180} INFO - Setting next_dagrun for example_setup_teardown to None, run_after=None
[2024-11-11T19:53:03.953+0000] {processor.py:208} INFO - Processing /home/airflow/.local/lib/python3.12/site-packages/airflow/example_dags/example_setup_teardown.py took 0.217 seconds
[2024-11-11T19:53:34.317+0000] {processor.py:186} INFO - Started process (PID=7034) to work on /home/airflow/.local/lib/python3.12/site-packages/airflow/example_dags/example_setup_teardown.py
[2024-11-11T19:53:34.321+0000] {processor.py:914} INFO - Processing file /home/airflow/.local/lib/python3.12/site-packages/airflow/example_dags/example_setup_teardown.py for tasks to queue
[2024-11-11T19:53:34.327+0000] {logging_mixin.py:190} INFO - [2024-11-11T19:53:34.326+0000] {dagbag.py:588} INFO - Filling up the DagBag from /home/airflow/.local/lib/python3.12/site-packages/airflow/example_dags/example_setup_teardown.py
[2024-11-11T19:53:34.358+0000] {processor.py:925} INFO - DAG(s) 'example_setup_teardown' retrieved from /home/airflow/.local/lib/python3.12/site-packages/airflow/example_dags/example_setup_teardown.py
[2024-11-11T19:53:34.444+0000] {logging_mixin.py:190} INFO - [2024-11-11T19:53:34.444+0000] {dag.py:3239} INFO - Sync 1 DAGs
[2024-11-11T19:53:34.474+0000] {logging_mixin.py:190} INFO - [2024-11-11T19:53:34.474+0000] {dag.py:4180} INFO - Setting next_dagrun for example_setup_teardown to None, run_after=None
[2024-11-11T19:53:34.504+0000] {processor.py:208} INFO - Processing /home/airflow/.local/lib/python3.12/site-packages/airflow/example_dags/example_setup_teardown.py took 0.201 seconds
[2024-11-11T19:54:04.790+0000] {processor.py:186} INFO - Started process (PID=7325) to work on /home/airflow/.local/lib/python3.12/site-packages/airflow/example_dags/example_setup_teardown.py
[2024-11-11T19:54:04.793+0000] {processor.py:914} INFO - Processing file /home/airflow/.local/lib/python3.12/site-packages/airflow/example_dags/example_setup_teardown.py for tasks to queue
[2024-11-11T19:54:04.797+0000] {logging_mixin.py:190} INFO - [2024-11-11T19:54:04.797+0000] {dagbag.py:588} INFO - Filling up the DagBag from /home/airflow/.local/lib/python3.12/site-packages/airflow/example_dags/example_setup_teardown.py
[2024-11-11T19:54:04.817+0000] {processor.py:925} INFO - DAG(s) 'example_setup_teardown' retrieved from /home/airflow/.local/lib/python3.12/site-packages/airflow/example_dags/example_setup_teardown.py
[2024-11-11T19:54:04.867+0000] {logging_mixin.py:190} INFO - [2024-11-11T19:54:04.866+0000] {dag.py:3239} INFO - Sync 1 DAGs
[2024-11-11T19:54:04.902+0000] {logging_mixin.py:190} INFO - [2024-11-11T19:54:04.901+0000] {dag.py:4180} INFO - Setting next_dagrun for example_setup_teardown to None, run_after=None
[2024-11-11T19:54:04.944+0000] {processor.py:208} INFO - Processing /home/airflow/.local/lib/python3.12/site-packages/airflow/example_dags/example_setup_teardown.py took 0.168 seconds
[2024-11-11T19:54:36.886+0000] {processor.py:186} INFO - Started process (PID=7606) to work on /home/airflow/.local/lib/python3.12/site-packages/airflow/example_dags/example_setup_teardown.py
[2024-11-11T19:54:36.888+0000] {processor.py:914} INFO - Processing file /home/airflow/.local/lib/python3.12/site-packages/airflow/example_dags/example_setup_teardown.py for tasks to queue
[2024-11-11T19:54:36.891+0000] {logging_mixin.py:190} INFO - [2024-11-11T19:54:36.891+0000] {dagbag.py:588} INFO - Filling up the DagBag from /home/airflow/.local/lib/python3.12/site-packages/airflow/example_dags/example_setup_teardown.py
[2024-11-11T19:54:36.907+0000] {processor.py:925} INFO - DAG(s) 'example_setup_teardown' retrieved from /home/airflow/.local/lib/python3.12/site-packages/airflow/example_dags/example_setup_teardown.py
[2024-11-11T19:54:36.951+0000] {logging_mixin.py:190} INFO - [2024-11-11T19:54:36.951+0000] {dag.py:3239} INFO - Sync 1 DAGs
[2024-11-11T19:54:36.984+0000] {logging_mixin.py:190} INFO - [2024-11-11T19:54:36.983+0000] {dag.py:4180} INFO - Setting next_dagrun for example_setup_teardown to None, run_after=None
[2024-11-11T19:54:37.028+0000] {processor.py:208} INFO - Processing /home/airflow/.local/lib/python3.12/site-packages/airflow/example_dags/example_setup_teardown.py took 0.159 seconds
[2024-11-11T19:55:07.456+0000] {processor.py:186} INFO - Started process (PID=7893) to work on /home/airflow/.local/lib/python3.12/site-packages/airflow/example_dags/example_setup_teardown.py
[2024-11-11T19:55:07.461+0000] {processor.py:914} INFO - Processing file /home/airflow/.local/lib/python3.12/site-packages/airflow/example_dags/example_setup_teardown.py for tasks to queue
[2024-11-11T19:55:07.472+0000] {logging_mixin.py:190} INFO - [2024-11-11T19:55:07.470+0000] {dagbag.py:588} INFO - Filling up the DagBag from /home/airflow/.local/lib/python3.12/site-packages/airflow/example_dags/example_setup_teardown.py
[2024-11-11T19:55:07.517+0000] {processor.py:925} INFO - DAG(s) 'example_setup_teardown' retrieved from /home/airflow/.local/lib/python3.12/site-packages/airflow/example_dags/example_setup_teardown.py
[2024-11-11T19:55:07.615+0000] {logging_mixin.py:190} INFO - [2024-11-11T19:55:07.614+0000] {dag.py:3239} INFO - Sync 1 DAGs
[2024-11-11T19:55:07.661+0000] {logging_mixin.py:190} INFO - [2024-11-11T19:55:07.660+0000] {dag.py:4180} INFO - Setting next_dagrun for example_setup_teardown to None, run_after=None
[2024-11-11T19:55:07.714+0000] {processor.py:208} INFO - Processing /home/airflow/.local/lib/python3.12/site-packages/airflow/example_dags/example_setup_teardown.py took 0.296 seconds
[2024-11-11T19:55:38.319+0000] {processor.py:186} INFO - Started process (PID=8185) to work on /home/airflow/.local/lib/python3.12/site-packages/airflow/example_dags/example_setup_teardown.py
[2024-11-11T19:55:38.321+0000] {processor.py:914} INFO - Processing file /home/airflow/.local/lib/python3.12/site-packages/airflow/example_dags/example_setup_teardown.py for tasks to queue
[2024-11-11T19:55:38.326+0000] {logging_mixin.py:190} INFO - [2024-11-11T19:55:38.325+0000] {dagbag.py:588} INFO - Filling up the DagBag from /home/airflow/.local/lib/python3.12/site-packages/airflow/example_dags/example_setup_teardown.py
[2024-11-11T19:55:38.346+0000] {processor.py:925} INFO - DAG(s) 'example_setup_teardown' retrieved from /home/airflow/.local/lib/python3.12/site-packages/airflow/example_dags/example_setup_teardown.py
[2024-11-11T19:55:38.401+0000] {logging_mixin.py:190} INFO - [2024-11-11T19:55:38.400+0000] {dag.py:3239} INFO - Sync 1 DAGs
[2024-11-11T19:55:38.439+0000] {logging_mixin.py:190} INFO - [2024-11-11T19:55:38.438+0000] {dag.py:4180} INFO - Setting next_dagrun for example_setup_teardown to None, run_after=None
[2024-11-11T19:55:38.483+0000] {processor.py:208} INFO - Processing /home/airflow/.local/lib/python3.12/site-packages/airflow/example_dags/example_setup_teardown.py took 0.191 seconds
[2024-11-11T19:56:08.888+0000] {processor.py:186} INFO - Started process (PID=8477) to work on /home/airflow/.local/lib/python3.12/site-packages/airflow/example_dags/example_setup_teardown.py
[2024-11-11T19:56:08.889+0000] {processor.py:914} INFO - Processing file /home/airflow/.local/lib/python3.12/site-packages/airflow/example_dags/example_setup_teardown.py for tasks to queue
[2024-11-11T19:56:08.893+0000] {logging_mixin.py:190} INFO - [2024-11-11T19:56:08.892+0000] {dagbag.py:588} INFO - Filling up the DagBag from /home/airflow/.local/lib/python3.12/site-packages/airflow/example_dags/example_setup_teardown.py
[2024-11-11T19:56:08.906+0000] {processor.py:925} INFO - DAG(s) 'example_setup_teardown' retrieved from /home/airflow/.local/lib/python3.12/site-packages/airflow/example_dags/example_setup_teardown.py
[2024-11-11T19:56:08.940+0000] {logging_mixin.py:190} INFO - [2024-11-11T19:56:08.940+0000] {dag.py:3239} INFO - Sync 1 DAGs
[2024-11-11T19:56:08.972+0000] {logging_mixin.py:190} INFO - [2024-11-11T19:56:08.972+0000] {dag.py:4180} INFO - Setting next_dagrun for example_setup_teardown to None, run_after=None
[2024-11-11T19:56:09.009+0000] {processor.py:208} INFO - Processing /home/airflow/.local/lib/python3.12/site-packages/airflow/example_dags/example_setup_teardown.py took 0.131 seconds
[2024-11-11T19:56:40.013+0000] {processor.py:186} INFO - Started process (PID=8768) to work on /home/airflow/.local/lib/python3.12/site-packages/airflow/example_dags/example_setup_teardown.py
[2024-11-11T19:56:40.014+0000] {processor.py:914} INFO - Processing file /home/airflow/.local/lib/python3.12/site-packages/airflow/example_dags/example_setup_teardown.py for tasks to queue
[2024-11-11T19:56:40.018+0000] {logging_mixin.py:190} INFO - [2024-11-11T19:56:40.017+0000] {dagbag.py:588} INFO - Filling up the DagBag from /home/airflow/.local/lib/python3.12/site-packages/airflow/example_dags/example_setup_teardown.py
[2024-11-11T19:56:40.035+0000] {processor.py:925} INFO - DAG(s) 'example_setup_teardown' retrieved from /home/airflow/.local/lib/python3.12/site-packages/airflow/example_dags/example_setup_teardown.py
[2024-11-11T19:56:40.105+0000] {logging_mixin.py:190} INFO - [2024-11-11T19:56:40.104+0000] {dag.py:3239} INFO - Sync 1 DAGs
[2024-11-11T19:56:40.164+0000] {logging_mixin.py:190} INFO - [2024-11-11T19:56:40.163+0000] {dag.py:4180} INFO - Setting next_dagrun for example_setup_teardown to None, run_after=None
[2024-11-11T19:56:40.249+0000] {processor.py:208} INFO - Processing /home/airflow/.local/lib/python3.12/site-packages/airflow/example_dags/example_setup_teardown.py took 0.248 seconds
[2024-11-11T19:57:10.890+0000] {processor.py:186} INFO - Started process (PID=9054) to work on /home/airflow/.local/lib/python3.12/site-packages/airflow/example_dags/example_setup_teardown.py
[2024-11-11T19:57:10.892+0000] {processor.py:914} INFO - Processing file /home/airflow/.local/lib/python3.12/site-packages/airflow/example_dags/example_setup_teardown.py for tasks to queue
[2024-11-11T19:57:10.897+0000] {logging_mixin.py:190} INFO - [2024-11-11T19:57:10.897+0000] {dagbag.py:588} INFO - Filling up the DagBag from /home/airflow/.local/lib/python3.12/site-packages/airflow/example_dags/example_setup_teardown.py
[2024-11-11T19:57:10.920+0000] {processor.py:925} INFO - DAG(s) 'example_setup_teardown' retrieved from /home/airflow/.local/lib/python3.12/site-packages/airflow/example_dags/example_setup_teardown.py
[2024-11-11T19:57:10.968+0000] {logging_mixin.py:190} INFO - [2024-11-11T19:57:10.968+0000] {dag.py:3239} INFO - Sync 1 DAGs
[2024-11-11T19:57:11.012+0000] {logging_mixin.py:190} INFO - [2024-11-11T19:57:11.012+0000] {dag.py:4180} INFO - Setting next_dagrun for example_setup_teardown to None, run_after=None
[2024-11-11T19:57:11.079+0000] {processor.py:208} INFO - Processing /home/airflow/.local/lib/python3.12/site-packages/airflow/example_dags/example_setup_teardown.py took 0.203 seconds
[2024-11-11T19:57:42.153+0000] {processor.py:186} INFO - Started process (PID=9345) to work on /home/airflow/.local/lib/python3.12/site-packages/airflow/example_dags/example_setup_teardown.py
[2024-11-11T19:57:42.157+0000] {processor.py:914} INFO - Processing file /home/airflow/.local/lib/python3.12/site-packages/airflow/example_dags/example_setup_teardown.py for tasks to queue
[2024-11-11T19:57:42.167+0000] {logging_mixin.py:190} INFO - [2024-11-11T19:57:42.165+0000] {dagbag.py:588} INFO - Filling up the DagBag from /home/airflow/.local/lib/python3.12/site-packages/airflow/example_dags/example_setup_teardown.py
[2024-11-11T19:57:42.215+0000] {processor.py:925} INFO - DAG(s) 'example_setup_teardown' retrieved from /home/airflow/.local/lib/python3.12/site-packages/airflow/example_dags/example_setup_teardown.py
[2024-11-11T19:57:42.286+0000] {logging_mixin.py:190} INFO - [2024-11-11T19:57:42.285+0000] {dag.py:3239} INFO - Sync 1 DAGs
[2024-11-11T19:57:42.328+0000] {logging_mixin.py:190} INFO - [2024-11-11T19:57:42.327+0000] {dag.py:4180} INFO - Setting next_dagrun for example_setup_teardown to None, run_after=None
[2024-11-11T19:57:42.380+0000] {processor.py:208} INFO - Processing /home/airflow/.local/lib/python3.12/site-packages/airflow/example_dags/example_setup_teardown.py took 0.261 seconds
[2024-11-11T19:58:12.761+0000] {processor.py:186} INFO - Started process (PID=9636) to work on /home/airflow/.local/lib/python3.12/site-packages/airflow/example_dags/example_setup_teardown.py
[2024-11-11T19:58:12.763+0000] {processor.py:914} INFO - Processing file /home/airflow/.local/lib/python3.12/site-packages/airflow/example_dags/example_setup_teardown.py for tasks to queue
[2024-11-11T19:58:12.768+0000] {logging_mixin.py:190} INFO - [2024-11-11T19:58:12.767+0000] {dagbag.py:588} INFO - Filling up the DagBag from /home/airflow/.local/lib/python3.12/site-packages/airflow/example_dags/example_setup_teardown.py
[2024-11-11T19:58:12.788+0000] {processor.py:925} INFO - DAG(s) 'example_setup_teardown' retrieved from /home/airflow/.local/lib/python3.12/site-packages/airflow/example_dags/example_setup_teardown.py
[2024-11-11T19:58:12.828+0000] {logging_mixin.py:190} INFO - [2024-11-11T19:58:12.828+0000] {dag.py:3239} INFO - Sync 1 DAGs
[2024-11-11T19:58:12.858+0000] {logging_mixin.py:190} INFO - [2024-11-11T19:58:12.858+0000] {dag.py:4180} INFO - Setting next_dagrun for example_setup_teardown to None, run_after=None
[2024-11-11T19:58:12.893+0000] {processor.py:208} INFO - Processing /home/airflow/.local/lib/python3.12/site-packages/airflow/example_dags/example_setup_teardown.py took 0.147 seconds
[2024-11-11T19:58:43.725+0000] {processor.py:186} INFO - Started process (PID=9927) to work on /home/airflow/.local/lib/python3.12/site-packages/airflow/example_dags/example_setup_teardown.py
[2024-11-11T19:58:43.727+0000] {processor.py:914} INFO - Processing file /home/airflow/.local/lib/python3.12/site-packages/airflow/example_dags/example_setup_teardown.py for tasks to queue
[2024-11-11T19:58:43.732+0000] {logging_mixin.py:190} INFO - [2024-11-11T19:58:43.731+0000] {dagbag.py:588} INFO - Filling up the DagBag from /home/airflow/.local/lib/python3.12/site-packages/airflow/example_dags/example_setup_teardown.py
[2024-11-11T19:58:43.751+0000] {processor.py:925} INFO - DAG(s) 'example_setup_teardown' retrieved from /home/airflow/.local/lib/python3.12/site-packages/airflow/example_dags/example_setup_teardown.py
[2024-11-11T19:58:43.790+0000] {logging_mixin.py:190} INFO - [2024-11-11T19:58:43.789+0000] {dag.py:3239} INFO - Sync 1 DAGs
[2024-11-11T19:58:43.814+0000] {logging_mixin.py:190} INFO - [2024-11-11T19:58:43.813+0000] {dag.py:4180} INFO - Setting next_dagrun for example_setup_teardown to None, run_after=None
[2024-11-11T19:58:43.841+0000] {processor.py:208} INFO - Processing /home/airflow/.local/lib/python3.12/site-packages/airflow/example_dags/example_setup_teardown.py took 0.132 seconds
[2024-11-11T19:59:14.168+0000] {processor.py:186} INFO - Started process (PID=10213) to work on /home/airflow/.local/lib/python3.12/site-packages/airflow/example_dags/example_setup_teardown.py
[2024-11-11T19:59:14.172+0000] {processor.py:914} INFO - Processing file /home/airflow/.local/lib/python3.12/site-packages/airflow/example_dags/example_setup_teardown.py for tasks to queue
[2024-11-11T19:59:14.180+0000] {logging_mixin.py:190} INFO - [2024-11-11T19:59:14.179+0000] {dagbag.py:588} INFO - Filling up the DagBag from /home/airflow/.local/lib/python3.12/site-packages/airflow/example_dags/example_setup_teardown.py
[2024-11-11T19:59:14.206+0000] {processor.py:925} INFO - DAG(s) 'example_setup_teardown' retrieved from /home/airflow/.local/lib/python3.12/site-packages/airflow/example_dags/example_setup_teardown.py
[2024-11-11T19:59:14.250+0000] {logging_mixin.py:190} INFO - [2024-11-11T19:59:14.249+0000] {dag.py:3239} INFO - Sync 1 DAGs
[2024-11-11T19:59:14.282+0000] {logging_mixin.py:190} INFO - [2024-11-11T19:59:14.282+0000] {dag.py:4180} INFO - Setting next_dagrun for example_setup_teardown to None, run_after=None
[2024-11-11T19:59:14.330+0000] {processor.py:208} INFO - Processing /home/airflow/.local/lib/python3.12/site-packages/airflow/example_dags/example_setup_teardown.py took 0.190 seconds
[2024-11-11T19:59:45.277+0000] {processor.py:186} INFO - Started process (PID=10504) to work on /home/airflow/.local/lib/python3.12/site-packages/airflow/example_dags/example_setup_teardown.py
[2024-11-11T19:59:45.280+0000] {processor.py:914} INFO - Processing file /home/airflow/.local/lib/python3.12/site-packages/airflow/example_dags/example_setup_teardown.py for tasks to queue
[2024-11-11T19:59:45.287+0000] {logging_mixin.py:190} INFO - [2024-11-11T19:59:45.286+0000] {dagbag.py:588} INFO - Filling up the DagBag from /home/airflow/.local/lib/python3.12/site-packages/airflow/example_dags/example_setup_teardown.py
[2024-11-11T19:59:45.314+0000] {processor.py:925} INFO - DAG(s) 'example_setup_teardown' retrieved from /home/airflow/.local/lib/python3.12/site-packages/airflow/example_dags/example_setup_teardown.py
[2024-11-11T19:59:45.373+0000] {logging_mixin.py:190} INFO - [2024-11-11T19:59:45.372+0000] {dag.py:3239} INFO - Sync 1 DAGs
[2024-11-11T19:59:45.413+0000] {logging_mixin.py:190} INFO - [2024-11-11T19:59:45.412+0000] {dag.py:4180} INFO - Setting next_dagrun for example_setup_teardown to None, run_after=None
[2024-11-11T19:59:45.478+0000] {processor.py:208} INFO - Processing /home/airflow/.local/lib/python3.12/site-packages/airflow/example_dags/example_setup_teardown.py took 0.221 seconds
[2024-11-11T20:00:15.857+0000] {processor.py:186} INFO - Started process (PID=10795) to work on /home/airflow/.local/lib/python3.12/site-packages/airflow/example_dags/example_setup_teardown.py
[2024-11-11T20:00:15.861+0000] {processor.py:914} INFO - Processing file /home/airflow/.local/lib/python3.12/site-packages/airflow/example_dags/example_setup_teardown.py for tasks to queue
[2024-11-11T20:00:15.873+0000] {logging_mixin.py:190} INFO - [2024-11-11T20:00:15.870+0000] {dagbag.py:588} INFO - Filling up the DagBag from /home/airflow/.local/lib/python3.12/site-packages/airflow/example_dags/example_setup_teardown.py
[2024-11-11T20:00:15.923+0000] {processor.py:925} INFO - DAG(s) 'example_setup_teardown' retrieved from /home/airflow/.local/lib/python3.12/site-packages/airflow/example_dags/example_setup_teardown.py
[2024-11-11T20:00:16.008+0000] {logging_mixin.py:190} INFO - [2024-11-11T20:00:16.007+0000] {dag.py:3239} INFO - Sync 1 DAGs
[2024-11-11T20:00:16.052+0000] {logging_mixin.py:190} INFO - [2024-11-11T20:00:16.051+0000] {dag.py:4180} INFO - Setting next_dagrun for example_setup_teardown to None, run_after=None
[2024-11-11T20:00:16.095+0000] {processor.py:208} INFO - Processing /home/airflow/.local/lib/python3.12/site-packages/airflow/example_dags/example_setup_teardown.py took 0.276 seconds
[2024-11-11T20:00:46.695+0000] {processor.py:186} INFO - Started process (PID=11086) to work on /home/airflow/.local/lib/python3.12/site-packages/airflow/example_dags/example_setup_teardown.py
[2024-11-11T20:00:46.697+0000] {processor.py:914} INFO - Processing file /home/airflow/.local/lib/python3.12/site-packages/airflow/example_dags/example_setup_teardown.py for tasks to queue
[2024-11-11T20:00:46.701+0000] {logging_mixin.py:190} INFO - [2024-11-11T20:00:46.701+0000] {dagbag.py:588} INFO - Filling up the DagBag from /home/airflow/.local/lib/python3.12/site-packages/airflow/example_dags/example_setup_teardown.py
[2024-11-11T20:00:46.714+0000] {processor.py:925} INFO - DAG(s) 'example_setup_teardown' retrieved from /home/airflow/.local/lib/python3.12/site-packages/airflow/example_dags/example_setup_teardown.py
[2024-11-11T20:00:46.753+0000] {logging_mixin.py:190} INFO - [2024-11-11T20:00:46.753+0000] {dag.py:3239} INFO - Sync 1 DAGs
[2024-11-11T20:00:46.787+0000] {logging_mixin.py:190} INFO - [2024-11-11T20:00:46.787+0000] {dag.py:4180} INFO - Setting next_dagrun for example_setup_teardown to None, run_after=None
[2024-11-11T20:00:46.831+0000] {processor.py:208} INFO - Processing /home/airflow/.local/lib/python3.12/site-packages/airflow/example_dags/example_setup_teardown.py took 0.149 seconds
[2024-11-11T20:01:17.862+0000] {processor.py:186} INFO - Started process (PID=11377) to work on /home/airflow/.local/lib/python3.12/site-packages/airflow/example_dags/example_setup_teardown.py
[2024-11-11T20:01:17.864+0000] {processor.py:914} INFO - Processing file /home/airflow/.local/lib/python3.12/site-packages/airflow/example_dags/example_setup_teardown.py for tasks to queue
[2024-11-11T20:01:17.869+0000] {logging_mixin.py:190} INFO - [2024-11-11T20:01:17.868+0000] {dagbag.py:588} INFO - Filling up the DagBag from /home/airflow/.local/lib/python3.12/site-packages/airflow/example_dags/example_setup_teardown.py
[2024-11-11T20:01:17.888+0000] {processor.py:925} INFO - DAG(s) 'example_setup_teardown' retrieved from /home/airflow/.local/lib/python3.12/site-packages/airflow/example_dags/example_setup_teardown.py
[2024-11-11T20:01:17.933+0000] {logging_mixin.py:190} INFO - [2024-11-11T20:01:17.933+0000] {dag.py:3239} INFO - Sync 1 DAGs
[2024-11-11T20:01:17.967+0000] {logging_mixin.py:190} INFO - [2024-11-11T20:01:17.966+0000] {dag.py:4180} INFO - Setting next_dagrun for example_setup_teardown to None, run_after=None
[2024-11-11T20:01:18.002+0000] {processor.py:208} INFO - Processing /home/airflow/.local/lib/python3.12/site-packages/airflow/example_dags/example_setup_teardown.py took 0.157 seconds
[2024-11-11T20:01:48.311+0000] {processor.py:186} INFO - Started process (PID=11669) to work on /home/airflow/.local/lib/python3.12/site-packages/airflow/example_dags/example_setup_teardown.py
[2024-11-11T20:01:48.313+0000] {processor.py:914} INFO - Processing file /home/airflow/.local/lib/python3.12/site-packages/airflow/example_dags/example_setup_teardown.py for tasks to queue
[2024-11-11T20:01:48.318+0000] {logging_mixin.py:190} INFO - [2024-11-11T20:01:48.317+0000] {dagbag.py:588} INFO - Filling up the DagBag from /home/airflow/.local/lib/python3.12/site-packages/airflow/example_dags/example_setup_teardown.py
[2024-11-11T20:01:48.338+0000] {processor.py:925} INFO - DAG(s) 'example_setup_teardown' retrieved from /home/airflow/.local/lib/python3.12/site-packages/airflow/example_dags/example_setup_teardown.py
[2024-11-11T20:01:48.387+0000] {logging_mixin.py:190} INFO - [2024-11-11T20:01:48.387+0000] {dag.py:3239} INFO - Sync 1 DAGs
[2024-11-11T20:01:48.423+0000] {logging_mixin.py:190} INFO - [2024-11-11T20:01:48.422+0000] {dag.py:4180} INFO - Setting next_dagrun for example_setup_teardown to None, run_after=None
[2024-11-11T20:01:48.457+0000] {processor.py:208} INFO - Processing /home/airflow/.local/lib/python3.12/site-packages/airflow/example_dags/example_setup_teardown.py took 0.161 seconds
[2024-11-11T20:02:19.597+0000] {processor.py:186} INFO - Started process (PID=11960) to work on /home/airflow/.local/lib/python3.12/site-packages/airflow/example_dags/example_setup_teardown.py
[2024-11-11T20:02:19.600+0000] {processor.py:914} INFO - Processing file /home/airflow/.local/lib/python3.12/site-packages/airflow/example_dags/example_setup_teardown.py for tasks to queue
[2024-11-11T20:02:19.606+0000] {logging_mixin.py:190} INFO - [2024-11-11T20:02:19.605+0000] {dagbag.py:588} INFO - Filling up the DagBag from /home/airflow/.local/lib/python3.12/site-packages/airflow/example_dags/example_setup_teardown.py
[2024-11-11T20:02:19.630+0000] {processor.py:925} INFO - DAG(s) 'example_setup_teardown' retrieved from /home/airflow/.local/lib/python3.12/site-packages/airflow/example_dags/example_setup_teardown.py
[2024-11-11T20:02:19.687+0000] {logging_mixin.py:190} INFO - [2024-11-11T20:02:19.686+0000] {dag.py:3239} INFO - Sync 1 DAGs
[2024-11-11T20:02:19.726+0000] {logging_mixin.py:190} INFO - [2024-11-11T20:02:19.726+0000] {dag.py:4180} INFO - Setting next_dagrun for example_setup_teardown to None, run_after=None
[2024-11-11T20:02:19.782+0000] {processor.py:208} INFO - Processing /home/airflow/.local/lib/python3.12/site-packages/airflow/example_dags/example_setup_teardown.py took 0.206 seconds
[2024-11-11T20:02:50.086+0000] {processor.py:186} INFO - Started process (PID=12251) to work on /home/airflow/.local/lib/python3.12/site-packages/airflow/example_dags/example_setup_teardown.py
[2024-11-11T20:02:50.088+0000] {processor.py:914} INFO - Processing file /home/airflow/.local/lib/python3.12/site-packages/airflow/example_dags/example_setup_teardown.py for tasks to queue
[2024-11-11T20:02:50.092+0000] {logging_mixin.py:190} INFO - [2024-11-11T20:02:50.091+0000] {dagbag.py:588} INFO - Filling up the DagBag from /home/airflow/.local/lib/python3.12/site-packages/airflow/example_dags/example_setup_teardown.py
[2024-11-11T20:02:50.109+0000] {processor.py:925} INFO - DAG(s) 'example_setup_teardown' retrieved from /home/airflow/.local/lib/python3.12/site-packages/airflow/example_dags/example_setup_teardown.py
[2024-11-11T20:02:50.148+0000] {logging_mixin.py:190} INFO - [2024-11-11T20:02:50.147+0000] {dag.py:3239} INFO - Sync 1 DAGs
[2024-11-11T20:02:50.171+0000] {logging_mixin.py:190} INFO - [2024-11-11T20:02:50.171+0000] {dag.py:4180} INFO - Setting next_dagrun for example_setup_teardown to None, run_after=None
[2024-11-11T20:02:50.208+0000] {processor.py:208} INFO - Processing /home/airflow/.local/lib/python3.12/site-packages/airflow/example_dags/example_setup_teardown.py took 0.139 seconds
