[2024-11-11T19:41:44.991+0000] {processor.py:186} INFO - Started process (PID=422) to work on /home/airflow/.local/lib/python3.12/site-packages/airflow/example_dags/example_python_decorator.py
[2024-11-11T19:41:44.993+0000] {processor.py:914} INFO - Processing file /home/airflow/.local/lib/python3.12/site-packages/airflow/example_dags/example_python_decorator.py for tasks to queue
[2024-11-11T19:41:44.997+0000] {logging_mixin.py:190} INFO - [2024-11-11T19:41:44.997+0000] {dagbag.py:588} INFO - Filling up the DagBag from /home/airflow/.local/lib/python3.12/site-packages/airflow/example_dags/example_python_decorator.py
[2024-11-11T19:41:45.035+0000] {processor.py:925} INFO - DAG(s) 'example_python_decorator' retrieved from /home/airflow/.local/lib/python3.12/site-packages/airflow/example_dags/example_python_decorator.py
[2024-11-11T19:41:45.250+0000] {logging_mixin.py:190} INFO - [2024-11-11T19:41:45.249+0000] {override.py:1911} INFO - Created Permission View: can delete on DAG:example_python_decorator
[2024-11-11T19:41:45.267+0000] {logging_mixin.py:190} INFO - [2024-11-11T19:41:45.266+0000] {override.py:1911} INFO - Created Permission View: can read on DAG:example_python_decorator
[2024-11-11T19:41:45.279+0000] {logging_mixin.py:190} INFO - [2024-11-11T19:41:45.278+0000] {override.py:1911} INFO - Created Permission View: can edit on DAG:example_python_decorator
[2024-11-11T19:41:45.293+0000] {logging_mixin.py:190} INFO - [2024-11-11T19:41:45.292+0000] {override.py:1911} INFO - Created Permission View: can delete on DAG Run:example_python_decorator
[2024-11-11T19:41:45.305+0000] {logging_mixin.py:190} INFO - [2024-11-11T19:41:45.304+0000] {override.py:1911} INFO - Created Permission View: can create on DAG Run:example_python_decorator
[2024-11-11T19:41:45.317+0000] {logging_mixin.py:190} INFO - [2024-11-11T19:41:45.316+0000] {override.py:1911} INFO - Created Permission View: menu access on DAG Run:example_python_decorator
[2024-11-11T19:41:45.328+0000] {logging_mixin.py:190} INFO - [2024-11-11T19:41:45.328+0000] {override.py:1911} INFO - Created Permission View: can read on DAG Run:example_python_decorator
[2024-11-11T19:41:45.329+0000] {logging_mixin.py:190} INFO - [2024-11-11T19:41:45.329+0000] {dag.py:3239} INFO - Sync 1 DAGs
[2024-11-11T19:41:45.354+0000] {logging_mixin.py:190} INFO - [2024-11-11T19:41:45.353+0000] {dag.py:3262} INFO - Creating ORM DAG for example_python_decorator
[2024-11-11T19:41:45.355+0000] {logging_mixin.py:190} INFO - [2024-11-11T19:41:45.355+0000] {dag.py:4180} INFO - Setting next_dagrun for example_python_decorator to None, run_after=None
[2024-11-11T19:41:45.384+0000] {processor.py:208} INFO - Processing /home/airflow/.local/lib/python3.12/site-packages/airflow/example_dags/example_python_decorator.py took 0.406 seconds
[2024-11-11T19:42:16.130+0000] {processor.py:186} INFO - Started process (PID=713) to work on /home/airflow/.local/lib/python3.12/site-packages/airflow/example_dags/example_python_decorator.py
[2024-11-11T19:42:16.131+0000] {processor.py:914} INFO - Processing file /home/airflow/.local/lib/python3.12/site-packages/airflow/example_dags/example_python_decorator.py for tasks to queue
[2024-11-11T19:42:16.135+0000] {logging_mixin.py:190} INFO - [2024-11-11T19:42:16.134+0000] {dagbag.py:588} INFO - Filling up the DagBag from /home/airflow/.local/lib/python3.12/site-packages/airflow/example_dags/example_python_decorator.py
[2024-11-11T19:42:16.157+0000] {processor.py:925} INFO - DAG(s) 'example_python_decorator' retrieved from /home/airflow/.local/lib/python3.12/site-packages/airflow/example_dags/example_python_decorator.py
[2024-11-11T19:42:16.202+0000] {logging_mixin.py:190} INFO - [2024-11-11T19:42:16.202+0000] {dag.py:3239} INFO - Sync 1 DAGs
[2024-11-11T19:42:16.230+0000] {logging_mixin.py:190} INFO - [2024-11-11T19:42:16.230+0000] {dag.py:4180} INFO - Setting next_dagrun for example_python_decorator to None, run_after=None
[2024-11-11T19:42:16.264+0000] {processor.py:208} INFO - Processing /home/airflow/.local/lib/python3.12/site-packages/airflow/example_dags/example_python_decorator.py took 0.146 seconds
[2024-11-11T19:42:47.169+0000] {processor.py:186} INFO - Started process (PID=1000) to work on /home/airflow/.local/lib/python3.12/site-packages/airflow/example_dags/example_python_decorator.py
[2024-11-11T19:42:47.171+0000] {processor.py:914} INFO - Processing file /home/airflow/.local/lib/python3.12/site-packages/airflow/example_dags/example_python_decorator.py for tasks to queue
[2024-11-11T19:42:47.176+0000] {logging_mixin.py:190} INFO - [2024-11-11T19:42:47.175+0000] {dagbag.py:588} INFO - Filling up the DagBag from /home/airflow/.local/lib/python3.12/site-packages/airflow/example_dags/example_python_decorator.py
[2024-11-11T19:42:47.209+0000] {processor.py:925} INFO - DAG(s) 'example_python_decorator' retrieved from /home/airflow/.local/lib/python3.12/site-packages/airflow/example_dags/example_python_decorator.py
[2024-11-11T19:42:47.252+0000] {logging_mixin.py:190} INFO - [2024-11-11T19:42:47.252+0000] {dag.py:3239} INFO - Sync 1 DAGs
[2024-11-11T19:42:47.279+0000] {logging_mixin.py:190} INFO - [2024-11-11T19:42:47.279+0000] {dag.py:4180} INFO - Setting next_dagrun for example_python_decorator to None, run_after=None
[2024-11-11T19:42:47.314+0000] {processor.py:208} INFO - Processing /home/airflow/.local/lib/python3.12/site-packages/airflow/example_dags/example_python_decorator.py took 0.160 seconds
[2024-11-11T19:43:18.941+0000] {processor.py:186} INFO - Started process (PID=1291) to work on /home/airflow/.local/lib/python3.12/site-packages/airflow/example_dags/example_python_decorator.py
[2024-11-11T19:43:18.943+0000] {processor.py:914} INFO - Processing file /home/airflow/.local/lib/python3.12/site-packages/airflow/example_dags/example_python_decorator.py for tasks to queue
[2024-11-11T19:43:18.947+0000] {logging_mixin.py:190} INFO - [2024-11-11T19:43:18.946+0000] {dagbag.py:588} INFO - Filling up the DagBag from /home/airflow/.local/lib/python3.12/site-packages/airflow/example_dags/example_python_decorator.py
[2024-11-11T19:43:19.409+0000] {processor.py:925} INFO - DAG(s) 'example_python_decorator' retrieved from /home/airflow/.local/lib/python3.12/site-packages/airflow/example_dags/example_python_decorator.py
[2024-11-11T19:43:19.452+0000] {logging_mixin.py:190} INFO - [2024-11-11T19:43:19.452+0000] {dag.py:3239} INFO - Sync 1 DAGs
[2024-11-11T19:43:19.479+0000] {logging_mixin.py:190} INFO - [2024-11-11T19:43:19.479+0000] {dag.py:4180} INFO - Setting next_dagrun for example_python_decorator to None, run_after=None
[2024-11-11T19:43:19.511+0000] {processor.py:208} INFO - Processing /home/airflow/.local/lib/python3.12/site-packages/airflow/example_dags/example_python_decorator.py took 0.149 seconds
[2024-11-11T19:43:50.035+0000] {processor.py:186} INFO - Started process (PID=1582) to work on /home/airflow/.local/lib/python3.12/site-packages/airflow/example_dags/example_python_decorator.py
[2024-11-11T19:43:50.036+0000] {processor.py:914} INFO - Processing file /home/airflow/.local/lib/python3.12/site-packages/airflow/example_dags/example_python_decorator.py for tasks to queue
[2024-11-11T19:43:50.040+0000] {logging_mixin.py:190} INFO - [2024-11-11T19:43:50.039+0000] {dagbag.py:588} INFO - Filling up the DagBag from /home/airflow/.local/lib/python3.12/site-packages/airflow/example_dags/example_python_decorator.py
[2024-11-11T19:43:50.066+0000] {processor.py:925} INFO - DAG(s) 'example_python_decorator' retrieved from /home/airflow/.local/lib/python3.12/site-packages/airflow/example_dags/example_python_decorator.py
[2024-11-11T19:43:50.333+0000] {logging_mixin.py:190} INFO - [2024-11-11T19:43:50.332+0000] {dag.py:3239} INFO - Sync 1 DAGs
[2024-11-11T19:43:50.357+0000] {logging_mixin.py:190} INFO - [2024-11-11T19:43:50.356+0000] {dag.py:4180} INFO - Setting next_dagrun for example_python_decorator to None, run_after=None
[2024-11-11T19:43:50.389+0000] {processor.py:208} INFO - Processing /home/airflow/.local/lib/python3.12/site-packages/airflow/example_dags/example_python_decorator.py took 0.165 seconds
[2024-11-11T19:44:24.184+0000] {processor.py:186} INFO - Started process (PID=1873) to work on /home/airflow/.local/lib/python3.12/site-packages/airflow/example_dags/example_python_decorator.py
[2024-11-11T19:44:24.186+0000] {processor.py:914} INFO - Processing file /home/airflow/.local/lib/python3.12/site-packages/airflow/example_dags/example_python_decorator.py for tasks to queue
[2024-11-11T19:44:24.189+0000] {logging_mixin.py:190} INFO - [2024-11-11T19:44:24.189+0000] {dagbag.py:588} INFO - Filling up the DagBag from /home/airflow/.local/lib/python3.12/site-packages/airflow/example_dags/example_python_decorator.py
[2024-11-11T19:44:24.215+0000] {processor.py:925} INFO - DAG(s) 'example_python_decorator' retrieved from /home/airflow/.local/lib/python3.12/site-packages/airflow/example_dags/example_python_decorator.py
[2024-11-11T19:44:24.255+0000] {logging_mixin.py:190} INFO - [2024-11-11T19:44:24.254+0000] {dag.py:3239} INFO - Sync 1 DAGs
[2024-11-11T19:44:24.285+0000] {logging_mixin.py:190} INFO - [2024-11-11T19:44:24.285+0000] {dag.py:4180} INFO - Setting next_dagrun for example_python_decorator to None, run_after=None
[2024-11-11T19:44:24.323+0000] {processor.py:208} INFO - Processing /home/airflow/.local/lib/python3.12/site-packages/airflow/example_dags/example_python_decorator.py took 0.151 seconds
[2024-11-11T19:44:55.669+0000] {processor.py:186} INFO - Started process (PID=2164) to work on /home/airflow/.local/lib/python3.12/site-packages/airflow/example_dags/example_python_decorator.py
[2024-11-11T19:44:55.671+0000] {processor.py:914} INFO - Processing file /home/airflow/.local/lib/python3.12/site-packages/airflow/example_dags/example_python_decorator.py for tasks to queue
[2024-11-11T19:44:55.676+0000] {logging_mixin.py:190} INFO - [2024-11-11T19:44:55.675+0000] {dagbag.py:588} INFO - Filling up the DagBag from /home/airflow/.local/lib/python3.12/site-packages/airflow/example_dags/example_python_decorator.py
[2024-11-11T19:44:55.711+0000] {processor.py:925} INFO - DAG(s) 'example_python_decorator' retrieved from /home/airflow/.local/lib/python3.12/site-packages/airflow/example_dags/example_python_decorator.py
[2024-11-11T19:44:55.763+0000] {logging_mixin.py:190} INFO - [2024-11-11T19:44:55.762+0000] {dag.py:3239} INFO - Sync 1 DAGs
[2024-11-11T19:44:55.798+0000] {logging_mixin.py:190} INFO - [2024-11-11T19:44:55.797+0000] {dag.py:4180} INFO - Setting next_dagrun for example_python_decorator to None, run_after=None
[2024-11-11T19:44:55.848+0000] {processor.py:208} INFO - Processing /home/airflow/.local/lib/python3.12/site-packages/airflow/example_dags/example_python_decorator.py took 0.193 seconds
[2024-11-11T19:45:26.596+0000] {processor.py:186} INFO - Started process (PID=2455) to work on /home/airflow/.local/lib/python3.12/site-packages/airflow/example_dags/example_python_decorator.py
[2024-11-11T19:45:26.600+0000] {processor.py:914} INFO - Processing file /home/airflow/.local/lib/python3.12/site-packages/airflow/example_dags/example_python_decorator.py for tasks to queue
[2024-11-11T19:45:26.605+0000] {logging_mixin.py:190} INFO - [2024-11-11T19:45:26.604+0000] {dagbag.py:588} INFO - Filling up the DagBag from /home/airflow/.local/lib/python3.12/site-packages/airflow/example_dags/example_python_decorator.py
[2024-11-11T19:45:26.641+0000] {processor.py:925} INFO - DAG(s) 'example_python_decorator' retrieved from /home/airflow/.local/lib/python3.12/site-packages/airflow/example_dags/example_python_decorator.py
[2024-11-11T19:45:26.694+0000] {logging_mixin.py:190} INFO - [2024-11-11T19:45:26.693+0000] {dag.py:3239} INFO - Sync 1 DAGs
[2024-11-11T19:45:26.728+0000] {logging_mixin.py:190} INFO - [2024-11-11T19:45:26.728+0000] {dag.py:4180} INFO - Setting next_dagrun for example_python_decorator to None, run_after=None
[2024-11-11T19:45:26.774+0000] {processor.py:208} INFO - Processing /home/airflow/.local/lib/python3.12/site-packages/airflow/example_dags/example_python_decorator.py took 0.196 seconds
[2024-11-11T19:46:01.677+0000] {processor.py:186} INFO - Started process (PID=2751) to work on /home/airflow/.local/lib/python3.12/site-packages/airflow/example_dags/example_python_decorator.py
[2024-11-11T19:46:01.679+0000] {processor.py:914} INFO - Processing file /home/airflow/.local/lib/python3.12/site-packages/airflow/example_dags/example_python_decorator.py for tasks to queue
[2024-11-11T19:46:01.684+0000] {logging_mixin.py:190} INFO - [2024-11-11T19:46:01.683+0000] {dagbag.py:588} INFO - Filling up the DagBag from /home/airflow/.local/lib/python3.12/site-packages/airflow/example_dags/example_python_decorator.py
[2024-11-11T19:46:01.718+0000] {processor.py:925} INFO - DAG(s) 'example_python_decorator' retrieved from /home/airflow/.local/lib/python3.12/site-packages/airflow/example_dags/example_python_decorator.py
[2024-11-11T19:46:01.773+0000] {logging_mixin.py:190} INFO - [2024-11-11T19:46:01.773+0000] {dag.py:3239} INFO - Sync 1 DAGs
[2024-11-11T19:46:01.812+0000] {logging_mixin.py:190} INFO - [2024-11-11T19:46:01.811+0000] {dag.py:4180} INFO - Setting next_dagrun for example_python_decorator to None, run_after=None
[2024-11-11T19:46:01.842+0000] {processor.py:208} INFO - Processing /home/airflow/.local/lib/python3.12/site-packages/airflow/example_dags/example_python_decorator.py took 0.180 seconds
[2024-11-11T19:46:32.151+0000] {processor.py:186} INFO - Started process (PID=3042) to work on /home/airflow/.local/lib/python3.12/site-packages/airflow/example_dags/example_python_decorator.py
[2024-11-11T19:46:32.153+0000] {processor.py:914} INFO - Processing file /home/airflow/.local/lib/python3.12/site-packages/airflow/example_dags/example_python_decorator.py for tasks to queue
[2024-11-11T19:46:32.171+0000] {logging_mixin.py:190} INFO - [2024-11-11T19:46:32.170+0000] {dagbag.py:588} INFO - Filling up the DagBag from /home/airflow/.local/lib/python3.12/site-packages/airflow/example_dags/example_python_decorator.py
[2024-11-11T19:46:32.205+0000] {processor.py:925} INFO - DAG(s) 'example_python_decorator' retrieved from /home/airflow/.local/lib/python3.12/site-packages/airflow/example_dags/example_python_decorator.py
[2024-11-11T19:46:32.248+0000] {logging_mixin.py:190} INFO - [2024-11-11T19:46:32.247+0000] {dag.py:3239} INFO - Sync 1 DAGs
[2024-11-11T19:46:32.274+0000] {logging_mixin.py:190} INFO - [2024-11-11T19:46:32.274+0000] {dag.py:4180} INFO - Setting next_dagrun for example_python_decorator to None, run_after=None
[2024-11-11T19:46:32.307+0000] {processor.py:208} INFO - Processing /home/airflow/.local/lib/python3.12/site-packages/airflow/example_dags/example_python_decorator.py took 0.167 seconds
[2024-11-11T19:47:06.255+0000] {processor.py:186} INFO - Started process (PID=3343) to work on /home/airflow/.local/lib/python3.12/site-packages/airflow/example_dags/example_python_decorator.py
[2024-11-11T19:47:06.269+0000] {processor.py:914} INFO - Processing file /home/airflow/.local/lib/python3.12/site-packages/airflow/example_dags/example_python_decorator.py for tasks to queue
[2024-11-11T19:47:06.283+0000] {logging_mixin.py:190} INFO - [2024-11-11T19:47:06.282+0000] {dagbag.py:588} INFO - Filling up the DagBag from /home/airflow/.local/lib/python3.12/site-packages/airflow/example_dags/example_python_decorator.py
[2024-11-11T19:47:06.378+0000] {processor.py:925} INFO - DAG(s) 'example_python_decorator' retrieved from /home/airflow/.local/lib/python3.12/site-packages/airflow/example_dags/example_python_decorator.py
[2024-11-11T19:47:06.447+0000] {logging_mixin.py:190} INFO - [2024-11-11T19:47:06.446+0000] {dag.py:3239} INFO - Sync 1 DAGs
[2024-11-11T19:47:06.489+0000] {logging_mixin.py:190} INFO - [2024-11-11T19:47:06.489+0000] {dag.py:4180} INFO - Setting next_dagrun for example_python_decorator to None, run_after=None
[2024-11-11T19:47:06.549+0000] {processor.py:208} INFO - Processing /home/airflow/.local/lib/python3.12/site-packages/airflow/example_dags/example_python_decorator.py took 0.337 seconds
[2024-11-11T19:47:38.376+0000] {processor.py:186} INFO - Started process (PID=3630) to work on /home/airflow/.local/lib/python3.12/site-packages/airflow/example_dags/example_python_decorator.py
[2024-11-11T19:47:38.378+0000] {processor.py:914} INFO - Processing file /home/airflow/.local/lib/python3.12/site-packages/airflow/example_dags/example_python_decorator.py for tasks to queue
[2024-11-11T19:47:38.383+0000] {logging_mixin.py:190} INFO - [2024-11-11T19:47:38.382+0000] {dagbag.py:588} INFO - Filling up the DagBag from /home/airflow/.local/lib/python3.12/site-packages/airflow/example_dags/example_python_decorator.py
[2024-11-11T19:47:38.424+0000] {processor.py:925} INFO - DAG(s) 'example_python_decorator' retrieved from /home/airflow/.local/lib/python3.12/site-packages/airflow/example_dags/example_python_decorator.py
[2024-11-11T19:47:38.481+0000] {logging_mixin.py:190} INFO - [2024-11-11T19:47:38.481+0000] {dag.py:3239} INFO - Sync 1 DAGs
[2024-11-11T19:47:38.511+0000] {logging_mixin.py:190} INFO - [2024-11-11T19:47:38.511+0000] {dag.py:4180} INFO - Setting next_dagrun for example_python_decorator to None, run_after=None
[2024-11-11T19:47:38.546+0000] {processor.py:208} INFO - Processing /home/airflow/.local/lib/python3.12/site-packages/airflow/example_dags/example_python_decorator.py took 0.189 seconds
[2024-11-11T19:48:09.819+0000] {processor.py:186} INFO - Started process (PID=3924) to work on /home/airflow/.local/lib/python3.12/site-packages/airflow/example_dags/example_python_decorator.py
[2024-11-11T19:48:09.821+0000] {processor.py:914} INFO - Processing file /home/airflow/.local/lib/python3.12/site-packages/airflow/example_dags/example_python_decorator.py for tasks to queue
[2024-11-11T19:48:09.825+0000] {logging_mixin.py:190} INFO - [2024-11-11T19:48:09.825+0000] {dagbag.py:588} INFO - Filling up the DagBag from /home/airflow/.local/lib/python3.12/site-packages/airflow/example_dags/example_python_decorator.py
[2024-11-11T19:48:09.852+0000] {processor.py:925} INFO - DAG(s) 'example_python_decorator' retrieved from /home/airflow/.local/lib/python3.12/site-packages/airflow/example_dags/example_python_decorator.py
[2024-11-11T19:48:09.889+0000] {logging_mixin.py:190} INFO - [2024-11-11T19:48:09.889+0000] {dag.py:3239} INFO - Sync 1 DAGs
[2024-11-11T19:48:09.914+0000] {logging_mixin.py:190} INFO - [2024-11-11T19:48:09.914+0000] {dag.py:4180} INFO - Setting next_dagrun for example_python_decorator to None, run_after=None
[2024-11-11T19:48:09.968+0000] {processor.py:208} INFO - Processing /home/airflow/.local/lib/python3.12/site-packages/airflow/example_dags/example_python_decorator.py took 0.162 seconds
[2024-11-11T19:48:44.070+0000] {processor.py:186} INFO - Started process (PID=4223) to work on /home/airflow/.local/lib/python3.12/site-packages/airflow/example_dags/example_python_decorator.py
[2024-11-11T19:48:44.074+0000] {processor.py:914} INFO - Processing file /home/airflow/.local/lib/python3.12/site-packages/airflow/example_dags/example_python_decorator.py for tasks to queue
[2024-11-11T19:48:44.081+0000] {logging_mixin.py:190} INFO - [2024-11-11T19:48:44.080+0000] {dagbag.py:588} INFO - Filling up the DagBag from /home/airflow/.local/lib/python3.12/site-packages/airflow/example_dags/example_python_decorator.py
[2024-11-11T19:48:44.120+0000] {processor.py:925} INFO - DAG(s) 'example_python_decorator' retrieved from /home/airflow/.local/lib/python3.12/site-packages/airflow/example_dags/example_python_decorator.py
[2024-11-11T19:48:44.175+0000] {logging_mixin.py:190} INFO - [2024-11-11T19:48:44.174+0000] {dag.py:3239} INFO - Sync 1 DAGs
[2024-11-11T19:48:44.221+0000] {logging_mixin.py:190} INFO - [2024-11-11T19:48:44.220+0000] {dag.py:4180} INFO - Setting next_dagrun for example_python_decorator to None, run_after=None
[2024-11-11T19:48:44.275+0000] {processor.py:208} INFO - Processing /home/airflow/.local/lib/python3.12/site-packages/airflow/example_dags/example_python_decorator.py took 0.239 seconds
[2024-11-11T19:49:15.800+0000] {processor.py:186} INFO - Started process (PID=4514) to work on /home/airflow/.local/lib/python3.12/site-packages/airflow/example_dags/example_python_decorator.py
[2024-11-11T19:49:15.802+0000] {processor.py:914} INFO - Processing file /home/airflow/.local/lib/python3.12/site-packages/airflow/example_dags/example_python_decorator.py for tasks to queue
[2024-11-11T19:49:15.807+0000] {logging_mixin.py:190} INFO - [2024-11-11T19:49:15.806+0000] {dagbag.py:588} INFO - Filling up the DagBag from /home/airflow/.local/lib/python3.12/site-packages/airflow/example_dags/example_python_decorator.py
[2024-11-11T19:49:15.887+0000] {processor.py:925} INFO - DAG(s) 'example_python_decorator' retrieved from /home/airflow/.local/lib/python3.12/site-packages/airflow/example_dags/example_python_decorator.py
[2024-11-11T19:49:16.078+0000] {logging_mixin.py:190} INFO - [2024-11-11T19:49:16.078+0000] {dag.py:3239} INFO - Sync 1 DAGs
[2024-11-11T19:49:16.241+0000] {logging_mixin.py:190} INFO - [2024-11-11T19:49:16.236+0000] {dag.py:4180} INFO - Setting next_dagrun for example_python_decorator to None, run_after=None
[2024-11-11T19:49:16.327+0000] {processor.py:208} INFO - Processing /home/airflow/.local/lib/python3.12/site-packages/airflow/example_dags/example_python_decorator.py took 0.538 seconds
[2024-11-11T19:49:48.227+0000] {processor.py:186} INFO - Started process (PID=4815) to work on /home/airflow/.local/lib/python3.12/site-packages/airflow/example_dags/example_python_decorator.py
[2024-11-11T19:49:48.230+0000] {processor.py:914} INFO - Processing file /home/airflow/.local/lib/python3.12/site-packages/airflow/example_dags/example_python_decorator.py for tasks to queue
[2024-11-11T19:49:48.237+0000] {logging_mixin.py:190} INFO - [2024-11-11T19:49:48.236+0000] {dagbag.py:588} INFO - Filling up the DagBag from /home/airflow/.local/lib/python3.12/site-packages/airflow/example_dags/example_python_decorator.py
[2024-11-11T19:49:48.279+0000] {processor.py:925} INFO - DAG(s) 'example_python_decorator' retrieved from /home/airflow/.local/lib/python3.12/site-packages/airflow/example_dags/example_python_decorator.py
[2024-11-11T19:49:48.330+0000] {logging_mixin.py:190} INFO - [2024-11-11T19:49:48.329+0000] {dag.py:3239} INFO - Sync 1 DAGs
[2024-11-11T19:49:48.379+0000] {logging_mixin.py:190} INFO - [2024-11-11T19:49:48.378+0000] {dag.py:4180} INFO - Setting next_dagrun for example_python_decorator to None, run_after=None
[2024-11-11T19:49:48.422+0000] {processor.py:208} INFO - Processing /home/airflow/.local/lib/python3.12/site-packages/airflow/example_dags/example_python_decorator.py took 0.218 seconds
[2024-11-11T19:50:20.006+0000] {processor.py:186} INFO - Started process (PID=5112) to work on /home/airflow/.local/lib/python3.12/site-packages/airflow/example_dags/example_python_decorator.py
[2024-11-11T19:50:20.010+0000] {processor.py:914} INFO - Processing file /home/airflow/.local/lib/python3.12/site-packages/airflow/example_dags/example_python_decorator.py for tasks to queue
[2024-11-11T19:50:20.015+0000] {logging_mixin.py:190} INFO - [2024-11-11T19:50:20.014+0000] {dagbag.py:588} INFO - Filling up the DagBag from /home/airflow/.local/lib/python3.12/site-packages/airflow/example_dags/example_python_decorator.py
[2024-11-11T19:50:20.055+0000] {processor.py:925} INFO - DAG(s) 'example_python_decorator' retrieved from /home/airflow/.local/lib/python3.12/site-packages/airflow/example_dags/example_python_decorator.py
[2024-11-11T19:50:20.118+0000] {logging_mixin.py:190} INFO - [2024-11-11T19:50:20.117+0000] {dag.py:3239} INFO - Sync 1 DAGs
[2024-11-11T19:50:20.180+0000] {logging_mixin.py:190} INFO - [2024-11-11T19:50:20.178+0000] {dag.py:4180} INFO - Setting next_dagrun for example_python_decorator to None, run_after=None
[2024-11-11T19:50:20.280+0000] {processor.py:208} INFO - Processing /home/airflow/.local/lib/python3.12/site-packages/airflow/example_dags/example_python_decorator.py took 0.288 seconds
[2024-11-11T19:50:50.357+0000] {processor.py:186} INFO - Started process (PID=5392) to work on /home/airflow/.local/lib/python3.12/site-packages/airflow/example_dags/example_python_decorator.py
[2024-11-11T19:50:50.359+0000] {processor.py:914} INFO - Processing file /home/airflow/.local/lib/python3.12/site-packages/airflow/example_dags/example_python_decorator.py for tasks to queue
[2024-11-11T19:50:50.362+0000] {logging_mixin.py:190} INFO - [2024-11-11T19:50:50.362+0000] {dagbag.py:588} INFO - Filling up the DagBag from /home/airflow/.local/lib/python3.12/site-packages/airflow/example_dags/example_python_decorator.py
[2024-11-11T19:50:50.384+0000] {processor.py:925} INFO - DAG(s) 'example_python_decorator' retrieved from /home/airflow/.local/lib/python3.12/site-packages/airflow/example_dags/example_python_decorator.py
[2024-11-11T19:50:50.423+0000] {logging_mixin.py:190} INFO - [2024-11-11T19:50:50.423+0000] {dag.py:3239} INFO - Sync 1 DAGs
[2024-11-11T19:50:50.468+0000] {logging_mixin.py:190} INFO - [2024-11-11T19:50:50.467+0000] {dag.py:4180} INFO - Setting next_dagrun for example_python_decorator to None, run_after=None
[2024-11-11T19:50:50.523+0000] {processor.py:208} INFO - Processing /home/airflow/.local/lib/python3.12/site-packages/airflow/example_dags/example_python_decorator.py took 0.175 seconds
[2024-11-11T19:51:20.747+0000] {processor.py:186} INFO - Started process (PID=5683) to work on /home/airflow/.local/lib/python3.12/site-packages/airflow/example_dags/example_python_decorator.py
[2024-11-11T19:51:20.750+0000] {processor.py:914} INFO - Processing file /home/airflow/.local/lib/python3.12/site-packages/airflow/example_dags/example_python_decorator.py for tasks to queue
[2024-11-11T19:51:20.756+0000] {logging_mixin.py:190} INFO - [2024-11-11T19:51:20.756+0000] {dagbag.py:588} INFO - Filling up the DagBag from /home/airflow/.local/lib/python3.12/site-packages/airflow/example_dags/example_python_decorator.py
[2024-11-11T19:51:20.834+0000] {processor.py:925} INFO - DAG(s) 'example_python_decorator' retrieved from /home/airflow/.local/lib/python3.12/site-packages/airflow/example_dags/example_python_decorator.py
[2024-11-11T19:51:20.878+0000] {logging_mixin.py:190} INFO - [2024-11-11T19:51:20.878+0000] {dag.py:3239} INFO - Sync 1 DAGs
[2024-11-11T19:51:20.909+0000] {logging_mixin.py:190} INFO - [2024-11-11T19:51:20.908+0000] {dag.py:4180} INFO - Setting next_dagrun for example_python_decorator to None, run_after=None
[2024-11-11T19:51:20.946+0000] {processor.py:208} INFO - Processing /home/airflow/.local/lib/python3.12/site-packages/airflow/example_dags/example_python_decorator.py took 0.218 seconds
[2024-11-11T19:51:51.797+0000] {processor.py:186} INFO - Started process (PID=5972) to work on /home/airflow/.local/lib/python3.12/site-packages/airflow/example_dags/example_python_decorator.py
[2024-11-11T19:51:51.803+0000] {processor.py:914} INFO - Processing file /home/airflow/.local/lib/python3.12/site-packages/airflow/example_dags/example_python_decorator.py for tasks to queue
[2024-11-11T19:51:51.807+0000] {logging_mixin.py:190} INFO - [2024-11-11T19:51:51.806+0000] {dagbag.py:588} INFO - Filling up the DagBag from /home/airflow/.local/lib/python3.12/site-packages/airflow/example_dags/example_python_decorator.py
[2024-11-11T19:51:51.833+0000] {processor.py:925} INFO - DAG(s) 'example_python_decorator' retrieved from /home/airflow/.local/lib/python3.12/site-packages/airflow/example_dags/example_python_decorator.py
[2024-11-11T19:51:51.875+0000] {logging_mixin.py:190} INFO - [2024-11-11T19:51:51.874+0000] {dag.py:3239} INFO - Sync 1 DAGs
[2024-11-11T19:51:51.903+0000] {logging_mixin.py:190} INFO - [2024-11-11T19:51:51.903+0000] {dag.py:4180} INFO - Setting next_dagrun for example_python_decorator to None, run_after=None
[2024-11-11T19:51:51.940+0000] {processor.py:208} INFO - Processing /home/airflow/.local/lib/python3.12/site-packages/airflow/example_dags/example_python_decorator.py took 0.155 seconds
[2024-11-11T19:52:22.364+0000] {processor.py:186} INFO - Started process (PID=6263) to work on /home/airflow/.local/lib/python3.12/site-packages/airflow/example_dags/example_python_decorator.py
[2024-11-11T19:52:22.372+0000] {processor.py:914} INFO - Processing file /home/airflow/.local/lib/python3.12/site-packages/airflow/example_dags/example_python_decorator.py for tasks to queue
[2024-11-11T19:52:22.381+0000] {logging_mixin.py:190} INFO - [2024-11-11T19:52:22.379+0000] {dagbag.py:588} INFO - Filling up the DagBag from /home/airflow/.local/lib/python3.12/site-packages/airflow/example_dags/example_python_decorator.py
[2024-11-11T19:52:22.449+0000] {processor.py:925} INFO - DAG(s) 'example_python_decorator' retrieved from /home/airflow/.local/lib/python3.12/site-packages/airflow/example_dags/example_python_decorator.py
[2024-11-11T19:52:22.565+0000] {logging_mixin.py:190} INFO - [2024-11-11T19:52:22.563+0000] {dag.py:3239} INFO - Sync 1 DAGs
[2024-11-11T19:52:22.621+0000] {logging_mixin.py:190} INFO - [2024-11-11T19:52:22.621+0000] {dag.py:4180} INFO - Setting next_dagrun for example_python_decorator to None, run_after=None
[2024-11-11T19:52:22.675+0000] {processor.py:208} INFO - Processing /home/airflow/.local/lib/python3.12/site-packages/airflow/example_dags/example_python_decorator.py took 0.338 seconds
[2024-11-11T19:52:52.787+0000] {processor.py:186} INFO - Started process (PID=6554) to work on /home/airflow/.local/lib/python3.12/site-packages/airflow/example_dags/example_python_decorator.py
[2024-11-11T19:52:52.790+0000] {processor.py:914} INFO - Processing file /home/airflow/.local/lib/python3.12/site-packages/airflow/example_dags/example_python_decorator.py for tasks to queue
[2024-11-11T19:52:52.798+0000] {logging_mixin.py:190} INFO - [2024-11-11T19:52:52.797+0000] {dagbag.py:588} INFO - Filling up the DagBag from /home/airflow/.local/lib/python3.12/site-packages/airflow/example_dags/example_python_decorator.py
[2024-11-11T19:52:52.855+0000] {processor.py:925} INFO - DAG(s) 'example_python_decorator' retrieved from /home/airflow/.local/lib/python3.12/site-packages/airflow/example_dags/example_python_decorator.py
[2024-11-11T19:52:52.934+0000] {logging_mixin.py:190} INFO - [2024-11-11T19:52:52.934+0000] {dag.py:3239} INFO - Sync 1 DAGs
[2024-11-11T19:52:52.962+0000] {logging_mixin.py:190} INFO - [2024-11-11T19:52:52.962+0000] {dag.py:4180} INFO - Setting next_dagrun for example_python_decorator to None, run_after=None
[2024-11-11T19:52:52.999+0000] {processor.py:208} INFO - Processing /home/airflow/.local/lib/python3.12/site-packages/airflow/example_dags/example_python_decorator.py took 0.238 seconds
[2024-11-11T19:53:23.111+0000] {processor.py:186} INFO - Started process (PID=6843) to work on /home/airflow/.local/lib/python3.12/site-packages/airflow/example_dags/example_python_decorator.py
[2024-11-11T19:53:23.112+0000] {processor.py:914} INFO - Processing file /home/airflow/.local/lib/python3.12/site-packages/airflow/example_dags/example_python_decorator.py for tasks to queue
[2024-11-11T19:53:23.116+0000] {logging_mixin.py:190} INFO - [2024-11-11T19:53:23.115+0000] {dagbag.py:588} INFO - Filling up the DagBag from /home/airflow/.local/lib/python3.12/site-packages/airflow/example_dags/example_python_decorator.py
[2024-11-11T19:53:23.146+0000] {processor.py:925} INFO - DAG(s) 'example_python_decorator' retrieved from /home/airflow/.local/lib/python3.12/site-packages/airflow/example_dags/example_python_decorator.py
[2024-11-11T19:53:23.197+0000] {logging_mixin.py:190} INFO - [2024-11-11T19:53:23.197+0000] {dag.py:3239} INFO - Sync 1 DAGs
[2024-11-11T19:53:23.237+0000] {logging_mixin.py:190} INFO - [2024-11-11T19:53:23.237+0000] {dag.py:4180} INFO - Setting next_dagrun for example_python_decorator to None, run_after=None
[2024-11-11T19:53:23.311+0000] {processor.py:208} INFO - Processing /home/airflow/.local/lib/python3.12/site-packages/airflow/example_dags/example_python_decorator.py took 0.213 seconds
[2024-11-11T19:53:53.919+0000] {processor.py:186} INFO - Started process (PID=7129) to work on /home/airflow/.local/lib/python3.12/site-packages/airflow/example_dags/example_python_decorator.py
[2024-11-11T19:53:53.924+0000] {processor.py:914} INFO - Processing file /home/airflow/.local/lib/python3.12/site-packages/airflow/example_dags/example_python_decorator.py for tasks to queue
[2024-11-11T19:53:53.936+0000] {logging_mixin.py:190} INFO - [2024-11-11T19:53:53.934+0000] {dagbag.py:588} INFO - Filling up the DagBag from /home/airflow/.local/lib/python3.12/site-packages/airflow/example_dags/example_python_decorator.py
[2024-11-11T19:53:53.979+0000] {processor.py:925} INFO - DAG(s) 'example_python_decorator' retrieved from /home/airflow/.local/lib/python3.12/site-packages/airflow/example_dags/example_python_decorator.py
[2024-11-11T19:53:54.014+0000] {logging_mixin.py:190} INFO - [2024-11-11T19:53:54.014+0000] {dag.py:3239} INFO - Sync 1 DAGs
[2024-11-11T19:53:54.038+0000] {logging_mixin.py:190} INFO - [2024-11-11T19:53:54.038+0000] {dag.py:4180} INFO - Setting next_dagrun for example_python_decorator to None, run_after=None
[2024-11-11T19:53:54.073+0000] {processor.py:208} INFO - Processing /home/airflow/.local/lib/python3.12/site-packages/airflow/example_dags/example_python_decorator.py took 0.191 seconds
[2024-11-11T19:54:24.212+0000] {processor.py:186} INFO - Started process (PID=7420) to work on /home/airflow/.local/lib/python3.12/site-packages/airflow/example_dags/example_python_decorator.py
[2024-11-11T19:54:24.214+0000] {processor.py:914} INFO - Processing file /home/airflow/.local/lib/python3.12/site-packages/airflow/example_dags/example_python_decorator.py for tasks to queue
[2024-11-11T19:54:24.218+0000] {logging_mixin.py:190} INFO - [2024-11-11T19:54:24.217+0000] {dagbag.py:588} INFO - Filling up the DagBag from /home/airflow/.local/lib/python3.12/site-packages/airflow/example_dags/example_python_decorator.py
[2024-11-11T19:54:24.246+0000] {processor.py:925} INFO - DAG(s) 'example_python_decorator' retrieved from /home/airflow/.local/lib/python3.12/site-packages/airflow/example_dags/example_python_decorator.py
[2024-11-11T19:54:24.284+0000] {logging_mixin.py:190} INFO - [2024-11-11T19:54:24.284+0000] {dag.py:3239} INFO - Sync 1 DAGs
[2024-11-11T19:54:24.309+0000] {logging_mixin.py:190} INFO - [2024-11-11T19:54:24.309+0000] {dag.py:4180} INFO - Setting next_dagrun for example_python_decorator to None, run_after=None
[2024-11-11T19:54:24.339+0000] {processor.py:208} INFO - Processing /home/airflow/.local/lib/python3.12/site-packages/airflow/example_dags/example_python_decorator.py took 0.140 seconds
[2024-11-11T19:54:54.817+0000] {processor.py:186} INFO - Started process (PID=7711) to work on /home/airflow/.local/lib/python3.12/site-packages/airflow/example_dags/example_python_decorator.py
[2024-11-11T19:54:54.819+0000] {processor.py:914} INFO - Processing file /home/airflow/.local/lib/python3.12/site-packages/airflow/example_dags/example_python_decorator.py for tasks to queue
[2024-11-11T19:54:54.835+0000] {logging_mixin.py:190} INFO - [2024-11-11T19:54:54.834+0000] {dagbag.py:588} INFO - Filling up the DagBag from /home/airflow/.local/lib/python3.12/site-packages/airflow/example_dags/example_python_decorator.py
[2024-11-11T19:54:54.902+0000] {processor.py:925} INFO - DAG(s) 'example_python_decorator' retrieved from /home/airflow/.local/lib/python3.12/site-packages/airflow/example_dags/example_python_decorator.py
[2024-11-11T19:54:54.960+0000] {logging_mixin.py:190} INFO - [2024-11-11T19:54:54.960+0000] {dag.py:3239} INFO - Sync 1 DAGs
[2024-11-11T19:54:54.994+0000] {logging_mixin.py:190} INFO - [2024-11-11T19:54:54.993+0000] {dag.py:4180} INFO - Setting next_dagrun for example_python_decorator to None, run_after=None
[2024-11-11T19:54:55.035+0000] {processor.py:208} INFO - Processing /home/airflow/.local/lib/python3.12/site-packages/airflow/example_dags/example_python_decorator.py took 0.234 seconds
[2024-11-11T19:55:25.589+0000] {processor.py:186} INFO - Started process (PID=8003) to work on /home/airflow/.local/lib/python3.12/site-packages/airflow/example_dags/example_python_decorator.py
[2024-11-11T19:55:25.592+0000] {processor.py:914} INFO - Processing file /home/airflow/.local/lib/python3.12/site-packages/airflow/example_dags/example_python_decorator.py for tasks to queue
[2024-11-11T19:55:25.598+0000] {logging_mixin.py:190} INFO - [2024-11-11T19:55:25.597+0000] {dagbag.py:588} INFO - Filling up the DagBag from /home/airflow/.local/lib/python3.12/site-packages/airflow/example_dags/example_python_decorator.py
[2024-11-11T19:55:25.640+0000] {processor.py:925} INFO - DAG(s) 'example_python_decorator' retrieved from /home/airflow/.local/lib/python3.12/site-packages/airflow/example_dags/example_python_decorator.py
[2024-11-11T19:55:25.707+0000] {logging_mixin.py:190} INFO - [2024-11-11T19:55:25.707+0000] {dag.py:3239} INFO - Sync 1 DAGs
[2024-11-11T19:55:25.750+0000] {logging_mixin.py:190} INFO - [2024-11-11T19:55:25.749+0000] {dag.py:4180} INFO - Setting next_dagrun for example_python_decorator to None, run_after=None
[2024-11-11T19:55:25.811+0000] {processor.py:208} INFO - Processing /home/airflow/.local/lib/python3.12/site-packages/airflow/example_dags/example_python_decorator.py took 0.241 seconds
[2024-11-11T19:55:57.376+0000] {processor.py:186} INFO - Started process (PID=8297) to work on /home/airflow/.local/lib/python3.12/site-packages/airflow/example_dags/example_python_decorator.py
[2024-11-11T19:55:57.382+0000] {processor.py:914} INFO - Processing file /home/airflow/.local/lib/python3.12/site-packages/airflow/example_dags/example_python_decorator.py for tasks to queue
[2024-11-11T19:55:57.393+0000] {logging_mixin.py:190} INFO - [2024-11-11T19:55:57.392+0000] {dagbag.py:588} INFO - Filling up the DagBag from /home/airflow/.local/lib/python3.12/site-packages/airflow/example_dags/example_python_decorator.py
[2024-11-11T19:55:57.448+0000] {processor.py:925} INFO - DAG(s) 'example_python_decorator' retrieved from /home/airflow/.local/lib/python3.12/site-packages/airflow/example_dags/example_python_decorator.py
[2024-11-11T19:55:57.516+0000] {logging_mixin.py:190} INFO - [2024-11-11T19:55:57.516+0000] {dag.py:3239} INFO - Sync 1 DAGs
[2024-11-11T19:55:57.566+0000] {logging_mixin.py:190} INFO - [2024-11-11T19:55:57.566+0000] {dag.py:4180} INFO - Setting next_dagrun for example_python_decorator to None, run_after=None
[2024-11-11T19:55:57.593+0000] {processor.py:208} INFO - Processing /home/airflow/.local/lib/python3.12/site-packages/airflow/example_dags/example_python_decorator.py took 0.257 seconds
[2024-11-11T19:56:27.853+0000] {processor.py:186} INFO - Started process (PID=8587) to work on /home/airflow/.local/lib/python3.12/site-packages/airflow/example_dags/example_python_decorator.py
[2024-11-11T19:56:27.859+0000] {processor.py:914} INFO - Processing file /home/airflow/.local/lib/python3.12/site-packages/airflow/example_dags/example_python_decorator.py for tasks to queue
[2024-11-11T19:56:27.867+0000] {logging_mixin.py:190} INFO - [2024-11-11T19:56:27.865+0000] {dagbag.py:588} INFO - Filling up the DagBag from /home/airflow/.local/lib/python3.12/site-packages/airflow/example_dags/example_python_decorator.py
[2024-11-11T19:56:27.918+0000] {processor.py:925} INFO - DAG(s) 'example_python_decorator' retrieved from /home/airflow/.local/lib/python3.12/site-packages/airflow/example_dags/example_python_decorator.py
[2024-11-11T19:56:28.000+0000] {logging_mixin.py:190} INFO - [2024-11-11T19:56:27.999+0000] {dag.py:3239} INFO - Sync 1 DAGs
[2024-11-11T19:56:28.042+0000] {logging_mixin.py:190} INFO - [2024-11-11T19:56:28.042+0000] {dag.py:4180} INFO - Setting next_dagrun for example_python_decorator to None, run_after=None
[2024-11-11T19:56:28.071+0000] {processor.py:208} INFO - Processing /home/airflow/.local/lib/python3.12/site-packages/airflow/example_dags/example_python_decorator.py took 0.237 seconds
[2024-11-11T19:56:58.190+0000] {processor.py:186} INFO - Started process (PID=8875) to work on /home/airflow/.local/lib/python3.12/site-packages/airflow/example_dags/example_python_decorator.py
[2024-11-11T19:56:58.191+0000] {processor.py:914} INFO - Processing file /home/airflow/.local/lib/python3.12/site-packages/airflow/example_dags/example_python_decorator.py for tasks to queue
[2024-11-11T19:56:58.195+0000] {logging_mixin.py:190} INFO - [2024-11-11T19:56:58.194+0000] {dagbag.py:588} INFO - Filling up the DagBag from /home/airflow/.local/lib/python3.12/site-packages/airflow/example_dags/example_python_decorator.py
[2024-11-11T19:56:58.218+0000] {processor.py:925} INFO - DAG(s) 'example_python_decorator' retrieved from /home/airflow/.local/lib/python3.12/site-packages/airflow/example_dags/example_python_decorator.py
[2024-11-11T19:56:58.255+0000] {logging_mixin.py:190} INFO - [2024-11-11T19:56:58.255+0000] {dag.py:3239} INFO - Sync 1 DAGs
[2024-11-11T19:56:58.296+0000] {logging_mixin.py:190} INFO - [2024-11-11T19:56:58.295+0000] {dag.py:4180} INFO - Setting next_dagrun for example_python_decorator to None, run_after=None
[2024-11-11T19:56:58.364+0000] {processor.py:208} INFO - Processing /home/airflow/.local/lib/python3.12/site-packages/airflow/example_dags/example_python_decorator.py took 0.184 seconds
[2024-11-11T19:57:28.885+0000] {processor.py:186} INFO - Started process (PID=9164) to work on /home/airflow/.local/lib/python3.12/site-packages/airflow/example_dags/example_python_decorator.py
[2024-11-11T19:57:28.889+0000] {processor.py:914} INFO - Processing file /home/airflow/.local/lib/python3.12/site-packages/airflow/example_dags/example_python_decorator.py for tasks to queue
[2024-11-11T19:57:28.896+0000] {logging_mixin.py:190} INFO - [2024-11-11T19:57:28.895+0000] {dagbag.py:588} INFO - Filling up the DagBag from /home/airflow/.local/lib/python3.12/site-packages/airflow/example_dags/example_python_decorator.py
[2024-11-11T19:57:28.948+0000] {processor.py:925} INFO - DAG(s) 'example_python_decorator' retrieved from /home/airflow/.local/lib/python3.12/site-packages/airflow/example_dags/example_python_decorator.py
[2024-11-11T19:57:29.017+0000] {logging_mixin.py:190} INFO - [2024-11-11T19:57:29.016+0000] {dag.py:3239} INFO - Sync 1 DAGs
[2024-11-11T19:57:29.070+0000] {logging_mixin.py:190} INFO - [2024-11-11T19:57:29.069+0000] {dag.py:4180} INFO - Setting next_dagrun for example_python_decorator to None, run_after=None
[2024-11-11T19:57:29.151+0000] {processor.py:208} INFO - Processing /home/airflow/.local/lib/python3.12/site-packages/airflow/example_dags/example_python_decorator.py took 0.305 seconds
[2024-11-11T19:57:59.724+0000] {processor.py:186} INFO - Started process (PID=9455) to work on /home/airflow/.local/lib/python3.12/site-packages/airflow/example_dags/example_python_decorator.py
[2024-11-11T19:57:59.725+0000] {processor.py:914} INFO - Processing file /home/airflow/.local/lib/python3.12/site-packages/airflow/example_dags/example_python_decorator.py for tasks to queue
[2024-11-11T19:57:59.730+0000] {logging_mixin.py:190} INFO - [2024-11-11T19:57:59.729+0000] {dagbag.py:588} INFO - Filling up the DagBag from /home/airflow/.local/lib/python3.12/site-packages/airflow/example_dags/example_python_decorator.py
[2024-11-11T19:57:59.758+0000] {processor.py:925} INFO - DAG(s) 'example_python_decorator' retrieved from /home/airflow/.local/lib/python3.12/site-packages/airflow/example_dags/example_python_decorator.py
[2024-11-11T19:57:59.798+0000] {logging_mixin.py:190} INFO - [2024-11-11T19:57:59.797+0000] {dag.py:3239} INFO - Sync 1 DAGs
[2024-11-11T19:57:59.829+0000] {logging_mixin.py:190} INFO - [2024-11-11T19:57:59.828+0000] {dag.py:4180} INFO - Setting next_dagrun for example_python_decorator to None, run_after=None
[2024-11-11T19:57:59.873+0000] {processor.py:208} INFO - Processing /home/airflow/.local/lib/python3.12/site-packages/airflow/example_dags/example_python_decorator.py took 0.164 seconds
[2024-11-11T19:58:31.332+0000] {processor.py:186} INFO - Started process (PID=9746) to work on /home/airflow/.local/lib/python3.12/site-packages/airflow/example_dags/example_python_decorator.py
[2024-11-11T19:58:31.334+0000] {processor.py:914} INFO - Processing file /home/airflow/.local/lib/python3.12/site-packages/airflow/example_dags/example_python_decorator.py for tasks to queue
[2024-11-11T19:58:31.339+0000] {logging_mixin.py:190} INFO - [2024-11-11T19:58:31.338+0000] {dagbag.py:588} INFO - Filling up the DagBag from /home/airflow/.local/lib/python3.12/site-packages/airflow/example_dags/example_python_decorator.py
[2024-11-11T19:58:31.365+0000] {processor.py:925} INFO - DAG(s) 'example_python_decorator' retrieved from /home/airflow/.local/lib/python3.12/site-packages/airflow/example_dags/example_python_decorator.py
[2024-11-11T19:58:31.412+0000] {logging_mixin.py:190} INFO - [2024-11-11T19:58:31.412+0000] {dag.py:3239} INFO - Sync 1 DAGs
[2024-11-11T19:58:31.485+0000] {logging_mixin.py:190} INFO - [2024-11-11T19:58:31.484+0000] {dag.py:4180} INFO - Setting next_dagrun for example_python_decorator to None, run_after=None
[2024-11-11T19:58:31.568+0000] {processor.py:208} INFO - Processing /home/airflow/.local/lib/python3.12/site-packages/airflow/example_dags/example_python_decorator.py took 0.250 seconds
[2024-11-11T19:59:04.197+0000] {processor.py:186} INFO - Started process (PID=10059) to work on /home/airflow/.local/lib/python3.12/site-packages/airflow/example_dags/example_python_decorator.py
[2024-11-11T19:59:04.199+0000] {processor.py:914} INFO - Processing file /home/airflow/.local/lib/python3.12/site-packages/airflow/example_dags/example_python_decorator.py for tasks to queue
[2024-11-11T19:59:04.204+0000] {logging_mixin.py:190} INFO - [2024-11-11T19:59:04.203+0000] {dagbag.py:588} INFO - Filling up the DagBag from /home/airflow/.local/lib/python3.12/site-packages/airflow/example_dags/example_python_decorator.py
[2024-11-11T19:59:04.235+0000] {processor.py:925} INFO - DAG(s) 'example_python_decorator' retrieved from /home/airflow/.local/lib/python3.12/site-packages/airflow/example_dags/example_python_decorator.py
[2024-11-11T19:59:04.297+0000] {logging_mixin.py:190} INFO - [2024-11-11T19:59:04.296+0000] {dag.py:3239} INFO - Sync 1 DAGs
[2024-11-11T19:59:04.347+0000] {logging_mixin.py:190} INFO - [2024-11-11T19:59:04.346+0000] {dag.py:4180} INFO - Setting next_dagrun for example_python_decorator to None, run_after=None
[2024-11-11T19:59:04.416+0000] {processor.py:208} INFO - Processing /home/airflow/.local/lib/python3.12/site-packages/airflow/example_dags/example_python_decorator.py took 0.232 seconds
[2024-11-11T19:59:35.156+0000] {processor.py:186} INFO - Started process (PID=10348) to work on /home/airflow/.local/lib/python3.12/site-packages/airflow/example_dags/example_python_decorator.py
[2024-11-11T19:59:35.158+0000] {processor.py:914} INFO - Processing file /home/airflow/.local/lib/python3.12/site-packages/airflow/example_dags/example_python_decorator.py for tasks to queue
[2024-11-11T19:59:35.161+0000] {logging_mixin.py:190} INFO - [2024-11-11T19:59:35.160+0000] {dagbag.py:588} INFO - Filling up the DagBag from /home/airflow/.local/lib/python3.12/site-packages/airflow/example_dags/example_python_decorator.py
[2024-11-11T19:59:35.183+0000] {processor.py:925} INFO - DAG(s) 'example_python_decorator' retrieved from /home/airflow/.local/lib/python3.12/site-packages/airflow/example_dags/example_python_decorator.py
[2024-11-11T19:59:35.220+0000] {logging_mixin.py:190} INFO - [2024-11-11T19:59:35.220+0000] {dag.py:3239} INFO - Sync 1 DAGs
[2024-11-11T19:59:35.244+0000] {logging_mixin.py:190} INFO - [2024-11-11T19:59:35.243+0000] {dag.py:4180} INFO - Setting next_dagrun for example_python_decorator to None, run_after=None
[2024-11-11T19:59:35.274+0000] {processor.py:208} INFO - Processing /home/airflow/.local/lib/python3.12/site-packages/airflow/example_dags/example_python_decorator.py took 0.128 seconds
[2024-11-11T20:00:05.920+0000] {processor.py:186} INFO - Started process (PID=10639) to work on /home/airflow/.local/lib/python3.12/site-packages/airflow/example_dags/example_python_decorator.py
[2024-11-11T20:00:05.922+0000] {processor.py:914} INFO - Processing file /home/airflow/.local/lib/python3.12/site-packages/airflow/example_dags/example_python_decorator.py for tasks to queue
[2024-11-11T20:00:05.928+0000] {logging_mixin.py:190} INFO - [2024-11-11T20:00:05.927+0000] {dagbag.py:588} INFO - Filling up the DagBag from /home/airflow/.local/lib/python3.12/site-packages/airflow/example_dags/example_python_decorator.py
[2024-11-11T20:00:05.967+0000] {processor.py:925} INFO - DAG(s) 'example_python_decorator' retrieved from /home/airflow/.local/lib/python3.12/site-packages/airflow/example_dags/example_python_decorator.py
[2024-11-11T20:00:06.030+0000] {logging_mixin.py:190} INFO - [2024-11-11T20:00:06.029+0000] {dag.py:3239} INFO - Sync 1 DAGs
[2024-11-11T20:00:06.067+0000] {logging_mixin.py:190} INFO - [2024-11-11T20:00:06.066+0000] {dag.py:4180} INFO - Setting next_dagrun for example_python_decorator to None, run_after=None
[2024-11-11T20:00:06.112+0000] {processor.py:208} INFO - Processing /home/airflow/.local/lib/python3.12/site-packages/airflow/example_dags/example_python_decorator.py took 0.208 seconds
[2024-11-11T20:00:36.798+0000] {processor.py:186} INFO - Started process (PID=10930) to work on /home/airflow/.local/lib/python3.12/site-packages/airflow/example_dags/example_python_decorator.py
[2024-11-11T20:00:36.801+0000] {processor.py:914} INFO - Processing file /home/airflow/.local/lib/python3.12/site-packages/airflow/example_dags/example_python_decorator.py for tasks to queue
[2024-11-11T20:00:36.807+0000] {logging_mixin.py:190} INFO - [2024-11-11T20:00:36.806+0000] {dagbag.py:588} INFO - Filling up the DagBag from /home/airflow/.local/lib/python3.12/site-packages/airflow/example_dags/example_python_decorator.py
[2024-11-11T20:00:36.849+0000] {processor.py:925} INFO - DAG(s) 'example_python_decorator' retrieved from /home/airflow/.local/lib/python3.12/site-packages/airflow/example_dags/example_python_decorator.py
[2024-11-11T20:00:36.922+0000] {logging_mixin.py:190} INFO - [2024-11-11T20:00:36.921+0000] {dag.py:3239} INFO - Sync 1 DAGs
[2024-11-11T20:00:36.965+0000] {logging_mixin.py:190} INFO - [2024-11-11T20:00:36.965+0000] {dag.py:4180} INFO - Setting next_dagrun for example_python_decorator to None, run_after=None
[2024-11-11T20:00:37.022+0000] {processor.py:208} INFO - Processing /home/airflow/.local/lib/python3.12/site-packages/airflow/example_dags/example_python_decorator.py took 0.242 seconds
[2024-11-11T20:01:07.932+0000] {processor.py:186} INFO - Started process (PID=11231) to work on /home/airflow/.local/lib/python3.12/site-packages/airflow/example_dags/example_python_decorator.py
[2024-11-11T20:01:07.933+0000] {processor.py:914} INFO - Processing file /home/airflow/.local/lib/python3.12/site-packages/airflow/example_dags/example_python_decorator.py for tasks to queue
[2024-11-11T20:01:07.938+0000] {logging_mixin.py:190} INFO - [2024-11-11T20:01:07.937+0000] {dagbag.py:588} INFO - Filling up the DagBag from /home/airflow/.local/lib/python3.12/site-packages/airflow/example_dags/example_python_decorator.py
[2024-11-11T20:01:07.967+0000] {processor.py:925} INFO - DAG(s) 'example_python_decorator' retrieved from /home/airflow/.local/lib/python3.12/site-packages/airflow/example_dags/example_python_decorator.py
[2024-11-11T20:01:08.013+0000] {logging_mixin.py:190} INFO - [2024-11-11T20:01:08.012+0000] {dag.py:3239} INFO - Sync 1 DAGs
[2024-11-11T20:01:08.054+0000] {logging_mixin.py:190} INFO - [2024-11-11T20:01:08.053+0000] {dag.py:4180} INFO - Setting next_dagrun for example_python_decorator to None, run_after=None
[2024-11-11T20:01:08.130+0000] {processor.py:208} INFO - Processing /home/airflow/.local/lib/python3.12/site-packages/airflow/example_dags/example_python_decorator.py took 0.211 seconds
[2024-11-11T20:01:39.040+0000] {processor.py:186} INFO - Started process (PID=11522) to work on /home/airflow/.local/lib/python3.12/site-packages/airflow/example_dags/example_python_decorator.py
[2024-11-11T20:01:39.044+0000] {processor.py:914} INFO - Processing file /home/airflow/.local/lib/python3.12/site-packages/airflow/example_dags/example_python_decorator.py for tasks to queue
[2024-11-11T20:01:39.052+0000] {logging_mixin.py:190} INFO - [2024-11-11T20:01:39.051+0000] {dagbag.py:588} INFO - Filling up the DagBag from /home/airflow/.local/lib/python3.12/site-packages/airflow/example_dags/example_python_decorator.py
[2024-11-11T20:01:39.092+0000] {processor.py:925} INFO - DAG(s) 'example_python_decorator' retrieved from /home/airflow/.local/lib/python3.12/site-packages/airflow/example_dags/example_python_decorator.py
[2024-11-11T20:01:39.164+0000] {logging_mixin.py:190} INFO - [2024-11-11T20:01:39.163+0000] {dag.py:3239} INFO - Sync 1 DAGs
[2024-11-11T20:01:39.242+0000] {logging_mixin.py:190} INFO - [2024-11-11T20:01:39.241+0000] {dag.py:4180} INFO - Setting next_dagrun for example_python_decorator to None, run_after=None
[2024-11-11T20:01:39.305+0000] {processor.py:208} INFO - Processing /home/airflow/.local/lib/python3.12/site-packages/airflow/example_dags/example_python_decorator.py took 0.287 seconds
[2024-11-11T20:02:10.525+0000] {processor.py:186} INFO - Started process (PID=11819) to work on /home/airflow/.local/lib/python3.12/site-packages/airflow/example_dags/example_python_decorator.py
[2024-11-11T20:02:10.527+0000] {processor.py:914} INFO - Processing file /home/airflow/.local/lib/python3.12/site-packages/airflow/example_dags/example_python_decorator.py for tasks to queue
[2024-11-11T20:02:10.530+0000] {logging_mixin.py:190} INFO - [2024-11-11T20:02:10.529+0000] {dagbag.py:588} INFO - Filling up the DagBag from /home/airflow/.local/lib/python3.12/site-packages/airflow/example_dags/example_python_decorator.py
[2024-11-11T20:02:10.553+0000] {processor.py:925} INFO - DAG(s) 'example_python_decorator' retrieved from /home/airflow/.local/lib/python3.12/site-packages/airflow/example_dags/example_python_decorator.py
[2024-11-11T20:02:10.595+0000] {logging_mixin.py:190} INFO - [2024-11-11T20:02:10.594+0000] {dag.py:3239} INFO - Sync 1 DAGs
[2024-11-11T20:02:10.622+0000] {logging_mixin.py:190} INFO - [2024-11-11T20:02:10.622+0000] {dag.py:4180} INFO - Setting next_dagrun for example_python_decorator to None, run_after=None
[2024-11-11T20:02:10.653+0000] {processor.py:208} INFO - Processing /home/airflow/.local/lib/python3.12/site-packages/airflow/example_dags/example_python_decorator.py took 0.141 seconds
[2024-11-11T20:02:41.402+0000] {processor.py:186} INFO - Started process (PID=12115) to work on /home/airflow/.local/lib/python3.12/site-packages/airflow/example_dags/example_python_decorator.py
[2024-11-11T20:02:41.404+0000] {processor.py:914} INFO - Processing file /home/airflow/.local/lib/python3.12/site-packages/airflow/example_dags/example_python_decorator.py for tasks to queue
[2024-11-11T20:02:41.410+0000] {logging_mixin.py:190} INFO - [2024-11-11T20:02:41.409+0000] {dagbag.py:588} INFO - Filling up the DagBag from /home/airflow/.local/lib/python3.12/site-packages/airflow/example_dags/example_python_decorator.py
[2024-11-11T20:02:41.449+0000] {processor.py:925} INFO - DAG(s) 'example_python_decorator' retrieved from /home/airflow/.local/lib/python3.12/site-packages/airflow/example_dags/example_python_decorator.py
[2024-11-11T20:02:41.527+0000] {logging_mixin.py:190} INFO - [2024-11-11T20:02:41.526+0000] {dag.py:3239} INFO - Sync 1 DAGs
[2024-11-11T20:02:41.580+0000] {logging_mixin.py:190} INFO - [2024-11-11T20:02:41.579+0000] {dag.py:4180} INFO - Setting next_dagrun for example_python_decorator to None, run_after=None
[2024-11-11T20:02:41.630+0000] {processor.py:208} INFO - Processing /home/airflow/.local/lib/python3.12/site-packages/airflow/example_dags/example_python_decorator.py took 0.245 seconds
