[2024-11-11T19:41:42.333+0000] {processor.py:186} INFO - Started process (PID=382) to work on /home/airflow/.local/lib/python3.12/site-packages/airflow/example_dags/example_params_trigger_ui.py
[2024-11-11T19:41:42.335+0000] {processor.py:914} INFO - Processing file /home/airflow/.local/lib/python3.12/site-packages/airflow/example_dags/example_params_trigger_ui.py for tasks to queue
[2024-11-11T19:41:42.338+0000] {logging_mixin.py:190} INFO - [2024-11-11T19:41:42.338+0000] {dagbag.py:588} INFO - Filling up the DagBag from /home/airflow/.local/lib/python3.12/site-packages/airflow/example_dags/example_params_trigger_ui.py
[2024-11-11T19:41:42.363+0000] {processor.py:925} INFO - DAG(s) 'example_params_trigger_ui' retrieved from /home/airflow/.local/lib/python3.12/site-packages/airflow/example_dags/example_params_trigger_ui.py
[2024-11-11T19:41:42.594+0000] {logging_mixin.py:190} INFO - [2024-11-11T19:41:42.593+0000] {override.py:1911} INFO - Created Permission View: can delete on DAG:example_params_trigger_ui
[2024-11-11T19:41:42.610+0000] {logging_mixin.py:190} INFO - [2024-11-11T19:41:42.610+0000] {override.py:1911} INFO - Created Permission View: can read on DAG:example_params_trigger_ui
[2024-11-11T19:41:42.623+0000] {logging_mixin.py:190} INFO - [2024-11-11T19:41:42.622+0000] {override.py:1911} INFO - Created Permission View: can edit on DAG:example_params_trigger_ui
[2024-11-11T19:41:42.636+0000] {logging_mixin.py:190} INFO - [2024-11-11T19:41:42.636+0000] {override.py:1911} INFO - Created Permission View: can delete on DAG Run:example_params_trigger_ui
[2024-11-11T19:41:42.649+0000] {logging_mixin.py:190} INFO - [2024-11-11T19:41:42.648+0000] {override.py:1911} INFO - Created Permission View: can create on DAG Run:example_params_trigger_ui
[2024-11-11T19:41:42.660+0000] {logging_mixin.py:190} INFO - [2024-11-11T19:41:42.660+0000] {override.py:1911} INFO - Created Permission View: menu access on DAG Run:example_params_trigger_ui
[2024-11-11T19:41:42.672+0000] {logging_mixin.py:190} INFO - [2024-11-11T19:41:42.672+0000] {override.py:1911} INFO - Created Permission View: can read on DAG Run:example_params_trigger_ui
[2024-11-11T19:41:42.673+0000] {logging_mixin.py:190} INFO - [2024-11-11T19:41:42.673+0000] {dag.py:3239} INFO - Sync 1 DAGs
[2024-11-11T19:41:42.696+0000] {logging_mixin.py:190} INFO - [2024-11-11T19:41:42.696+0000] {dag.py:3262} INFO - Creating ORM DAG for example_params_trigger_ui
[2024-11-11T19:41:42.697+0000] {logging_mixin.py:190} INFO - [2024-11-11T19:41:42.697+0000] {dag.py:4180} INFO - Setting next_dagrun for example_params_trigger_ui to None, run_after=None
[2024-11-11T19:41:42.732+0000] {processor.py:208} INFO - Processing /home/airflow/.local/lib/python3.12/site-packages/airflow/example_dags/example_params_trigger_ui.py took 0.410 seconds
[2024-11-11T19:42:13.836+0000] {processor.py:186} INFO - Started process (PID=673) to work on /home/airflow/.local/lib/python3.12/site-packages/airflow/example_dags/example_params_trigger_ui.py
[2024-11-11T19:42:13.837+0000] {processor.py:914} INFO - Processing file /home/airflow/.local/lib/python3.12/site-packages/airflow/example_dags/example_params_trigger_ui.py for tasks to queue
[2024-11-11T19:42:13.841+0000] {logging_mixin.py:190} INFO - [2024-11-11T19:42:13.841+0000] {dagbag.py:588} INFO - Filling up the DagBag from /home/airflow/.local/lib/python3.12/site-packages/airflow/example_dags/example_params_trigger_ui.py
[2024-11-11T19:42:13.859+0000] {processor.py:925} INFO - DAG(s) 'example_params_trigger_ui' retrieved from /home/airflow/.local/lib/python3.12/site-packages/airflow/example_dags/example_params_trigger_ui.py
[2024-11-11T19:42:13.942+0000] {logging_mixin.py:190} INFO - [2024-11-11T19:42:13.942+0000] {dag.py:3239} INFO - Sync 1 DAGs
[2024-11-11T19:42:13.971+0000] {logging_mixin.py:190} INFO - [2024-11-11T19:42:13.970+0000] {dag.py:4180} INFO - Setting next_dagrun for example_params_trigger_ui to None, run_after=None
[2024-11-11T19:42:14.022+0000] {processor.py:208} INFO - Processing /home/airflow/.local/lib/python3.12/site-packages/airflow/example_dags/example_params_trigger_ui.py took 0.196 seconds
[2024-11-11T19:42:46.054+0000] {processor.py:186} INFO - Started process (PID=965) to work on /home/airflow/.local/lib/python3.12/site-packages/airflow/example_dags/example_params_trigger_ui.py
[2024-11-11T19:42:46.057+0000] {processor.py:914} INFO - Processing file /home/airflow/.local/lib/python3.12/site-packages/airflow/example_dags/example_params_trigger_ui.py for tasks to queue
[2024-11-11T19:42:46.062+0000] {logging_mixin.py:190} INFO - [2024-11-11T19:42:46.061+0000] {dagbag.py:588} INFO - Filling up the DagBag from /home/airflow/.local/lib/python3.12/site-packages/airflow/example_dags/example_params_trigger_ui.py
[2024-11-11T19:42:46.093+0000] {processor.py:925} INFO - DAG(s) 'example_params_trigger_ui' retrieved from /home/airflow/.local/lib/python3.12/site-packages/airflow/example_dags/example_params_trigger_ui.py
[2024-11-11T19:42:46.209+0000] {logging_mixin.py:190} INFO - [2024-11-11T19:42:46.209+0000] {dag.py:3239} INFO - Sync 1 DAGs
[2024-11-11T19:42:46.231+0000] {logging_mixin.py:190} INFO - [2024-11-11T19:42:46.231+0000] {dag.py:4180} INFO - Setting next_dagrun for example_params_trigger_ui to None, run_after=None
[2024-11-11T19:42:46.259+0000] {processor.py:208} INFO - Processing /home/airflow/.local/lib/python3.12/site-packages/airflow/example_dags/example_params_trigger_ui.py took 0.223 seconds
[2024-11-11T19:43:17.706+0000] {processor.py:186} INFO - Started process (PID=1258) to work on /home/airflow/.local/lib/python3.12/site-packages/airflow/example_dags/example_params_trigger_ui.py
[2024-11-11T19:43:17.708+0000] {processor.py:914} INFO - Processing file /home/airflow/.local/lib/python3.12/site-packages/airflow/example_dags/example_params_trigger_ui.py for tasks to queue
[2024-11-11T19:43:17.712+0000] {logging_mixin.py:190} INFO - [2024-11-11T19:43:17.711+0000] {dagbag.py:588} INFO - Filling up the DagBag from /home/airflow/.local/lib/python3.12/site-packages/airflow/example_dags/example_params_trigger_ui.py
[2024-11-11T19:43:17.749+0000] {processor.py:925} INFO - DAG(s) 'example_params_trigger_ui' retrieved from /home/airflow/.local/lib/python3.12/site-packages/airflow/example_dags/example_params_trigger_ui.py
[2024-11-11T19:43:17.857+0000] {logging_mixin.py:190} INFO - [2024-11-11T19:43:17.856+0000] {dag.py:3239} INFO - Sync 1 DAGs
[2024-11-11T19:43:17.888+0000] {logging_mixin.py:190} INFO - [2024-11-11T19:43:17.888+0000] {dag.py:4180} INFO - Setting next_dagrun for example_params_trigger_ui to None, run_after=None
[2024-11-11T19:43:17.936+0000] {processor.py:208} INFO - Processing /home/airflow/.local/lib/python3.12/site-packages/airflow/example_dags/example_params_trigger_ui.py took 0.241 seconds
[2024-11-11T19:43:48.815+0000] {processor.py:186} INFO - Started process (PID=1547) to work on /home/airflow/.local/lib/python3.12/site-packages/airflow/example_dags/example_params_trigger_ui.py
[2024-11-11T19:43:48.817+0000] {processor.py:914} INFO - Processing file /home/airflow/.local/lib/python3.12/site-packages/airflow/example_dags/example_params_trigger_ui.py for tasks to queue
[2024-11-11T19:43:48.822+0000] {logging_mixin.py:190} INFO - [2024-11-11T19:43:48.821+0000] {dagbag.py:588} INFO - Filling up the DagBag from /home/airflow/.local/lib/python3.12/site-packages/airflow/example_dags/example_params_trigger_ui.py
[2024-11-11T19:43:48.845+0000] {processor.py:925} INFO - DAG(s) 'example_params_trigger_ui' retrieved from /home/airflow/.local/lib/python3.12/site-packages/airflow/example_dags/example_params_trigger_ui.py
[2024-11-11T19:43:48.934+0000] {logging_mixin.py:190} INFO - [2024-11-11T19:43:48.933+0000] {dag.py:3239} INFO - Sync 1 DAGs
[2024-11-11T19:43:48.960+0000] {logging_mixin.py:190} INFO - [2024-11-11T19:43:48.960+0000] {dag.py:4180} INFO - Setting next_dagrun for example_params_trigger_ui to None, run_after=None
[2024-11-11T19:43:48.994+0000] {processor.py:208} INFO - Processing /home/airflow/.local/lib/python3.12/site-packages/airflow/example_dags/example_params_trigger_ui.py took 0.193 seconds
[2024-11-11T19:44:22.947+0000] {processor.py:186} INFO - Started process (PID=1838) to work on /home/airflow/.local/lib/python3.12/site-packages/airflow/example_dags/example_params_trigger_ui.py
[2024-11-11T19:44:22.950+0000] {processor.py:914} INFO - Processing file /home/airflow/.local/lib/python3.12/site-packages/airflow/example_dags/example_params_trigger_ui.py for tasks to queue
[2024-11-11T19:44:22.954+0000] {logging_mixin.py:190} INFO - [2024-11-11T19:44:22.954+0000] {dagbag.py:588} INFO - Filling up the DagBag from /home/airflow/.local/lib/python3.12/site-packages/airflow/example_dags/example_params_trigger_ui.py
[2024-11-11T19:44:22.983+0000] {processor.py:925} INFO - DAG(s) 'example_params_trigger_ui' retrieved from /home/airflow/.local/lib/python3.12/site-packages/airflow/example_dags/example_params_trigger_ui.py
[2024-11-11T19:44:23.265+0000] {logging_mixin.py:190} INFO - [2024-11-11T19:44:23.264+0000] {dag.py:3239} INFO - Sync 1 DAGs
[2024-11-11T19:44:23.357+0000] {logging_mixin.py:190} INFO - [2024-11-11T19:44:23.356+0000] {dag.py:4180} INFO - Setting next_dagrun for example_params_trigger_ui to None, run_after=None
[2024-11-11T19:44:23.417+0000] {processor.py:208} INFO - Processing /home/airflow/.local/lib/python3.12/site-packages/airflow/example_dags/example_params_trigger_ui.py took 0.484 seconds
[2024-11-11T19:44:54.558+0000] {processor.py:186} INFO - Started process (PID=2129) to work on /home/airflow/.local/lib/python3.12/site-packages/airflow/example_dags/example_params_trigger_ui.py
[2024-11-11T19:44:54.561+0000] {processor.py:914} INFO - Processing file /home/airflow/.local/lib/python3.12/site-packages/airflow/example_dags/example_params_trigger_ui.py for tasks to queue
[2024-11-11T19:44:54.566+0000] {logging_mixin.py:190} INFO - [2024-11-11T19:44:54.565+0000] {dagbag.py:588} INFO - Filling up the DagBag from /home/airflow/.local/lib/python3.12/site-packages/airflow/example_dags/example_params_trigger_ui.py
[2024-11-11T19:44:54.592+0000] {processor.py:925} INFO - DAG(s) 'example_params_trigger_ui' retrieved from /home/airflow/.local/lib/python3.12/site-packages/airflow/example_dags/example_params_trigger_ui.py
[2024-11-11T19:44:54.675+0000] {logging_mixin.py:190} INFO - [2024-11-11T19:44:54.674+0000] {dag.py:3239} INFO - Sync 1 DAGs
[2024-11-11T19:44:54.698+0000] {logging_mixin.py:190} INFO - [2024-11-11T19:44:54.697+0000] {dag.py:4180} INFO - Setting next_dagrun for example_params_trigger_ui to None, run_after=None
[2024-11-11T19:44:54.726+0000] {processor.py:208} INFO - Processing /home/airflow/.local/lib/python3.12/site-packages/airflow/example_dags/example_params_trigger_ui.py took 0.182 seconds
[2024-11-11T19:45:25.009+0000] {processor.py:186} INFO - Started process (PID=2415) to work on /home/airflow/.local/lib/python3.12/site-packages/airflow/example_dags/example_params_trigger_ui.py
[2024-11-11T19:45:25.010+0000] {processor.py:914} INFO - Processing file /home/airflow/.local/lib/python3.12/site-packages/airflow/example_dags/example_params_trigger_ui.py for tasks to queue
[2024-11-11T19:45:25.013+0000] {logging_mixin.py:190} INFO - [2024-11-11T19:45:25.013+0000] {dagbag.py:588} INFO - Filling up the DagBag from /home/airflow/.local/lib/python3.12/site-packages/airflow/example_dags/example_params_trigger_ui.py
[2024-11-11T19:45:25.030+0000] {processor.py:925} INFO - DAG(s) 'example_params_trigger_ui' retrieved from /home/airflow/.local/lib/python3.12/site-packages/airflow/example_dags/example_params_trigger_ui.py
[2024-11-11T19:45:25.103+0000] {logging_mixin.py:190} INFO - [2024-11-11T19:45:25.103+0000] {dag.py:3239} INFO - Sync 1 DAGs
[2024-11-11T19:45:25.125+0000] {logging_mixin.py:190} INFO - [2024-11-11T19:45:25.125+0000] {dag.py:4180} INFO - Setting next_dagrun for example_params_trigger_ui to None, run_after=None
[2024-11-11T19:45:25.159+0000] {processor.py:208} INFO - Processing /home/airflow/.local/lib/python3.12/site-packages/airflow/example_dags/example_params_trigger_ui.py took 0.160 seconds
[2024-11-11T19:45:55.375+0000] {processor.py:186} INFO - Started process (PID=2701) to work on /home/airflow/.local/lib/python3.12/site-packages/airflow/example_dags/example_params_trigger_ui.py
[2024-11-11T19:45:55.377+0000] {processor.py:914} INFO - Processing file /home/airflow/.local/lib/python3.12/site-packages/airflow/example_dags/example_params_trigger_ui.py for tasks to queue
[2024-11-11T19:45:55.380+0000] {logging_mixin.py:190} INFO - [2024-11-11T19:45:55.380+0000] {dagbag.py:588} INFO - Filling up the DagBag from /home/airflow/.local/lib/python3.12/site-packages/airflow/example_dags/example_params_trigger_ui.py
[2024-11-11T19:45:55.397+0000] {processor.py:925} INFO - DAG(s) 'example_params_trigger_ui' retrieved from /home/airflow/.local/lib/python3.12/site-packages/airflow/example_dags/example_params_trigger_ui.py
[2024-11-11T19:45:55.471+0000] {logging_mixin.py:190} INFO - [2024-11-11T19:45:55.470+0000] {dag.py:3239} INFO - Sync 1 DAGs
[2024-11-11T19:45:55.495+0000] {logging_mixin.py:190} INFO - [2024-11-11T19:45:55.495+0000] {dag.py:4180} INFO - Setting next_dagrun for example_params_trigger_ui to None, run_after=None
[2024-11-11T19:45:55.534+0000] {processor.py:208} INFO - Processing /home/airflow/.local/lib/python3.12/site-packages/airflow/example_dags/example_params_trigger_ui.py took 0.169 seconds
[2024-11-11T19:46:25.968+0000] {processor.py:186} INFO - Started process (PID=2987) to work on /home/airflow/.local/lib/python3.12/site-packages/airflow/example_dags/example_params_trigger_ui.py
[2024-11-11T19:46:25.970+0000] {processor.py:914} INFO - Processing file /home/airflow/.local/lib/python3.12/site-packages/airflow/example_dags/example_params_trigger_ui.py for tasks to queue
[2024-11-11T19:46:25.973+0000] {logging_mixin.py:190} INFO - [2024-11-11T19:46:25.973+0000] {dagbag.py:588} INFO - Filling up the DagBag from /home/airflow/.local/lib/python3.12/site-packages/airflow/example_dags/example_params_trigger_ui.py
[2024-11-11T19:46:25.994+0000] {processor.py:925} INFO - DAG(s) 'example_params_trigger_ui' retrieved from /home/airflow/.local/lib/python3.12/site-packages/airflow/example_dags/example_params_trigger_ui.py
[2024-11-11T19:46:26.099+0000] {logging_mixin.py:190} INFO - [2024-11-11T19:46:26.098+0000] {dag.py:3239} INFO - Sync 1 DAGs
[2024-11-11T19:46:26.133+0000] {logging_mixin.py:190} INFO - [2024-11-11T19:46:26.133+0000] {dag.py:4180} INFO - Setting next_dagrun for example_params_trigger_ui to None, run_after=None
[2024-11-11T19:46:26.176+0000] {processor.py:208} INFO - Processing /home/airflow/.local/lib/python3.12/site-packages/airflow/example_dags/example_params_trigger_ui.py took 0.219 seconds
[2024-11-11T19:46:57.453+0000] {processor.py:186} INFO - Started process (PID=3278) to work on /home/airflow/.local/lib/python3.12/site-packages/airflow/example_dags/example_params_trigger_ui.py
[2024-11-11T19:46:57.457+0000] {processor.py:914} INFO - Processing file /home/airflow/.local/lib/python3.12/site-packages/airflow/example_dags/example_params_trigger_ui.py for tasks to queue
[2024-11-11T19:46:57.464+0000] {logging_mixin.py:190} INFO - [2024-11-11T19:46:57.463+0000] {dagbag.py:588} INFO - Filling up the DagBag from /home/airflow/.local/lib/python3.12/site-packages/airflow/example_dags/example_params_trigger_ui.py
[2024-11-11T19:46:57.504+0000] {processor.py:925} INFO - DAG(s) 'example_params_trigger_ui' retrieved from /home/airflow/.local/lib/python3.12/site-packages/airflow/example_dags/example_params_trigger_ui.py
[2024-11-11T19:46:57.682+0000] {logging_mixin.py:190} INFO - [2024-11-11T19:46:57.682+0000] {dag.py:3239} INFO - Sync 1 DAGs
[2024-11-11T19:46:57.728+0000] {logging_mixin.py:190} INFO - [2024-11-11T19:46:57.727+0000] {dag.py:4180} INFO - Setting next_dagrun for example_params_trigger_ui to None, run_after=None
[2024-11-11T19:46:57.776+0000] {processor.py:208} INFO - Processing /home/airflow/.local/lib/python3.12/site-packages/airflow/example_dags/example_params_trigger_ui.py took 0.346 seconds
[2024-11-11T19:47:28.382+0000] {processor.py:186} INFO - Started process (PID=3570) to work on /home/airflow/.local/lib/python3.12/site-packages/airflow/example_dags/example_params_trigger_ui.py
[2024-11-11T19:47:28.387+0000] {processor.py:914} INFO - Processing file /home/airflow/.local/lib/python3.12/site-packages/airflow/example_dags/example_params_trigger_ui.py for tasks to queue
[2024-11-11T19:47:28.398+0000] {logging_mixin.py:190} INFO - [2024-11-11T19:47:28.397+0000] {dagbag.py:588} INFO - Filling up the DagBag from /home/airflow/.local/lib/python3.12/site-packages/airflow/example_dags/example_params_trigger_ui.py
[2024-11-11T19:47:28.456+0000] {processor.py:925} INFO - DAG(s) 'example_params_trigger_ui' retrieved from /home/airflow/.local/lib/python3.12/site-packages/airflow/example_dags/example_params_trigger_ui.py
[2024-11-11T19:47:28.605+0000] {logging_mixin.py:190} INFO - [2024-11-11T19:47:28.604+0000] {dag.py:3239} INFO - Sync 1 DAGs
[2024-11-11T19:47:28.636+0000] {logging_mixin.py:190} INFO - [2024-11-11T19:47:28.636+0000] {dag.py:4180} INFO - Setting next_dagrun for example_params_trigger_ui to None, run_after=None
[2024-11-11T19:47:28.670+0000] {processor.py:208} INFO - Processing /home/airflow/.local/lib/python3.12/site-packages/airflow/example_dags/example_params_trigger_ui.py took 0.329 seconds
[2024-11-11T19:47:59.100+0000] {processor.py:186} INFO - Started process (PID=3862) to work on /home/airflow/.local/lib/python3.12/site-packages/airflow/example_dags/example_params_trigger_ui.py
[2024-11-11T19:47:59.106+0000] {processor.py:914} INFO - Processing file /home/airflow/.local/lib/python3.12/site-packages/airflow/example_dags/example_params_trigger_ui.py for tasks to queue
[2024-11-11T19:47:59.118+0000] {logging_mixin.py:190} INFO - [2024-11-11T19:47:59.117+0000] {dagbag.py:588} INFO - Filling up the DagBag from /home/airflow/.local/lib/python3.12/site-packages/airflow/example_dags/example_params_trigger_ui.py
[2024-11-11T19:47:59.159+0000] {processor.py:925} INFO - DAG(s) 'example_params_trigger_ui' retrieved from /home/airflow/.local/lib/python3.12/site-packages/airflow/example_dags/example_params_trigger_ui.py
[2024-11-11T19:47:59.497+0000] {logging_mixin.py:190} INFO - [2024-11-11T19:47:59.496+0000] {dag.py:3239} INFO - Sync 1 DAGs
[2024-11-11T19:47:59.668+0000] {logging_mixin.py:190} INFO - [2024-11-11T19:47:59.667+0000] {dag.py:4180} INFO - Setting next_dagrun for example_params_trigger_ui to None, run_after=None
[2024-11-11T19:47:59.858+0000] {processor.py:208} INFO - Processing /home/airflow/.local/lib/python3.12/site-packages/airflow/example_dags/example_params_trigger_ui.py took 0.800 seconds
[2024-11-11T19:48:30.064+0000] {processor.py:186} INFO - Started process (PID=4153) to work on /home/airflow/.local/lib/python3.12/site-packages/airflow/example_dags/example_params_trigger_ui.py
[2024-11-11T19:48:30.068+0000] {processor.py:914} INFO - Processing file /home/airflow/.local/lib/python3.12/site-packages/airflow/example_dags/example_params_trigger_ui.py for tasks to queue
[2024-11-11T19:48:30.073+0000] {logging_mixin.py:190} INFO - [2024-11-11T19:48:30.072+0000] {dagbag.py:588} INFO - Filling up the DagBag from /home/airflow/.local/lib/python3.12/site-packages/airflow/example_dags/example_params_trigger_ui.py
[2024-11-11T19:48:30.106+0000] {processor.py:925} INFO - DAG(s) 'example_params_trigger_ui' retrieved from /home/airflow/.local/lib/python3.12/site-packages/airflow/example_dags/example_params_trigger_ui.py
[2024-11-11T19:48:30.241+0000] {logging_mixin.py:190} INFO - [2024-11-11T19:48:30.241+0000] {dag.py:3239} INFO - Sync 1 DAGs
[2024-11-11T19:48:30.272+0000] {logging_mixin.py:190} INFO - [2024-11-11T19:48:30.272+0000] {dag.py:4180} INFO - Setting next_dagrun for example_params_trigger_ui to None, run_after=None
[2024-11-11T19:48:30.304+0000] {processor.py:208} INFO - Processing /home/airflow/.local/lib/python3.12/site-packages/airflow/example_dags/example_params_trigger_ui.py took 0.262 seconds
[2024-11-11T19:49:00.573+0000] {processor.py:186} INFO - Started process (PID=4444) to work on /home/airflow/.local/lib/python3.12/site-packages/airflow/example_dags/example_params_trigger_ui.py
[2024-11-11T19:49:00.575+0000] {processor.py:914} INFO - Processing file /home/airflow/.local/lib/python3.12/site-packages/airflow/example_dags/example_params_trigger_ui.py for tasks to queue
[2024-11-11T19:49:00.582+0000] {logging_mixin.py:190} INFO - [2024-11-11T19:49:00.581+0000] {dagbag.py:588} INFO - Filling up the DagBag from /home/airflow/.local/lib/python3.12/site-packages/airflow/example_dags/example_params_trigger_ui.py
[2024-11-11T19:49:00.616+0000] {processor.py:925} INFO - DAG(s) 'example_params_trigger_ui' retrieved from /home/airflow/.local/lib/python3.12/site-packages/airflow/example_dags/example_params_trigger_ui.py
[2024-11-11T19:49:00.720+0000] {logging_mixin.py:190} INFO - [2024-11-11T19:49:00.719+0000] {dag.py:3239} INFO - Sync 1 DAGs
[2024-11-11T19:49:00.743+0000] {logging_mixin.py:190} INFO - [2024-11-11T19:49:00.743+0000] {dag.py:4180} INFO - Setting next_dagrun for example_params_trigger_ui to None, run_after=None
[2024-11-11T19:49:00.781+0000] {processor.py:208} INFO - Processing /home/airflow/.local/lib/python3.12/site-packages/airflow/example_dags/example_params_trigger_ui.py took 0.232 seconds
[2024-11-11T19:49:31.494+0000] {processor.py:186} INFO - Started process (PID=4735) to work on /home/airflow/.local/lib/python3.12/site-packages/airflow/example_dags/example_params_trigger_ui.py
[2024-11-11T19:49:31.496+0000] {processor.py:914} INFO - Processing file /home/airflow/.local/lib/python3.12/site-packages/airflow/example_dags/example_params_trigger_ui.py for tasks to queue
[2024-11-11T19:49:31.503+0000] {logging_mixin.py:190} INFO - [2024-11-11T19:49:31.502+0000] {dagbag.py:588} INFO - Filling up the DagBag from /home/airflow/.local/lib/python3.12/site-packages/airflow/example_dags/example_params_trigger_ui.py
[2024-11-11T19:49:31.532+0000] {processor.py:925} INFO - DAG(s) 'example_params_trigger_ui' retrieved from /home/airflow/.local/lib/python3.12/site-packages/airflow/example_dags/example_params_trigger_ui.py
[2024-11-11T19:49:31.676+0000] {logging_mixin.py:190} INFO - [2024-11-11T19:49:31.676+0000] {dag.py:3239} INFO - Sync 1 DAGs
[2024-11-11T19:49:31.715+0000] {logging_mixin.py:190} INFO - [2024-11-11T19:49:31.714+0000] {dag.py:4180} INFO - Setting next_dagrun for example_params_trigger_ui to None, run_after=None
[2024-11-11T19:49:31.773+0000] {processor.py:208} INFO - Processing /home/airflow/.local/lib/python3.12/site-packages/airflow/example_dags/example_params_trigger_ui.py took 0.299 seconds
[2024-11-11T19:50:03.478+0000] {processor.py:186} INFO - Started process (PID=5026) to work on /home/airflow/.local/lib/python3.12/site-packages/airflow/example_dags/example_params_trigger_ui.py
[2024-11-11T19:50:03.480+0000] {processor.py:914} INFO - Processing file /home/airflow/.local/lib/python3.12/site-packages/airflow/example_dags/example_params_trigger_ui.py for tasks to queue
[2024-11-11T19:50:03.485+0000] {logging_mixin.py:190} INFO - [2024-11-11T19:50:03.485+0000] {dagbag.py:588} INFO - Filling up the DagBag from /home/airflow/.local/lib/python3.12/site-packages/airflow/example_dags/example_params_trigger_ui.py
[2024-11-11T19:50:03.515+0000] {processor.py:925} INFO - DAG(s) 'example_params_trigger_ui' retrieved from /home/airflow/.local/lib/python3.12/site-packages/airflow/example_dags/example_params_trigger_ui.py
[2024-11-11T19:50:03.641+0000] {logging_mixin.py:190} INFO - [2024-11-11T19:50:03.640+0000] {dag.py:3239} INFO - Sync 1 DAGs
[2024-11-11T19:50:03.677+0000] {logging_mixin.py:190} INFO - [2024-11-11T19:50:03.676+0000] {dag.py:4180} INFO - Setting next_dagrun for example_params_trigger_ui to None, run_after=None
[2024-11-11T19:50:03.723+0000] {processor.py:208} INFO - Processing /home/airflow/.local/lib/python3.12/site-packages/airflow/example_dags/example_params_trigger_ui.py took 0.263 seconds
[2024-11-11T19:50:34.554+0000] {processor.py:186} INFO - Started process (PID=5317) to work on /home/airflow/.local/lib/python3.12/site-packages/airflow/example_dags/example_params_trigger_ui.py
[2024-11-11T19:50:34.557+0000] {processor.py:914} INFO - Processing file /home/airflow/.local/lib/python3.12/site-packages/airflow/example_dags/example_params_trigger_ui.py for tasks to queue
[2024-11-11T19:50:34.567+0000] {logging_mixin.py:190} INFO - [2024-11-11T19:50:34.565+0000] {dagbag.py:588} INFO - Filling up the DagBag from /home/airflow/.local/lib/python3.12/site-packages/airflow/example_dags/example_params_trigger_ui.py
[2024-11-11T19:50:34.605+0000] {processor.py:925} INFO - DAG(s) 'example_params_trigger_ui' retrieved from /home/airflow/.local/lib/python3.12/site-packages/airflow/example_dags/example_params_trigger_ui.py
[2024-11-11T19:50:34.830+0000] {logging_mixin.py:190} INFO - [2024-11-11T19:50:34.830+0000] {dag.py:3239} INFO - Sync 1 DAGs
[2024-11-11T19:50:34.872+0000] {logging_mixin.py:190} INFO - [2024-11-11T19:50:34.871+0000] {dag.py:4180} INFO - Setting next_dagrun for example_params_trigger_ui to None, run_after=None
[2024-11-11T19:50:34.926+0000] {processor.py:208} INFO - Processing /home/airflow/.local/lib/python3.12/site-packages/airflow/example_dags/example_params_trigger_ui.py took 0.405 seconds
[2024-11-11T19:51:05.699+0000] {processor.py:186} INFO - Started process (PID=5605) to work on /home/airflow/.local/lib/python3.12/site-packages/airflow/example_dags/example_params_trigger_ui.py
[2024-11-11T19:51:05.704+0000] {processor.py:914} INFO - Processing file /home/airflow/.local/lib/python3.12/site-packages/airflow/example_dags/example_params_trigger_ui.py for tasks to queue
[2024-11-11T19:51:05.715+0000] {logging_mixin.py:190} INFO - [2024-11-11T19:51:05.713+0000] {dagbag.py:588} INFO - Filling up the DagBag from /home/airflow/.local/lib/python3.12/site-packages/airflow/example_dags/example_params_trigger_ui.py
[2024-11-11T19:51:05.772+0000] {processor.py:925} INFO - DAG(s) 'example_params_trigger_ui' retrieved from /home/airflow/.local/lib/python3.12/site-packages/airflow/example_dags/example_params_trigger_ui.py
[2024-11-11T19:51:05.888+0000] {logging_mixin.py:190} INFO - [2024-11-11T19:51:05.887+0000] {dag.py:3239} INFO - Sync 1 DAGs
[2024-11-11T19:51:05.929+0000] {logging_mixin.py:190} INFO - [2024-11-11T19:51:05.929+0000] {dag.py:4180} INFO - Setting next_dagrun for example_params_trigger_ui to None, run_after=None
[2024-11-11T19:51:05.973+0000] {processor.py:208} INFO - Processing /home/airflow/.local/lib/python3.12/site-packages/airflow/example_dags/example_params_trigger_ui.py took 0.309 seconds
[2024-11-11T19:51:36.097+0000] {processor.py:186} INFO - Started process (PID=5897) to work on /home/airflow/.local/lib/python3.12/site-packages/airflow/example_dags/example_params_trigger_ui.py
[2024-11-11T19:51:36.101+0000] {processor.py:914} INFO - Processing file /home/airflow/.local/lib/python3.12/site-packages/airflow/example_dags/example_params_trigger_ui.py for tasks to queue
[2024-11-11T19:51:36.109+0000] {logging_mixin.py:190} INFO - [2024-11-11T19:51:36.108+0000] {dagbag.py:588} INFO - Filling up the DagBag from /home/airflow/.local/lib/python3.12/site-packages/airflow/example_dags/example_params_trigger_ui.py
[2024-11-11T19:51:36.146+0000] {processor.py:925} INFO - DAG(s) 'example_params_trigger_ui' retrieved from /home/airflow/.local/lib/python3.12/site-packages/airflow/example_dags/example_params_trigger_ui.py
[2024-11-11T19:51:36.225+0000] {logging_mixin.py:190} INFO - [2024-11-11T19:51:36.225+0000] {dag.py:3239} INFO - Sync 1 DAGs
[2024-11-11T19:51:36.248+0000] {logging_mixin.py:190} INFO - [2024-11-11T19:51:36.247+0000] {dag.py:4180} INFO - Setting next_dagrun for example_params_trigger_ui to None, run_after=None
[2024-11-11T19:51:36.278+0000] {processor.py:208} INFO - Processing /home/airflow/.local/lib/python3.12/site-packages/airflow/example_dags/example_params_trigger_ui.py took 0.209 seconds
[2024-11-11T19:52:07.008+0000] {processor.py:186} INFO - Started process (PID=6183) to work on /home/airflow/.local/lib/python3.12/site-packages/airflow/example_dags/example_params_trigger_ui.py
[2024-11-11T19:52:07.015+0000] {processor.py:914} INFO - Processing file /home/airflow/.local/lib/python3.12/site-packages/airflow/example_dags/example_params_trigger_ui.py for tasks to queue
[2024-11-11T19:52:07.021+0000] {logging_mixin.py:190} INFO - [2024-11-11T19:52:07.020+0000] {dagbag.py:588} INFO - Filling up the DagBag from /home/airflow/.local/lib/python3.12/site-packages/airflow/example_dags/example_params_trigger_ui.py
[2024-11-11T19:52:07.060+0000] {processor.py:925} INFO - DAG(s) 'example_params_trigger_ui' retrieved from /home/airflow/.local/lib/python3.12/site-packages/airflow/example_dags/example_params_trigger_ui.py
[2024-11-11T19:52:07.214+0000] {logging_mixin.py:190} INFO - [2024-11-11T19:52:07.214+0000] {dag.py:3239} INFO - Sync 1 DAGs
[2024-11-11T19:52:07.254+0000] {logging_mixin.py:190} INFO - [2024-11-11T19:52:07.253+0000] {dag.py:4180} INFO - Setting next_dagrun for example_params_trigger_ui to None, run_after=None
[2024-11-11T19:52:07.291+0000] {processor.py:208} INFO - Processing /home/airflow/.local/lib/python3.12/site-packages/airflow/example_dags/example_params_trigger_ui.py took 0.298 seconds
[2024-11-11T19:52:37.388+0000] {processor.py:186} INFO - Started process (PID=6472) to work on /home/airflow/.local/lib/python3.12/site-packages/airflow/example_dags/example_params_trigger_ui.py
[2024-11-11T19:52:37.390+0000] {processor.py:914} INFO - Processing file /home/airflow/.local/lib/python3.12/site-packages/airflow/example_dags/example_params_trigger_ui.py for tasks to queue
[2024-11-11T19:52:37.395+0000] {logging_mixin.py:190} INFO - [2024-11-11T19:52:37.394+0000] {dagbag.py:588} INFO - Filling up the DagBag from /home/airflow/.local/lib/python3.12/site-packages/airflow/example_dags/example_params_trigger_ui.py
[2024-11-11T19:52:37.419+0000] {processor.py:925} INFO - DAG(s) 'example_params_trigger_ui' retrieved from /home/airflow/.local/lib/python3.12/site-packages/airflow/example_dags/example_params_trigger_ui.py
[2024-11-11T19:52:37.520+0000] {logging_mixin.py:190} INFO - [2024-11-11T19:52:37.519+0000] {dag.py:3239} INFO - Sync 1 DAGs
[2024-11-11T19:52:37.552+0000] {logging_mixin.py:190} INFO - [2024-11-11T19:52:37.552+0000] {dag.py:4180} INFO - Setting next_dagrun for example_params_trigger_ui to None, run_after=None
[2024-11-11T19:52:37.694+0000] {processor.py:208} INFO - Processing /home/airflow/.local/lib/python3.12/site-packages/airflow/example_dags/example_params_trigger_ui.py took 0.319 seconds
[2024-11-11T19:53:08.225+0000] {processor.py:186} INFO - Started process (PID=6763) to work on /home/airflow/.local/lib/python3.12/site-packages/airflow/example_dags/example_params_trigger_ui.py
[2024-11-11T19:53:08.228+0000] {processor.py:914} INFO - Processing file /home/airflow/.local/lib/python3.12/site-packages/airflow/example_dags/example_params_trigger_ui.py for tasks to queue
[2024-11-11T19:53:08.233+0000] {logging_mixin.py:190} INFO - [2024-11-11T19:53:08.232+0000] {dagbag.py:588} INFO - Filling up the DagBag from /home/airflow/.local/lib/python3.12/site-packages/airflow/example_dags/example_params_trigger_ui.py
[2024-11-11T19:53:08.261+0000] {processor.py:925} INFO - DAG(s) 'example_params_trigger_ui' retrieved from /home/airflow/.local/lib/python3.12/site-packages/airflow/example_dags/example_params_trigger_ui.py
[2024-11-11T19:53:08.350+0000] {logging_mixin.py:190} INFO - [2024-11-11T19:53:08.350+0000] {dag.py:3239} INFO - Sync 1 DAGs
[2024-11-11T19:53:08.377+0000] {logging_mixin.py:190} INFO - [2024-11-11T19:53:08.377+0000] {dag.py:4180} INFO - Setting next_dagrun for example_params_trigger_ui to None, run_after=None
[2024-11-11T19:53:08.408+0000] {processor.py:208} INFO - Processing /home/airflow/.local/lib/python3.12/site-packages/airflow/example_dags/example_params_trigger_ui.py took 0.199 seconds
[2024-11-11T19:53:38.886+0000] {processor.py:186} INFO - Started process (PID=7054) to work on /home/airflow/.local/lib/python3.12/site-packages/airflow/example_dags/example_params_trigger_ui.py
[2024-11-11T19:53:38.889+0000] {processor.py:914} INFO - Processing file /home/airflow/.local/lib/python3.12/site-packages/airflow/example_dags/example_params_trigger_ui.py for tasks to queue
[2024-11-11T19:53:38.894+0000] {logging_mixin.py:190} INFO - [2024-11-11T19:53:38.893+0000] {dagbag.py:588} INFO - Filling up the DagBag from /home/airflow/.local/lib/python3.12/site-packages/airflow/example_dags/example_params_trigger_ui.py
[2024-11-11T19:53:38.923+0000] {processor.py:925} INFO - DAG(s) 'example_params_trigger_ui' retrieved from /home/airflow/.local/lib/python3.12/site-packages/airflow/example_dags/example_params_trigger_ui.py
[2024-11-11T19:53:39.056+0000] {logging_mixin.py:190} INFO - [2024-11-11T19:53:39.055+0000] {dag.py:3239} INFO - Sync 1 DAGs
[2024-11-11T19:53:39.091+0000] {logging_mixin.py:190} INFO - [2024-11-11T19:53:39.090+0000] {dag.py:4180} INFO - Setting next_dagrun for example_params_trigger_ui to None, run_after=None
[2024-11-11T19:53:39.138+0000] {processor.py:208} INFO - Processing /home/airflow/.local/lib/python3.12/site-packages/airflow/example_dags/example_params_trigger_ui.py took 0.272 seconds
[2024-11-11T19:54:10.469+0000] {processor.py:186} INFO - Started process (PID=7345) to work on /home/airflow/.local/lib/python3.12/site-packages/airflow/example_dags/example_params_trigger_ui.py
[2024-11-11T19:54:10.474+0000] {processor.py:914} INFO - Processing file /home/airflow/.local/lib/python3.12/site-packages/airflow/example_dags/example_params_trigger_ui.py for tasks to queue
[2024-11-11T19:54:10.484+0000] {logging_mixin.py:190} INFO - [2024-11-11T19:54:10.482+0000] {dagbag.py:588} INFO - Filling up the DagBag from /home/airflow/.local/lib/python3.12/site-packages/airflow/example_dags/example_params_trigger_ui.py
[2024-11-11T19:54:10.550+0000] {processor.py:925} INFO - DAG(s) 'example_params_trigger_ui' retrieved from /home/airflow/.local/lib/python3.12/site-packages/airflow/example_dags/example_params_trigger_ui.py
[2024-11-11T19:54:10.719+0000] {logging_mixin.py:190} INFO - [2024-11-11T19:54:10.718+0000] {dag.py:3239} INFO - Sync 1 DAGs
[2024-11-11T19:54:10.741+0000] {logging_mixin.py:190} INFO - [2024-11-11T19:54:10.741+0000] {dag.py:4180} INFO - Setting next_dagrun for example_params_trigger_ui to None, run_after=None
[2024-11-11T19:54:10.782+0000] {processor.py:208} INFO - Processing /home/airflow/.local/lib/python3.12/site-packages/airflow/example_dags/example_params_trigger_ui.py took 0.343 seconds
[2024-11-11T19:54:41.635+0000] {processor.py:186} INFO - Started process (PID=7636) to work on /home/airflow/.local/lib/python3.12/site-packages/airflow/example_dags/example_params_trigger_ui.py
[2024-11-11T19:54:41.637+0000] {processor.py:914} INFO - Processing file /home/airflow/.local/lib/python3.12/site-packages/airflow/example_dags/example_params_trigger_ui.py for tasks to queue
[2024-11-11T19:54:41.642+0000] {logging_mixin.py:190} INFO - [2024-11-11T19:54:41.641+0000] {dagbag.py:588} INFO - Filling up the DagBag from /home/airflow/.local/lib/python3.12/site-packages/airflow/example_dags/example_params_trigger_ui.py
[2024-11-11T19:54:41.664+0000] {processor.py:925} INFO - DAG(s) 'example_params_trigger_ui' retrieved from /home/airflow/.local/lib/python3.12/site-packages/airflow/example_dags/example_params_trigger_ui.py
[2024-11-11T19:54:41.754+0000] {logging_mixin.py:190} INFO - [2024-11-11T19:54:41.754+0000] {dag.py:3239} INFO - Sync 1 DAGs
[2024-11-11T19:54:41.776+0000] {logging_mixin.py:190} INFO - [2024-11-11T19:54:41.776+0000] {dag.py:4180} INFO - Setting next_dagrun for example_params_trigger_ui to None, run_after=None
[2024-11-11T19:54:41.803+0000] {processor.py:208} INFO - Processing /home/airflow/.local/lib/python3.12/site-packages/airflow/example_dags/example_params_trigger_ui.py took 0.181 seconds
[2024-11-11T19:55:12.138+0000] {processor.py:186} INFO - Started process (PID=7928) to work on /home/airflow/.local/lib/python3.12/site-packages/airflow/example_dags/example_params_trigger_ui.py
[2024-11-11T19:55:12.143+0000] {processor.py:914} INFO - Processing file /home/airflow/.local/lib/python3.12/site-packages/airflow/example_dags/example_params_trigger_ui.py for tasks to queue
[2024-11-11T19:55:12.151+0000] {logging_mixin.py:190} INFO - [2024-11-11T19:55:12.150+0000] {dagbag.py:588} INFO - Filling up the DagBag from /home/airflow/.local/lib/python3.12/site-packages/airflow/example_dags/example_params_trigger_ui.py
[2024-11-11T19:55:12.197+0000] {processor.py:925} INFO - DAG(s) 'example_params_trigger_ui' retrieved from /home/airflow/.local/lib/python3.12/site-packages/airflow/example_dags/example_params_trigger_ui.py
[2024-11-11T19:55:12.336+0000] {logging_mixin.py:190} INFO - [2024-11-11T19:55:12.335+0000] {dag.py:3239} INFO - Sync 1 DAGs
[2024-11-11T19:55:12.375+0000] {logging_mixin.py:190} INFO - [2024-11-11T19:55:12.374+0000] {dag.py:4180} INFO - Setting next_dagrun for example_params_trigger_ui to None, run_after=None
[2024-11-11T19:55:12.420+0000] {processor.py:208} INFO - Processing /home/airflow/.local/lib/python3.12/site-packages/airflow/example_dags/example_params_trigger_ui.py took 0.301 seconds
[2024-11-11T19:55:44.091+0000] {processor.py:186} INFO - Started process (PID=8222) to work on /home/airflow/.local/lib/python3.12/site-packages/airflow/example_dags/example_params_trigger_ui.py
[2024-11-11T19:55:44.097+0000] {processor.py:914} INFO - Processing file /home/airflow/.local/lib/python3.12/site-packages/airflow/example_dags/example_params_trigger_ui.py for tasks to queue
[2024-11-11T19:55:44.104+0000] {logging_mixin.py:190} INFO - [2024-11-11T19:55:44.102+0000] {dagbag.py:588} INFO - Filling up the DagBag from /home/airflow/.local/lib/python3.12/site-packages/airflow/example_dags/example_params_trigger_ui.py
[2024-11-11T19:55:44.161+0000] {processor.py:925} INFO - DAG(s) 'example_params_trigger_ui' retrieved from /home/airflow/.local/lib/python3.12/site-packages/airflow/example_dags/example_params_trigger_ui.py
[2024-11-11T19:55:44.321+0000] {logging_mixin.py:190} INFO - [2024-11-11T19:55:44.320+0000] {dag.py:3239} INFO - Sync 1 DAGs
[2024-11-11T19:55:44.358+0000] {logging_mixin.py:190} INFO - [2024-11-11T19:55:44.358+0000] {dag.py:4180} INFO - Setting next_dagrun for example_params_trigger_ui to None, run_after=None
[2024-11-11T19:55:44.455+0000] {processor.py:208} INFO - Processing /home/airflow/.local/lib/python3.12/site-packages/airflow/example_dags/example_params_trigger_ui.py took 0.385 seconds
[2024-11-11T19:56:14.897+0000] {processor.py:186} INFO - Started process (PID=8512) to work on /home/airflow/.local/lib/python3.12/site-packages/airflow/example_dags/example_params_trigger_ui.py
[2024-11-11T19:56:14.899+0000] {processor.py:914} INFO - Processing file /home/airflow/.local/lib/python3.12/site-packages/airflow/example_dags/example_params_trigger_ui.py for tasks to queue
[2024-11-11T19:56:14.903+0000] {logging_mixin.py:190} INFO - [2024-11-11T19:56:14.903+0000] {dagbag.py:588} INFO - Filling up the DagBag from /home/airflow/.local/lib/python3.12/site-packages/airflow/example_dags/example_params_trigger_ui.py
[2024-11-11T19:56:14.928+0000] {processor.py:925} INFO - DAG(s) 'example_params_trigger_ui' retrieved from /home/airflow/.local/lib/python3.12/site-packages/airflow/example_dags/example_params_trigger_ui.py
[2024-11-11T19:56:15.012+0000] {logging_mixin.py:190} INFO - [2024-11-11T19:56:15.012+0000] {dag.py:3239} INFO - Sync 1 DAGs
[2024-11-11T19:56:15.053+0000] {logging_mixin.py:190} INFO - [2024-11-11T19:56:15.052+0000] {dag.py:4180} INFO - Setting next_dagrun for example_params_trigger_ui to None, run_after=None
[2024-11-11T19:56:15.097+0000] {processor.py:208} INFO - Processing /home/airflow/.local/lib/python3.12/site-packages/airflow/example_dags/example_params_trigger_ui.py took 0.211 seconds
[2024-11-11T19:56:45.593+0000] {processor.py:186} INFO - Started process (PID=8800) to work on /home/airflow/.local/lib/python3.12/site-packages/airflow/example_dags/example_params_trigger_ui.py
[2024-11-11T19:56:45.599+0000] {processor.py:914} INFO - Processing file /home/airflow/.local/lib/python3.12/site-packages/airflow/example_dags/example_params_trigger_ui.py for tasks to queue
[2024-11-11T19:56:45.608+0000] {logging_mixin.py:190} INFO - [2024-11-11T19:56:45.607+0000] {dagbag.py:588} INFO - Filling up the DagBag from /home/airflow/.local/lib/python3.12/site-packages/airflow/example_dags/example_params_trigger_ui.py
[2024-11-11T19:56:45.660+0000] {processor.py:925} INFO - DAG(s) 'example_params_trigger_ui' retrieved from /home/airflow/.local/lib/python3.12/site-packages/airflow/example_dags/example_params_trigger_ui.py
[2024-11-11T19:56:45.896+0000] {logging_mixin.py:190} INFO - [2024-11-11T19:56:45.895+0000] {dag.py:3239} INFO - Sync 1 DAGs
[2024-11-11T19:56:45.988+0000] {logging_mixin.py:190} INFO - [2024-11-11T19:56:45.987+0000] {dag.py:4180} INFO - Setting next_dagrun for example_params_trigger_ui to None, run_after=None
[2024-11-11T19:56:46.084+0000] {processor.py:208} INFO - Processing /home/airflow/.local/lib/python3.12/site-packages/airflow/example_dags/example_params_trigger_ui.py took 0.527 seconds
[2024-11-11T19:57:17.122+0000] {processor.py:186} INFO - Started process (PID=9091) to work on /home/airflow/.local/lib/python3.12/site-packages/airflow/example_dags/example_params_trigger_ui.py
[2024-11-11T19:57:17.138+0000] {processor.py:914} INFO - Processing file /home/airflow/.local/lib/python3.12/site-packages/airflow/example_dags/example_params_trigger_ui.py for tasks to queue
[2024-11-11T19:57:17.173+0000] {logging_mixin.py:190} INFO - [2024-11-11T19:57:17.171+0000] {dagbag.py:588} INFO - Filling up the DagBag from /home/airflow/.local/lib/python3.12/site-packages/airflow/example_dags/example_params_trigger_ui.py
[2024-11-11T19:57:17.233+0000] {processor.py:925} INFO - DAG(s) 'example_params_trigger_ui' retrieved from /home/airflow/.local/lib/python3.12/site-packages/airflow/example_dags/example_params_trigger_ui.py
[2024-11-11T19:57:17.352+0000] {logging_mixin.py:190} INFO - [2024-11-11T19:57:17.352+0000] {dag.py:3239} INFO - Sync 1 DAGs
[2024-11-11T19:57:17.382+0000] {logging_mixin.py:190} INFO - [2024-11-11T19:57:17.382+0000] {dag.py:4180} INFO - Setting next_dagrun for example_params_trigger_ui to None, run_after=None
[2024-11-11T19:57:17.430+0000] {processor.py:208} INFO - Processing /home/airflow/.local/lib/python3.12/site-packages/airflow/example_dags/example_params_trigger_ui.py took 0.362 seconds
[2024-11-11T19:57:47.821+0000] {processor.py:186} INFO - Started process (PID=9382) to work on /home/airflow/.local/lib/python3.12/site-packages/airflow/example_dags/example_params_trigger_ui.py
[2024-11-11T19:57:47.831+0000] {processor.py:914} INFO - Processing file /home/airflow/.local/lib/python3.12/site-packages/airflow/example_dags/example_params_trigger_ui.py for tasks to queue
[2024-11-11T19:57:47.842+0000] {logging_mixin.py:190} INFO - [2024-11-11T19:57:47.841+0000] {dagbag.py:588} INFO - Filling up the DagBag from /home/airflow/.local/lib/python3.12/site-packages/airflow/example_dags/example_params_trigger_ui.py
[2024-11-11T19:57:47.905+0000] {processor.py:925} INFO - DAG(s) 'example_params_trigger_ui' retrieved from /home/airflow/.local/lib/python3.12/site-packages/airflow/example_dags/example_params_trigger_ui.py
[2024-11-11T19:57:47.990+0000] {logging_mixin.py:190} INFO - [2024-11-11T19:57:47.989+0000] {dag.py:3239} INFO - Sync 1 DAGs
[2024-11-11T19:57:48.014+0000] {logging_mixin.py:190} INFO - [2024-11-11T19:57:48.014+0000] {dag.py:4180} INFO - Setting next_dagrun for example_params_trigger_ui to None, run_after=None
[2024-11-11T19:57:48.058+0000] {processor.py:208} INFO - Processing /home/airflow/.local/lib/python3.12/site-packages/airflow/example_dags/example_params_trigger_ui.py took 0.280 seconds
[2024-11-11T19:58:18.444+0000] {processor.py:186} INFO - Started process (PID=9671) to work on /home/airflow/.local/lib/python3.12/site-packages/airflow/example_dags/example_params_trigger_ui.py
[2024-11-11T19:58:18.450+0000] {processor.py:914} INFO - Processing file /home/airflow/.local/lib/python3.12/site-packages/airflow/example_dags/example_params_trigger_ui.py for tasks to queue
[2024-11-11T19:58:18.456+0000] {logging_mixin.py:190} INFO - [2024-11-11T19:58:18.456+0000] {dagbag.py:588} INFO - Filling up the DagBag from /home/airflow/.local/lib/python3.12/site-packages/airflow/example_dags/example_params_trigger_ui.py
[2024-11-11T19:58:18.479+0000] {processor.py:925} INFO - DAG(s) 'example_params_trigger_ui' retrieved from /home/airflow/.local/lib/python3.12/site-packages/airflow/example_dags/example_params_trigger_ui.py
[2024-11-11T19:58:18.578+0000] {logging_mixin.py:190} INFO - [2024-11-11T19:58:18.578+0000] {dag.py:3239} INFO - Sync 1 DAGs
[2024-11-11T19:58:18.630+0000] {logging_mixin.py:190} INFO - [2024-11-11T19:58:18.629+0000] {dag.py:4180} INFO - Setting next_dagrun for example_params_trigger_ui to None, run_after=None
[2024-11-11T19:58:18.669+0000] {processor.py:208} INFO - Processing /home/airflow/.local/lib/python3.12/site-packages/airflow/example_dags/example_params_trigger_ui.py took 0.239 seconds
[2024-11-11T19:58:49.534+0000] {processor.py:186} INFO - Started process (PID=9962) to work on /home/airflow/.local/lib/python3.12/site-packages/airflow/example_dags/example_params_trigger_ui.py
[2024-11-11T19:58:49.536+0000] {processor.py:914} INFO - Processing file /home/airflow/.local/lib/python3.12/site-packages/airflow/example_dags/example_params_trigger_ui.py for tasks to queue
[2024-11-11T19:58:49.541+0000] {logging_mixin.py:190} INFO - [2024-11-11T19:58:49.541+0000] {dagbag.py:588} INFO - Filling up the DagBag from /home/airflow/.local/lib/python3.12/site-packages/airflow/example_dags/example_params_trigger_ui.py
[2024-11-11T19:58:49.562+0000] {processor.py:925} INFO - DAG(s) 'example_params_trigger_ui' retrieved from /home/airflow/.local/lib/python3.12/site-packages/airflow/example_dags/example_params_trigger_ui.py
[2024-11-11T19:58:49.671+0000] {logging_mixin.py:190} INFO - [2024-11-11T19:58:49.671+0000] {dag.py:3239} INFO - Sync 1 DAGs
[2024-11-11T19:58:49.707+0000] {logging_mixin.py:190} INFO - [2024-11-11T19:58:49.707+0000] {dag.py:4180} INFO - Setting next_dagrun for example_params_trigger_ui to None, run_after=None
[2024-11-11T19:58:49.764+0000] {processor.py:208} INFO - Processing /home/airflow/.local/lib/python3.12/site-packages/airflow/example_dags/example_params_trigger_ui.py took 0.245 seconds
[2024-11-11T19:59:20.227+0000] {processor.py:186} INFO - Started process (PID=10250) to work on /home/airflow/.local/lib/python3.12/site-packages/airflow/example_dags/example_params_trigger_ui.py
[2024-11-11T19:59:20.230+0000] {processor.py:914} INFO - Processing file /home/airflow/.local/lib/python3.12/site-packages/airflow/example_dags/example_params_trigger_ui.py for tasks to queue
[2024-11-11T19:59:20.235+0000] {logging_mixin.py:190} INFO - [2024-11-11T19:59:20.234+0000] {dagbag.py:588} INFO - Filling up the DagBag from /home/airflow/.local/lib/python3.12/site-packages/airflow/example_dags/example_params_trigger_ui.py
[2024-11-11T19:59:20.261+0000] {processor.py:925} INFO - DAG(s) 'example_params_trigger_ui' retrieved from /home/airflow/.local/lib/python3.12/site-packages/airflow/example_dags/example_params_trigger_ui.py
[2024-11-11T19:59:20.359+0000] {logging_mixin.py:190} INFO - [2024-11-11T19:59:20.359+0000] {dag.py:3239} INFO - Sync 1 DAGs
[2024-11-11T19:59:20.385+0000] {logging_mixin.py:190} INFO - [2024-11-11T19:59:20.384+0000] {dag.py:4180} INFO - Setting next_dagrun for example_params_trigger_ui to None, run_after=None
[2024-11-11T19:59:20.424+0000] {processor.py:208} INFO - Processing /home/airflow/.local/lib/python3.12/site-packages/airflow/example_dags/example_params_trigger_ui.py took 0.225 seconds
[2024-11-11T19:59:50.580+0000] {processor.py:186} INFO - Started process (PID=10539) to work on /home/airflow/.local/lib/python3.12/site-packages/airflow/example_dags/example_params_trigger_ui.py
[2024-11-11T19:59:50.584+0000] {processor.py:914} INFO - Processing file /home/airflow/.local/lib/python3.12/site-packages/airflow/example_dags/example_params_trigger_ui.py for tasks to queue
[2024-11-11T19:59:50.597+0000] {logging_mixin.py:190} INFO - [2024-11-11T19:59:50.596+0000] {dagbag.py:588} INFO - Filling up the DagBag from /home/airflow/.local/lib/python3.12/site-packages/airflow/example_dags/example_params_trigger_ui.py
[2024-11-11T19:59:50.670+0000] {processor.py:925} INFO - DAG(s) 'example_params_trigger_ui' retrieved from /home/airflow/.local/lib/python3.12/site-packages/airflow/example_dags/example_params_trigger_ui.py
[2024-11-11T19:59:50.860+0000] {logging_mixin.py:190} INFO - [2024-11-11T19:59:50.859+0000] {dag.py:3239} INFO - Sync 1 DAGs
[2024-11-11T19:59:50.899+0000] {logging_mixin.py:190} INFO - [2024-11-11T19:59:50.898+0000] {dag.py:4180} INFO - Setting next_dagrun for example_params_trigger_ui to None, run_after=None
[2024-11-11T19:59:50.934+0000] {processor.py:208} INFO - Processing /home/airflow/.local/lib/python3.12/site-packages/airflow/example_dags/example_params_trigger_ui.py took 0.394 seconds
[2024-11-11T20:00:21.357+0000] {processor.py:186} INFO - Started process (PID=10830) to work on /home/airflow/.local/lib/python3.12/site-packages/airflow/example_dags/example_params_trigger_ui.py
[2024-11-11T20:00:21.360+0000] {processor.py:914} INFO - Processing file /home/airflow/.local/lib/python3.12/site-packages/airflow/example_dags/example_params_trigger_ui.py for tasks to queue
[2024-11-11T20:00:21.365+0000] {logging_mixin.py:190} INFO - [2024-11-11T20:00:21.364+0000] {dagbag.py:588} INFO - Filling up the DagBag from /home/airflow/.local/lib/python3.12/site-packages/airflow/example_dags/example_params_trigger_ui.py
[2024-11-11T20:00:21.391+0000] {processor.py:925} INFO - DAG(s) 'example_params_trigger_ui' retrieved from /home/airflow/.local/lib/python3.12/site-packages/airflow/example_dags/example_params_trigger_ui.py
[2024-11-11T20:00:21.517+0000] {logging_mixin.py:190} INFO - [2024-11-11T20:00:21.516+0000] {dag.py:3239} INFO - Sync 1 DAGs
[2024-11-11T20:00:21.556+0000] {logging_mixin.py:190} INFO - [2024-11-11T20:00:21.556+0000] {dag.py:4180} INFO - Setting next_dagrun for example_params_trigger_ui to None, run_after=None
[2024-11-11T20:00:21.610+0000] {processor.py:208} INFO - Processing /home/airflow/.local/lib/python3.12/site-packages/airflow/example_dags/example_params_trigger_ui.py took 0.267 seconds
[2024-11-11T20:00:52.377+0000] {processor.py:186} INFO - Started process (PID=11116) to work on /home/airflow/.local/lib/python3.12/site-packages/airflow/example_dags/example_params_trigger_ui.py
[2024-11-11T20:00:52.379+0000] {processor.py:914} INFO - Processing file /home/airflow/.local/lib/python3.12/site-packages/airflow/example_dags/example_params_trigger_ui.py for tasks to queue
[2024-11-11T20:00:52.384+0000] {logging_mixin.py:190} INFO - [2024-11-11T20:00:52.383+0000] {dagbag.py:588} INFO - Filling up the DagBag from /home/airflow/.local/lib/python3.12/site-packages/airflow/example_dags/example_params_trigger_ui.py
[2024-11-11T20:00:52.416+0000] {processor.py:925} INFO - DAG(s) 'example_params_trigger_ui' retrieved from /home/airflow/.local/lib/python3.12/site-packages/airflow/example_dags/example_params_trigger_ui.py
[2024-11-11T20:00:52.530+0000] {logging_mixin.py:190} INFO - [2024-11-11T20:00:52.530+0000] {dag.py:3239} INFO - Sync 1 DAGs
[2024-11-11T20:00:52.559+0000] {logging_mixin.py:190} INFO - [2024-11-11T20:00:52.559+0000] {dag.py:4180} INFO - Setting next_dagrun for example_params_trigger_ui to None, run_after=None
[2024-11-11T20:00:52.596+0000] {processor.py:208} INFO - Processing /home/airflow/.local/lib/python3.12/site-packages/airflow/example_dags/example_params_trigger_ui.py took 0.233 seconds
[2024-11-11T20:01:22.787+0000] {processor.py:186} INFO - Started process (PID=11407) to work on /home/airflow/.local/lib/python3.12/site-packages/airflow/example_dags/example_params_trigger_ui.py
[2024-11-11T20:01:22.789+0000] {processor.py:914} INFO - Processing file /home/airflow/.local/lib/python3.12/site-packages/airflow/example_dags/example_params_trigger_ui.py for tasks to queue
[2024-11-11T20:01:22.794+0000] {logging_mixin.py:190} INFO - [2024-11-11T20:01:22.793+0000] {dagbag.py:588} INFO - Filling up the DagBag from /home/airflow/.local/lib/python3.12/site-packages/airflow/example_dags/example_params_trigger_ui.py
[2024-11-11T20:01:22.820+0000] {processor.py:925} INFO - DAG(s) 'example_params_trigger_ui' retrieved from /home/airflow/.local/lib/python3.12/site-packages/airflow/example_dags/example_params_trigger_ui.py
[2024-11-11T20:01:22.960+0000] {logging_mixin.py:190} INFO - [2024-11-11T20:01:22.959+0000] {dag.py:3239} INFO - Sync 1 DAGs
[2024-11-11T20:01:22.990+0000] {logging_mixin.py:190} INFO - [2024-11-11T20:01:22.989+0000] {dag.py:4180} INFO - Setting next_dagrun for example_params_trigger_ui to None, run_after=None
[2024-11-11T20:01:23.026+0000] {processor.py:208} INFO - Processing /home/airflow/.local/lib/python3.12/site-packages/airflow/example_dags/example_params_trigger_ui.py took 0.255 seconds
[2024-11-11T20:01:54.111+0000] {processor.py:186} INFO - Started process (PID=11699) to work on /home/airflow/.local/lib/python3.12/site-packages/airflow/example_dags/example_params_trigger_ui.py
[2024-11-11T20:01:54.113+0000] {processor.py:914} INFO - Processing file /home/airflow/.local/lib/python3.12/site-packages/airflow/example_dags/example_params_trigger_ui.py for tasks to queue
[2024-11-11T20:01:54.117+0000] {logging_mixin.py:190} INFO - [2024-11-11T20:01:54.117+0000] {dagbag.py:588} INFO - Filling up the DagBag from /home/airflow/.local/lib/python3.12/site-packages/airflow/example_dags/example_params_trigger_ui.py
[2024-11-11T20:01:54.141+0000] {processor.py:925} INFO - DAG(s) 'example_params_trigger_ui' retrieved from /home/airflow/.local/lib/python3.12/site-packages/airflow/example_dags/example_params_trigger_ui.py
[2024-11-11T20:01:54.233+0000] {logging_mixin.py:190} INFO - [2024-11-11T20:01:54.233+0000] {dag.py:3239} INFO - Sync 1 DAGs
[2024-11-11T20:01:54.263+0000] {logging_mixin.py:190} INFO - [2024-11-11T20:01:54.262+0000] {dag.py:4180} INFO - Setting next_dagrun for example_params_trigger_ui to None, run_after=None
[2024-11-11T20:01:54.306+0000] {processor.py:208} INFO - Processing /home/airflow/.local/lib/python3.12/site-packages/airflow/example_dags/example_params_trigger_ui.py took 0.209 seconds
[2024-11-11T20:02:25.347+0000] {processor.py:186} INFO - Started process (PID=11990) to work on /home/airflow/.local/lib/python3.12/site-packages/airflow/example_dags/example_params_trigger_ui.py
[2024-11-11T20:02:25.350+0000] {processor.py:914} INFO - Processing file /home/airflow/.local/lib/python3.12/site-packages/airflow/example_dags/example_params_trigger_ui.py for tasks to queue
[2024-11-11T20:02:25.358+0000] {logging_mixin.py:190} INFO - [2024-11-11T20:02:25.356+0000] {dagbag.py:588} INFO - Filling up the DagBag from /home/airflow/.local/lib/python3.12/site-packages/airflow/example_dags/example_params_trigger_ui.py
[2024-11-11T20:02:25.396+0000] {processor.py:925} INFO - DAG(s) 'example_params_trigger_ui' retrieved from /home/airflow/.local/lib/python3.12/site-packages/airflow/example_dags/example_params_trigger_ui.py
[2024-11-11T20:02:25.568+0000] {logging_mixin.py:190} INFO - [2024-11-11T20:02:25.568+0000] {dag.py:3239} INFO - Sync 1 DAGs
[2024-11-11T20:02:25.613+0000] {logging_mixin.py:190} INFO - [2024-11-11T20:02:25.612+0000] {dag.py:4180} INFO - Setting next_dagrun for example_params_trigger_ui to None, run_after=None
[2024-11-11T20:02:25.667+0000] {processor.py:208} INFO - Processing /home/airflow/.local/lib/python3.12/site-packages/airflow/example_dags/example_params_trigger_ui.py took 0.343 seconds
[2024-11-11T20:02:55.770+0000] {processor.py:186} INFO - Started process (PID=12281) to work on /home/airflow/.local/lib/python3.12/site-packages/airflow/example_dags/example_params_trigger_ui.py
[2024-11-11T20:02:55.774+0000] {processor.py:914} INFO - Processing file /home/airflow/.local/lib/python3.12/site-packages/airflow/example_dags/example_params_trigger_ui.py for tasks to queue
[2024-11-11T20:02:55.779+0000] {logging_mixin.py:190} INFO - [2024-11-11T20:02:55.778+0000] {dagbag.py:588} INFO - Filling up the DagBag from /home/airflow/.local/lib/python3.12/site-packages/airflow/example_dags/example_params_trigger_ui.py
[2024-11-11T20:02:55.806+0000] {processor.py:925} INFO - DAG(s) 'example_params_trigger_ui' retrieved from /home/airflow/.local/lib/python3.12/site-packages/airflow/example_dags/example_params_trigger_ui.py
[2024-11-11T20:02:55.917+0000] {logging_mixin.py:190} INFO - [2024-11-11T20:02:55.916+0000] {dag.py:3239} INFO - Sync 1 DAGs
[2024-11-11T20:02:55.949+0000] {logging_mixin.py:190} INFO - [2024-11-11T20:02:55.949+0000] {dag.py:4180} INFO - Setting next_dagrun for example_params_trigger_ui to None, run_after=None
[2024-11-11T20:02:55.998+0000] {processor.py:208} INFO - Processing /home/airflow/.local/lib/python3.12/site-packages/airflow/example_dags/example_params_trigger_ui.py took 0.242 seconds
