[2024-11-11T19:41:34.597+0000] {processor.py:186} INFO - Started process (PID=312) to work on /home/airflow/.local/lib/python3.12/site-packages/airflow/example_dags/example_branch_operator.py
[2024-11-11T19:41:34.598+0000] {processor.py:914} INFO - Processing file /home/airflow/.local/lib/python3.12/site-packages/airflow/example_dags/example_branch_operator.py for tasks to queue
[2024-11-11T19:41:34.602+0000] {logging_mixin.py:190} INFO - [2024-11-11T19:41:34.601+0000] {dagbag.py:588} INFO - Filling up the DagBag from /home/airflow/.local/lib/python3.12/site-packages/airflow/example_dags/example_branch_operator.py
[2024-11-11T19:41:34.644+0000] {processor.py:925} INFO - DAG(s) 'example_branch_operator' retrieved from /home/airflow/.local/lib/python3.12/site-packages/airflow/example_dags/example_branch_operator.py
[2024-11-11T19:41:34.941+0000] {logging_mixin.py:190} INFO - [2024-11-11T19:41:34.940+0000] {override.py:1911} INFO - Created Permission View: can delete on DAG:example_branch_operator
[2024-11-11T19:41:34.957+0000] {logging_mixin.py:190} INFO - [2024-11-11T19:41:34.957+0000] {override.py:1911} INFO - Created Permission View: can read on DAG:example_branch_operator
[2024-11-11T19:41:34.969+0000] {logging_mixin.py:190} INFO - [2024-11-11T19:41:34.969+0000] {override.py:1911} INFO - Created Permission View: can edit on DAG:example_branch_operator
[2024-11-11T19:41:34.983+0000] {logging_mixin.py:190} INFO - [2024-11-11T19:41:34.982+0000] {override.py:1911} INFO - Created Permission View: can delete on DAG Run:example_branch_operator
[2024-11-11T19:41:34.995+0000] {logging_mixin.py:190} INFO - [2024-11-11T19:41:34.994+0000] {override.py:1911} INFO - Created Permission View: can create on DAG Run:example_branch_operator
[2024-11-11T19:41:35.006+0000] {logging_mixin.py:190} INFO - [2024-11-11T19:41:35.005+0000] {override.py:1911} INFO - Created Permission View: menu access on DAG Run:example_branch_operator
[2024-11-11T19:41:35.018+0000] {logging_mixin.py:190} INFO - [2024-11-11T19:41:35.018+0000] {override.py:1911} INFO - Created Permission View: can read on DAG Run:example_branch_operator
[2024-11-11T19:41:35.019+0000] {logging_mixin.py:190} INFO - [2024-11-11T19:41:35.019+0000] {dag.py:3239} INFO - Sync 1 DAGs
[2024-11-11T19:41:35.047+0000] {logging_mixin.py:190} INFO - [2024-11-11T19:41:35.047+0000] {dag.py:3262} INFO - Creating ORM DAG for example_branch_operator
[2024-11-11T19:41:35.065+0000] {logging_mixin.py:190} INFO - [2024-11-11T19:41:35.064+0000] {dag.py:4180} INFO - Setting next_dagrun for example_branch_operator to 2024-11-10 00:00:00+00:00, run_after=2024-11-11 00:00:00+00:00
[2024-11-11T19:41:35.110+0000] {processor.py:208} INFO - Processing /home/airflow/.local/lib/python3.12/site-packages/airflow/example_dags/example_branch_operator.py took 0.528 seconds
[2024-11-11T19:42:05.671+0000] {processor.py:186} INFO - Started process (PID=603) to work on /home/airflow/.local/lib/python3.12/site-packages/airflow/example_dags/example_branch_operator.py
[2024-11-11T19:42:05.672+0000] {processor.py:914} INFO - Processing file /home/airflow/.local/lib/python3.12/site-packages/airflow/example_dags/example_branch_operator.py for tasks to queue
[2024-11-11T19:42:05.675+0000] {logging_mixin.py:190} INFO - [2024-11-11T19:42:05.675+0000] {dagbag.py:588} INFO - Filling up the DagBag from /home/airflow/.local/lib/python3.12/site-packages/airflow/example_dags/example_branch_operator.py
[2024-11-11T19:42:05.733+0000] {processor.py:925} INFO - DAG(s) 'example_branch_operator' retrieved from /home/airflow/.local/lib/python3.12/site-packages/airflow/example_dags/example_branch_operator.py
[2024-11-11T19:42:05.799+0000] {logging_mixin.py:190} INFO - [2024-11-11T19:42:05.798+0000] {dag.py:3239} INFO - Sync 1 DAGs
[2024-11-11T19:42:05.842+0000] {logging_mixin.py:190} INFO - [2024-11-11T19:42:05.842+0000] {dag.py:4180} INFO - Setting next_dagrun for example_branch_operator to 2024-11-10 00:00:00+00:00, run_after=2024-11-11 00:00:00+00:00
[2024-11-11T19:42:05.871+0000] {processor.py:208} INFO - Processing /home/airflow/.local/lib/python3.12/site-packages/airflow/example_dags/example_branch_operator.py took 0.211 seconds
[2024-11-11T19:42:37.004+0000] {processor.py:186} INFO - Started process (PID=895) to work on /home/airflow/.local/lib/python3.12/site-packages/airflow/example_dags/example_branch_operator.py
[2024-11-11T19:42:37.008+0000] {processor.py:914} INFO - Processing file /home/airflow/.local/lib/python3.12/site-packages/airflow/example_dags/example_branch_operator.py for tasks to queue
[2024-11-11T19:42:37.013+0000] {logging_mixin.py:190} INFO - [2024-11-11T19:42:37.012+0000] {dagbag.py:588} INFO - Filling up the DagBag from /home/airflow/.local/lib/python3.12/site-packages/airflow/example_dags/example_branch_operator.py
[2024-11-11T19:42:37.052+0000] {processor.py:925} INFO - DAG(s) 'example_branch_operator' retrieved from /home/airflow/.local/lib/python3.12/site-packages/airflow/example_dags/example_branch_operator.py
[2024-11-11T19:42:37.109+0000] {logging_mixin.py:190} INFO - [2024-11-11T19:42:37.108+0000] {dag.py:3239} INFO - Sync 1 DAGs
[2024-11-11T19:42:37.163+0000] {logging_mixin.py:190} INFO - [2024-11-11T19:42:37.163+0000] {dag.py:4180} INFO - Setting next_dagrun for example_branch_operator to 2024-11-10 00:00:00+00:00, run_after=2024-11-11 00:00:00+00:00
[2024-11-11T19:42:37.214+0000] {processor.py:208} INFO - Processing /home/airflow/.local/lib/python3.12/site-packages/airflow/example_dags/example_branch_operator.py took 0.226 seconds
[2024-11-11T19:43:08.154+0000] {processor.py:186} INFO - Started process (PID=1186) to work on /home/airflow/.local/lib/python3.12/site-packages/airflow/example_dags/example_branch_operator.py
[2024-11-11T19:43:08.156+0000] {processor.py:914} INFO - Processing file /home/airflow/.local/lib/python3.12/site-packages/airflow/example_dags/example_branch_operator.py for tasks to queue
[2024-11-11T19:43:08.160+0000] {logging_mixin.py:190} INFO - [2024-11-11T19:43:08.159+0000] {dagbag.py:588} INFO - Filling up the DagBag from /home/airflow/.local/lib/python3.12/site-packages/airflow/example_dags/example_branch_operator.py
[2024-11-11T19:43:08.191+0000] {processor.py:925} INFO - DAG(s) 'example_branch_operator' retrieved from /home/airflow/.local/lib/python3.12/site-packages/airflow/example_dags/example_branch_operator.py
[2024-11-11T19:43:08.248+0000] {logging_mixin.py:190} INFO - [2024-11-11T19:43:08.248+0000] {dag.py:3239} INFO - Sync 1 DAGs
[2024-11-11T19:43:08.306+0000] {logging_mixin.py:190} INFO - [2024-11-11T19:43:08.306+0000] {dag.py:4180} INFO - Setting next_dagrun for example_branch_operator to 2024-11-10 00:00:00+00:00, run_after=2024-11-11 00:00:00+00:00
[2024-11-11T19:43:08.360+0000] {processor.py:208} INFO - Processing /home/airflow/.local/lib/python3.12/site-packages/airflow/example_dags/example_branch_operator.py took 0.216 seconds
[2024-11-11T19:43:39.464+0000] {processor.py:186} INFO - Started process (PID=1477) to work on /home/airflow/.local/lib/python3.12/site-packages/airflow/example_dags/example_branch_operator.py
[2024-11-11T19:43:39.471+0000] {processor.py:914} INFO - Processing file /home/airflow/.local/lib/python3.12/site-packages/airflow/example_dags/example_branch_operator.py for tasks to queue
[2024-11-11T19:43:39.475+0000] {logging_mixin.py:190} INFO - [2024-11-11T19:43:39.474+0000] {dagbag.py:588} INFO - Filling up the DagBag from /home/airflow/.local/lib/python3.12/site-packages/airflow/example_dags/example_branch_operator.py
[2024-11-11T19:43:39.507+0000] {processor.py:925} INFO - DAG(s) 'example_branch_operator' retrieved from /home/airflow/.local/lib/python3.12/site-packages/airflow/example_dags/example_branch_operator.py
[2024-11-11T19:43:39.554+0000] {logging_mixin.py:190} INFO - [2024-11-11T19:43:39.554+0000] {dag.py:3239} INFO - Sync 1 DAGs
[2024-11-11T19:43:39.594+0000] {logging_mixin.py:190} INFO - [2024-11-11T19:43:39.594+0000] {dag.py:4180} INFO - Setting next_dagrun for example_branch_operator to 2024-11-10 00:00:00+00:00, run_after=2024-11-11 00:00:00+00:00
[2024-11-11T19:43:39.623+0000] {processor.py:208} INFO - Processing /home/airflow/.local/lib/python3.12/site-packages/airflow/example_dags/example_branch_operator.py took 0.173 seconds
[2024-11-11T19:44:09.720+0000] {processor.py:186} INFO - Started process (PID=1765) to work on /home/airflow/.local/lib/python3.12/site-packages/airflow/example_dags/example_branch_operator.py
[2024-11-11T19:44:09.722+0000] {processor.py:914} INFO - Processing file /home/airflow/.local/lib/python3.12/site-packages/airflow/example_dags/example_branch_operator.py for tasks to queue
[2024-11-11T19:44:09.728+0000] {logging_mixin.py:190} INFO - [2024-11-11T19:44:09.727+0000] {dagbag.py:588} INFO - Filling up the DagBag from /home/airflow/.local/lib/python3.12/site-packages/airflow/example_dags/example_branch_operator.py
[2024-11-11T19:44:09.777+0000] {processor.py:925} INFO - DAG(s) 'example_branch_operator' retrieved from /home/airflow/.local/lib/python3.12/site-packages/airflow/example_dags/example_branch_operator.py
[2024-11-11T19:44:09.827+0000] {logging_mixin.py:190} INFO - [2024-11-11T19:44:09.827+0000] {dag.py:3239} INFO - Sync 1 DAGs
[2024-11-11T19:44:09.868+0000] {logging_mixin.py:190} INFO - [2024-11-11T19:44:09.868+0000] {dag.py:4180} INFO - Setting next_dagrun for example_branch_operator to 2024-11-10 00:00:00+00:00, run_after=2024-11-11 00:00:00+00:00
[2024-11-11T19:44:09.904+0000] {processor.py:208} INFO - Processing /home/airflow/.local/lib/python3.12/site-packages/airflow/example_dags/example_branch_operator.py took 0.198 seconds
[2024-11-11T19:44:40.572+0000] {processor.py:186} INFO - Started process (PID=2056) to work on /home/airflow/.local/lib/python3.12/site-packages/airflow/example_dags/example_branch_operator.py
[2024-11-11T19:44:40.574+0000] {processor.py:914} INFO - Processing file /home/airflow/.local/lib/python3.12/site-packages/airflow/example_dags/example_branch_operator.py for tasks to queue
[2024-11-11T19:44:40.579+0000] {logging_mixin.py:190} INFO - [2024-11-11T19:44:40.578+0000] {dagbag.py:588} INFO - Filling up the DagBag from /home/airflow/.local/lib/python3.12/site-packages/airflow/example_dags/example_branch_operator.py
[2024-11-11T19:44:40.622+0000] {processor.py:925} INFO - DAG(s) 'example_branch_operator' retrieved from /home/airflow/.local/lib/python3.12/site-packages/airflow/example_dags/example_branch_operator.py
[2024-11-11T19:44:40.695+0000] {logging_mixin.py:190} INFO - [2024-11-11T19:44:40.694+0000] {dag.py:3239} INFO - Sync 1 DAGs
[2024-11-11T19:44:40.753+0000] {logging_mixin.py:190} INFO - [2024-11-11T19:44:40.753+0000] {dag.py:4180} INFO - Setting next_dagrun for example_branch_operator to 2024-11-10 00:00:00+00:00, run_after=2024-11-11 00:00:00+00:00
[2024-11-11T19:44:40.797+0000] {processor.py:208} INFO - Processing /home/airflow/.local/lib/python3.12/site-packages/airflow/example_dags/example_branch_operator.py took 0.239 seconds
[2024-11-11T19:45:11.485+0000] {processor.py:186} INFO - Started process (PID=2347) to work on /home/airflow/.local/lib/python3.12/site-packages/airflow/example_dags/example_branch_operator.py
[2024-11-11T19:45:11.487+0000] {processor.py:914} INFO - Processing file /home/airflow/.local/lib/python3.12/site-packages/airflow/example_dags/example_branch_operator.py for tasks to queue
[2024-11-11T19:45:11.492+0000] {logging_mixin.py:190} INFO - [2024-11-11T19:45:11.491+0000] {dagbag.py:588} INFO - Filling up the DagBag from /home/airflow/.local/lib/python3.12/site-packages/airflow/example_dags/example_branch_operator.py
[2024-11-11T19:45:11.535+0000] {processor.py:925} INFO - DAG(s) 'example_branch_operator' retrieved from /home/airflow/.local/lib/python3.12/site-packages/airflow/example_dags/example_branch_operator.py
[2024-11-11T19:45:11.608+0000] {logging_mixin.py:190} INFO - [2024-11-11T19:45:11.608+0000] {dag.py:3239} INFO - Sync 1 DAGs
[2024-11-11T19:45:11.667+0000] {logging_mixin.py:190} INFO - [2024-11-11T19:45:11.667+0000] {dag.py:4180} INFO - Setting next_dagrun for example_branch_operator to 2024-11-10 00:00:00+00:00, run_after=2024-11-11 00:00:00+00:00
[2024-11-11T19:45:11.710+0000] {processor.py:208} INFO - Processing /home/airflow/.local/lib/python3.12/site-packages/airflow/example_dags/example_branch_operator.py took 0.238 seconds
[2024-11-11T19:45:42.212+0000] {processor.py:186} INFO - Started process (PID=2636) to work on /home/airflow/.local/lib/python3.12/site-packages/airflow/example_dags/example_branch_operator.py
[2024-11-11T19:45:42.215+0000] {processor.py:914} INFO - Processing file /home/airflow/.local/lib/python3.12/site-packages/airflow/example_dags/example_branch_operator.py for tasks to queue
[2024-11-11T19:45:42.221+0000] {logging_mixin.py:190} INFO - [2024-11-11T19:45:42.220+0000] {dagbag.py:588} INFO - Filling up the DagBag from /home/airflow/.local/lib/python3.12/site-packages/airflow/example_dags/example_branch_operator.py
[2024-11-11T19:45:42.290+0000] {processor.py:925} INFO - DAG(s) 'example_branch_operator' retrieved from /home/airflow/.local/lib/python3.12/site-packages/airflow/example_dags/example_branch_operator.py
[2024-11-11T19:45:42.389+0000] {logging_mixin.py:190} INFO - [2024-11-11T19:45:42.388+0000] {dag.py:3239} INFO - Sync 1 DAGs
[2024-11-11T19:45:42.467+0000] {logging_mixin.py:190} INFO - [2024-11-11T19:45:42.466+0000] {dag.py:4180} INFO - Setting next_dagrun for example_branch_operator to 2024-11-10 00:00:00+00:00, run_after=2024-11-11 00:00:00+00:00
[2024-11-11T19:45:42.525+0000] {processor.py:208} INFO - Processing /home/airflow/.local/lib/python3.12/site-packages/airflow/example_dags/example_branch_operator.py took 0.334 seconds
[2024-11-11T19:46:13.410+0000] {processor.py:186} INFO - Started process (PID=2927) to work on /home/airflow/.local/lib/python3.12/site-packages/airflow/example_dags/example_branch_operator.py
[2024-11-11T19:46:13.414+0000] {processor.py:914} INFO - Processing file /home/airflow/.local/lib/python3.12/site-packages/airflow/example_dags/example_branch_operator.py for tasks to queue
[2024-11-11T19:46:13.423+0000] {logging_mixin.py:190} INFO - [2024-11-11T19:46:13.421+0000] {dagbag.py:588} INFO - Filling up the DagBag from /home/airflow/.local/lib/python3.12/site-packages/airflow/example_dags/example_branch_operator.py
[2024-11-11T19:46:13.485+0000] {processor.py:925} INFO - DAG(s) 'example_branch_operator' retrieved from /home/airflow/.local/lib/python3.12/site-packages/airflow/example_dags/example_branch_operator.py
[2024-11-11T19:46:13.556+0000] {logging_mixin.py:190} INFO - [2024-11-11T19:46:13.555+0000] {dag.py:3239} INFO - Sync 1 DAGs
[2024-11-11T19:46:13.623+0000] {logging_mixin.py:190} INFO - [2024-11-11T19:46:13.623+0000] {dag.py:4180} INFO - Setting next_dagrun for example_branch_operator to 2024-11-10 00:00:00+00:00, run_after=2024-11-11 00:00:00+00:00
[2024-11-11T19:46:13.662+0000] {processor.py:208} INFO - Processing /home/airflow/.local/lib/python3.12/site-packages/airflow/example_dags/example_branch_operator.py took 0.281 seconds
[2024-11-11T19:46:43.835+0000] {processor.py:186} INFO - Started process (PID=3215) to work on /home/airflow/.local/lib/python3.12/site-packages/airflow/example_dags/example_branch_operator.py
[2024-11-11T19:46:43.839+0000] {processor.py:914} INFO - Processing file /home/airflow/.local/lib/python3.12/site-packages/airflow/example_dags/example_branch_operator.py for tasks to queue
[2024-11-11T19:46:43.849+0000] {logging_mixin.py:190} INFO - [2024-11-11T19:46:43.847+0000] {dagbag.py:588} INFO - Filling up the DagBag from /home/airflow/.local/lib/python3.12/site-packages/airflow/example_dags/example_branch_operator.py
[2024-11-11T19:46:43.973+0000] {processor.py:925} INFO - DAG(s) 'example_branch_operator' retrieved from /home/airflow/.local/lib/python3.12/site-packages/airflow/example_dags/example_branch_operator.py
[2024-11-11T19:46:44.107+0000] {logging_mixin.py:190} INFO - [2024-11-11T19:46:44.107+0000] {dag.py:3239} INFO - Sync 1 DAGs
[2024-11-11T19:46:44.173+0000] {logging_mixin.py:190} INFO - [2024-11-11T19:46:44.172+0000] {dag.py:4180} INFO - Setting next_dagrun for example_branch_operator to 2024-11-10 00:00:00+00:00, run_after=2024-11-11 00:00:00+00:00
[2024-11-11T19:46:44.218+0000] {processor.py:208} INFO - Processing /home/airflow/.local/lib/python3.12/site-packages/airflow/example_dags/example_branch_operator.py took 0.413 seconds
[2024-11-11T19:47:14.838+0000] {processor.py:186} INFO - Started process (PID=3510) to work on /home/airflow/.local/lib/python3.12/site-packages/airflow/example_dags/example_branch_operator.py
[2024-11-11T19:47:14.839+0000] {processor.py:914} INFO - Processing file /home/airflow/.local/lib/python3.12/site-packages/airflow/example_dags/example_branch_operator.py for tasks to queue
[2024-11-11T19:47:14.843+0000] {logging_mixin.py:190} INFO - [2024-11-11T19:47:14.843+0000] {dagbag.py:588} INFO - Filling up the DagBag from /home/airflow/.local/lib/python3.12/site-packages/airflow/example_dags/example_branch_operator.py
[2024-11-11T19:47:14.885+0000] {processor.py:925} INFO - DAG(s) 'example_branch_operator' retrieved from /home/airflow/.local/lib/python3.12/site-packages/airflow/example_dags/example_branch_operator.py
[2024-11-11T19:47:14.946+0000] {logging_mixin.py:190} INFO - [2024-11-11T19:47:14.946+0000] {dag.py:3239} INFO - Sync 1 DAGs
[2024-11-11T19:47:14.990+0000] {logging_mixin.py:190} INFO - [2024-11-11T19:47:14.989+0000] {dag.py:4180} INFO - Setting next_dagrun for example_branch_operator to 2024-11-10 00:00:00+00:00, run_after=2024-11-11 00:00:00+00:00
[2024-11-11T19:47:15.021+0000] {processor.py:208} INFO - Processing /home/airflow/.local/lib/python3.12/site-packages/airflow/example_dags/example_branch_operator.py took 0.200 seconds
[2024-11-11T19:47:45.220+0000] {processor.py:186} INFO - Started process (PID=3799) to work on /home/airflow/.local/lib/python3.12/site-packages/airflow/example_dags/example_branch_operator.py
[2024-11-11T19:47:45.227+0000] {processor.py:914} INFO - Processing file /home/airflow/.local/lib/python3.12/site-packages/airflow/example_dags/example_branch_operator.py for tasks to queue
[2024-11-11T19:47:45.240+0000] {logging_mixin.py:190} INFO - [2024-11-11T19:47:45.239+0000] {dagbag.py:588} INFO - Filling up the DagBag from /home/airflow/.local/lib/python3.12/site-packages/airflow/example_dags/example_branch_operator.py
[2024-11-11T19:47:45.355+0000] {processor.py:925} INFO - DAG(s) 'example_branch_operator' retrieved from /home/airflow/.local/lib/python3.12/site-packages/airflow/example_dags/example_branch_operator.py
[2024-11-11T19:47:45.622+0000] {logging_mixin.py:190} INFO - [2024-11-11T19:47:45.621+0000] {dag.py:3239} INFO - Sync 1 DAGs
[2024-11-11T19:47:45.700+0000] {logging_mixin.py:190} INFO - [2024-11-11T19:47:45.700+0000] {dag.py:4180} INFO - Setting next_dagrun for example_branch_operator to 2024-11-10 00:00:00+00:00, run_after=2024-11-11 00:00:00+00:00
[2024-11-11T19:47:45.751+0000] {processor.py:208} INFO - Processing /home/airflow/.local/lib/python3.12/site-packages/airflow/example_dags/example_branch_operator.py took 0.564 seconds
[2024-11-11T19:48:16.258+0000] {processor.py:186} INFO - Started process (PID=4093) to work on /home/airflow/.local/lib/python3.12/site-packages/airflow/example_dags/example_branch_operator.py
[2024-11-11T19:48:16.260+0000] {processor.py:914} INFO - Processing file /home/airflow/.local/lib/python3.12/site-packages/airflow/example_dags/example_branch_operator.py for tasks to queue
[2024-11-11T19:48:16.264+0000] {logging_mixin.py:190} INFO - [2024-11-11T19:48:16.263+0000] {dagbag.py:588} INFO - Filling up the DagBag from /home/airflow/.local/lib/python3.12/site-packages/airflow/example_dags/example_branch_operator.py
[2024-11-11T19:48:16.295+0000] {processor.py:925} INFO - DAG(s) 'example_branch_operator' retrieved from /home/airflow/.local/lib/python3.12/site-packages/airflow/example_dags/example_branch_operator.py
[2024-11-11T19:48:16.349+0000] {logging_mixin.py:190} INFO - [2024-11-11T19:48:16.348+0000] {dag.py:3239} INFO - Sync 1 DAGs
[2024-11-11T19:48:16.402+0000] {logging_mixin.py:190} INFO - [2024-11-11T19:48:16.401+0000] {dag.py:4180} INFO - Setting next_dagrun for example_branch_operator to 2024-11-10 00:00:00+00:00, run_after=2024-11-11 00:00:00+00:00
[2024-11-11T19:48:16.448+0000] {processor.py:208} INFO - Processing /home/airflow/.local/lib/python3.12/site-packages/airflow/example_dags/example_branch_operator.py took 0.205 seconds
[2024-11-11T19:48:49.566+0000] {processor.py:186} INFO - Started process (PID=4384) to work on /home/airflow/.local/lib/python3.12/site-packages/airflow/example_dags/example_branch_operator.py
[2024-11-11T19:48:49.571+0000] {processor.py:914} INFO - Processing file /home/airflow/.local/lib/python3.12/site-packages/airflow/example_dags/example_branch_operator.py for tasks to queue
[2024-11-11T19:48:49.582+0000] {logging_mixin.py:190} INFO - [2024-11-11T19:48:49.580+0000] {dagbag.py:588} INFO - Filling up the DagBag from /home/airflow/.local/lib/python3.12/site-packages/airflow/example_dags/example_branch_operator.py
[2024-11-11T19:48:49.663+0000] {processor.py:925} INFO - DAG(s) 'example_branch_operator' retrieved from /home/airflow/.local/lib/python3.12/site-packages/airflow/example_dags/example_branch_operator.py
[2024-11-11T19:48:49.803+0000] {logging_mixin.py:190} INFO - [2024-11-11T19:48:49.802+0000] {dag.py:3239} INFO - Sync 1 DAGs
[2024-11-11T19:48:49.933+0000] {logging_mixin.py:190} INFO - [2024-11-11T19:48:49.933+0000] {dag.py:4180} INFO - Setting next_dagrun for example_branch_operator to 2024-11-10 00:00:00+00:00, run_after=2024-11-11 00:00:00+00:00
[2024-11-11T19:48:49.976+0000] {processor.py:208} INFO - Processing /home/airflow/.local/lib/python3.12/site-packages/airflow/example_dags/example_branch_operator.py took 0.442 seconds
[2024-11-11T19:49:21.023+0000] {processor.py:186} INFO - Started process (PID=4675) to work on /home/airflow/.local/lib/python3.12/site-packages/airflow/example_dags/example_branch_operator.py
[2024-11-11T19:49:21.025+0000] {processor.py:914} INFO - Processing file /home/airflow/.local/lib/python3.12/site-packages/airflow/example_dags/example_branch_operator.py for tasks to queue
[2024-11-11T19:49:21.029+0000] {logging_mixin.py:190} INFO - [2024-11-11T19:49:21.029+0000] {dagbag.py:588} INFO - Filling up the DagBag from /home/airflow/.local/lib/python3.12/site-packages/airflow/example_dags/example_branch_operator.py
[2024-11-11T19:49:21.064+0000] {processor.py:925} INFO - DAG(s) 'example_branch_operator' retrieved from /home/airflow/.local/lib/python3.12/site-packages/airflow/example_dags/example_branch_operator.py
[2024-11-11T19:49:21.142+0000] {logging_mixin.py:190} INFO - [2024-11-11T19:49:21.142+0000] {dag.py:3239} INFO - Sync 1 DAGs
[2024-11-11T19:49:21.205+0000] {logging_mixin.py:190} INFO - [2024-11-11T19:49:21.204+0000] {dag.py:4180} INFO - Setting next_dagrun for example_branch_operator to 2024-11-10 00:00:00+00:00, run_after=2024-11-11 00:00:00+00:00
[2024-11-11T19:49:21.255+0000] {processor.py:208} INFO - Processing /home/airflow/.local/lib/python3.12/site-packages/airflow/example_dags/example_branch_operator.py took 0.243 seconds
[2024-11-11T19:49:51.396+0000] {processor.py:186} INFO - Started process (PID=4961) to work on /home/airflow/.local/lib/python3.12/site-packages/airflow/example_dags/example_branch_operator.py
[2024-11-11T19:49:51.398+0000] {processor.py:914} INFO - Processing file /home/airflow/.local/lib/python3.12/site-packages/airflow/example_dags/example_branch_operator.py for tasks to queue
[2024-11-11T19:49:51.401+0000] {logging_mixin.py:190} INFO - [2024-11-11T19:49:51.401+0000] {dagbag.py:588} INFO - Filling up the DagBag from /home/airflow/.local/lib/python3.12/site-packages/airflow/example_dags/example_branch_operator.py
[2024-11-11T19:49:51.434+0000] {processor.py:925} INFO - DAG(s) 'example_branch_operator' retrieved from /home/airflow/.local/lib/python3.12/site-packages/airflow/example_dags/example_branch_operator.py
[2024-11-11T19:49:51.488+0000] {logging_mixin.py:190} INFO - [2024-11-11T19:49:51.487+0000] {dag.py:3239} INFO - Sync 1 DAGs
[2024-11-11T19:49:51.533+0000] {logging_mixin.py:190} INFO - [2024-11-11T19:49:51.533+0000] {dag.py:4180} INFO - Setting next_dagrun for example_branch_operator to 2024-11-10 00:00:00+00:00, run_after=2024-11-11 00:00:00+00:00
[2024-11-11T19:49:51.572+0000] {processor.py:208} INFO - Processing /home/airflow/.local/lib/python3.12/site-packages/airflow/example_dags/example_branch_operator.py took 0.191 seconds
[2024-11-11T19:50:26.092+0000] {processor.py:186} INFO - Started process (PID=5227) to work on /home/airflow/.local/lib/python3.12/site-packages/airflow/example_dags/example_branch_operator.py
[2024-11-11T19:50:26.101+0000] {processor.py:914} INFO - Processing file /home/airflow/.local/lib/python3.12/site-packages/airflow/example_dags/example_branch_operator.py for tasks to queue
[2024-11-11T19:50:26.109+0000] {logging_mixin.py:190} INFO - [2024-11-11T19:50:26.108+0000] {dagbag.py:588} INFO - Filling up the DagBag from /home/airflow/.local/lib/python3.12/site-packages/airflow/example_dags/example_branch_operator.py
[2024-11-11T19:50:26.193+0000] {processor.py:925} INFO - DAG(s) 'example_branch_operator' retrieved from /home/airflow/.local/lib/python3.12/site-packages/airflow/example_dags/example_branch_operator.py
[2024-11-11T19:50:26.387+0000] {logging_mixin.py:190} INFO - [2024-11-11T19:50:26.386+0000] {dag.py:3239} INFO - Sync 1 DAGs
[2024-11-11T19:50:26.486+0000] {logging_mixin.py:190} INFO - [2024-11-11T19:50:26.485+0000] {dag.py:4180} INFO - Setting next_dagrun for example_branch_operator to 2024-11-10 00:00:00+00:00, run_after=2024-11-11 00:00:00+00:00
[2024-11-11T19:50:26.534+0000] {processor.py:208} INFO - Processing /home/airflow/.local/lib/python3.12/site-packages/airflow/example_dags/example_branch_operator.py took 0.471 seconds
[2024-11-11T19:50:57.108+0000] {processor.py:186} INFO - Started process (PID=5518) to work on /home/airflow/.local/lib/python3.12/site-packages/airflow/example_dags/example_branch_operator.py
[2024-11-11T19:50:57.114+0000] {processor.py:914} INFO - Processing file /home/airflow/.local/lib/python3.12/site-packages/airflow/example_dags/example_branch_operator.py for tasks to queue
[2024-11-11T19:50:57.123+0000] {logging_mixin.py:190} INFO - [2024-11-11T19:50:57.121+0000] {dagbag.py:588} INFO - Filling up the DagBag from /home/airflow/.local/lib/python3.12/site-packages/airflow/example_dags/example_branch_operator.py
[2024-11-11T19:50:57.207+0000] {processor.py:925} INFO - DAG(s) 'example_branch_operator' retrieved from /home/airflow/.local/lib/python3.12/site-packages/airflow/example_dags/example_branch_operator.py
[2024-11-11T19:50:57.368+0000] {logging_mixin.py:190} INFO - [2024-11-11T19:50:57.367+0000] {dag.py:3239} INFO - Sync 1 DAGs
[2024-11-11T19:50:57.443+0000] {logging_mixin.py:190} INFO - [2024-11-11T19:50:57.442+0000] {dag.py:4180} INFO - Setting next_dagrun for example_branch_operator to 2024-11-10 00:00:00+00:00, run_after=2024-11-11 00:00:00+00:00
[2024-11-11T19:50:57.482+0000] {processor.py:208} INFO - Processing /home/airflow/.local/lib/python3.12/site-packages/airflow/example_dags/example_branch_operator.py took 0.401 seconds
[2024-11-11T19:51:28.091+0000] {processor.py:186} INFO - Started process (PID=5812) to work on /home/airflow/.local/lib/python3.12/site-packages/airflow/example_dags/example_branch_operator.py
[2024-11-11T19:51:28.094+0000] {processor.py:914} INFO - Processing file /home/airflow/.local/lib/python3.12/site-packages/airflow/example_dags/example_branch_operator.py for tasks to queue
[2024-11-11T19:51:28.102+0000] {logging_mixin.py:190} INFO - [2024-11-11T19:51:28.101+0000] {dagbag.py:588} INFO - Filling up the DagBag from /home/airflow/.local/lib/python3.12/site-packages/airflow/example_dags/example_branch_operator.py
[2024-11-11T19:51:28.183+0000] {processor.py:925} INFO - DAG(s) 'example_branch_operator' retrieved from /home/airflow/.local/lib/python3.12/site-packages/airflow/example_dags/example_branch_operator.py
[2024-11-11T19:51:28.283+0000] {logging_mixin.py:190} INFO - [2024-11-11T19:51:28.282+0000] {dag.py:3239} INFO - Sync 1 DAGs
[2024-11-11T19:51:28.353+0000] {logging_mixin.py:190} INFO - [2024-11-11T19:51:28.352+0000] {dag.py:4180} INFO - Setting next_dagrun for example_branch_operator to 2024-11-10 00:00:00+00:00, run_after=2024-11-11 00:00:00+00:00
[2024-11-11T19:51:28.398+0000] {processor.py:208} INFO - Processing /home/airflow/.local/lib/python3.12/site-packages/airflow/example_dags/example_branch_operator.py took 0.331 seconds
[2024-11-11T19:51:58.702+0000] {processor.py:186} INFO - Started process (PID=6103) to work on /home/airflow/.local/lib/python3.12/site-packages/airflow/example_dags/example_branch_operator.py
[2024-11-11T19:51:58.704+0000] {processor.py:914} INFO - Processing file /home/airflow/.local/lib/python3.12/site-packages/airflow/example_dags/example_branch_operator.py for tasks to queue
[2024-11-11T19:51:58.718+0000] {logging_mixin.py:190} INFO - [2024-11-11T19:51:58.717+0000] {dagbag.py:588} INFO - Filling up the DagBag from /home/airflow/.local/lib/python3.12/site-packages/airflow/example_dags/example_branch_operator.py
[2024-11-11T19:51:58.796+0000] {processor.py:925} INFO - DAG(s) 'example_branch_operator' retrieved from /home/airflow/.local/lib/python3.12/site-packages/airflow/example_dags/example_branch_operator.py
[2024-11-11T19:51:58.862+0000] {logging_mixin.py:190} INFO - [2024-11-11T19:51:58.861+0000] {dag.py:3239} INFO - Sync 1 DAGs
[2024-11-11T19:51:58.912+0000] {logging_mixin.py:190} INFO - [2024-11-11T19:51:58.912+0000] {dag.py:4180} INFO - Setting next_dagrun for example_branch_operator to 2024-11-10 00:00:00+00:00, run_after=2024-11-11 00:00:00+00:00
[2024-11-11T19:51:58.961+0000] {processor.py:208} INFO - Processing /home/airflow/.local/lib/python3.12/site-packages/airflow/example_dags/example_branch_operator.py took 0.275 seconds
[2024-11-11T19:52:29.732+0000] {processor.py:186} INFO - Started process (PID=6393) to work on /home/airflow/.local/lib/python3.12/site-packages/airflow/example_dags/example_branch_operator.py
[2024-11-11T19:52:29.734+0000] {processor.py:914} INFO - Processing file /home/airflow/.local/lib/python3.12/site-packages/airflow/example_dags/example_branch_operator.py for tasks to queue
[2024-11-11T19:52:29.737+0000] {logging_mixin.py:190} INFO - [2024-11-11T19:52:29.737+0000] {dagbag.py:588} INFO - Filling up the DagBag from /home/airflow/.local/lib/python3.12/site-packages/airflow/example_dags/example_branch_operator.py
[2024-11-11T19:52:29.777+0000] {processor.py:925} INFO - DAG(s) 'example_branch_operator' retrieved from /home/airflow/.local/lib/python3.12/site-packages/airflow/example_dags/example_branch_operator.py
[2024-11-11T19:52:29.831+0000] {logging_mixin.py:190} INFO - [2024-11-11T19:52:29.831+0000] {dag.py:3239} INFO - Sync 1 DAGs
[2024-11-11T19:52:29.880+0000] {logging_mixin.py:190} INFO - [2024-11-11T19:52:29.879+0000] {dag.py:4180} INFO - Setting next_dagrun for example_branch_operator to 2024-11-10 00:00:00+00:00, run_after=2024-11-11 00:00:00+00:00
[2024-11-11T19:52:29.916+0000] {processor.py:208} INFO - Processing /home/airflow/.local/lib/python3.12/site-packages/airflow/example_dags/example_branch_operator.py took 0.195 seconds
[2024-11-11T19:53:00.716+0000] {processor.py:186} INFO - Started process (PID=6683) to work on /home/airflow/.local/lib/python3.12/site-packages/airflow/example_dags/example_branch_operator.py
[2024-11-11T19:53:00.719+0000] {processor.py:914} INFO - Processing file /home/airflow/.local/lib/python3.12/site-packages/airflow/example_dags/example_branch_operator.py for tasks to queue
[2024-11-11T19:53:00.723+0000] {logging_mixin.py:190} INFO - [2024-11-11T19:53:00.722+0000] {dagbag.py:588} INFO - Filling up the DagBag from /home/airflow/.local/lib/python3.12/site-packages/airflow/example_dags/example_branch_operator.py
[2024-11-11T19:53:00.765+0000] {processor.py:925} INFO - DAG(s) 'example_branch_operator' retrieved from /home/airflow/.local/lib/python3.12/site-packages/airflow/example_dags/example_branch_operator.py
[2024-11-11T19:53:00.849+0000] {logging_mixin.py:190} INFO - [2024-11-11T19:53:00.848+0000] {dag.py:3239} INFO - Sync 1 DAGs
[2024-11-11T19:53:00.917+0000] {logging_mixin.py:190} INFO - [2024-11-11T19:53:00.916+0000] {dag.py:4180} INFO - Setting next_dagrun for example_branch_operator to 2024-11-10 00:00:00+00:00, run_after=2024-11-11 00:00:00+00:00
[2024-11-11T19:53:00.964+0000] {processor.py:208} INFO - Processing /home/airflow/.local/lib/python3.12/site-packages/airflow/example_dags/example_branch_operator.py took 0.263 seconds
[2024-11-11T19:53:31.544+0000] {processor.py:186} INFO - Started process (PID=6964) to work on /home/airflow/.local/lib/python3.12/site-packages/airflow/example_dags/example_branch_operator.py
[2024-11-11T19:53:31.548+0000] {processor.py:914} INFO - Processing file /home/airflow/.local/lib/python3.12/site-packages/airflow/example_dags/example_branch_operator.py for tasks to queue
[2024-11-11T19:53:31.554+0000] {logging_mixin.py:190} INFO - [2024-11-11T19:53:31.553+0000] {dagbag.py:588} INFO - Filling up the DagBag from /home/airflow/.local/lib/python3.12/site-packages/airflow/example_dags/example_branch_operator.py
[2024-11-11T19:53:31.609+0000] {processor.py:925} INFO - DAG(s) 'example_branch_operator' retrieved from /home/airflow/.local/lib/python3.12/site-packages/airflow/example_dags/example_branch_operator.py
[2024-11-11T19:53:31.690+0000] {logging_mixin.py:190} INFO - [2024-11-11T19:53:31.690+0000] {dag.py:3239} INFO - Sync 1 DAGs
[2024-11-11T19:53:31.753+0000] {logging_mixin.py:190} INFO - [2024-11-11T19:53:31.752+0000] {dag.py:4180} INFO - Setting next_dagrun for example_branch_operator to 2024-11-10 00:00:00+00:00, run_after=2024-11-11 00:00:00+00:00
[2024-11-11T19:53:31.788+0000] {processor.py:208} INFO - Processing /home/airflow/.local/lib/python3.12/site-packages/airflow/example_dags/example_branch_operator.py took 0.275 seconds
[2024-11-11T19:54:02.582+0000] {processor.py:186} INFO - Started process (PID=7250) to work on /home/airflow/.local/lib/python3.12/site-packages/airflow/example_dags/example_branch_operator.py
[2024-11-11T19:54:02.585+0000] {processor.py:914} INFO - Processing file /home/airflow/.local/lib/python3.12/site-packages/airflow/example_dags/example_branch_operator.py for tasks to queue
[2024-11-11T19:54:02.591+0000] {logging_mixin.py:190} INFO - [2024-11-11T19:54:02.590+0000] {dagbag.py:588} INFO - Filling up the DagBag from /home/airflow/.local/lib/python3.12/site-packages/airflow/example_dags/example_branch_operator.py
[2024-11-11T19:54:02.653+0000] {processor.py:925} INFO - DAG(s) 'example_branch_operator' retrieved from /home/airflow/.local/lib/python3.12/site-packages/airflow/example_dags/example_branch_operator.py
[2024-11-11T19:54:02.753+0000] {logging_mixin.py:190} INFO - [2024-11-11T19:54:02.753+0000] {dag.py:3239} INFO - Sync 1 DAGs
[2024-11-11T19:54:02.817+0000] {logging_mixin.py:190} INFO - [2024-11-11T19:54:02.817+0000] {dag.py:4180} INFO - Setting next_dagrun for example_branch_operator to 2024-11-10 00:00:00+00:00, run_after=2024-11-11 00:00:00+00:00
[2024-11-11T19:54:02.854+0000] {processor.py:208} INFO - Processing /home/airflow/.local/lib/python3.12/site-packages/airflow/example_dags/example_branch_operator.py took 0.291 seconds
[2024-11-11T19:54:33.521+0000] {processor.py:186} INFO - Started process (PID=7541) to work on /home/airflow/.local/lib/python3.12/site-packages/airflow/example_dags/example_branch_operator.py
[2024-11-11T19:54:33.526+0000] {processor.py:914} INFO - Processing file /home/airflow/.local/lib/python3.12/site-packages/airflow/example_dags/example_branch_operator.py for tasks to queue
[2024-11-11T19:54:33.539+0000] {logging_mixin.py:190} INFO - [2024-11-11T19:54:33.537+0000] {dagbag.py:588} INFO - Filling up the DagBag from /home/airflow/.local/lib/python3.12/site-packages/airflow/example_dags/example_branch_operator.py
[2024-11-11T19:54:33.597+0000] {processor.py:925} INFO - DAG(s) 'example_branch_operator' retrieved from /home/airflow/.local/lib/python3.12/site-packages/airflow/example_dags/example_branch_operator.py
[2024-11-11T19:54:33.652+0000] {logging_mixin.py:190} INFO - [2024-11-11T19:54:33.651+0000] {dag.py:3239} INFO - Sync 1 DAGs
[2024-11-11T19:54:33.700+0000] {logging_mixin.py:190} INFO - [2024-11-11T19:54:33.700+0000] {dag.py:4180} INFO - Setting next_dagrun for example_branch_operator to 2024-11-10 00:00:00+00:00, run_after=2024-11-11 00:00:00+00:00
[2024-11-11T19:54:33.740+0000] {processor.py:208} INFO - Processing /home/airflow/.local/lib/python3.12/site-packages/airflow/example_dags/example_branch_operator.py took 0.263 seconds
[2024-11-11T19:55:04.064+0000] {processor.py:186} INFO - Started process (PID=7830) to work on /home/airflow/.local/lib/python3.12/site-packages/airflow/example_dags/example_branch_operator.py
[2024-11-11T19:55:04.066+0000] {processor.py:914} INFO - Processing file /home/airflow/.local/lib/python3.12/site-packages/airflow/example_dags/example_branch_operator.py for tasks to queue
[2024-11-11T19:55:04.069+0000] {logging_mixin.py:190} INFO - [2024-11-11T19:55:04.069+0000] {dagbag.py:588} INFO - Filling up the DagBag from /home/airflow/.local/lib/python3.12/site-packages/airflow/example_dags/example_branch_operator.py
[2024-11-11T19:55:04.098+0000] {processor.py:925} INFO - DAG(s) 'example_branch_operator' retrieved from /home/airflow/.local/lib/python3.12/site-packages/airflow/example_dags/example_branch_operator.py
[2024-11-11T19:55:04.144+0000] {logging_mixin.py:190} INFO - [2024-11-11T19:55:04.144+0000] {dag.py:3239} INFO - Sync 1 DAGs
[2024-11-11T19:55:04.183+0000] {logging_mixin.py:190} INFO - [2024-11-11T19:55:04.183+0000] {dag.py:4180} INFO - Setting next_dagrun for example_branch_operator to 2024-11-10 00:00:00+00:00, run_after=2024-11-11 00:00:00+00:00
[2024-11-11T19:55:04.211+0000] {processor.py:208} INFO - Processing /home/airflow/.local/lib/python3.12/site-packages/airflow/example_dags/example_branch_operator.py took 0.157 seconds
[2024-11-11T19:55:34.618+0000] {processor.py:186} INFO - Started process (PID=8120) to work on /home/airflow/.local/lib/python3.12/site-packages/airflow/example_dags/example_branch_operator.py
[2024-11-11T19:55:34.620+0000] {processor.py:914} INFO - Processing file /home/airflow/.local/lib/python3.12/site-packages/airflow/example_dags/example_branch_operator.py for tasks to queue
[2024-11-11T19:55:34.624+0000] {logging_mixin.py:190} INFO - [2024-11-11T19:55:34.623+0000] {dagbag.py:588} INFO - Filling up the DagBag from /home/airflow/.local/lib/python3.12/site-packages/airflow/example_dags/example_branch_operator.py
[2024-11-11T19:55:34.654+0000] {processor.py:925} INFO - DAG(s) 'example_branch_operator' retrieved from /home/airflow/.local/lib/python3.12/site-packages/airflow/example_dags/example_branch_operator.py
[2024-11-11T19:55:34.734+0000] {logging_mixin.py:190} INFO - [2024-11-11T19:55:34.733+0000] {dag.py:3239} INFO - Sync 1 DAGs
[2024-11-11T19:55:34.783+0000] {logging_mixin.py:190} INFO - [2024-11-11T19:55:34.782+0000] {dag.py:4180} INFO - Setting next_dagrun for example_branch_operator to 2024-11-10 00:00:00+00:00, run_after=2024-11-11 00:00:00+00:00
[2024-11-11T19:55:34.827+0000] {processor.py:208} INFO - Processing /home/airflow/.local/lib/python3.12/site-packages/airflow/example_dags/example_branch_operator.py took 0.221 seconds
[2024-11-11T19:56:05.084+0000] {processor.py:186} INFO - Started process (PID=8412) to work on /home/airflow/.local/lib/python3.12/site-packages/airflow/example_dags/example_branch_operator.py
[2024-11-11T19:56:05.086+0000] {processor.py:914} INFO - Processing file /home/airflow/.local/lib/python3.12/site-packages/airflow/example_dags/example_branch_operator.py for tasks to queue
[2024-11-11T19:56:05.091+0000] {logging_mixin.py:190} INFO - [2024-11-11T19:56:05.090+0000] {dagbag.py:588} INFO - Filling up the DagBag from /home/airflow/.local/lib/python3.12/site-packages/airflow/example_dags/example_branch_operator.py
[2024-11-11T19:56:05.129+0000] {processor.py:925} INFO - DAG(s) 'example_branch_operator' retrieved from /home/airflow/.local/lib/python3.12/site-packages/airflow/example_dags/example_branch_operator.py
[2024-11-11T19:56:05.208+0000] {logging_mixin.py:190} INFO - [2024-11-11T19:56:05.208+0000] {dag.py:3239} INFO - Sync 1 DAGs
[2024-11-11T19:56:05.310+0000] {logging_mixin.py:190} INFO - [2024-11-11T19:56:05.309+0000] {dag.py:4180} INFO - Setting next_dagrun for example_branch_operator to 2024-11-10 00:00:00+00:00, run_after=2024-11-11 00:00:00+00:00
[2024-11-11T19:56:05.371+0000] {processor.py:208} INFO - Processing /home/airflow/.local/lib/python3.12/site-packages/airflow/example_dags/example_branch_operator.py took 0.299 seconds
[2024-11-11T19:56:36.133+0000] {processor.py:186} INFO - Started process (PID=8703) to work on /home/airflow/.local/lib/python3.12/site-packages/airflow/example_dags/example_branch_operator.py
[2024-11-11T19:56:36.135+0000] {processor.py:914} INFO - Processing file /home/airflow/.local/lib/python3.12/site-packages/airflow/example_dags/example_branch_operator.py for tasks to queue
[2024-11-11T19:56:36.140+0000] {logging_mixin.py:190} INFO - [2024-11-11T19:56:36.139+0000] {dagbag.py:588} INFO - Filling up the DagBag from /home/airflow/.local/lib/python3.12/site-packages/airflow/example_dags/example_branch_operator.py
[2024-11-11T19:56:36.180+0000] {processor.py:925} INFO - DAG(s) 'example_branch_operator' retrieved from /home/airflow/.local/lib/python3.12/site-packages/airflow/example_dags/example_branch_operator.py
[2024-11-11T19:56:36.239+0000] {logging_mixin.py:190} INFO - [2024-11-11T19:56:36.239+0000] {dag.py:3239} INFO - Sync 1 DAGs
[2024-11-11T19:56:36.285+0000] {logging_mixin.py:190} INFO - [2024-11-11T19:56:36.285+0000] {dag.py:4180} INFO - Setting next_dagrun for example_branch_operator to 2024-11-10 00:00:00+00:00, run_after=2024-11-11 00:00:00+00:00
[2024-11-11T19:56:36.319+0000] {processor.py:208} INFO - Processing /home/airflow/.local/lib/python3.12/site-packages/airflow/example_dags/example_branch_operator.py took 0.199 seconds
[2024-11-11T19:57:06.769+0000] {processor.py:186} INFO - Started process (PID=8989) to work on /home/airflow/.local/lib/python3.12/site-packages/airflow/example_dags/example_branch_operator.py
[2024-11-11T19:57:06.772+0000] {processor.py:914} INFO - Processing file /home/airflow/.local/lib/python3.12/site-packages/airflow/example_dags/example_branch_operator.py for tasks to queue
[2024-11-11T19:57:06.780+0000] {logging_mixin.py:190} INFO - [2024-11-11T19:57:06.779+0000] {dagbag.py:588} INFO - Filling up the DagBag from /home/airflow/.local/lib/python3.12/site-packages/airflow/example_dags/example_branch_operator.py
[2024-11-11T19:57:06.818+0000] {processor.py:925} INFO - DAG(s) 'example_branch_operator' retrieved from /home/airflow/.local/lib/python3.12/site-packages/airflow/example_dags/example_branch_operator.py
[2024-11-11T19:57:06.868+0000] {logging_mixin.py:190} INFO - [2024-11-11T19:57:06.868+0000] {dag.py:3239} INFO - Sync 1 DAGs
[2024-11-11T19:57:06.909+0000] {logging_mixin.py:190} INFO - [2024-11-11T19:57:06.909+0000] {dag.py:4180} INFO - Setting next_dagrun for example_branch_operator to 2024-11-10 00:00:00+00:00, run_after=2024-11-11 00:00:00+00:00
[2024-11-11T19:57:06.945+0000] {processor.py:208} INFO - Processing /home/airflow/.local/lib/python3.12/site-packages/airflow/example_dags/example_branch_operator.py took 0.202 seconds
[2024-11-11T19:57:37.616+0000] {processor.py:186} INFO - Started process (PID=9280) to work on /home/airflow/.local/lib/python3.12/site-packages/airflow/example_dags/example_branch_operator.py
[2024-11-11T19:57:37.618+0000] {processor.py:914} INFO - Processing file /home/airflow/.local/lib/python3.12/site-packages/airflow/example_dags/example_branch_operator.py for tasks to queue
[2024-11-11T19:57:37.622+0000] {logging_mixin.py:190} INFO - [2024-11-11T19:57:37.621+0000] {dagbag.py:588} INFO - Filling up the DagBag from /home/airflow/.local/lib/python3.12/site-packages/airflow/example_dags/example_branch_operator.py
[2024-11-11T19:57:37.665+0000] {processor.py:925} INFO - DAG(s) 'example_branch_operator' retrieved from /home/airflow/.local/lib/python3.12/site-packages/airflow/example_dags/example_branch_operator.py
[2024-11-11T19:57:37.728+0000] {logging_mixin.py:190} INFO - [2024-11-11T19:57:37.727+0000] {dag.py:3239} INFO - Sync 1 DAGs
[2024-11-11T19:57:37.786+0000] {logging_mixin.py:190} INFO - [2024-11-11T19:57:37.786+0000] {dag.py:4180} INFO - Setting next_dagrun for example_branch_operator to 2024-11-10 00:00:00+00:00, run_after=2024-11-11 00:00:00+00:00
[2024-11-11T19:57:37.828+0000] {processor.py:208} INFO - Processing /home/airflow/.local/lib/python3.12/site-packages/airflow/example_dags/example_branch_operator.py took 0.228 seconds
[2024-11-11T19:58:08.021+0000] {processor.py:186} INFO - Started process (PID=9568) to work on /home/airflow/.local/lib/python3.12/site-packages/airflow/example_dags/example_branch_operator.py
[2024-11-11T19:58:08.026+0000] {processor.py:914} INFO - Processing file /home/airflow/.local/lib/python3.12/site-packages/airflow/example_dags/example_branch_operator.py for tasks to queue
[2024-11-11T19:58:08.036+0000] {logging_mixin.py:190} INFO - [2024-11-11T19:58:08.034+0000] {dagbag.py:588} INFO - Filling up the DagBag from /home/airflow/.local/lib/python3.12/site-packages/airflow/example_dags/example_branch_operator.py
[2024-11-11T19:58:08.125+0000] {processor.py:925} INFO - DAG(s) 'example_branch_operator' retrieved from /home/airflow/.local/lib/python3.12/site-packages/airflow/example_dags/example_branch_operator.py
[2024-11-11T19:58:08.194+0000] {logging_mixin.py:190} INFO - [2024-11-11T19:58:08.193+0000] {dag.py:3239} INFO - Sync 1 DAGs
[2024-11-11T19:58:08.252+0000] {logging_mixin.py:190} INFO - [2024-11-11T19:58:08.251+0000] {dag.py:4180} INFO - Setting next_dagrun for example_branch_operator to 2024-11-10 00:00:00+00:00, run_after=2024-11-11 00:00:00+00:00
[2024-11-11T19:58:08.300+0000] {processor.py:208} INFO - Processing /home/airflow/.local/lib/python3.12/site-packages/airflow/example_dags/example_branch_operator.py took 0.311 seconds
[2024-11-11T19:58:38.773+0000] {processor.py:186} INFO - Started process (PID=9859) to work on /home/airflow/.local/lib/python3.12/site-packages/airflow/example_dags/example_branch_operator.py
[2024-11-11T19:58:38.775+0000] {processor.py:914} INFO - Processing file /home/airflow/.local/lib/python3.12/site-packages/airflow/example_dags/example_branch_operator.py for tasks to queue
[2024-11-11T19:58:38.779+0000] {logging_mixin.py:190} INFO - [2024-11-11T19:58:38.779+0000] {dagbag.py:588} INFO - Filling up the DagBag from /home/airflow/.local/lib/python3.12/site-packages/airflow/example_dags/example_branch_operator.py
[2024-11-11T19:58:38.841+0000] {processor.py:925} INFO - DAG(s) 'example_branch_operator' retrieved from /home/airflow/.local/lib/python3.12/site-packages/airflow/example_dags/example_branch_operator.py
[2024-11-11T19:58:38.909+0000] {logging_mixin.py:190} INFO - [2024-11-11T19:58:38.908+0000] {dag.py:3239} INFO - Sync 1 DAGs
[2024-11-11T19:58:38.952+0000] {logging_mixin.py:190} INFO - [2024-11-11T19:58:38.952+0000] {dag.py:4180} INFO - Setting next_dagrun for example_branch_operator to 2024-11-10 00:00:00+00:00, run_after=2024-11-11 00:00:00+00:00
[2024-11-11T19:58:38.988+0000] {processor.py:208} INFO - Processing /home/airflow/.local/lib/python3.12/site-packages/airflow/example_dags/example_branch_operator.py took 0.230 seconds
[2024-11-11T19:59:09.456+0000] {processor.py:186} INFO - Started process (PID=10150) to work on /home/airflow/.local/lib/python3.12/site-packages/airflow/example_dags/example_branch_operator.py
[2024-11-11T19:59:09.459+0000] {processor.py:914} INFO - Processing file /home/airflow/.local/lib/python3.12/site-packages/airflow/example_dags/example_branch_operator.py for tasks to queue
[2024-11-11T19:59:09.465+0000] {logging_mixin.py:190} INFO - [2024-11-11T19:59:09.464+0000] {dagbag.py:588} INFO - Filling up the DagBag from /home/airflow/.local/lib/python3.12/site-packages/airflow/example_dags/example_branch_operator.py
[2024-11-11T19:59:09.519+0000] {processor.py:925} INFO - DAG(s) 'example_branch_operator' retrieved from /home/airflow/.local/lib/python3.12/site-packages/airflow/example_dags/example_branch_operator.py
[2024-11-11T19:59:09.600+0000] {logging_mixin.py:190} INFO - [2024-11-11T19:59:09.599+0000] {dag.py:3239} INFO - Sync 1 DAGs
[2024-11-11T19:59:09.695+0000] {logging_mixin.py:190} INFO - [2024-11-11T19:59:09.695+0000] {dag.py:4180} INFO - Setting next_dagrun for example_branch_operator to 2024-11-10 00:00:00+00:00, run_after=2024-11-11 00:00:00+00:00
[2024-11-11T19:59:09.735+0000] {processor.py:208} INFO - Processing /home/airflow/.local/lib/python3.12/site-packages/airflow/example_dags/example_branch_operator.py took 0.296 seconds
[2024-11-11T19:59:41.841+0000] {processor.py:186} INFO - Started process (PID=10444) to work on /home/airflow/.local/lib/python3.12/site-packages/airflow/example_dags/example_branch_operator.py
[2024-11-11T19:59:41.845+0000] {processor.py:914} INFO - Processing file /home/airflow/.local/lib/python3.12/site-packages/airflow/example_dags/example_branch_operator.py for tasks to queue
[2024-11-11T19:59:41.858+0000] {logging_mixin.py:190} INFO - [2024-11-11T19:59:41.857+0000] {dagbag.py:588} INFO - Filling up the DagBag from /home/airflow/.local/lib/python3.12/site-packages/airflow/example_dags/example_branch_operator.py
[2024-11-11T19:59:41.989+0000] {processor.py:925} INFO - DAG(s) 'example_branch_operator' retrieved from /home/airflow/.local/lib/python3.12/site-packages/airflow/example_dags/example_branch_operator.py
[2024-11-11T19:59:42.147+0000] {logging_mixin.py:190} INFO - [2024-11-11T19:59:42.146+0000] {dag.py:3239} INFO - Sync 1 DAGs
[2024-11-11T19:59:42.300+0000] {logging_mixin.py:190} INFO - [2024-11-11T19:59:42.299+0000] {dag.py:4180} INFO - Setting next_dagrun for example_branch_operator to 2024-11-10 00:00:00+00:00, run_after=2024-11-11 00:00:00+00:00
[2024-11-11T19:59:42.366+0000] {processor.py:208} INFO - Processing /home/airflow/.local/lib/python3.12/site-packages/airflow/example_dags/example_branch_operator.py took 0.555 seconds
[2024-11-11T20:00:12.845+0000] {processor.py:186} INFO - Started process (PID=10735) to work on /home/airflow/.local/lib/python3.12/site-packages/airflow/example_dags/example_branch_operator.py
[2024-11-11T20:00:12.847+0000] {processor.py:914} INFO - Processing file /home/airflow/.local/lib/python3.12/site-packages/airflow/example_dags/example_branch_operator.py for tasks to queue
[2024-11-11T20:00:12.850+0000] {logging_mixin.py:190} INFO - [2024-11-11T20:00:12.850+0000] {dagbag.py:588} INFO - Filling up the DagBag from /home/airflow/.local/lib/python3.12/site-packages/airflow/example_dags/example_branch_operator.py
[2024-11-11T20:00:12.879+0000] {processor.py:925} INFO - DAG(s) 'example_branch_operator' retrieved from /home/airflow/.local/lib/python3.12/site-packages/airflow/example_dags/example_branch_operator.py
[2024-11-11T20:00:12.926+0000] {logging_mixin.py:190} INFO - [2024-11-11T20:00:12.925+0000] {dag.py:3239} INFO - Sync 1 DAGs
[2024-11-11T20:00:12.975+0000] {logging_mixin.py:190} INFO - [2024-11-11T20:00:12.975+0000] {dag.py:4180} INFO - Setting next_dagrun for example_branch_operator to 2024-11-10 00:00:00+00:00, run_after=2024-11-11 00:00:00+00:00
[2024-11-11T20:00:13.005+0000] {processor.py:208} INFO - Processing /home/airflow/.local/lib/python3.12/site-packages/airflow/example_dags/example_branch_operator.py took 0.170 seconds
[2024-11-11T20:00:43.352+0000] {processor.py:186} INFO - Started process (PID=11021) to work on /home/airflow/.local/lib/python3.12/site-packages/airflow/example_dags/example_branch_operator.py
[2024-11-11T20:00:43.354+0000] {processor.py:914} INFO - Processing file /home/airflow/.local/lib/python3.12/site-packages/airflow/example_dags/example_branch_operator.py for tasks to queue
[2024-11-11T20:00:43.359+0000] {logging_mixin.py:190} INFO - [2024-11-11T20:00:43.359+0000] {dagbag.py:588} INFO - Filling up the DagBag from /home/airflow/.local/lib/python3.12/site-packages/airflow/example_dags/example_branch_operator.py
[2024-11-11T20:00:43.423+0000] {processor.py:925} INFO - DAG(s) 'example_branch_operator' retrieved from /home/airflow/.local/lib/python3.12/site-packages/airflow/example_dags/example_branch_operator.py
[2024-11-11T20:00:43.484+0000] {logging_mixin.py:190} INFO - [2024-11-11T20:00:43.483+0000] {dag.py:3239} INFO - Sync 1 DAGs
[2024-11-11T20:00:43.523+0000] {logging_mixin.py:190} INFO - [2024-11-11T20:00:43.522+0000] {dag.py:4180} INFO - Setting next_dagrun for example_branch_operator to 2024-11-10 00:00:00+00:00, run_after=2024-11-11 00:00:00+00:00
[2024-11-11T20:00:43.554+0000] {processor.py:208} INFO - Processing /home/airflow/.local/lib/python3.12/site-packages/airflow/example_dags/example_branch_operator.py took 0.221 seconds
[2024-11-11T20:01:13.807+0000] {processor.py:186} INFO - Started process (PID=11312) to work on /home/airflow/.local/lib/python3.12/site-packages/airflow/example_dags/example_branch_operator.py
[2024-11-11T20:01:13.810+0000] {processor.py:914} INFO - Processing file /home/airflow/.local/lib/python3.12/site-packages/airflow/example_dags/example_branch_operator.py for tasks to queue
[2024-11-11T20:01:13.815+0000] {logging_mixin.py:190} INFO - [2024-11-11T20:01:13.814+0000] {dagbag.py:588} INFO - Filling up the DagBag from /home/airflow/.local/lib/python3.12/site-packages/airflow/example_dags/example_branch_operator.py
[2024-11-11T20:01:13.849+0000] {processor.py:925} INFO - DAG(s) 'example_branch_operator' retrieved from /home/airflow/.local/lib/python3.12/site-packages/airflow/example_dags/example_branch_operator.py
[2024-11-11T20:01:13.898+0000] {logging_mixin.py:190} INFO - [2024-11-11T20:01:13.897+0000] {dag.py:3239} INFO - Sync 1 DAGs
[2024-11-11T20:01:13.940+0000] {logging_mixin.py:190} INFO - [2024-11-11T20:01:13.940+0000] {dag.py:4180} INFO - Setting next_dagrun for example_branch_operator to 2024-11-10 00:00:00+00:00, run_after=2024-11-11 00:00:00+00:00
[2024-11-11T20:01:13.969+0000] {processor.py:208} INFO - Processing /home/airflow/.local/lib/python3.12/site-packages/airflow/example_dags/example_branch_operator.py took 0.180 seconds
[2024-11-11T20:01:44.802+0000] {processor.py:186} INFO - Started process (PID=11604) to work on /home/airflow/.local/lib/python3.12/site-packages/airflow/example_dags/example_branch_operator.py
[2024-11-11T20:01:44.804+0000] {processor.py:914} INFO - Processing file /home/airflow/.local/lib/python3.12/site-packages/airflow/example_dags/example_branch_operator.py for tasks to queue
[2024-11-11T20:01:44.808+0000] {logging_mixin.py:190} INFO - [2024-11-11T20:01:44.808+0000] {dagbag.py:588} INFO - Filling up the DagBag from /home/airflow/.local/lib/python3.12/site-packages/airflow/example_dags/example_branch_operator.py
[2024-11-11T20:01:44.844+0000] {processor.py:925} INFO - DAG(s) 'example_branch_operator' retrieved from /home/airflow/.local/lib/python3.12/site-packages/airflow/example_dags/example_branch_operator.py
[2024-11-11T20:01:44.910+0000] {logging_mixin.py:190} INFO - [2024-11-11T20:01:44.909+0000] {dag.py:3239} INFO - Sync 1 DAGs
[2024-11-11T20:01:44.969+0000] {logging_mixin.py:190} INFO - [2024-11-11T20:01:44.969+0000] {dag.py:4180} INFO - Setting next_dagrun for example_branch_operator to 2024-11-10 00:00:00+00:00, run_after=2024-11-11 00:00:00+00:00
[2024-11-11T20:01:45.015+0000] {processor.py:208} INFO - Processing /home/airflow/.local/lib/python3.12/site-packages/airflow/example_dags/example_branch_operator.py took 0.226 seconds
[2024-11-11T20:02:15.301+0000] {processor.py:186} INFO - Started process (PID=11890) to work on /home/airflow/.local/lib/python3.12/site-packages/airflow/example_dags/example_branch_operator.py
[2024-11-11T20:02:15.303+0000] {processor.py:914} INFO - Processing file /home/airflow/.local/lib/python3.12/site-packages/airflow/example_dags/example_branch_operator.py for tasks to queue
[2024-11-11T20:02:15.308+0000] {logging_mixin.py:190} INFO - [2024-11-11T20:02:15.307+0000] {dagbag.py:588} INFO - Filling up the DagBag from /home/airflow/.local/lib/python3.12/site-packages/airflow/example_dags/example_branch_operator.py
[2024-11-11T20:02:15.365+0000] {processor.py:925} INFO - DAG(s) 'example_branch_operator' retrieved from /home/airflow/.local/lib/python3.12/site-packages/airflow/example_dags/example_branch_operator.py
[2024-11-11T20:02:15.472+0000] {logging_mixin.py:190} INFO - [2024-11-11T20:02:15.471+0000] {dag.py:3239} INFO - Sync 1 DAGs
[2024-11-11T20:02:15.570+0000] {logging_mixin.py:190} INFO - [2024-11-11T20:02:15.570+0000] {dag.py:4180} INFO - Setting next_dagrun for example_branch_operator to 2024-11-10 00:00:00+00:00, run_after=2024-11-11 00:00:00+00:00
[2024-11-11T20:02:15.670+0000] {processor.py:208} INFO - Processing /home/airflow/.local/lib/python3.12/site-packages/airflow/example_dags/example_branch_operator.py took 0.385 seconds
[2024-11-11T20:02:46.102+0000] {processor.py:186} INFO - Started process (PID=12183) to work on /home/airflow/.local/lib/python3.12/site-packages/airflow/example_dags/example_branch_operator.py
[2024-11-11T20:02:46.109+0000] {processor.py:914} INFO - Processing file /home/airflow/.local/lib/python3.12/site-packages/airflow/example_dags/example_branch_operator.py for tasks to queue
[2024-11-11T20:02:46.115+0000] {logging_mixin.py:190} INFO - [2024-11-11T20:02:46.114+0000] {dagbag.py:588} INFO - Filling up the DagBag from /home/airflow/.local/lib/python3.12/site-packages/airflow/example_dags/example_branch_operator.py
[2024-11-11T20:02:46.171+0000] {processor.py:925} INFO - DAG(s) 'example_branch_operator' retrieved from /home/airflow/.local/lib/python3.12/site-packages/airflow/example_dags/example_branch_operator.py
[2024-11-11T20:02:46.254+0000] {logging_mixin.py:190} INFO - [2024-11-11T20:02:46.253+0000] {dag.py:3239} INFO - Sync 1 DAGs
[2024-11-11T20:02:46.311+0000] {logging_mixin.py:190} INFO - [2024-11-11T20:02:46.311+0000] {dag.py:4180} INFO - Setting next_dagrun for example_branch_operator to 2024-11-10 00:00:00+00:00, run_after=2024-11-11 00:00:00+00:00
[2024-11-11T20:02:46.353+0000] {processor.py:208} INFO - Processing /home/airflow/.local/lib/python3.12/site-packages/airflow/example_dags/example_branch_operator.py took 0.269 seconds
