[2024-11-11T19:41:27.082+0000] {processor.py:186} INFO - Started process (PID=241) to work on /home/airflow/.local/lib/python3.12/site-packages/airflow/example_dags/example_task_group.py
[2024-11-11T19:41:27.083+0000] {processor.py:914} INFO - Processing file /home/airflow/.local/lib/python3.12/site-packages/airflow/example_dags/example_task_group.py for tasks to queue
[2024-11-11T19:41:27.088+0000] {logging_mixin.py:190} INFO - [2024-11-11T19:41:27.087+0000] {dagbag.py:588} INFO - Filling up the DagBag from /home/airflow/.local/lib/python3.12/site-packages/airflow/example_dags/example_task_group.py
[2024-11-11T19:41:27.109+0000] {processor.py:925} INFO - DAG(s) 'example_task_group' retrieved from /home/airflow/.local/lib/python3.12/site-packages/airflow/example_dags/example_task_group.py
[2024-11-11T19:41:27.564+0000] {logging_mixin.py:190} INFO - [2024-11-11T19:41:27.562+0000] {override.py:1911} INFO - Created Permission View: can delete on DAG:example_task_group
[2024-11-11T19:41:27.606+0000] {logging_mixin.py:190} INFO - [2024-11-11T19:41:27.605+0000] {override.py:1911} INFO - Created Permission View: can read on DAG:example_task_group
[2024-11-11T19:41:27.621+0000] {logging_mixin.py:190} INFO - [2024-11-11T19:41:27.621+0000] {override.py:1911} INFO - Created Permission View: can edit on DAG:example_task_group
[2024-11-11T19:41:27.639+0000] {logging_mixin.py:190} INFO - [2024-11-11T19:41:27.638+0000] {override.py:1911} INFO - Created Permission View: can delete on DAG Run:example_task_group
[2024-11-11T19:41:27.654+0000] {logging_mixin.py:190} INFO - [2024-11-11T19:41:27.654+0000] {override.py:1911} INFO - Created Permission View: can create on DAG Run:example_task_group
[2024-11-11T19:41:27.673+0000] {logging_mixin.py:190} INFO - [2024-11-11T19:41:27.672+0000] {override.py:1911} INFO - Created Permission View: menu access on DAG Run:example_task_group
[2024-11-11T19:41:27.688+0000] {logging_mixin.py:190} INFO - [2024-11-11T19:41:27.687+0000] {override.py:1911} INFO - Created Permission View: can read on DAG Run:example_task_group
[2024-11-11T19:41:27.689+0000] {logging_mixin.py:190} INFO - [2024-11-11T19:41:27.689+0000] {dag.py:3239} INFO - Sync 1 DAGs
[2024-11-11T19:41:27.746+0000] {logging_mixin.py:190} INFO - [2024-11-11T19:41:27.745+0000] {dag.py:3262} INFO - Creating ORM DAG for example_task_group
[2024-11-11T19:41:27.747+0000] {logging_mixin.py:190} INFO - [2024-11-11T19:41:27.746+0000] {dag.py:4180} INFO - Setting next_dagrun for example_task_group to None, run_after=None
[2024-11-11T19:41:27.780+0000] {processor.py:208} INFO - Processing /home/airflow/.local/lib/python3.12/site-packages/airflow/example_dags/example_task_group.py took 0.712 seconds
[2024-11-11T19:41:58.177+0000] {processor.py:186} INFO - Started process (PID=529) to work on /home/airflow/.local/lib/python3.12/site-packages/airflow/example_dags/example_task_group.py
[2024-11-11T19:41:58.180+0000] {processor.py:914} INFO - Processing file /home/airflow/.local/lib/python3.12/site-packages/airflow/example_dags/example_task_group.py for tasks to queue
[2024-11-11T19:41:58.186+0000] {logging_mixin.py:190} INFO - [2024-11-11T19:41:58.185+0000] {dagbag.py:588} INFO - Filling up the DagBag from /home/airflow/.local/lib/python3.12/site-packages/airflow/example_dags/example_task_group.py
[2024-11-11T19:41:58.212+0000] {processor.py:925} INFO - DAG(s) 'example_task_group' retrieved from /home/airflow/.local/lib/python3.12/site-packages/airflow/example_dags/example_task_group.py
[2024-11-11T19:41:58.247+0000] {logging_mixin.py:190} INFO - [2024-11-11T19:41:58.247+0000] {dag.py:3239} INFO - Sync 1 DAGs
[2024-11-11T19:41:58.273+0000] {logging_mixin.py:190} INFO - [2024-11-11T19:41:58.273+0000] {dag.py:4180} INFO - Setting next_dagrun for example_task_group to None, run_after=None
[2024-11-11T19:41:58.304+0000] {processor.py:208} INFO - Processing /home/airflow/.local/lib/python3.12/site-packages/airflow/example_dags/example_task_group.py took 0.169 seconds
[2024-11-11T19:42:28.409+0000] {processor.py:186} INFO - Started process (PID=818) to work on /home/airflow/.local/lib/python3.12/site-packages/airflow/example_dags/example_task_group.py
[2024-11-11T19:42:28.413+0000] {processor.py:914} INFO - Processing file /home/airflow/.local/lib/python3.12/site-packages/airflow/example_dags/example_task_group.py for tasks to queue
[2024-11-11T19:42:28.420+0000] {logging_mixin.py:190} INFO - [2024-11-11T19:42:28.420+0000] {dagbag.py:588} INFO - Filling up the DagBag from /home/airflow/.local/lib/python3.12/site-packages/airflow/example_dags/example_task_group.py
[2024-11-11T19:42:28.445+0000] {processor.py:925} INFO - DAG(s) 'example_task_group' retrieved from /home/airflow/.local/lib/python3.12/site-packages/airflow/example_dags/example_task_group.py
[2024-11-11T19:42:28.499+0000] {logging_mixin.py:190} INFO - [2024-11-11T19:42:28.498+0000] {dag.py:3239} INFO - Sync 1 DAGs
[2024-11-11T19:42:28.537+0000] {logging_mixin.py:190} INFO - [2024-11-11T19:42:28.536+0000] {dag.py:4180} INFO - Setting next_dagrun for example_task_group to None, run_after=None
[2024-11-11T19:42:28.580+0000] {processor.py:208} INFO - Processing /home/airflow/.local/lib/python3.12/site-packages/airflow/example_dags/example_task_group.py took 0.195 seconds
[2024-11-11T19:42:58.913+0000] {processor.py:186} INFO - Started process (PID=1112) to work on /home/airflow/.local/lib/python3.12/site-packages/airflow/example_dags/example_task_group.py
[2024-11-11T19:42:58.916+0000] {processor.py:914} INFO - Processing file /home/airflow/.local/lib/python3.12/site-packages/airflow/example_dags/example_task_group.py for tasks to queue
[2024-11-11T19:42:58.925+0000] {logging_mixin.py:190} INFO - [2024-11-11T19:42:58.924+0000] {dagbag.py:588} INFO - Filling up the DagBag from /home/airflow/.local/lib/python3.12/site-packages/airflow/example_dags/example_task_group.py
[2024-11-11T19:42:58.960+0000] {processor.py:925} INFO - DAG(s) 'example_task_group' retrieved from /home/airflow/.local/lib/python3.12/site-packages/airflow/example_dags/example_task_group.py
[2024-11-11T19:42:59.014+0000] {logging_mixin.py:190} INFO - [2024-11-11T19:42:59.013+0000] {dag.py:3239} INFO - Sync 1 DAGs
[2024-11-11T19:42:59.045+0000] {logging_mixin.py:190} INFO - [2024-11-11T19:42:59.044+0000] {dag.py:4180} INFO - Setting next_dagrun for example_task_group to None, run_after=None
[2024-11-11T19:42:59.076+0000] {processor.py:208} INFO - Processing /home/airflow/.local/lib/python3.12/site-packages/airflow/example_dags/example_task_group.py took 0.188 seconds
[2024-11-11T19:43:29.504+0000] {processor.py:186} INFO - Started process (PID=1401) to work on /home/airflow/.local/lib/python3.12/site-packages/airflow/example_dags/example_task_group.py
[2024-11-11T19:43:29.506+0000] {processor.py:914} INFO - Processing file /home/airflow/.local/lib/python3.12/site-packages/airflow/example_dags/example_task_group.py for tasks to queue
[2024-11-11T19:43:29.509+0000] {logging_mixin.py:190} INFO - [2024-11-11T19:43:29.509+0000] {dagbag.py:588} INFO - Filling up the DagBag from /home/airflow/.local/lib/python3.12/site-packages/airflow/example_dags/example_task_group.py
[2024-11-11T19:43:29.525+0000] {processor.py:925} INFO - DAG(s) 'example_task_group' retrieved from /home/airflow/.local/lib/python3.12/site-packages/airflow/example_dags/example_task_group.py
[2024-11-11T19:43:29.574+0000] {logging_mixin.py:190} INFO - [2024-11-11T19:43:29.573+0000] {dag.py:3239} INFO - Sync 1 DAGs
[2024-11-11T19:43:29.598+0000] {logging_mixin.py:190} INFO - [2024-11-11T19:43:29.598+0000] {dag.py:4180} INFO - Setting next_dagrun for example_task_group to None, run_after=None
[2024-11-11T19:43:29.626+0000] {processor.py:208} INFO - Processing /home/airflow/.local/lib/python3.12/site-packages/airflow/example_dags/example_task_group.py took 0.133 seconds
[2024-11-11T19:44:00.207+0000] {processor.py:186} INFO - Started process (PID=1692) to work on /home/airflow/.local/lib/python3.12/site-packages/airflow/example_dags/example_task_group.py
[2024-11-11T19:44:00.209+0000] {processor.py:914} INFO - Processing file /home/airflow/.local/lib/python3.12/site-packages/airflow/example_dags/example_task_group.py for tasks to queue
[2024-11-11T19:44:00.212+0000] {logging_mixin.py:190} INFO - [2024-11-11T19:44:00.212+0000] {dagbag.py:588} INFO - Filling up the DagBag from /home/airflow/.local/lib/python3.12/site-packages/airflow/example_dags/example_task_group.py
[2024-11-11T19:44:00.225+0000] {processor.py:925} INFO - DAG(s) 'example_task_group' retrieved from /home/airflow/.local/lib/python3.12/site-packages/airflow/example_dags/example_task_group.py
[2024-11-11T19:44:00.268+0000] {logging_mixin.py:190} INFO - [2024-11-11T19:44:00.267+0000] {dag.py:3239} INFO - Sync 1 DAGs
[2024-11-11T19:44:00.299+0000] {logging_mixin.py:190} INFO - [2024-11-11T19:44:00.298+0000] {dag.py:4180} INFO - Setting next_dagrun for example_task_group to None, run_after=None
[2024-11-11T19:44:00.336+0000] {processor.py:208} INFO - Processing /home/airflow/.local/lib/python3.12/site-packages/airflow/example_dags/example_task_group.py took 0.139 seconds
[2024-11-11T19:44:30.965+0000] {processor.py:186} INFO - Started process (PID=1983) to work on /home/airflow/.local/lib/python3.12/site-packages/airflow/example_dags/example_task_group.py
[2024-11-11T19:44:30.966+0000] {processor.py:914} INFO - Processing file /home/airflow/.local/lib/python3.12/site-packages/airflow/example_dags/example_task_group.py for tasks to queue
[2024-11-11T19:44:30.970+0000] {logging_mixin.py:190} INFO - [2024-11-11T19:44:30.969+0000] {dagbag.py:588} INFO - Filling up the DagBag from /home/airflow/.local/lib/python3.12/site-packages/airflow/example_dags/example_task_group.py
[2024-11-11T19:44:30.984+0000] {processor.py:925} INFO - DAG(s) 'example_task_group' retrieved from /home/airflow/.local/lib/python3.12/site-packages/airflow/example_dags/example_task_group.py
[2024-11-11T19:44:31.020+0000] {logging_mixin.py:190} INFO - [2024-11-11T19:44:31.020+0000] {dag.py:3239} INFO - Sync 1 DAGs
[2024-11-11T19:44:31.052+0000] {logging_mixin.py:190} INFO - [2024-11-11T19:44:31.051+0000] {dag.py:4180} INFO - Setting next_dagrun for example_task_group to None, run_after=None
[2024-11-11T19:44:31.092+0000] {processor.py:208} INFO - Processing /home/airflow/.local/lib/python3.12/site-packages/airflow/example_dags/example_task_group.py took 0.137 seconds
[2024-11-11T19:45:02.050+0000] {processor.py:186} INFO - Started process (PID=2274) to work on /home/airflow/.local/lib/python3.12/site-packages/airflow/example_dags/example_task_group.py
[2024-11-11T19:45:02.051+0000] {processor.py:914} INFO - Processing file /home/airflow/.local/lib/python3.12/site-packages/airflow/example_dags/example_task_group.py for tasks to queue
[2024-11-11T19:45:02.055+0000] {logging_mixin.py:190} INFO - [2024-11-11T19:45:02.055+0000] {dagbag.py:588} INFO - Filling up the DagBag from /home/airflow/.local/lib/python3.12/site-packages/airflow/example_dags/example_task_group.py
[2024-11-11T19:45:02.074+0000] {processor.py:925} INFO - DAG(s) 'example_task_group' retrieved from /home/airflow/.local/lib/python3.12/site-packages/airflow/example_dags/example_task_group.py
[2024-11-11T19:45:02.114+0000] {logging_mixin.py:190} INFO - [2024-11-11T19:45:02.114+0000] {dag.py:3239} INFO - Sync 1 DAGs
[2024-11-11T19:45:02.162+0000] {logging_mixin.py:190} INFO - [2024-11-11T19:45:02.161+0000] {dag.py:4180} INFO - Setting next_dagrun for example_task_group to None, run_after=None
[2024-11-11T19:45:02.244+0000] {processor.py:208} INFO - Processing /home/airflow/.local/lib/python3.12/site-packages/airflow/example_dags/example_task_group.py took 0.205 seconds
[2024-11-11T19:45:33.069+0000] {processor.py:186} INFO - Started process (PID=2565) to work on /home/airflow/.local/lib/python3.12/site-packages/airflow/example_dags/example_task_group.py
[2024-11-11T19:45:33.071+0000] {processor.py:914} INFO - Processing file /home/airflow/.local/lib/python3.12/site-packages/airflow/example_dags/example_task_group.py for tasks to queue
[2024-11-11T19:45:33.074+0000] {logging_mixin.py:190} INFO - [2024-11-11T19:45:33.074+0000] {dagbag.py:588} INFO - Filling up the DagBag from /home/airflow/.local/lib/python3.12/site-packages/airflow/example_dags/example_task_group.py
[2024-11-11T19:45:33.088+0000] {processor.py:925} INFO - DAG(s) 'example_task_group' retrieved from /home/airflow/.local/lib/python3.12/site-packages/airflow/example_dags/example_task_group.py
[2024-11-11T19:45:33.140+0000] {logging_mixin.py:190} INFO - [2024-11-11T19:45:33.140+0000] {dag.py:3239} INFO - Sync 1 DAGs
[2024-11-11T19:45:33.172+0000] {logging_mixin.py:190} INFO - [2024-11-11T19:45:33.172+0000] {dag.py:4180} INFO - Setting next_dagrun for example_task_group to None, run_after=None
[2024-11-11T19:45:33.210+0000] {processor.py:208} INFO - Processing /home/airflow/.local/lib/python3.12/site-packages/airflow/example_dags/example_task_group.py took 0.150 seconds
[2024-11-11T19:46:04.202+0000] {processor.py:186} INFO - Started process (PID=2856) to work on /home/airflow/.local/lib/python3.12/site-packages/airflow/example_dags/example_task_group.py
[2024-11-11T19:46:04.205+0000] {processor.py:914} INFO - Processing file /home/airflow/.local/lib/python3.12/site-packages/airflow/example_dags/example_task_group.py for tasks to queue
[2024-11-11T19:46:04.208+0000] {logging_mixin.py:190} INFO - [2024-11-11T19:46:04.207+0000] {dagbag.py:588} INFO - Filling up the DagBag from /home/airflow/.local/lib/python3.12/site-packages/airflow/example_dags/example_task_group.py
[2024-11-11T19:46:04.221+0000] {processor.py:925} INFO - DAG(s) 'example_task_group' retrieved from /home/airflow/.local/lib/python3.12/site-packages/airflow/example_dags/example_task_group.py
[2024-11-11T19:46:04.257+0000] {logging_mixin.py:190} INFO - [2024-11-11T19:46:04.256+0000] {dag.py:3239} INFO - Sync 1 DAGs
[2024-11-11T19:46:04.282+0000] {logging_mixin.py:190} INFO - [2024-11-11T19:46:04.282+0000] {dag.py:4180} INFO - Setting next_dagrun for example_task_group to None, run_after=None
[2024-11-11T19:46:04.316+0000] {processor.py:208} INFO - Processing /home/airflow/.local/lib/python3.12/site-packages/airflow/example_dags/example_task_group.py took 0.129 seconds
[2024-11-11T19:46:35.456+0000] {processor.py:186} INFO - Started process (PID=3147) to work on /home/airflow/.local/lib/python3.12/site-packages/airflow/example_dags/example_task_group.py
[2024-11-11T19:46:35.457+0000] {processor.py:914} INFO - Processing file /home/airflow/.local/lib/python3.12/site-packages/airflow/example_dags/example_task_group.py for tasks to queue
[2024-11-11T19:46:35.461+0000] {logging_mixin.py:190} INFO - [2024-11-11T19:46:35.460+0000] {dagbag.py:588} INFO - Filling up the DagBag from /home/airflow/.local/lib/python3.12/site-packages/airflow/example_dags/example_task_group.py
[2024-11-11T19:46:35.475+0000] {processor.py:925} INFO - DAG(s) 'example_task_group' retrieved from /home/airflow/.local/lib/python3.12/site-packages/airflow/example_dags/example_task_group.py
[2024-11-11T19:46:35.515+0000] {logging_mixin.py:190} INFO - [2024-11-11T19:46:35.514+0000] {dag.py:3239} INFO - Sync 1 DAGs
[2024-11-11T19:46:35.547+0000] {logging_mixin.py:190} INFO - [2024-11-11T19:46:35.547+0000] {dag.py:4180} INFO - Setting next_dagrun for example_task_group to None, run_after=None
[2024-11-11T19:46:35.586+0000] {processor.py:208} INFO - Processing /home/airflow/.local/lib/python3.12/site-packages/airflow/example_dags/example_task_group.py took 0.142 seconds
[2024-11-11T19:47:10.058+0000] {processor.py:186} INFO - Started process (PID=3428) to work on /home/airflow/.local/lib/python3.12/site-packages/airflow/example_dags/example_task_group.py
[2024-11-11T19:47:10.060+0000] {processor.py:914} INFO - Processing file /home/airflow/.local/lib/python3.12/site-packages/airflow/example_dags/example_task_group.py for tasks to queue
[2024-11-11T19:47:10.065+0000] {logging_mixin.py:190} INFO - [2024-11-11T19:47:10.064+0000] {dagbag.py:588} INFO - Filling up the DagBag from /home/airflow/.local/lib/python3.12/site-packages/airflow/example_dags/example_task_group.py
[2024-11-11T19:47:10.091+0000] {processor.py:925} INFO - DAG(s) 'example_task_group' retrieved from /home/airflow/.local/lib/python3.12/site-packages/airflow/example_dags/example_task_group.py
[2024-11-11T19:47:10.148+0000] {logging_mixin.py:190} INFO - [2024-11-11T19:47:10.147+0000] {dag.py:3239} INFO - Sync 1 DAGs
[2024-11-11T19:47:10.188+0000] {logging_mixin.py:190} INFO - [2024-11-11T19:47:10.188+0000] {dag.py:4180} INFO - Setting next_dagrun for example_task_group to None, run_after=None
[2024-11-11T19:47:10.234+0000] {processor.py:208} INFO - Processing /home/airflow/.local/lib/python3.12/site-packages/airflow/example_dags/example_task_group.py took 0.194 seconds
[2024-11-11T19:47:41.598+0000] {processor.py:186} INFO - Started process (PID=3720) to work on /home/airflow/.local/lib/python3.12/site-packages/airflow/example_dags/example_task_group.py
[2024-11-11T19:47:41.599+0000] {processor.py:914} INFO - Processing file /home/airflow/.local/lib/python3.12/site-packages/airflow/example_dags/example_task_group.py for tasks to queue
[2024-11-11T19:47:41.604+0000] {logging_mixin.py:190} INFO - [2024-11-11T19:47:41.603+0000] {dagbag.py:588} INFO - Filling up the DagBag from /home/airflow/.local/lib/python3.12/site-packages/airflow/example_dags/example_task_group.py
[2024-11-11T19:47:41.623+0000] {processor.py:925} INFO - DAG(s) 'example_task_group' retrieved from /home/airflow/.local/lib/python3.12/site-packages/airflow/example_dags/example_task_group.py
[2024-11-11T19:47:41.672+0000] {logging_mixin.py:190} INFO - [2024-11-11T19:47:41.672+0000] {dag.py:3239} INFO - Sync 1 DAGs
[2024-11-11T19:47:41.712+0000] {logging_mixin.py:190} INFO - [2024-11-11T19:47:41.712+0000] {dag.py:4180} INFO - Setting next_dagrun for example_task_group to None, run_after=None
[2024-11-11T19:47:41.758+0000] {processor.py:208} INFO - Processing /home/airflow/.local/lib/python3.12/site-packages/airflow/example_dags/example_task_group.py took 0.175 seconds
[2024-11-11T19:48:13.289+0000] {processor.py:186} INFO - Started process (PID=3999) to work on /home/airflow/.local/lib/python3.12/site-packages/airflow/example_dags/example_task_group.py
[2024-11-11T19:48:13.291+0000] {processor.py:914} INFO - Processing file /home/airflow/.local/lib/python3.12/site-packages/airflow/example_dags/example_task_group.py for tasks to queue
[2024-11-11T19:48:13.297+0000] {logging_mixin.py:190} INFO - [2024-11-11T19:48:13.295+0000] {dagbag.py:588} INFO - Filling up the DagBag from /home/airflow/.local/lib/python3.12/site-packages/airflow/example_dags/example_task_group.py
[2024-11-11T19:48:13.314+0000] {processor.py:925} INFO - DAG(s) 'example_task_group' retrieved from /home/airflow/.local/lib/python3.12/site-packages/airflow/example_dags/example_task_group.py
[2024-11-11T19:48:13.356+0000] {logging_mixin.py:190} INFO - [2024-11-11T19:48:13.356+0000] {dag.py:3239} INFO - Sync 1 DAGs
[2024-11-11T19:48:13.382+0000] {logging_mixin.py:190} INFO - [2024-11-11T19:48:13.382+0000] {dag.py:4180} INFO - Setting next_dagrun for example_task_group to None, run_after=None
[2024-11-11T19:48:13.415+0000] {processor.py:208} INFO - Processing /home/airflow/.local/lib/python3.12/site-packages/airflow/example_dags/example_task_group.py took 0.138 seconds
[2024-11-11T19:48:45.809+0000] {processor.py:186} INFO - Started process (PID=4283) to work on /home/airflow/.local/lib/python3.12/site-packages/airflow/example_dags/example_task_group.py
[2024-11-11T19:48:45.814+0000] {processor.py:914} INFO - Processing file /home/airflow/.local/lib/python3.12/site-packages/airflow/example_dags/example_task_group.py for tasks to queue
[2024-11-11T19:48:45.821+0000] {logging_mixin.py:190} INFO - [2024-11-11T19:48:45.820+0000] {dagbag.py:588} INFO - Filling up the DagBag from /home/airflow/.local/lib/python3.12/site-packages/airflow/example_dags/example_task_group.py
[2024-11-11T19:48:45.844+0000] {processor.py:925} INFO - DAG(s) 'example_task_group' retrieved from /home/airflow/.local/lib/python3.12/site-packages/airflow/example_dags/example_task_group.py
[2024-11-11T19:48:45.888+0000] {logging_mixin.py:190} INFO - [2024-11-11T19:48:45.887+0000] {dag.py:3239} INFO - Sync 1 DAGs
[2024-11-11T19:48:45.927+0000] {logging_mixin.py:190} INFO - [2024-11-11T19:48:45.926+0000] {dag.py:4180} INFO - Setting next_dagrun for example_task_group to None, run_after=None
[2024-11-11T19:48:45.972+0000] {processor.py:208} INFO - Processing /home/airflow/.local/lib/python3.12/site-packages/airflow/example_dags/example_task_group.py took 0.179 seconds
[2024-11-11T19:49:17.793+0000] {processor.py:186} INFO - Started process (PID=4580) to work on /home/airflow/.local/lib/python3.12/site-packages/airflow/example_dags/example_task_group.py
[2024-11-11T19:49:17.795+0000] {processor.py:914} INFO - Processing file /home/airflow/.local/lib/python3.12/site-packages/airflow/example_dags/example_task_group.py for tasks to queue
[2024-11-11T19:49:17.801+0000] {logging_mixin.py:190} INFO - [2024-11-11T19:49:17.800+0000] {dagbag.py:588} INFO - Filling up the DagBag from /home/airflow/.local/lib/python3.12/site-packages/airflow/example_dags/example_task_group.py
[2024-11-11T19:49:17.820+0000] {processor.py:925} INFO - DAG(s) 'example_task_group' retrieved from /home/airflow/.local/lib/python3.12/site-packages/airflow/example_dags/example_task_group.py
[2024-11-11T19:49:17.901+0000] {logging_mixin.py:190} INFO - [2024-11-11T19:49:17.901+0000] {dag.py:3239} INFO - Sync 1 DAGs
[2024-11-11T19:49:17.928+0000] {logging_mixin.py:190} INFO - [2024-11-11T19:49:17.927+0000] {dag.py:4180} INFO - Setting next_dagrun for example_task_group to None, run_after=None
[2024-11-11T19:49:17.963+0000] {processor.py:208} INFO - Processing /home/airflow/.local/lib/python3.12/site-packages/airflow/example_dags/example_task_group.py took 0.184 seconds
[2024-11-11T19:49:48.497+0000] {processor.py:186} INFO - Started process (PID=4825) to work on /home/airflow/.local/lib/python3.12/site-packages/airflow/example_dags/example_task_group.py
[2024-11-11T19:49:48.499+0000] {processor.py:914} INFO - Processing file /home/airflow/.local/lib/python3.12/site-packages/airflow/example_dags/example_task_group.py for tasks to queue
[2024-11-11T19:49:48.504+0000] {logging_mixin.py:190} INFO - [2024-11-11T19:49:48.503+0000] {dagbag.py:588} INFO - Filling up the DagBag from /home/airflow/.local/lib/python3.12/site-packages/airflow/example_dags/example_task_group.py
[2024-11-11T19:49:48.529+0000] {processor.py:925} INFO - DAG(s) 'example_task_group' retrieved from /home/airflow/.local/lib/python3.12/site-packages/airflow/example_dags/example_task_group.py
[2024-11-11T19:49:48.583+0000] {logging_mixin.py:190} INFO - [2024-11-11T19:49:48.583+0000] {dag.py:3239} INFO - Sync 1 DAGs
[2024-11-11T19:49:48.631+0000] {logging_mixin.py:190} INFO - [2024-11-11T19:49:48.630+0000] {dag.py:4180} INFO - Setting next_dagrun for example_task_group to None, run_after=None
[2024-11-11T19:49:48.698+0000] {processor.py:208} INFO - Processing /home/airflow/.local/lib/python3.12/site-packages/airflow/example_dags/example_task_group.py took 0.220 seconds
[2024-11-11T19:50:21.380+0000] {processor.py:186} INFO - Started process (PID=5122) to work on /home/airflow/.local/lib/python3.12/site-packages/airflow/example_dags/example_task_group.py
[2024-11-11T19:50:21.384+0000] {processor.py:914} INFO - Processing file /home/airflow/.local/lib/python3.12/site-packages/airflow/example_dags/example_task_group.py for tasks to queue
[2024-11-11T19:50:21.399+0000] {logging_mixin.py:190} INFO - [2024-11-11T19:50:21.398+0000] {dagbag.py:588} INFO - Filling up the DagBag from /home/airflow/.local/lib/python3.12/site-packages/airflow/example_dags/example_task_group.py
[2024-11-11T19:50:21.452+0000] {processor.py:925} INFO - DAG(s) 'example_task_group' retrieved from /home/airflow/.local/lib/python3.12/site-packages/airflow/example_dags/example_task_group.py
[2024-11-11T19:50:21.586+0000] {logging_mixin.py:190} INFO - [2024-11-11T19:50:21.585+0000] {dag.py:3239} INFO - Sync 1 DAGs
[2024-11-11T19:50:21.657+0000] {logging_mixin.py:190} INFO - [2024-11-11T19:50:21.656+0000] {dag.py:4180} INFO - Setting next_dagrun for example_task_group to None, run_after=None
[2024-11-11T19:50:21.715+0000] {processor.py:208} INFO - Processing /home/airflow/.local/lib/python3.12/site-packages/airflow/example_dags/example_task_group.py took 0.407 seconds
[2024-11-11T19:50:52.647+0000] {processor.py:186} INFO - Started process (PID=5413) to work on /home/airflow/.local/lib/python3.12/site-packages/airflow/example_dags/example_task_group.py
[2024-11-11T19:50:52.649+0000] {processor.py:914} INFO - Processing file /home/airflow/.local/lib/python3.12/site-packages/airflow/example_dags/example_task_group.py for tasks to queue
[2024-11-11T19:50:52.654+0000] {logging_mixin.py:190} INFO - [2024-11-11T19:50:52.653+0000] {dagbag.py:588} INFO - Filling up the DagBag from /home/airflow/.local/lib/python3.12/site-packages/airflow/example_dags/example_task_group.py
[2024-11-11T19:50:52.673+0000] {processor.py:925} INFO - DAG(s) 'example_task_group' retrieved from /home/airflow/.local/lib/python3.12/site-packages/airflow/example_dags/example_task_group.py
[2024-11-11T19:50:52.722+0000] {logging_mixin.py:190} INFO - [2024-11-11T19:50:52.722+0000] {dag.py:3239} INFO - Sync 1 DAGs
[2024-11-11T19:50:52.747+0000] {logging_mixin.py:190} INFO - [2024-11-11T19:50:52.747+0000] {dag.py:4180} INFO - Setting next_dagrun for example_task_group to None, run_after=None
[2024-11-11T19:50:52.786+0000] {processor.py:208} INFO - Processing /home/airflow/.local/lib/python3.12/site-packages/airflow/example_dags/example_task_group.py took 0.155 seconds
[2024-11-11T19:51:23.221+0000] {processor.py:186} INFO - Started process (PID=5702) to work on /home/airflow/.local/lib/python3.12/site-packages/airflow/example_dags/example_task_group.py
[2024-11-11T19:51:23.226+0000] {processor.py:914} INFO - Processing file /home/airflow/.local/lib/python3.12/site-packages/airflow/example_dags/example_task_group.py for tasks to queue
[2024-11-11T19:51:23.240+0000] {logging_mixin.py:190} INFO - [2024-11-11T19:51:23.238+0000] {dagbag.py:588} INFO - Filling up the DagBag from /home/airflow/.local/lib/python3.12/site-packages/airflow/example_dags/example_task_group.py
[2024-11-11T19:51:23.280+0000] {processor.py:925} INFO - DAG(s) 'example_task_group' retrieved from /home/airflow/.local/lib/python3.12/site-packages/airflow/example_dags/example_task_group.py
[2024-11-11T19:51:23.322+0000] {logging_mixin.py:190} INFO - [2024-11-11T19:51:23.322+0000] {dag.py:3239} INFO - Sync 1 DAGs
[2024-11-11T19:51:23.349+0000] {logging_mixin.py:190} INFO - [2024-11-11T19:51:23.349+0000] {dag.py:4180} INFO - Setting next_dagrun for example_task_group to None, run_after=None
[2024-11-11T19:51:23.385+0000] {processor.py:208} INFO - Processing /home/airflow/.local/lib/python3.12/site-packages/airflow/example_dags/example_task_group.py took 0.205 seconds
[2024-11-11T19:51:54.026+0000] {processor.py:186} INFO - Started process (PID=5991) to work on /home/airflow/.local/lib/python3.12/site-packages/airflow/example_dags/example_task_group.py
[2024-11-11T19:51:54.032+0000] {processor.py:914} INFO - Processing file /home/airflow/.local/lib/python3.12/site-packages/airflow/example_dags/example_task_group.py for tasks to queue
[2024-11-11T19:51:54.036+0000] {logging_mixin.py:190} INFO - [2024-11-11T19:51:54.035+0000] {dagbag.py:588} INFO - Filling up the DagBag from /home/airflow/.local/lib/python3.12/site-packages/airflow/example_dags/example_task_group.py
[2024-11-11T19:51:54.052+0000] {processor.py:925} INFO - DAG(s) 'example_task_group' retrieved from /home/airflow/.local/lib/python3.12/site-packages/airflow/example_dags/example_task_group.py
[2024-11-11T19:51:54.092+0000] {logging_mixin.py:190} INFO - [2024-11-11T19:51:54.091+0000] {dag.py:3239} INFO - Sync 1 DAGs
[2024-11-11T19:51:54.120+0000] {logging_mixin.py:190} INFO - [2024-11-11T19:51:54.120+0000] {dag.py:4180} INFO - Setting next_dagrun for example_task_group to None, run_after=None
[2024-11-11T19:51:54.152+0000] {processor.py:208} INFO - Processing /home/airflow/.local/lib/python3.12/site-packages/airflow/example_dags/example_task_group.py took 0.136 seconds
[2024-11-11T19:52:24.805+0000] {processor.py:186} INFO - Started process (PID=6279) to work on /home/airflow/.local/lib/python3.12/site-packages/airflow/example_dags/example_task_group.py
[2024-11-11T19:52:24.810+0000] {processor.py:914} INFO - Processing file /home/airflow/.local/lib/python3.12/site-packages/airflow/example_dags/example_task_group.py for tasks to queue
[2024-11-11T19:52:24.818+0000] {logging_mixin.py:190} INFO - [2024-11-11T19:52:24.817+0000] {dagbag.py:588} INFO - Filling up the DagBag from /home/airflow/.local/lib/python3.12/site-packages/airflow/example_dags/example_task_group.py
[2024-11-11T19:52:24.856+0000] {processor.py:925} INFO - DAG(s) 'example_task_group' retrieved from /home/airflow/.local/lib/python3.12/site-packages/airflow/example_dags/example_task_group.py
[2024-11-11T19:52:24.900+0000] {logging_mixin.py:190} INFO - [2024-11-11T19:52:24.900+0000] {dag.py:3239} INFO - Sync 1 DAGs
[2024-11-11T19:52:24.936+0000] {logging_mixin.py:190} INFO - [2024-11-11T19:52:24.936+0000] {dag.py:4180} INFO - Setting next_dagrun for example_task_group to None, run_after=None
[2024-11-11T19:52:24.988+0000] {processor.py:208} INFO - Processing /home/airflow/.local/lib/python3.12/site-packages/airflow/example_dags/example_task_group.py took 0.211 seconds
[2024-11-11T19:52:55.156+0000] {processor.py:186} INFO - Started process (PID=6570) to work on /home/airflow/.local/lib/python3.12/site-packages/airflow/example_dags/example_task_group.py
[2024-11-11T19:52:55.161+0000] {processor.py:914} INFO - Processing file /home/airflow/.local/lib/python3.12/site-packages/airflow/example_dags/example_task_group.py for tasks to queue
[2024-11-11T19:52:55.170+0000] {logging_mixin.py:190} INFO - [2024-11-11T19:52:55.169+0000] {dagbag.py:588} INFO - Filling up the DagBag from /home/airflow/.local/lib/python3.12/site-packages/airflow/example_dags/example_task_group.py
[2024-11-11T19:52:55.209+0000] {processor.py:925} INFO - DAG(s) 'example_task_group' retrieved from /home/airflow/.local/lib/python3.12/site-packages/airflow/example_dags/example_task_group.py
[2024-11-11T19:52:55.311+0000] {logging_mixin.py:190} INFO - [2024-11-11T19:52:55.310+0000] {dag.py:3239} INFO - Sync 1 DAGs
[2024-11-11T19:52:55.377+0000] {logging_mixin.py:190} INFO - [2024-11-11T19:52:55.376+0000] {dag.py:4180} INFO - Setting next_dagrun for example_task_group to None, run_after=None
[2024-11-11T19:52:55.463+0000] {processor.py:208} INFO - Processing /home/airflow/.local/lib/python3.12/site-packages/airflow/example_dags/example_task_group.py took 0.336 seconds
[2024-11-11T19:53:25.907+0000] {processor.py:186} INFO - Started process (PID=6861) to work on /home/airflow/.local/lib/python3.12/site-packages/airflow/example_dags/example_task_group.py
[2024-11-11T19:53:25.908+0000] {processor.py:914} INFO - Processing file /home/airflow/.local/lib/python3.12/site-packages/airflow/example_dags/example_task_group.py for tasks to queue
[2024-11-11T19:53:25.912+0000] {logging_mixin.py:190} INFO - [2024-11-11T19:53:25.912+0000] {dagbag.py:588} INFO - Filling up the DagBag from /home/airflow/.local/lib/python3.12/site-packages/airflow/example_dags/example_task_group.py
[2024-11-11T19:53:25.928+0000] {processor.py:925} INFO - DAG(s) 'example_task_group' retrieved from /home/airflow/.local/lib/python3.12/site-packages/airflow/example_dags/example_task_group.py
[2024-11-11T19:53:25.966+0000] {logging_mixin.py:190} INFO - [2024-11-11T19:53:25.966+0000] {dag.py:3239} INFO - Sync 1 DAGs
[2024-11-11T19:53:25.992+0000] {logging_mixin.py:190} INFO - [2024-11-11T19:53:25.991+0000] {dag.py:4180} INFO - Setting next_dagrun for example_task_group to None, run_after=None
[2024-11-11T19:53:26.025+0000] {processor.py:208} INFO - Processing /home/airflow/.local/lib/python3.12/site-packages/airflow/example_dags/example_task_group.py took 0.129 seconds
[2024-11-11T19:53:56.355+0000] {processor.py:186} INFO - Started process (PID=7144) to work on /home/airflow/.local/lib/python3.12/site-packages/airflow/example_dags/example_task_group.py
[2024-11-11T19:53:56.357+0000] {processor.py:914} INFO - Processing file /home/airflow/.local/lib/python3.12/site-packages/airflow/example_dags/example_task_group.py for tasks to queue
[2024-11-11T19:53:56.361+0000] {logging_mixin.py:190} INFO - [2024-11-11T19:53:56.360+0000] {dagbag.py:588} INFO - Filling up the DagBag from /home/airflow/.local/lib/python3.12/site-packages/airflow/example_dags/example_task_group.py
[2024-11-11T19:53:56.375+0000] {processor.py:925} INFO - DAG(s) 'example_task_group' retrieved from /home/airflow/.local/lib/python3.12/site-packages/airflow/example_dags/example_task_group.py
[2024-11-11T19:53:56.411+0000] {logging_mixin.py:190} INFO - [2024-11-11T19:53:56.411+0000] {dag.py:3239} INFO - Sync 1 DAGs
[2024-11-11T19:53:56.436+0000] {logging_mixin.py:190} INFO - [2024-11-11T19:53:56.436+0000] {dag.py:4180} INFO - Setting next_dagrun for example_task_group to None, run_after=None
[2024-11-11T19:53:56.469+0000] {processor.py:208} INFO - Processing /home/airflow/.local/lib/python3.12/site-packages/airflow/example_dags/example_task_group.py took 0.125 seconds
[2024-11-11T19:54:26.880+0000] {processor.py:186} INFO - Started process (PID=7435) to work on /home/airflow/.local/lib/python3.12/site-packages/airflow/example_dags/example_task_group.py
[2024-11-11T19:54:26.883+0000] {processor.py:914} INFO - Processing file /home/airflow/.local/lib/python3.12/site-packages/airflow/example_dags/example_task_group.py for tasks to queue
[2024-11-11T19:54:26.889+0000] {logging_mixin.py:190} INFO - [2024-11-11T19:54:26.888+0000] {dagbag.py:588} INFO - Filling up the DagBag from /home/airflow/.local/lib/python3.12/site-packages/airflow/example_dags/example_task_group.py
[2024-11-11T19:54:26.914+0000] {processor.py:925} INFO - DAG(s) 'example_task_group' retrieved from /home/airflow/.local/lib/python3.12/site-packages/airflow/example_dags/example_task_group.py
[2024-11-11T19:54:26.980+0000] {logging_mixin.py:190} INFO - [2024-11-11T19:54:26.979+0000] {dag.py:3239} INFO - Sync 1 DAGs
[2024-11-11T19:54:27.020+0000] {logging_mixin.py:190} INFO - [2024-11-11T19:54:27.019+0000] {dag.py:4180} INFO - Setting next_dagrun for example_task_group to None, run_after=None
[2024-11-11T19:54:27.065+0000] {processor.py:208} INFO - Processing /home/airflow/.local/lib/python3.12/site-packages/airflow/example_dags/example_task_group.py took 0.210 seconds
[2024-11-11T19:54:57.399+0000] {processor.py:186} INFO - Started process (PID=7723) to work on /home/airflow/.local/lib/python3.12/site-packages/airflow/example_dags/example_task_group.py
[2024-11-11T19:54:57.402+0000] {processor.py:914} INFO - Processing file /home/airflow/.local/lib/python3.12/site-packages/airflow/example_dags/example_task_group.py for tasks to queue
[2024-11-11T19:54:57.407+0000] {logging_mixin.py:190} INFO - [2024-11-11T19:54:57.407+0000] {dagbag.py:588} INFO - Filling up the DagBag from /home/airflow/.local/lib/python3.12/site-packages/airflow/example_dags/example_task_group.py
[2024-11-11T19:54:57.434+0000] {processor.py:925} INFO - DAG(s) 'example_task_group' retrieved from /home/airflow/.local/lib/python3.12/site-packages/airflow/example_dags/example_task_group.py
[2024-11-11T19:54:57.482+0000] {logging_mixin.py:190} INFO - [2024-11-11T19:54:57.481+0000] {dag.py:3239} INFO - Sync 1 DAGs
[2024-11-11T19:54:57.507+0000] {logging_mixin.py:190} INFO - [2024-11-11T19:54:57.507+0000] {dag.py:4180} INFO - Setting next_dagrun for example_task_group to None, run_after=None
[2024-11-11T19:54:57.542+0000] {processor.py:208} INFO - Processing /home/airflow/.local/lib/python3.12/site-packages/airflow/example_dags/example_task_group.py took 0.160 seconds
[2024-11-11T19:55:27.737+0000] {processor.py:186} INFO - Started process (PID=8013) to work on /home/airflow/.local/lib/python3.12/site-packages/airflow/example_dags/example_task_group.py
[2024-11-11T19:55:27.740+0000] {processor.py:914} INFO - Processing file /home/airflow/.local/lib/python3.12/site-packages/airflow/example_dags/example_task_group.py for tasks to queue
[2024-11-11T19:55:27.750+0000] {logging_mixin.py:190} INFO - [2024-11-11T19:55:27.749+0000] {dagbag.py:588} INFO - Filling up the DagBag from /home/airflow/.local/lib/python3.12/site-packages/airflow/example_dags/example_task_group.py
[2024-11-11T19:55:27.782+0000] {processor.py:925} INFO - DAG(s) 'example_task_group' retrieved from /home/airflow/.local/lib/python3.12/site-packages/airflow/example_dags/example_task_group.py
[2024-11-11T19:55:27.869+0000] {logging_mixin.py:190} INFO - [2024-11-11T19:55:27.869+0000] {dag.py:3239} INFO - Sync 1 DAGs
[2024-11-11T19:55:27.963+0000] {logging_mixin.py:190} INFO - [2024-11-11T19:55:27.962+0000] {dag.py:4180} INFO - Setting next_dagrun for example_task_group to None, run_after=None
[2024-11-11T19:55:28.015+0000] {processor.py:208} INFO - Processing /home/airflow/.local/lib/python3.12/site-packages/airflow/example_dags/example_task_group.py took 0.305 seconds
[2024-11-11T19:55:58.402+0000] {processor.py:186} INFO - Started process (PID=8305) to work on /home/airflow/.local/lib/python3.12/site-packages/airflow/example_dags/example_task_group.py
[2024-11-11T19:55:58.406+0000] {processor.py:914} INFO - Processing file /home/airflow/.local/lib/python3.12/site-packages/airflow/example_dags/example_task_group.py for tasks to queue
[2024-11-11T19:55:58.410+0000] {logging_mixin.py:190} INFO - [2024-11-11T19:55:58.410+0000] {dagbag.py:588} INFO - Filling up the DagBag from /home/airflow/.local/lib/python3.12/site-packages/airflow/example_dags/example_task_group.py
[2024-11-11T19:55:58.438+0000] {processor.py:925} INFO - DAG(s) 'example_task_group' retrieved from /home/airflow/.local/lib/python3.12/site-packages/airflow/example_dags/example_task_group.py
[2024-11-11T19:55:58.528+0000] {logging_mixin.py:190} INFO - [2024-11-11T19:55:58.528+0000] {dag.py:3239} INFO - Sync 1 DAGs
[2024-11-11T19:55:58.613+0000] {logging_mixin.py:190} INFO - [2024-11-11T19:55:58.612+0000] {dag.py:4180} INFO - Setting next_dagrun for example_task_group to None, run_after=None
[2024-11-11T19:55:58.678+0000] {processor.py:208} INFO - Processing /home/airflow/.local/lib/python3.12/site-packages/airflow/example_dags/example_task_group.py took 0.298 seconds
[2024-11-11T19:56:29.194+0000] {processor.py:186} INFO - Started process (PID=8597) to work on /home/airflow/.local/lib/python3.12/site-packages/airflow/example_dags/example_task_group.py
[2024-11-11T19:56:29.198+0000] {processor.py:914} INFO - Processing file /home/airflow/.local/lib/python3.12/site-packages/airflow/example_dags/example_task_group.py for tasks to queue
[2024-11-11T19:56:29.206+0000] {logging_mixin.py:190} INFO - [2024-11-11T19:56:29.205+0000] {dagbag.py:588} INFO - Filling up the DagBag from /home/airflow/.local/lib/python3.12/site-packages/airflow/example_dags/example_task_group.py
[2024-11-11T19:56:29.246+0000] {processor.py:925} INFO - DAG(s) 'example_task_group' retrieved from /home/airflow/.local/lib/python3.12/site-packages/airflow/example_dags/example_task_group.py
[2024-11-11T19:56:29.342+0000] {logging_mixin.py:190} INFO - [2024-11-11T19:56:29.341+0000] {dag.py:3239} INFO - Sync 1 DAGs
[2024-11-11T19:56:29.413+0000] {logging_mixin.py:190} INFO - [2024-11-11T19:56:29.412+0000] {dag.py:4180} INFO - Setting next_dagrun for example_task_group to None, run_after=None
[2024-11-11T19:56:29.504+0000] {processor.py:208} INFO - Processing /home/airflow/.local/lib/python3.12/site-packages/airflow/example_dags/example_task_group.py took 0.335 seconds
[2024-11-11T19:57:00.635+0000] {processor.py:186} INFO - Started process (PID=8888) to work on /home/airflow/.local/lib/python3.12/site-packages/airflow/example_dags/example_task_group.py
[2024-11-11T19:57:00.637+0000] {processor.py:914} INFO - Processing file /home/airflow/.local/lib/python3.12/site-packages/airflow/example_dags/example_task_group.py for tasks to queue
[2024-11-11T19:57:00.642+0000] {logging_mixin.py:190} INFO - [2024-11-11T19:57:00.641+0000] {dagbag.py:588} INFO - Filling up the DagBag from /home/airflow/.local/lib/python3.12/site-packages/airflow/example_dags/example_task_group.py
[2024-11-11T19:57:00.667+0000] {processor.py:925} INFO - DAG(s) 'example_task_group' retrieved from /home/airflow/.local/lib/python3.12/site-packages/airflow/example_dags/example_task_group.py
[2024-11-11T19:57:00.717+0000] {logging_mixin.py:190} INFO - [2024-11-11T19:57:00.716+0000] {dag.py:3239} INFO - Sync 1 DAGs
[2024-11-11T19:57:00.754+0000] {logging_mixin.py:190} INFO - [2024-11-11T19:57:00.754+0000] {dag.py:4180} INFO - Setting next_dagrun for example_task_group to None, run_after=None
[2024-11-11T19:57:00.812+0000] {processor.py:208} INFO - Processing /home/airflow/.local/lib/python3.12/site-packages/airflow/example_dags/example_task_group.py took 0.191 seconds
[2024-11-11T19:57:31.334+0000] {processor.py:186} INFO - Started process (PID=9174) to work on /home/airflow/.local/lib/python3.12/site-packages/airflow/example_dags/example_task_group.py
[2024-11-11T19:57:31.340+0000] {processor.py:914} INFO - Processing file /home/airflow/.local/lib/python3.12/site-packages/airflow/example_dags/example_task_group.py for tasks to queue
[2024-11-11T19:57:31.352+0000] {logging_mixin.py:190} INFO - [2024-11-11T19:57:31.350+0000] {dagbag.py:588} INFO - Filling up the DagBag from /home/airflow/.local/lib/python3.12/site-packages/airflow/example_dags/example_task_group.py
[2024-11-11T19:57:31.413+0000] {processor.py:925} INFO - DAG(s) 'example_task_group' retrieved from /home/airflow/.local/lib/python3.12/site-packages/airflow/example_dags/example_task_group.py
[2024-11-11T19:57:31.456+0000] {logging_mixin.py:190} INFO - [2024-11-11T19:57:31.455+0000] {dag.py:3239} INFO - Sync 1 DAGs
[2024-11-11T19:57:31.485+0000] {logging_mixin.py:190} INFO - [2024-11-11T19:57:31.485+0000] {dag.py:4180} INFO - Setting next_dagrun for example_task_group to None, run_after=None
[2024-11-11T19:57:31.524+0000] {processor.py:208} INFO - Processing /home/airflow/.local/lib/python3.12/site-packages/airflow/example_dags/example_task_group.py took 0.219 seconds
[2024-11-11T19:58:01.920+0000] {processor.py:186} INFO - Started process (PID=9465) to work on /home/airflow/.local/lib/python3.12/site-packages/airflow/example_dags/example_task_group.py
[2024-11-11T19:58:01.922+0000] {processor.py:914} INFO - Processing file /home/airflow/.local/lib/python3.12/site-packages/airflow/example_dags/example_task_group.py for tasks to queue
[2024-11-11T19:58:01.928+0000] {logging_mixin.py:190} INFO - [2024-11-11T19:58:01.927+0000] {dagbag.py:588} INFO - Filling up the DagBag from /home/airflow/.local/lib/python3.12/site-packages/airflow/example_dags/example_task_group.py
[2024-11-11T19:58:01.951+0000] {processor.py:925} INFO - DAG(s) 'example_task_group' retrieved from /home/airflow/.local/lib/python3.12/site-packages/airflow/example_dags/example_task_group.py
[2024-11-11T19:58:02.029+0000] {logging_mixin.py:190} INFO - [2024-11-11T19:58:02.028+0000] {dag.py:3239} INFO - Sync 1 DAGs
[2024-11-11T19:58:02.074+0000] {logging_mixin.py:190} INFO - [2024-11-11T19:58:02.073+0000] {dag.py:4180} INFO - Setting next_dagrun for example_task_group to None, run_after=None
[2024-11-11T19:58:02.121+0000] {processor.py:208} INFO - Processing /home/airflow/.local/lib/python3.12/site-packages/airflow/example_dags/example_task_group.py took 0.217 seconds
[2024-11-11T19:58:32.514+0000] {processor.py:186} INFO - Started process (PID=9756) to work on /home/airflow/.local/lib/python3.12/site-packages/airflow/example_dags/example_task_group.py
[2024-11-11T19:58:32.520+0000] {processor.py:914} INFO - Processing file /home/airflow/.local/lib/python3.12/site-packages/airflow/example_dags/example_task_group.py for tasks to queue
[2024-11-11T19:58:32.539+0000] {logging_mixin.py:190} INFO - [2024-11-11T19:58:32.537+0000] {dagbag.py:588} INFO - Filling up the DagBag from /home/airflow/.local/lib/python3.12/site-packages/airflow/example_dags/example_task_group.py
[2024-11-11T19:58:32.571+0000] {processor.py:925} INFO - DAG(s) 'example_task_group' retrieved from /home/airflow/.local/lib/python3.12/site-packages/airflow/example_dags/example_task_group.py
[2024-11-11T19:58:32.613+0000] {logging_mixin.py:190} INFO - [2024-11-11T19:58:32.613+0000] {dag.py:3239} INFO - Sync 1 DAGs
[2024-11-11T19:58:32.642+0000] {logging_mixin.py:190} INFO - [2024-11-11T19:58:32.642+0000] {dag.py:4180} INFO - Setting next_dagrun for example_task_group to None, run_after=None
[2024-11-11T19:58:32.679+0000] {processor.py:208} INFO - Processing /home/airflow/.local/lib/python3.12/site-packages/airflow/example_dags/example_task_group.py took 0.202 seconds
[2024-11-11T19:59:03.642+0000] {processor.py:186} INFO - Started process (PID=10042) to work on /home/airflow/.local/lib/python3.12/site-packages/airflow/example_dags/example_task_group.py
[2024-11-11T19:59:03.644+0000] {processor.py:914} INFO - Processing file /home/airflow/.local/lib/python3.12/site-packages/airflow/example_dags/example_task_group.py for tasks to queue
[2024-11-11T19:59:03.648+0000] {logging_mixin.py:190} INFO - [2024-11-11T19:59:03.647+0000] {dagbag.py:588} INFO - Filling up the DagBag from /home/airflow/.local/lib/python3.12/site-packages/airflow/example_dags/example_task_group.py
[2024-11-11T19:59:03.660+0000] {processor.py:925} INFO - DAG(s) 'example_task_group' retrieved from /home/airflow/.local/lib/python3.12/site-packages/airflow/example_dags/example_task_group.py
[2024-11-11T19:59:03.694+0000] {logging_mixin.py:190} INFO - [2024-11-11T19:59:03.694+0000] {dag.py:3239} INFO - Sync 1 DAGs
[2024-11-11T19:59:03.717+0000] {logging_mixin.py:190} INFO - [2024-11-11T19:59:03.717+0000] {dag.py:4180} INFO - Setting next_dagrun for example_task_group to None, run_after=None
[2024-11-11T19:59:03.746+0000] {processor.py:208} INFO - Processing /home/airflow/.local/lib/python3.12/site-packages/airflow/example_dags/example_task_group.py took 0.113 seconds
[2024-11-11T19:59:34.673+0000] {processor.py:186} INFO - Started process (PID=10328) to work on /home/airflow/.local/lib/python3.12/site-packages/airflow/example_dags/example_task_group.py
[2024-11-11T19:59:34.675+0000] {processor.py:914} INFO - Processing file /home/airflow/.local/lib/python3.12/site-packages/airflow/example_dags/example_task_group.py for tasks to queue
[2024-11-11T19:59:34.680+0000] {logging_mixin.py:190} INFO - [2024-11-11T19:59:34.679+0000] {dagbag.py:588} INFO - Filling up the DagBag from /home/airflow/.local/lib/python3.12/site-packages/airflow/example_dags/example_task_group.py
[2024-11-11T19:59:34.700+0000] {processor.py:925} INFO - DAG(s) 'example_task_group' retrieved from /home/airflow/.local/lib/python3.12/site-packages/airflow/example_dags/example_task_group.py
[2024-11-11T19:59:34.739+0000] {logging_mixin.py:190} INFO - [2024-11-11T19:59:34.739+0000] {dag.py:3239} INFO - Sync 1 DAGs
[2024-11-11T19:59:34.766+0000] {logging_mixin.py:190} INFO - [2024-11-11T19:59:34.766+0000] {dag.py:4180} INFO - Setting next_dagrun for example_task_group to None, run_after=None
[2024-11-11T19:59:34.799+0000] {processor.py:208} INFO - Processing /home/airflow/.local/lib/python3.12/site-packages/airflow/example_dags/example_task_group.py took 0.143 seconds
[2024-11-11T20:00:05.379+0000] {processor.py:186} INFO - Started process (PID=10619) to work on /home/airflow/.local/lib/python3.12/site-packages/airflow/example_dags/example_task_group.py
[2024-11-11T20:00:05.384+0000] {processor.py:914} INFO - Processing file /home/airflow/.local/lib/python3.12/site-packages/airflow/example_dags/example_task_group.py for tasks to queue
[2024-11-11T20:00:05.393+0000] {logging_mixin.py:190} INFO - [2024-11-11T20:00:05.391+0000] {dagbag.py:588} INFO - Filling up the DagBag from /home/airflow/.local/lib/python3.12/site-packages/airflow/example_dags/example_task_group.py
[2024-11-11T20:00:05.421+0000] {processor.py:925} INFO - DAG(s) 'example_task_group' retrieved from /home/airflow/.local/lib/python3.12/site-packages/airflow/example_dags/example_task_group.py
[2024-11-11T20:00:05.469+0000] {logging_mixin.py:190} INFO - [2024-11-11T20:00:05.468+0000] {dag.py:3239} INFO - Sync 1 DAGs
[2024-11-11T20:00:05.501+0000] {logging_mixin.py:190} INFO - [2024-11-11T20:00:05.501+0000] {dag.py:4180} INFO - Setting next_dagrun for example_task_group to None, run_after=None
[2024-11-11T20:00:05.541+0000] {processor.py:208} INFO - Processing /home/airflow/.local/lib/python3.12/site-packages/airflow/example_dags/example_task_group.py took 0.190 seconds
[2024-11-11T20:00:36.252+0000] {processor.py:186} INFO - Started process (PID=10910) to work on /home/airflow/.local/lib/python3.12/site-packages/airflow/example_dags/example_task_group.py
[2024-11-11T20:00:36.255+0000] {processor.py:914} INFO - Processing file /home/airflow/.local/lib/python3.12/site-packages/airflow/example_dags/example_task_group.py for tasks to queue
[2024-11-11T20:00:36.259+0000] {logging_mixin.py:190} INFO - [2024-11-11T20:00:36.258+0000] {dagbag.py:588} INFO - Filling up the DagBag from /home/airflow/.local/lib/python3.12/site-packages/airflow/example_dags/example_task_group.py
[2024-11-11T20:00:36.275+0000] {processor.py:925} INFO - DAG(s) 'example_task_group' retrieved from /home/airflow/.local/lib/python3.12/site-packages/airflow/example_dags/example_task_group.py
[2024-11-11T20:00:36.312+0000] {logging_mixin.py:190} INFO - [2024-11-11T20:00:36.312+0000] {dag.py:3239} INFO - Sync 1 DAGs
[2024-11-11T20:00:36.337+0000] {logging_mixin.py:190} INFO - [2024-11-11T20:00:36.337+0000] {dag.py:4180} INFO - Setting next_dagrun for example_task_group to None, run_after=None
[2024-11-11T20:00:36.368+0000] {processor.py:208} INFO - Processing /home/airflow/.local/lib/python3.12/site-packages/airflow/example_dags/example_task_group.py took 0.132 seconds
[2024-11-11T20:01:06.931+0000] {processor.py:186} INFO - Started process (PID=11201) to work on /home/airflow/.local/lib/python3.12/site-packages/airflow/example_dags/example_task_group.py
[2024-11-11T20:01:06.934+0000] {processor.py:914} INFO - Processing file /home/airflow/.local/lib/python3.12/site-packages/airflow/example_dags/example_task_group.py for tasks to queue
[2024-11-11T20:01:06.939+0000] {logging_mixin.py:190} INFO - [2024-11-11T20:01:06.938+0000] {dagbag.py:588} INFO - Filling up the DagBag from /home/airflow/.local/lib/python3.12/site-packages/airflow/example_dags/example_task_group.py
[2024-11-11T20:01:06.956+0000] {processor.py:925} INFO - DAG(s) 'example_task_group' retrieved from /home/airflow/.local/lib/python3.12/site-packages/airflow/example_dags/example_task_group.py
[2024-11-11T20:01:07.011+0000] {logging_mixin.py:190} INFO - [2024-11-11T20:01:07.011+0000] {dag.py:3239} INFO - Sync 1 DAGs
[2024-11-11T20:01:07.057+0000] {logging_mixin.py:190} INFO - [2024-11-11T20:01:07.055+0000] {dag.py:4180} INFO - Setting next_dagrun for example_task_group to None, run_after=None
[2024-11-11T20:01:07.096+0000] {processor.py:208} INFO - Processing /home/airflow/.local/lib/python3.12/site-packages/airflow/example_dags/example_task_group.py took 0.180 seconds
[2024-11-11T20:01:38.150+0000] {processor.py:186} INFO - Started process (PID=11492) to work on /home/airflow/.local/lib/python3.12/site-packages/airflow/example_dags/example_task_group.py
[2024-11-11T20:01:38.152+0000] {processor.py:914} INFO - Processing file /home/airflow/.local/lib/python3.12/site-packages/airflow/example_dags/example_task_group.py for tasks to queue
[2024-11-11T20:01:38.156+0000] {logging_mixin.py:190} INFO - [2024-11-11T20:01:38.156+0000] {dagbag.py:588} INFO - Filling up the DagBag from /home/airflow/.local/lib/python3.12/site-packages/airflow/example_dags/example_task_group.py
[2024-11-11T20:01:38.172+0000] {processor.py:925} INFO - DAG(s) 'example_task_group' retrieved from /home/airflow/.local/lib/python3.12/site-packages/airflow/example_dags/example_task_group.py
[2024-11-11T20:01:38.208+0000] {logging_mixin.py:190} INFO - [2024-11-11T20:01:38.208+0000] {dag.py:3239} INFO - Sync 1 DAGs
[2024-11-11T20:01:38.231+0000] {logging_mixin.py:190} INFO - [2024-11-11T20:01:38.230+0000] {dag.py:4180} INFO - Setting next_dagrun for example_task_group to None, run_after=None
[2024-11-11T20:01:38.263+0000] {processor.py:208} INFO - Processing /home/airflow/.local/lib/python3.12/site-packages/airflow/example_dags/example_task_group.py took 0.126 seconds
[2024-11-11T20:02:08.503+0000] {processor.py:186} INFO - Started process (PID=11781) to work on /home/airflow/.local/lib/python3.12/site-packages/airflow/example_dags/example_task_group.py
[2024-11-11T20:02:08.504+0000] {processor.py:914} INFO - Processing file /home/airflow/.local/lib/python3.12/site-packages/airflow/example_dags/example_task_group.py for tasks to queue
[2024-11-11T20:02:08.508+0000] {logging_mixin.py:190} INFO - [2024-11-11T20:02:08.508+0000] {dagbag.py:588} INFO - Filling up the DagBag from /home/airflow/.local/lib/python3.12/site-packages/airflow/example_dags/example_task_group.py
[2024-11-11T20:02:08.524+0000] {processor.py:925} INFO - DAG(s) 'example_task_group' retrieved from /home/airflow/.local/lib/python3.12/site-packages/airflow/example_dags/example_task_group.py
[2024-11-11T20:02:08.560+0000] {logging_mixin.py:190} INFO - [2024-11-11T20:02:08.560+0000] {dag.py:3239} INFO - Sync 1 DAGs
[2024-11-11T20:02:08.583+0000] {logging_mixin.py:190} INFO - [2024-11-11T20:02:08.583+0000] {dag.py:4180} INFO - Setting next_dagrun for example_task_group to None, run_after=None
[2024-11-11T20:02:08.612+0000] {processor.py:208} INFO - Processing /home/airflow/.local/lib/python3.12/site-packages/airflow/example_dags/example_task_group.py took 0.123 seconds
[2024-11-11T20:02:38.678+0000] {processor.py:186} INFO - Started process (PID=12070) to work on /home/airflow/.local/lib/python3.12/site-packages/airflow/example_dags/example_task_group.py
[2024-11-11T20:02:38.680+0000] {processor.py:914} INFO - Processing file /home/airflow/.local/lib/python3.12/site-packages/airflow/example_dags/example_task_group.py for tasks to queue
[2024-11-11T20:02:38.684+0000] {logging_mixin.py:190} INFO - [2024-11-11T20:02:38.683+0000] {dagbag.py:588} INFO - Filling up the DagBag from /home/airflow/.local/lib/python3.12/site-packages/airflow/example_dags/example_task_group.py
[2024-11-11T20:02:38.700+0000] {processor.py:925} INFO - DAG(s) 'example_task_group' retrieved from /home/airflow/.local/lib/python3.12/site-packages/airflow/example_dags/example_task_group.py
[2024-11-11T20:02:38.742+0000] {logging_mixin.py:190} INFO - [2024-11-11T20:02:38.742+0000] {dag.py:3239} INFO - Sync 1 DAGs
[2024-11-11T20:02:38.770+0000] {logging_mixin.py:190} INFO - [2024-11-11T20:02:38.769+0000] {dag.py:4180} INFO - Setting next_dagrun for example_task_group to None, run_after=None
[2024-11-11T20:02:38.807+0000] {processor.py:208} INFO - Processing /home/airflow/.local/lib/python3.12/site-packages/airflow/example_dags/example_task_group.py took 0.140 seconds
