[2024-11-11T19:41:40.277+0000] {processor.py:186} INFO - Started process (PID=347) to work on /home/airflow/.local/lib/python3.12/site-packages/airflow/example_dags/example_complex.py
[2024-11-11T19:41:40.278+0000] {processor.py:914} INFO - Processing file /home/airflow/.local/lib/python3.12/site-packages/airflow/example_dags/example_complex.py for tasks to queue
[2024-11-11T19:41:40.282+0000] {logging_mixin.py:190} INFO - [2024-11-11T19:41:40.281+0000] {dagbag.py:588} INFO - Filling up the DagBag from /home/airflow/.local/lib/python3.12/site-packages/airflow/example_dags/example_complex.py
[2024-11-11T19:41:40.313+0000] {processor.py:925} INFO - DAG(s) 'example_complex' retrieved from /home/airflow/.local/lib/python3.12/site-packages/airflow/example_dags/example_complex.py
[2024-11-11T19:41:40.615+0000] {logging_mixin.py:190} INFO - [2024-11-11T19:41:40.614+0000] {override.py:1911} INFO - Created Permission View: can delete on DAG:example_complex
[2024-11-11T19:41:40.633+0000] {logging_mixin.py:190} INFO - [2024-11-11T19:41:40.632+0000] {override.py:1911} INFO - Created Permission View: can read on DAG:example_complex
[2024-11-11T19:41:40.645+0000] {logging_mixin.py:190} INFO - [2024-11-11T19:41:40.644+0000] {override.py:1911} INFO - Created Permission View: can edit on DAG:example_complex
[2024-11-11T19:41:40.658+0000] {logging_mixin.py:190} INFO - [2024-11-11T19:41:40.658+0000] {override.py:1911} INFO - Created Permission View: can delete on DAG Run:example_complex
[2024-11-11T19:41:40.671+0000] {logging_mixin.py:190} INFO - [2024-11-11T19:41:40.671+0000] {override.py:1911} INFO - Created Permission View: can create on DAG Run:example_complex
[2024-11-11T19:41:40.685+0000] {logging_mixin.py:190} INFO - [2024-11-11T19:41:40.685+0000] {override.py:1911} INFO - Created Permission View: menu access on DAG Run:example_complex
[2024-11-11T19:41:40.699+0000] {logging_mixin.py:190} INFO - [2024-11-11T19:41:40.698+0000] {override.py:1911} INFO - Created Permission View: can read on DAG Run:example_complex
[2024-11-11T19:41:40.700+0000] {logging_mixin.py:190} INFO - [2024-11-11T19:41:40.699+0000] {dag.py:3239} INFO - Sync 1 DAGs
[2024-11-11T19:41:40.725+0000] {logging_mixin.py:190} INFO - [2024-11-11T19:41:40.725+0000] {dag.py:3262} INFO - Creating ORM DAG for example_complex
[2024-11-11T19:41:40.727+0000] {logging_mixin.py:190} INFO - [2024-11-11T19:41:40.726+0000] {dag.py:4180} INFO - Setting next_dagrun for example_complex to None, run_after=None
[2024-11-11T19:41:40.764+0000] {processor.py:208} INFO - Processing /home/airflow/.local/lib/python3.12/site-packages/airflow/example_dags/example_complex.py took 0.503 seconds
[2024-11-11T19:42:12.312+0000] {processor.py:186} INFO - Started process (PID=633) to work on /home/airflow/.local/lib/python3.12/site-packages/airflow/example_dags/example_complex.py
[2024-11-11T19:42:12.314+0000] {processor.py:914} INFO - Processing file /home/airflow/.local/lib/python3.12/site-packages/airflow/example_dags/example_complex.py for tasks to queue
[2024-11-11T19:42:12.317+0000] {logging_mixin.py:190} INFO - [2024-11-11T19:42:12.316+0000] {dagbag.py:588} INFO - Filling up the DagBag from /home/airflow/.local/lib/python3.12/site-packages/airflow/example_dags/example_complex.py
[2024-11-11T19:42:12.344+0000] {processor.py:925} INFO - DAG(s) 'example_complex' retrieved from /home/airflow/.local/lib/python3.12/site-packages/airflow/example_dags/example_complex.py
[2024-11-11T19:42:12.433+0000] {logging_mixin.py:190} INFO - [2024-11-11T19:42:12.433+0000] {dag.py:3239} INFO - Sync 1 DAGs
[2024-11-11T19:42:12.483+0000] {logging_mixin.py:190} INFO - [2024-11-11T19:42:12.482+0000] {dag.py:4180} INFO - Setting next_dagrun for example_complex to None, run_after=None
[2024-11-11T19:42:12.566+0000] {processor.py:208} INFO - Processing /home/airflow/.local/lib/python3.12/site-packages/airflow/example_dags/example_complex.py took 0.265 seconds
[2024-11-11T19:42:44.331+0000] {processor.py:186} INFO - Started process (PID=925) to work on /home/airflow/.local/lib/python3.12/site-packages/airflow/example_dags/example_complex.py
[2024-11-11T19:42:44.337+0000] {processor.py:914} INFO - Processing file /home/airflow/.local/lib/python3.12/site-packages/airflow/example_dags/example_complex.py for tasks to queue
[2024-11-11T19:42:44.347+0000] {logging_mixin.py:190} INFO - [2024-11-11T19:42:44.345+0000] {dagbag.py:588} INFO - Filling up the DagBag from /home/airflow/.local/lib/python3.12/site-packages/airflow/example_dags/example_complex.py
[2024-11-11T19:42:44.437+0000] {processor.py:925} INFO - DAG(s) 'example_complex' retrieved from /home/airflow/.local/lib/python3.12/site-packages/airflow/example_dags/example_complex.py
[2024-11-11T19:42:44.541+0000] {logging_mixin.py:190} INFO - [2024-11-11T19:42:44.540+0000] {dag.py:3239} INFO - Sync 1 DAGs
[2024-11-11T19:42:44.578+0000] {logging_mixin.py:190} INFO - [2024-11-11T19:42:44.578+0000] {dag.py:4180} INFO - Setting next_dagrun for example_complex to None, run_after=None
[2024-11-11T19:42:44.613+0000] {processor.py:208} INFO - Processing /home/airflow/.local/lib/python3.12/site-packages/airflow/example_dags/example_complex.py took 0.309 seconds
[2024-11-11T19:43:15.757+0000] {processor.py:186} INFO - Started process (PID=1216) to work on /home/airflow/.local/lib/python3.12/site-packages/airflow/example_dags/example_complex.py
[2024-11-11T19:43:15.759+0000] {processor.py:914} INFO - Processing file /home/airflow/.local/lib/python3.12/site-packages/airflow/example_dags/example_complex.py for tasks to queue
[2024-11-11T19:43:15.762+0000] {logging_mixin.py:190} INFO - [2024-11-11T19:43:15.762+0000] {dagbag.py:588} INFO - Filling up the DagBag from /home/airflow/.local/lib/python3.12/site-packages/airflow/example_dags/example_complex.py
[2024-11-11T19:43:15.793+0000] {processor.py:925} INFO - DAG(s) 'example_complex' retrieved from /home/airflow/.local/lib/python3.12/site-packages/airflow/example_dags/example_complex.py
[2024-11-11T19:43:15.849+0000] {logging_mixin.py:190} INFO - [2024-11-11T19:43:15.848+0000] {dag.py:3239} INFO - Sync 1 DAGs
[2024-11-11T19:43:15.877+0000] {logging_mixin.py:190} INFO - [2024-11-11T19:43:15.876+0000] {dag.py:4180} INFO - Setting next_dagrun for example_complex to None, run_after=None
[2024-11-11T19:43:15.919+0000] {processor.py:208} INFO - Processing /home/airflow/.local/lib/python3.12/site-packages/airflow/example_dags/example_complex.py took 0.173 seconds
[2024-11-11T19:43:46.166+0000] {processor.py:186} INFO - Started process (PID=1502) to work on /home/airflow/.local/lib/python3.12/site-packages/airflow/example_dags/example_complex.py
[2024-11-11T19:43:46.172+0000] {processor.py:914} INFO - Processing file /home/airflow/.local/lib/python3.12/site-packages/airflow/example_dags/example_complex.py for tasks to queue
[2024-11-11T19:43:46.177+0000] {logging_mixin.py:190} INFO - [2024-11-11T19:43:46.176+0000] {dagbag.py:588} INFO - Filling up the DagBag from /home/airflow/.local/lib/python3.12/site-packages/airflow/example_dags/example_complex.py
[2024-11-11T19:43:46.206+0000] {processor.py:925} INFO - DAG(s) 'example_complex' retrieved from /home/airflow/.local/lib/python3.12/site-packages/airflow/example_dags/example_complex.py
[2024-11-11T19:43:46.365+0000] {logging_mixin.py:190} INFO - [2024-11-11T19:43:46.364+0000] {dag.py:3239} INFO - Sync 1 DAGs
[2024-11-11T19:43:46.394+0000] {logging_mixin.py:190} INFO - [2024-11-11T19:43:46.394+0000] {dag.py:4180} INFO - Setting next_dagrun for example_complex to None, run_after=None
[2024-11-11T19:43:46.429+0000] {processor.py:208} INFO - Processing /home/airflow/.local/lib/python3.12/site-packages/airflow/example_dags/example_complex.py took 0.288 seconds
[2024-11-11T19:44:16.514+0000] {processor.py:186} INFO - Started process (PID=1790) to work on /home/airflow/.local/lib/python3.12/site-packages/airflow/example_dags/example_complex.py
[2024-11-11T19:44:16.516+0000] {processor.py:914} INFO - Processing file /home/airflow/.local/lib/python3.12/site-packages/airflow/example_dags/example_complex.py for tasks to queue
[2024-11-11T19:44:16.521+0000] {logging_mixin.py:190} INFO - [2024-11-11T19:44:16.520+0000] {dagbag.py:588} INFO - Filling up the DagBag from /home/airflow/.local/lib/python3.12/site-packages/airflow/example_dags/example_complex.py
[2024-11-11T19:44:16.549+0000] {processor.py:925} INFO - DAG(s) 'example_complex' retrieved from /home/airflow/.local/lib/python3.12/site-packages/airflow/example_dags/example_complex.py
[2024-11-11T19:44:16.624+0000] {logging_mixin.py:190} INFO - [2024-11-11T19:44:16.623+0000] {dag.py:3239} INFO - Sync 1 DAGs
[2024-11-11T19:44:16.646+0000] {logging_mixin.py:190} INFO - [2024-11-11T19:44:16.646+0000] {dag.py:4180} INFO - Setting next_dagrun for example_complex to None, run_after=None
[2024-11-11T19:44:16.679+0000] {processor.py:208} INFO - Processing /home/airflow/.local/lib/python3.12/site-packages/airflow/example_dags/example_complex.py took 0.179 seconds
[2024-11-11T19:44:47.070+0000] {processor.py:186} INFO - Started process (PID=2081) to work on /home/airflow/.local/lib/python3.12/site-packages/airflow/example_dags/example_complex.py
[2024-11-11T19:44:47.075+0000] {processor.py:914} INFO - Processing file /home/airflow/.local/lib/python3.12/site-packages/airflow/example_dags/example_complex.py for tasks to queue
[2024-11-11T19:44:47.081+0000] {logging_mixin.py:190} INFO - [2024-11-11T19:44:47.080+0000] {dagbag.py:588} INFO - Filling up the DagBag from /home/airflow/.local/lib/python3.12/site-packages/airflow/example_dags/example_complex.py
[2024-11-11T19:44:47.117+0000] {processor.py:925} INFO - DAG(s) 'example_complex' retrieved from /home/airflow/.local/lib/python3.12/site-packages/airflow/example_dags/example_complex.py
[2024-11-11T19:44:47.219+0000] {logging_mixin.py:190} INFO - [2024-11-11T19:44:47.218+0000] {dag.py:3239} INFO - Sync 1 DAGs
[2024-11-11T19:44:47.262+0000] {logging_mixin.py:190} INFO - [2024-11-11T19:44:47.261+0000] {dag.py:4180} INFO - Setting next_dagrun for example_complex to None, run_after=None
[2024-11-11T19:44:47.326+0000] {processor.py:208} INFO - Processing /home/airflow/.local/lib/python3.12/site-packages/airflow/example_dags/example_complex.py took 0.270 seconds
[2024-11-11T19:45:17.690+0000] {processor.py:186} INFO - Started process (PID=2372) to work on /home/airflow/.local/lib/python3.12/site-packages/airflow/example_dags/example_complex.py
[2024-11-11T19:45:17.698+0000] {processor.py:914} INFO - Processing file /home/airflow/.local/lib/python3.12/site-packages/airflow/example_dags/example_complex.py for tasks to queue
[2024-11-11T19:45:17.708+0000] {logging_mixin.py:190} INFO - [2024-11-11T19:45:17.706+0000] {dagbag.py:588} INFO - Filling up the DagBag from /home/airflow/.local/lib/python3.12/site-packages/airflow/example_dags/example_complex.py
[2024-11-11T19:45:17.786+0000] {processor.py:925} INFO - DAG(s) 'example_complex' retrieved from /home/airflow/.local/lib/python3.12/site-packages/airflow/example_dags/example_complex.py
[2024-11-11T19:45:17.866+0000] {logging_mixin.py:190} INFO - [2024-11-11T19:45:17.866+0000] {dag.py:3239} INFO - Sync 1 DAGs
[2024-11-11T19:45:17.890+0000] {logging_mixin.py:190} INFO - [2024-11-11T19:45:17.890+0000] {dag.py:4180} INFO - Setting next_dagrun for example_complex to None, run_after=None
[2024-11-11T19:45:17.921+0000] {processor.py:208} INFO - Processing /home/airflow/.local/lib/python3.12/site-packages/airflow/example_dags/example_complex.py took 0.259 seconds
[2024-11-11T19:45:48.353+0000] {processor.py:186} INFO - Started process (PID=2663) to work on /home/airflow/.local/lib/python3.12/site-packages/airflow/example_dags/example_complex.py
[2024-11-11T19:45:48.362+0000] {processor.py:914} INFO - Processing file /home/airflow/.local/lib/python3.12/site-packages/airflow/example_dags/example_complex.py for tasks to queue
[2024-11-11T19:45:48.371+0000] {logging_mixin.py:190} INFO - [2024-11-11T19:45:48.370+0000] {dagbag.py:588} INFO - Filling up the DagBag from /home/airflow/.local/lib/python3.12/site-packages/airflow/example_dags/example_complex.py
[2024-11-11T19:45:48.407+0000] {processor.py:925} INFO - DAG(s) 'example_complex' retrieved from /home/airflow/.local/lib/python3.12/site-packages/airflow/example_dags/example_complex.py
[2024-11-11T19:45:48.462+0000] {logging_mixin.py:190} INFO - [2024-11-11T19:45:48.462+0000] {dag.py:3239} INFO - Sync 1 DAGs
[2024-11-11T19:45:48.485+0000] {logging_mixin.py:190} INFO - [2024-11-11T19:45:48.485+0000] {dag.py:4180} INFO - Setting next_dagrun for example_complex to None, run_after=None
[2024-11-11T19:45:48.522+0000] {processor.py:208} INFO - Processing /home/airflow/.local/lib/python3.12/site-packages/airflow/example_dags/example_complex.py took 0.197 seconds
[2024-11-11T19:46:18.718+0000] {processor.py:186} INFO - Started process (PID=2954) to work on /home/airflow/.local/lib/python3.12/site-packages/airflow/example_dags/example_complex.py
[2024-11-11T19:46:18.723+0000] {processor.py:914} INFO - Processing file /home/airflow/.local/lib/python3.12/site-packages/airflow/example_dags/example_complex.py for tasks to queue
[2024-11-11T19:46:18.737+0000] {logging_mixin.py:190} INFO - [2024-11-11T19:46:18.735+0000] {dagbag.py:588} INFO - Filling up the DagBag from /home/airflow/.local/lib/python3.12/site-packages/airflow/example_dags/example_complex.py
[2024-11-11T19:46:18.796+0000] {processor.py:925} INFO - DAG(s) 'example_complex' retrieved from /home/airflow/.local/lib/python3.12/site-packages/airflow/example_dags/example_complex.py
[2024-11-11T19:46:18.964+0000] {logging_mixin.py:190} INFO - [2024-11-11T19:46:18.963+0000] {dag.py:3239} INFO - Sync 1 DAGs
[2024-11-11T19:46:19.023+0000] {logging_mixin.py:190} INFO - [2024-11-11T19:46:19.022+0000] {dag.py:4180} INFO - Setting next_dagrun for example_complex to None, run_after=None
[2024-11-11T19:46:19.067+0000] {processor.py:208} INFO - Processing /home/airflow/.local/lib/python3.12/site-packages/airflow/example_dags/example_complex.py took 0.381 seconds
[2024-11-11T19:46:49.800+0000] {processor.py:186} INFO - Started process (PID=3243) to work on /home/airflow/.local/lib/python3.12/site-packages/airflow/example_dags/example_complex.py
[2024-11-11T19:46:49.802+0000] {processor.py:914} INFO - Processing file /home/airflow/.local/lib/python3.12/site-packages/airflow/example_dags/example_complex.py for tasks to queue
[2024-11-11T19:46:49.806+0000] {logging_mixin.py:190} INFO - [2024-11-11T19:46:49.805+0000] {dagbag.py:588} INFO - Filling up the DagBag from /home/airflow/.local/lib/python3.12/site-packages/airflow/example_dags/example_complex.py
[2024-11-11T19:46:49.833+0000] {processor.py:925} INFO - DAG(s) 'example_complex' retrieved from /home/airflow/.local/lib/python3.12/site-packages/airflow/example_dags/example_complex.py
[2024-11-11T19:46:49.911+0000] {logging_mixin.py:190} INFO - [2024-11-11T19:46:49.910+0000] {dag.py:3239} INFO - Sync 1 DAGs
[2024-11-11T19:46:50.011+0000] {logging_mixin.py:190} INFO - [2024-11-11T19:46:50.000+0000] {dag.py:4180} INFO - Setting next_dagrun for example_complex to None, run_after=None
[2024-11-11T19:46:50.109+0000] {processor.py:208} INFO - Processing /home/airflow/.local/lib/python3.12/site-packages/airflow/example_dags/example_complex.py took 0.322 seconds
[2024-11-11T19:47:20.824+0000] {processor.py:186} INFO - Started process (PID=3532) to work on /home/airflow/.local/lib/python3.12/site-packages/airflow/example_dags/example_complex.py
[2024-11-11T19:47:20.828+0000] {processor.py:914} INFO - Processing file /home/airflow/.local/lib/python3.12/site-packages/airflow/example_dags/example_complex.py for tasks to queue
[2024-11-11T19:47:20.836+0000] {logging_mixin.py:190} INFO - [2024-11-11T19:47:20.835+0000] {dagbag.py:588} INFO - Filling up the DagBag from /home/airflow/.local/lib/python3.12/site-packages/airflow/example_dags/example_complex.py
[2024-11-11T19:47:20.888+0000] {processor.py:925} INFO - DAG(s) 'example_complex' retrieved from /home/airflow/.local/lib/python3.12/site-packages/airflow/example_dags/example_complex.py
[2024-11-11T19:47:21.032+0000] {logging_mixin.py:190} INFO - [2024-11-11T19:47:21.031+0000] {dag.py:3239} INFO - Sync 1 DAGs
[2024-11-11T19:47:21.099+0000] {logging_mixin.py:190} INFO - [2024-11-11T19:47:21.098+0000] {dag.py:4180} INFO - Setting next_dagrun for example_complex to None, run_after=None
[2024-11-11T19:47:21.148+0000] {processor.py:208} INFO - Processing /home/airflow/.local/lib/python3.12/site-packages/airflow/example_dags/example_complex.py took 0.352 seconds
[2024-11-11T19:47:51.342+0000] {processor.py:186} INFO - Started process (PID=3824) to work on /home/airflow/.local/lib/python3.12/site-packages/airflow/example_dags/example_complex.py
[2024-11-11T19:47:51.344+0000] {processor.py:914} INFO - Processing file /home/airflow/.local/lib/python3.12/site-packages/airflow/example_dags/example_complex.py for tasks to queue
[2024-11-11T19:47:51.347+0000] {logging_mixin.py:190} INFO - [2024-11-11T19:47:51.347+0000] {dagbag.py:588} INFO - Filling up the DagBag from /home/airflow/.local/lib/python3.12/site-packages/airflow/example_dags/example_complex.py
[2024-11-11T19:47:51.377+0000] {processor.py:925} INFO - DAG(s) 'example_complex' retrieved from /home/airflow/.local/lib/python3.12/site-packages/airflow/example_dags/example_complex.py
[2024-11-11T19:47:51.479+0000] {logging_mixin.py:190} INFO - [2024-11-11T19:47:51.479+0000] {dag.py:3239} INFO - Sync 1 DAGs
[2024-11-11T19:47:51.516+0000] {logging_mixin.py:190} INFO - [2024-11-11T19:47:51.516+0000] {dag.py:4180} INFO - Setting next_dagrun for example_complex to None, run_after=None
[2024-11-11T19:47:51.578+0000] {processor.py:208} INFO - Processing /home/airflow/.local/lib/python3.12/site-packages/airflow/example_dags/example_complex.py took 0.246 seconds
[2024-11-11T19:48:22.118+0000] {processor.py:186} INFO - Started process (PID=4115) to work on /home/airflow/.local/lib/python3.12/site-packages/airflow/example_dags/example_complex.py
[2024-11-11T19:48:22.121+0000] {processor.py:914} INFO - Processing file /home/airflow/.local/lib/python3.12/site-packages/airflow/example_dags/example_complex.py for tasks to queue
[2024-11-11T19:48:22.126+0000] {logging_mixin.py:190} INFO - [2024-11-11T19:48:22.125+0000] {dagbag.py:588} INFO - Filling up the DagBag from /home/airflow/.local/lib/python3.12/site-packages/airflow/example_dags/example_complex.py
[2024-11-11T19:48:22.157+0000] {processor.py:925} INFO - DAG(s) 'example_complex' retrieved from /home/airflow/.local/lib/python3.12/site-packages/airflow/example_dags/example_complex.py
[2024-11-11T19:48:22.248+0000] {logging_mixin.py:190} INFO - [2024-11-11T19:48:22.247+0000] {dag.py:3239} INFO - Sync 1 DAGs
[2024-11-11T19:48:22.291+0000] {logging_mixin.py:190} INFO - [2024-11-11T19:48:22.290+0000] {dag.py:4180} INFO - Setting next_dagrun for example_complex to None, run_after=None
[2024-11-11T19:48:22.338+0000] {processor.py:208} INFO - Processing /home/airflow/.local/lib/python3.12/site-packages/airflow/example_dags/example_complex.py took 0.236 seconds
[2024-11-11T19:48:52.553+0000] {processor.py:186} INFO - Started process (PID=4406) to work on /home/airflow/.local/lib/python3.12/site-packages/airflow/example_dags/example_complex.py
[2024-11-11T19:48:52.558+0000] {processor.py:914} INFO - Processing file /home/airflow/.local/lib/python3.12/site-packages/airflow/example_dags/example_complex.py for tasks to queue
[2024-11-11T19:48:52.568+0000] {logging_mixin.py:190} INFO - [2024-11-11T19:48:52.566+0000] {dagbag.py:588} INFO - Filling up the DagBag from /home/airflow/.local/lib/python3.12/site-packages/airflow/example_dags/example_complex.py
[2024-11-11T19:48:52.616+0000] {processor.py:925} INFO - DAG(s) 'example_complex' retrieved from /home/airflow/.local/lib/python3.12/site-packages/airflow/example_dags/example_complex.py
[2024-11-11T19:48:52.675+0000] {logging_mixin.py:190} INFO - [2024-11-11T19:48:52.674+0000] {dag.py:3239} INFO - Sync 1 DAGs
[2024-11-11T19:48:52.697+0000] {logging_mixin.py:190} INFO - [2024-11-11T19:48:52.697+0000] {dag.py:4180} INFO - Setting next_dagrun for example_complex to None, run_after=None
[2024-11-11T19:48:52.744+0000] {processor.py:208} INFO - Processing /home/airflow/.local/lib/python3.12/site-packages/airflow/example_dags/example_complex.py took 0.219 seconds
[2024-11-11T19:49:23.770+0000] {processor.py:186} INFO - Started process (PID=4697) to work on /home/airflow/.local/lib/python3.12/site-packages/airflow/example_dags/example_complex.py
[2024-11-11T19:49:23.778+0000] {processor.py:914} INFO - Processing file /home/airflow/.local/lib/python3.12/site-packages/airflow/example_dags/example_complex.py for tasks to queue
[2024-11-11T19:49:23.792+0000] {logging_mixin.py:190} INFO - [2024-11-11T19:49:23.791+0000] {dagbag.py:588} INFO - Filling up the DagBag from /home/airflow/.local/lib/python3.12/site-packages/airflow/example_dags/example_complex.py
[2024-11-11T19:49:23.843+0000] {processor.py:925} INFO - DAG(s) 'example_complex' retrieved from /home/airflow/.local/lib/python3.12/site-packages/airflow/example_dags/example_complex.py
[2024-11-11T19:49:23.912+0000] {logging_mixin.py:190} INFO - [2024-11-11T19:49:23.911+0000] {dag.py:3239} INFO - Sync 1 DAGs
[2024-11-11T19:49:23.938+0000] {logging_mixin.py:190} INFO - [2024-11-11T19:49:23.938+0000] {dag.py:4180} INFO - Setting next_dagrun for example_complex to None, run_after=None
[2024-11-11T19:49:23.974+0000] {processor.py:208} INFO - Processing /home/airflow/.local/lib/python3.12/site-packages/airflow/example_dags/example_complex.py took 0.254 seconds
[2024-11-11T19:49:54.295+0000] {processor.py:186} INFO - Started process (PID=4988) to work on /home/airflow/.local/lib/python3.12/site-packages/airflow/example_dags/example_complex.py
[2024-11-11T19:49:54.297+0000] {processor.py:914} INFO - Processing file /home/airflow/.local/lib/python3.12/site-packages/airflow/example_dags/example_complex.py for tasks to queue
[2024-11-11T19:49:54.303+0000] {logging_mixin.py:190} INFO - [2024-11-11T19:49:54.302+0000] {dagbag.py:588} INFO - Filling up the DagBag from /home/airflow/.local/lib/python3.12/site-packages/airflow/example_dags/example_complex.py
[2024-11-11T19:49:54.340+0000] {processor.py:925} INFO - DAG(s) 'example_complex' retrieved from /home/airflow/.local/lib/python3.12/site-packages/airflow/example_dags/example_complex.py
[2024-11-11T19:49:54.462+0000] {logging_mixin.py:190} INFO - [2024-11-11T19:49:54.461+0000] {dag.py:3239} INFO - Sync 1 DAGs
[2024-11-11T19:49:54.517+0000] {logging_mixin.py:190} INFO - [2024-11-11T19:49:54.516+0000] {dag.py:4180} INFO - Setting next_dagrun for example_complex to None, run_after=None
[2024-11-11T19:49:54.583+0000] {processor.py:208} INFO - Processing /home/airflow/.local/lib/python3.12/site-packages/airflow/example_dags/example_complex.py took 0.306 seconds
[2024-11-11T19:50:26.957+0000] {processor.py:186} INFO - Started process (PID=5249) to work on /home/airflow/.local/lib/python3.12/site-packages/airflow/example_dags/example_complex.py
[2024-11-11T19:50:26.961+0000] {processor.py:914} INFO - Processing file /home/airflow/.local/lib/python3.12/site-packages/airflow/example_dags/example_complex.py for tasks to queue
[2024-11-11T19:50:26.969+0000] {logging_mixin.py:190} INFO - [2024-11-11T19:50:26.968+0000] {dagbag.py:588} INFO - Filling up the DagBag from /home/airflow/.local/lib/python3.12/site-packages/airflow/example_dags/example_complex.py
[2024-11-11T19:50:27.015+0000] {processor.py:925} INFO - DAG(s) 'example_complex' retrieved from /home/airflow/.local/lib/python3.12/site-packages/airflow/example_dags/example_complex.py
[2024-11-11T19:50:27.192+0000] {logging_mixin.py:190} INFO - [2024-11-11T19:50:27.189+0000] {dag.py:3239} INFO - Sync 1 DAGs
[2024-11-11T19:50:27.266+0000] {logging_mixin.py:190} INFO - [2024-11-11T19:50:27.265+0000] {dag.py:4180} INFO - Setting next_dagrun for example_complex to None, run_after=None
[2024-11-11T19:50:27.375+0000] {processor.py:208} INFO - Processing /home/airflow/.local/lib/python3.12/site-packages/airflow/example_dags/example_complex.py took 0.439 seconds
[2024-11-11T19:50:57.816+0000] {processor.py:186} INFO - Started process (PID=5540) to work on /home/airflow/.local/lib/python3.12/site-packages/airflow/example_dags/example_complex.py
[2024-11-11T19:50:57.820+0000] {processor.py:914} INFO - Processing file /home/airflow/.local/lib/python3.12/site-packages/airflow/example_dags/example_complex.py for tasks to queue
[2024-11-11T19:50:57.828+0000] {logging_mixin.py:190} INFO - [2024-11-11T19:50:57.827+0000] {dagbag.py:588} INFO - Filling up the DagBag from /home/airflow/.local/lib/python3.12/site-packages/airflow/example_dags/example_complex.py
[2024-11-11T19:50:57.871+0000] {processor.py:925} INFO - DAG(s) 'example_complex' retrieved from /home/airflow/.local/lib/python3.12/site-packages/airflow/example_dags/example_complex.py
[2024-11-11T19:50:57.946+0000] {logging_mixin.py:190} INFO - [2024-11-11T19:50:57.946+0000] {dag.py:3239} INFO - Sync 1 DAGs
[2024-11-11T19:50:57.984+0000] {logging_mixin.py:190} INFO - [2024-11-11T19:50:57.983+0000] {dag.py:4180} INFO - Setting next_dagrun for example_complex to None, run_after=None
[2024-11-11T19:50:58.036+0000] {processor.py:208} INFO - Processing /home/airflow/.local/lib/python3.12/site-packages/airflow/example_dags/example_complex.py took 0.245 seconds
[2024-11-11T19:51:28.695+0000] {processor.py:186} INFO - Started process (PID=5832) to work on /home/airflow/.local/lib/python3.12/site-packages/airflow/example_dags/example_complex.py
[2024-11-11T19:51:28.697+0000] {processor.py:914} INFO - Processing file /home/airflow/.local/lib/python3.12/site-packages/airflow/example_dags/example_complex.py for tasks to queue
[2024-11-11T19:51:28.702+0000] {logging_mixin.py:190} INFO - [2024-11-11T19:51:28.701+0000] {dagbag.py:588} INFO - Filling up the DagBag from /home/airflow/.local/lib/python3.12/site-packages/airflow/example_dags/example_complex.py
[2024-11-11T19:51:28.750+0000] {processor.py:925} INFO - DAG(s) 'example_complex' retrieved from /home/airflow/.local/lib/python3.12/site-packages/airflow/example_dags/example_complex.py
[2024-11-11T19:51:28.880+0000] {logging_mixin.py:190} INFO - [2024-11-11T19:51:28.879+0000] {dag.py:3239} INFO - Sync 1 DAGs
[2024-11-11T19:51:28.905+0000] {logging_mixin.py:190} INFO - [2024-11-11T19:51:28.905+0000] {dag.py:4180} INFO - Setting next_dagrun for example_complex to None, run_after=None
[2024-11-11T19:51:28.934+0000] {processor.py:208} INFO - Processing /home/airflow/.local/lib/python3.12/site-packages/airflow/example_dags/example_complex.py took 0.255 seconds
[2024-11-11T19:51:59.722+0000] {processor.py:186} INFO - Started process (PID=6123) to work on /home/airflow/.local/lib/python3.12/site-packages/airflow/example_dags/example_complex.py
[2024-11-11T19:51:59.729+0000] {processor.py:914} INFO - Processing file /home/airflow/.local/lib/python3.12/site-packages/airflow/example_dags/example_complex.py for tasks to queue
[2024-11-11T19:51:59.735+0000] {logging_mixin.py:190} INFO - [2024-11-11T19:51:59.734+0000] {dagbag.py:588} INFO - Filling up the DagBag from /home/airflow/.local/lib/python3.12/site-packages/airflow/example_dags/example_complex.py
[2024-11-11T19:51:59.801+0000] {processor.py:925} INFO - DAG(s) 'example_complex' retrieved from /home/airflow/.local/lib/python3.12/site-packages/airflow/example_dags/example_complex.py
[2024-11-11T19:51:59.931+0000] {logging_mixin.py:190} INFO - [2024-11-11T19:51:59.931+0000] {dag.py:3239} INFO - Sync 1 DAGs
[2024-11-11T19:51:59.955+0000] {logging_mixin.py:190} INFO - [2024-11-11T19:51:59.955+0000] {dag.py:4180} INFO - Setting next_dagrun for example_complex to None, run_after=None
[2024-11-11T19:51:59.989+0000] {processor.py:208} INFO - Processing /home/airflow/.local/lib/python3.12/site-packages/airflow/example_dags/example_complex.py took 0.286 seconds
[2024-11-11T19:52:30.352+0000] {processor.py:186} INFO - Started process (PID=6414) to work on /home/airflow/.local/lib/python3.12/site-packages/airflow/example_dags/example_complex.py
[2024-11-11T19:52:30.354+0000] {processor.py:914} INFO - Processing file /home/airflow/.local/lib/python3.12/site-packages/airflow/example_dags/example_complex.py for tasks to queue
[2024-11-11T19:52:30.357+0000] {logging_mixin.py:190} INFO - [2024-11-11T19:52:30.357+0000] {dagbag.py:588} INFO - Filling up the DagBag from /home/airflow/.local/lib/python3.12/site-packages/airflow/example_dags/example_complex.py
[2024-11-11T19:52:30.380+0000] {processor.py:925} INFO - DAG(s) 'example_complex' retrieved from /home/airflow/.local/lib/python3.12/site-packages/airflow/example_dags/example_complex.py
[2024-11-11T19:52:30.451+0000] {logging_mixin.py:190} INFO - [2024-11-11T19:52:30.451+0000] {dag.py:3239} INFO - Sync 1 DAGs
[2024-11-11T19:52:30.476+0000] {logging_mixin.py:190} INFO - [2024-11-11T19:52:30.476+0000] {dag.py:4180} INFO - Setting next_dagrun for example_complex to None, run_after=None
[2024-11-11T19:52:30.504+0000] {processor.py:208} INFO - Processing /home/airflow/.local/lib/python3.12/site-packages/airflow/example_dags/example_complex.py took 0.163 seconds
[2024-11-11T19:53:01.777+0000] {processor.py:186} INFO - Started process (PID=6704) to work on /home/airflow/.local/lib/python3.12/site-packages/airflow/example_dags/example_complex.py
[2024-11-11T19:53:01.780+0000] {processor.py:914} INFO - Processing file /home/airflow/.local/lib/python3.12/site-packages/airflow/example_dags/example_complex.py for tasks to queue
[2024-11-11T19:53:01.785+0000] {logging_mixin.py:190} INFO - [2024-11-11T19:53:01.784+0000] {dagbag.py:588} INFO - Filling up the DagBag from /home/airflow/.local/lib/python3.12/site-packages/airflow/example_dags/example_complex.py
[2024-11-11T19:53:01.811+0000] {processor.py:925} INFO - DAG(s) 'example_complex' retrieved from /home/airflow/.local/lib/python3.12/site-packages/airflow/example_dags/example_complex.py
[2024-11-11T19:53:01.882+0000] {logging_mixin.py:190} INFO - [2024-11-11T19:53:01.882+0000] {dag.py:3239} INFO - Sync 1 DAGs
[2024-11-11T19:53:01.911+0000] {logging_mixin.py:190} INFO - [2024-11-11T19:53:01.911+0000] {dag.py:4180} INFO - Setting next_dagrun for example_complex to None, run_after=None
[2024-11-11T19:53:01.966+0000] {processor.py:208} INFO - Processing /home/airflow/.local/lib/python3.12/site-packages/airflow/example_dags/example_complex.py took 0.204 seconds
[2024-11-11T19:53:33.258+0000] {processor.py:186} INFO - Started process (PID=6994) to work on /home/airflow/.local/lib/python3.12/site-packages/airflow/example_dags/example_complex.py
[2024-11-11T19:53:33.260+0000] {processor.py:914} INFO - Processing file /home/airflow/.local/lib/python3.12/site-packages/airflow/example_dags/example_complex.py for tasks to queue
[2024-11-11T19:53:33.264+0000] {logging_mixin.py:190} INFO - [2024-11-11T19:53:33.263+0000] {dagbag.py:588} INFO - Filling up the DagBag from /home/airflow/.local/lib/python3.12/site-packages/airflow/example_dags/example_complex.py
[2024-11-11T19:53:33.292+0000] {processor.py:925} INFO - DAG(s) 'example_complex' retrieved from /home/airflow/.local/lib/python3.12/site-packages/airflow/example_dags/example_complex.py
[2024-11-11T19:53:33.371+0000] {logging_mixin.py:190} INFO - [2024-11-11T19:53:33.370+0000] {dag.py:3239} INFO - Sync 1 DAGs
[2024-11-11T19:53:33.405+0000] {logging_mixin.py:190} INFO - [2024-11-11T19:53:33.404+0000] {dag.py:4180} INFO - Setting next_dagrun for example_complex to None, run_after=None
[2024-11-11T19:53:33.448+0000] {processor.py:208} INFO - Processing /home/airflow/.local/lib/python3.12/site-packages/airflow/example_dags/example_complex.py took 0.203 seconds
[2024-11-11T19:54:03.592+0000] {processor.py:186} INFO - Started process (PID=7285) to work on /home/airflow/.local/lib/python3.12/site-packages/airflow/example_dags/example_complex.py
[2024-11-11T19:54:03.594+0000] {processor.py:914} INFO - Processing file /home/airflow/.local/lib/python3.12/site-packages/airflow/example_dags/example_complex.py for tasks to queue
[2024-11-11T19:54:03.598+0000] {logging_mixin.py:190} INFO - [2024-11-11T19:54:03.597+0000] {dagbag.py:588} INFO - Filling up the DagBag from /home/airflow/.local/lib/python3.12/site-packages/airflow/example_dags/example_complex.py
[2024-11-11T19:54:03.617+0000] {processor.py:925} INFO - DAG(s) 'example_complex' retrieved from /home/airflow/.local/lib/python3.12/site-packages/airflow/example_dags/example_complex.py
[2024-11-11T19:54:03.689+0000] {logging_mixin.py:190} INFO - [2024-11-11T19:54:03.688+0000] {dag.py:3239} INFO - Sync 1 DAGs
[2024-11-11T19:54:03.710+0000] {logging_mixin.py:190} INFO - [2024-11-11T19:54:03.710+0000] {dag.py:4180} INFO - Setting next_dagrun for example_complex to None, run_after=None
[2024-11-11T19:54:03.739+0000] {processor.py:208} INFO - Processing /home/airflow/.local/lib/python3.12/site-packages/airflow/example_dags/example_complex.py took 0.156 seconds
[2024-11-11T19:54:34.890+0000] {processor.py:186} INFO - Started process (PID=7571) to work on /home/airflow/.local/lib/python3.12/site-packages/airflow/example_dags/example_complex.py
[2024-11-11T19:54:34.894+0000] {processor.py:914} INFO - Processing file /home/airflow/.local/lib/python3.12/site-packages/airflow/example_dags/example_complex.py for tasks to queue
[2024-11-11T19:54:34.903+0000] {logging_mixin.py:190} INFO - [2024-11-11T19:54:34.901+0000] {dagbag.py:588} INFO - Filling up the DagBag from /home/airflow/.local/lib/python3.12/site-packages/airflow/example_dags/example_complex.py
[2024-11-11T19:54:34.974+0000] {processor.py:925} INFO - DAG(s) 'example_complex' retrieved from /home/airflow/.local/lib/python3.12/site-packages/airflow/example_dags/example_complex.py
[2024-11-11T19:54:35.149+0000] {logging_mixin.py:190} INFO - [2024-11-11T19:54:35.148+0000] {dag.py:3239} INFO - Sync 1 DAGs
[2024-11-11T19:54:35.235+0000] {logging_mixin.py:190} INFO - [2024-11-11T19:54:35.234+0000] {dag.py:4180} INFO - Setting next_dagrun for example_complex to None, run_after=None
[2024-11-11T19:54:35.313+0000] {processor.py:208} INFO - Processing /home/airflow/.local/lib/python3.12/site-packages/airflow/example_dags/example_complex.py took 0.454 seconds
[2024-11-11T19:55:05.961+0000] {processor.py:186} INFO - Started process (PID=7863) to work on /home/airflow/.local/lib/python3.12/site-packages/airflow/example_dags/example_complex.py
[2024-11-11T19:55:05.963+0000] {processor.py:914} INFO - Processing file /home/airflow/.local/lib/python3.12/site-packages/airflow/example_dags/example_complex.py for tasks to queue
[2024-11-11T19:55:05.966+0000] {logging_mixin.py:190} INFO - [2024-11-11T19:55:05.966+0000] {dagbag.py:588} INFO - Filling up the DagBag from /home/airflow/.local/lib/python3.12/site-packages/airflow/example_dags/example_complex.py
[2024-11-11T19:55:05.987+0000] {processor.py:925} INFO - DAG(s) 'example_complex' retrieved from /home/airflow/.local/lib/python3.12/site-packages/airflow/example_dags/example_complex.py
[2024-11-11T19:55:06.042+0000] {logging_mixin.py:190} INFO - [2024-11-11T19:55:06.042+0000] {dag.py:3239} INFO - Sync 1 DAGs
[2024-11-11T19:55:06.067+0000] {logging_mixin.py:190} INFO - [2024-11-11T19:55:06.066+0000] {dag.py:4180} INFO - Setting next_dagrun for example_complex to None, run_after=None
[2024-11-11T19:55:06.098+0000] {processor.py:208} INFO - Processing /home/airflow/.local/lib/python3.12/site-packages/airflow/example_dags/example_complex.py took 0.147 seconds
[2024-11-11T19:55:36.389+0000] {processor.py:186} INFO - Started process (PID=8155) to work on /home/airflow/.local/lib/python3.12/site-packages/airflow/example_dags/example_complex.py
[2024-11-11T19:55:36.392+0000] {processor.py:914} INFO - Processing file /home/airflow/.local/lib/python3.12/site-packages/airflow/example_dags/example_complex.py for tasks to queue
[2024-11-11T19:55:36.397+0000] {logging_mixin.py:190} INFO - [2024-11-11T19:55:36.396+0000] {dagbag.py:588} INFO - Filling up the DagBag from /home/airflow/.local/lib/python3.12/site-packages/airflow/example_dags/example_complex.py
[2024-11-11T19:55:36.427+0000] {processor.py:925} INFO - DAG(s) 'example_complex' retrieved from /home/airflow/.local/lib/python3.12/site-packages/airflow/example_dags/example_complex.py
[2024-11-11T19:55:36.516+0000] {logging_mixin.py:190} INFO - [2024-11-11T19:55:36.515+0000] {dag.py:3239} INFO - Sync 1 DAGs
[2024-11-11T19:55:36.546+0000] {logging_mixin.py:190} INFO - [2024-11-11T19:55:36.546+0000] {dag.py:4180} INFO - Setting next_dagrun for example_complex to None, run_after=None
[2024-11-11T19:55:36.578+0000] {processor.py:208} INFO - Processing /home/airflow/.local/lib/python3.12/site-packages/airflow/example_dags/example_complex.py took 0.204 seconds
[2024-11-11T19:56:07.056+0000] {processor.py:186} INFO - Started process (PID=8442) to work on /home/airflow/.local/lib/python3.12/site-packages/airflow/example_dags/example_complex.py
[2024-11-11T19:56:07.059+0000] {processor.py:914} INFO - Processing file /home/airflow/.local/lib/python3.12/site-packages/airflow/example_dags/example_complex.py for tasks to queue
[2024-11-11T19:56:07.064+0000] {logging_mixin.py:190} INFO - [2024-11-11T19:56:07.063+0000] {dagbag.py:588} INFO - Filling up the DagBag from /home/airflow/.local/lib/python3.12/site-packages/airflow/example_dags/example_complex.py
[2024-11-11T19:56:07.096+0000] {processor.py:925} INFO - DAG(s) 'example_complex' retrieved from /home/airflow/.local/lib/python3.12/site-packages/airflow/example_dags/example_complex.py
[2024-11-11T19:56:07.182+0000] {logging_mixin.py:190} INFO - [2024-11-11T19:56:07.181+0000] {dag.py:3239} INFO - Sync 1 DAGs
[2024-11-11T19:56:07.208+0000] {logging_mixin.py:190} INFO - [2024-11-11T19:56:07.208+0000] {dag.py:4180} INFO - Setting next_dagrun for example_complex to None, run_after=None
[2024-11-11T19:56:07.244+0000] {processor.py:208} INFO - Processing /home/airflow/.local/lib/python3.12/site-packages/airflow/example_dags/example_complex.py took 0.205 seconds
[2024-11-11T19:56:38.008+0000] {processor.py:186} INFO - Started process (PID=8733) to work on /home/airflow/.local/lib/python3.12/site-packages/airflow/example_dags/example_complex.py
[2024-11-11T19:56:38.010+0000] {processor.py:914} INFO - Processing file /home/airflow/.local/lib/python3.12/site-packages/airflow/example_dags/example_complex.py for tasks to queue
[2024-11-11T19:56:38.015+0000] {logging_mixin.py:190} INFO - [2024-11-11T19:56:38.015+0000] {dagbag.py:588} INFO - Filling up the DagBag from /home/airflow/.local/lib/python3.12/site-packages/airflow/example_dags/example_complex.py
[2024-11-11T19:56:38.055+0000] {processor.py:925} INFO - DAG(s) 'example_complex' retrieved from /home/airflow/.local/lib/python3.12/site-packages/airflow/example_dags/example_complex.py
[2024-11-11T19:56:38.156+0000] {logging_mixin.py:190} INFO - [2024-11-11T19:56:38.155+0000] {dag.py:3239} INFO - Sync 1 DAGs
[2024-11-11T19:56:38.201+0000] {logging_mixin.py:190} INFO - [2024-11-11T19:56:38.200+0000] {dag.py:4180} INFO - Setting next_dagrun for example_complex to None, run_after=None
[2024-11-11T19:56:38.269+0000] {processor.py:208} INFO - Processing /home/airflow/.local/lib/python3.12/site-packages/airflow/example_dags/example_complex.py took 0.274 seconds
[2024-11-11T19:57:08.758+0000] {processor.py:186} INFO - Started process (PID=9026) to work on /home/airflow/.local/lib/python3.12/site-packages/airflow/example_dags/example_complex.py
[2024-11-11T19:57:08.760+0000] {processor.py:914} INFO - Processing file /home/airflow/.local/lib/python3.12/site-packages/airflow/example_dags/example_complex.py for tasks to queue
[2024-11-11T19:57:08.764+0000] {logging_mixin.py:190} INFO - [2024-11-11T19:57:08.763+0000] {dagbag.py:588} INFO - Filling up the DagBag from /home/airflow/.local/lib/python3.12/site-packages/airflow/example_dags/example_complex.py
[2024-11-11T19:57:08.796+0000] {processor.py:925} INFO - DAG(s) 'example_complex' retrieved from /home/airflow/.local/lib/python3.12/site-packages/airflow/example_dags/example_complex.py
[2024-11-11T19:57:08.921+0000] {logging_mixin.py:190} INFO - [2024-11-11T19:57:08.920+0000] {dag.py:3239} INFO - Sync 1 DAGs
[2024-11-11T19:57:08.982+0000] {logging_mixin.py:190} INFO - [2024-11-11T19:57:08.981+0000] {dag.py:4180} INFO - Setting next_dagrun for example_complex to None, run_after=None
[2024-11-11T19:57:09.051+0000] {processor.py:208} INFO - Processing /home/airflow/.local/lib/python3.12/site-packages/airflow/example_dags/example_complex.py took 0.307 seconds
[2024-11-11T19:57:39.847+0000] {processor.py:186} INFO - Started process (PID=9315) to work on /home/airflow/.local/lib/python3.12/site-packages/airflow/example_dags/example_complex.py
[2024-11-11T19:57:39.848+0000] {processor.py:914} INFO - Processing file /home/airflow/.local/lib/python3.12/site-packages/airflow/example_dags/example_complex.py for tasks to queue
[2024-11-11T19:57:39.852+0000] {logging_mixin.py:190} INFO - [2024-11-11T19:57:39.852+0000] {dagbag.py:588} INFO - Filling up the DagBag from /home/airflow/.local/lib/python3.12/site-packages/airflow/example_dags/example_complex.py
[2024-11-11T19:57:39.884+0000] {processor.py:925} INFO - DAG(s) 'example_complex' retrieved from /home/airflow/.local/lib/python3.12/site-packages/airflow/example_dags/example_complex.py
[2024-11-11T19:57:39.943+0000] {logging_mixin.py:190} INFO - [2024-11-11T19:57:39.943+0000] {dag.py:3239} INFO - Sync 1 DAGs
[2024-11-11T19:57:39.969+0000] {logging_mixin.py:190} INFO - [2024-11-11T19:57:39.969+0000] {dag.py:4180} INFO - Setting next_dagrun for example_complex to None, run_after=None
[2024-11-11T19:57:40.042+0000] {processor.py:208} INFO - Processing /home/airflow/.local/lib/python3.12/site-packages/airflow/example_dags/example_complex.py took 0.212 seconds
[2024-11-11T19:58:10.207+0000] {processor.py:186} INFO - Started process (PID=9601) to work on /home/airflow/.local/lib/python3.12/site-packages/airflow/example_dags/example_complex.py
[2024-11-11T19:58:10.209+0000] {processor.py:914} INFO - Processing file /home/airflow/.local/lib/python3.12/site-packages/airflow/example_dags/example_complex.py for tasks to queue
[2024-11-11T19:58:10.214+0000] {logging_mixin.py:190} INFO - [2024-11-11T19:58:10.213+0000] {dagbag.py:588} INFO - Filling up the DagBag from /home/airflow/.local/lib/python3.12/site-packages/airflow/example_dags/example_complex.py
[2024-11-11T19:58:10.240+0000] {processor.py:925} INFO - DAG(s) 'example_complex' retrieved from /home/airflow/.local/lib/python3.12/site-packages/airflow/example_dags/example_complex.py
[2024-11-11T19:58:10.307+0000] {logging_mixin.py:190} INFO - [2024-11-11T19:58:10.307+0000] {dag.py:3239} INFO - Sync 1 DAGs
[2024-11-11T19:58:10.338+0000] {logging_mixin.py:190} INFO - [2024-11-11T19:58:10.338+0000] {dag.py:4180} INFO - Setting next_dagrun for example_complex to None, run_after=None
[2024-11-11T19:58:10.386+0000] {processor.py:208} INFO - Processing /home/airflow/.local/lib/python3.12/site-packages/airflow/example_dags/example_complex.py took 0.192 seconds
[2024-11-11T19:58:40.911+0000] {processor.py:186} INFO - Started process (PID=9892) to work on /home/airflow/.local/lib/python3.12/site-packages/airflow/example_dags/example_complex.py
[2024-11-11T19:58:40.913+0000] {processor.py:914} INFO - Processing file /home/airflow/.local/lib/python3.12/site-packages/airflow/example_dags/example_complex.py for tasks to queue
[2024-11-11T19:58:40.917+0000] {logging_mixin.py:190} INFO - [2024-11-11T19:58:40.916+0000] {dagbag.py:588} INFO - Filling up the DagBag from /home/airflow/.local/lib/python3.12/site-packages/airflow/example_dags/example_complex.py
[2024-11-11T19:58:40.942+0000] {processor.py:925} INFO - DAG(s) 'example_complex' retrieved from /home/airflow/.local/lib/python3.12/site-packages/airflow/example_dags/example_complex.py
[2024-11-11T19:58:41.004+0000] {logging_mixin.py:190} INFO - [2024-11-11T19:58:41.004+0000] {dag.py:3239} INFO - Sync 1 DAGs
[2024-11-11T19:58:41.030+0000] {logging_mixin.py:190} INFO - [2024-11-11T19:58:41.029+0000] {dag.py:4180} INFO - Setting next_dagrun for example_complex to None, run_after=None
[2024-11-11T19:58:41.065+0000] {processor.py:208} INFO - Processing /home/airflow/.local/lib/python3.12/site-packages/airflow/example_dags/example_complex.py took 0.169 seconds
[2024-11-11T19:59:11.328+0000] {processor.py:186} INFO - Started process (PID=10183) to work on /home/airflow/.local/lib/python3.12/site-packages/airflow/example_dags/example_complex.py
[2024-11-11T19:59:11.330+0000] {processor.py:914} INFO - Processing file /home/airflow/.local/lib/python3.12/site-packages/airflow/example_dags/example_complex.py for tasks to queue
[2024-11-11T19:59:11.336+0000] {logging_mixin.py:190} INFO - [2024-11-11T19:59:11.335+0000] {dagbag.py:588} INFO - Filling up the DagBag from /home/airflow/.local/lib/python3.12/site-packages/airflow/example_dags/example_complex.py
[2024-11-11T19:59:11.374+0000] {processor.py:925} INFO - DAG(s) 'example_complex' retrieved from /home/airflow/.local/lib/python3.12/site-packages/airflow/example_dags/example_complex.py
[2024-11-11T19:59:11.477+0000] {logging_mixin.py:190} INFO - [2024-11-11T19:59:11.476+0000] {dag.py:3239} INFO - Sync 1 DAGs
[2024-11-11T19:59:11.555+0000] {logging_mixin.py:190} INFO - [2024-11-11T19:59:11.554+0000] {dag.py:4180} INFO - Setting next_dagrun for example_complex to None, run_after=None
[2024-11-11T19:59:11.644+0000] {processor.py:208} INFO - Processing /home/airflow/.local/lib/python3.12/site-packages/airflow/example_dags/example_complex.py took 0.332 seconds
[2024-11-11T19:59:43.383+0000] {processor.py:186} INFO - Started process (PID=10474) to work on /home/airflow/.local/lib/python3.12/site-packages/airflow/example_dags/example_complex.py
[2024-11-11T19:59:43.385+0000] {processor.py:914} INFO - Processing file /home/airflow/.local/lib/python3.12/site-packages/airflow/example_dags/example_complex.py for tasks to queue
[2024-11-11T19:59:43.390+0000] {logging_mixin.py:190} INFO - [2024-11-11T19:59:43.389+0000] {dagbag.py:588} INFO - Filling up the DagBag from /home/airflow/.local/lib/python3.12/site-packages/airflow/example_dags/example_complex.py
[2024-11-11T19:59:43.428+0000] {processor.py:925} INFO - DAG(s) 'example_complex' retrieved from /home/airflow/.local/lib/python3.12/site-packages/airflow/example_dags/example_complex.py
[2024-11-11T19:59:43.602+0000] {logging_mixin.py:190} INFO - [2024-11-11T19:59:43.601+0000] {dag.py:3239} INFO - Sync 1 DAGs
[2024-11-11T19:59:43.716+0000] {logging_mixin.py:190} INFO - [2024-11-11T19:59:43.706+0000] {dag.py:4180} INFO - Setting next_dagrun for example_complex to None, run_after=None
[2024-11-11T19:59:43.831+0000] {processor.py:208} INFO - Processing /home/airflow/.local/lib/python3.12/site-packages/airflow/example_dags/example_complex.py took 0.467 seconds
[2024-11-11T20:00:13.949+0000] {processor.py:186} INFO - Started process (PID=10767) to work on /home/airflow/.local/lib/python3.12/site-packages/airflow/example_dags/example_complex.py
[2024-11-11T20:00:13.951+0000] {processor.py:914} INFO - Processing file /home/airflow/.local/lib/python3.12/site-packages/airflow/example_dags/example_complex.py for tasks to queue
[2024-11-11T20:00:13.956+0000] {logging_mixin.py:190} INFO - [2024-11-11T20:00:13.956+0000] {dagbag.py:588} INFO - Filling up the DagBag from /home/airflow/.local/lib/python3.12/site-packages/airflow/example_dags/example_complex.py
[2024-11-11T20:00:13.989+0000] {processor.py:925} INFO - DAG(s) 'example_complex' retrieved from /home/airflow/.local/lib/python3.12/site-packages/airflow/example_dags/example_complex.py
[2024-11-11T20:00:14.087+0000] {logging_mixin.py:190} INFO - [2024-11-11T20:00:14.087+0000] {dag.py:3239} INFO - Sync 1 DAGs
[2024-11-11T20:00:14.138+0000] {logging_mixin.py:190} INFO - [2024-11-11T20:00:14.137+0000] {dag.py:4180} INFO - Setting next_dagrun for example_complex to None, run_after=None
[2024-11-11T20:00:14.226+0000] {processor.py:208} INFO - Processing /home/airflow/.local/lib/python3.12/site-packages/airflow/example_dags/example_complex.py took 0.292 seconds
[2024-11-11T20:00:44.781+0000] {processor.py:186} INFO - Started process (PID=11056) to work on /home/airflow/.local/lib/python3.12/site-packages/airflow/example_dags/example_complex.py
[2024-11-11T20:00:44.783+0000] {processor.py:914} INFO - Processing file /home/airflow/.local/lib/python3.12/site-packages/airflow/example_dags/example_complex.py for tasks to queue
[2024-11-11T20:00:44.787+0000] {logging_mixin.py:190} INFO - [2024-11-11T20:00:44.786+0000] {dagbag.py:588} INFO - Filling up the DagBag from /home/airflow/.local/lib/python3.12/site-packages/airflow/example_dags/example_complex.py
[2024-11-11T20:00:44.815+0000] {processor.py:925} INFO - DAG(s) 'example_complex' retrieved from /home/airflow/.local/lib/python3.12/site-packages/airflow/example_dags/example_complex.py
[2024-11-11T20:00:44.898+0000] {logging_mixin.py:190} INFO - [2024-11-11T20:00:44.897+0000] {dag.py:3239} INFO - Sync 1 DAGs
[2024-11-11T20:00:44.928+0000] {logging_mixin.py:190} INFO - [2024-11-11T20:00:44.928+0000] {dag.py:4180} INFO - Setting next_dagrun for example_complex to None, run_after=None
[2024-11-11T20:00:44.970+0000] {processor.py:208} INFO - Processing /home/airflow/.local/lib/python3.12/site-packages/airflow/example_dags/example_complex.py took 0.199 seconds
[2024-11-11T20:01:15.467+0000] {processor.py:186} INFO - Started process (PID=11337) to work on /home/airflow/.local/lib/python3.12/site-packages/airflow/example_dags/example_complex.py
[2024-11-11T20:01:15.471+0000] {processor.py:914} INFO - Processing file /home/airflow/.local/lib/python3.12/site-packages/airflow/example_dags/example_complex.py for tasks to queue
[2024-11-11T20:01:15.481+0000] {logging_mixin.py:190} INFO - [2024-11-11T20:01:15.479+0000] {dagbag.py:588} INFO - Filling up the DagBag from /home/airflow/.local/lib/python3.12/site-packages/airflow/example_dags/example_complex.py
[2024-11-11T20:01:15.515+0000] {processor.py:925} INFO - DAG(s) 'example_complex' retrieved from /home/airflow/.local/lib/python3.12/site-packages/airflow/example_dags/example_complex.py
[2024-11-11T20:01:15.584+0000] {logging_mixin.py:190} INFO - [2024-11-11T20:01:15.584+0000] {dag.py:3239} INFO - Sync 1 DAGs
[2024-11-11T20:01:15.627+0000] {logging_mixin.py:190} INFO - [2024-11-11T20:01:15.627+0000] {dag.py:4180} INFO - Setting next_dagrun for example_complex to None, run_after=None
[2024-11-11T20:01:15.668+0000] {processor.py:208} INFO - Processing /home/airflow/.local/lib/python3.12/site-packages/airflow/example_dags/example_complex.py took 0.231 seconds
[2024-11-11T20:01:45.782+0000] {processor.py:186} INFO - Started process (PID=11624) to work on /home/airflow/.local/lib/python3.12/site-packages/airflow/example_dags/example_complex.py
[2024-11-11T20:01:45.785+0000] {processor.py:914} INFO - Processing file /home/airflow/.local/lib/python3.12/site-packages/airflow/example_dags/example_complex.py for tasks to queue
[2024-11-11T20:01:45.790+0000] {logging_mixin.py:190} INFO - [2024-11-11T20:01:45.789+0000] {dagbag.py:588} INFO - Filling up the DagBag from /home/airflow/.local/lib/python3.12/site-packages/airflow/example_dags/example_complex.py
[2024-11-11T20:01:45.831+0000] {processor.py:925} INFO - DAG(s) 'example_complex' retrieved from /home/airflow/.local/lib/python3.12/site-packages/airflow/example_dags/example_complex.py
[2024-11-11T20:01:45.926+0000] {logging_mixin.py:190} INFO - [2024-11-11T20:01:45.925+0000] {dag.py:3239} INFO - Sync 1 DAGs
[2024-11-11T20:01:45.970+0000] {logging_mixin.py:190} INFO - [2024-11-11T20:01:45.970+0000] {dag.py:4180} INFO - Setting next_dagrun for example_complex to None, run_after=None
[2024-11-11T20:01:46.026+0000] {processor.py:208} INFO - Processing /home/airflow/.local/lib/python3.12/site-packages/airflow/example_dags/example_complex.py took 0.263 seconds
[2024-11-11T20:02:16.826+0000] {processor.py:186} INFO - Started process (PID=11915) to work on /home/airflow/.local/lib/python3.12/site-packages/airflow/example_dags/example_complex.py
[2024-11-11T20:02:16.829+0000] {processor.py:914} INFO - Processing file /home/airflow/.local/lib/python3.12/site-packages/airflow/example_dags/example_complex.py for tasks to queue
[2024-11-11T20:02:16.839+0000] {logging_mixin.py:190} INFO - [2024-11-11T20:02:16.838+0000] {dagbag.py:588} INFO - Filling up the DagBag from /home/airflow/.local/lib/python3.12/site-packages/airflow/example_dags/example_complex.py
[2024-11-11T20:02:16.900+0000] {processor.py:925} INFO - DAG(s) 'example_complex' retrieved from /home/airflow/.local/lib/python3.12/site-packages/airflow/example_dags/example_complex.py
[2024-11-11T20:02:17.004+0000] {logging_mixin.py:190} INFO - [2024-11-11T20:02:17.004+0000] {dag.py:3239} INFO - Sync 1 DAGs
[2024-11-11T20:02:17.037+0000] {logging_mixin.py:190} INFO - [2024-11-11T20:02:17.037+0000] {dag.py:4180} INFO - Setting next_dagrun for example_complex to None, run_after=None
[2024-11-11T20:02:17.074+0000] {processor.py:208} INFO - Processing /home/airflow/.local/lib/python3.12/site-packages/airflow/example_dags/example_complex.py took 0.268 seconds
[2024-11-11T20:02:47.872+0000] {processor.py:186} INFO - Started process (PID=12203) to work on /home/airflow/.local/lib/python3.12/site-packages/airflow/example_dags/example_complex.py
[2024-11-11T20:02:47.873+0000] {processor.py:914} INFO - Processing file /home/airflow/.local/lib/python3.12/site-packages/airflow/example_dags/example_complex.py for tasks to queue
[2024-11-11T20:02:47.876+0000] {logging_mixin.py:190} INFO - [2024-11-11T20:02:47.876+0000] {dagbag.py:588} INFO - Filling up the DagBag from /home/airflow/.local/lib/python3.12/site-packages/airflow/example_dags/example_complex.py
[2024-11-11T20:02:47.896+0000] {processor.py:925} INFO - DAG(s) 'example_complex' retrieved from /home/airflow/.local/lib/python3.12/site-packages/airflow/example_dags/example_complex.py
[2024-11-11T20:02:47.965+0000] {logging_mixin.py:190} INFO - [2024-11-11T20:02:47.964+0000] {dag.py:3239} INFO - Sync 1 DAGs
[2024-11-11T20:02:47.993+0000] {logging_mixin.py:190} INFO - [2024-11-11T20:02:47.993+0000] {dag.py:4180} INFO - Setting next_dagrun for example_complex to None, run_after=None
[2024-11-11T20:02:48.031+0000] {processor.py:208} INFO - Processing /home/airflow/.local/lib/python3.12/site-packages/airflow/example_dags/example_complex.py took 0.170 seconds
