[2024-11-11T19:41:43.227+0000] {processor.py:186} INFO - Started process (PID=402) to work on /home/airflow/.local/lib/python3.12/site-packages/airflow/example_dags/example_dataset_alias.py
[2024-11-11T19:41:43.228+0000] {processor.py:914} INFO - Processing file /home/airflow/.local/lib/python3.12/site-packages/airflow/example_dags/example_dataset_alias.py for tasks to queue
[2024-11-11T19:41:43.232+0000] {logging_mixin.py:190} INFO - [2024-11-11T19:41:43.231+0000] {dagbag.py:588} INFO - Filling up the DagBag from /home/airflow/.local/lib/python3.12/site-packages/airflow/example_dags/example_dataset_alias.py
[2024-11-11T19:41:44.341+0000] {processor.py:925} INFO - DAG(s) 'dataset_alias_example_alias_producer', 'dataset_alias_example_alias_consumer', 'dataset_s3_bucket_consumer', 'dataset_s3_bucket_producer' retrieved from /home/airflow/.local/lib/python3.12/site-packages/airflow/example_dags/example_dataset_alias.py
[2024-11-11T19:41:44.502+0000] {logging_mixin.py:190} INFO - [2024-11-11T19:41:44.501+0000] {override.py:1911} INFO - Created Permission View: can delete on DAG:dataset_alias_example_alias_producer
[2024-11-11T19:41:44.520+0000] {logging_mixin.py:190} INFO - [2024-11-11T19:41:44.520+0000] {override.py:1911} INFO - Created Permission View: can read on DAG:dataset_alias_example_alias_producer
[2024-11-11T19:41:44.537+0000] {logging_mixin.py:190} INFO - [2024-11-11T19:41:44.537+0000] {override.py:1911} INFO - Created Permission View: can edit on DAG:dataset_alias_example_alias_producer
[2024-11-11T19:41:44.553+0000] {logging_mixin.py:190} INFO - [2024-11-11T19:41:44.553+0000] {override.py:1911} INFO - Created Permission View: can delete on DAG Run:dataset_alias_example_alias_producer
[2024-11-11T19:41:44.566+0000] {logging_mixin.py:190} INFO - [2024-11-11T19:41:44.566+0000] {override.py:1911} INFO - Created Permission View: can create on DAG Run:dataset_alias_example_alias_producer
[2024-11-11T19:41:44.580+0000] {logging_mixin.py:190} INFO - [2024-11-11T19:41:44.580+0000] {override.py:1911} INFO - Created Permission View: menu access on DAG Run:dataset_alias_example_alias_producer
[2024-11-11T19:41:44.598+0000] {logging_mixin.py:190} INFO - [2024-11-11T19:41:44.598+0000] {override.py:1911} INFO - Created Permission View: can read on DAG Run:dataset_alias_example_alias_producer
[2024-11-11T19:41:44.629+0000] {logging_mixin.py:190} INFO - [2024-11-11T19:41:44.628+0000] {override.py:1911} INFO - Created Permission View: can delete on DAG:dataset_alias_example_alias_consumer
[2024-11-11T19:41:44.647+0000] {logging_mixin.py:190} INFO - [2024-11-11T19:41:44.646+0000] {override.py:1911} INFO - Created Permission View: can read on DAG:dataset_alias_example_alias_consumer
[2024-11-11T19:41:44.660+0000] {logging_mixin.py:190} INFO - [2024-11-11T19:41:44.659+0000] {override.py:1911} INFO - Created Permission View: can edit on DAG:dataset_alias_example_alias_consumer
[2024-11-11T19:41:44.676+0000] {logging_mixin.py:190} INFO - [2024-11-11T19:41:44.675+0000] {override.py:1911} INFO - Created Permission View: can delete on DAG Run:dataset_alias_example_alias_consumer
[2024-11-11T19:41:44.689+0000] {logging_mixin.py:190} INFO - [2024-11-11T19:41:44.689+0000] {override.py:1911} INFO - Created Permission View: can create on DAG Run:dataset_alias_example_alias_consumer
[2024-11-11T19:41:44.703+0000] {logging_mixin.py:190} INFO - [2024-11-11T19:41:44.702+0000] {override.py:1911} INFO - Created Permission View: menu access on DAG Run:dataset_alias_example_alias_consumer
[2024-11-11T19:41:44.719+0000] {logging_mixin.py:190} INFO - [2024-11-11T19:41:44.719+0000] {override.py:1911} INFO - Created Permission View: can read on DAG Run:dataset_alias_example_alias_consumer
[2024-11-11T19:41:44.742+0000] {logging_mixin.py:190} INFO - [2024-11-11T19:41:44.741+0000] {override.py:1911} INFO - Created Permission View: can delete on DAG:dataset_s3_bucket_consumer
[2024-11-11T19:41:44.754+0000] {logging_mixin.py:190} INFO - [2024-11-11T19:41:44.754+0000] {override.py:1911} INFO - Created Permission View: can read on DAG:dataset_s3_bucket_consumer
[2024-11-11T19:41:44.767+0000] {logging_mixin.py:190} INFO - [2024-11-11T19:41:44.766+0000] {override.py:1911} INFO - Created Permission View: can edit on DAG:dataset_s3_bucket_consumer
[2024-11-11T19:41:44.781+0000] {logging_mixin.py:190} INFO - [2024-11-11T19:41:44.781+0000] {override.py:1911} INFO - Created Permission View: can delete on DAG Run:dataset_s3_bucket_consumer
[2024-11-11T19:41:44.795+0000] {logging_mixin.py:190} INFO - [2024-11-11T19:41:44.794+0000] {override.py:1911} INFO - Created Permission View: can create on DAG Run:dataset_s3_bucket_consumer
[2024-11-11T19:41:44.809+0000] {logging_mixin.py:190} INFO - [2024-11-11T19:41:44.809+0000] {override.py:1911} INFO - Created Permission View: menu access on DAG Run:dataset_s3_bucket_consumer
[2024-11-11T19:41:44.823+0000] {logging_mixin.py:190} INFO - [2024-11-11T19:41:44.823+0000] {override.py:1911} INFO - Created Permission View: can read on DAG Run:dataset_s3_bucket_consumer
[2024-11-11T19:41:44.850+0000] {logging_mixin.py:190} INFO - [2024-11-11T19:41:44.849+0000] {override.py:1911} INFO - Created Permission View: can delete on DAG:dataset_s3_bucket_producer
[2024-11-11T19:41:44.864+0000] {logging_mixin.py:190} INFO - [2024-11-11T19:41:44.863+0000] {override.py:1911} INFO - Created Permission View: can read on DAG:dataset_s3_bucket_producer
[2024-11-11T19:41:44.878+0000] {logging_mixin.py:190} INFO - [2024-11-11T19:41:44.878+0000] {override.py:1911} INFO - Created Permission View: can edit on DAG:dataset_s3_bucket_producer
[2024-11-11T19:41:44.894+0000] {logging_mixin.py:190} INFO - [2024-11-11T19:41:44.894+0000] {override.py:1911} INFO - Created Permission View: can delete on DAG Run:dataset_s3_bucket_producer
[2024-11-11T19:41:44.909+0000] {logging_mixin.py:190} INFO - [2024-11-11T19:41:44.908+0000] {override.py:1911} INFO - Created Permission View: can create on DAG Run:dataset_s3_bucket_producer
[2024-11-11T19:41:44.924+0000] {logging_mixin.py:190} INFO - [2024-11-11T19:41:44.924+0000] {override.py:1911} INFO - Created Permission View: menu access on DAG Run:dataset_s3_bucket_producer
[2024-11-11T19:41:44.940+0000] {logging_mixin.py:190} INFO - [2024-11-11T19:41:44.939+0000] {override.py:1911} INFO - Created Permission View: can read on DAG Run:dataset_s3_bucket_producer
[2024-11-11T19:41:44.941+0000] {logging_mixin.py:190} INFO - [2024-11-11T19:41:44.940+0000] {dag.py:3239} INFO - Sync 4 DAGs
[2024-11-11T19:41:44.966+0000] {logging_mixin.py:190} INFO - [2024-11-11T19:41:44.965+0000] {dag.py:3262} INFO - Creating ORM DAG for dataset_s3_bucket_consumer
[2024-11-11T19:41:44.968+0000] {logging_mixin.py:190} INFO - [2024-11-11T19:41:44.967+0000] {dag.py:3262} INFO - Creating ORM DAG for dataset_s3_bucket_producer
[2024-11-11T19:41:44.969+0000] {logging_mixin.py:190} INFO - [2024-11-11T19:41:44.968+0000] {dag.py:3262} INFO - Creating ORM DAG for dataset_alias_example_alias_producer
[2024-11-11T19:41:44.970+0000] {logging_mixin.py:190} INFO - [2024-11-11T19:41:44.970+0000] {dag.py:3262} INFO - Creating ORM DAG for dataset_alias_example_alias_consumer
[2024-11-11T19:41:44.993+0000] {logging_mixin.py:190} INFO - [2024-11-11T19:41:44.992+0000] {dag.py:4180} INFO - Setting next_dagrun for dataset_alias_example_alias_consumer to None, run_after=None
[2024-11-11T19:41:44.995+0000] {logging_mixin.py:190} INFO - [2024-11-11T19:41:44.994+0000] {dag.py:4180} INFO - Setting next_dagrun for dataset_alias_example_alias_producer to None, run_after=None
[2024-11-11T19:41:44.996+0000] {logging_mixin.py:190} INFO - [2024-11-11T19:41:44.995+0000] {dag.py:4180} INFO - Setting next_dagrun for dataset_s3_bucket_consumer to None, run_after=None
[2024-11-11T19:41:44.997+0000] {logging_mixin.py:190} INFO - [2024-11-11T19:41:44.997+0000] {dag.py:4180} INFO - Setting next_dagrun for dataset_s3_bucket_producer to None, run_after=None
[2024-11-11T19:41:45.077+0000] {processor.py:208} INFO - Processing /home/airflow/.local/lib/python3.12/site-packages/airflow/example_dags/example_dataset_alias.py took 1.860 seconds
[2024-11-11T19:42:15.801+0000] {processor.py:186} INFO - Started process (PID=705) to work on /home/airflow/.local/lib/python3.12/site-packages/airflow/example_dags/example_dataset_alias.py
[2024-11-11T19:42:15.805+0000] {processor.py:914} INFO - Processing file /home/airflow/.local/lib/python3.12/site-packages/airflow/example_dags/example_dataset_alias.py for tasks to queue
[2024-11-11T19:42:15.814+0000] {logging_mixin.py:190} INFO - [2024-11-11T19:42:15.813+0000] {dagbag.py:588} INFO - Filling up the DagBag from /home/airflow/.local/lib/python3.12/site-packages/airflow/example_dags/example_dataset_alias.py
[2024-11-11T19:42:16.986+0000] {processor.py:925} INFO - DAG(s) 'dataset_s3_bucket_consumer', 'dataset_alias_example_alias_consumer', 'dataset_alias_example_alias_producer', 'dataset_s3_bucket_producer' retrieved from /home/airflow/.local/lib/python3.12/site-packages/airflow/example_dags/example_dataset_alias.py
[2024-11-11T19:42:17.027+0000] {logging_mixin.py:190} INFO - [2024-11-11T19:42:17.027+0000] {dag.py:3239} INFO - Sync 4 DAGs
[2024-11-11T19:42:17.072+0000] {logging_mixin.py:190} INFO - [2024-11-11T19:42:17.071+0000] {dag.py:4180} INFO - Setting next_dagrun for dataset_alias_example_alias_consumer to None, run_after=None
[2024-11-11T19:42:17.076+0000] {logging_mixin.py:190} INFO - [2024-11-11T19:42:17.076+0000] {dag.py:4180} INFO - Setting next_dagrun for dataset_alias_example_alias_producer to None, run_after=None
[2024-11-11T19:42:17.079+0000] {logging_mixin.py:190} INFO - [2024-11-11T19:42:17.079+0000] {dag.py:4180} INFO - Setting next_dagrun for dataset_s3_bucket_consumer to None, run_after=None
[2024-11-11T19:42:17.082+0000] {logging_mixin.py:190} INFO - [2024-11-11T19:42:17.082+0000] {dag.py:4180} INFO - Setting next_dagrun for dataset_s3_bucket_producer to None, run_after=None
[2024-11-11T19:42:17.128+0000] {processor.py:208} INFO - Processing /home/airflow/.local/lib/python3.12/site-packages/airflow/example_dags/example_dataset_alias.py took 1.357 seconds
[2024-11-11T19:42:47.618+0000] {processor.py:186} INFO - Started process (PID=1020) to work on /home/airflow/.local/lib/python3.12/site-packages/airflow/example_dags/example_dataset_alias.py
[2024-11-11T19:42:47.628+0000] {processor.py:914} INFO - Processing file /home/airflow/.local/lib/python3.12/site-packages/airflow/example_dags/example_dataset_alias.py for tasks to queue
[2024-11-11T19:42:47.638+0000] {logging_mixin.py:190} INFO - [2024-11-11T19:42:47.636+0000] {dagbag.py:588} INFO - Filling up the DagBag from /home/airflow/.local/lib/python3.12/site-packages/airflow/example_dags/example_dataset_alias.py
[2024-11-11T19:42:49.647+0000] {processor.py:925} INFO - DAG(s) 'dataset_s3_bucket_producer', 'dataset_s3_bucket_consumer', 'dataset_alias_example_alias_consumer', 'dataset_alias_example_alias_producer' retrieved from /home/airflow/.local/lib/python3.12/site-packages/airflow/example_dags/example_dataset_alias.py
[2024-11-11T19:42:49.696+0000] {logging_mixin.py:190} INFO - [2024-11-11T19:42:49.695+0000] {dag.py:3239} INFO - Sync 4 DAGs
[2024-11-11T19:42:49.754+0000] {logging_mixin.py:190} INFO - [2024-11-11T19:42:49.754+0000] {dag.py:4180} INFO - Setting next_dagrun for dataset_alias_example_alias_consumer to None, run_after=None
[2024-11-11T19:42:49.761+0000] {logging_mixin.py:190} INFO - [2024-11-11T19:42:49.760+0000] {dag.py:4180} INFO - Setting next_dagrun for dataset_alias_example_alias_producer to None, run_after=None
[2024-11-11T19:42:49.764+0000] {logging_mixin.py:190} INFO - [2024-11-11T19:42:49.763+0000] {dag.py:4180} INFO - Setting next_dagrun for dataset_s3_bucket_consumer to None, run_after=None
[2024-11-11T19:42:49.767+0000] {logging_mixin.py:190} INFO - [2024-11-11T19:42:49.767+0000] {dag.py:4180} INFO - Setting next_dagrun for dataset_s3_bucket_producer to None, run_after=None
[2024-11-11T19:42:49.818+0000] {processor.py:208} INFO - Processing /home/airflow/.local/lib/python3.12/site-packages/airflow/example_dags/example_dataset_alias.py took 1.399 seconds
[2024-11-11T19:43:20.567+0000] {processor.py:186} INFO - Started process (PID=1316) to work on /home/airflow/.local/lib/python3.12/site-packages/airflow/example_dags/example_dataset_alias.py
[2024-11-11T19:43:20.569+0000] {processor.py:914} INFO - Processing file /home/airflow/.local/lib/python3.12/site-packages/airflow/example_dags/example_dataset_alias.py for tasks to queue
[2024-11-11T19:43:20.573+0000] {logging_mixin.py:190} INFO - [2024-11-11T19:43:20.572+0000] {dagbag.py:588} INFO - Filling up the DagBag from /home/airflow/.local/lib/python3.12/site-packages/airflow/example_dags/example_dataset_alias.py
[2024-11-11T19:43:21.630+0000] {processor.py:925} INFO - DAG(s) 'dataset_s3_bucket_producer', 'dataset_alias_example_alias_consumer', 'dataset_s3_bucket_consumer', 'dataset_alias_example_alias_producer' retrieved from /home/airflow/.local/lib/python3.12/site-packages/airflow/example_dags/example_dataset_alias.py
[2024-11-11T19:43:21.681+0000] {logging_mixin.py:190} INFO - [2024-11-11T19:43:21.680+0000] {dag.py:3239} INFO - Sync 4 DAGs
[2024-11-11T19:43:21.733+0000] {logging_mixin.py:190} INFO - [2024-11-11T19:43:21.733+0000] {dag.py:4180} INFO - Setting next_dagrun for dataset_alias_example_alias_consumer to None, run_after=None
[2024-11-11T19:43:21.739+0000] {logging_mixin.py:190} INFO - [2024-11-11T19:43:21.739+0000] {dag.py:4180} INFO - Setting next_dagrun for dataset_alias_example_alias_producer to None, run_after=None
[2024-11-11T19:43:21.742+0000] {logging_mixin.py:190} INFO - [2024-11-11T19:43:21.742+0000] {dag.py:4180} INFO - Setting next_dagrun for dataset_s3_bucket_consumer to None, run_after=None
[2024-11-11T19:43:21.745+0000] {logging_mixin.py:190} INFO - [2024-11-11T19:43:21.745+0000] {dag.py:4180} INFO - Setting next_dagrun for dataset_s3_bucket_producer to None, run_after=None
[2024-11-11T19:43:21.793+0000] {processor.py:208} INFO - Processing /home/airflow/.local/lib/python3.12/site-packages/airflow/example_dags/example_dataset_alias.py took 1.238 seconds
[2024-11-11T19:43:52.005+0000] {processor.py:186} INFO - Started process (PID=1619) to work on /home/airflow/.local/lib/python3.12/site-packages/airflow/example_dags/example_dataset_alias.py
[2024-11-11T19:43:52.008+0000] {processor.py:914} INFO - Processing file /home/airflow/.local/lib/python3.12/site-packages/airflow/example_dags/example_dataset_alias.py for tasks to queue
[2024-11-11T19:43:52.018+0000] {logging_mixin.py:190} INFO - [2024-11-11T19:43:52.016+0000] {dagbag.py:588} INFO - Filling up the DagBag from /home/airflow/.local/lib/python3.12/site-packages/airflow/example_dags/example_dataset_alias.py
[2024-11-11T19:43:53.186+0000] {processor.py:925} INFO - DAG(s) 'dataset_alias_example_alias_consumer', 'dataset_s3_bucket_producer', 'dataset_s3_bucket_consumer', 'dataset_alias_example_alias_producer' retrieved from /home/airflow/.local/lib/python3.12/site-packages/airflow/example_dags/example_dataset_alias.py
[2024-11-11T19:43:53.240+0000] {logging_mixin.py:190} INFO - [2024-11-11T19:43:53.239+0000] {dag.py:3239} INFO - Sync 4 DAGs
[2024-11-11T19:43:53.307+0000] {logging_mixin.py:190} INFO - [2024-11-11T19:43:53.306+0000] {dag.py:4180} INFO - Setting next_dagrun for dataset_alias_example_alias_consumer to None, run_after=None
[2024-11-11T19:43:53.315+0000] {logging_mixin.py:190} INFO - [2024-11-11T19:43:53.314+0000] {dag.py:4180} INFO - Setting next_dagrun for dataset_alias_example_alias_producer to None, run_after=None
[2024-11-11T19:43:53.319+0000] {logging_mixin.py:190} INFO - [2024-11-11T19:43:53.318+0000] {dag.py:4180} INFO - Setting next_dagrun for dataset_s3_bucket_consumer to None, run_after=None
[2024-11-11T19:43:53.323+0000] {logging_mixin.py:190} INFO - [2024-11-11T19:43:53.322+0000] {dag.py:4180} INFO - Setting next_dagrun for dataset_s3_bucket_producer to None, run_after=None
[2024-11-11T19:43:53.386+0000] {processor.py:208} INFO - Processing /home/airflow/.local/lib/python3.12/site-packages/airflow/example_dags/example_dataset_alias.py took 1.411 seconds
[2024-11-11T19:44:24.383+0000] {processor.py:186} INFO - Started process (PID=1883) to work on /home/airflow/.local/lib/python3.12/site-packages/airflow/example_dags/example_dataset_alias.py
[2024-11-11T19:44:24.385+0000] {processor.py:914} INFO - Processing file /home/airflow/.local/lib/python3.12/site-packages/airflow/example_dags/example_dataset_alias.py for tasks to queue
[2024-11-11T19:44:24.389+0000] {logging_mixin.py:190} INFO - [2024-11-11T19:44:24.388+0000] {dagbag.py:588} INFO - Filling up the DagBag from /home/airflow/.local/lib/python3.12/site-packages/airflow/example_dags/example_dataset_alias.py
[2024-11-11T19:44:25.512+0000] {processor.py:925} INFO - DAG(s) 'dataset_s3_bucket_consumer', 'dataset_alias_example_alias_producer', 'dataset_alias_example_alias_consumer', 'dataset_s3_bucket_producer' retrieved from /home/airflow/.local/lib/python3.12/site-packages/airflow/example_dags/example_dataset_alias.py
[2024-11-11T19:44:25.579+0000] {logging_mixin.py:190} INFO - [2024-11-11T19:44:25.578+0000] {dag.py:3239} INFO - Sync 4 DAGs
[2024-11-11T19:44:25.621+0000] {logging_mixin.py:190} INFO - [2024-11-11T19:44:25.620+0000] {dag.py:4180} INFO - Setting next_dagrun for dataset_alias_example_alias_consumer to None, run_after=None
[2024-11-11T19:44:25.626+0000] {logging_mixin.py:190} INFO - [2024-11-11T19:44:25.625+0000] {dag.py:4180} INFO - Setting next_dagrun for dataset_alias_example_alias_producer to None, run_after=None
[2024-11-11T19:44:25.629+0000] {logging_mixin.py:190} INFO - [2024-11-11T19:44:25.628+0000] {dag.py:4180} INFO - Setting next_dagrun for dataset_s3_bucket_consumer to None, run_after=None
[2024-11-11T19:44:25.631+0000] {logging_mixin.py:190} INFO - [2024-11-11T19:44:25.631+0000] {dag.py:4180} INFO - Setting next_dagrun for dataset_s3_bucket_producer to None, run_after=None
[2024-11-11T19:44:25.672+0000] {processor.py:208} INFO - Processing /home/airflow/.local/lib/python3.12/site-packages/airflow/example_dags/example_dataset_alias.py took 1.302 seconds
[2024-11-11T19:44:56.181+0000] {processor.py:186} INFO - Started process (PID=2184) to work on /home/airflow/.local/lib/python3.12/site-packages/airflow/example_dags/example_dataset_alias.py
[2024-11-11T19:44:56.183+0000] {processor.py:914} INFO - Processing file /home/airflow/.local/lib/python3.12/site-packages/airflow/example_dags/example_dataset_alias.py for tasks to queue
[2024-11-11T19:44:56.188+0000] {logging_mixin.py:190} INFO - [2024-11-11T19:44:56.187+0000] {dagbag.py:588} INFO - Filling up the DagBag from /home/airflow/.local/lib/python3.12/site-packages/airflow/example_dags/example_dataset_alias.py
[2024-11-11T19:44:57.260+0000] {processor.py:925} INFO - DAG(s) 'dataset_alias_example_alias_consumer', 'dataset_s3_bucket_producer', 'dataset_alias_example_alias_producer', 'dataset_s3_bucket_consumer' retrieved from /home/airflow/.local/lib/python3.12/site-packages/airflow/example_dags/example_dataset_alias.py
[2024-11-11T19:44:57.315+0000] {logging_mixin.py:190} INFO - [2024-11-11T19:44:57.313+0000] {dag.py:3239} INFO - Sync 4 DAGs
[2024-11-11T19:44:57.384+0000] {logging_mixin.py:190} INFO - [2024-11-11T19:44:57.384+0000] {dag.py:4180} INFO - Setting next_dagrun for dataset_alias_example_alias_consumer to None, run_after=None
[2024-11-11T19:44:57.391+0000] {logging_mixin.py:190} INFO - [2024-11-11T19:44:57.391+0000] {dag.py:4180} INFO - Setting next_dagrun for dataset_alias_example_alias_producer to None, run_after=None
[2024-11-11T19:44:57.396+0000] {logging_mixin.py:190} INFO - [2024-11-11T19:44:57.395+0000] {dag.py:4180} INFO - Setting next_dagrun for dataset_s3_bucket_consumer to None, run_after=None
[2024-11-11T19:44:57.399+0000] {logging_mixin.py:190} INFO - [2024-11-11T19:44:57.398+0000] {dag.py:4180} INFO - Setting next_dagrun for dataset_s3_bucket_producer to None, run_after=None
[2024-11-11T19:44:57.467+0000] {processor.py:208} INFO - Processing /home/airflow/.local/lib/python3.12/site-packages/airflow/example_dags/example_dataset_alias.py took 1.301 seconds
[2024-11-11T19:45:27.718+0000] {processor.py:186} INFO - Started process (PID=2500) to work on /home/airflow/.local/lib/python3.12/site-packages/airflow/example_dags/example_dataset_alias.py
[2024-11-11T19:45:27.720+0000] {processor.py:914} INFO - Processing file /home/airflow/.local/lib/python3.12/site-packages/airflow/example_dags/example_dataset_alias.py for tasks to queue
[2024-11-11T19:45:27.724+0000] {logging_mixin.py:190} INFO - [2024-11-11T19:45:27.723+0000] {dagbag.py:588} INFO - Filling up the DagBag from /home/airflow/.local/lib/python3.12/site-packages/airflow/example_dags/example_dataset_alias.py
[2024-11-11T19:45:28.853+0000] {processor.py:925} INFO - DAG(s) 'dataset_alias_example_alias_producer', 'dataset_s3_bucket_consumer', 'dataset_s3_bucket_producer', 'dataset_alias_example_alias_consumer' retrieved from /home/airflow/.local/lib/python3.12/site-packages/airflow/example_dags/example_dataset_alias.py
[2024-11-11T19:45:28.907+0000] {logging_mixin.py:190} INFO - [2024-11-11T19:45:28.906+0000] {dag.py:3239} INFO - Sync 4 DAGs
[2024-11-11T19:45:28.963+0000] {logging_mixin.py:190} INFO - [2024-11-11T19:45:28.962+0000] {dag.py:4180} INFO - Setting next_dagrun for dataset_alias_example_alias_consumer to None, run_after=None
[2024-11-11T19:45:28.969+0000] {logging_mixin.py:190} INFO - [2024-11-11T19:45:28.969+0000] {dag.py:4180} INFO - Setting next_dagrun for dataset_alias_example_alias_producer to None, run_after=None
[2024-11-11T19:45:28.972+0000] {logging_mixin.py:190} INFO - [2024-11-11T19:45:28.972+0000] {dag.py:4180} INFO - Setting next_dagrun for dataset_s3_bucket_consumer to None, run_after=None
[2024-11-11T19:45:28.975+0000] {logging_mixin.py:190} INFO - [2024-11-11T19:45:28.975+0000] {dag.py:4180} INFO - Setting next_dagrun for dataset_s3_bucket_producer to None, run_after=None
[2024-11-11T19:45:29.025+0000] {processor.py:208} INFO - Processing /home/airflow/.local/lib/python3.12/site-packages/airflow/example_dags/example_dataset_alias.py took 1.318 seconds
[2024-11-11T19:46:00.031+0000] {processor.py:186} INFO - Started process (PID=2733) to work on /home/airflow/.local/lib/python3.12/site-packages/airflow/example_dags/example_dataset_alias.py
[2024-11-11T19:46:00.033+0000] {processor.py:914} INFO - Processing file /home/airflow/.local/lib/python3.12/site-packages/airflow/example_dags/example_dataset_alias.py for tasks to queue
[2024-11-11T19:46:00.038+0000] {logging_mixin.py:190} INFO - [2024-11-11T19:46:00.037+0000] {dagbag.py:588} INFO - Filling up the DagBag from /home/airflow/.local/lib/python3.12/site-packages/airflow/example_dags/example_dataset_alias.py
[2024-11-11T19:46:01.433+0000] {processor.py:925} INFO - DAG(s) 'dataset_s3_bucket_consumer', 'dataset_s3_bucket_producer', 'dataset_alias_example_alias_consumer', 'dataset_alias_example_alias_producer' retrieved from /home/airflow/.local/lib/python3.12/site-packages/airflow/example_dags/example_dataset_alias.py
[2024-11-11T19:46:01.488+0000] {logging_mixin.py:190} INFO - [2024-11-11T19:46:01.487+0000] {dag.py:3239} INFO - Sync 4 DAGs
[2024-11-11T19:46:01.540+0000] {logging_mixin.py:190} INFO - [2024-11-11T19:46:01.539+0000] {dag.py:4180} INFO - Setting next_dagrun for dataset_alias_example_alias_consumer to None, run_after=None
[2024-11-11T19:46:01.546+0000] {logging_mixin.py:190} INFO - [2024-11-11T19:46:01.545+0000] {dag.py:4180} INFO - Setting next_dagrun for dataset_alias_example_alias_producer to None, run_after=None
[2024-11-11T19:46:01.549+0000] {logging_mixin.py:190} INFO - [2024-11-11T19:46:01.549+0000] {dag.py:4180} INFO - Setting next_dagrun for dataset_s3_bucket_consumer to None, run_after=None
[2024-11-11T19:46:01.553+0000] {logging_mixin.py:190} INFO - [2024-11-11T19:46:01.552+0000] {dag.py:4180} INFO - Setting next_dagrun for dataset_s3_bucket_producer to None, run_after=None
[2024-11-11T19:46:01.601+0000] {processor.py:208} INFO - Processing /home/airflow/.local/lib/python3.12/site-packages/airflow/example_dags/example_dataset_alias.py took 1.583 seconds
[2024-11-11T19:46:31.895+0000] {processor.py:186} INFO - Started process (PID=3034) to work on /home/airflow/.local/lib/python3.12/site-packages/airflow/example_dags/example_dataset_alias.py
[2024-11-11T19:46:31.898+0000] {processor.py:914} INFO - Processing file /home/airflow/.local/lib/python3.12/site-packages/airflow/example_dags/example_dataset_alias.py for tasks to queue
[2024-11-11T19:46:31.903+0000] {logging_mixin.py:190} INFO - [2024-11-11T19:46:31.902+0000] {dagbag.py:588} INFO - Filling up the DagBag from /home/airflow/.local/lib/python3.12/site-packages/airflow/example_dags/example_dataset_alias.py
[2024-11-11T19:46:33.063+0000] {processor.py:925} INFO - DAG(s) 'dataset_alias_example_alias_consumer', 'dataset_s3_bucket_producer', 'dataset_alias_example_alias_producer', 'dataset_s3_bucket_consumer' retrieved from /home/airflow/.local/lib/python3.12/site-packages/airflow/example_dags/example_dataset_alias.py
[2024-11-11T19:46:33.125+0000] {logging_mixin.py:190} INFO - [2024-11-11T19:46:33.124+0000] {dag.py:3239} INFO - Sync 4 DAGs
[2024-11-11T19:46:33.176+0000] {logging_mixin.py:190} INFO - [2024-11-11T19:46:33.175+0000] {dag.py:4180} INFO - Setting next_dagrun for dataset_alias_example_alias_consumer to None, run_after=None
[2024-11-11T19:46:33.180+0000] {logging_mixin.py:190} INFO - [2024-11-11T19:46:33.180+0000] {dag.py:4180} INFO - Setting next_dagrun for dataset_alias_example_alias_producer to None, run_after=None
[2024-11-11T19:46:33.183+0000] {logging_mixin.py:190} INFO - [2024-11-11T19:46:33.183+0000] {dag.py:4180} INFO - Setting next_dagrun for dataset_s3_bucket_consumer to None, run_after=None
[2024-11-11T19:46:33.186+0000] {logging_mixin.py:190} INFO - [2024-11-11T19:46:33.185+0000] {dag.py:4180} INFO - Setting next_dagrun for dataset_s3_bucket_producer to None, run_after=None
[2024-11-11T19:46:33.230+0000] {processor.py:208} INFO - Processing /home/airflow/.local/lib/python3.12/site-packages/airflow/example_dags/example_dataset_alias.py took 1.353 seconds
[2024-11-11T19:47:05.148+0000] {processor.py:186} INFO - Started process (PID=3328) to work on /home/airflow/.local/lib/python3.12/site-packages/airflow/example_dags/example_dataset_alias.py
[2024-11-11T19:47:05.150+0000] {processor.py:914} INFO - Processing file /home/airflow/.local/lib/python3.12/site-packages/airflow/example_dags/example_dataset_alias.py for tasks to queue
[2024-11-11T19:47:05.155+0000] {logging_mixin.py:190} INFO - [2024-11-11T19:47:05.154+0000] {dagbag.py:588} INFO - Filling up the DagBag from /home/airflow/.local/lib/python3.12/site-packages/airflow/example_dags/example_dataset_alias.py
[2024-11-11T19:47:07.556+0000] {processor.py:925} INFO - DAG(s) 'dataset_alias_example_alias_producer', 'dataset_s3_bucket_producer', 'dataset_alias_example_alias_consumer', 'dataset_s3_bucket_consumer' retrieved from /home/airflow/.local/lib/python3.12/site-packages/airflow/example_dags/example_dataset_alias.py
[2024-11-11T19:47:07.610+0000] {logging_mixin.py:190} INFO - [2024-11-11T19:47:07.609+0000] {dag.py:3239} INFO - Sync 4 DAGs
[2024-11-11T19:47:07.660+0000] {logging_mixin.py:190} INFO - [2024-11-11T19:47:07.660+0000] {dag.py:4180} INFO - Setting next_dagrun for dataset_alias_example_alias_consumer to None, run_after=None
[2024-11-11T19:47:07.668+0000] {logging_mixin.py:190} INFO - [2024-11-11T19:47:07.668+0000] {dag.py:4180} INFO - Setting next_dagrun for dataset_alias_example_alias_producer to None, run_after=None
[2024-11-11T19:47:07.671+0000] {logging_mixin.py:190} INFO - [2024-11-11T19:47:07.671+0000] {dag.py:4180} INFO - Setting next_dagrun for dataset_s3_bucket_consumer to None, run_after=None
[2024-11-11T19:47:07.674+0000] {logging_mixin.py:190} INFO - [2024-11-11T19:47:07.673+0000] {dag.py:4180} INFO - Setting next_dagrun for dataset_s3_bucket_producer to None, run_after=None
[2024-11-11T19:47:07.739+0000] {processor.py:208} INFO - Processing /home/airflow/.local/lib/python3.12/site-packages/airflow/example_dags/example_dataset_alias.py took 2.607 seconds
[2024-11-11T19:47:38.629+0000] {processor.py:186} INFO - Started process (PID=3640) to work on /home/airflow/.local/lib/python3.12/site-packages/airflow/example_dags/example_dataset_alias.py
[2024-11-11T19:47:38.632+0000] {processor.py:914} INFO - Processing file /home/airflow/.local/lib/python3.12/site-packages/airflow/example_dags/example_dataset_alias.py for tasks to queue
[2024-11-11T19:47:38.639+0000] {logging_mixin.py:190} INFO - [2024-11-11T19:47:38.638+0000] {dagbag.py:588} INFO - Filling up the DagBag from /home/airflow/.local/lib/python3.12/site-packages/airflow/example_dags/example_dataset_alias.py
[2024-11-11T19:47:40.200+0000] {processor.py:925} INFO - DAG(s) 'dataset_s3_bucket_producer', 'dataset_alias_example_alias_producer', 'dataset_s3_bucket_consumer', 'dataset_alias_example_alias_consumer' retrieved from /home/airflow/.local/lib/python3.12/site-packages/airflow/example_dags/example_dataset_alias.py
[2024-11-11T19:47:40.290+0000] {logging_mixin.py:190} INFO - [2024-11-11T19:47:40.288+0000] {dag.py:3239} INFO - Sync 4 DAGs
[2024-11-11T19:47:40.350+0000] {logging_mixin.py:190} INFO - [2024-11-11T19:47:40.349+0000] {dag.py:4180} INFO - Setting next_dagrun for dataset_alias_example_alias_consumer to None, run_after=None
[2024-11-11T19:47:40.359+0000] {logging_mixin.py:190} INFO - [2024-11-11T19:47:40.358+0000] {dag.py:4180} INFO - Setting next_dagrun for dataset_alias_example_alias_producer to None, run_after=None
[2024-11-11T19:47:40.361+0000] {logging_mixin.py:190} INFO - [2024-11-11T19:47:40.361+0000] {dag.py:4180} INFO - Setting next_dagrun for dataset_s3_bucket_consumer to None, run_after=None
[2024-11-11T19:47:40.364+0000] {logging_mixin.py:190} INFO - [2024-11-11T19:47:40.364+0000] {dag.py:4180} INFO - Setting next_dagrun for dataset_s3_bucket_producer to None, run_after=None
[2024-11-11T19:47:40.409+0000] {processor.py:208} INFO - Processing /home/airflow/.local/lib/python3.12/site-packages/airflow/example_dags/example_dataset_alias.py took 1.799 seconds
[2024-11-11T19:48:11.372+0000] {processor.py:186} INFO - Started process (PID=3962) to work on /home/airflow/.local/lib/python3.12/site-packages/airflow/example_dags/example_dataset_alias.py
[2024-11-11T19:48:11.374+0000] {processor.py:914} INFO - Processing file /home/airflow/.local/lib/python3.12/site-packages/airflow/example_dags/example_dataset_alias.py for tasks to queue
[2024-11-11T19:48:11.378+0000] {logging_mixin.py:190} INFO - [2024-11-11T19:48:11.377+0000] {dagbag.py:588} INFO - Filling up the DagBag from /home/airflow/.local/lib/python3.12/site-packages/airflow/example_dags/example_dataset_alias.py
[2024-11-11T19:48:12.852+0000] {processor.py:925} INFO - DAG(s) 'dataset_alias_example_alias_producer', 'dataset_s3_bucket_producer', 'dataset_s3_bucket_consumer', 'dataset_alias_example_alias_consumer' retrieved from /home/airflow/.local/lib/python3.12/site-packages/airflow/example_dags/example_dataset_alias.py
[2024-11-11T19:48:13.044+0000] {logging_mixin.py:190} INFO - [2024-11-11T19:48:13.043+0000] {dag.py:3239} INFO - Sync 4 DAGs
[2024-11-11T19:48:13.133+0000] {logging_mixin.py:190} INFO - [2024-11-11T19:48:13.133+0000] {dag.py:4180} INFO - Setting next_dagrun for dataset_alias_example_alias_consumer to None, run_after=None
[2024-11-11T19:48:13.141+0000] {logging_mixin.py:190} INFO - [2024-11-11T19:48:13.140+0000] {dag.py:4180} INFO - Setting next_dagrun for dataset_alias_example_alias_producer to None, run_after=None
[2024-11-11T19:48:13.144+0000] {logging_mixin.py:190} INFO - [2024-11-11T19:48:13.144+0000] {dag.py:4180} INFO - Setting next_dagrun for dataset_s3_bucket_consumer to None, run_after=None
[2024-11-11T19:48:13.148+0000] {logging_mixin.py:190} INFO - [2024-11-11T19:48:13.147+0000] {dag.py:4180} INFO - Setting next_dagrun for dataset_s3_bucket_producer to None, run_after=None
[2024-11-11T19:48:13.202+0000] {processor.py:208} INFO - Processing /home/airflow/.local/lib/python3.12/site-packages/airflow/example_dags/example_dataset_alias.py took 1.845 seconds
[2024-11-11T19:48:47.378+0000] {processor.py:186} INFO - Started process (PID=4334) to work on /home/airflow/.local/lib/python3.12/site-packages/airflow/example_dags/example_dataset_alias.py
[2024-11-11T19:48:47.382+0000] {processor.py:914} INFO - Processing file /home/airflow/.local/lib/python3.12/site-packages/airflow/example_dags/example_dataset_alias.py for tasks to queue
[2024-11-11T19:48:47.392+0000] {logging_mixin.py:190} INFO - [2024-11-11T19:48:47.391+0000] {dagbag.py:588} INFO - Filling up the DagBag from /home/airflow/.local/lib/python3.12/site-packages/airflow/example_dags/example_dataset_alias.py
[2024-11-11T19:48:48.852+0000] {processor.py:925} INFO - DAG(s) 'dataset_s3_bucket_producer', 'dataset_s3_bucket_consumer', 'dataset_alias_example_alias_consumer', 'dataset_alias_example_alias_producer' retrieved from /home/airflow/.local/lib/python3.12/site-packages/airflow/example_dags/example_dataset_alias.py
[2024-11-11T19:48:48.886+0000] {logging_mixin.py:190} INFO - [2024-11-11T19:48:48.885+0000] {dag.py:3239} INFO - Sync 4 DAGs
[2024-11-11T19:48:48.922+0000] {logging_mixin.py:190} INFO - [2024-11-11T19:48:48.922+0000] {dag.py:4180} INFO - Setting next_dagrun for dataset_alias_example_alias_consumer to None, run_after=None
[2024-11-11T19:48:48.927+0000] {logging_mixin.py:190} INFO - [2024-11-11T19:48:48.927+0000] {dag.py:4180} INFO - Setting next_dagrun for dataset_alias_example_alias_producer to None, run_after=None
[2024-11-11T19:48:48.930+0000] {logging_mixin.py:190} INFO - [2024-11-11T19:48:48.930+0000] {dag.py:4180} INFO - Setting next_dagrun for dataset_s3_bucket_consumer to None, run_after=None
[2024-11-11T19:48:48.932+0000] {logging_mixin.py:190} INFO - [2024-11-11T19:48:48.932+0000] {dag.py:4180} INFO - Setting next_dagrun for dataset_s3_bucket_producer to None, run_after=None
[2024-11-11T19:48:49.012+0000] {processor.py:208} INFO - Processing /home/airflow/.local/lib/python3.12/site-packages/airflow/example_dags/example_dataset_alias.py took 1.660 seconds
[2024-11-11T19:49:19.388+0000] {processor.py:186} INFO - Started process (PID=4632) to work on /home/airflow/.local/lib/python3.12/site-packages/airflow/example_dags/example_dataset_alias.py
[2024-11-11T19:49:19.390+0000] {processor.py:914} INFO - Processing file /home/airflow/.local/lib/python3.12/site-packages/airflow/example_dags/example_dataset_alias.py for tasks to queue
[2024-11-11T19:49:19.393+0000] {logging_mixin.py:190} INFO - [2024-11-11T19:49:19.392+0000] {dagbag.py:588} INFO - Filling up the DagBag from /home/airflow/.local/lib/python3.12/site-packages/airflow/example_dags/example_dataset_alias.py
[2024-11-11T19:49:20.697+0000] {processor.py:925} INFO - DAG(s) 'dataset_alias_example_alias_consumer', 'dataset_s3_bucket_consumer', 'dataset_s3_bucket_producer', 'dataset_alias_example_alias_producer' retrieved from /home/airflow/.local/lib/python3.12/site-packages/airflow/example_dags/example_dataset_alias.py
[2024-11-11T19:49:20.754+0000] {logging_mixin.py:190} INFO - [2024-11-11T19:49:20.753+0000] {dag.py:3239} INFO - Sync 4 DAGs
[2024-11-11T19:49:20.883+0000] {logging_mixin.py:190} INFO - [2024-11-11T19:49:20.882+0000] {dag.py:4180} INFO - Setting next_dagrun for dataset_alias_example_alias_consumer to None, run_after=None
[2024-11-11T19:49:20.893+0000] {logging_mixin.py:190} INFO - [2024-11-11T19:49:20.892+0000] {dag.py:4180} INFO - Setting next_dagrun for dataset_alias_example_alias_producer to None, run_after=None
[2024-11-11T19:49:20.897+0000] {logging_mixin.py:190} INFO - [2024-11-11T19:49:20.896+0000] {dag.py:4180} INFO - Setting next_dagrun for dataset_s3_bucket_consumer to None, run_after=None
[2024-11-11T19:49:20.901+0000] {logging_mixin.py:190} INFO - [2024-11-11T19:49:20.900+0000] {dag.py:4180} INFO - Setting next_dagrun for dataset_s3_bucket_producer to None, run_after=None
[2024-11-11T19:49:20.955+0000] {processor.py:208} INFO - Processing /home/airflow/.local/lib/python3.12/site-packages/airflow/example_dags/example_dataset_alias.py took 1.577 seconds
[2024-11-11T19:49:51.536+0000] {processor.py:186} INFO - Started process (PID=4966) to work on /home/airflow/.local/lib/python3.12/site-packages/airflow/example_dags/example_dataset_alias.py
[2024-11-11T19:49:51.538+0000] {processor.py:914} INFO - Processing file /home/airflow/.local/lib/python3.12/site-packages/airflow/example_dags/example_dataset_alias.py for tasks to queue
[2024-11-11T19:49:51.541+0000] {logging_mixin.py:190} INFO - [2024-11-11T19:49:51.540+0000] {dagbag.py:588} INFO - Filling up the DagBag from /home/airflow/.local/lib/python3.12/site-packages/airflow/example_dags/example_dataset_alias.py
[2024-11-11T19:49:52.652+0000] {processor.py:925} INFO - DAG(s) 'dataset_alias_example_alias_producer', 'dataset_s3_bucket_consumer', 'dataset_s3_bucket_producer', 'dataset_alias_example_alias_consumer' retrieved from /home/airflow/.local/lib/python3.12/site-packages/airflow/example_dags/example_dataset_alias.py
[2024-11-11T19:49:52.710+0000] {logging_mixin.py:190} INFO - [2024-11-11T19:49:52.709+0000] {dag.py:3239} INFO - Sync 4 DAGs
[2024-11-11T19:49:52.770+0000] {logging_mixin.py:190} INFO - [2024-11-11T19:49:52.769+0000] {dag.py:4180} INFO - Setting next_dagrun for dataset_alias_example_alias_consumer to None, run_after=None
[2024-11-11T19:49:52.780+0000] {logging_mixin.py:190} INFO - [2024-11-11T19:49:52.779+0000] {dag.py:4180} INFO - Setting next_dagrun for dataset_alias_example_alias_producer to None, run_after=None
[2024-11-11T19:49:52.783+0000] {logging_mixin.py:190} INFO - [2024-11-11T19:49:52.783+0000] {dag.py:4180} INFO - Setting next_dagrun for dataset_s3_bucket_consumer to None, run_after=None
[2024-11-11T19:49:52.786+0000] {logging_mixin.py:190} INFO - [2024-11-11T19:49:52.786+0000] {dag.py:4180} INFO - Setting next_dagrun for dataset_s3_bucket_producer to None, run_after=None
[2024-11-11T19:49:52.841+0000] {processor.py:208} INFO - Processing /home/airflow/.local/lib/python3.12/site-packages/airflow/example_dags/example_dataset_alias.py took 1.315 seconds
[2024-11-11T19:50:27.560+0000] {processor.py:186} INFO - Started process (PID=5257) to work on /home/airflow/.local/lib/python3.12/site-packages/airflow/example_dags/example_dataset_alias.py
[2024-11-11T19:50:27.565+0000] {processor.py:914} INFO - Processing file /home/airflow/.local/lib/python3.12/site-packages/airflow/example_dags/example_dataset_alias.py for tasks to queue
[2024-11-11T19:50:27.578+0000] {logging_mixin.py:190} INFO - [2024-11-11T19:50:27.575+0000] {dagbag.py:588} INFO - Filling up the DagBag from /home/airflow/.local/lib/python3.12/site-packages/airflow/example_dags/example_dataset_alias.py
[2024-11-11T19:50:29.561+0000] {processor.py:925} INFO - DAG(s) 'dataset_s3_bucket_producer', 'dataset_s3_bucket_consumer', 'dataset_alias_example_alias_producer', 'dataset_alias_example_alias_consumer' retrieved from /home/airflow/.local/lib/python3.12/site-packages/airflow/example_dags/example_dataset_alias.py
[2024-11-11T19:50:29.651+0000] {logging_mixin.py:190} INFO - [2024-11-11T19:50:29.649+0000] {dag.py:3239} INFO - Sync 4 DAGs
[2024-11-11T19:50:29.878+0000] {logging_mixin.py:190} INFO - [2024-11-11T19:50:29.877+0000] {dag.py:4180} INFO - Setting next_dagrun for dataset_alias_example_alias_consumer to None, run_after=None
[2024-11-11T19:50:29.893+0000] {logging_mixin.py:190} INFO - [2024-11-11T19:50:29.892+0000] {dag.py:4180} INFO - Setting next_dagrun for dataset_alias_example_alias_producer to None, run_after=None
[2024-11-11T19:50:29.900+0000] {logging_mixin.py:190} INFO - [2024-11-11T19:50:29.899+0000] {dag.py:4180} INFO - Setting next_dagrun for dataset_s3_bucket_consumer to None, run_after=None
[2024-11-11T19:50:29.912+0000] {logging_mixin.py:190} INFO - [2024-11-11T19:50:29.911+0000] {dag.py:4180} INFO - Setting next_dagrun for dataset_s3_bucket_producer to None, run_after=None
[2024-11-11T19:50:30.037+0000] {processor.py:208} INFO - Processing /home/airflow/.local/lib/python3.12/site-packages/airflow/example_dags/example_dataset_alias.py took 2.517 seconds
[2024-11-11T19:51:01.389+0000] {processor.py:186} INFO - Started process (PID=5590) to work on /home/airflow/.local/lib/python3.12/site-packages/airflow/example_dags/example_dataset_alias.py
[2024-11-11T19:51:01.391+0000] {processor.py:914} INFO - Processing file /home/airflow/.local/lib/python3.12/site-packages/airflow/example_dags/example_dataset_alias.py for tasks to queue
[2024-11-11T19:51:01.396+0000] {logging_mixin.py:190} INFO - [2024-11-11T19:51:01.395+0000] {dagbag.py:588} INFO - Filling up the DagBag from /home/airflow/.local/lib/python3.12/site-packages/airflow/example_dags/example_dataset_alias.py
[2024-11-11T19:51:02.568+0000] {processor.py:925} INFO - DAG(s) 'dataset_alias_example_alias_consumer', 'dataset_alias_example_alias_producer', 'dataset_s3_bucket_consumer', 'dataset_s3_bucket_producer' retrieved from /home/airflow/.local/lib/python3.12/site-packages/airflow/example_dags/example_dataset_alias.py
[2024-11-11T19:51:02.617+0000] {logging_mixin.py:190} INFO - [2024-11-11T19:51:02.616+0000] {dag.py:3239} INFO - Sync 4 DAGs
[2024-11-11T19:51:03.061+0000] {logging_mixin.py:190} INFO - [2024-11-11T19:51:03.061+0000] {dag.py:4180} INFO - Setting next_dagrun for dataset_alias_example_alias_consumer to None, run_after=None
[2024-11-11T19:51:03.067+0000] {logging_mixin.py:190} INFO - [2024-11-11T19:51:03.067+0000] {dag.py:4180} INFO - Setting next_dagrun for dataset_alias_example_alias_producer to None, run_after=None
[2024-11-11T19:51:03.070+0000] {logging_mixin.py:190} INFO - [2024-11-11T19:51:03.070+0000] {dag.py:4180} INFO - Setting next_dagrun for dataset_s3_bucket_consumer to None, run_after=None
[2024-11-11T19:51:03.073+0000] {logging_mixin.py:190} INFO - [2024-11-11T19:51:03.073+0000] {dag.py:4180} INFO - Setting next_dagrun for dataset_s3_bucket_producer to None, run_after=None
[2024-11-11T19:51:03.126+0000] {processor.py:208} INFO - Processing /home/airflow/.local/lib/python3.12/site-packages/airflow/example_dags/example_dataset_alias.py took 1.365 seconds
[2024-11-11T19:51:34.760+0000] {processor.py:186} INFO - Started process (PID=5885) to work on /home/airflow/.local/lib/python3.12/site-packages/airflow/example_dags/example_dataset_alias.py
[2024-11-11T19:51:34.766+0000] {processor.py:914} INFO - Processing file /home/airflow/.local/lib/python3.12/site-packages/airflow/example_dags/example_dataset_alias.py for tasks to queue
[2024-11-11T19:51:34.775+0000] {logging_mixin.py:190} INFO - [2024-11-11T19:51:34.774+0000] {dagbag.py:588} INFO - Filling up the DagBag from /home/airflow/.local/lib/python3.12/site-packages/airflow/example_dags/example_dataset_alias.py
[2024-11-11T19:51:35.839+0000] {processor.py:925} INFO - DAG(s) 'dataset_alias_example_alias_producer', 'dataset_s3_bucket_consumer', 'dataset_s3_bucket_producer', 'dataset_alias_example_alias_consumer' retrieved from /home/airflow/.local/lib/python3.12/site-packages/airflow/example_dags/example_dataset_alias.py
[2024-11-11T19:51:35.877+0000] {logging_mixin.py:190} INFO - [2024-11-11T19:51:35.876+0000] {dag.py:3239} INFO - Sync 4 DAGs
[2024-11-11T19:51:35.927+0000] {logging_mixin.py:190} INFO - [2024-11-11T19:51:35.927+0000] {dag.py:4180} INFO - Setting next_dagrun for dataset_alias_example_alias_consumer to None, run_after=None
[2024-11-11T19:51:35.933+0000] {logging_mixin.py:190} INFO - [2024-11-11T19:51:35.933+0000] {dag.py:4180} INFO - Setting next_dagrun for dataset_alias_example_alias_producer to None, run_after=None
[2024-11-11T19:51:35.936+0000] {logging_mixin.py:190} INFO - [2024-11-11T19:51:35.936+0000] {dag.py:4180} INFO - Setting next_dagrun for dataset_s3_bucket_consumer to None, run_after=None
[2024-11-11T19:51:35.939+0000] {logging_mixin.py:190} INFO - [2024-11-11T19:51:35.939+0000] {dag.py:4180} INFO - Setting next_dagrun for dataset_s3_bucket_producer to None, run_after=None
[2024-11-11T19:51:35.992+0000] {processor.py:208} INFO - Processing /home/airflow/.local/lib/python3.12/site-packages/airflow/example_dags/example_dataset_alias.py took 1.261 seconds
[2024-11-11T19:52:07.307+0000] {processor.py:186} INFO - Started process (PID=6191) to work on /home/airflow/.local/lib/python3.12/site-packages/airflow/example_dags/example_dataset_alias.py
[2024-11-11T19:52:07.309+0000] {processor.py:914} INFO - Processing file /home/airflow/.local/lib/python3.12/site-packages/airflow/example_dags/example_dataset_alias.py for tasks to queue
[2024-11-11T19:52:07.313+0000] {logging_mixin.py:190} INFO - [2024-11-11T19:52:07.313+0000] {dagbag.py:588} INFO - Filling up the DagBag from /home/airflow/.local/lib/python3.12/site-packages/airflow/example_dags/example_dataset_alias.py
[2024-11-11T19:52:08.823+0000] {processor.py:925} INFO - DAG(s) 'dataset_s3_bucket_consumer', 'dataset_alias_example_alias_consumer', 'dataset_alias_example_alias_producer', 'dataset_s3_bucket_producer' retrieved from /home/airflow/.local/lib/python3.12/site-packages/airflow/example_dags/example_dataset_alias.py
[2024-11-11T19:52:08.947+0000] {logging_mixin.py:190} INFO - [2024-11-11T19:52:08.946+0000] {dag.py:3239} INFO - Sync 4 DAGs
[2024-11-11T19:52:09.038+0000] {logging_mixin.py:190} INFO - [2024-11-11T19:52:09.038+0000] {dag.py:4180} INFO - Setting next_dagrun for dataset_alias_example_alias_consumer to None, run_after=None
[2024-11-11T19:52:09.046+0000] {logging_mixin.py:190} INFO - [2024-11-11T19:52:09.046+0000] {dag.py:4180} INFO - Setting next_dagrun for dataset_alias_example_alias_producer to None, run_after=None
[2024-11-11T19:52:09.051+0000] {logging_mixin.py:190} INFO - [2024-11-11T19:52:09.050+0000] {dag.py:4180} INFO - Setting next_dagrun for dataset_s3_bucket_consumer to None, run_after=None
[2024-11-11T19:52:09.054+0000] {logging_mixin.py:190} INFO - [2024-11-11T19:52:09.054+0000] {dag.py:4180} INFO - Setting next_dagrun for dataset_s3_bucket_producer to None, run_after=None
[2024-11-11T19:52:09.122+0000] {processor.py:208} INFO - Processing /home/airflow/.local/lib/python3.12/site-packages/airflow/example_dags/example_dataset_alias.py took 1.826 seconds
[2024-11-11T19:52:39.482+0000] {processor.py:186} INFO - Started process (PID=6484) to work on /home/airflow/.local/lib/python3.12/site-packages/airflow/example_dags/example_dataset_alias.py
[2024-11-11T19:52:39.498+0000] {processor.py:914} INFO - Processing file /home/airflow/.local/lib/python3.12/site-packages/airflow/example_dags/example_dataset_alias.py for tasks to queue
[2024-11-11T19:52:39.507+0000] {logging_mixin.py:190} INFO - [2024-11-11T19:52:39.505+0000] {dagbag.py:588} INFO - Filling up the DagBag from /home/airflow/.local/lib/python3.12/site-packages/airflow/example_dags/example_dataset_alias.py
[2024-11-11T19:52:40.840+0000] {processor.py:925} INFO - DAG(s) 'dataset_alias_example_alias_producer', 'dataset_s3_bucket_producer', 'dataset_s3_bucket_consumer', 'dataset_alias_example_alias_consumer' retrieved from /home/airflow/.local/lib/python3.12/site-packages/airflow/example_dags/example_dataset_alias.py
[2024-11-11T19:52:40.919+0000] {logging_mixin.py:190} INFO - [2024-11-11T19:52:40.918+0000] {dag.py:3239} INFO - Sync 4 DAGs
[2024-11-11T19:52:40.976+0000] {logging_mixin.py:190} INFO - [2024-11-11T19:52:40.975+0000] {dag.py:4180} INFO - Setting next_dagrun for dataset_alias_example_alias_consumer to None, run_after=None
[2024-11-11T19:52:40.983+0000] {logging_mixin.py:190} INFO - [2024-11-11T19:52:40.983+0000] {dag.py:4180} INFO - Setting next_dagrun for dataset_alias_example_alias_producer to None, run_after=None
[2024-11-11T19:52:40.987+0000] {logging_mixin.py:190} INFO - [2024-11-11T19:52:40.986+0000] {dag.py:4180} INFO - Setting next_dagrun for dataset_s3_bucket_consumer to None, run_after=None
[2024-11-11T19:52:40.989+0000] {logging_mixin.py:190} INFO - [2024-11-11T19:52:40.988+0000] {dag.py:4180} INFO - Setting next_dagrun for dataset_s3_bucket_producer to None, run_after=None
[2024-11-11T19:52:41.031+0000] {processor.py:208} INFO - Processing /home/airflow/.local/lib/python3.12/site-packages/airflow/example_dags/example_dataset_alias.py took 1.565 seconds
[2024-11-11T19:53:11.328+0000] {processor.py:186} INFO - Started process (PID=6775) to work on /home/airflow/.local/lib/python3.12/site-packages/airflow/example_dags/example_dataset_alias.py
[2024-11-11T19:53:11.330+0000] {processor.py:914} INFO - Processing file /home/airflow/.local/lib/python3.12/site-packages/airflow/example_dags/example_dataset_alias.py for tasks to queue
[2024-11-11T19:53:11.335+0000] {logging_mixin.py:190} INFO - [2024-11-11T19:53:11.334+0000] {dagbag.py:588} INFO - Filling up the DagBag from /home/airflow/.local/lib/python3.12/site-packages/airflow/example_dags/example_dataset_alias.py
[2024-11-11T19:53:12.442+0000] {processor.py:925} INFO - DAG(s) 'dataset_s3_bucket_consumer', 'dataset_s3_bucket_producer', 'dataset_alias_example_alias_consumer', 'dataset_alias_example_alias_producer' retrieved from /home/airflow/.local/lib/python3.12/site-packages/airflow/example_dags/example_dataset_alias.py
[2024-11-11T19:53:12.479+0000] {logging_mixin.py:190} INFO - [2024-11-11T19:53:12.478+0000] {dag.py:3239} INFO - Sync 4 DAGs
[2024-11-11T19:53:12.524+0000] {logging_mixin.py:190} INFO - [2024-11-11T19:53:12.524+0000] {dag.py:4180} INFO - Setting next_dagrun for dataset_alias_example_alias_consumer to None, run_after=None
[2024-11-11T19:53:12.529+0000] {logging_mixin.py:190} INFO - [2024-11-11T19:53:12.529+0000] {dag.py:4180} INFO - Setting next_dagrun for dataset_alias_example_alias_producer to None, run_after=None
[2024-11-11T19:53:12.532+0000] {logging_mixin.py:190} INFO - [2024-11-11T19:53:12.532+0000] {dag.py:4180} INFO - Setting next_dagrun for dataset_s3_bucket_consumer to None, run_after=None
[2024-11-11T19:53:12.535+0000] {logging_mixin.py:190} INFO - [2024-11-11T19:53:12.535+0000] {dag.py:4180} INFO - Setting next_dagrun for dataset_s3_bucket_producer to None, run_after=None
[2024-11-11T19:53:12.581+0000] {processor.py:208} INFO - Processing /home/airflow/.local/lib/python3.12/site-packages/airflow/example_dags/example_dataset_alias.py took 1.271 seconds
[2024-11-11T19:53:43.067+0000] {processor.py:186} INFO - Started process (PID=7066) to work on /home/airflow/.local/lib/python3.12/site-packages/airflow/example_dags/example_dataset_alias.py
[2024-11-11T19:53:43.071+0000] {processor.py:914} INFO - Processing file /home/airflow/.local/lib/python3.12/site-packages/airflow/example_dags/example_dataset_alias.py for tasks to queue
[2024-11-11T19:53:43.082+0000] {logging_mixin.py:190} INFO - [2024-11-11T19:53:43.079+0000] {dagbag.py:588} INFO - Filling up the DagBag from /home/airflow/.local/lib/python3.12/site-packages/airflow/example_dags/example_dataset_alias.py
[2024-11-11T19:53:44.186+0000] {processor.py:925} INFO - DAG(s) 'dataset_s3_bucket_producer', 'dataset_s3_bucket_consumer', 'dataset_alias_example_alias_consumer', 'dataset_alias_example_alias_producer' retrieved from /home/airflow/.local/lib/python3.12/site-packages/airflow/example_dags/example_dataset_alias.py
[2024-11-11T19:53:44.221+0000] {logging_mixin.py:190} INFO - [2024-11-11T19:53:44.220+0000] {dag.py:3239} INFO - Sync 4 DAGs
[2024-11-11T19:53:44.280+0000] {logging_mixin.py:190} INFO - [2024-11-11T19:53:44.279+0000] {dag.py:4180} INFO - Setting next_dagrun for dataset_alias_example_alias_consumer to None, run_after=None
[2024-11-11T19:53:44.284+0000] {logging_mixin.py:190} INFO - [2024-11-11T19:53:44.284+0000] {dag.py:4180} INFO - Setting next_dagrun for dataset_alias_example_alias_producer to None, run_after=None
[2024-11-11T19:53:44.287+0000] {logging_mixin.py:190} INFO - [2024-11-11T19:53:44.287+0000] {dag.py:4180} INFO - Setting next_dagrun for dataset_s3_bucket_consumer to None, run_after=None
[2024-11-11T19:53:44.290+0000] {logging_mixin.py:190} INFO - [2024-11-11T19:53:44.289+0000] {dag.py:4180} INFO - Setting next_dagrun for dataset_s3_bucket_producer to None, run_after=None
[2024-11-11T19:53:44.328+0000] {processor.py:208} INFO - Processing /home/airflow/.local/lib/python3.12/site-packages/airflow/example_dags/example_dataset_alias.py took 1.290 seconds
[2024-11-11T19:54:14.656+0000] {processor.py:186} INFO - Started process (PID=7357) to work on /home/airflow/.local/lib/python3.12/site-packages/airflow/example_dags/example_dataset_alias.py
[2024-11-11T19:54:14.660+0000] {processor.py:914} INFO - Processing file /home/airflow/.local/lib/python3.12/site-packages/airflow/example_dags/example_dataset_alias.py for tasks to queue
[2024-11-11T19:54:14.672+0000] {logging_mixin.py:190} INFO - [2024-11-11T19:54:14.669+0000] {dagbag.py:588} INFO - Filling up the DagBag from /home/airflow/.local/lib/python3.12/site-packages/airflow/example_dags/example_dataset_alias.py
[2024-11-11T19:54:15.608+0000] {processor.py:925} INFO - DAG(s) 'dataset_s3_bucket_consumer', 'dataset_s3_bucket_producer', 'dataset_alias_example_alias_producer', 'dataset_alias_example_alias_consumer' retrieved from /home/airflow/.local/lib/python3.12/site-packages/airflow/example_dags/example_dataset_alias.py
[2024-11-11T19:54:15.645+0000] {logging_mixin.py:190} INFO - [2024-11-11T19:54:15.645+0000] {dag.py:3239} INFO - Sync 4 DAGs
[2024-11-11T19:54:15.690+0000] {logging_mixin.py:190} INFO - [2024-11-11T19:54:15.690+0000] {dag.py:4180} INFO - Setting next_dagrun for dataset_alias_example_alias_consumer to None, run_after=None
[2024-11-11T19:54:15.696+0000] {logging_mixin.py:190} INFO - [2024-11-11T19:54:15.696+0000] {dag.py:4180} INFO - Setting next_dagrun for dataset_alias_example_alias_producer to None, run_after=None
[2024-11-11T19:54:15.699+0000] {logging_mixin.py:190} INFO - [2024-11-11T19:54:15.699+0000] {dag.py:4180} INFO - Setting next_dagrun for dataset_s3_bucket_consumer to None, run_after=None
[2024-11-11T19:54:15.702+0000] {logging_mixin.py:190} INFO - [2024-11-11T19:54:15.702+0000] {dag.py:4180} INFO - Setting next_dagrun for dataset_s3_bucket_producer to None, run_after=None
[2024-11-11T19:54:15.754+0000] {processor.py:208} INFO - Processing /home/airflow/.local/lib/python3.12/site-packages/airflow/example_dags/example_dataset_alias.py took 1.129 seconds
[2024-11-11T19:54:45.985+0000] {processor.py:186} INFO - Started process (PID=7648) to work on /home/airflow/.local/lib/python3.12/site-packages/airflow/example_dags/example_dataset_alias.py
[2024-11-11T19:54:45.986+0000] {processor.py:914} INFO - Processing file /home/airflow/.local/lib/python3.12/site-packages/airflow/example_dags/example_dataset_alias.py for tasks to queue
[2024-11-11T19:54:45.991+0000] {logging_mixin.py:190} INFO - [2024-11-11T19:54:45.991+0000] {dagbag.py:588} INFO - Filling up the DagBag from /home/airflow/.local/lib/python3.12/site-packages/airflow/example_dags/example_dataset_alias.py
[2024-11-11T19:54:47.110+0000] {processor.py:925} INFO - DAG(s) 'dataset_alias_example_alias_consumer', 'dataset_alias_example_alias_producer', 'dataset_s3_bucket_consumer', 'dataset_s3_bucket_producer' retrieved from /home/airflow/.local/lib/python3.12/site-packages/airflow/example_dags/example_dataset_alias.py
[2024-11-11T19:54:47.164+0000] {logging_mixin.py:190} INFO - [2024-11-11T19:54:47.163+0000] {dag.py:3239} INFO - Sync 4 DAGs
[2024-11-11T19:54:47.223+0000] {logging_mixin.py:190} INFO - [2024-11-11T19:54:47.223+0000] {dag.py:4180} INFO - Setting next_dagrun for dataset_alias_example_alias_consumer to None, run_after=None
[2024-11-11T19:54:47.229+0000] {logging_mixin.py:190} INFO - [2024-11-11T19:54:47.229+0000] {dag.py:4180} INFO - Setting next_dagrun for dataset_alias_example_alias_producer to None, run_after=None
[2024-11-11T19:54:47.233+0000] {logging_mixin.py:190} INFO - [2024-11-11T19:54:47.232+0000] {dag.py:4180} INFO - Setting next_dagrun for dataset_s3_bucket_consumer to None, run_after=None
[2024-11-11T19:54:47.236+0000] {logging_mixin.py:190} INFO - [2024-11-11T19:54:47.235+0000] {dag.py:4180} INFO - Setting next_dagrun for dataset_s3_bucket_producer to None, run_after=None
[2024-11-11T19:54:47.285+0000] {processor.py:208} INFO - Processing /home/airflow/.local/lib/python3.12/site-packages/airflow/example_dags/example_dataset_alias.py took 1.320 seconds
[2024-11-11T19:55:17.614+0000] {processor.py:186} INFO - Started process (PID=7940) to work on /home/airflow/.local/lib/python3.12/site-packages/airflow/example_dags/example_dataset_alias.py
[2024-11-11T19:55:17.618+0000] {processor.py:914} INFO - Processing file /home/airflow/.local/lib/python3.12/site-packages/airflow/example_dags/example_dataset_alias.py for tasks to queue
[2024-11-11T19:55:17.628+0000] {logging_mixin.py:190} INFO - [2024-11-11T19:55:17.627+0000] {dagbag.py:588} INFO - Filling up the DagBag from /home/airflow/.local/lib/python3.12/site-packages/airflow/example_dags/example_dataset_alias.py
[2024-11-11T19:55:19.175+0000] {processor.py:925} INFO - DAG(s) 'dataset_alias_example_alias_consumer', 'dataset_s3_bucket_producer', 'dataset_alias_example_alias_producer', 'dataset_s3_bucket_consumer' retrieved from /home/airflow/.local/lib/python3.12/site-packages/airflow/example_dags/example_dataset_alias.py
[2024-11-11T19:55:19.247+0000] {logging_mixin.py:190} INFO - [2024-11-11T19:55:19.246+0000] {dag.py:3239} INFO - Sync 4 DAGs
[2024-11-11T19:55:19.305+0000] {logging_mixin.py:190} INFO - [2024-11-11T19:55:19.305+0000] {dag.py:4180} INFO - Setting next_dagrun for dataset_alias_example_alias_consumer to None, run_after=None
[2024-11-11T19:55:19.312+0000] {logging_mixin.py:190} INFO - [2024-11-11T19:55:19.311+0000] {dag.py:4180} INFO - Setting next_dagrun for dataset_alias_example_alias_producer to None, run_after=None
[2024-11-11T19:55:19.315+0000] {logging_mixin.py:190} INFO - [2024-11-11T19:55:19.314+0000] {dag.py:4180} INFO - Setting next_dagrun for dataset_s3_bucket_consumer to None, run_after=None
[2024-11-11T19:55:19.317+0000] {logging_mixin.py:190} INFO - [2024-11-11T19:55:19.317+0000] {dag.py:4180} INFO - Setting next_dagrun for dataset_s3_bucket_producer to None, run_after=None
[2024-11-11T19:55:19.357+0000] {processor.py:208} INFO - Processing /home/airflow/.local/lib/python3.12/site-packages/airflow/example_dags/example_dataset_alias.py took 1.772 seconds
[2024-11-11T19:55:49.592+0000] {processor.py:186} INFO - Started process (PID=8232) to work on /home/airflow/.local/lib/python3.12/site-packages/airflow/example_dags/example_dataset_alias.py
[2024-11-11T19:55:49.597+0000] {processor.py:914} INFO - Processing file /home/airflow/.local/lib/python3.12/site-packages/airflow/example_dags/example_dataset_alias.py for tasks to queue
[2024-11-11T19:55:49.612+0000] {logging_mixin.py:190} INFO - [2024-11-11T19:55:49.610+0000] {dagbag.py:588} INFO - Filling up the DagBag from /home/airflow/.local/lib/python3.12/site-packages/airflow/example_dags/example_dataset_alias.py
[2024-11-11T19:55:51.085+0000] {processor.py:925} INFO - DAG(s) 'dataset_alias_example_alias_producer', 'dataset_s3_bucket_consumer', 'dataset_alias_example_alias_consumer', 'dataset_s3_bucket_producer' retrieved from /home/airflow/.local/lib/python3.12/site-packages/airflow/example_dags/example_dataset_alias.py
[2024-11-11T19:55:51.134+0000] {logging_mixin.py:190} INFO - [2024-11-11T19:55:51.133+0000] {dag.py:3239} INFO - Sync 4 DAGs
[2024-11-11T19:55:51.196+0000] {logging_mixin.py:190} INFO - [2024-11-11T19:55:51.196+0000] {dag.py:4180} INFO - Setting next_dagrun for dataset_alias_example_alias_consumer to None, run_after=None
[2024-11-11T19:55:51.203+0000] {logging_mixin.py:190} INFO - [2024-11-11T19:55:51.202+0000] {dag.py:4180} INFO - Setting next_dagrun for dataset_alias_example_alias_producer to None, run_after=None
[2024-11-11T19:55:51.209+0000] {logging_mixin.py:190} INFO - [2024-11-11T19:55:51.209+0000] {dag.py:4180} INFO - Setting next_dagrun for dataset_s3_bucket_consumer to None, run_after=None
[2024-11-11T19:55:51.212+0000] {logging_mixin.py:190} INFO - [2024-11-11T19:55:51.212+0000] {dag.py:4180} INFO - Setting next_dagrun for dataset_s3_bucket_producer to None, run_after=None
[2024-11-11T19:55:51.307+0000] {processor.py:208} INFO - Processing /home/airflow/.local/lib/python3.12/site-packages/airflow/example_dags/example_dataset_alias.py took 1.753 seconds
[2024-11-11T19:56:21.478+0000] {processor.py:186} INFO - Started process (PID=8524) to work on /home/airflow/.local/lib/python3.12/site-packages/airflow/example_dags/example_dataset_alias.py
[2024-11-11T19:56:21.485+0000] {processor.py:914} INFO - Processing file /home/airflow/.local/lib/python3.12/site-packages/airflow/example_dags/example_dataset_alias.py for tasks to queue
[2024-11-11T19:56:21.489+0000] {logging_mixin.py:190} INFO - [2024-11-11T19:56:21.489+0000] {dagbag.py:588} INFO - Filling up the DagBag from /home/airflow/.local/lib/python3.12/site-packages/airflow/example_dags/example_dataset_alias.py
[2024-11-11T19:56:22.511+0000] {processor.py:925} INFO - DAG(s) 'dataset_alias_example_alias_consumer', 'dataset_s3_bucket_producer', 'dataset_s3_bucket_consumer', 'dataset_alias_example_alias_producer' retrieved from /home/airflow/.local/lib/python3.12/site-packages/airflow/example_dags/example_dataset_alias.py
[2024-11-11T19:56:22.555+0000] {logging_mixin.py:190} INFO - [2024-11-11T19:56:22.554+0000] {dag.py:3239} INFO - Sync 4 DAGs
[2024-11-11T19:56:22.603+0000] {logging_mixin.py:190} INFO - [2024-11-11T19:56:22.603+0000] {dag.py:4180} INFO - Setting next_dagrun for dataset_alias_example_alias_consumer to None, run_after=None
[2024-11-11T19:56:22.608+0000] {logging_mixin.py:190} INFO - [2024-11-11T19:56:22.607+0000] {dag.py:4180} INFO - Setting next_dagrun for dataset_alias_example_alias_producer to None, run_after=None
[2024-11-11T19:56:22.610+0000] {logging_mixin.py:190} INFO - [2024-11-11T19:56:22.610+0000] {dag.py:4180} INFO - Setting next_dagrun for dataset_s3_bucket_consumer to None, run_after=None
[2024-11-11T19:56:22.613+0000] {logging_mixin.py:190} INFO - [2024-11-11T19:56:22.612+0000] {dag.py:4180} INFO - Setting next_dagrun for dataset_s3_bucket_producer to None, run_after=None
[2024-11-11T19:56:22.656+0000] {processor.py:208} INFO - Processing /home/airflow/.local/lib/python3.12/site-packages/airflow/example_dags/example_dataset_alias.py took 1.193 seconds
[2024-11-11T19:56:53.593+0000] {processor.py:186} INFO - Started process (PID=8815) to work on /home/airflow/.local/lib/python3.12/site-packages/airflow/example_dags/example_dataset_alias.py
[2024-11-11T19:56:53.595+0000] {processor.py:914} INFO - Processing file /home/airflow/.local/lib/python3.12/site-packages/airflow/example_dags/example_dataset_alias.py for tasks to queue
[2024-11-11T19:56:53.599+0000] {logging_mixin.py:190} INFO - [2024-11-11T19:56:53.598+0000] {dagbag.py:588} INFO - Filling up the DagBag from /home/airflow/.local/lib/python3.12/site-packages/airflow/example_dags/example_dataset_alias.py
[2024-11-11T19:56:54.659+0000] {processor.py:925} INFO - DAG(s) 'dataset_s3_bucket_producer', 'dataset_alias_example_alias_producer', 'dataset_s3_bucket_consumer', 'dataset_alias_example_alias_consumer' retrieved from /home/airflow/.local/lib/python3.12/site-packages/airflow/example_dags/example_dataset_alias.py
[2024-11-11T19:56:54.716+0000] {logging_mixin.py:190} INFO - [2024-11-11T19:56:54.715+0000] {dag.py:3239} INFO - Sync 4 DAGs
[2024-11-11T19:56:54.776+0000] {logging_mixin.py:190} INFO - [2024-11-11T19:56:54.775+0000] {dag.py:4180} INFO - Setting next_dagrun for dataset_alias_example_alias_consumer to None, run_after=None
[2024-11-11T19:56:54.781+0000] {logging_mixin.py:190} INFO - [2024-11-11T19:56:54.781+0000] {dag.py:4180} INFO - Setting next_dagrun for dataset_alias_example_alias_producer to None, run_after=None
[2024-11-11T19:56:54.784+0000] {logging_mixin.py:190} INFO - [2024-11-11T19:56:54.783+0000] {dag.py:4180} INFO - Setting next_dagrun for dataset_s3_bucket_consumer to None, run_after=None
[2024-11-11T19:56:54.786+0000] {logging_mixin.py:190} INFO - [2024-11-11T19:56:54.785+0000] {dag.py:4180} INFO - Setting next_dagrun for dataset_s3_bucket_producer to None, run_after=None
[2024-11-11T19:56:54.824+0000] {processor.py:208} INFO - Processing /home/airflow/.local/lib/python3.12/site-packages/airflow/example_dags/example_dataset_alias.py took 1.241 seconds
[2024-11-11T19:57:25.868+0000] {processor.py:186} INFO - Started process (PID=9116) to work on /home/airflow/.local/lib/python3.12/site-packages/airflow/example_dags/example_dataset_alias.py
[2024-11-11T19:57:25.870+0000] {processor.py:914} INFO - Processing file /home/airflow/.local/lib/python3.12/site-packages/airflow/example_dags/example_dataset_alias.py for tasks to queue
[2024-11-11T19:57:25.876+0000] {logging_mixin.py:190} INFO - [2024-11-11T19:57:25.875+0000] {dagbag.py:588} INFO - Filling up the DagBag from /home/airflow/.local/lib/python3.12/site-packages/airflow/example_dags/example_dataset_alias.py
[2024-11-11T19:57:27.071+0000] {processor.py:925} INFO - DAG(s) 'dataset_alias_example_alias_consumer', 'dataset_s3_bucket_producer', 'dataset_s3_bucket_consumer', 'dataset_alias_example_alias_producer' retrieved from /home/airflow/.local/lib/python3.12/site-packages/airflow/example_dags/example_dataset_alias.py
[2024-11-11T19:57:27.113+0000] {logging_mixin.py:190} INFO - [2024-11-11T19:57:27.112+0000] {dag.py:3239} INFO - Sync 4 DAGs
[2024-11-11T19:57:27.165+0000] {logging_mixin.py:190} INFO - [2024-11-11T19:57:27.164+0000] {dag.py:4180} INFO - Setting next_dagrun for dataset_alias_example_alias_consumer to None, run_after=None
[2024-11-11T19:57:27.171+0000] {logging_mixin.py:190} INFO - [2024-11-11T19:57:27.171+0000] {dag.py:4180} INFO - Setting next_dagrun for dataset_alias_example_alias_producer to None, run_after=None
[2024-11-11T19:57:27.175+0000] {logging_mixin.py:190} INFO - [2024-11-11T19:57:27.174+0000] {dag.py:4180} INFO - Setting next_dagrun for dataset_s3_bucket_consumer to None, run_after=None
[2024-11-11T19:57:27.178+0000] {logging_mixin.py:190} INFO - [2024-11-11T19:57:27.177+0000] {dag.py:4180} INFO - Setting next_dagrun for dataset_s3_bucket_producer to None, run_after=None
[2024-11-11T19:57:27.236+0000] {processor.py:208} INFO - Processing /home/airflow/.local/lib/python3.12/site-packages/airflow/example_dags/example_dataset_alias.py took 1.383 seconds
[2024-11-11T19:57:57.439+0000] {processor.py:186} INFO - Started process (PID=9407) to work on /home/airflow/.local/lib/python3.12/site-packages/airflow/example_dags/example_dataset_alias.py
[2024-11-11T19:57:57.446+0000] {processor.py:914} INFO - Processing file /home/airflow/.local/lib/python3.12/site-packages/airflow/example_dags/example_dataset_alias.py for tasks to queue
[2024-11-11T19:57:57.452+0000] {logging_mixin.py:190} INFO - [2024-11-11T19:57:57.451+0000] {dagbag.py:588} INFO - Filling up the DagBag from /home/airflow/.local/lib/python3.12/site-packages/airflow/example_dags/example_dataset_alias.py
[2024-11-11T19:57:58.475+0000] {processor.py:925} INFO - DAG(s) 'dataset_alias_example_alias_consumer', 'dataset_s3_bucket_producer', 'dataset_s3_bucket_consumer', 'dataset_alias_example_alias_producer' retrieved from /home/airflow/.local/lib/python3.12/site-packages/airflow/example_dags/example_dataset_alias.py
[2024-11-11T19:57:58.540+0000] {logging_mixin.py:190} INFO - [2024-11-11T19:57:58.539+0000] {dag.py:3239} INFO - Sync 4 DAGs
[2024-11-11T19:57:58.591+0000] {logging_mixin.py:190} INFO - [2024-11-11T19:57:58.591+0000] {dag.py:4180} INFO - Setting next_dagrun for dataset_alias_example_alias_consumer to None, run_after=None
[2024-11-11T19:57:58.597+0000] {logging_mixin.py:190} INFO - [2024-11-11T19:57:58.596+0000] {dag.py:4180} INFO - Setting next_dagrun for dataset_alias_example_alias_producer to None, run_after=None
[2024-11-11T19:57:58.600+0000] {logging_mixin.py:190} INFO - [2024-11-11T19:57:58.600+0000] {dag.py:4180} INFO - Setting next_dagrun for dataset_s3_bucket_consumer to None, run_after=None
[2024-11-11T19:57:58.603+0000] {logging_mixin.py:190} INFO - [2024-11-11T19:57:58.603+0000] {dag.py:4180} INFO - Setting next_dagrun for dataset_s3_bucket_producer to None, run_after=None
[2024-11-11T19:57:58.651+0000] {processor.py:208} INFO - Processing /home/airflow/.local/lib/python3.12/site-packages/airflow/example_dags/example_dataset_alias.py took 1.227 seconds
[2024-11-11T19:58:29.053+0000] {processor.py:186} INFO - Started process (PID=9706) to work on /home/airflow/.local/lib/python3.12/site-packages/airflow/example_dags/example_dataset_alias.py
[2024-11-11T19:58:29.057+0000] {processor.py:914} INFO - Processing file /home/airflow/.local/lib/python3.12/site-packages/airflow/example_dags/example_dataset_alias.py for tasks to queue
[2024-11-11T19:58:29.062+0000] {logging_mixin.py:190} INFO - [2024-11-11T19:58:29.061+0000] {dagbag.py:588} INFO - Filling up the DagBag from /home/airflow/.local/lib/python3.12/site-packages/airflow/example_dags/example_dataset_alias.py
[2024-11-11T19:58:30.548+0000] {processor.py:925} INFO - DAG(s) 'dataset_alias_example_alias_consumer', 'dataset_s3_bucket_producer', 'dataset_alias_example_alias_producer', 'dataset_s3_bucket_consumer' retrieved from /home/airflow/.local/lib/python3.12/site-packages/airflow/example_dags/example_dataset_alias.py
[2024-11-11T19:58:30.649+0000] {logging_mixin.py:190} INFO - [2024-11-11T19:58:30.647+0000] {dag.py:3239} INFO - Sync 4 DAGs
[2024-11-11T19:58:30.765+0000] {logging_mixin.py:190} INFO - [2024-11-11T19:58:30.764+0000] {dag.py:4180} INFO - Setting next_dagrun for dataset_alias_example_alias_consumer to None, run_after=None
[2024-11-11T19:58:30.780+0000] {logging_mixin.py:190} INFO - [2024-11-11T19:58:30.778+0000] {dag.py:4180} INFO - Setting next_dagrun for dataset_alias_example_alias_producer to None, run_after=None
[2024-11-11T19:58:30.789+0000] {logging_mixin.py:190} INFO - [2024-11-11T19:58:30.788+0000] {dag.py:4180} INFO - Setting next_dagrun for dataset_s3_bucket_consumer to None, run_after=None
[2024-11-11T19:58:30.795+0000] {logging_mixin.py:190} INFO - [2024-11-11T19:58:30.795+0000] {dag.py:4180} INFO - Setting next_dagrun for dataset_s3_bucket_producer to None, run_after=None
[2024-11-11T19:58:30.895+0000] {processor.py:208} INFO - Processing /home/airflow/.local/lib/python3.12/site-packages/airflow/example_dags/example_dataset_alias.py took 1.858 seconds
[2024-11-11T19:59:01.635+0000] {processor.py:186} INFO - Started process (PID=10019) to work on /home/airflow/.local/lib/python3.12/site-packages/airflow/example_dags/example_dataset_alias.py
[2024-11-11T19:59:01.643+0000] {processor.py:914} INFO - Processing file /home/airflow/.local/lib/python3.12/site-packages/airflow/example_dags/example_dataset_alias.py for tasks to queue
[2024-11-11T19:59:01.653+0000] {logging_mixin.py:190} INFO - [2024-11-11T19:59:01.651+0000] {dagbag.py:588} INFO - Filling up the DagBag from /home/airflow/.local/lib/python3.12/site-packages/airflow/example_dags/example_dataset_alias.py
[2024-11-11T19:59:03.769+0000] {processor.py:925} INFO - DAG(s) 'dataset_alias_example_alias_producer', 'dataset_s3_bucket_consumer', 'dataset_alias_example_alias_consumer', 'dataset_s3_bucket_producer' retrieved from /home/airflow/.local/lib/python3.12/site-packages/airflow/example_dags/example_dataset_alias.py
[2024-11-11T19:59:03.807+0000] {logging_mixin.py:190} INFO - [2024-11-11T19:59:03.807+0000] {dag.py:3239} INFO - Sync 4 DAGs
[2024-11-11T19:59:03.848+0000] {logging_mixin.py:190} INFO - [2024-11-11T19:59:03.848+0000] {dag.py:4180} INFO - Setting next_dagrun for dataset_alias_example_alias_consumer to None, run_after=None
[2024-11-11T19:59:03.853+0000] {logging_mixin.py:190} INFO - [2024-11-11T19:59:03.853+0000] {dag.py:4180} INFO - Setting next_dagrun for dataset_alias_example_alias_producer to None, run_after=None
[2024-11-11T19:59:03.856+0000] {logging_mixin.py:190} INFO - [2024-11-11T19:59:03.856+0000] {dag.py:4180} INFO - Setting next_dagrun for dataset_s3_bucket_consumer to None, run_after=None
[2024-11-11T19:59:03.858+0000] {logging_mixin.py:190} INFO - [2024-11-11T19:59:03.858+0000] {dag.py:4180} INFO - Setting next_dagrun for dataset_s3_bucket_producer to None, run_after=None
[2024-11-11T19:59:03.899+0000] {processor.py:208} INFO - Processing /home/airflow/.local/lib/python3.12/site-packages/airflow/example_dags/example_dataset_alias.py took 1.324 seconds
[2024-11-11T19:59:35.058+0000] {processor.py:186} INFO - Started process (PID=10343) to work on /home/airflow/.local/lib/python3.12/site-packages/airflow/example_dags/example_dataset_alias.py
[2024-11-11T19:59:35.060+0000] {processor.py:914} INFO - Processing file /home/airflow/.local/lib/python3.12/site-packages/airflow/example_dags/example_dataset_alias.py for tasks to queue
[2024-11-11T19:59:35.064+0000] {logging_mixin.py:190} INFO - [2024-11-11T19:59:35.064+0000] {dagbag.py:588} INFO - Filling up the DagBag from /home/airflow/.local/lib/python3.12/site-packages/airflow/example_dags/example_dataset_alias.py
[2024-11-11T19:59:36.826+0000] {processor.py:925} INFO - DAG(s) 'dataset_alias_example_alias_consumer', 'dataset_alias_example_alias_producer', 'dataset_s3_bucket_producer', 'dataset_s3_bucket_consumer' retrieved from /home/airflow/.local/lib/python3.12/site-packages/airflow/example_dags/example_dataset_alias.py
[2024-11-11T19:59:36.879+0000] {logging_mixin.py:190} INFO - [2024-11-11T19:59:36.877+0000] {dag.py:3239} INFO - Sync 4 DAGs
[2024-11-11T19:59:36.956+0000] {logging_mixin.py:190} INFO - [2024-11-11T19:59:36.955+0000] {dag.py:4180} INFO - Setting next_dagrun for dataset_alias_example_alias_consumer to None, run_after=None
[2024-11-11T19:59:36.967+0000] {logging_mixin.py:190} INFO - [2024-11-11T19:59:36.966+0000] {dag.py:4180} INFO - Setting next_dagrun for dataset_alias_example_alias_producer to None, run_after=None
[2024-11-11T19:59:36.973+0000] {logging_mixin.py:190} INFO - [2024-11-11T19:59:36.972+0000] {dag.py:4180} INFO - Setting next_dagrun for dataset_s3_bucket_consumer to None, run_after=None
[2024-11-11T19:59:36.982+0000] {logging_mixin.py:190} INFO - [2024-11-11T19:59:36.981+0000] {dag.py:4180} INFO - Setting next_dagrun for dataset_s3_bucket_producer to None, run_after=None
[2024-11-11T19:59:37.048+0000] {processor.py:208} INFO - Processing /home/airflow/.local/lib/python3.12/site-packages/airflow/example_dags/example_dataset_alias.py took 2.004 seconds
[2024-11-11T20:00:07.722+0000] {processor.py:186} INFO - Started process (PID=10666) to work on /home/airflow/.local/lib/python3.12/site-packages/airflow/example_dags/example_dataset_alias.py
[2024-11-11T20:00:07.724+0000] {processor.py:914} INFO - Processing file /home/airflow/.local/lib/python3.12/site-packages/airflow/example_dags/example_dataset_alias.py for tasks to queue
[2024-11-11T20:00:07.729+0000] {logging_mixin.py:190} INFO - [2024-11-11T20:00:07.729+0000] {dagbag.py:588} INFO - Filling up the DagBag from /home/airflow/.local/lib/python3.12/site-packages/airflow/example_dags/example_dataset_alias.py
[2024-11-11T20:00:09.050+0000] {processor.py:925} INFO - DAG(s) 'dataset_s3_bucket_producer', 'dataset_alias_example_alias_producer', 'dataset_alias_example_alias_consumer', 'dataset_s3_bucket_consumer' retrieved from /home/airflow/.local/lib/python3.12/site-packages/airflow/example_dags/example_dataset_alias.py
[2024-11-11T20:00:09.173+0000] {logging_mixin.py:190} INFO - [2024-11-11T20:00:09.172+0000] {dag.py:3239} INFO - Sync 4 DAGs
[2024-11-11T20:00:09.326+0000] {logging_mixin.py:190} INFO - [2024-11-11T20:00:09.325+0000] {dag.py:4180} INFO - Setting next_dagrun for dataset_alias_example_alias_consumer to None, run_after=None
[2024-11-11T20:00:09.334+0000] {logging_mixin.py:190} INFO - [2024-11-11T20:00:09.333+0000] {dag.py:4180} INFO - Setting next_dagrun for dataset_alias_example_alias_producer to None, run_after=None
[2024-11-11T20:00:09.339+0000] {logging_mixin.py:190} INFO - [2024-11-11T20:00:09.338+0000] {dag.py:4180} INFO - Setting next_dagrun for dataset_s3_bucket_consumer to None, run_after=None
[2024-11-11T20:00:09.343+0000] {logging_mixin.py:190} INFO - [2024-11-11T20:00:09.342+0000] {dag.py:4180} INFO - Setting next_dagrun for dataset_s3_bucket_producer to None, run_after=None
[2024-11-11T20:00:09.401+0000] {processor.py:208} INFO - Processing /home/airflow/.local/lib/python3.12/site-packages/airflow/example_dags/example_dataset_alias.py took 1.694 seconds
[2024-11-11T20:00:40.040+0000] {processor.py:186} INFO - Started process (PID=10965) to work on /home/airflow/.local/lib/python3.12/site-packages/airflow/example_dags/example_dataset_alias.py
[2024-11-11T20:00:40.043+0000] {processor.py:914} INFO - Processing file /home/airflow/.local/lib/python3.12/site-packages/airflow/example_dags/example_dataset_alias.py for tasks to queue
[2024-11-11T20:00:40.049+0000] {logging_mixin.py:190} INFO - [2024-11-11T20:00:40.048+0000] {dagbag.py:588} INFO - Filling up the DagBag from /home/airflow/.local/lib/python3.12/site-packages/airflow/example_dags/example_dataset_alias.py
[2024-11-11T20:00:41.340+0000] {processor.py:925} INFO - DAG(s) 'dataset_alias_example_alias_consumer', 'dataset_alias_example_alias_producer', 'dataset_s3_bucket_consumer', 'dataset_s3_bucket_producer' retrieved from /home/airflow/.local/lib/python3.12/site-packages/airflow/example_dags/example_dataset_alias.py
[2024-11-11T20:00:41.405+0000] {logging_mixin.py:190} INFO - [2024-11-11T20:00:41.404+0000] {dag.py:3239} INFO - Sync 4 DAGs
[2024-11-11T20:00:41.516+0000] {logging_mixin.py:190} INFO - [2024-11-11T20:00:41.514+0000] {dag.py:4180} INFO - Setting next_dagrun for dataset_alias_example_alias_consumer to None, run_after=None
[2024-11-11T20:00:41.537+0000] {logging_mixin.py:190} INFO - [2024-11-11T20:00:41.535+0000] {dag.py:4180} INFO - Setting next_dagrun for dataset_alias_example_alias_producer to None, run_after=None
[2024-11-11T20:00:41.551+0000] {logging_mixin.py:190} INFO - [2024-11-11T20:00:41.549+0000] {dag.py:4180} INFO - Setting next_dagrun for dataset_s3_bucket_consumer to None, run_after=None
[2024-11-11T20:00:41.567+0000] {logging_mixin.py:190} INFO - [2024-11-11T20:00:41.566+0000] {dag.py:4180} INFO - Setting next_dagrun for dataset_s3_bucket_producer to None, run_after=None
[2024-11-11T20:00:41.670+0000] {processor.py:208} INFO - Processing /home/airflow/.local/lib/python3.12/site-packages/airflow/example_dags/example_dataset_alias.py took 1.648 seconds
[2024-11-11T20:01:12.022+0000] {processor.py:186} INFO - Started process (PID=11297) to work on /home/airflow/.local/lib/python3.12/site-packages/airflow/example_dags/example_dataset_alias.py
[2024-11-11T20:01:12.024+0000] {processor.py:914} INFO - Processing file /home/airflow/.local/lib/python3.12/site-packages/airflow/example_dags/example_dataset_alias.py for tasks to queue
[2024-11-11T20:01:12.027+0000] {logging_mixin.py:190} INFO - [2024-11-11T20:01:12.027+0000] {dagbag.py:588} INFO - Filling up the DagBag from /home/airflow/.local/lib/python3.12/site-packages/airflow/example_dags/example_dataset_alias.py
[2024-11-11T20:01:13.271+0000] {processor.py:925} INFO - DAG(s) 'dataset_s3_bucket_consumer', 'dataset_alias_example_alias_producer', 'dataset_s3_bucket_producer', 'dataset_alias_example_alias_consumer' retrieved from /home/airflow/.local/lib/python3.12/site-packages/airflow/example_dags/example_dataset_alias.py
[2024-11-11T20:01:13.333+0000] {logging_mixin.py:190} INFO - [2024-11-11T20:01:13.332+0000] {dag.py:3239} INFO - Sync 4 DAGs
[2024-11-11T20:01:13.384+0000] {logging_mixin.py:190} INFO - [2024-11-11T20:01:13.384+0000] {dag.py:4180} INFO - Setting next_dagrun for dataset_alias_example_alias_consumer to None, run_after=None
[2024-11-11T20:01:13.389+0000] {logging_mixin.py:190} INFO - [2024-11-11T20:01:13.388+0000] {dag.py:4180} INFO - Setting next_dagrun for dataset_alias_example_alias_producer to None, run_after=None
[2024-11-11T20:01:13.391+0000] {logging_mixin.py:190} INFO - [2024-11-11T20:01:13.391+0000] {dag.py:4180} INFO - Setting next_dagrun for dataset_s3_bucket_consumer to None, run_after=None
[2024-11-11T20:01:13.394+0000] {logging_mixin.py:190} INFO - [2024-11-11T20:01:13.393+0000] {dag.py:4180} INFO - Setting next_dagrun for dataset_s3_bucket_producer to None, run_after=None
[2024-11-11T20:01:13.443+0000] {processor.py:208} INFO - Processing /home/airflow/.local/lib/python3.12/site-packages/airflow/example_dags/example_dataset_alias.py took 1.433 seconds
[2024-11-11T20:01:43.826+0000] {processor.py:186} INFO - Started process (PID=11591) to work on /home/airflow/.local/lib/python3.12/site-packages/airflow/example_dags/example_dataset_alias.py
[2024-11-11T20:01:43.831+0000] {processor.py:914} INFO - Processing file /home/airflow/.local/lib/python3.12/site-packages/airflow/example_dags/example_dataset_alias.py for tasks to queue
[2024-11-11T20:01:43.842+0000] {logging_mixin.py:190} INFO - [2024-11-11T20:01:43.840+0000] {dagbag.py:588} INFO - Filling up the DagBag from /home/airflow/.local/lib/python3.12/site-packages/airflow/example_dags/example_dataset_alias.py
[2024-11-11T20:01:45.349+0000] {processor.py:925} INFO - DAG(s) 'dataset_s3_bucket_producer', 'dataset_s3_bucket_consumer', 'dataset_alias_example_alias_consumer', 'dataset_alias_example_alias_producer' retrieved from /home/airflow/.local/lib/python3.12/site-packages/airflow/example_dags/example_dataset_alias.py
[2024-11-11T20:01:45.392+0000] {logging_mixin.py:190} INFO - [2024-11-11T20:01:45.391+0000] {dag.py:3239} INFO - Sync 4 DAGs
[2024-11-11T20:01:45.438+0000] {logging_mixin.py:190} INFO - [2024-11-11T20:01:45.437+0000] {dag.py:4180} INFO - Setting next_dagrun for dataset_alias_example_alias_consumer to None, run_after=None
[2024-11-11T20:01:45.443+0000] {logging_mixin.py:190} INFO - [2024-11-11T20:01:45.442+0000] {dag.py:4180} INFO - Setting next_dagrun for dataset_alias_example_alias_producer to None, run_after=None
[2024-11-11T20:01:45.446+0000] {logging_mixin.py:190} INFO - [2024-11-11T20:01:45.446+0000] {dag.py:4180} INFO - Setting next_dagrun for dataset_s3_bucket_consumer to None, run_after=None
[2024-11-11T20:01:45.449+0000] {logging_mixin.py:190} INFO - [2024-11-11T20:01:45.449+0000] {dag.py:4180} INFO - Setting next_dagrun for dataset_s3_bucket_producer to None, run_after=None
[2024-11-11T20:01:45.522+0000] {processor.py:208} INFO - Processing /home/airflow/.local/lib/python3.12/site-packages/airflow/example_dags/example_dataset_alias.py took 1.739 seconds
[2024-11-11T20:02:16.263+0000] {processor.py:186} INFO - Started process (PID=11905) to work on /home/airflow/.local/lib/python3.12/site-packages/airflow/example_dags/example_dataset_alias.py
[2024-11-11T20:02:16.277+0000] {processor.py:914} INFO - Processing file /home/airflow/.local/lib/python3.12/site-packages/airflow/example_dags/example_dataset_alias.py for tasks to queue
[2024-11-11T20:02:16.284+0000] {logging_mixin.py:190} INFO - [2024-11-11T20:02:16.282+0000] {dagbag.py:588} INFO - Filling up the DagBag from /home/airflow/.local/lib/python3.12/site-packages/airflow/example_dags/example_dataset_alias.py
[2024-11-11T20:02:17.954+0000] {processor.py:925} INFO - DAG(s) 'dataset_alias_example_alias_producer', 'dataset_alias_example_alias_consumer', 'dataset_s3_bucket_producer', 'dataset_s3_bucket_consumer' retrieved from /home/airflow/.local/lib/python3.12/site-packages/airflow/example_dags/example_dataset_alias.py
[2024-11-11T20:02:18.023+0000] {logging_mixin.py:190} INFO - [2024-11-11T20:02:18.022+0000] {dag.py:3239} INFO - Sync 4 DAGs
[2024-11-11T20:02:18.103+0000] {logging_mixin.py:190} INFO - [2024-11-11T20:02:18.102+0000] {dag.py:4180} INFO - Setting next_dagrun for dataset_alias_example_alias_consumer to None, run_after=None
[2024-11-11T20:02:18.111+0000] {logging_mixin.py:190} INFO - [2024-11-11T20:02:18.110+0000] {dag.py:4180} INFO - Setting next_dagrun for dataset_alias_example_alias_producer to None, run_after=None
[2024-11-11T20:02:18.115+0000] {logging_mixin.py:190} INFO - [2024-11-11T20:02:18.114+0000] {dag.py:4180} INFO - Setting next_dagrun for dataset_s3_bucket_consumer to None, run_after=None
[2024-11-11T20:02:18.120+0000] {logging_mixin.py:190} INFO - [2024-11-11T20:02:18.119+0000] {dag.py:4180} INFO - Setting next_dagrun for dataset_s3_bucket_producer to None, run_after=None
[2024-11-11T20:02:18.172+0000] {processor.py:208} INFO - Processing /home/airflow/.local/lib/python3.12/site-packages/airflow/example_dags/example_dataset_alias.py took 1.953 seconds
[2024-11-11T20:02:48.425+0000] {processor.py:186} INFO - Started process (PID=12221) to work on /home/airflow/.local/lib/python3.12/site-packages/airflow/example_dags/example_dataset_alias.py
[2024-11-11T20:02:48.428+0000] {processor.py:914} INFO - Processing file /home/airflow/.local/lib/python3.12/site-packages/airflow/example_dags/example_dataset_alias.py for tasks to queue
[2024-11-11T20:02:48.434+0000] {logging_mixin.py:190} INFO - [2024-11-11T20:02:48.433+0000] {dagbag.py:588} INFO - Filling up the DagBag from /home/airflow/.local/lib/python3.12/site-packages/airflow/example_dags/example_dataset_alias.py
[2024-11-11T20:02:49.610+0000] {processor.py:925} INFO - DAG(s) 'dataset_s3_bucket_consumer', 'dataset_alias_example_alias_producer', 'dataset_alias_example_alias_consumer', 'dataset_s3_bucket_producer' retrieved from /home/airflow/.local/lib/python3.12/site-packages/airflow/example_dags/example_dataset_alias.py
[2024-11-11T20:02:49.657+0000] {logging_mixin.py:190} INFO - [2024-11-11T20:02:49.656+0000] {dag.py:3239} INFO - Sync 4 DAGs
[2024-11-11T20:02:49.702+0000] {logging_mixin.py:190} INFO - [2024-11-11T20:02:49.702+0000] {dag.py:4180} INFO - Setting next_dagrun for dataset_alias_example_alias_consumer to None, run_after=None
[2024-11-11T20:02:49.708+0000] {logging_mixin.py:190} INFO - [2024-11-11T20:02:49.707+0000] {dag.py:4180} INFO - Setting next_dagrun for dataset_alias_example_alias_producer to None, run_after=None
[2024-11-11T20:02:49.711+0000] {logging_mixin.py:190} INFO - [2024-11-11T20:02:49.710+0000] {dag.py:4180} INFO - Setting next_dagrun for dataset_s3_bucket_consumer to None, run_after=None
[2024-11-11T20:02:49.713+0000] {logging_mixin.py:190} INFO - [2024-11-11T20:02:49.713+0000] {dag.py:4180} INFO - Setting next_dagrun for dataset_s3_bucket_producer to None, run_after=None
[2024-11-11T20:02:49.764+0000] {processor.py:208} INFO - Processing /home/airflow/.local/lib/python3.12/site-packages/airflow/example_dags/example_dataset_alias.py took 1.360 seconds
