[2024-11-11T19:41:24.966+0000] {processor.py:186} INFO - Started process (PID=221) to work on /home/airflow/.local/lib/python3.12/site-packages/airflow/example_dags/example_sensors.py
[2024-11-11T19:41:24.967+0000] {processor.py:914} INFO - Processing file /home/airflow/.local/lib/python3.12/site-packages/airflow/example_dags/example_sensors.py for tasks to queue
[2024-11-11T19:41:24.971+0000] {logging_mixin.py:190} INFO - [2024-11-11T19:41:24.970+0000] {dagbag.py:588} INFO - Filling up the DagBag from /home/airflow/.local/lib/python3.12/site-packages/airflow/example_dags/example_sensors.py
[2024-11-11T19:41:24.995+0000] {processor.py:925} INFO - DAG(s) 'example_sensors' retrieved from /home/airflow/.local/lib/python3.12/site-packages/airflow/example_dags/example_sensors.py
[2024-11-11T19:41:25.278+0000] {logging_mixin.py:190} INFO - [2024-11-11T19:41:25.277+0000] {override.py:1911} INFO - Created Permission View: can delete on DAG:example_sensors
[2024-11-11T19:41:25.298+0000] {logging_mixin.py:190} INFO - [2024-11-11T19:41:25.298+0000] {override.py:1911} INFO - Created Permission View: can read on DAG:example_sensors
[2024-11-11T19:41:25.310+0000] {logging_mixin.py:190} INFO - [2024-11-11T19:41:25.310+0000] {override.py:1911} INFO - Created Permission View: can edit on DAG:example_sensors
[2024-11-11T19:41:25.325+0000] {logging_mixin.py:190} INFO - [2024-11-11T19:41:25.325+0000] {override.py:1911} INFO - Created Permission View: can delete on DAG Run:example_sensors
[2024-11-11T19:41:25.339+0000] {logging_mixin.py:190} INFO - [2024-11-11T19:41:25.339+0000] {override.py:1911} INFO - Created Permission View: can create on DAG Run:example_sensors
[2024-11-11T19:41:25.352+0000] {logging_mixin.py:190} INFO - [2024-11-11T19:41:25.351+0000] {override.py:1911} INFO - Created Permission View: menu access on DAG Run:example_sensors
[2024-11-11T19:41:25.366+0000] {logging_mixin.py:190} INFO - [2024-11-11T19:41:25.365+0000] {override.py:1911} INFO - Created Permission View: can read on DAG Run:example_sensors
[2024-11-11T19:41:25.367+0000] {logging_mixin.py:190} INFO - [2024-11-11T19:41:25.366+0000] {dag.py:3239} INFO - Sync 1 DAGs
[2024-11-11T19:41:25.398+0000] {logging_mixin.py:190} INFO - [2024-11-11T19:41:25.397+0000] {dag.py:3262} INFO - Creating ORM DAG for example_sensors
[2024-11-11T19:41:25.399+0000] {logging_mixin.py:190} INFO - [2024-11-11T19:41:25.399+0000] {dag.py:4180} INFO - Setting next_dagrun for example_sensors to None, run_after=None
[2024-11-11T19:41:25.436+0000] {processor.py:208} INFO - Processing /home/airflow/.local/lib/python3.12/site-packages/airflow/example_dags/example_sensors.py took 0.482 seconds
[2024-11-11T19:41:55.736+0000] {processor.py:186} INFO - Started process (PID=512) to work on /home/airflow/.local/lib/python3.12/site-packages/airflow/example_dags/example_sensors.py
[2024-11-11T19:41:55.738+0000] {processor.py:914} INFO - Processing file /home/airflow/.local/lib/python3.12/site-packages/airflow/example_dags/example_sensors.py for tasks to queue
[2024-11-11T19:41:55.743+0000] {logging_mixin.py:190} INFO - [2024-11-11T19:41:55.742+0000] {dagbag.py:588} INFO - Filling up the DagBag from /home/airflow/.local/lib/python3.12/site-packages/airflow/example_dags/example_sensors.py
[2024-11-11T19:41:55.771+0000] {processor.py:925} INFO - DAG(s) 'example_sensors' retrieved from /home/airflow/.local/lib/python3.12/site-packages/airflow/example_dags/example_sensors.py
[2024-11-11T19:41:55.824+0000] {logging_mixin.py:190} INFO - [2024-11-11T19:41:55.824+0000] {dag.py:3239} INFO - Sync 1 DAGs
[2024-11-11T19:41:55.847+0000] {logging_mixin.py:190} INFO - [2024-11-11T19:41:55.846+0000] {dag.py:4180} INFO - Setting next_dagrun for example_sensors to None, run_after=None
[2024-11-11T19:41:55.876+0000] {processor.py:208} INFO - Processing /home/airflow/.local/lib/python3.12/site-packages/airflow/example_dags/example_sensors.py took 0.155 seconds
[2024-11-11T19:42:26.725+0000] {processor.py:186} INFO - Started process (PID=803) to work on /home/airflow/.local/lib/python3.12/site-packages/airflow/example_dags/example_sensors.py
[2024-11-11T19:42:26.730+0000] {processor.py:914} INFO - Processing file /home/airflow/.local/lib/python3.12/site-packages/airflow/example_dags/example_sensors.py for tasks to queue
[2024-11-11T19:42:26.738+0000] {logging_mixin.py:190} INFO - [2024-11-11T19:42:26.737+0000] {dagbag.py:588} INFO - Filling up the DagBag from /home/airflow/.local/lib/python3.12/site-packages/airflow/example_dags/example_sensors.py
[2024-11-11T19:42:26.813+0000] {processor.py:925} INFO - DAG(s) 'example_sensors' retrieved from /home/airflow/.local/lib/python3.12/site-packages/airflow/example_dags/example_sensors.py
[2024-11-11T19:42:26.908+0000] {logging_mixin.py:190} INFO - [2024-11-11T19:42:26.908+0000] {dag.py:3239} INFO - Sync 1 DAGs
[2024-11-11T19:42:26.933+0000] {logging_mixin.py:190} INFO - [2024-11-11T19:42:26.932+0000] {dag.py:4180} INFO - Setting next_dagrun for example_sensors to None, run_after=None
[2024-11-11T19:42:26.981+0000] {processor.py:208} INFO - Processing /home/airflow/.local/lib/python3.12/site-packages/airflow/example_dags/example_sensors.py took 0.285 seconds
[2024-11-11T19:42:57.309+0000] {processor.py:186} INFO - Started process (PID=1095) to work on /home/airflow/.local/lib/python3.12/site-packages/airflow/example_dags/example_sensors.py
[2024-11-11T19:42:57.311+0000] {processor.py:914} INFO - Processing file /home/airflow/.local/lib/python3.12/site-packages/airflow/example_dags/example_sensors.py for tasks to queue
[2024-11-11T19:42:57.315+0000] {logging_mixin.py:190} INFO - [2024-11-11T19:42:57.315+0000] {dagbag.py:588} INFO - Filling up the DagBag from /home/airflow/.local/lib/python3.12/site-packages/airflow/example_dags/example_sensors.py
[2024-11-11T19:42:57.336+0000] {processor.py:925} INFO - DAG(s) 'example_sensors' retrieved from /home/airflow/.local/lib/python3.12/site-packages/airflow/example_dags/example_sensors.py
[2024-11-11T19:42:57.382+0000] {logging_mixin.py:190} INFO - [2024-11-11T19:42:57.382+0000] {dag.py:3239} INFO - Sync 1 DAGs
[2024-11-11T19:42:57.408+0000] {logging_mixin.py:190} INFO - [2024-11-11T19:42:57.407+0000] {dag.py:4180} INFO - Setting next_dagrun for example_sensors to None, run_after=None
[2024-11-11T19:42:57.436+0000] {processor.py:208} INFO - Processing /home/airflow/.local/lib/python3.12/site-packages/airflow/example_dags/example_sensors.py took 0.143 seconds
[2024-11-11T19:43:28.244+0000] {processor.py:186} INFO - Started process (PID=1386) to work on /home/airflow/.local/lib/python3.12/site-packages/airflow/example_dags/example_sensors.py
[2024-11-11T19:43:28.245+0000] {processor.py:914} INFO - Processing file /home/airflow/.local/lib/python3.12/site-packages/airflow/example_dags/example_sensors.py for tasks to queue
[2024-11-11T19:43:28.249+0000] {logging_mixin.py:190} INFO - [2024-11-11T19:43:28.248+0000] {dagbag.py:588} INFO - Filling up the DagBag from /home/airflow/.local/lib/python3.12/site-packages/airflow/example_dags/example_sensors.py
[2024-11-11T19:43:28.266+0000] {processor.py:925} INFO - DAG(s) 'example_sensors' retrieved from /home/airflow/.local/lib/python3.12/site-packages/airflow/example_dags/example_sensors.py
[2024-11-11T19:43:28.308+0000] {logging_mixin.py:190} INFO - [2024-11-11T19:43:28.308+0000] {dag.py:3239} INFO - Sync 1 DAGs
[2024-11-11T19:43:28.340+0000] {logging_mixin.py:190} INFO - [2024-11-11T19:43:28.339+0000] {dag.py:4180} INFO - Setting next_dagrun for example_sensors to None, run_after=None
[2024-11-11T19:43:28.381+0000] {processor.py:208} INFO - Processing /home/airflow/.local/lib/python3.12/site-packages/airflow/example_dags/example_sensors.py took 0.147 seconds
[2024-11-11T19:43:58.912+0000] {processor.py:186} INFO - Started process (PID=1677) to work on /home/airflow/.local/lib/python3.12/site-packages/airflow/example_dags/example_sensors.py
[2024-11-11T19:43:58.914+0000] {processor.py:914} INFO - Processing file /home/airflow/.local/lib/python3.12/site-packages/airflow/example_dags/example_sensors.py for tasks to queue
[2024-11-11T19:43:58.919+0000] {logging_mixin.py:190} INFO - [2024-11-11T19:43:58.918+0000] {dagbag.py:588} INFO - Filling up the DagBag from /home/airflow/.local/lib/python3.12/site-packages/airflow/example_dags/example_sensors.py
[2024-11-11T19:43:58.945+0000] {processor.py:925} INFO - DAG(s) 'example_sensors' retrieved from /home/airflow/.local/lib/python3.12/site-packages/airflow/example_dags/example_sensors.py
[2024-11-11T19:43:58.994+0000] {logging_mixin.py:190} INFO - [2024-11-11T19:43:58.993+0000] {dag.py:3239} INFO - Sync 1 DAGs
[2024-11-11T19:43:59.028+0000] {logging_mixin.py:190} INFO - [2024-11-11T19:43:59.028+0000] {dag.py:4180} INFO - Setting next_dagrun for example_sensors to None, run_after=None
[2024-11-11T19:43:59.059+0000] {processor.py:208} INFO - Processing /home/airflow/.local/lib/python3.12/site-packages/airflow/example_dags/example_sensors.py took 0.164 seconds
[2024-11-11T19:44:29.748+0000] {processor.py:186} INFO - Started process (PID=1968) to work on /home/airflow/.local/lib/python3.12/site-packages/airflow/example_dags/example_sensors.py
[2024-11-11T19:44:29.749+0000] {processor.py:914} INFO - Processing file /home/airflow/.local/lib/python3.12/site-packages/airflow/example_dags/example_sensors.py for tasks to queue
[2024-11-11T19:44:29.753+0000] {logging_mixin.py:190} INFO - [2024-11-11T19:44:29.752+0000] {dagbag.py:588} INFO - Filling up the DagBag from /home/airflow/.local/lib/python3.12/site-packages/airflow/example_dags/example_sensors.py
[2024-11-11T19:44:29.770+0000] {processor.py:925} INFO - DAG(s) 'example_sensors' retrieved from /home/airflow/.local/lib/python3.12/site-packages/airflow/example_dags/example_sensors.py
[2024-11-11T19:44:29.811+0000] {logging_mixin.py:190} INFO - [2024-11-11T19:44:29.810+0000] {dag.py:3239} INFO - Sync 1 DAGs
[2024-11-11T19:44:29.835+0000] {logging_mixin.py:190} INFO - [2024-11-11T19:44:29.834+0000] {dag.py:4180} INFO - Setting next_dagrun for example_sensors to None, run_after=None
[2024-11-11T19:44:29.873+0000] {processor.py:208} INFO - Processing /home/airflow/.local/lib/python3.12/site-packages/airflow/example_dags/example_sensors.py took 0.135 seconds
[2024-11-11T19:45:00.428+0000] {processor.py:186} INFO - Started process (PID=2259) to work on /home/airflow/.local/lib/python3.12/site-packages/airflow/example_dags/example_sensors.py
[2024-11-11T19:45:00.432+0000] {processor.py:914} INFO - Processing file /home/airflow/.local/lib/python3.12/site-packages/airflow/example_dags/example_sensors.py for tasks to queue
[2024-11-11T19:45:00.441+0000] {logging_mixin.py:190} INFO - [2024-11-11T19:45:00.440+0000] {dagbag.py:588} INFO - Filling up the DagBag from /home/airflow/.local/lib/python3.12/site-packages/airflow/example_dags/example_sensors.py
[2024-11-11T19:45:00.480+0000] {processor.py:925} INFO - DAG(s) 'example_sensors' retrieved from /home/airflow/.local/lib/python3.12/site-packages/airflow/example_dags/example_sensors.py
[2024-11-11T19:45:00.574+0000] {logging_mixin.py:190} INFO - [2024-11-11T19:45:00.574+0000] {dag.py:3239} INFO - Sync 1 DAGs
[2024-11-11T19:45:00.608+0000] {logging_mixin.py:190} INFO - [2024-11-11T19:45:00.608+0000] {dag.py:4180} INFO - Setting next_dagrun for example_sensors to None, run_after=None
[2024-11-11T19:45:00.645+0000] {processor.py:208} INFO - Processing /home/airflow/.local/lib/python3.12/site-packages/airflow/example_dags/example_sensors.py took 0.243 seconds
[2024-11-11T19:45:31.578+0000] {processor.py:186} INFO - Started process (PID=2550) to work on /home/airflow/.local/lib/python3.12/site-packages/airflow/example_dags/example_sensors.py
[2024-11-11T19:45:31.583+0000] {processor.py:914} INFO - Processing file /home/airflow/.local/lib/python3.12/site-packages/airflow/example_dags/example_sensors.py for tasks to queue
[2024-11-11T19:45:31.593+0000] {logging_mixin.py:190} INFO - [2024-11-11T19:45:31.592+0000] {dagbag.py:588} INFO - Filling up the DagBag from /home/airflow/.local/lib/python3.12/site-packages/airflow/example_dags/example_sensors.py
[2024-11-11T19:45:31.633+0000] {processor.py:925} INFO - DAG(s) 'example_sensors' retrieved from /home/airflow/.local/lib/python3.12/site-packages/airflow/example_dags/example_sensors.py
[2024-11-11T19:45:31.686+0000] {logging_mixin.py:190} INFO - [2024-11-11T19:45:31.686+0000] {dag.py:3239} INFO - Sync 1 DAGs
[2024-11-11T19:45:31.709+0000] {logging_mixin.py:190} INFO - [2024-11-11T19:45:31.709+0000] {dag.py:4180} INFO - Setting next_dagrun for example_sensors to None, run_after=None
[2024-11-11T19:45:31.744+0000] {processor.py:208} INFO - Processing /home/airflow/.local/lib/python3.12/site-packages/airflow/example_dags/example_sensors.py took 0.200 seconds
[2024-11-11T19:46:03.754+0000] {processor.py:186} INFO - Started process (PID=2841) to work on /home/airflow/.local/lib/python3.12/site-packages/airflow/example_dags/example_sensors.py
[2024-11-11T19:46:03.756+0000] {processor.py:914} INFO - Processing file /home/airflow/.local/lib/python3.12/site-packages/airflow/example_dags/example_sensors.py for tasks to queue
[2024-11-11T19:46:03.760+0000] {logging_mixin.py:190} INFO - [2024-11-11T19:46:03.759+0000] {dagbag.py:588} INFO - Filling up the DagBag from /home/airflow/.local/lib/python3.12/site-packages/airflow/example_dags/example_sensors.py
[2024-11-11T19:46:03.780+0000] {processor.py:925} INFO - DAG(s) 'example_sensors' retrieved from /home/airflow/.local/lib/python3.12/site-packages/airflow/example_dags/example_sensors.py
[2024-11-11T19:46:03.840+0000] {logging_mixin.py:190} INFO - [2024-11-11T19:46:03.840+0000] {dag.py:3239} INFO - Sync 1 DAGs
[2024-11-11T19:46:03.876+0000] {logging_mixin.py:190} INFO - [2024-11-11T19:46:03.876+0000] {dag.py:4180} INFO - Setting next_dagrun for example_sensors to None, run_after=None
[2024-11-11T19:46:03.912+0000] {processor.py:208} INFO - Processing /home/airflow/.local/lib/python3.12/site-packages/airflow/example_dags/example_sensors.py took 0.169 seconds
[2024-11-11T19:46:35.190+0000] {processor.py:186} INFO - Started process (PID=3132) to work on /home/airflow/.local/lib/python3.12/site-packages/airflow/example_dags/example_sensors.py
[2024-11-11T19:46:35.192+0000] {processor.py:914} INFO - Processing file /home/airflow/.local/lib/python3.12/site-packages/airflow/example_dags/example_sensors.py for tasks to queue
[2024-11-11T19:46:35.196+0000] {logging_mixin.py:190} INFO - [2024-11-11T19:46:35.195+0000] {dagbag.py:588} INFO - Filling up the DagBag from /home/airflow/.local/lib/python3.12/site-packages/airflow/example_dags/example_sensors.py
[2024-11-11T19:46:35.213+0000] {processor.py:925} INFO - DAG(s) 'example_sensors' retrieved from /home/airflow/.local/lib/python3.12/site-packages/airflow/example_dags/example_sensors.py
[2024-11-11T19:46:35.259+0000] {logging_mixin.py:190} INFO - [2024-11-11T19:46:35.259+0000] {dag.py:3239} INFO - Sync 1 DAGs
[2024-11-11T19:46:35.291+0000] {logging_mixin.py:190} INFO - [2024-11-11T19:46:35.291+0000] {dag.py:4180} INFO - Setting next_dagrun for example_sensors to None, run_after=None
[2024-11-11T19:46:35.333+0000] {processor.py:208} INFO - Processing /home/airflow/.local/lib/python3.12/site-packages/airflow/example_dags/example_sensors.py took 0.153 seconds
[2024-11-11T19:47:09.601+0000] {processor.py:186} INFO - Started process (PID=3413) to work on /home/airflow/.local/lib/python3.12/site-packages/airflow/example_dags/example_sensors.py
[2024-11-11T19:47:09.607+0000] {processor.py:914} INFO - Processing file /home/airflow/.local/lib/python3.12/site-packages/airflow/example_dags/example_sensors.py for tasks to queue
[2024-11-11T19:47:09.613+0000] {logging_mixin.py:190} INFO - [2024-11-11T19:47:09.612+0000] {dagbag.py:588} INFO - Filling up the DagBag from /home/airflow/.local/lib/python3.12/site-packages/airflow/example_dags/example_sensors.py
[2024-11-11T19:47:09.647+0000] {processor.py:925} INFO - DAG(s) 'example_sensors' retrieved from /home/airflow/.local/lib/python3.12/site-packages/airflow/example_dags/example_sensors.py
[2024-11-11T19:47:09.739+0000] {logging_mixin.py:190} INFO - [2024-11-11T19:47:09.738+0000] {dag.py:3239} INFO - Sync 1 DAGs
[2024-11-11T19:47:09.823+0000] {logging_mixin.py:190} INFO - [2024-11-11T19:47:09.822+0000] {dag.py:4180} INFO - Setting next_dagrun for example_sensors to None, run_after=None
[2024-11-11T19:47:09.895+0000] {processor.py:208} INFO - Processing /home/airflow/.local/lib/python3.12/site-packages/airflow/example_dags/example_sensors.py took 0.310 seconds
[2024-11-11T19:47:41.187+0000] {processor.py:186} INFO - Started process (PID=3705) to work on /home/airflow/.local/lib/python3.12/site-packages/airflow/example_dags/example_sensors.py
[2024-11-11T19:47:41.189+0000] {processor.py:914} INFO - Processing file /home/airflow/.local/lib/python3.12/site-packages/airflow/example_dags/example_sensors.py for tasks to queue
[2024-11-11T19:47:41.196+0000] {logging_mixin.py:190} INFO - [2024-11-11T19:47:41.194+0000] {dagbag.py:588} INFO - Filling up the DagBag from /home/airflow/.local/lib/python3.12/site-packages/airflow/example_dags/example_sensors.py
[2024-11-11T19:47:41.240+0000] {processor.py:925} INFO - DAG(s) 'example_sensors' retrieved from /home/airflow/.local/lib/python3.12/site-packages/airflow/example_dags/example_sensors.py
[2024-11-11T19:47:41.331+0000] {logging_mixin.py:190} INFO - [2024-11-11T19:47:41.330+0000] {dag.py:3239} INFO - Sync 1 DAGs
[2024-11-11T19:47:41.389+0000] {logging_mixin.py:190} INFO - [2024-11-11T19:47:41.388+0000] {dag.py:4180} INFO - Setting next_dagrun for example_sensors to None, run_after=None
[2024-11-11T19:47:41.445+0000] {processor.py:208} INFO - Processing /home/airflow/.local/lib/python3.12/site-packages/airflow/example_dags/example_sensors.py took 0.285 seconds
[2024-11-11T19:48:12.101+0000] {processor.py:186} INFO - Started process (PID=3982) to work on /home/airflow/.local/lib/python3.12/site-packages/airflow/example_dags/example_sensors.py
[2024-11-11T19:48:12.103+0000] {processor.py:914} INFO - Processing file /home/airflow/.local/lib/python3.12/site-packages/airflow/example_dags/example_sensors.py for tasks to queue
[2024-11-11T19:48:12.107+0000] {logging_mixin.py:190} INFO - [2024-11-11T19:48:12.106+0000] {dagbag.py:588} INFO - Filling up the DagBag from /home/airflow/.local/lib/python3.12/site-packages/airflow/example_dags/example_sensors.py
[2024-11-11T19:48:12.131+0000] {processor.py:925} INFO - DAG(s) 'example_sensors' retrieved from /home/airflow/.local/lib/python3.12/site-packages/airflow/example_dags/example_sensors.py
[2024-11-11T19:48:12.232+0000] {logging_mixin.py:190} INFO - [2024-11-11T19:48:12.231+0000] {dag.py:3239} INFO - Sync 1 DAGs
[2024-11-11T19:48:12.278+0000] {logging_mixin.py:190} INFO - [2024-11-11T19:48:12.277+0000] {dag.py:4180} INFO - Setting next_dagrun for example_sensors to None, run_after=None
[2024-11-11T19:48:12.327+0000] {processor.py:208} INFO - Processing /home/airflow/.local/lib/python3.12/site-packages/airflow/example_dags/example_sensors.py took 0.239 seconds
[2024-11-11T19:48:45.226+0000] {processor.py:186} INFO - Started process (PID=4268) to work on /home/airflow/.local/lib/python3.12/site-packages/airflow/example_dags/example_sensors.py
[2024-11-11T19:48:45.228+0000] {processor.py:914} INFO - Processing file /home/airflow/.local/lib/python3.12/site-packages/airflow/example_dags/example_sensors.py for tasks to queue
[2024-11-11T19:48:45.234+0000] {logging_mixin.py:190} INFO - [2024-11-11T19:48:45.233+0000] {dagbag.py:588} INFO - Filling up the DagBag from /home/airflow/.local/lib/python3.12/site-packages/airflow/example_dags/example_sensors.py
[2024-11-11T19:48:45.279+0000] {processor.py:925} INFO - DAG(s) 'example_sensors' retrieved from /home/airflow/.local/lib/python3.12/site-packages/airflow/example_dags/example_sensors.py
[2024-11-11T19:48:45.384+0000] {logging_mixin.py:190} INFO - [2024-11-11T19:48:45.383+0000] {dag.py:3239} INFO - Sync 1 DAGs
[2024-11-11T19:48:45.442+0000] {logging_mixin.py:190} INFO - [2024-11-11T19:48:45.442+0000] {dag.py:4180} INFO - Setting next_dagrun for example_sensors to None, run_after=None
[2024-11-11T19:48:45.499+0000] {processor.py:208} INFO - Processing /home/airflow/.local/lib/python3.12/site-packages/airflow/example_dags/example_sensors.py took 0.288 seconds
[2024-11-11T19:49:15.956+0000] {processor.py:186} INFO - Started process (PID=4519) to work on /home/airflow/.local/lib/python3.12/site-packages/airflow/example_dags/example_sensors.py
[2024-11-11T19:49:15.972+0000] {processor.py:914} INFO - Processing file /home/airflow/.local/lib/python3.12/site-packages/airflow/example_dags/example_sensors.py for tasks to queue
[2024-11-11T19:49:16.001+0000] {logging_mixin.py:190} INFO - [2024-11-11T19:49:15.989+0000] {dagbag.py:588} INFO - Filling up the DagBag from /home/airflow/.local/lib/python3.12/site-packages/airflow/example_dags/example_sensors.py
[2024-11-11T19:49:16.141+0000] {processor.py:925} INFO - DAG(s) 'example_sensors' retrieved from /home/airflow/.local/lib/python3.12/site-packages/airflow/example_dags/example_sensors.py
[2024-11-11T19:49:16.387+0000] {logging_mixin.py:190} INFO - [2024-11-11T19:49:16.377+0000] {dag.py:3239} INFO - Sync 1 DAGs
[2024-11-11T19:49:16.506+0000] {logging_mixin.py:190} INFO - [2024-11-11T19:49:16.505+0000] {dag.py:4180} INFO - Setting next_dagrun for example_sensors to None, run_after=None
[2024-11-11T19:49:16.645+0000] {processor.py:208} INFO - Processing /home/airflow/.local/lib/python3.12/site-packages/airflow/example_dags/example_sensors.py took 0.735 seconds
[2024-11-11T19:49:46.971+0000] {processor.py:186} INFO - Started process (PID=4790) to work on /home/airflow/.local/lib/python3.12/site-packages/airflow/example_dags/example_sensors.py
[2024-11-11T19:49:46.973+0000] {processor.py:914} INFO - Processing file /home/airflow/.local/lib/python3.12/site-packages/airflow/example_dags/example_sensors.py for tasks to queue
[2024-11-11T19:49:46.980+0000] {logging_mixin.py:190} INFO - [2024-11-11T19:49:46.979+0000] {dagbag.py:588} INFO - Filling up the DagBag from /home/airflow/.local/lib/python3.12/site-packages/airflow/example_dags/example_sensors.py
[2024-11-11T19:49:47.008+0000] {processor.py:925} INFO - DAG(s) 'example_sensors' retrieved from /home/airflow/.local/lib/python3.12/site-packages/airflow/example_dags/example_sensors.py
[2024-11-11T19:49:47.088+0000] {logging_mixin.py:190} INFO - [2024-11-11T19:49:47.088+0000] {dag.py:3239} INFO - Sync 1 DAGs
[2024-11-11T19:49:47.122+0000] {logging_mixin.py:190} INFO - [2024-11-11T19:49:47.122+0000] {dag.py:4180} INFO - Setting next_dagrun for example_sensors to None, run_after=None
[2024-11-11T19:49:47.159+0000] {processor.py:208} INFO - Processing /home/airflow/.local/lib/python3.12/site-packages/airflow/example_dags/example_sensors.py took 0.205 seconds
[2024-11-11T19:50:17.722+0000] {processor.py:186} INFO - Started process (PID=5071) to work on /home/airflow/.local/lib/python3.12/site-packages/airflow/example_dags/example_sensors.py
[2024-11-11T19:50:17.729+0000] {processor.py:914} INFO - Processing file /home/airflow/.local/lib/python3.12/site-packages/airflow/example_dags/example_sensors.py for tasks to queue
[2024-11-11T19:50:17.737+0000] {logging_mixin.py:190} INFO - [2024-11-11T19:50:17.736+0000] {dagbag.py:588} INFO - Filling up the DagBag from /home/airflow/.local/lib/python3.12/site-packages/airflow/example_dags/example_sensors.py
[2024-11-11T19:50:17.788+0000] {processor.py:925} INFO - DAG(s) 'example_sensors' retrieved from /home/airflow/.local/lib/python3.12/site-packages/airflow/example_dags/example_sensors.py
[2024-11-11T19:50:17.860+0000] {logging_mixin.py:190} INFO - [2024-11-11T19:50:17.859+0000] {dag.py:3239} INFO - Sync 1 DAGs
[2024-11-11T19:50:17.917+0000] {logging_mixin.py:190} INFO - [2024-11-11T19:50:17.916+0000] {dag.py:4180} INFO - Setting next_dagrun for example_sensors to None, run_after=None
[2024-11-11T19:50:17.986+0000] {processor.py:208} INFO - Processing /home/airflow/.local/lib/python3.12/site-packages/airflow/example_dags/example_sensors.py took 0.286 seconds
[2024-11-11T19:50:48.066+0000] {processor.py:186} INFO - Started process (PID=5359) to work on /home/airflow/.local/lib/python3.12/site-packages/airflow/example_dags/example_sensors.py
[2024-11-11T19:50:48.069+0000] {processor.py:914} INFO - Processing file /home/airflow/.local/lib/python3.12/site-packages/airflow/example_dags/example_sensors.py for tasks to queue
[2024-11-11T19:50:48.075+0000] {logging_mixin.py:190} INFO - [2024-11-11T19:50:48.074+0000] {dagbag.py:588} INFO - Filling up the DagBag from /home/airflow/.local/lib/python3.12/site-packages/airflow/example_dags/example_sensors.py
[2024-11-11T19:50:48.101+0000] {processor.py:925} INFO - DAG(s) 'example_sensors' retrieved from /home/airflow/.local/lib/python3.12/site-packages/airflow/example_dags/example_sensors.py
[2024-11-11T19:50:48.173+0000] {logging_mixin.py:190} INFO - [2024-11-11T19:50:48.173+0000] {dag.py:3239} INFO - Sync 1 DAGs
[2024-11-11T19:50:48.212+0000] {logging_mixin.py:190} INFO - [2024-11-11T19:50:48.212+0000] {dag.py:4180} INFO - Setting next_dagrun for example_sensors to None, run_after=None
[2024-11-11T19:50:48.250+0000] {processor.py:208} INFO - Processing /home/airflow/.local/lib/python3.12/site-packages/airflow/example_dags/example_sensors.py took 0.199 seconds
[2024-11-11T19:51:18.313+0000] {processor.py:186} INFO - Started process (PID=5650) to work on /home/airflow/.local/lib/python3.12/site-packages/airflow/example_dags/example_sensors.py
[2024-11-11T19:51:18.315+0000] {processor.py:914} INFO - Processing file /home/airflow/.local/lib/python3.12/site-packages/airflow/example_dags/example_sensors.py for tasks to queue
[2024-11-11T19:51:18.320+0000] {logging_mixin.py:190} INFO - [2024-11-11T19:51:18.320+0000] {dagbag.py:588} INFO - Filling up the DagBag from /home/airflow/.local/lib/python3.12/site-packages/airflow/example_dags/example_sensors.py
[2024-11-11T19:51:18.347+0000] {processor.py:925} INFO - DAG(s) 'example_sensors' retrieved from /home/airflow/.local/lib/python3.12/site-packages/airflow/example_dags/example_sensors.py
[2024-11-11T19:51:18.435+0000] {logging_mixin.py:190} INFO - [2024-11-11T19:51:18.434+0000] {dag.py:3239} INFO - Sync 1 DAGs
[2024-11-11T19:51:18.501+0000] {logging_mixin.py:190} INFO - [2024-11-11T19:51:18.501+0000] {dag.py:4180} INFO - Setting next_dagrun for example_sensors to None, run_after=None
[2024-11-11T19:51:18.559+0000] {processor.py:208} INFO - Processing /home/airflow/.local/lib/python3.12/site-packages/airflow/example_dags/example_sensors.py took 0.258 seconds
[2024-11-11T19:51:49.223+0000] {processor.py:186} INFO - Started process (PID=5942) to work on /home/airflow/.local/lib/python3.12/site-packages/airflow/example_dags/example_sensors.py
[2024-11-11T19:51:49.227+0000] {processor.py:914} INFO - Processing file /home/airflow/.local/lib/python3.12/site-packages/airflow/example_dags/example_sensors.py for tasks to queue
[2024-11-11T19:51:49.235+0000] {logging_mixin.py:190} INFO - [2024-11-11T19:51:49.234+0000] {dagbag.py:588} INFO - Filling up the DagBag from /home/airflow/.local/lib/python3.12/site-packages/airflow/example_dags/example_sensors.py
[2024-11-11T19:51:49.282+0000] {processor.py:925} INFO - DAG(s) 'example_sensors' retrieved from /home/airflow/.local/lib/python3.12/site-packages/airflow/example_dags/example_sensors.py
[2024-11-11T19:51:49.415+0000] {logging_mixin.py:190} INFO - [2024-11-11T19:51:49.415+0000] {dag.py:3239} INFO - Sync 1 DAGs
[2024-11-11T19:51:49.451+0000] {logging_mixin.py:190} INFO - [2024-11-11T19:51:49.451+0000] {dag.py:4180} INFO - Setting next_dagrun for example_sensors to None, run_after=None
[2024-11-11T19:51:49.490+0000] {processor.py:208} INFO - Processing /home/airflow/.local/lib/python3.12/site-packages/airflow/example_dags/example_sensors.py took 0.304 seconds
[2024-11-11T19:52:20.207+0000] {processor.py:186} INFO - Started process (PID=6226) to work on /home/airflow/.local/lib/python3.12/site-packages/airflow/example_dags/example_sensors.py
[2024-11-11T19:52:20.209+0000] {processor.py:914} INFO - Processing file /home/airflow/.local/lib/python3.12/site-packages/airflow/example_dags/example_sensors.py for tasks to queue
[2024-11-11T19:52:20.212+0000] {logging_mixin.py:190} INFO - [2024-11-11T19:52:20.212+0000] {dagbag.py:588} INFO - Filling up the DagBag from /home/airflow/.local/lib/python3.12/site-packages/airflow/example_dags/example_sensors.py
[2024-11-11T19:52:20.233+0000] {processor.py:925} INFO - DAG(s) 'example_sensors' retrieved from /home/airflow/.local/lib/python3.12/site-packages/airflow/example_dags/example_sensors.py
[2024-11-11T19:52:20.285+0000] {logging_mixin.py:190} INFO - [2024-11-11T19:52:20.285+0000] {dag.py:3239} INFO - Sync 1 DAGs
[2024-11-11T19:52:20.316+0000] {logging_mixin.py:190} INFO - [2024-11-11T19:52:20.315+0000] {dag.py:4180} INFO - Setting next_dagrun for example_sensors to None, run_after=None
[2024-11-11T19:52:20.347+0000] {processor.py:208} INFO - Processing /home/airflow/.local/lib/python3.12/site-packages/airflow/example_dags/example_sensors.py took 0.151 seconds
[2024-11-11T19:52:51.040+0000] {processor.py:186} INFO - Started process (PID=6512) to work on /home/airflow/.local/lib/python3.12/site-packages/airflow/example_dags/example_sensors.py
[2024-11-11T19:52:51.043+0000] {processor.py:914} INFO - Processing file /home/airflow/.local/lib/python3.12/site-packages/airflow/example_dags/example_sensors.py for tasks to queue
[2024-11-11T19:52:51.049+0000] {logging_mixin.py:190} INFO - [2024-11-11T19:52:51.048+0000] {dagbag.py:588} INFO - Filling up the DagBag from /home/airflow/.local/lib/python3.12/site-packages/airflow/example_dags/example_sensors.py
[2024-11-11T19:52:51.086+0000] {processor.py:925} INFO - DAG(s) 'example_sensors' retrieved from /home/airflow/.local/lib/python3.12/site-packages/airflow/example_dags/example_sensors.py
[2024-11-11T19:52:51.133+0000] {logging_mixin.py:190} INFO - [2024-11-11T19:52:51.133+0000] {dag.py:3239} INFO - Sync 1 DAGs
[2024-11-11T19:52:51.162+0000] {logging_mixin.py:190} INFO - [2024-11-11T19:52:51.161+0000] {dag.py:4180} INFO - Setting next_dagrun for example_sensors to None, run_after=None
[2024-11-11T19:52:51.195+0000] {processor.py:208} INFO - Processing /home/airflow/.local/lib/python3.12/site-packages/airflow/example_dags/example_sensors.py took 0.169 seconds
[2024-11-11T19:53:21.491+0000] {processor.py:186} INFO - Started process (PID=6803) to work on /home/airflow/.local/lib/python3.12/site-packages/airflow/example_dags/example_sensors.py
[2024-11-11T19:53:21.493+0000] {processor.py:914} INFO - Processing file /home/airflow/.local/lib/python3.12/site-packages/airflow/example_dags/example_sensors.py for tasks to queue
[2024-11-11T19:53:21.497+0000] {logging_mixin.py:190} INFO - [2024-11-11T19:53:21.496+0000] {dagbag.py:588} INFO - Filling up the DagBag from /home/airflow/.local/lib/python3.12/site-packages/airflow/example_dags/example_sensors.py
[2024-11-11T19:53:21.514+0000] {processor.py:925} INFO - DAG(s) 'example_sensors' retrieved from /home/airflow/.local/lib/python3.12/site-packages/airflow/example_dags/example_sensors.py
[2024-11-11T19:53:21.566+0000] {logging_mixin.py:190} INFO - [2024-11-11T19:53:21.565+0000] {dag.py:3239} INFO - Sync 1 DAGs
[2024-11-11T19:53:21.603+0000] {logging_mixin.py:190} INFO - [2024-11-11T19:53:21.602+0000] {dag.py:4180} INFO - Setting next_dagrun for example_sensors to None, run_after=None
[2024-11-11T19:53:21.661+0000] {processor.py:208} INFO - Processing /home/airflow/.local/lib/python3.12/site-packages/airflow/example_dags/example_sensors.py took 0.183 seconds
[2024-11-11T19:53:51.852+0000] {processor.py:186} INFO - Started process (PID=7091) to work on /home/airflow/.local/lib/python3.12/site-packages/airflow/example_dags/example_sensors.py
[2024-11-11T19:53:51.854+0000] {processor.py:914} INFO - Processing file /home/airflow/.local/lib/python3.12/site-packages/airflow/example_dags/example_sensors.py for tasks to queue
[2024-11-11T19:53:51.859+0000] {logging_mixin.py:190} INFO - [2024-11-11T19:53:51.858+0000] {dagbag.py:588} INFO - Filling up the DagBag from /home/airflow/.local/lib/python3.12/site-packages/airflow/example_dags/example_sensors.py
[2024-11-11T19:53:51.884+0000] {processor.py:925} INFO - DAG(s) 'example_sensors' retrieved from /home/airflow/.local/lib/python3.12/site-packages/airflow/example_dags/example_sensors.py
[2024-11-11T19:53:51.947+0000] {logging_mixin.py:190} INFO - [2024-11-11T19:53:51.946+0000] {dag.py:3239} INFO - Sync 1 DAGs
[2024-11-11T19:53:51.980+0000] {logging_mixin.py:190} INFO - [2024-11-11T19:53:51.980+0000] {dag.py:4180} INFO - Setting next_dagrun for example_sensors to None, run_after=None
[2024-11-11T19:53:52.027+0000] {processor.py:208} INFO - Processing /home/airflow/.local/lib/python3.12/site-packages/airflow/example_dags/example_sensors.py took 0.192 seconds
[2024-11-11T19:54:22.165+0000] {processor.py:186} INFO - Started process (PID=7382) to work on /home/airflow/.local/lib/python3.12/site-packages/airflow/example_dags/example_sensors.py
[2024-11-11T19:54:22.166+0000] {processor.py:914} INFO - Processing file /home/airflow/.local/lib/python3.12/site-packages/airflow/example_dags/example_sensors.py for tasks to queue
[2024-11-11T19:54:22.170+0000] {logging_mixin.py:190} INFO - [2024-11-11T19:54:22.169+0000] {dagbag.py:588} INFO - Filling up the DagBag from /home/airflow/.local/lib/python3.12/site-packages/airflow/example_dags/example_sensors.py
[2024-11-11T19:54:22.190+0000] {processor.py:925} INFO - DAG(s) 'example_sensors' retrieved from /home/airflow/.local/lib/python3.12/site-packages/airflow/example_dags/example_sensors.py
[2024-11-11T19:54:22.247+0000] {logging_mixin.py:190} INFO - [2024-11-11T19:54:22.247+0000] {dag.py:3239} INFO - Sync 1 DAGs
[2024-11-11T19:54:22.280+0000] {logging_mixin.py:190} INFO - [2024-11-11T19:54:22.280+0000] {dag.py:4180} INFO - Setting next_dagrun for example_sensors to None, run_after=None
[2024-11-11T19:54:22.321+0000] {processor.py:208} INFO - Processing /home/airflow/.local/lib/python3.12/site-packages/airflow/example_dags/example_sensors.py took 0.167 seconds
[2024-11-11T19:54:52.676+0000] {processor.py:186} INFO - Started process (PID=7671) to work on /home/airflow/.local/lib/python3.12/site-packages/airflow/example_dags/example_sensors.py
[2024-11-11T19:54:52.679+0000] {processor.py:914} INFO - Processing file /home/airflow/.local/lib/python3.12/site-packages/airflow/example_dags/example_sensors.py for tasks to queue
[2024-11-11T19:54:52.685+0000] {logging_mixin.py:190} INFO - [2024-11-11T19:54:52.684+0000] {dagbag.py:588} INFO - Filling up the DagBag from /home/airflow/.local/lib/python3.12/site-packages/airflow/example_dags/example_sensors.py
[2024-11-11T19:54:52.725+0000] {processor.py:925} INFO - DAG(s) 'example_sensors' retrieved from /home/airflow/.local/lib/python3.12/site-packages/airflow/example_dags/example_sensors.py
[2024-11-11T19:54:52.808+0000] {logging_mixin.py:190} INFO - [2024-11-11T19:54:52.807+0000] {dag.py:3239} INFO - Sync 1 DAGs
[2024-11-11T19:54:52.841+0000] {logging_mixin.py:190} INFO - [2024-11-11T19:54:52.841+0000] {dag.py:4180} INFO - Setting next_dagrun for example_sensors to None, run_after=None
[2024-11-11T19:54:52.872+0000] {processor.py:208} INFO - Processing /home/airflow/.local/lib/python3.12/site-packages/airflow/example_dags/example_sensors.py took 0.214 seconds
[2024-11-11T19:55:24.318+0000] {processor.py:186} INFO - Started process (PID=7968) to work on /home/airflow/.local/lib/python3.12/site-packages/airflow/example_dags/example_sensors.py
[2024-11-11T19:55:24.320+0000] {processor.py:914} INFO - Processing file /home/airflow/.local/lib/python3.12/site-packages/airflow/example_dags/example_sensors.py for tasks to queue
[2024-11-11T19:55:24.325+0000] {logging_mixin.py:190} INFO - [2024-11-11T19:55:24.324+0000] {dagbag.py:588} INFO - Filling up the DagBag from /home/airflow/.local/lib/python3.12/site-packages/airflow/example_dags/example_sensors.py
[2024-11-11T19:55:24.350+0000] {processor.py:925} INFO - DAG(s) 'example_sensors' retrieved from /home/airflow/.local/lib/python3.12/site-packages/airflow/example_dags/example_sensors.py
[2024-11-11T19:55:24.447+0000] {logging_mixin.py:190} INFO - [2024-11-11T19:55:24.446+0000] {dag.py:3239} INFO - Sync 1 DAGs
[2024-11-11T19:55:24.511+0000] {logging_mixin.py:190} INFO - [2024-11-11T19:55:24.510+0000] {dag.py:4180} INFO - Setting next_dagrun for example_sensors to None, run_after=None
[2024-11-11T19:55:24.618+0000] {processor.py:208} INFO - Processing /home/airflow/.local/lib/python3.12/site-packages/airflow/example_dags/example_sensors.py took 0.314 seconds
[2024-11-11T19:55:55.261+0000] {processor.py:186} INFO - Started process (PID=8260) to work on /home/airflow/.local/lib/python3.12/site-packages/airflow/example_dags/example_sensors.py
[2024-11-11T19:55:55.264+0000] {processor.py:914} INFO - Processing file /home/airflow/.local/lib/python3.12/site-packages/airflow/example_dags/example_sensors.py for tasks to queue
[2024-11-11T19:55:55.269+0000] {logging_mixin.py:190} INFO - [2024-11-11T19:55:55.269+0000] {dagbag.py:588} INFO - Filling up the DagBag from /home/airflow/.local/lib/python3.12/site-packages/airflow/example_dags/example_sensors.py
[2024-11-11T19:55:55.297+0000] {processor.py:925} INFO - DAG(s) 'example_sensors' retrieved from /home/airflow/.local/lib/python3.12/site-packages/airflow/example_dags/example_sensors.py
[2024-11-11T19:55:55.365+0000] {logging_mixin.py:190} INFO - [2024-11-11T19:55:55.365+0000] {dag.py:3239} INFO - Sync 1 DAGs
[2024-11-11T19:55:55.410+0000] {logging_mixin.py:190} INFO - [2024-11-11T19:55:55.409+0000] {dag.py:4180} INFO - Setting next_dagrun for example_sensors to None, run_after=None
[2024-11-11T19:55:55.497+0000] {processor.py:208} INFO - Processing /home/airflow/.local/lib/python3.12/site-packages/airflow/example_dags/example_sensors.py took 0.253 seconds
[2024-11-11T19:56:26.179+0000] {processor.py:186} INFO - Started process (PID=8547) to work on /home/airflow/.local/lib/python3.12/site-packages/airflow/example_dags/example_sensors.py
[2024-11-11T19:56:26.180+0000] {processor.py:914} INFO - Processing file /home/airflow/.local/lib/python3.12/site-packages/airflow/example_dags/example_sensors.py for tasks to queue
[2024-11-11T19:56:26.184+0000] {logging_mixin.py:190} INFO - [2024-11-11T19:56:26.184+0000] {dagbag.py:588} INFO - Filling up the DagBag from /home/airflow/.local/lib/python3.12/site-packages/airflow/example_dags/example_sensors.py
[2024-11-11T19:56:26.203+0000] {processor.py:925} INFO - DAG(s) 'example_sensors' retrieved from /home/airflow/.local/lib/python3.12/site-packages/airflow/example_dags/example_sensors.py
[2024-11-11T19:56:26.265+0000] {logging_mixin.py:190} INFO - [2024-11-11T19:56:26.265+0000] {dag.py:3239} INFO - Sync 1 DAGs
[2024-11-11T19:56:26.309+0000] {logging_mixin.py:190} INFO - [2024-11-11T19:56:26.309+0000] {dag.py:4180} INFO - Setting next_dagrun for example_sensors to None, run_after=None
[2024-11-11T19:56:26.377+0000] {processor.py:208} INFO - Processing /home/airflow/.local/lib/python3.12/site-packages/airflow/example_dags/example_sensors.py took 0.210 seconds
[2024-11-11T19:56:57.294+0000] {processor.py:186} INFO - Started process (PID=8838) to work on /home/airflow/.local/lib/python3.12/site-packages/airflow/example_dags/example_sensors.py
[2024-11-11T19:56:57.296+0000] {processor.py:914} INFO - Processing file /home/airflow/.local/lib/python3.12/site-packages/airflow/example_dags/example_sensors.py for tasks to queue
[2024-11-11T19:56:57.303+0000] {logging_mixin.py:190} INFO - [2024-11-11T19:56:57.302+0000] {dagbag.py:588} INFO - Filling up the DagBag from /home/airflow/.local/lib/python3.12/site-packages/airflow/example_dags/example_sensors.py
[2024-11-11T19:56:57.330+0000] {processor.py:925} INFO - DAG(s) 'example_sensors' retrieved from /home/airflow/.local/lib/python3.12/site-packages/airflow/example_dags/example_sensors.py
[2024-11-11T19:56:57.389+0000] {logging_mixin.py:190} INFO - [2024-11-11T19:56:57.388+0000] {dag.py:3239} INFO - Sync 1 DAGs
[2024-11-11T19:56:57.427+0000] {logging_mixin.py:190} INFO - [2024-11-11T19:56:57.426+0000] {dag.py:4180} INFO - Setting next_dagrun for example_sensors to None, run_after=None
[2024-11-11T19:56:57.463+0000] {processor.py:208} INFO - Processing /home/airflow/.local/lib/python3.12/site-packages/airflow/example_dags/example_sensors.py took 0.187 seconds
[2024-11-11T19:57:27.615+0000] {processor.py:186} INFO - Started process (PID=9129) to work on /home/airflow/.local/lib/python3.12/site-packages/airflow/example_dags/example_sensors.py
[2024-11-11T19:57:27.618+0000] {processor.py:914} INFO - Processing file /home/airflow/.local/lib/python3.12/site-packages/airflow/example_dags/example_sensors.py for tasks to queue
[2024-11-11T19:57:27.623+0000] {logging_mixin.py:190} INFO - [2024-11-11T19:57:27.622+0000] {dagbag.py:588} INFO - Filling up the DagBag from /home/airflow/.local/lib/python3.12/site-packages/airflow/example_dags/example_sensors.py
[2024-11-11T19:57:27.648+0000] {processor.py:925} INFO - DAG(s) 'example_sensors' retrieved from /home/airflow/.local/lib/python3.12/site-packages/airflow/example_dags/example_sensors.py
[2024-11-11T19:57:27.710+0000] {logging_mixin.py:190} INFO - [2024-11-11T19:57:27.709+0000] {dag.py:3239} INFO - Sync 1 DAGs
[2024-11-11T19:57:27.743+0000] {logging_mixin.py:190} INFO - [2024-11-11T19:57:27.743+0000] {dag.py:4180} INFO - Setting next_dagrun for example_sensors to None, run_after=None
[2024-11-11T19:57:27.790+0000] {processor.py:208} INFO - Processing /home/airflow/.local/lib/python3.12/site-packages/airflow/example_dags/example_sensors.py took 0.191 seconds
[2024-11-11T19:57:58.752+0000] {processor.py:186} INFO - Started process (PID=9420) to work on /home/airflow/.local/lib/python3.12/site-packages/airflow/example_dags/example_sensors.py
[2024-11-11T19:57:58.755+0000] {processor.py:914} INFO - Processing file /home/airflow/.local/lib/python3.12/site-packages/airflow/example_dags/example_sensors.py for tasks to queue
[2024-11-11T19:57:58.762+0000] {logging_mixin.py:190} INFO - [2024-11-11T19:57:58.761+0000] {dagbag.py:588} INFO - Filling up the DagBag from /home/airflow/.local/lib/python3.12/site-packages/airflow/example_dags/example_sensors.py
[2024-11-11T19:57:58.803+0000] {processor.py:925} INFO - DAG(s) 'example_sensors' retrieved from /home/airflow/.local/lib/python3.12/site-packages/airflow/example_dags/example_sensors.py
[2024-11-11T19:57:58.871+0000] {logging_mixin.py:190} INFO - [2024-11-11T19:57:58.871+0000] {dag.py:3239} INFO - Sync 1 DAGs
[2024-11-11T19:57:58.914+0000] {logging_mixin.py:190} INFO - [2024-11-11T19:57:58.914+0000] {dag.py:4180} INFO - Setting next_dagrun for example_sensors to None, run_after=None
[2024-11-11T19:57:58.957+0000] {processor.py:208} INFO - Processing /home/airflow/.local/lib/python3.12/site-packages/airflow/example_dags/example_sensors.py took 0.221 seconds
[2024-11-11T19:58:29.326+0000] {processor.py:186} INFO - Started process (PID=9711) to work on /home/airflow/.local/lib/python3.12/site-packages/airflow/example_dags/example_sensors.py
[2024-11-11T19:58:29.328+0000] {processor.py:914} INFO - Processing file /home/airflow/.local/lib/python3.12/site-packages/airflow/example_dags/example_sensors.py for tasks to queue
[2024-11-11T19:58:29.332+0000] {logging_mixin.py:190} INFO - [2024-11-11T19:58:29.332+0000] {dagbag.py:588} INFO - Filling up the DagBag from /home/airflow/.local/lib/python3.12/site-packages/airflow/example_dags/example_sensors.py
[2024-11-11T19:58:29.362+0000] {processor.py:925} INFO - DAG(s) 'example_sensors' retrieved from /home/airflow/.local/lib/python3.12/site-packages/airflow/example_dags/example_sensors.py
[2024-11-11T19:58:29.405+0000] {logging_mixin.py:190} INFO - [2024-11-11T19:58:29.404+0000] {dag.py:3239} INFO - Sync 1 DAGs
[2024-11-11T19:58:29.430+0000] {logging_mixin.py:190} INFO - [2024-11-11T19:58:29.430+0000] {dag.py:4180} INFO - Setting next_dagrun for example_sensors to None, run_after=None
[2024-11-11T19:58:29.474+0000] {processor.py:208} INFO - Processing /home/airflow/.local/lib/python3.12/site-packages/airflow/example_dags/example_sensors.py took 0.160 seconds
[2024-11-11T19:58:59.859+0000] {processor.py:186} INFO - Started process (PID=9997) to work on /home/airflow/.local/lib/python3.12/site-packages/airflow/example_dags/example_sensors.py
[2024-11-11T19:58:59.860+0000] {processor.py:914} INFO - Processing file /home/airflow/.local/lib/python3.12/site-packages/airflow/example_dags/example_sensors.py for tasks to queue
[2024-11-11T19:58:59.864+0000] {logging_mixin.py:190} INFO - [2024-11-11T19:58:59.864+0000] {dagbag.py:588} INFO - Filling up the DagBag from /home/airflow/.local/lib/python3.12/site-packages/airflow/example_dags/example_sensors.py
[2024-11-11T19:58:59.897+0000] {processor.py:925} INFO - DAG(s) 'example_sensors' retrieved from /home/airflow/.local/lib/python3.12/site-packages/airflow/example_dags/example_sensors.py
[2024-11-11T19:58:59.953+0000] {logging_mixin.py:190} INFO - [2024-11-11T19:58:59.952+0000] {dag.py:3239} INFO - Sync 1 DAGs
[2024-11-11T19:58:59.980+0000] {logging_mixin.py:190} INFO - [2024-11-11T19:58:59.980+0000] {dag.py:4180} INFO - Setting next_dagrun for example_sensors to None, run_after=None
[2024-11-11T19:59:00.013+0000] {processor.py:208} INFO - Processing /home/airflow/.local/lib/python3.12/site-packages/airflow/example_dags/example_sensors.py took 0.164 seconds
[2024-11-11T19:59:30.792+0000] {processor.py:186} INFO - Started process (PID=10290) to work on /home/airflow/.local/lib/python3.12/site-packages/airflow/example_dags/example_sensors.py
[2024-11-11T19:59:30.794+0000] {processor.py:914} INFO - Processing file /home/airflow/.local/lib/python3.12/site-packages/airflow/example_dags/example_sensors.py for tasks to queue
[2024-11-11T19:59:30.797+0000] {logging_mixin.py:190} INFO - [2024-11-11T19:59:30.797+0000] {dagbag.py:588} INFO - Filling up the DagBag from /home/airflow/.local/lib/python3.12/site-packages/airflow/example_dags/example_sensors.py
[2024-11-11T19:59:30.829+0000] {processor.py:925} INFO - DAG(s) 'example_sensors' retrieved from /home/airflow/.local/lib/python3.12/site-packages/airflow/example_dags/example_sensors.py
[2024-11-11T19:59:30.921+0000] {logging_mixin.py:190} INFO - [2024-11-11T19:59:30.921+0000] {dag.py:3239} INFO - Sync 1 DAGs
[2024-11-11T19:59:30.957+0000] {logging_mixin.py:190} INFO - [2024-11-11T19:59:30.956+0000] {dag.py:4180} INFO - Setting next_dagrun for example_sensors to None, run_after=None
[2024-11-11T19:59:30.995+0000] {processor.py:208} INFO - Processing /home/airflow/.local/lib/python3.12/site-packages/airflow/example_dags/example_sensors.py took 0.219 seconds
[2024-11-11T20:00:01.161+0000] {processor.py:186} INFO - Started process (PID=10579) to work on /home/airflow/.local/lib/python3.12/site-packages/airflow/example_dags/example_sensors.py
[2024-11-11T20:00:01.163+0000] {processor.py:914} INFO - Processing file /home/airflow/.local/lib/python3.12/site-packages/airflow/example_dags/example_sensors.py for tasks to queue
[2024-11-11T20:00:01.167+0000] {logging_mixin.py:190} INFO - [2024-11-11T20:00:01.166+0000] {dagbag.py:588} INFO - Filling up the DagBag from /home/airflow/.local/lib/python3.12/site-packages/airflow/example_dags/example_sensors.py
[2024-11-11T20:00:01.186+0000] {processor.py:925} INFO - DAG(s) 'example_sensors' retrieved from /home/airflow/.local/lib/python3.12/site-packages/airflow/example_dags/example_sensors.py
[2024-11-11T20:00:01.248+0000] {logging_mixin.py:190} INFO - [2024-11-11T20:00:01.247+0000] {dag.py:3239} INFO - Sync 1 DAGs
[2024-11-11T20:00:01.273+0000] {logging_mixin.py:190} INFO - [2024-11-11T20:00:01.272+0000] {dag.py:4180} INFO - Setting next_dagrun for example_sensors to None, run_after=None
[2024-11-11T20:00:01.309+0000] {processor.py:208} INFO - Processing /home/airflow/.local/lib/python3.12/site-packages/airflow/example_dags/example_sensors.py took 0.164 seconds
[2024-11-11T20:00:31.554+0000] {processor.py:186} INFO - Started process (PID=10865) to work on /home/airflow/.local/lib/python3.12/site-packages/airflow/example_dags/example_sensors.py
[2024-11-11T20:00:31.557+0000] {processor.py:914} INFO - Processing file /home/airflow/.local/lib/python3.12/site-packages/airflow/example_dags/example_sensors.py for tasks to queue
[2024-11-11T20:00:31.573+0000] {logging_mixin.py:190} INFO - [2024-11-11T20:00:31.572+0000] {dagbag.py:588} INFO - Filling up the DagBag from /home/airflow/.local/lib/python3.12/site-packages/airflow/example_dags/example_sensors.py
[2024-11-11T20:00:31.609+0000] {processor.py:925} INFO - DAG(s) 'example_sensors' retrieved from /home/airflow/.local/lib/python3.12/site-packages/airflow/example_dags/example_sensors.py
[2024-11-11T20:00:31.656+0000] {logging_mixin.py:190} INFO - [2024-11-11T20:00:31.656+0000] {dag.py:3239} INFO - Sync 1 DAGs
[2024-11-11T20:00:31.683+0000] {logging_mixin.py:190} INFO - [2024-11-11T20:00:31.683+0000] {dag.py:4180} INFO - Setting next_dagrun for example_sensors to None, run_after=None
[2024-11-11T20:00:31.718+0000] {processor.py:208} INFO - Processing /home/airflow/.local/lib/python3.12/site-packages/airflow/example_dags/example_sensors.py took 0.184 seconds
[2024-11-11T20:01:02.607+0000] {processor.py:186} INFO - Started process (PID=11156) to work on /home/airflow/.local/lib/python3.12/site-packages/airflow/example_dags/example_sensors.py
[2024-11-11T20:01:02.609+0000] {processor.py:914} INFO - Processing file /home/airflow/.local/lib/python3.12/site-packages/airflow/example_dags/example_sensors.py for tasks to queue
[2024-11-11T20:01:02.616+0000] {logging_mixin.py:190} INFO - [2024-11-11T20:01:02.615+0000] {dagbag.py:588} INFO - Filling up the DagBag from /home/airflow/.local/lib/python3.12/site-packages/airflow/example_dags/example_sensors.py
[2024-11-11T20:01:02.652+0000] {processor.py:925} INFO - DAG(s) 'example_sensors' retrieved from /home/airflow/.local/lib/python3.12/site-packages/airflow/example_dags/example_sensors.py
[2024-11-11T20:01:02.729+0000] {logging_mixin.py:190} INFO - [2024-11-11T20:01:02.728+0000] {dag.py:3239} INFO - Sync 1 DAGs
[2024-11-11T20:01:02.772+0000] {logging_mixin.py:190} INFO - [2024-11-11T20:01:02.772+0000] {dag.py:4180} INFO - Setting next_dagrun for example_sensors to None, run_after=None
[2024-11-11T20:01:02.813+0000] {processor.py:208} INFO - Processing /home/airflow/.local/lib/python3.12/site-packages/airflow/example_dags/example_sensors.py took 0.222 seconds
[2024-11-11T20:01:33.457+0000] {processor.py:186} INFO - Started process (PID=11447) to work on /home/airflow/.local/lib/python3.12/site-packages/airflow/example_dags/example_sensors.py
[2024-11-11T20:01:33.459+0000] {processor.py:914} INFO - Processing file /home/airflow/.local/lib/python3.12/site-packages/airflow/example_dags/example_sensors.py for tasks to queue
[2024-11-11T20:01:33.464+0000] {logging_mixin.py:190} INFO - [2024-11-11T20:01:33.464+0000] {dagbag.py:588} INFO - Filling up the DagBag from /home/airflow/.local/lib/python3.12/site-packages/airflow/example_dags/example_sensors.py
[2024-11-11T20:01:33.497+0000] {processor.py:925} INFO - DAG(s) 'example_sensors' retrieved from /home/airflow/.local/lib/python3.12/site-packages/airflow/example_dags/example_sensors.py
[2024-11-11T20:01:33.561+0000] {logging_mixin.py:190} INFO - [2024-11-11T20:01:33.560+0000] {dag.py:3239} INFO - Sync 1 DAGs
[2024-11-11T20:01:33.604+0000] {logging_mixin.py:190} INFO - [2024-11-11T20:01:33.603+0000] {dag.py:4180} INFO - Setting next_dagrun for example_sensors to None, run_after=None
[2024-11-11T20:01:33.654+0000] {processor.py:208} INFO - Processing /home/airflow/.local/lib/python3.12/site-packages/airflow/example_dags/example_sensors.py took 0.217 seconds
[2024-11-11T20:02:04.168+0000] {processor.py:186} INFO - Started process (PID=11739) to work on /home/airflow/.local/lib/python3.12/site-packages/airflow/example_dags/example_sensors.py
[2024-11-11T20:02:04.171+0000] {processor.py:914} INFO - Processing file /home/airflow/.local/lib/python3.12/site-packages/airflow/example_dags/example_sensors.py for tasks to queue
[2024-11-11T20:02:04.179+0000] {logging_mixin.py:190} INFO - [2024-11-11T20:02:04.177+0000] {dagbag.py:588} INFO - Filling up the DagBag from /home/airflow/.local/lib/python3.12/site-packages/airflow/example_dags/example_sensors.py
[2024-11-11T20:02:04.225+0000] {processor.py:925} INFO - DAG(s) 'example_sensors' retrieved from /home/airflow/.local/lib/python3.12/site-packages/airflow/example_dags/example_sensors.py
[2024-11-11T20:02:04.291+0000] {logging_mixin.py:190} INFO - [2024-11-11T20:02:04.291+0000] {dag.py:3239} INFO - Sync 1 DAGs
[2024-11-11T20:02:04.315+0000] {logging_mixin.py:190} INFO - [2024-11-11T20:02:04.315+0000] {dag.py:4180} INFO - Setting next_dagrun for example_sensors to None, run_after=None
[2024-11-11T20:02:04.348+0000] {processor.py:208} INFO - Processing /home/airflow/.local/lib/python3.12/site-packages/airflow/example_dags/example_sensors.py took 0.201 seconds
[2024-11-11T20:02:35.102+0000] {processor.py:186} INFO - Started process (PID=12025) to work on /home/airflow/.local/lib/python3.12/site-packages/airflow/example_dags/example_sensors.py
[2024-11-11T20:02:35.107+0000] {processor.py:914} INFO - Processing file /home/airflow/.local/lib/python3.12/site-packages/airflow/example_dags/example_sensors.py for tasks to queue
[2024-11-11T20:02:35.129+0000] {logging_mixin.py:190} INFO - [2024-11-11T20:02:35.127+0000] {dagbag.py:588} INFO - Filling up the DagBag from /home/airflow/.local/lib/python3.12/site-packages/airflow/example_dags/example_sensors.py
[2024-11-11T20:02:35.209+0000] {processor.py:925} INFO - DAG(s) 'example_sensors' retrieved from /home/airflow/.local/lib/python3.12/site-packages/airflow/example_dags/example_sensors.py
[2024-11-11T20:02:35.307+0000] {logging_mixin.py:190} INFO - [2024-11-11T20:02:35.306+0000] {dag.py:3239} INFO - Sync 1 DAGs
[2024-11-11T20:02:35.358+0000] {logging_mixin.py:190} INFO - [2024-11-11T20:02:35.357+0000] {dag.py:4180} INFO - Setting next_dagrun for example_sensors to None, run_after=None
[2024-11-11T20:02:35.458+0000] {processor.py:208} INFO - Processing /home/airflow/.local/lib/python3.12/site-packages/airflow/example_dags/example_sensors.py took 0.394 seconds
