[2024-11-11T19:41:36.137+0000] {processor.py:186} INFO - Started process (PID=327) to work on /home/airflow/.local/lib/python3.12/site-packages/airflow/example_dags/example_bash_operator.py
[2024-11-11T19:41:36.141+0000] {processor.py:914} INFO - Processing file /home/airflow/.local/lib/python3.12/site-packages/airflow/example_dags/example_bash_operator.py for tasks to queue
[2024-11-11T19:41:36.145+0000] {logging_mixin.py:190} INFO - [2024-11-11T19:41:36.144+0000] {dagbag.py:588} INFO - Filling up the DagBag from /home/airflow/.local/lib/python3.12/site-packages/airflow/example_dags/example_bash_operator.py
[2024-11-11T19:41:36.255+0000] {processor.py:925} INFO - DAG(s) 'example_bash_operator' retrieved from /home/airflow/.local/lib/python3.12/site-packages/airflow/example_dags/example_bash_operator.py
[2024-11-11T19:41:36.832+0000] {logging_mixin.py:190} INFO - [2024-11-11T19:41:36.828+0000] {override.py:1911} INFO - Created Permission View: can delete on DAG:example_bash_operator
[2024-11-11T19:41:36.867+0000] {logging_mixin.py:190} INFO - [2024-11-11T19:41:36.866+0000] {override.py:1911} INFO - Created Permission View: can read on DAG:example_bash_operator
[2024-11-11T19:41:36.901+0000] {logging_mixin.py:190} INFO - [2024-11-11T19:41:36.900+0000] {override.py:1911} INFO - Created Permission View: can edit on DAG:example_bash_operator
[2024-11-11T19:41:36.954+0000] {logging_mixin.py:190} INFO - [2024-11-11T19:41:36.954+0000] {override.py:1911} INFO - Created Permission View: can delete on DAG Run:example_bash_operator
[2024-11-11T19:41:36.968+0000] {logging_mixin.py:190} INFO - [2024-11-11T19:41:36.967+0000] {override.py:1911} INFO - Created Permission View: can create on DAG Run:example_bash_operator
[2024-11-11T19:41:36.982+0000] {logging_mixin.py:190} INFO - [2024-11-11T19:41:36.982+0000] {override.py:1911} INFO - Created Permission View: menu access on DAG Run:example_bash_operator
[2024-11-11T19:41:36.998+0000] {logging_mixin.py:190} INFO - [2024-11-11T19:41:36.997+0000] {override.py:1911} INFO - Created Permission View: can read on DAG Run:example_bash_operator
[2024-11-11T19:41:36.999+0000] {logging_mixin.py:190} INFO - [2024-11-11T19:41:36.999+0000] {dag.py:3239} INFO - Sync 1 DAGs
[2024-11-11T19:41:37.063+0000] {logging_mixin.py:190} INFO - [2024-11-11T19:41:37.062+0000] {dag.py:3262} INFO - Creating ORM DAG for example_bash_operator
[2024-11-11T19:41:37.108+0000] {logging_mixin.py:190} INFO - [2024-11-11T19:41:37.107+0000] {dag.py:4180} INFO - Setting next_dagrun for example_bash_operator to 2024-11-10 00:00:00+00:00, run_after=2024-11-11 00:00:00+00:00
[2024-11-11T19:41:37.161+0000] {processor.py:208} INFO - Processing /home/airflow/.local/lib/python3.12/site-packages/airflow/example_dags/example_bash_operator.py took 1.048 seconds
[2024-11-11T19:42:07.992+0000] {processor.py:186} INFO - Started process (PID=615) to work on /home/airflow/.local/lib/python3.12/site-packages/airflow/example_dags/example_bash_operator.py
[2024-11-11T19:42:07.994+0000] {processor.py:914} INFO - Processing file /home/airflow/.local/lib/python3.12/site-packages/airflow/example_dags/example_bash_operator.py for tasks to queue
[2024-11-11T19:42:07.998+0000] {logging_mixin.py:190} INFO - [2024-11-11T19:42:07.997+0000] {dagbag.py:588} INFO - Filling up the DagBag from /home/airflow/.local/lib/python3.12/site-packages/airflow/example_dags/example_bash_operator.py
[2024-11-11T19:42:08.028+0000] {processor.py:925} INFO - DAG(s) 'example_bash_operator' retrieved from /home/airflow/.local/lib/python3.12/site-packages/airflow/example_dags/example_bash_operator.py
[2024-11-11T19:42:08.072+0000] {logging_mixin.py:190} INFO - [2024-11-11T19:42:08.072+0000] {dag.py:3239} INFO - Sync 1 DAGs
[2024-11-11T19:42:08.127+0000] {logging_mixin.py:190} INFO - [2024-11-11T19:42:08.126+0000] {dag.py:4180} INFO - Setting next_dagrun for example_bash_operator to 2024-11-10 00:00:00+00:00, run_after=2024-11-11 00:00:00+00:00
[2024-11-11T19:42:08.175+0000] {processor.py:208} INFO - Processing /home/airflow/.local/lib/python3.12/site-packages/airflow/example_dags/example_bash_operator.py took 0.197 seconds
[2024-11-11T19:42:38.311+0000] {processor.py:186} INFO - Started process (PID=907) to work on /home/airflow/.local/lib/python3.12/site-packages/airflow/example_dags/example_bash_operator.py
[2024-11-11T19:42:38.319+0000] {processor.py:914} INFO - Processing file /home/airflow/.local/lib/python3.12/site-packages/airflow/example_dags/example_bash_operator.py for tasks to queue
[2024-11-11T19:42:38.323+0000] {logging_mixin.py:190} INFO - [2024-11-11T19:42:38.323+0000] {dagbag.py:588} INFO - Filling up the DagBag from /home/airflow/.local/lib/python3.12/site-packages/airflow/example_dags/example_bash_operator.py
[2024-11-11T19:42:38.348+0000] {processor.py:925} INFO - DAG(s) 'example_bash_operator' retrieved from /home/airflow/.local/lib/python3.12/site-packages/airflow/example_dags/example_bash_operator.py
[2024-11-11T19:42:38.407+0000] {logging_mixin.py:190} INFO - [2024-11-11T19:42:38.407+0000] {dag.py:3239} INFO - Sync 1 DAGs
[2024-11-11T19:42:38.463+0000] {logging_mixin.py:190} INFO - [2024-11-11T19:42:38.463+0000] {dag.py:4180} INFO - Setting next_dagrun for example_bash_operator to 2024-11-10 00:00:00+00:00, run_after=2024-11-11 00:00:00+00:00
[2024-11-11T19:42:38.525+0000] {processor.py:208} INFO - Processing /home/airflow/.local/lib/python3.12/site-packages/airflow/example_dags/example_bash_operator.py took 0.242 seconds
[2024-11-11T19:43:08.633+0000] {processor.py:186} INFO - Started process (PID=1198) to work on /home/airflow/.local/lib/python3.12/site-packages/airflow/example_dags/example_bash_operator.py
[2024-11-11T19:43:08.635+0000] {processor.py:914} INFO - Processing file /home/airflow/.local/lib/python3.12/site-packages/airflow/example_dags/example_bash_operator.py for tasks to queue
[2024-11-11T19:43:08.640+0000] {logging_mixin.py:190} INFO - [2024-11-11T19:43:08.639+0000] {dagbag.py:588} INFO - Filling up the DagBag from /home/airflow/.local/lib/python3.12/site-packages/airflow/example_dags/example_bash_operator.py
[2024-11-11T19:43:08.670+0000] {processor.py:925} INFO - DAG(s) 'example_bash_operator' retrieved from /home/airflow/.local/lib/python3.12/site-packages/airflow/example_dags/example_bash_operator.py
[2024-11-11T19:43:08.739+0000] {logging_mixin.py:190} INFO - [2024-11-11T19:43:08.738+0000] {dag.py:3239} INFO - Sync 1 DAGs
[2024-11-11T19:43:08.795+0000] {logging_mixin.py:190} INFO - [2024-11-11T19:43:08.794+0000] {dag.py:4180} INFO - Setting next_dagrun for example_bash_operator to 2024-11-10 00:00:00+00:00, run_after=2024-11-11 00:00:00+00:00
[2024-11-11T19:43:08.842+0000] {processor.py:208} INFO - Processing /home/airflow/.local/lib/python3.12/site-packages/airflow/example_dags/example_bash_operator.py took 0.223 seconds
[2024-11-11T19:43:39.767+0000] {processor.py:186} INFO - Started process (PID=1487) to work on /home/airflow/.local/lib/python3.12/site-packages/airflow/example_dags/example_bash_operator.py
[2024-11-11T19:43:39.769+0000] {processor.py:914} INFO - Processing file /home/airflow/.local/lib/python3.12/site-packages/airflow/example_dags/example_bash_operator.py for tasks to queue
[2024-11-11T19:43:39.772+0000] {logging_mixin.py:190} INFO - [2024-11-11T19:43:39.772+0000] {dagbag.py:588} INFO - Filling up the DagBag from /home/airflow/.local/lib/python3.12/site-packages/airflow/example_dags/example_bash_operator.py
[2024-11-11T19:43:39.794+0000] {processor.py:925} INFO - DAG(s) 'example_bash_operator' retrieved from /home/airflow/.local/lib/python3.12/site-packages/airflow/example_dags/example_bash_operator.py
[2024-11-11T19:43:39.854+0000] {logging_mixin.py:190} INFO - [2024-11-11T19:43:39.854+0000] {dag.py:3239} INFO - Sync 1 DAGs
[2024-11-11T19:43:39.913+0000] {logging_mixin.py:190} INFO - [2024-11-11T19:43:39.912+0000] {dag.py:4180} INFO - Setting next_dagrun for example_bash_operator to 2024-11-10 00:00:00+00:00, run_after=2024-11-11 00:00:00+00:00
[2024-11-11T19:43:39.954+0000] {processor.py:208} INFO - Processing /home/airflow/.local/lib/python3.12/site-packages/airflow/example_dags/example_bash_operator.py took 0.197 seconds
[2024-11-11T19:44:10.202+0000] {processor.py:186} INFO - Started process (PID=1778) to work on /home/airflow/.local/lib/python3.12/site-packages/airflow/example_dags/example_bash_operator.py
[2024-11-11T19:44:10.204+0000] {processor.py:914} INFO - Processing file /home/airflow/.local/lib/python3.12/site-packages/airflow/example_dags/example_bash_operator.py for tasks to queue
[2024-11-11T19:44:10.208+0000] {logging_mixin.py:190} INFO - [2024-11-11T19:44:10.208+0000] {dagbag.py:588} INFO - Filling up the DagBag from /home/airflow/.local/lib/python3.12/site-packages/airflow/example_dags/example_bash_operator.py
[2024-11-11T19:44:10.230+0000] {processor.py:925} INFO - DAG(s) 'example_bash_operator' retrieved from /home/airflow/.local/lib/python3.12/site-packages/airflow/example_dags/example_bash_operator.py
[2024-11-11T19:44:10.273+0000] {logging_mixin.py:190} INFO - [2024-11-11T19:44:10.273+0000] {dag.py:3239} INFO - Sync 1 DAGs
[2024-11-11T19:44:10.310+0000] {logging_mixin.py:190} INFO - [2024-11-11T19:44:10.309+0000] {dag.py:4180} INFO - Setting next_dagrun for example_bash_operator to 2024-11-10 00:00:00+00:00, run_after=2024-11-11 00:00:00+00:00
[2024-11-11T19:44:10.345+0000] {processor.py:208} INFO - Processing /home/airflow/.local/lib/python3.12/site-packages/airflow/example_dags/example_bash_operator.py took 0.157 seconds
[2024-11-11T19:44:40.846+0000] {processor.py:186} INFO - Started process (PID=2066) to work on /home/airflow/.local/lib/python3.12/site-packages/airflow/example_dags/example_bash_operator.py
[2024-11-11T19:44:40.849+0000] {processor.py:914} INFO - Processing file /home/airflow/.local/lib/python3.12/site-packages/airflow/example_dags/example_bash_operator.py for tasks to queue
[2024-11-11T19:44:40.853+0000] {logging_mixin.py:190} INFO - [2024-11-11T19:44:40.853+0000] {dagbag.py:588} INFO - Filling up the DagBag from /home/airflow/.local/lib/python3.12/site-packages/airflow/example_dags/example_bash_operator.py
[2024-11-11T19:44:40.876+0000] {processor.py:925} INFO - DAG(s) 'example_bash_operator' retrieved from /home/airflow/.local/lib/python3.12/site-packages/airflow/example_dags/example_bash_operator.py
[2024-11-11T19:44:40.929+0000] {logging_mixin.py:190} INFO - [2024-11-11T19:44:40.928+0000] {dag.py:3239} INFO - Sync 1 DAGs
[2024-11-11T19:44:40.999+0000] {logging_mixin.py:190} INFO - [2024-11-11T19:44:40.998+0000] {dag.py:4180} INFO - Setting next_dagrun for example_bash_operator to 2024-11-10 00:00:00+00:00, run_after=2024-11-11 00:00:00+00:00
[2024-11-11T19:44:41.045+0000] {processor.py:208} INFO - Processing /home/airflow/.local/lib/python3.12/site-packages/airflow/example_dags/example_bash_operator.py took 0.213 seconds
[2024-11-11T19:45:11.769+0000] {processor.py:186} INFO - Started process (PID=2357) to work on /home/airflow/.local/lib/python3.12/site-packages/airflow/example_dags/example_bash_operator.py
[2024-11-11T19:45:11.771+0000] {processor.py:914} INFO - Processing file /home/airflow/.local/lib/python3.12/site-packages/airflow/example_dags/example_bash_operator.py for tasks to queue
[2024-11-11T19:45:11.777+0000] {logging_mixin.py:190} INFO - [2024-11-11T19:45:11.777+0000] {dagbag.py:588} INFO - Filling up the DagBag from /home/airflow/.local/lib/python3.12/site-packages/airflow/example_dags/example_bash_operator.py
[2024-11-11T19:45:11.815+0000] {processor.py:925} INFO - DAG(s) 'example_bash_operator' retrieved from /home/airflow/.local/lib/python3.12/site-packages/airflow/example_dags/example_bash_operator.py
[2024-11-11T19:45:11.882+0000] {logging_mixin.py:190} INFO - [2024-11-11T19:45:11.881+0000] {dag.py:3239} INFO - Sync 1 DAGs
[2024-11-11T19:45:11.999+0000] {logging_mixin.py:190} INFO - [2024-11-11T19:45:11.998+0000] {dag.py:4180} INFO - Setting next_dagrun for example_bash_operator to 2024-11-10 00:00:00+00:00, run_after=2024-11-11 00:00:00+00:00
[2024-11-11T19:45:12.078+0000] {processor.py:208} INFO - Processing /home/airflow/.local/lib/python3.12/site-packages/airflow/example_dags/example_bash_operator.py took 0.327 seconds
[2024-11-11T19:45:42.615+0000] {processor.py:186} INFO - Started process (PID=2646) to work on /home/airflow/.local/lib/python3.12/site-packages/airflow/example_dags/example_bash_operator.py
[2024-11-11T19:45:42.618+0000] {processor.py:914} INFO - Processing file /home/airflow/.local/lib/python3.12/site-packages/airflow/example_dags/example_bash_operator.py for tasks to queue
[2024-11-11T19:45:42.624+0000] {logging_mixin.py:190} INFO - [2024-11-11T19:45:42.623+0000] {dagbag.py:588} INFO - Filling up the DagBag from /home/airflow/.local/lib/python3.12/site-packages/airflow/example_dags/example_bash_operator.py
[2024-11-11T19:45:42.674+0000] {processor.py:925} INFO - DAG(s) 'example_bash_operator' retrieved from /home/airflow/.local/lib/python3.12/site-packages/airflow/example_dags/example_bash_operator.py
[2024-11-11T19:45:42.789+0000] {logging_mixin.py:190} INFO - [2024-11-11T19:45:42.788+0000] {dag.py:3239} INFO - Sync 1 DAGs
[2024-11-11T19:45:42.902+0000] {logging_mixin.py:190} INFO - [2024-11-11T19:45:42.901+0000] {dag.py:4180} INFO - Setting next_dagrun for example_bash_operator to 2024-11-10 00:00:00+00:00, run_after=2024-11-11 00:00:00+00:00
[2024-11-11T19:45:42.977+0000] {processor.py:208} INFO - Processing /home/airflow/.local/lib/python3.12/site-packages/airflow/example_dags/example_bash_operator.py took 0.380 seconds
[2024-11-11T19:46:14.020+0000] {processor.py:186} INFO - Started process (PID=2937) to work on /home/airflow/.local/lib/python3.12/site-packages/airflow/example_dags/example_bash_operator.py
[2024-11-11T19:46:14.029+0000] {processor.py:914} INFO - Processing file /home/airflow/.local/lib/python3.12/site-packages/airflow/example_dags/example_bash_operator.py for tasks to queue
[2024-11-11T19:46:14.039+0000] {logging_mixin.py:190} INFO - [2024-11-11T19:46:14.037+0000] {dagbag.py:588} INFO - Filling up the DagBag from /home/airflow/.local/lib/python3.12/site-packages/airflow/example_dags/example_bash_operator.py
[2024-11-11T19:46:14.103+0000] {processor.py:925} INFO - DAG(s) 'example_bash_operator' retrieved from /home/airflow/.local/lib/python3.12/site-packages/airflow/example_dags/example_bash_operator.py
[2024-11-11T19:46:14.215+0000] {logging_mixin.py:190} INFO - [2024-11-11T19:46:14.214+0000] {dag.py:3239} INFO - Sync 1 DAGs
[2024-11-11T19:46:14.270+0000] {logging_mixin.py:190} INFO - [2024-11-11T19:46:14.270+0000] {dag.py:4180} INFO - Setting next_dagrun for example_bash_operator to 2024-11-10 00:00:00+00:00, run_after=2024-11-11 00:00:00+00:00
[2024-11-11T19:46:14.311+0000] {processor.py:208} INFO - Processing /home/airflow/.local/lib/python3.12/site-packages/airflow/example_dags/example_bash_operator.py took 0.319 seconds
[2024-11-11T19:46:44.574+0000] {processor.py:186} INFO - Started process (PID=3228) to work on /home/airflow/.local/lib/python3.12/site-packages/airflow/example_dags/example_bash_operator.py
[2024-11-11T19:46:44.576+0000] {processor.py:914} INFO - Processing file /home/airflow/.local/lib/python3.12/site-packages/airflow/example_dags/example_bash_operator.py for tasks to queue
[2024-11-11T19:46:44.580+0000] {logging_mixin.py:190} INFO - [2024-11-11T19:46:44.580+0000] {dagbag.py:588} INFO - Filling up the DagBag from /home/airflow/.local/lib/python3.12/site-packages/airflow/example_dags/example_bash_operator.py
[2024-11-11T19:46:44.615+0000] {processor.py:925} INFO - DAG(s) 'example_bash_operator' retrieved from /home/airflow/.local/lib/python3.12/site-packages/airflow/example_dags/example_bash_operator.py
[2024-11-11T19:46:44.673+0000] {logging_mixin.py:190} INFO - [2024-11-11T19:46:44.673+0000] {dag.py:3239} INFO - Sync 1 DAGs
[2024-11-11T19:46:44.735+0000] {logging_mixin.py:190} INFO - [2024-11-11T19:46:44.735+0000] {dag.py:4180} INFO - Setting next_dagrun for example_bash_operator to 2024-11-10 00:00:00+00:00, run_after=2024-11-11 00:00:00+00:00
[2024-11-11T19:46:44.779+0000] {processor.py:208} INFO - Processing /home/airflow/.local/lib/python3.12/site-packages/airflow/example_dags/example_bash_operator.py took 0.221 seconds
[2024-11-11T19:47:15.339+0000] {processor.py:186} INFO - Started process (PID=3520) to work on /home/airflow/.local/lib/python3.12/site-packages/airflow/example_dags/example_bash_operator.py
[2024-11-11T19:47:15.342+0000] {processor.py:914} INFO - Processing file /home/airflow/.local/lib/python3.12/site-packages/airflow/example_dags/example_bash_operator.py for tasks to queue
[2024-11-11T19:47:15.356+0000] {logging_mixin.py:190} INFO - [2024-11-11T19:47:15.355+0000] {dagbag.py:588} INFO - Filling up the DagBag from /home/airflow/.local/lib/python3.12/site-packages/airflow/example_dags/example_bash_operator.py
[2024-11-11T19:47:15.423+0000] {processor.py:925} INFO - DAG(s) 'example_bash_operator' retrieved from /home/airflow/.local/lib/python3.12/site-packages/airflow/example_dags/example_bash_operator.py
[2024-11-11T19:47:15.562+0000] {logging_mixin.py:190} INFO - [2024-11-11T19:47:15.562+0000] {dag.py:3239} INFO - Sync 1 DAGs
[2024-11-11T19:47:15.633+0000] {logging_mixin.py:190} INFO - [2024-11-11T19:47:15.632+0000] {dag.py:4180} INFO - Setting next_dagrun for example_bash_operator to 2024-11-10 00:00:00+00:00, run_after=2024-11-11 00:00:00+00:00
[2024-11-11T19:47:15.669+0000] {processor.py:208} INFO - Processing /home/airflow/.local/lib/python3.12/site-packages/airflow/example_dags/example_bash_operator.py took 0.380 seconds
[2024-11-11T19:47:45.911+0000] {processor.py:186} INFO - Started process (PID=3812) to work on /home/airflow/.local/lib/python3.12/site-packages/airflow/example_dags/example_bash_operator.py
[2024-11-11T19:47:45.914+0000] {processor.py:914} INFO - Processing file /home/airflow/.local/lib/python3.12/site-packages/airflow/example_dags/example_bash_operator.py for tasks to queue
[2024-11-11T19:47:45.921+0000] {logging_mixin.py:190} INFO - [2024-11-11T19:47:45.920+0000] {dagbag.py:588} INFO - Filling up the DagBag from /home/airflow/.local/lib/python3.12/site-packages/airflow/example_dags/example_bash_operator.py
[2024-11-11T19:47:45.954+0000] {processor.py:925} INFO - DAG(s) 'example_bash_operator' retrieved from /home/airflow/.local/lib/python3.12/site-packages/airflow/example_dags/example_bash_operator.py
[2024-11-11T19:47:46.029+0000] {logging_mixin.py:190} INFO - [2024-11-11T19:47:46.028+0000] {dag.py:3239} INFO - Sync 1 DAGs
[2024-11-11T19:47:46.119+0000] {logging_mixin.py:190} INFO - [2024-11-11T19:47:46.119+0000] {dag.py:4180} INFO - Setting next_dagrun for example_bash_operator to 2024-11-10 00:00:00+00:00, run_after=2024-11-11 00:00:00+00:00
[2024-11-11T19:47:46.178+0000] {processor.py:208} INFO - Processing /home/airflow/.local/lib/python3.12/site-packages/airflow/example_dags/example_bash_operator.py took 0.282 seconds
[2024-11-11T19:48:16.661+0000] {processor.py:186} INFO - Started process (PID=4103) to work on /home/airflow/.local/lib/python3.12/site-packages/airflow/example_dags/example_bash_operator.py
[2024-11-11T19:48:16.663+0000] {processor.py:914} INFO - Processing file /home/airflow/.local/lib/python3.12/site-packages/airflow/example_dags/example_bash_operator.py for tasks to queue
[2024-11-11T19:48:16.667+0000] {logging_mixin.py:190} INFO - [2024-11-11T19:48:16.666+0000] {dagbag.py:588} INFO - Filling up the DagBag from /home/airflow/.local/lib/python3.12/site-packages/airflow/example_dags/example_bash_operator.py
[2024-11-11T19:48:16.695+0000] {processor.py:925} INFO - DAG(s) 'example_bash_operator' retrieved from /home/airflow/.local/lib/python3.12/site-packages/airflow/example_dags/example_bash_operator.py
[2024-11-11T19:48:16.754+0000] {logging_mixin.py:190} INFO - [2024-11-11T19:48:16.753+0000] {dag.py:3239} INFO - Sync 1 DAGs
[2024-11-11T19:48:16.862+0000] {logging_mixin.py:190} INFO - [2024-11-11T19:48:16.861+0000] {dag.py:4180} INFO - Setting next_dagrun for example_bash_operator to 2024-11-10 00:00:00+00:00, run_after=2024-11-11 00:00:00+00:00
[2024-11-11T19:48:16.938+0000] {processor.py:208} INFO - Processing /home/airflow/.local/lib/python3.12/site-packages/airflow/example_dags/example_bash_operator.py took 0.289 seconds
[2024-11-11T19:48:50.030+0000] {processor.py:186} INFO - Started process (PID=4396) to work on /home/airflow/.local/lib/python3.12/site-packages/airflow/example_dags/example_bash_operator.py
[2024-11-11T19:48:50.033+0000] {processor.py:914} INFO - Processing file /home/airflow/.local/lib/python3.12/site-packages/airflow/example_dags/example_bash_operator.py for tasks to queue
[2024-11-11T19:48:50.037+0000] {logging_mixin.py:190} INFO - [2024-11-11T19:48:50.036+0000] {dagbag.py:588} INFO - Filling up the DagBag from /home/airflow/.local/lib/python3.12/site-packages/airflow/example_dags/example_bash_operator.py
[2024-11-11T19:48:50.069+0000] {processor.py:925} INFO - DAG(s) 'example_bash_operator' retrieved from /home/airflow/.local/lib/python3.12/site-packages/airflow/example_dags/example_bash_operator.py
[2024-11-11T19:48:50.190+0000] {logging_mixin.py:190} INFO - [2024-11-11T19:48:50.189+0000] {dag.py:3239} INFO - Sync 1 DAGs
[2024-11-11T19:48:50.294+0000] {logging_mixin.py:190} INFO - [2024-11-11T19:48:50.293+0000] {dag.py:4180} INFO - Setting next_dagrun for example_bash_operator to 2024-11-10 00:00:00+00:00, run_after=2024-11-11 00:00:00+00:00
[2024-11-11T19:48:50.372+0000] {processor.py:208} INFO - Processing /home/airflow/.local/lib/python3.12/site-packages/airflow/example_dags/example_bash_operator.py took 0.354 seconds
[2024-11-11T19:49:21.374+0000] {processor.py:186} INFO - Started process (PID=4686) to work on /home/airflow/.local/lib/python3.12/site-packages/airflow/example_dags/example_bash_operator.py
[2024-11-11T19:49:21.379+0000] {processor.py:914} INFO - Processing file /home/airflow/.local/lib/python3.12/site-packages/airflow/example_dags/example_bash_operator.py for tasks to queue
[2024-11-11T19:49:21.384+0000] {logging_mixin.py:190} INFO - [2024-11-11T19:49:21.383+0000] {dagbag.py:588} INFO - Filling up the DagBag from /home/airflow/.local/lib/python3.12/site-packages/airflow/example_dags/example_bash_operator.py
[2024-11-11T19:49:21.410+0000] {processor.py:925} INFO - DAG(s) 'example_bash_operator' retrieved from /home/airflow/.local/lib/python3.12/site-packages/airflow/example_dags/example_bash_operator.py
[2024-11-11T19:49:21.468+0000] {logging_mixin.py:190} INFO - [2024-11-11T19:49:21.467+0000] {dag.py:3239} INFO - Sync 1 DAGs
[2024-11-11T19:49:21.518+0000] {logging_mixin.py:190} INFO - [2024-11-11T19:49:21.518+0000] {dag.py:4180} INFO - Setting next_dagrun for example_bash_operator to 2024-11-10 00:00:00+00:00, run_after=2024-11-11 00:00:00+00:00
[2024-11-11T19:49:21.593+0000] {processor.py:208} INFO - Processing /home/airflow/.local/lib/python3.12/site-packages/airflow/example_dags/example_bash_operator.py took 0.244 seconds
[2024-11-11T19:49:52.059+0000] {processor.py:186} INFO - Started process (PID=4981) to work on /home/airflow/.local/lib/python3.12/site-packages/airflow/example_dags/example_bash_operator.py
[2024-11-11T19:49:52.060+0000] {processor.py:914} INFO - Processing file /home/airflow/.local/lib/python3.12/site-packages/airflow/example_dags/example_bash_operator.py for tasks to queue
[2024-11-11T19:49:52.063+0000] {logging_mixin.py:190} INFO - [2024-11-11T19:49:52.063+0000] {dagbag.py:588} INFO - Filling up the DagBag from /home/airflow/.local/lib/python3.12/site-packages/airflow/example_dags/example_bash_operator.py
[2024-11-11T19:49:52.085+0000] {processor.py:925} INFO - DAG(s) 'example_bash_operator' retrieved from /home/airflow/.local/lib/python3.12/site-packages/airflow/example_dags/example_bash_operator.py
[2024-11-11T19:49:52.132+0000] {logging_mixin.py:190} INFO - [2024-11-11T19:49:52.131+0000] {dag.py:3239} INFO - Sync 1 DAGs
[2024-11-11T19:49:52.175+0000] {logging_mixin.py:190} INFO - [2024-11-11T19:49:52.174+0000] {dag.py:4180} INFO - Setting next_dagrun for example_bash_operator to 2024-11-10 00:00:00+00:00, run_after=2024-11-11 00:00:00+00:00
[2024-11-11T19:49:52.211+0000] {processor.py:208} INFO - Processing /home/airflow/.local/lib/python3.12/site-packages/airflow/example_dags/example_bash_operator.py took 0.163 seconds
[2024-11-11T19:50:26.606+0000] {processor.py:186} INFO - Started process (PID=5237) to work on /home/airflow/.local/lib/python3.12/site-packages/airflow/example_dags/example_bash_operator.py
[2024-11-11T19:50:26.608+0000] {processor.py:914} INFO - Processing file /home/airflow/.local/lib/python3.12/site-packages/airflow/example_dags/example_bash_operator.py for tasks to queue
[2024-11-11T19:50:26.612+0000] {logging_mixin.py:190} INFO - [2024-11-11T19:50:26.612+0000] {dagbag.py:588} INFO - Filling up the DagBag from /home/airflow/.local/lib/python3.12/site-packages/airflow/example_dags/example_bash_operator.py
[2024-11-11T19:50:26.644+0000] {processor.py:925} INFO - DAG(s) 'example_bash_operator' retrieved from /home/airflow/.local/lib/python3.12/site-packages/airflow/example_dags/example_bash_operator.py
[2024-11-11T19:50:26.718+0000] {logging_mixin.py:190} INFO - [2024-11-11T19:50:26.717+0000] {dag.py:3239} INFO - Sync 1 DAGs
[2024-11-11T19:50:26.790+0000] {logging_mixin.py:190} INFO - [2024-11-11T19:50:26.789+0000] {dag.py:4180} INFO - Setting next_dagrun for example_bash_operator to 2024-11-10 00:00:00+00:00, run_after=2024-11-11 00:00:00+00:00
[2024-11-11T19:50:26.853+0000] {processor.py:208} INFO - Processing /home/airflow/.local/lib/python3.12/site-packages/airflow/example_dags/example_bash_operator.py took 0.263 seconds
[2024-11-11T19:50:57.532+0000] {processor.py:186} INFO - Started process (PID=5528) to work on /home/airflow/.local/lib/python3.12/site-packages/airflow/example_dags/example_bash_operator.py
[2024-11-11T19:50:57.533+0000] {processor.py:914} INFO - Processing file /home/airflow/.local/lib/python3.12/site-packages/airflow/example_dags/example_bash_operator.py for tasks to queue
[2024-11-11T19:50:57.537+0000] {logging_mixin.py:190} INFO - [2024-11-11T19:50:57.536+0000] {dagbag.py:588} INFO - Filling up the DagBag from /home/airflow/.local/lib/python3.12/site-packages/airflow/example_dags/example_bash_operator.py
[2024-11-11T19:50:57.559+0000] {processor.py:925} INFO - DAG(s) 'example_bash_operator' retrieved from /home/airflow/.local/lib/python3.12/site-packages/airflow/example_dags/example_bash_operator.py
[2024-11-11T19:50:57.606+0000] {logging_mixin.py:190} INFO - [2024-11-11T19:50:57.606+0000] {dag.py:3239} INFO - Sync 1 DAGs
[2024-11-11T19:50:57.659+0000] {logging_mixin.py:190} INFO - [2024-11-11T19:50:57.659+0000] {dag.py:4180} INFO - Setting next_dagrun for example_bash_operator to 2024-11-10 00:00:00+00:00, run_after=2024-11-11 00:00:00+00:00
[2024-11-11T19:50:57.705+0000] {processor.py:208} INFO - Processing /home/airflow/.local/lib/python3.12/site-packages/airflow/example_dags/example_bash_operator.py took 0.184 seconds
[2024-11-11T19:51:28.424+0000] {processor.py:186} INFO - Started process (PID=5820) to work on /home/airflow/.local/lib/python3.12/site-packages/airflow/example_dags/example_bash_operator.py
[2024-11-11T19:51:28.426+0000] {processor.py:914} INFO - Processing file /home/airflow/.local/lib/python3.12/site-packages/airflow/example_dags/example_bash_operator.py for tasks to queue
[2024-11-11T19:51:28.432+0000] {logging_mixin.py:190} INFO - [2024-11-11T19:51:28.431+0000] {dagbag.py:588} INFO - Filling up the DagBag from /home/airflow/.local/lib/python3.12/site-packages/airflow/example_dags/example_bash_operator.py
[2024-11-11T19:51:28.474+0000] {processor.py:925} INFO - DAG(s) 'example_bash_operator' retrieved from /home/airflow/.local/lib/python3.12/site-packages/airflow/example_dags/example_bash_operator.py
[2024-11-11T19:51:28.573+0000] {logging_mixin.py:190} INFO - [2024-11-11T19:51:28.573+0000] {dag.py:3239} INFO - Sync 1 DAGs
[2024-11-11T19:51:28.619+0000] {logging_mixin.py:190} INFO - [2024-11-11T19:51:28.619+0000] {dag.py:4180} INFO - Setting next_dagrun for example_bash_operator to 2024-11-10 00:00:00+00:00, run_after=2024-11-11 00:00:00+00:00
[2024-11-11T19:51:28.649+0000] {processor.py:208} INFO - Processing /home/airflow/.local/lib/python3.12/site-packages/airflow/example_dags/example_bash_operator.py took 0.239 seconds
[2024-11-11T19:51:59.351+0000] {processor.py:186} INFO - Started process (PID=6118) to work on /home/airflow/.local/lib/python3.12/site-packages/airflow/example_dags/example_bash_operator.py
[2024-11-11T19:51:59.353+0000] {processor.py:914} INFO - Processing file /home/airflow/.local/lib/python3.12/site-packages/airflow/example_dags/example_bash_operator.py for tasks to queue
[2024-11-11T19:51:59.358+0000] {logging_mixin.py:190} INFO - [2024-11-11T19:51:59.357+0000] {dagbag.py:588} INFO - Filling up the DagBag from /home/airflow/.local/lib/python3.12/site-packages/airflow/example_dags/example_bash_operator.py
[2024-11-11T19:51:59.391+0000] {processor.py:925} INFO - DAG(s) 'example_bash_operator' retrieved from /home/airflow/.local/lib/python3.12/site-packages/airflow/example_dags/example_bash_operator.py
[2024-11-11T19:51:59.472+0000] {logging_mixin.py:190} INFO - [2024-11-11T19:51:59.472+0000] {dag.py:3239} INFO - Sync 1 DAGs
[2024-11-11T19:51:59.553+0000] {logging_mixin.py:190} INFO - [2024-11-11T19:51:59.552+0000] {dag.py:4180} INFO - Setting next_dagrun for example_bash_operator to 2024-11-10 00:00:00+00:00, run_after=2024-11-11 00:00:00+00:00
[2024-11-11T19:51:59.632+0000] {processor.py:208} INFO - Processing /home/airflow/.local/lib/python3.12/site-packages/airflow/example_dags/example_bash_operator.py took 0.296 seconds
[2024-11-11T19:52:29.975+0000] {processor.py:186} INFO - Started process (PID=6404) to work on /home/airflow/.local/lib/python3.12/site-packages/airflow/example_dags/example_bash_operator.py
[2024-11-11T19:52:29.977+0000] {processor.py:914} INFO - Processing file /home/airflow/.local/lib/python3.12/site-packages/airflow/example_dags/example_bash_operator.py for tasks to queue
[2024-11-11T19:52:29.981+0000] {logging_mixin.py:190} INFO - [2024-11-11T19:52:29.980+0000] {dagbag.py:588} INFO - Filling up the DagBag from /home/airflow/.local/lib/python3.12/site-packages/airflow/example_dags/example_bash_operator.py
[2024-11-11T19:52:30.006+0000] {processor.py:925} INFO - DAG(s) 'example_bash_operator' retrieved from /home/airflow/.local/lib/python3.12/site-packages/airflow/example_dags/example_bash_operator.py
[2024-11-11T19:52:30.063+0000] {logging_mixin.py:190} INFO - [2024-11-11T19:52:30.062+0000] {dag.py:3239} INFO - Sync 1 DAGs
[2024-11-11T19:52:30.100+0000] {logging_mixin.py:190} INFO - [2024-11-11T19:52:30.099+0000] {dag.py:4180} INFO - Setting next_dagrun for example_bash_operator to 2024-11-10 00:00:00+00:00, run_after=2024-11-11 00:00:00+00:00
[2024-11-11T19:52:30.132+0000] {processor.py:208} INFO - Processing /home/airflow/.local/lib/python3.12/site-packages/airflow/example_dags/example_bash_operator.py took 0.170 seconds
[2024-11-11T19:53:01.315+0000] {processor.py:186} INFO - Started process (PID=6693) to work on /home/airflow/.local/lib/python3.12/site-packages/airflow/example_dags/example_bash_operator.py
[2024-11-11T19:53:01.330+0000] {processor.py:914} INFO - Processing file /home/airflow/.local/lib/python3.12/site-packages/airflow/example_dags/example_bash_operator.py for tasks to queue
[2024-11-11T19:53:01.335+0000] {logging_mixin.py:190} INFO - [2024-11-11T19:53:01.334+0000] {dagbag.py:588} INFO - Filling up the DagBag from /home/airflow/.local/lib/python3.12/site-packages/airflow/example_dags/example_bash_operator.py
[2024-11-11T19:53:01.374+0000] {processor.py:925} INFO - DAG(s) 'example_bash_operator' retrieved from /home/airflow/.local/lib/python3.12/site-packages/airflow/example_dags/example_bash_operator.py
[2024-11-11T19:53:01.437+0000] {logging_mixin.py:190} INFO - [2024-11-11T19:53:01.436+0000] {dag.py:3239} INFO - Sync 1 DAGs
[2024-11-11T19:53:01.484+0000] {logging_mixin.py:190} INFO - [2024-11-11T19:53:01.483+0000] {dag.py:4180} INFO - Setting next_dagrun for example_bash_operator to 2024-11-10 00:00:00+00:00, run_after=2024-11-11 00:00:00+00:00
[2024-11-11T19:53:01.520+0000] {processor.py:208} INFO - Processing /home/airflow/.local/lib/python3.12/site-packages/airflow/example_dags/example_bash_operator.py took 0.225 seconds
[2024-11-11T19:53:32.861+0000] {processor.py:186} INFO - Started process (PID=6984) to work on /home/airflow/.local/lib/python3.12/site-packages/airflow/example_dags/example_bash_operator.py
[2024-11-11T19:53:32.863+0000] {processor.py:914} INFO - Processing file /home/airflow/.local/lib/python3.12/site-packages/airflow/example_dags/example_bash_operator.py for tasks to queue
[2024-11-11T19:53:32.866+0000] {logging_mixin.py:190} INFO - [2024-11-11T19:53:32.865+0000] {dagbag.py:588} INFO - Filling up the DagBag from /home/airflow/.local/lib/python3.12/site-packages/airflow/example_dags/example_bash_operator.py
[2024-11-11T19:53:32.889+0000] {processor.py:925} INFO - DAG(s) 'example_bash_operator' retrieved from /home/airflow/.local/lib/python3.12/site-packages/airflow/example_dags/example_bash_operator.py
[2024-11-11T19:53:32.947+0000] {logging_mixin.py:190} INFO - [2024-11-11T19:53:32.947+0000] {dag.py:3239} INFO - Sync 1 DAGs
[2024-11-11T19:53:32.995+0000] {logging_mixin.py:190} INFO - [2024-11-11T19:53:32.994+0000] {dag.py:4180} INFO - Setting next_dagrun for example_bash_operator to 2024-11-10 00:00:00+00:00, run_after=2024-11-11 00:00:00+00:00
[2024-11-11T19:53:33.040+0000] {processor.py:208} INFO - Processing /home/airflow/.local/lib/python3.12/site-packages/airflow/example_dags/example_bash_operator.py took 0.188 seconds
[2024-11-11T19:54:03.193+0000] {processor.py:186} INFO - Started process (PID=7272) to work on /home/airflow/.local/lib/python3.12/site-packages/airflow/example_dags/example_bash_operator.py
[2024-11-11T19:54:03.195+0000] {processor.py:914} INFO - Processing file /home/airflow/.local/lib/python3.12/site-packages/airflow/example_dags/example_bash_operator.py for tasks to queue
[2024-11-11T19:54:03.200+0000] {logging_mixin.py:190} INFO - [2024-11-11T19:54:03.199+0000] {dagbag.py:588} INFO - Filling up the DagBag from /home/airflow/.local/lib/python3.12/site-packages/airflow/example_dags/example_bash_operator.py
[2024-11-11T19:54:03.230+0000] {processor.py:925} INFO - DAG(s) 'example_bash_operator' retrieved from /home/airflow/.local/lib/python3.12/site-packages/airflow/example_dags/example_bash_operator.py
[2024-11-11T19:54:03.285+0000] {logging_mixin.py:190} INFO - [2024-11-11T19:54:03.285+0000] {dag.py:3239} INFO - Sync 1 DAGs
[2024-11-11T19:54:03.322+0000] {logging_mixin.py:190} INFO - [2024-11-11T19:54:03.321+0000] {dag.py:4180} INFO - Setting next_dagrun for example_bash_operator to 2024-11-10 00:00:00+00:00, run_after=2024-11-11 00:00:00+00:00
[2024-11-11T19:54:03.350+0000] {processor.py:208} INFO - Processing /home/airflow/.local/lib/python3.12/site-packages/airflow/example_dags/example_bash_operator.py took 0.173 seconds
[2024-11-11T19:54:34.500+0000] {processor.py:186} INFO - Started process (PID=7561) to work on /home/airflow/.local/lib/python3.12/site-packages/airflow/example_dags/example_bash_operator.py
[2024-11-11T19:54:34.503+0000] {processor.py:914} INFO - Processing file /home/airflow/.local/lib/python3.12/site-packages/airflow/example_dags/example_bash_operator.py for tasks to queue
[2024-11-11T19:54:34.509+0000] {logging_mixin.py:190} INFO - [2024-11-11T19:54:34.508+0000] {dagbag.py:588} INFO - Filling up the DagBag from /home/airflow/.local/lib/python3.12/site-packages/airflow/example_dags/example_bash_operator.py
[2024-11-11T19:54:34.543+0000] {processor.py:925} INFO - DAG(s) 'example_bash_operator' retrieved from /home/airflow/.local/lib/python3.12/site-packages/airflow/example_dags/example_bash_operator.py
[2024-11-11T19:54:34.621+0000] {logging_mixin.py:190} INFO - [2024-11-11T19:54:34.620+0000] {dag.py:3239} INFO - Sync 1 DAGs
[2024-11-11T19:54:34.684+0000] {logging_mixin.py:190} INFO - [2024-11-11T19:54:34.683+0000] {dag.py:4180} INFO - Setting next_dagrun for example_bash_operator to 2024-11-10 00:00:00+00:00, run_after=2024-11-11 00:00:00+00:00
[2024-11-11T19:54:34.742+0000] {processor.py:208} INFO - Processing /home/airflow/.local/lib/python3.12/site-packages/airflow/example_dags/example_bash_operator.py took 0.262 seconds
[2024-11-11T19:55:05.675+0000] {processor.py:186} INFO - Started process (PID=7853) to work on /home/airflow/.local/lib/python3.12/site-packages/airflow/example_dags/example_bash_operator.py
[2024-11-11T19:55:05.676+0000] {processor.py:914} INFO - Processing file /home/airflow/.local/lib/python3.12/site-packages/airflow/example_dags/example_bash_operator.py for tasks to queue
[2024-11-11T19:55:05.680+0000] {logging_mixin.py:190} INFO - [2024-11-11T19:55:05.679+0000] {dagbag.py:588} INFO - Filling up the DagBag from /home/airflow/.local/lib/python3.12/site-packages/airflow/example_dags/example_bash_operator.py
[2024-11-11T19:55:05.701+0000] {processor.py:925} INFO - DAG(s) 'example_bash_operator' retrieved from /home/airflow/.local/lib/python3.12/site-packages/airflow/example_dags/example_bash_operator.py
[2024-11-11T19:55:05.745+0000] {logging_mixin.py:190} INFO - [2024-11-11T19:55:05.744+0000] {dag.py:3239} INFO - Sync 1 DAGs
[2024-11-11T19:55:05.782+0000] {logging_mixin.py:190} INFO - [2024-11-11T19:55:05.781+0000] {dag.py:4180} INFO - Setting next_dagrun for example_bash_operator to 2024-11-10 00:00:00+00:00, run_after=2024-11-11 00:00:00+00:00
[2024-11-11T19:55:05.816+0000] {processor.py:208} INFO - Processing /home/airflow/.local/lib/python3.12/site-packages/airflow/example_dags/example_bash_operator.py took 0.152 seconds
[2024-11-11T19:55:36.094+0000] {processor.py:186} INFO - Started process (PID=8142) to work on /home/airflow/.local/lib/python3.12/site-packages/airflow/example_dags/example_bash_operator.py
[2024-11-11T19:55:36.098+0000] {processor.py:914} INFO - Processing file /home/airflow/.local/lib/python3.12/site-packages/airflow/example_dags/example_bash_operator.py for tasks to queue
[2024-11-11T19:55:36.108+0000] {logging_mixin.py:190} INFO - [2024-11-11T19:55:36.107+0000] {dagbag.py:588} INFO - Filling up the DagBag from /home/airflow/.local/lib/python3.12/site-packages/airflow/example_dags/example_bash_operator.py
[2024-11-11T19:55:36.166+0000] {processor.py:925} INFO - DAG(s) 'example_bash_operator' retrieved from /home/airflow/.local/lib/python3.12/site-packages/airflow/example_dags/example_bash_operator.py
[2024-11-11T19:55:36.211+0000] {logging_mixin.py:190} INFO - [2024-11-11T19:55:36.211+0000] {dag.py:3239} INFO - Sync 1 DAGs
[2024-11-11T19:55:36.268+0000] {logging_mixin.py:190} INFO - [2024-11-11T19:55:36.267+0000] {dag.py:4180} INFO - Setting next_dagrun for example_bash_operator to 2024-11-10 00:00:00+00:00, run_after=2024-11-11 00:00:00+00:00
[2024-11-11T19:55:36.312+0000] {processor.py:208} INFO - Processing /home/airflow/.local/lib/python3.12/site-packages/airflow/example_dags/example_bash_operator.py took 0.250 seconds
[2024-11-11T19:56:06.744+0000] {processor.py:186} INFO - Started process (PID=8434) to work on /home/airflow/.local/lib/python3.12/site-packages/airflow/example_dags/example_bash_operator.py
[2024-11-11T19:56:06.747+0000] {processor.py:914} INFO - Processing file /home/airflow/.local/lib/python3.12/site-packages/airflow/example_dags/example_bash_operator.py for tasks to queue
[2024-11-11T19:56:06.753+0000] {logging_mixin.py:190} INFO - [2024-11-11T19:56:06.752+0000] {dagbag.py:588} INFO - Filling up the DagBag from /home/airflow/.local/lib/python3.12/site-packages/airflow/example_dags/example_bash_operator.py
[2024-11-11T19:56:06.785+0000] {processor.py:925} INFO - DAG(s) 'example_bash_operator' retrieved from /home/airflow/.local/lib/python3.12/site-packages/airflow/example_dags/example_bash_operator.py
[2024-11-11T19:56:06.872+0000] {logging_mixin.py:190} INFO - [2024-11-11T19:56:06.871+0000] {dag.py:3239} INFO - Sync 1 DAGs
[2024-11-11T19:56:06.963+0000] {logging_mixin.py:190} INFO - [2024-11-11T19:56:06.962+0000] {dag.py:4180} INFO - Setting next_dagrun for example_bash_operator to 2024-11-10 00:00:00+00:00, run_after=2024-11-11 00:00:00+00:00
[2024-11-11T19:56:07.019+0000] {processor.py:208} INFO - Processing /home/airflow/.local/lib/python3.12/site-packages/airflow/example_dags/example_bash_operator.py took 0.294 seconds
[2024-11-11T19:56:37.796+0000] {processor.py:186} INFO - Started process (PID=8725) to work on /home/airflow/.local/lib/python3.12/site-packages/airflow/example_dags/example_bash_operator.py
[2024-11-11T19:56:37.799+0000] {processor.py:914} INFO - Processing file /home/airflow/.local/lib/python3.12/site-packages/airflow/example_dags/example_bash_operator.py for tasks to queue
[2024-11-11T19:56:37.804+0000] {logging_mixin.py:190} INFO - [2024-11-11T19:56:37.804+0000] {dagbag.py:588} INFO - Filling up the DagBag from /home/airflow/.local/lib/python3.12/site-packages/airflow/example_dags/example_bash_operator.py
[2024-11-11T19:56:37.842+0000] {processor.py:925} INFO - DAG(s) 'example_bash_operator' retrieved from /home/airflow/.local/lib/python3.12/site-packages/airflow/example_dags/example_bash_operator.py
[2024-11-11T19:56:37.915+0000] {logging_mixin.py:190} INFO - [2024-11-11T19:56:37.915+0000] {dag.py:3239} INFO - Sync 1 DAGs
[2024-11-11T19:56:37.956+0000] {logging_mixin.py:190} INFO - [2024-11-11T19:56:37.955+0000] {dag.py:4180} INFO - Setting next_dagrun for example_bash_operator to 2024-11-10 00:00:00+00:00, run_after=2024-11-11 00:00:00+00:00
[2024-11-11T19:56:37.990+0000] {processor.py:208} INFO - Processing /home/airflow/.local/lib/python3.12/site-packages/airflow/example_dags/example_bash_operator.py took 0.212 seconds
[2024-11-11T19:57:08.494+0000] {processor.py:186} INFO - Started process (PID=9016) to work on /home/airflow/.local/lib/python3.12/site-packages/airflow/example_dags/example_bash_operator.py
[2024-11-11T19:57:08.496+0000] {processor.py:914} INFO - Processing file /home/airflow/.local/lib/python3.12/site-packages/airflow/example_dags/example_bash_operator.py for tasks to queue
[2024-11-11T19:57:08.501+0000] {logging_mixin.py:190} INFO - [2024-11-11T19:57:08.501+0000] {dagbag.py:588} INFO - Filling up the DagBag from /home/airflow/.local/lib/python3.12/site-packages/airflow/example_dags/example_bash_operator.py
[2024-11-11T19:57:08.534+0000] {processor.py:925} INFO - DAG(s) 'example_bash_operator' retrieved from /home/airflow/.local/lib/python3.12/site-packages/airflow/example_dags/example_bash_operator.py
[2024-11-11T19:57:08.596+0000] {logging_mixin.py:190} INFO - [2024-11-11T19:57:08.596+0000] {dag.py:3239} INFO - Sync 1 DAGs
[2024-11-11T19:57:08.660+0000] {logging_mixin.py:190} INFO - [2024-11-11T19:57:08.660+0000] {dag.py:4180} INFO - Setting next_dagrun for example_bash_operator to 2024-11-10 00:00:00+00:00, run_after=2024-11-11 00:00:00+00:00
[2024-11-11T19:57:08.713+0000] {processor.py:208} INFO - Processing /home/airflow/.local/lib/python3.12/site-packages/airflow/example_dags/example_bash_operator.py took 0.232 seconds
[2024-11-11T19:57:39.328+0000] {processor.py:186} INFO - Started process (PID=9302) to work on /home/airflow/.local/lib/python3.12/site-packages/airflow/example_dags/example_bash_operator.py
[2024-11-11T19:57:39.330+0000] {processor.py:914} INFO - Processing file /home/airflow/.local/lib/python3.12/site-packages/airflow/example_dags/example_bash_operator.py for tasks to queue
[2024-11-11T19:57:39.335+0000] {logging_mixin.py:190} INFO - [2024-11-11T19:57:39.335+0000] {dagbag.py:588} INFO - Filling up the DagBag from /home/airflow/.local/lib/python3.12/site-packages/airflow/example_dags/example_bash_operator.py
[2024-11-11T19:57:39.368+0000] {processor.py:925} INFO - DAG(s) 'example_bash_operator' retrieved from /home/airflow/.local/lib/python3.12/site-packages/airflow/example_dags/example_bash_operator.py
[2024-11-11T19:57:39.455+0000] {logging_mixin.py:190} INFO - [2024-11-11T19:57:39.455+0000] {dag.py:3239} INFO - Sync 1 DAGs
[2024-11-11T19:57:39.543+0000] {logging_mixin.py:190} INFO - [2024-11-11T19:57:39.542+0000] {dag.py:4180} INFO - Setting next_dagrun for example_bash_operator to 2024-11-10 00:00:00+00:00, run_after=2024-11-11 00:00:00+00:00
[2024-11-11T19:57:39.588+0000] {processor.py:208} INFO - Processing /home/airflow/.local/lib/python3.12/site-packages/airflow/example_dags/example_bash_operator.py took 0.279 seconds
[2024-11-11T19:58:09.947+0000] {processor.py:186} INFO - Started process (PID=9593) to work on /home/airflow/.local/lib/python3.12/site-packages/airflow/example_dags/example_bash_operator.py
[2024-11-11T19:58:09.955+0000] {processor.py:914} INFO - Processing file /home/airflow/.local/lib/python3.12/site-packages/airflow/example_dags/example_bash_operator.py for tasks to queue
[2024-11-11T19:58:09.963+0000] {logging_mixin.py:190} INFO - [2024-11-11T19:58:09.962+0000] {dagbag.py:588} INFO - Filling up the DagBag from /home/airflow/.local/lib/python3.12/site-packages/airflow/example_dags/example_bash_operator.py
[2024-11-11T19:58:10.023+0000] {processor.py:925} INFO - DAG(s) 'example_bash_operator' retrieved from /home/airflow/.local/lib/python3.12/site-packages/airflow/example_dags/example_bash_operator.py
[2024-11-11T19:58:10.104+0000] {logging_mixin.py:190} INFO - [2024-11-11T19:58:10.103+0000] {dag.py:3239} INFO - Sync 1 DAGs
[2024-11-11T19:58:10.151+0000] {logging_mixin.py:190} INFO - [2024-11-11T19:58:10.150+0000] {dag.py:4180} INFO - Setting next_dagrun for example_bash_operator to 2024-11-10 00:00:00+00:00, run_after=2024-11-11 00:00:00+00:00
[2024-11-11T19:58:10.183+0000] {processor.py:208} INFO - Processing /home/airflow/.local/lib/python3.12/site-packages/airflow/example_dags/example_bash_operator.py took 0.261 seconds
[2024-11-11T19:58:40.558+0000] {processor.py:186} INFO - Started process (PID=9884) to work on /home/airflow/.local/lib/python3.12/site-packages/airflow/example_dags/example_bash_operator.py
[2024-11-11T19:58:40.566+0000] {processor.py:914} INFO - Processing file /home/airflow/.local/lib/python3.12/site-packages/airflow/example_dags/example_bash_operator.py for tasks to queue
[2024-11-11T19:58:40.576+0000] {logging_mixin.py:190} INFO - [2024-11-11T19:58:40.574+0000] {dagbag.py:588} INFO - Filling up the DagBag from /home/airflow/.local/lib/python3.12/site-packages/airflow/example_dags/example_bash_operator.py
[2024-11-11T19:58:40.636+0000] {processor.py:925} INFO - DAG(s) 'example_bash_operator' retrieved from /home/airflow/.local/lib/python3.12/site-packages/airflow/example_dags/example_bash_operator.py
[2024-11-11T19:58:40.727+0000] {logging_mixin.py:190} INFO - [2024-11-11T19:58:40.726+0000] {dag.py:3239} INFO - Sync 1 DAGs
[2024-11-11T19:58:40.809+0000] {logging_mixin.py:190} INFO - [2024-11-11T19:58:40.808+0000] {dag.py:4180} INFO - Setting next_dagrun for example_bash_operator to 2024-11-10 00:00:00+00:00, run_after=2024-11-11 00:00:00+00:00
[2024-11-11T19:58:40.880+0000] {processor.py:208} INFO - Processing /home/airflow/.local/lib/python3.12/site-packages/airflow/example_dags/example_bash_operator.py took 0.354 seconds
[2024-11-11T19:59:11.130+0000] {processor.py:186} INFO - Started process (PID=10175) to work on /home/airflow/.local/lib/python3.12/site-packages/airflow/example_dags/example_bash_operator.py
[2024-11-11T19:59:11.137+0000] {processor.py:914} INFO - Processing file /home/airflow/.local/lib/python3.12/site-packages/airflow/example_dags/example_bash_operator.py for tasks to queue
[2024-11-11T19:59:11.141+0000] {logging_mixin.py:190} INFO - [2024-11-11T19:59:11.140+0000] {dagbag.py:588} INFO - Filling up the DagBag from /home/airflow/.local/lib/python3.12/site-packages/airflow/example_dags/example_bash_operator.py
[2024-11-11T19:59:11.170+0000] {processor.py:925} INFO - DAG(s) 'example_bash_operator' retrieved from /home/airflow/.local/lib/python3.12/site-packages/airflow/example_dags/example_bash_operator.py
[2024-11-11T19:59:11.219+0000] {logging_mixin.py:190} INFO - [2024-11-11T19:59:11.219+0000] {dag.py:3239} INFO - Sync 1 DAGs
[2024-11-11T19:59:11.270+0000] {logging_mixin.py:190} INFO - [2024-11-11T19:59:11.269+0000] {dag.py:4180} INFO - Setting next_dagrun for example_bash_operator to 2024-11-10 00:00:00+00:00, run_after=2024-11-11 00:00:00+00:00
[2024-11-11T19:59:11.316+0000] {processor.py:208} INFO - Processing /home/airflow/.local/lib/python3.12/site-packages/airflow/example_dags/example_bash_operator.py took 0.203 seconds
[2024-11-11T19:59:42.563+0000] {processor.py:186} INFO - Started process (PID=10454) to work on /home/airflow/.local/lib/python3.12/site-packages/airflow/example_dags/example_bash_operator.py
[2024-11-11T19:59:42.566+0000] {processor.py:914} INFO - Processing file /home/airflow/.local/lib/python3.12/site-packages/airflow/example_dags/example_bash_operator.py for tasks to queue
[2024-11-11T19:59:42.573+0000] {logging_mixin.py:190} INFO - [2024-11-11T19:59:42.572+0000] {dagbag.py:588} INFO - Filling up the DagBag from /home/airflow/.local/lib/python3.12/site-packages/airflow/example_dags/example_bash_operator.py
[2024-11-11T19:59:42.612+0000] {processor.py:925} INFO - DAG(s) 'example_bash_operator' retrieved from /home/airflow/.local/lib/python3.12/site-packages/airflow/example_dags/example_bash_operator.py
[2024-11-11T19:59:42.706+0000] {logging_mixin.py:190} INFO - [2024-11-11T19:59:42.705+0000] {dag.py:3239} INFO - Sync 1 DAGs
[2024-11-11T19:59:42.771+0000] {logging_mixin.py:190} INFO - [2024-11-11T19:59:42.770+0000] {dag.py:4180} INFO - Setting next_dagrun for example_bash_operator to 2024-11-10 00:00:00+00:00, run_after=2024-11-11 00:00:00+00:00
[2024-11-11T19:59:42.828+0000] {processor.py:208} INFO - Processing /home/airflow/.local/lib/python3.12/site-packages/airflow/example_dags/example_bash_operator.py took 0.301 seconds
[2024-11-11T20:00:13.231+0000] {processor.py:186} INFO - Started process (PID=10745) to work on /home/airflow/.local/lib/python3.12/site-packages/airflow/example_dags/example_bash_operator.py
[2024-11-11T20:00:13.233+0000] {processor.py:914} INFO - Processing file /home/airflow/.local/lib/python3.12/site-packages/airflow/example_dags/example_bash_operator.py for tasks to queue
[2024-11-11T20:00:13.236+0000] {logging_mixin.py:190} INFO - [2024-11-11T20:00:13.236+0000] {dagbag.py:588} INFO - Filling up the DagBag from /home/airflow/.local/lib/python3.12/site-packages/airflow/example_dags/example_bash_operator.py
[2024-11-11T20:00:13.263+0000] {processor.py:925} INFO - DAG(s) 'example_bash_operator' retrieved from /home/airflow/.local/lib/python3.12/site-packages/airflow/example_dags/example_bash_operator.py
[2024-11-11T20:00:13.315+0000] {logging_mixin.py:190} INFO - [2024-11-11T20:00:13.314+0000] {dag.py:3239} INFO - Sync 1 DAGs
[2024-11-11T20:00:13.362+0000] {logging_mixin.py:190} INFO - [2024-11-11T20:00:13.362+0000] {dag.py:4180} INFO - Setting next_dagrun for example_bash_operator to 2024-11-10 00:00:00+00:00, run_after=2024-11-11 00:00:00+00:00
[2024-11-11T20:00:13.411+0000] {processor.py:208} INFO - Processing /home/airflow/.local/lib/python3.12/site-packages/airflow/example_dags/example_bash_operator.py took 0.192 seconds
[2024-11-11T20:00:43.799+0000] {processor.py:186} INFO - Started process (PID=11036) to work on /home/airflow/.local/lib/python3.12/site-packages/airflow/example_dags/example_bash_operator.py
[2024-11-11T20:00:43.801+0000] {processor.py:914} INFO - Processing file /home/airflow/.local/lib/python3.12/site-packages/airflow/example_dags/example_bash_operator.py for tasks to queue
[2024-11-11T20:00:43.805+0000] {logging_mixin.py:190} INFO - [2024-11-11T20:00:43.805+0000] {dagbag.py:588} INFO - Filling up the DagBag from /home/airflow/.local/lib/python3.12/site-packages/airflow/example_dags/example_bash_operator.py
[2024-11-11T20:00:43.835+0000] {processor.py:925} INFO - DAG(s) 'example_bash_operator' retrieved from /home/airflow/.local/lib/python3.12/site-packages/airflow/example_dags/example_bash_operator.py
[2024-11-11T20:00:43.899+0000] {logging_mixin.py:190} INFO - [2024-11-11T20:00:43.898+0000] {dag.py:3239} INFO - Sync 1 DAGs
[2024-11-11T20:00:43.954+0000] {logging_mixin.py:190} INFO - [2024-11-11T20:00:43.953+0000] {dag.py:4180} INFO - Setting next_dagrun for example_bash_operator to 2024-11-10 00:00:00+00:00, run_after=2024-11-11 00:00:00+00:00
[2024-11-11T20:00:44.006+0000] {processor.py:208} INFO - Processing /home/airflow/.local/lib/python3.12/site-packages/airflow/example_dags/example_bash_operator.py took 0.219 seconds
[2024-11-11T20:01:14.126+0000] {processor.py:186} INFO - Started process (PID=11322) to work on /home/airflow/.local/lib/python3.12/site-packages/airflow/example_dags/example_bash_operator.py
[2024-11-11T20:01:14.127+0000] {processor.py:914} INFO - Processing file /home/airflow/.local/lib/python3.12/site-packages/airflow/example_dags/example_bash_operator.py for tasks to queue
[2024-11-11T20:01:14.131+0000] {logging_mixin.py:190} INFO - [2024-11-11T20:01:14.131+0000] {dagbag.py:588} INFO - Filling up the DagBag from /home/airflow/.local/lib/python3.12/site-packages/airflow/example_dags/example_bash_operator.py
[2024-11-11T20:01:14.155+0000] {processor.py:925} INFO - DAG(s) 'example_bash_operator' retrieved from /home/airflow/.local/lib/python3.12/site-packages/airflow/example_dags/example_bash_operator.py
[2024-11-11T20:01:14.206+0000] {logging_mixin.py:190} INFO - [2024-11-11T20:01:14.205+0000] {dag.py:3239} INFO - Sync 1 DAGs
[2024-11-11T20:01:14.251+0000] {logging_mixin.py:190} INFO - [2024-11-11T20:01:14.250+0000] {dag.py:4180} INFO - Setting next_dagrun for example_bash_operator to 2024-11-10 00:00:00+00:00, run_after=2024-11-11 00:00:00+00:00
[2024-11-11T20:01:14.294+0000] {processor.py:208} INFO - Processing /home/airflow/.local/lib/python3.12/site-packages/airflow/example_dags/example_bash_operator.py took 0.180 seconds
[2024-11-11T20:01:45.353+0000] {processor.py:186} INFO - Started process (PID=11614) to work on /home/airflow/.local/lib/python3.12/site-packages/airflow/example_dags/example_bash_operator.py
[2024-11-11T20:01:45.354+0000] {processor.py:914} INFO - Processing file /home/airflow/.local/lib/python3.12/site-packages/airflow/example_dags/example_bash_operator.py for tasks to queue
[2024-11-11T20:01:45.358+0000] {logging_mixin.py:190} INFO - [2024-11-11T20:01:45.358+0000] {dagbag.py:588} INFO - Filling up the DagBag from /home/airflow/.local/lib/python3.12/site-packages/airflow/example_dags/example_bash_operator.py
[2024-11-11T20:01:45.384+0000] {processor.py:925} INFO - DAG(s) 'example_bash_operator' retrieved from /home/airflow/.local/lib/python3.12/site-packages/airflow/example_dags/example_bash_operator.py
[2024-11-11T20:01:45.443+0000] {logging_mixin.py:190} INFO - [2024-11-11T20:01:45.442+0000] {dag.py:3239} INFO - Sync 1 DAGs
[2024-11-11T20:01:45.533+0000] {logging_mixin.py:190} INFO - [2024-11-11T20:01:45.532+0000] {dag.py:4180} INFO - Setting next_dagrun for example_bash_operator to 2024-11-10 00:00:00+00:00, run_after=2024-11-11 00:00:00+00:00
[2024-11-11T20:01:45.638+0000] {processor.py:208} INFO - Processing /home/airflow/.local/lib/python3.12/site-packages/airflow/example_dags/example_bash_operator.py took 0.298 seconds
[2024-11-11T20:02:15.864+0000] {processor.py:186} INFO - Started process (PID=11900) to work on /home/airflow/.local/lib/python3.12/site-packages/airflow/example_dags/example_bash_operator.py
[2024-11-11T20:02:15.867+0000] {processor.py:914} INFO - Processing file /home/airflow/.local/lib/python3.12/site-packages/airflow/example_dags/example_bash_operator.py for tasks to queue
[2024-11-11T20:02:15.881+0000] {logging_mixin.py:190} INFO - [2024-11-11T20:02:15.875+0000] {dagbag.py:588} INFO - Filling up the DagBag from /home/airflow/.local/lib/python3.12/site-packages/airflow/example_dags/example_bash_operator.py
[2024-11-11T20:02:15.947+0000] {processor.py:925} INFO - DAG(s) 'example_bash_operator' retrieved from /home/airflow/.local/lib/python3.12/site-packages/airflow/example_dags/example_bash_operator.py
[2024-11-11T20:02:16.097+0000] {logging_mixin.py:190} INFO - [2024-11-11T20:02:16.097+0000] {dag.py:3239} INFO - Sync 1 DAGs
[2024-11-11T20:02:16.304+0000] {logging_mixin.py:190} INFO - [2024-11-11T20:02:16.300+0000] {dag.py:4180} INFO - Setting next_dagrun for example_bash_operator to 2024-11-10 00:00:00+00:00, run_after=2024-11-11 00:00:00+00:00
[2024-11-11T20:02:16.368+0000] {processor.py:208} INFO - Processing /home/airflow/.local/lib/python3.12/site-packages/airflow/example_dags/example_bash_operator.py took 0.541 seconds
[2024-11-11T20:02:46.593+0000] {processor.py:186} INFO - Started process (PID=12193) to work on /home/airflow/.local/lib/python3.12/site-packages/airflow/example_dags/example_bash_operator.py
[2024-11-11T20:02:46.595+0000] {processor.py:914} INFO - Processing file /home/airflow/.local/lib/python3.12/site-packages/airflow/example_dags/example_bash_operator.py for tasks to queue
[2024-11-11T20:02:46.599+0000] {logging_mixin.py:190} INFO - [2024-11-11T20:02:46.598+0000] {dagbag.py:588} INFO - Filling up the DagBag from /home/airflow/.local/lib/python3.12/site-packages/airflow/example_dags/example_bash_operator.py
[2024-11-11T20:02:46.623+0000] {processor.py:925} INFO - DAG(s) 'example_bash_operator' retrieved from /home/airflow/.local/lib/python3.12/site-packages/airflow/example_dags/example_bash_operator.py
[2024-11-11T20:02:46.690+0000] {logging_mixin.py:190} INFO - [2024-11-11T20:02:46.690+0000] {dag.py:3239} INFO - Sync 1 DAGs
[2024-11-11T20:02:46.748+0000] {logging_mixin.py:190} INFO - [2024-11-11T20:02:46.747+0000] {dag.py:4180} INFO - Setting next_dagrun for example_bash_operator to 2024-11-10 00:00:00+00:00, run_after=2024-11-11 00:00:00+00:00
[2024-11-11T20:02:46.794+0000] {processor.py:208} INFO - Processing /home/airflow/.local/lib/python3.12/site-packages/airflow/example_dags/example_bash_operator.py took 0.211 seconds
