[2024-11-11T19:41:24.925+0000] {processor.py:186} INFO - Started process (PID=218) to work on /home/airflow/.local/lib/python3.12/site-packages/airflow/example_dags/example_branch_operator_decorator.py
[2024-11-11T19:41:24.926+0000] {processor.py:914} INFO - Processing file /home/airflow/.local/lib/python3.12/site-packages/airflow/example_dags/example_branch_operator_decorator.py for tasks to queue
[2024-11-11T19:41:24.930+0000] {logging_mixin.py:190} INFO - [2024-11-11T19:41:24.929+0000] {dagbag.py:588} INFO - Filling up the DagBag from /home/airflow/.local/lib/python3.12/site-packages/airflow/example_dags/example_branch_operator_decorator.py
[2024-11-11T19:41:24.990+0000] {processor.py:925} INFO - DAG(s) 'example_branch_python_operator_decorator' retrieved from /home/airflow/.local/lib/python3.12/site-packages/airflow/example_dags/example_branch_operator_decorator.py
[2024-11-11T19:41:25.275+0000] {logging_mixin.py:190} INFO - [2024-11-11T19:41:25.274+0000] {override.py:1911} INFO - Created Permission View: can delete on DAG:example_branch_python_operator_decorator
[2024-11-11T19:41:25.294+0000] {logging_mixin.py:190} INFO - [2024-11-11T19:41:25.294+0000] {override.py:1911} INFO - Created Permission View: can read on DAG:example_branch_python_operator_decorator
[2024-11-11T19:41:25.307+0000] {logging_mixin.py:190} INFO - [2024-11-11T19:41:25.306+0000] {override.py:1911} INFO - Created Permission View: can edit on DAG:example_branch_python_operator_decorator
[2024-11-11T19:41:25.323+0000] {logging_mixin.py:190} INFO - [2024-11-11T19:41:25.323+0000] {override.py:1911} INFO - Created Permission View: can delete on DAG Run:example_branch_python_operator_decorator
[2024-11-11T19:41:25.337+0000] {logging_mixin.py:190} INFO - [2024-11-11T19:41:25.336+0000] {override.py:1911} INFO - Created Permission View: can create on DAG Run:example_branch_python_operator_decorator
[2024-11-11T19:41:25.349+0000] {logging_mixin.py:190} INFO - [2024-11-11T19:41:25.349+0000] {override.py:1911} INFO - Created Permission View: menu access on DAG Run:example_branch_python_operator_decorator
[2024-11-11T19:41:25.363+0000] {logging_mixin.py:190} INFO - [2024-11-11T19:41:25.363+0000] {override.py:1911} INFO - Created Permission View: can read on DAG Run:example_branch_python_operator_decorator
[2024-11-11T19:41:25.364+0000] {logging_mixin.py:190} INFO - [2024-11-11T19:41:25.363+0000] {dag.py:3239} INFO - Sync 1 DAGs
[2024-11-11T19:41:25.396+0000] {logging_mixin.py:190} INFO - [2024-11-11T19:41:25.396+0000] {dag.py:3262} INFO - Creating ORM DAG for example_branch_python_operator_decorator
[2024-11-11T19:41:25.435+0000] {logging_mixin.py:190} INFO - [2024-11-11T19:41:25.434+0000] {dag.py:4180} INFO - Setting next_dagrun for example_branch_python_operator_decorator to 2024-11-10 00:00:00+00:00, run_after=2024-11-11 00:00:00+00:00
[2024-11-11T19:41:25.487+0000] {processor.py:208} INFO - Processing /home/airflow/.local/lib/python3.12/site-packages/airflow/example_dags/example_branch_operator_decorator.py took 0.573 seconds
[2024-11-11T19:41:55.692+0000] {processor.py:186} INFO - Started process (PID=509) to work on /home/airflow/.local/lib/python3.12/site-packages/airflow/example_dags/example_branch_operator_decorator.py
[2024-11-11T19:41:55.694+0000] {processor.py:914} INFO - Processing file /home/airflow/.local/lib/python3.12/site-packages/airflow/example_dags/example_branch_operator_decorator.py for tasks to queue
[2024-11-11T19:41:55.699+0000] {logging_mixin.py:190} INFO - [2024-11-11T19:41:55.698+0000] {dagbag.py:588} INFO - Filling up the DagBag from /home/airflow/.local/lib/python3.12/site-packages/airflow/example_dags/example_branch_operator_decorator.py
[2024-11-11T19:41:55.754+0000] {processor.py:925} INFO - DAG(s) 'example_branch_python_operator_decorator' retrieved from /home/airflow/.local/lib/python3.12/site-packages/airflow/example_dags/example_branch_operator_decorator.py
[2024-11-11T19:41:55.820+0000] {logging_mixin.py:190} INFO - [2024-11-11T19:41:55.820+0000] {dag.py:3239} INFO - Sync 1 DAGs
[2024-11-11T19:41:55.860+0000] {logging_mixin.py:190} INFO - [2024-11-11T19:41:55.859+0000] {dag.py:4180} INFO - Setting next_dagrun for example_branch_python_operator_decorator to 2024-11-10 00:00:00+00:00, run_after=2024-11-11 00:00:00+00:00
[2024-11-11T19:41:55.890+0000] {processor.py:208} INFO - Processing /home/airflow/.local/lib/python3.12/site-packages/airflow/example_dags/example_branch_operator_decorator.py took 0.216 seconds
[2024-11-11T19:42:26.258+0000] {processor.py:186} INFO - Started process (PID=798) to work on /home/airflow/.local/lib/python3.12/site-packages/airflow/example_dags/example_branch_operator_decorator.py
[2024-11-11T19:42:26.262+0000] {processor.py:914} INFO - Processing file /home/airflow/.local/lib/python3.12/site-packages/airflow/example_dags/example_branch_operator_decorator.py for tasks to queue
[2024-11-11T19:42:26.270+0000] {logging_mixin.py:190} INFO - [2024-11-11T19:42:26.269+0000] {dagbag.py:588} INFO - Filling up the DagBag from /home/airflow/.local/lib/python3.12/site-packages/airflow/example_dags/example_branch_operator_decorator.py
[2024-11-11T19:42:26.382+0000] {processor.py:925} INFO - DAG(s) 'example_branch_python_operator_decorator' retrieved from /home/airflow/.local/lib/python3.12/site-packages/airflow/example_dags/example_branch_operator_decorator.py
[2024-11-11T19:42:26.522+0000] {logging_mixin.py:190} INFO - [2024-11-11T19:42:26.521+0000] {dag.py:3239} INFO - Sync 1 DAGs
[2024-11-11T19:42:26.659+0000] {logging_mixin.py:190} INFO - [2024-11-11T19:42:26.658+0000] {dag.py:4180} INFO - Setting next_dagrun for example_branch_python_operator_decorator to 2024-11-10 00:00:00+00:00, run_after=2024-11-11 00:00:00+00:00
[2024-11-11T19:42:26.740+0000] {processor.py:208} INFO - Processing /home/airflow/.local/lib/python3.12/site-packages/airflow/example_dags/example_branch_operator_decorator.py took 0.507 seconds
[2024-11-11T19:42:57.000+0000] {processor.py:186} INFO - Started process (PID=1090) to work on /home/airflow/.local/lib/python3.12/site-packages/airflow/example_dags/example_branch_operator_decorator.py
[2024-11-11T19:42:57.002+0000] {processor.py:914} INFO - Processing file /home/airflow/.local/lib/python3.12/site-packages/airflow/example_dags/example_branch_operator_decorator.py for tasks to queue
[2024-11-11T19:42:57.007+0000] {logging_mixin.py:190} INFO - [2024-11-11T19:42:57.006+0000] {dagbag.py:588} INFO - Filling up the DagBag from /home/airflow/.local/lib/python3.12/site-packages/airflow/example_dags/example_branch_operator_decorator.py
[2024-11-11T19:42:57.071+0000] {processor.py:925} INFO - DAG(s) 'example_branch_python_operator_decorator' retrieved from /home/airflow/.local/lib/python3.12/site-packages/airflow/example_dags/example_branch_operator_decorator.py
[2024-11-11T19:42:57.185+0000] {logging_mixin.py:190} INFO - [2024-11-11T19:42:57.184+0000] {dag.py:3239} INFO - Sync 1 DAGs
[2024-11-11T19:42:57.291+0000] {logging_mixin.py:190} INFO - [2024-11-11T19:42:57.291+0000] {dag.py:4180} INFO - Setting next_dagrun for example_branch_python_operator_decorator to 2024-11-10 00:00:00+00:00, run_after=2024-11-11 00:00:00+00:00
[2024-11-11T19:42:57.337+0000] {processor.py:208} INFO - Processing /home/airflow/.local/lib/python3.12/site-packages/airflow/example_dags/example_branch_operator_decorator.py took 0.352 seconds
[2024-11-11T19:43:28.080+0000] {processor.py:186} INFO - Started process (PID=1381) to work on /home/airflow/.local/lib/python3.12/site-packages/airflow/example_dags/example_branch_operator_decorator.py
[2024-11-11T19:43:28.081+0000] {processor.py:914} INFO - Processing file /home/airflow/.local/lib/python3.12/site-packages/airflow/example_dags/example_branch_operator_decorator.py for tasks to queue
[2024-11-11T19:43:28.084+0000] {logging_mixin.py:190} INFO - [2024-11-11T19:43:28.084+0000] {dagbag.py:588} INFO - Filling up the DagBag from /home/airflow/.local/lib/python3.12/site-packages/airflow/example_dags/example_branch_operator_decorator.py
[2024-11-11T19:43:28.120+0000] {processor.py:925} INFO - DAG(s) 'example_branch_python_operator_decorator' retrieved from /home/airflow/.local/lib/python3.12/site-packages/airflow/example_dags/example_branch_operator_decorator.py
[2024-11-11T19:43:28.177+0000] {logging_mixin.py:190} INFO - [2024-11-11T19:43:28.176+0000] {dag.py:3239} INFO - Sync 1 DAGs
[2024-11-11T19:43:28.217+0000] {logging_mixin.py:190} INFO - [2024-11-11T19:43:28.217+0000] {dag.py:4180} INFO - Setting next_dagrun for example_branch_python_operator_decorator to 2024-11-10 00:00:00+00:00, run_after=2024-11-11 00:00:00+00:00
[2024-11-11T19:43:28.248+0000] {processor.py:208} INFO - Processing /home/airflow/.local/lib/python3.12/site-packages/airflow/example_dags/example_branch_operator_decorator.py took 0.183 seconds
[2024-11-11T19:43:58.667+0000] {processor.py:186} INFO - Started process (PID=1672) to work on /home/airflow/.local/lib/python3.12/site-packages/airflow/example_dags/example_branch_operator_decorator.py
[2024-11-11T19:43:58.671+0000] {processor.py:914} INFO - Processing file /home/airflow/.local/lib/python3.12/site-packages/airflow/example_dags/example_branch_operator_decorator.py for tasks to queue
[2024-11-11T19:43:58.678+0000] {logging_mixin.py:190} INFO - [2024-11-11T19:43:58.677+0000] {dagbag.py:588} INFO - Filling up the DagBag from /home/airflow/.local/lib/python3.12/site-packages/airflow/example_dags/example_branch_operator_decorator.py
[2024-11-11T19:43:58.744+0000] {processor.py:925} INFO - DAG(s) 'example_branch_python_operator_decorator' retrieved from /home/airflow/.local/lib/python3.12/site-packages/airflow/example_dags/example_branch_operator_decorator.py
[2024-11-11T19:43:58.804+0000] {logging_mixin.py:190} INFO - [2024-11-11T19:43:58.803+0000] {dag.py:3239} INFO - Sync 1 DAGs
[2024-11-11T19:43:58.867+0000] {logging_mixin.py:190} INFO - [2024-11-11T19:43:58.865+0000] {dag.py:4180} INFO - Setting next_dagrun for example_branch_python_operator_decorator to 2024-11-10 00:00:00+00:00, run_after=2024-11-11 00:00:00+00:00
[2024-11-11T19:43:58.919+0000] {processor.py:208} INFO - Processing /home/airflow/.local/lib/python3.12/site-packages/airflow/example_dags/example_branch_operator_decorator.py took 0.290 seconds
[2024-11-11T19:44:29.555+0000] {processor.py:186} INFO - Started process (PID=1963) to work on /home/airflow/.local/lib/python3.12/site-packages/airflow/example_dags/example_branch_operator_decorator.py
[2024-11-11T19:44:29.557+0000] {processor.py:914} INFO - Processing file /home/airflow/.local/lib/python3.12/site-packages/airflow/example_dags/example_branch_operator_decorator.py for tasks to queue
[2024-11-11T19:44:29.561+0000] {logging_mixin.py:190} INFO - [2024-11-11T19:44:29.561+0000] {dagbag.py:588} INFO - Filling up the DagBag from /home/airflow/.local/lib/python3.12/site-packages/airflow/example_dags/example_branch_operator_decorator.py
[2024-11-11T19:44:29.613+0000] {processor.py:925} INFO - DAG(s) 'example_branch_python_operator_decorator' retrieved from /home/airflow/.local/lib/python3.12/site-packages/airflow/example_dags/example_branch_operator_decorator.py
[2024-11-11T19:44:29.673+0000] {logging_mixin.py:190} INFO - [2024-11-11T19:44:29.673+0000] {dag.py:3239} INFO - Sync 1 DAGs
[2024-11-11T19:44:29.716+0000] {logging_mixin.py:190} INFO - [2024-11-11T19:44:29.715+0000] {dag.py:4180} INFO - Setting next_dagrun for example_branch_python_operator_decorator to 2024-11-10 00:00:00+00:00, run_after=2024-11-11 00:00:00+00:00
[2024-11-11T19:44:29.746+0000] {processor.py:208} INFO - Processing /home/airflow/.local/lib/python3.12/site-packages/airflow/example_dags/example_branch_operator_decorator.py took 0.204 seconds
[2024-11-11T19:45:00.400+0000] {processor.py:186} INFO - Started process (PID=2256) to work on /home/airflow/.local/lib/python3.12/site-packages/airflow/example_dags/example_branch_operator_decorator.py
[2024-11-11T19:45:00.404+0000] {processor.py:914} INFO - Processing file /home/airflow/.local/lib/python3.12/site-packages/airflow/example_dags/example_branch_operator_decorator.py for tasks to queue
[2024-11-11T19:45:00.412+0000] {logging_mixin.py:190} INFO - [2024-11-11T19:45:00.411+0000] {dagbag.py:588} INFO - Filling up the DagBag from /home/airflow/.local/lib/python3.12/site-packages/airflow/example_dags/example_branch_operator_decorator.py
[2024-11-11T19:45:00.501+0000] {processor.py:925} INFO - DAG(s) 'example_branch_python_operator_decorator' retrieved from /home/airflow/.local/lib/python3.12/site-packages/airflow/example_dags/example_branch_operator_decorator.py
[2024-11-11T19:45:00.603+0000] {logging_mixin.py:190} INFO - [2024-11-11T19:45:00.602+0000] {dag.py:3239} INFO - Sync 1 DAGs
[2024-11-11T19:45:00.654+0000] {logging_mixin.py:190} INFO - [2024-11-11T19:45:00.654+0000] {dag.py:4180} INFO - Setting next_dagrun for example_branch_python_operator_decorator to 2024-11-10 00:00:00+00:00, run_after=2024-11-11 00:00:00+00:00
[2024-11-11T19:45:00.691+0000] {processor.py:208} INFO - Processing /home/airflow/.local/lib/python3.12/site-packages/airflow/example_dags/example_branch_operator_decorator.py took 0.314 seconds
[2024-11-11T19:45:31.547+0000] {processor.py:186} INFO - Started process (PID=2547) to work on /home/airflow/.local/lib/python3.12/site-packages/airflow/example_dags/example_branch_operator_decorator.py
[2024-11-11T19:45:31.553+0000] {processor.py:914} INFO - Processing file /home/airflow/.local/lib/python3.12/site-packages/airflow/example_dags/example_branch_operator_decorator.py for tasks to queue
[2024-11-11T19:45:31.564+0000] {logging_mixin.py:190} INFO - [2024-11-11T19:45:31.563+0000] {dagbag.py:588} INFO - Filling up the DagBag from /home/airflow/.local/lib/python3.12/site-packages/airflow/example_dags/example_branch_operator_decorator.py
[2024-11-11T19:45:31.647+0000] {processor.py:925} INFO - DAG(s) 'example_branch_python_operator_decorator' retrieved from /home/airflow/.local/lib/python3.12/site-packages/airflow/example_dags/example_branch_operator_decorator.py
[2024-11-11T19:45:31.697+0000] {logging_mixin.py:190} INFO - [2024-11-11T19:45:31.697+0000] {dag.py:3239} INFO - Sync 1 DAGs
[2024-11-11T19:45:31.740+0000] {logging_mixin.py:190} INFO - [2024-11-11T19:45:31.739+0000] {dag.py:4180} INFO - Setting next_dagrun for example_branch_python_operator_decorator to 2024-11-10 00:00:00+00:00, run_after=2024-11-11 00:00:00+00:00
[2024-11-11T19:45:31.772+0000] {processor.py:208} INFO - Processing /home/airflow/.local/lib/python3.12/site-packages/airflow/example_dags/example_branch_operator_decorator.py took 0.256 seconds
[2024-11-11T19:46:03.503+0000] {processor.py:186} INFO - Started process (PID=2836) to work on /home/airflow/.local/lib/python3.12/site-packages/airflow/example_dags/example_branch_operator_decorator.py
[2024-11-11T19:46:03.507+0000] {processor.py:914} INFO - Processing file /home/airflow/.local/lib/python3.12/site-packages/airflow/example_dags/example_branch_operator_decorator.py for tasks to queue
[2024-11-11T19:46:03.517+0000] {logging_mixin.py:190} INFO - [2024-11-11T19:46:03.516+0000] {dagbag.py:588} INFO - Filling up the DagBag from /home/airflow/.local/lib/python3.12/site-packages/airflow/example_dags/example_branch_operator_decorator.py
[2024-11-11T19:46:03.607+0000] {processor.py:925} INFO - DAG(s) 'example_branch_python_operator_decorator' retrieved from /home/airflow/.local/lib/python3.12/site-packages/airflow/example_dags/example_branch_operator_decorator.py
[2024-11-11T19:46:03.689+0000] {logging_mixin.py:190} INFO - [2024-11-11T19:46:03.688+0000] {dag.py:3239} INFO - Sync 1 DAGs
[2024-11-11T19:46:03.764+0000] {logging_mixin.py:190} INFO - [2024-11-11T19:46:03.763+0000] {dag.py:4180} INFO - Setting next_dagrun for example_branch_python_operator_decorator to 2024-11-10 00:00:00+00:00, run_after=2024-11-11 00:00:00+00:00
[2024-11-11T19:46:03.802+0000] {processor.py:208} INFO - Processing /home/airflow/.local/lib/python3.12/site-packages/airflow/example_dags/example_branch_operator_decorator.py took 0.322 seconds
[2024-11-11T19:46:34.995+0000] {processor.py:186} INFO - Started process (PID=3127) to work on /home/airflow/.local/lib/python3.12/site-packages/airflow/example_dags/example_branch_operator_decorator.py
[2024-11-11T19:46:34.997+0000] {processor.py:914} INFO - Processing file /home/airflow/.local/lib/python3.12/site-packages/airflow/example_dags/example_branch_operator_decorator.py for tasks to queue
[2024-11-11T19:46:35.001+0000] {logging_mixin.py:190} INFO - [2024-11-11T19:46:35.001+0000] {dagbag.py:588} INFO - Filling up the DagBag from /home/airflow/.local/lib/python3.12/site-packages/airflow/example_dags/example_branch_operator_decorator.py
[2024-11-11T19:46:35.054+0000] {processor.py:925} INFO - DAG(s) 'example_branch_python_operator_decorator' retrieved from /home/airflow/.local/lib/python3.12/site-packages/airflow/example_dags/example_branch_operator_decorator.py
[2024-11-11T19:46:35.117+0000] {logging_mixin.py:190} INFO - [2024-11-11T19:46:35.117+0000] {dag.py:3239} INFO - Sync 1 DAGs
[2024-11-11T19:46:35.160+0000] {logging_mixin.py:190} INFO - [2024-11-11T19:46:35.159+0000] {dag.py:4180} INFO - Setting next_dagrun for example_branch_python_operator_decorator to 2024-11-10 00:00:00+00:00, run_after=2024-11-11 00:00:00+00:00
[2024-11-11T19:46:35.190+0000] {processor.py:208} INFO - Processing /home/airflow/.local/lib/python3.12/site-packages/airflow/example_dags/example_branch_operator_decorator.py took 0.209 seconds
[2024-11-11T19:47:09.311+0000] {processor.py:186} INFO - Started process (PID=3408) to work on /home/airflow/.local/lib/python3.12/site-packages/airflow/example_dags/example_branch_operator_decorator.py
[2024-11-11T19:47:09.313+0000] {processor.py:914} INFO - Processing file /home/airflow/.local/lib/python3.12/site-packages/airflow/example_dags/example_branch_operator_decorator.py for tasks to queue
[2024-11-11T19:47:09.318+0000] {logging_mixin.py:190} INFO - [2024-11-11T19:47:09.318+0000] {dagbag.py:588} INFO - Filling up the DagBag from /home/airflow/.local/lib/python3.12/site-packages/airflow/example_dags/example_branch_operator_decorator.py
[2024-11-11T19:47:09.386+0000] {processor.py:925} INFO - DAG(s) 'example_branch_python_operator_decorator' retrieved from /home/airflow/.local/lib/python3.12/site-packages/airflow/example_dags/example_branch_operator_decorator.py
[2024-11-11T19:47:09.492+0000] {logging_mixin.py:190} INFO - [2024-11-11T19:47:09.492+0000] {dag.py:3239} INFO - Sync 1 DAGs
[2024-11-11T19:47:09.577+0000] {logging_mixin.py:190} INFO - [2024-11-11T19:47:09.577+0000] {dag.py:4180} INFO - Setting next_dagrun for example_branch_python_operator_decorator to 2024-11-10 00:00:00+00:00, run_after=2024-11-11 00:00:00+00:00
[2024-11-11T19:47:09.629+0000] {processor.py:208} INFO - Processing /home/airflow/.local/lib/python3.12/site-packages/airflow/example_dags/example_branch_operator_decorator.py took 0.338 seconds
[2024-11-11T19:47:40.256+0000] {processor.py:186} INFO - Started process (PID=3670) to work on /home/airflow/.local/lib/python3.12/site-packages/airflow/example_dags/example_branch_operator_decorator.py
[2024-11-11T19:47:40.260+0000] {processor.py:914} INFO - Processing file /home/airflow/.local/lib/python3.12/site-packages/airflow/example_dags/example_branch_operator_decorator.py for tasks to queue
[2024-11-11T19:47:40.268+0000] {logging_mixin.py:190} INFO - [2024-11-11T19:47:40.267+0000] {dagbag.py:588} INFO - Filling up the DagBag from /home/airflow/.local/lib/python3.12/site-packages/airflow/example_dags/example_branch_operator_decorator.py
[2024-11-11T19:47:40.331+0000] {processor.py:925} INFO - DAG(s) 'example_branch_python_operator_decorator' retrieved from /home/airflow/.local/lib/python3.12/site-packages/airflow/example_dags/example_branch_operator_decorator.py
[2024-11-11T19:47:40.400+0000] {logging_mixin.py:190} INFO - [2024-11-11T19:47:40.399+0000] {dag.py:3239} INFO - Sync 1 DAGs
[2024-11-11T19:47:40.460+0000] {logging_mixin.py:190} INFO - [2024-11-11T19:47:40.459+0000] {dag.py:4180} INFO - Setting next_dagrun for example_branch_python_operator_decorator to 2024-11-10 00:00:00+00:00, run_after=2024-11-11 00:00:00+00:00
[2024-11-11T19:47:40.506+0000] {processor.py:208} INFO - Processing /home/airflow/.local/lib/python3.12/site-packages/airflow/example_dags/example_branch_operator_decorator.py took 0.279 seconds
[2024-11-11T19:48:11.118+0000] {processor.py:186} INFO - Started process (PID=3957) to work on /home/airflow/.local/lib/python3.12/site-packages/airflow/example_dags/example_branch_operator_decorator.py
[2024-11-11T19:48:11.123+0000] {processor.py:914} INFO - Processing file /home/airflow/.local/lib/python3.12/site-packages/airflow/example_dags/example_branch_operator_decorator.py for tasks to queue
[2024-11-11T19:48:11.133+0000] {logging_mixin.py:190} INFO - [2024-11-11T19:48:11.132+0000] {dagbag.py:588} INFO - Filling up the DagBag from /home/airflow/.local/lib/python3.12/site-packages/airflow/example_dags/example_branch_operator_decorator.py
[2024-11-11T19:48:11.209+0000] {processor.py:925} INFO - DAG(s) 'example_branch_python_operator_decorator' retrieved from /home/airflow/.local/lib/python3.12/site-packages/airflow/example_dags/example_branch_operator_decorator.py
[2024-11-11T19:48:11.293+0000] {logging_mixin.py:190} INFO - [2024-11-11T19:48:11.292+0000] {dag.py:3239} INFO - Sync 1 DAGs
[2024-11-11T19:48:11.351+0000] {logging_mixin.py:190} INFO - [2024-11-11T19:48:11.350+0000] {dag.py:4180} INFO - Setting next_dagrun for example_branch_python_operator_decorator to 2024-11-10 00:00:00+00:00, run_after=2024-11-11 00:00:00+00:00
[2024-11-11T19:48:11.393+0000] {processor.py:208} INFO - Processing /home/airflow/.local/lib/python3.12/site-packages/airflow/example_dags/example_branch_operator_decorator.py took 0.310 seconds
[2024-11-11T19:48:43.126+0000] {processor.py:186} INFO - Started process (PID=4200) to work on /home/airflow/.local/lib/python3.12/site-packages/airflow/example_dags/example_branch_operator_decorator.py
[2024-11-11T19:48:43.129+0000] {processor.py:914} INFO - Processing file /home/airflow/.local/lib/python3.12/site-packages/airflow/example_dags/example_branch_operator_decorator.py for tasks to queue
[2024-11-11T19:48:43.133+0000] {logging_mixin.py:190} INFO - [2024-11-11T19:48:43.133+0000] {dagbag.py:588} INFO - Filling up the DagBag from /home/airflow/.local/lib/python3.12/site-packages/airflow/example_dags/example_branch_operator_decorator.py
[2024-11-11T19:48:43.186+0000] {processor.py:925} INFO - DAG(s) 'example_branch_python_operator_decorator' retrieved from /home/airflow/.local/lib/python3.12/site-packages/airflow/example_dags/example_branch_operator_decorator.py
[2024-11-11T19:48:43.252+0000] {logging_mixin.py:190} INFO - [2024-11-11T19:48:43.252+0000] {dag.py:3239} INFO - Sync 1 DAGs
[2024-11-11T19:48:43.293+0000] {logging_mixin.py:190} INFO - [2024-11-11T19:48:43.292+0000] {dag.py:4180} INFO - Setting next_dagrun for example_branch_python_operator_decorator to 2024-11-10 00:00:00+00:00, run_after=2024-11-11 00:00:00+00:00
[2024-11-11T19:48:43.334+0000] {processor.py:208} INFO - Processing /home/airflow/.local/lib/python3.12/site-packages/airflow/example_dags/example_branch_operator_decorator.py took 0.222 seconds
[2024-11-11T19:49:15.121+0000] {processor.py:186} INFO - Started process (PID=4489) to work on /home/airflow/.local/lib/python3.12/site-packages/airflow/example_dags/example_branch_operator_decorator.py
[2024-11-11T19:49:15.123+0000] {processor.py:914} INFO - Processing file /home/airflow/.local/lib/python3.12/site-packages/airflow/example_dags/example_branch_operator_decorator.py for tasks to queue
[2024-11-11T19:49:15.127+0000] {logging_mixin.py:190} INFO - [2024-11-11T19:49:15.126+0000] {dagbag.py:588} INFO - Filling up the DagBag from /home/airflow/.local/lib/python3.12/site-packages/airflow/example_dags/example_branch_operator_decorator.py
[2024-11-11T19:49:15.169+0000] {processor.py:925} INFO - DAG(s) 'example_branch_python_operator_decorator' retrieved from /home/airflow/.local/lib/python3.12/site-packages/airflow/example_dags/example_branch_operator_decorator.py
[2024-11-11T19:49:15.229+0000] {logging_mixin.py:190} INFO - [2024-11-11T19:49:15.228+0000] {dag.py:3239} INFO - Sync 1 DAGs
[2024-11-11T19:49:15.293+0000] {logging_mixin.py:190} INFO - [2024-11-11T19:49:15.292+0000] {dag.py:4180} INFO - Setting next_dagrun for example_branch_python_operator_decorator to 2024-11-10 00:00:00+00:00, run_after=2024-11-11 00:00:00+00:00
[2024-11-11T19:49:15.332+0000] {processor.py:208} INFO - Processing /home/airflow/.local/lib/python3.12/site-packages/airflow/example_dags/example_branch_operator_decorator.py took 0.221 seconds
[2024-11-11T19:49:45.936+0000] {processor.py:186} INFO - Started process (PID=4775) to work on /home/airflow/.local/lib/python3.12/site-packages/airflow/example_dags/example_branch_operator_decorator.py
[2024-11-11T19:49:45.943+0000] {processor.py:914} INFO - Processing file /home/airflow/.local/lib/python3.12/site-packages/airflow/example_dags/example_branch_operator_decorator.py for tasks to queue
[2024-11-11T19:49:45.950+0000] {logging_mixin.py:190} INFO - [2024-11-11T19:49:45.949+0000] {dagbag.py:588} INFO - Filling up the DagBag from /home/airflow/.local/lib/python3.12/site-packages/airflow/example_dags/example_branch_operator_decorator.py
[2024-11-11T19:49:46.000+0000] {processor.py:925} INFO - DAG(s) 'example_branch_python_operator_decorator' retrieved from /home/airflow/.local/lib/python3.12/site-packages/airflow/example_dags/example_branch_operator_decorator.py
[2024-11-11T19:49:46.084+0000] {logging_mixin.py:190} INFO - [2024-11-11T19:49:46.083+0000] {dag.py:3239} INFO - Sync 1 DAGs
[2024-11-11T19:49:46.152+0000] {logging_mixin.py:190} INFO - [2024-11-11T19:49:46.152+0000] {dag.py:4180} INFO - Setting next_dagrun for example_branch_python_operator_decorator to 2024-11-10 00:00:00+00:00, run_after=2024-11-11 00:00:00+00:00
[2024-11-11T19:49:46.202+0000] {processor.py:208} INFO - Processing /home/airflow/.local/lib/python3.12/site-packages/airflow/example_dags/example_branch_operator_decorator.py took 0.283 seconds
[2024-11-11T19:50:17.285+0000] {processor.py:186} INFO - Started process (PID=5066) to work on /home/airflow/.local/lib/python3.12/site-packages/airflow/example_dags/example_branch_operator_decorator.py
[2024-11-11T19:50:17.287+0000] {processor.py:914} INFO - Processing file /home/airflow/.local/lib/python3.12/site-packages/airflow/example_dags/example_branch_operator_decorator.py for tasks to queue
[2024-11-11T19:50:17.291+0000] {logging_mixin.py:190} INFO - [2024-11-11T19:50:17.291+0000] {dagbag.py:588} INFO - Filling up the DagBag from /home/airflow/.local/lib/python3.12/site-packages/airflow/example_dags/example_branch_operator_decorator.py
[2024-11-11T19:50:17.365+0000] {processor.py:925} INFO - DAG(s) 'example_branch_python_operator_decorator' retrieved from /home/airflow/.local/lib/python3.12/site-packages/airflow/example_dags/example_branch_operator_decorator.py
[2024-11-11T19:50:17.470+0000] {logging_mixin.py:190} INFO - [2024-11-11T19:50:17.470+0000] {dag.py:3239} INFO - Sync 1 DAGs
[2024-11-11T19:50:17.558+0000] {logging_mixin.py:190} INFO - [2024-11-11T19:50:17.557+0000] {dag.py:4180} INFO - Setting next_dagrun for example_branch_python_operator_decorator to 2024-11-10 00:00:00+00:00, run_after=2024-11-11 00:00:00+00:00
[2024-11-11T19:50:17.623+0000] {processor.py:208} INFO - Processing /home/airflow/.local/lib/python3.12/site-packages/airflow/example_dags/example_branch_operator_decorator.py took 0.353 seconds
[2024-11-11T19:50:47.699+0000] {processor.py:186} INFO - Started process (PID=5354) to work on /home/airflow/.local/lib/python3.12/site-packages/airflow/example_dags/example_branch_operator_decorator.py
[2024-11-11T19:50:47.701+0000] {processor.py:914} INFO - Processing file /home/airflow/.local/lib/python3.12/site-packages/airflow/example_dags/example_branch_operator_decorator.py for tasks to queue
[2024-11-11T19:50:47.709+0000] {logging_mixin.py:190} INFO - [2024-11-11T19:50:47.708+0000] {dagbag.py:588} INFO - Filling up the DagBag from /home/airflow/.local/lib/python3.12/site-packages/airflow/example_dags/example_branch_operator_decorator.py
[2024-11-11T19:50:47.830+0000] {processor.py:925} INFO - DAG(s) 'example_branch_python_operator_decorator' retrieved from /home/airflow/.local/lib/python3.12/site-packages/airflow/example_dags/example_branch_operator_decorator.py
[2024-11-11T19:50:47.895+0000] {logging_mixin.py:190} INFO - [2024-11-11T19:50:47.895+0000] {dag.py:3239} INFO - Sync 1 DAGs
[2024-11-11T19:50:47.945+0000] {logging_mixin.py:190} INFO - [2024-11-11T19:50:47.945+0000] {dag.py:4180} INFO - Setting next_dagrun for example_branch_python_operator_decorator to 2024-11-10 00:00:00+00:00, run_after=2024-11-11 00:00:00+00:00
[2024-11-11T19:50:47.991+0000] {processor.py:208} INFO - Processing /home/airflow/.local/lib/python3.12/site-packages/airflow/example_dags/example_branch_operator_decorator.py took 0.309 seconds
[2024-11-11T19:51:18.080+0000] {processor.py:186} INFO - Started process (PID=5640) to work on /home/airflow/.local/lib/python3.12/site-packages/airflow/example_dags/example_branch_operator_decorator.py
[2024-11-11T19:51:18.082+0000] {processor.py:914} INFO - Processing file /home/airflow/.local/lib/python3.12/site-packages/airflow/example_dags/example_branch_operator_decorator.py for tasks to queue
[2024-11-11T19:51:18.086+0000] {logging_mixin.py:190} INFO - [2024-11-11T19:51:18.085+0000] {dagbag.py:588} INFO - Filling up the DagBag from /home/airflow/.local/lib/python3.12/site-packages/airflow/example_dags/example_branch_operator_decorator.py
[2024-11-11T19:51:18.136+0000] {processor.py:925} INFO - DAG(s) 'example_branch_python_operator_decorator' retrieved from /home/airflow/.local/lib/python3.12/site-packages/airflow/example_dags/example_branch_operator_decorator.py
[2024-11-11T19:51:18.191+0000] {logging_mixin.py:190} INFO - [2024-11-11T19:51:18.190+0000] {dag.py:3239} INFO - Sync 1 DAGs
[2024-11-11T19:51:18.239+0000] {logging_mixin.py:190} INFO - [2024-11-11T19:51:18.238+0000] {dag.py:4180} INFO - Setting next_dagrun for example_branch_python_operator_decorator to 2024-11-10 00:00:00+00:00, run_after=2024-11-11 00:00:00+00:00
[2024-11-11T19:51:18.267+0000] {processor.py:208} INFO - Processing /home/airflow/.local/lib/python3.12/site-packages/airflow/example_dags/example_branch_operator_decorator.py took 0.201 seconds
[2024-11-11T19:51:48.813+0000] {processor.py:186} INFO - Started process (PID=5937) to work on /home/airflow/.local/lib/python3.12/site-packages/airflow/example_dags/example_branch_operator_decorator.py
[2024-11-11T19:51:48.818+0000] {processor.py:914} INFO - Processing file /home/airflow/.local/lib/python3.12/site-packages/airflow/example_dags/example_branch_operator_decorator.py for tasks to queue
[2024-11-11T19:51:48.822+0000] {logging_mixin.py:190} INFO - [2024-11-11T19:51:48.821+0000] {dagbag.py:588} INFO - Filling up the DagBag from /home/airflow/.local/lib/python3.12/site-packages/airflow/example_dags/example_branch_operator_decorator.py
[2024-11-11T19:51:48.861+0000] {processor.py:925} INFO - DAG(s) 'example_branch_python_operator_decorator' retrieved from /home/airflow/.local/lib/python3.12/site-packages/airflow/example_dags/example_branch_operator_decorator.py
[2024-11-11T19:51:48.932+0000] {logging_mixin.py:190} INFO - [2024-11-11T19:51:48.932+0000] {dag.py:3239} INFO - Sync 1 DAGs
[2024-11-11T19:51:49.026+0000] {logging_mixin.py:190} INFO - [2024-11-11T19:51:49.025+0000] {dag.py:4180} INFO - Setting next_dagrun for example_branch_python_operator_decorator to 2024-11-10 00:00:00+00:00, run_after=2024-11-11 00:00:00+00:00
[2024-11-11T19:51:49.093+0000] {processor.py:208} INFO - Processing /home/airflow/.local/lib/python3.12/site-packages/airflow/example_dags/example_branch_operator_decorator.py took 0.310 seconds
[2024-11-11T19:52:19.977+0000] {processor.py:186} INFO - Started process (PID=6221) to work on /home/airflow/.local/lib/python3.12/site-packages/airflow/example_dags/example_branch_operator_decorator.py
[2024-11-11T19:52:19.979+0000] {processor.py:914} INFO - Processing file /home/airflow/.local/lib/python3.12/site-packages/airflow/example_dags/example_branch_operator_decorator.py for tasks to queue
[2024-11-11T19:52:19.982+0000] {logging_mixin.py:190} INFO - [2024-11-11T19:52:19.981+0000] {dagbag.py:588} INFO - Filling up the DagBag from /home/airflow/.local/lib/python3.12/site-packages/airflow/example_dags/example_branch_operator_decorator.py
[2024-11-11T19:52:20.021+0000] {processor.py:925} INFO - DAG(s) 'example_branch_python_operator_decorator' retrieved from /home/airflow/.local/lib/python3.12/site-packages/airflow/example_dags/example_branch_operator_decorator.py
[2024-11-11T19:52:20.073+0000] {logging_mixin.py:190} INFO - [2024-11-11T19:52:20.072+0000] {dag.py:3239} INFO - Sync 1 DAGs
[2024-11-11T19:52:20.114+0000] {logging_mixin.py:190} INFO - [2024-11-11T19:52:20.113+0000] {dag.py:4180} INFO - Setting next_dagrun for example_branch_python_operator_decorator to 2024-11-10 00:00:00+00:00, run_after=2024-11-11 00:00:00+00:00
[2024-11-11T19:52:20.155+0000] {processor.py:208} INFO - Processing /home/airflow/.local/lib/python3.12/site-packages/airflow/example_dags/example_branch_operator_decorator.py took 0.193 seconds
[2024-11-11T19:52:50.569+0000] {processor.py:186} INFO - Started process (PID=6507) to work on /home/airflow/.local/lib/python3.12/site-packages/airflow/example_dags/example_branch_operator_decorator.py
[2024-11-11T19:52:50.573+0000] {processor.py:914} INFO - Processing file /home/airflow/.local/lib/python3.12/site-packages/airflow/example_dags/example_branch_operator_decorator.py for tasks to queue
[2024-11-11T19:52:50.581+0000] {logging_mixin.py:190} INFO - [2024-11-11T19:52:50.580+0000] {dagbag.py:588} INFO - Filling up the DagBag from /home/airflow/.local/lib/python3.12/site-packages/airflow/example_dags/example_branch_operator_decorator.py
[2024-11-11T19:52:50.674+0000] {processor.py:925} INFO - DAG(s) 'example_branch_python_operator_decorator' retrieved from /home/airflow/.local/lib/python3.12/site-packages/airflow/example_dags/example_branch_operator_decorator.py
[2024-11-11T19:52:50.856+0000] {logging_mixin.py:190} INFO - [2024-11-11T19:52:50.854+0000] {dag.py:3239} INFO - Sync 1 DAGs
[2024-11-11T19:52:50.999+0000] {logging_mixin.py:190} INFO - [2024-11-11T19:52:50.999+0000] {dag.py:4180} INFO - Setting next_dagrun for example_branch_python_operator_decorator to 2024-11-10 00:00:00+00:00, run_after=2024-11-11 00:00:00+00:00
[2024-11-11T19:52:51.047+0000] {processor.py:208} INFO - Processing /home/airflow/.local/lib/python3.12/site-packages/airflow/example_dags/example_branch_operator_decorator.py took 0.505 seconds
[2024-11-11T19:53:21.479+0000] {processor.py:186} INFO - Started process (PID=6800) to work on /home/airflow/.local/lib/python3.12/site-packages/airflow/example_dags/example_branch_operator_decorator.py
[2024-11-11T19:53:21.481+0000] {processor.py:914} INFO - Processing file /home/airflow/.local/lib/python3.12/site-packages/airflow/example_dags/example_branch_operator_decorator.py for tasks to queue
[2024-11-11T19:53:21.486+0000] {logging_mixin.py:190} INFO - [2024-11-11T19:53:21.485+0000] {dagbag.py:588} INFO - Filling up the DagBag from /home/airflow/.local/lib/python3.12/site-packages/airflow/example_dags/example_branch_operator_decorator.py
[2024-11-11T19:53:21.531+0000] {processor.py:925} INFO - DAG(s) 'example_branch_python_operator_decorator' retrieved from /home/airflow/.local/lib/python3.12/site-packages/airflow/example_dags/example_branch_operator_decorator.py
[2024-11-11T19:53:21.608+0000] {logging_mixin.py:190} INFO - [2024-11-11T19:53:21.607+0000] {dag.py:3239} INFO - Sync 1 DAGs
[2024-11-11T19:53:21.716+0000] {logging_mixin.py:190} INFO - [2024-11-11T19:53:21.716+0000] {dag.py:4180} INFO - Setting next_dagrun for example_branch_python_operator_decorator to 2024-11-10 00:00:00+00:00, run_after=2024-11-11 00:00:00+00:00
[2024-11-11T19:53:21.775+0000] {processor.py:208} INFO - Processing /home/airflow/.local/lib/python3.12/site-packages/airflow/example_dags/example_branch_operator_decorator.py took 0.312 seconds
[2024-11-11T19:53:52.102+0000] {processor.py:186} INFO - Started process (PID=7096) to work on /home/airflow/.local/lib/python3.12/site-packages/airflow/example_dags/example_branch_operator_decorator.py
[2024-11-11T19:53:52.105+0000] {processor.py:914} INFO - Processing file /home/airflow/.local/lib/python3.12/site-packages/airflow/example_dags/example_branch_operator_decorator.py for tasks to queue
[2024-11-11T19:53:52.110+0000] {logging_mixin.py:190} INFO - [2024-11-11T19:53:52.109+0000] {dagbag.py:588} INFO - Filling up the DagBag from /home/airflow/.local/lib/python3.12/site-packages/airflow/example_dags/example_branch_operator_decorator.py
[2024-11-11T19:53:52.152+0000] {processor.py:925} INFO - DAG(s) 'example_branch_python_operator_decorator' retrieved from /home/airflow/.local/lib/python3.12/site-packages/airflow/example_dags/example_branch_operator_decorator.py
[2024-11-11T19:53:52.204+0000] {logging_mixin.py:190} INFO - [2024-11-11T19:53:52.204+0000] {dag.py:3239} INFO - Sync 1 DAGs
[2024-11-11T19:53:52.250+0000] {logging_mixin.py:190} INFO - [2024-11-11T19:53:52.249+0000] {dag.py:4180} INFO - Setting next_dagrun for example_branch_python_operator_decorator to 2024-11-10 00:00:00+00:00, run_after=2024-11-11 00:00:00+00:00
[2024-11-11T19:53:52.292+0000] {processor.py:208} INFO - Processing /home/airflow/.local/lib/python3.12/site-packages/airflow/example_dags/example_branch_operator_decorator.py took 0.208 seconds
[2024-11-11T19:54:22.385+0000] {processor.py:186} INFO - Started process (PID=7387) to work on /home/airflow/.local/lib/python3.12/site-packages/airflow/example_dags/example_branch_operator_decorator.py
[2024-11-11T19:54:22.388+0000] {processor.py:914} INFO - Processing file /home/airflow/.local/lib/python3.12/site-packages/airflow/example_dags/example_branch_operator_decorator.py for tasks to queue
[2024-11-11T19:54:22.393+0000] {logging_mixin.py:190} INFO - [2024-11-11T19:54:22.392+0000] {dagbag.py:588} INFO - Filling up the DagBag from /home/airflow/.local/lib/python3.12/site-packages/airflow/example_dags/example_branch_operator_decorator.py
[2024-11-11T19:54:22.438+0000] {processor.py:925} INFO - DAG(s) 'example_branch_python_operator_decorator' retrieved from /home/airflow/.local/lib/python3.12/site-packages/airflow/example_dags/example_branch_operator_decorator.py
[2024-11-11T19:54:22.512+0000] {logging_mixin.py:190} INFO - [2024-11-11T19:54:22.511+0000] {dag.py:3239} INFO - Sync 1 DAGs
[2024-11-11T19:54:22.582+0000] {logging_mixin.py:190} INFO - [2024-11-11T19:54:22.581+0000] {dag.py:4180} INFO - Setting next_dagrun for example_branch_python_operator_decorator to 2024-11-10 00:00:00+00:00, run_after=2024-11-11 00:00:00+00:00
[2024-11-11T19:54:22.625+0000] {processor.py:208} INFO - Processing /home/airflow/.local/lib/python3.12/site-packages/airflow/example_dags/example_branch_operator_decorator.py took 0.257 seconds
[2024-11-11T19:54:53.217+0000] {processor.py:186} INFO - Started process (PID=7683) to work on /home/airflow/.local/lib/python3.12/site-packages/airflow/example_dags/example_branch_operator_decorator.py
[2024-11-11T19:54:53.218+0000] {processor.py:914} INFO - Processing file /home/airflow/.local/lib/python3.12/site-packages/airflow/example_dags/example_branch_operator_decorator.py for tasks to queue
[2024-11-11T19:54:53.223+0000] {logging_mixin.py:190} INFO - [2024-11-11T19:54:53.222+0000] {dagbag.py:588} INFO - Filling up the DagBag from /home/airflow/.local/lib/python3.12/site-packages/airflow/example_dags/example_branch_operator_decorator.py
[2024-11-11T19:54:53.284+0000] {processor.py:925} INFO - DAG(s) 'example_branch_python_operator_decorator' retrieved from /home/airflow/.local/lib/python3.12/site-packages/airflow/example_dags/example_branch_operator_decorator.py
[2024-11-11T19:54:53.385+0000] {logging_mixin.py:190} INFO - [2024-11-11T19:54:53.385+0000] {dag.py:3239} INFO - Sync 1 DAGs
[2024-11-11T19:54:53.468+0000] {logging_mixin.py:190} INFO - [2024-11-11T19:54:53.467+0000] {dag.py:4180} INFO - Setting next_dagrun for example_branch_python_operator_decorator to 2024-11-10 00:00:00+00:00, run_after=2024-11-11 00:00:00+00:00
[2024-11-11T19:54:53.521+0000] {processor.py:208} INFO - Processing /home/airflow/.local/lib/python3.12/site-packages/airflow/example_dags/example_branch_operator_decorator.py took 0.322 seconds
[2024-11-11T19:55:24.142+0000] {processor.py:186} INFO - Started process (PID=7963) to work on /home/airflow/.local/lib/python3.12/site-packages/airflow/example_dags/example_branch_operator_decorator.py
[2024-11-11T19:55:24.145+0000] {processor.py:914} INFO - Processing file /home/airflow/.local/lib/python3.12/site-packages/airflow/example_dags/example_branch_operator_decorator.py for tasks to queue
[2024-11-11T19:55:24.150+0000] {logging_mixin.py:190} INFO - [2024-11-11T19:55:24.149+0000] {dagbag.py:588} INFO - Filling up the DagBag from /home/airflow/.local/lib/python3.12/site-packages/airflow/example_dags/example_branch_operator_decorator.py
[2024-11-11T19:55:24.200+0000] {processor.py:925} INFO - DAG(s) 'example_branch_python_operator_decorator' retrieved from /home/airflow/.local/lib/python3.12/site-packages/airflow/example_dags/example_branch_operator_decorator.py
[2024-11-11T19:55:24.280+0000] {logging_mixin.py:190} INFO - [2024-11-11T19:55:24.280+0000] {dag.py:3239} INFO - Sync 1 DAGs
[2024-11-11T19:55:24.335+0000] {logging_mixin.py:190} INFO - [2024-11-11T19:55:24.335+0000] {dag.py:4180} INFO - Setting next_dagrun for example_branch_python_operator_decorator to 2024-11-10 00:00:00+00:00, run_after=2024-11-11 00:00:00+00:00
[2024-11-11T19:55:24.378+0000] {processor.py:208} INFO - Processing /home/airflow/.local/lib/python3.12/site-packages/airflow/example_dags/example_branch_operator_decorator.py took 0.252 seconds
[2024-11-11T19:55:54.756+0000] {processor.py:186} INFO - Started process (PID=8250) to work on /home/airflow/.local/lib/python3.12/site-packages/airflow/example_dags/example_branch_operator_decorator.py
[2024-11-11T19:55:54.763+0000] {processor.py:914} INFO - Processing file /home/airflow/.local/lib/python3.12/site-packages/airflow/example_dags/example_branch_operator_decorator.py for tasks to queue
[2024-11-11T19:55:54.776+0000] {logging_mixin.py:190} INFO - [2024-11-11T19:55:54.774+0000] {dagbag.py:588} INFO - Filling up the DagBag from /home/airflow/.local/lib/python3.12/site-packages/airflow/example_dags/example_branch_operator_decorator.py
[2024-11-11T19:55:54.940+0000] {processor.py:925} INFO - DAG(s) 'example_branch_python_operator_decorator' retrieved from /home/airflow/.local/lib/python3.12/site-packages/airflow/example_dags/example_branch_operator_decorator.py
[2024-11-11T19:55:55.081+0000] {logging_mixin.py:190} INFO - [2024-11-11T19:55:55.081+0000] {dag.py:3239} INFO - Sync 1 DAGs
[2024-11-11T19:55:55.148+0000] {logging_mixin.py:190} INFO - [2024-11-11T19:55:55.148+0000] {dag.py:4180} INFO - Setting next_dagrun for example_branch_python_operator_decorator to 2024-11-10 00:00:00+00:00, run_after=2024-11-11 00:00:00+00:00
[2024-11-11T19:55:55.184+0000] {processor.py:208} INFO - Processing /home/airflow/.local/lib/python3.12/site-packages/airflow/example_dags/example_branch_operator_decorator.py took 0.466 seconds
[2024-11-11T19:56:25.887+0000] {processor.py:186} INFO - Started process (PID=8542) to work on /home/airflow/.local/lib/python3.12/site-packages/airflow/example_dags/example_branch_operator_decorator.py
[2024-11-11T19:56:25.891+0000] {processor.py:914} INFO - Processing file /home/airflow/.local/lib/python3.12/site-packages/airflow/example_dags/example_branch_operator_decorator.py for tasks to queue
[2024-11-11T19:56:25.902+0000] {logging_mixin.py:190} INFO - [2024-11-11T19:56:25.900+0000] {dagbag.py:588} INFO - Filling up the DagBag from /home/airflow/.local/lib/python3.12/site-packages/airflow/example_dags/example_branch_operator_decorator.py
[2024-11-11T19:56:26.025+0000] {processor.py:925} INFO - DAG(s) 'example_branch_python_operator_decorator' retrieved from /home/airflow/.local/lib/python3.12/site-packages/airflow/example_dags/example_branch_operator_decorator.py
[2024-11-11T19:56:26.100+0000] {logging_mixin.py:190} INFO - [2024-11-11T19:56:26.099+0000] {dag.py:3239} INFO - Sync 1 DAGs
[2024-11-11T19:56:26.144+0000] {logging_mixin.py:190} INFO - [2024-11-11T19:56:26.144+0000] {dag.py:4180} INFO - Setting next_dagrun for example_branch_python_operator_decorator to 2024-11-10 00:00:00+00:00, run_after=2024-11-11 00:00:00+00:00
[2024-11-11T19:56:26.176+0000] {processor.py:208} INFO - Processing /home/airflow/.local/lib/python3.12/site-packages/airflow/example_dags/example_branch_operator_decorator.py took 0.319 seconds
[2024-11-11T19:56:56.980+0000] {processor.py:186} INFO - Started process (PID=8833) to work on /home/airflow/.local/lib/python3.12/site-packages/airflow/example_dags/example_branch_operator_decorator.py
[2024-11-11T19:56:56.985+0000] {processor.py:914} INFO - Processing file /home/airflow/.local/lib/python3.12/site-packages/airflow/example_dags/example_branch_operator_decorator.py for tasks to queue
[2024-11-11T19:56:56.993+0000] {logging_mixin.py:190} INFO - [2024-11-11T19:56:56.993+0000] {dagbag.py:588} INFO - Filling up the DagBag from /home/airflow/.local/lib/python3.12/site-packages/airflow/example_dags/example_branch_operator_decorator.py
[2024-11-11T19:56:57.080+0000] {processor.py:925} INFO - DAG(s) 'example_branch_python_operator_decorator' retrieved from /home/airflow/.local/lib/python3.12/site-packages/airflow/example_dags/example_branch_operator_decorator.py
[2024-11-11T19:56:57.176+0000] {logging_mixin.py:190} INFO - [2024-11-11T19:56:57.176+0000] {dag.py:3239} INFO - Sync 1 DAGs
[2024-11-11T19:56:57.251+0000] {logging_mixin.py:190} INFO - [2024-11-11T19:56:57.250+0000] {dag.py:4180} INFO - Setting next_dagrun for example_branch_python_operator_decorator to 2024-11-10 00:00:00+00:00, run_after=2024-11-11 00:00:00+00:00
[2024-11-11T19:56:57.308+0000] {processor.py:208} INFO - Processing /home/airflow/.local/lib/python3.12/site-packages/airflow/example_dags/example_branch_operator_decorator.py took 0.352 seconds
[2024-11-11T19:57:27.596+0000] {processor.py:186} INFO - Started process (PID=9126) to work on /home/airflow/.local/lib/python3.12/site-packages/airflow/example_dags/example_branch_operator_decorator.py
[2024-11-11T19:57:27.599+0000] {processor.py:914} INFO - Processing file /home/airflow/.local/lib/python3.12/site-packages/airflow/example_dags/example_branch_operator_decorator.py for tasks to queue
[2024-11-11T19:57:27.604+0000] {logging_mixin.py:190} INFO - [2024-11-11T19:57:27.603+0000] {dagbag.py:588} INFO - Filling up the DagBag from /home/airflow/.local/lib/python3.12/site-packages/airflow/example_dags/example_branch_operator_decorator.py
[2024-11-11T19:57:27.658+0000] {processor.py:925} INFO - DAG(s) 'example_branch_python_operator_decorator' retrieved from /home/airflow/.local/lib/python3.12/site-packages/airflow/example_dags/example_branch_operator_decorator.py
[2024-11-11T19:57:27.729+0000] {logging_mixin.py:190} INFO - [2024-11-11T19:57:27.728+0000] {dag.py:3239} INFO - Sync 1 DAGs
[2024-11-11T19:57:27.786+0000] {logging_mixin.py:190} INFO - [2024-11-11T19:57:27.786+0000] {dag.py:4180} INFO - Setting next_dagrun for example_branch_python_operator_decorator to 2024-11-10 00:00:00+00:00, run_after=2024-11-11 00:00:00+00:00
[2024-11-11T19:57:27.826+0000] {processor.py:208} INFO - Processing /home/airflow/.local/lib/python3.12/site-packages/airflow/example_dags/example_branch_operator_decorator.py took 0.246 seconds
[2024-11-11T19:57:58.536+0000] {processor.py:186} INFO - Started process (PID=9415) to work on /home/airflow/.local/lib/python3.12/site-packages/airflow/example_dags/example_branch_operator_decorator.py
[2024-11-11T19:57:58.538+0000] {processor.py:914} INFO - Processing file /home/airflow/.local/lib/python3.12/site-packages/airflow/example_dags/example_branch_operator_decorator.py for tasks to queue
[2024-11-11T19:57:58.543+0000] {logging_mixin.py:190} INFO - [2024-11-11T19:57:58.542+0000] {dagbag.py:588} INFO - Filling up the DagBag from /home/airflow/.local/lib/python3.12/site-packages/airflow/example_dags/example_branch_operator_decorator.py
[2024-11-11T19:57:58.589+0000] {processor.py:925} INFO - DAG(s) 'example_branch_python_operator_decorator' retrieved from /home/airflow/.local/lib/python3.12/site-packages/airflow/example_dags/example_branch_operator_decorator.py
[2024-11-11T19:57:58.660+0000] {logging_mixin.py:190} INFO - [2024-11-11T19:57:58.660+0000] {dag.py:3239} INFO - Sync 1 DAGs
[2024-11-11T19:57:58.741+0000] {logging_mixin.py:190} INFO - [2024-11-11T19:57:58.741+0000] {dag.py:4180} INFO - Setting next_dagrun for example_branch_python_operator_decorator to 2024-11-10 00:00:00+00:00, run_after=2024-11-11 00:00:00+00:00
[2024-11-11T19:57:58.799+0000] {processor.py:208} INFO - Processing /home/airflow/.local/lib/python3.12/site-packages/airflow/example_dags/example_branch_operator_decorator.py took 0.279 seconds
[2024-11-11T19:58:28.970+0000] {processor.py:186} INFO - Started process (PID=9701) to work on /home/airflow/.local/lib/python3.12/site-packages/airflow/example_dags/example_branch_operator_decorator.py
[2024-11-11T19:58:28.973+0000] {processor.py:914} INFO - Processing file /home/airflow/.local/lib/python3.12/site-packages/airflow/example_dags/example_branch_operator_decorator.py for tasks to queue
[2024-11-11T19:58:28.981+0000] {logging_mixin.py:190} INFO - [2024-11-11T19:58:28.980+0000] {dagbag.py:588} INFO - Filling up the DagBag from /home/airflow/.local/lib/python3.12/site-packages/airflow/example_dags/example_branch_operator_decorator.py
[2024-11-11T19:58:29.044+0000] {processor.py:925} INFO - DAG(s) 'example_branch_python_operator_decorator' retrieved from /home/airflow/.local/lib/python3.12/site-packages/airflow/example_dags/example_branch_operator_decorator.py
[2024-11-11T19:58:29.114+0000] {logging_mixin.py:190} INFO - [2024-11-11T19:58:29.113+0000] {dag.py:3239} INFO - Sync 1 DAGs
[2024-11-11T19:58:29.190+0000] {logging_mixin.py:190} INFO - [2024-11-11T19:58:29.190+0000] {dag.py:4180} INFO - Setting next_dagrun for example_branch_python_operator_decorator to 2024-11-10 00:00:00+00:00, run_after=2024-11-11 00:00:00+00:00
[2024-11-11T19:58:29.255+0000] {processor.py:208} INFO - Processing /home/airflow/.local/lib/python3.12/site-packages/airflow/example_dags/example_branch_operator_decorator.py took 0.320 seconds
[2024-11-11T19:58:59.592+0000] {processor.py:186} INFO - Started process (PID=9992) to work on /home/airflow/.local/lib/python3.12/site-packages/airflow/example_dags/example_branch_operator_decorator.py
[2024-11-11T19:58:59.599+0000] {processor.py:914} INFO - Processing file /home/airflow/.local/lib/python3.12/site-packages/airflow/example_dags/example_branch_operator_decorator.py for tasks to queue
[2024-11-11T19:58:59.614+0000] {logging_mixin.py:190} INFO - [2024-11-11T19:58:59.612+0000] {dagbag.py:588} INFO - Filling up the DagBag from /home/airflow/.local/lib/python3.12/site-packages/airflow/example_dags/example_branch_operator_decorator.py
[2024-11-11T19:58:59.720+0000] {processor.py:925} INFO - DAG(s) 'example_branch_python_operator_decorator' retrieved from /home/airflow/.local/lib/python3.12/site-packages/airflow/example_dags/example_branch_operator_decorator.py
[2024-11-11T19:58:59.786+0000] {logging_mixin.py:190} INFO - [2024-11-11T19:58:59.786+0000] {dag.py:3239} INFO - Sync 1 DAGs
[2024-11-11T19:58:59.830+0000] {logging_mixin.py:190} INFO - [2024-11-11T19:58:59.830+0000] {dag.py:4180} INFO - Setting next_dagrun for example_branch_python_operator_decorator to 2024-11-10 00:00:00+00:00, run_after=2024-11-11 00:00:00+00:00
[2024-11-11T19:58:59.862+0000] {processor.py:208} INFO - Processing /home/airflow/.local/lib/python3.12/site-packages/airflow/example_dags/example_branch_operator_decorator.py took 0.309 seconds
[2024-11-11T19:59:30.463+0000] {processor.py:186} INFO - Started process (PID=10285) to work on /home/airflow/.local/lib/python3.12/site-packages/airflow/example_dags/example_branch_operator_decorator.py
[2024-11-11T19:59:30.465+0000] {processor.py:914} INFO - Processing file /home/airflow/.local/lib/python3.12/site-packages/airflow/example_dags/example_branch_operator_decorator.py for tasks to queue
[2024-11-11T19:59:30.469+0000] {logging_mixin.py:190} INFO - [2024-11-11T19:59:30.469+0000] {dagbag.py:588} INFO - Filling up the DagBag from /home/airflow/.local/lib/python3.12/site-packages/airflow/example_dags/example_branch_operator_decorator.py
[2024-11-11T19:59:30.527+0000] {processor.py:925} INFO - DAG(s) 'example_branch_python_operator_decorator' retrieved from /home/airflow/.local/lib/python3.12/site-packages/airflow/example_dags/example_branch_operator_decorator.py
[2024-11-11T19:59:30.592+0000] {logging_mixin.py:190} INFO - [2024-11-11T19:59:30.592+0000] {dag.py:3239} INFO - Sync 1 DAGs
[2024-11-11T19:59:30.657+0000] {logging_mixin.py:190} INFO - [2024-11-11T19:59:30.656+0000] {dag.py:4180} INFO - Setting next_dagrun for example_branch_python_operator_decorator to 2024-11-10 00:00:00+00:00, run_after=2024-11-11 00:00:00+00:00
[2024-11-11T19:59:30.724+0000] {processor.py:208} INFO - Processing /home/airflow/.local/lib/python3.12/site-packages/airflow/example_dags/example_branch_operator_decorator.py took 0.285 seconds
[2024-11-11T20:00:00.837+0000] {processor.py:186} INFO - Started process (PID=10569) to work on /home/airflow/.local/lib/python3.12/site-packages/airflow/example_dags/example_branch_operator_decorator.py
[2024-11-11T20:00:00.838+0000] {processor.py:914} INFO - Processing file /home/airflow/.local/lib/python3.12/site-packages/airflow/example_dags/example_branch_operator_decorator.py for tasks to queue
[2024-11-11T20:00:00.842+0000] {logging_mixin.py:190} INFO - [2024-11-11T20:00:00.841+0000] {dagbag.py:588} INFO - Filling up the DagBag from /home/airflow/.local/lib/python3.12/site-packages/airflow/example_dags/example_branch_operator_decorator.py
[2024-11-11T20:00:00.879+0000] {processor.py:925} INFO - DAG(s) 'example_branch_python_operator_decorator' retrieved from /home/airflow/.local/lib/python3.12/site-packages/airflow/example_dags/example_branch_operator_decorator.py
[2024-11-11T20:00:00.941+0000] {logging_mixin.py:190} INFO - [2024-11-11T20:00:00.941+0000] {dag.py:3239} INFO - Sync 1 DAGs
[2024-11-11T20:00:01.015+0000] {logging_mixin.py:190} INFO - [2024-11-11T20:00:01.014+0000] {dag.py:4180} INFO - Setting next_dagrun for example_branch_python_operator_decorator to 2024-11-10 00:00:00+00:00, run_after=2024-11-11 00:00:00+00:00
[2024-11-11T20:00:01.066+0000] {processor.py:208} INFO - Processing /home/airflow/.local/lib/python3.12/site-packages/airflow/example_dags/example_branch_operator_decorator.py took 0.242 seconds
[2024-11-11T20:00:31.311+0000] {processor.py:186} INFO - Started process (PID=10860) to work on /home/airflow/.local/lib/python3.12/site-packages/airflow/example_dags/example_branch_operator_decorator.py
[2024-11-11T20:00:31.315+0000] {processor.py:914} INFO - Processing file /home/airflow/.local/lib/python3.12/site-packages/airflow/example_dags/example_branch_operator_decorator.py for tasks to queue
[2024-11-11T20:00:31.325+0000] {logging_mixin.py:190} INFO - [2024-11-11T20:00:31.323+0000] {dagbag.py:588} INFO - Filling up the DagBag from /home/airflow/.local/lib/python3.12/site-packages/airflow/example_dags/example_branch_operator_decorator.py
[2024-11-11T20:00:31.401+0000] {processor.py:925} INFO - DAG(s) 'example_branch_python_operator_decorator' retrieved from /home/airflow/.local/lib/python3.12/site-packages/airflow/example_dags/example_branch_operator_decorator.py
[2024-11-11T20:00:31.454+0000] {logging_mixin.py:190} INFO - [2024-11-11T20:00:31.454+0000] {dag.py:3239} INFO - Sync 1 DAGs
[2024-11-11T20:00:31.511+0000] {logging_mixin.py:190} INFO - [2024-11-11T20:00:31.510+0000] {dag.py:4180} INFO - Setting next_dagrun for example_branch_python_operator_decorator to 2024-11-10 00:00:00+00:00, run_after=2024-11-11 00:00:00+00:00
[2024-11-11T20:00:31.569+0000] {processor.py:208} INFO - Processing /home/airflow/.local/lib/python3.12/site-packages/airflow/example_dags/example_branch_operator_decorator.py took 0.292 seconds
[2024-11-11T20:01:02.383+0000] {processor.py:186} INFO - Started process (PID=11151) to work on /home/airflow/.local/lib/python3.12/site-packages/airflow/example_dags/example_branch_operator_decorator.py
[2024-11-11T20:01:02.385+0000] {processor.py:914} INFO - Processing file /home/airflow/.local/lib/python3.12/site-packages/airflow/example_dags/example_branch_operator_decorator.py for tasks to queue
[2024-11-11T20:01:02.390+0000] {logging_mixin.py:190} INFO - [2024-11-11T20:01:02.389+0000] {dagbag.py:588} INFO - Filling up the DagBag from /home/airflow/.local/lib/python3.12/site-packages/airflow/example_dags/example_branch_operator_decorator.py
[2024-11-11T20:01:02.438+0000] {processor.py:925} INFO - DAG(s) 'example_branch_python_operator_decorator' retrieved from /home/airflow/.local/lib/python3.12/site-packages/airflow/example_dags/example_branch_operator_decorator.py
[2024-11-11T20:01:02.507+0000] {logging_mixin.py:190} INFO - [2024-11-11T20:01:02.507+0000] {dag.py:3239} INFO - Sync 1 DAGs
[2024-11-11T20:01:02.567+0000] {logging_mixin.py:190} INFO - [2024-11-11T20:01:02.566+0000] {dag.py:4180} INFO - Setting next_dagrun for example_branch_python_operator_decorator to 2024-11-10 00:00:00+00:00, run_after=2024-11-11 00:00:00+00:00
[2024-11-11T20:01:02.611+0000] {processor.py:208} INFO - Processing /home/airflow/.local/lib/python3.12/site-packages/airflow/example_dags/example_branch_operator_decorator.py took 0.242 seconds
[2024-11-11T20:01:32.957+0000] {processor.py:186} INFO - Started process (PID=11442) to work on /home/airflow/.local/lib/python3.12/site-packages/airflow/example_dags/example_branch_operator_decorator.py
[2024-11-11T20:01:32.961+0000] {processor.py:914} INFO - Processing file /home/airflow/.local/lib/python3.12/site-packages/airflow/example_dags/example_branch_operator_decorator.py for tasks to queue
[2024-11-11T20:01:32.971+0000] {logging_mixin.py:190} INFO - [2024-11-11T20:01:32.970+0000] {dagbag.py:588} INFO - Filling up the DagBag from /home/airflow/.local/lib/python3.12/site-packages/airflow/example_dags/example_branch_operator_decorator.py
[2024-11-11T20:01:33.177+0000] {processor.py:925} INFO - DAG(s) 'example_branch_python_operator_decorator' retrieved from /home/airflow/.local/lib/python3.12/site-packages/airflow/example_dags/example_branch_operator_decorator.py
[2024-11-11T20:01:33.321+0000] {logging_mixin.py:190} INFO - [2024-11-11T20:01:33.320+0000] {dag.py:3239} INFO - Sync 1 DAGs
[2024-11-11T20:01:33.432+0000] {logging_mixin.py:190} INFO - [2024-11-11T20:01:33.431+0000] {dag.py:4180} INFO - Setting next_dagrun for example_branch_python_operator_decorator to 2024-11-10 00:00:00+00:00, run_after=2024-11-11 00:00:00+00:00
[2024-11-11T20:01:33.488+0000] {processor.py:208} INFO - Processing /home/airflow/.local/lib/python3.12/site-packages/airflow/example_dags/example_branch_operator_decorator.py took 0.562 seconds
[2024-11-11T20:02:03.944+0000] {processor.py:186} INFO - Started process (PID=11734) to work on /home/airflow/.local/lib/python3.12/site-packages/airflow/example_dags/example_branch_operator_decorator.py
[2024-11-11T20:02:03.946+0000] {processor.py:914} INFO - Processing file /home/airflow/.local/lib/python3.12/site-packages/airflow/example_dags/example_branch_operator_decorator.py for tasks to queue
[2024-11-11T20:02:03.952+0000] {logging_mixin.py:190} INFO - [2024-11-11T20:02:03.951+0000] {dagbag.py:588} INFO - Filling up the DagBag from /home/airflow/.local/lib/python3.12/site-packages/airflow/example_dags/example_branch_operator_decorator.py
[2024-11-11T20:02:03.998+0000] {processor.py:925} INFO - DAG(s) 'example_branch_python_operator_decorator' retrieved from /home/airflow/.local/lib/python3.12/site-packages/airflow/example_dags/example_branch_operator_decorator.py
[2024-11-11T20:02:04.077+0000] {logging_mixin.py:190} INFO - [2024-11-11T20:02:04.076+0000] {dag.py:3239} INFO - Sync 1 DAGs
[2024-11-11T20:02:04.171+0000] {logging_mixin.py:190} INFO - [2024-11-11T20:02:04.170+0000] {dag.py:4180} INFO - Setting next_dagrun for example_branch_python_operator_decorator to 2024-11-10 00:00:00+00:00, run_after=2024-11-11 00:00:00+00:00
[2024-11-11T20:02:04.237+0000] {processor.py:208} INFO - Processing /home/airflow/.local/lib/python3.12/site-packages/airflow/example_dags/example_branch_operator_decorator.py took 0.306 seconds
[2024-11-11T20:02:34.720+0000] {processor.py:186} INFO - Started process (PID=12020) to work on /home/airflow/.local/lib/python3.12/site-packages/airflow/example_dags/example_branch_operator_decorator.py
[2024-11-11T20:02:34.726+0000] {processor.py:914} INFO - Processing file /home/airflow/.local/lib/python3.12/site-packages/airflow/example_dags/example_branch_operator_decorator.py for tasks to queue
[2024-11-11T20:02:34.737+0000] {logging_mixin.py:190} INFO - [2024-11-11T20:02:34.736+0000] {dagbag.py:588} INFO - Filling up the DagBag from /home/airflow/.local/lib/python3.12/site-packages/airflow/example_dags/example_branch_operator_decorator.py
[2024-11-11T20:02:34.874+0000] {processor.py:925} INFO - DAG(s) 'example_branch_python_operator_decorator' retrieved from /home/airflow/.local/lib/python3.12/site-packages/airflow/example_dags/example_branch_operator_decorator.py
[2024-11-11T20:02:34.961+0000] {logging_mixin.py:190} INFO - [2024-11-11T20:02:34.960+0000] {dag.py:3239} INFO - Sync 1 DAGs
[2024-11-11T20:02:35.026+0000] {logging_mixin.py:190} INFO - [2024-11-11T20:02:35.026+0000] {dag.py:4180} INFO - Setting next_dagrun for example_branch_python_operator_decorator to 2024-11-10 00:00:00+00:00, run_after=2024-11-11 00:00:00+00:00
[2024-11-11T20:02:35.113+0000] {processor.py:208} INFO - Processing /home/airflow/.local/lib/python3.12/site-packages/airflow/example_dags/example_branch_operator_decorator.py took 0.423 seconds
