[2024-11-11T19:41:41.764+0000] {processor.py:186} INFO - Started process (PID=367) to work on /home/airflow/.local/lib/python3.12/site-packages/airflow/example_dags/example_external_task_marker_dag.py
[2024-11-11T19:41:41.765+0000] {processor.py:914} INFO - Processing file /home/airflow/.local/lib/python3.12/site-packages/airflow/example_dags/example_external_task_marker_dag.py for tasks to queue
[2024-11-11T19:41:41.769+0000] {logging_mixin.py:190} INFO - [2024-11-11T19:41:41.768+0000] {dagbag.py:588} INFO - Filling up the DagBag from /home/airflow/.local/lib/python3.12/site-packages/airflow/example_dags/example_external_task_marker_dag.py
[2024-11-11T19:41:41.784+0000] {processor.py:925} INFO - DAG(s) 'example_external_task_marker_parent', 'example_external_task_marker_child' retrieved from /home/airflow/.local/lib/python3.12/site-packages/airflow/example_dags/example_external_task_marker_dag.py
[2024-11-11T19:41:41.965+0000] {logging_mixin.py:190} INFO - [2024-11-11T19:41:41.964+0000] {override.py:1911} INFO - Created Permission View: can delete on DAG:example_external_task_marker_parent
[2024-11-11T19:41:41.983+0000] {logging_mixin.py:190} INFO - [2024-11-11T19:41:41.983+0000] {override.py:1911} INFO - Created Permission View: can read on DAG:example_external_task_marker_parent
[2024-11-11T19:41:41.997+0000] {logging_mixin.py:190} INFO - [2024-11-11T19:41:41.996+0000] {override.py:1911} INFO - Created Permission View: can edit on DAG:example_external_task_marker_parent
[2024-11-11T19:41:42.013+0000] {logging_mixin.py:190} INFO - [2024-11-11T19:41:42.012+0000] {override.py:1911} INFO - Created Permission View: can delete on DAG Run:example_external_task_marker_parent
[2024-11-11T19:41:42.026+0000] {logging_mixin.py:190} INFO - [2024-11-11T19:41:42.026+0000] {override.py:1911} INFO - Created Permission View: can create on DAG Run:example_external_task_marker_parent
[2024-11-11T19:41:42.039+0000] {logging_mixin.py:190} INFO - [2024-11-11T19:41:42.039+0000] {override.py:1911} INFO - Created Permission View: menu access on DAG Run:example_external_task_marker_parent
[2024-11-11T19:41:42.053+0000] {logging_mixin.py:190} INFO - [2024-11-11T19:41:42.052+0000] {override.py:1911} INFO - Created Permission View: can read on DAG Run:example_external_task_marker_parent
[2024-11-11T19:41:42.080+0000] {logging_mixin.py:190} INFO - [2024-11-11T19:41:42.080+0000] {override.py:1911} INFO - Created Permission View: can delete on DAG:example_external_task_marker_child
[2024-11-11T19:41:42.093+0000] {logging_mixin.py:190} INFO - [2024-11-11T19:41:42.092+0000] {override.py:1911} INFO - Created Permission View: can read on DAG:example_external_task_marker_child
[2024-11-11T19:41:42.106+0000] {logging_mixin.py:190} INFO - [2024-11-11T19:41:42.106+0000] {override.py:1911} INFO - Created Permission View: can edit on DAG:example_external_task_marker_child
[2024-11-11T19:41:42.121+0000] {logging_mixin.py:190} INFO - [2024-11-11T19:41:42.121+0000] {override.py:1911} INFO - Created Permission View: can delete on DAG Run:example_external_task_marker_child
[2024-11-11T19:41:42.134+0000] {logging_mixin.py:190} INFO - [2024-11-11T19:41:42.134+0000] {override.py:1911} INFO - Created Permission View: can create on DAG Run:example_external_task_marker_child
[2024-11-11T19:41:42.149+0000] {logging_mixin.py:190} INFO - [2024-11-11T19:41:42.149+0000] {override.py:1911} INFO - Created Permission View: menu access on DAG Run:example_external_task_marker_child
[2024-11-11T19:41:42.161+0000] {logging_mixin.py:190} INFO - [2024-11-11T19:41:42.161+0000] {override.py:1911} INFO - Created Permission View: can read on DAG Run:example_external_task_marker_child
[2024-11-11T19:41:42.162+0000] {logging_mixin.py:190} INFO - [2024-11-11T19:41:42.162+0000] {dag.py:3239} INFO - Sync 2 DAGs
[2024-11-11T19:41:42.188+0000] {logging_mixin.py:190} INFO - [2024-11-11T19:41:42.187+0000] {dag.py:3262} INFO - Creating ORM DAG for example_external_task_marker_child
[2024-11-11T19:41:42.190+0000] {logging_mixin.py:190} INFO - [2024-11-11T19:41:42.189+0000] {dag.py:3262} INFO - Creating ORM DAG for example_external_task_marker_parent
[2024-11-11T19:41:42.191+0000] {logging_mixin.py:190} INFO - [2024-11-11T19:41:42.190+0000] {dag.py:4180} INFO - Setting next_dagrun for example_external_task_marker_child to None, run_after=None
[2024-11-11T19:41:42.192+0000] {logging_mixin.py:190} INFO - [2024-11-11T19:41:42.191+0000] {dag.py:4180} INFO - Setting next_dagrun for example_external_task_marker_parent to None, run_after=None
[2024-11-11T19:41:42.224+0000] {processor.py:208} INFO - Processing /home/airflow/.local/lib/python3.12/site-packages/airflow/example_dags/example_external_task_marker_dag.py took 0.470 seconds
[2024-11-11T19:42:13.190+0000] {processor.py:186} INFO - Started process (PID=658) to work on /home/airflow/.local/lib/python3.12/site-packages/airflow/example_dags/example_external_task_marker_dag.py
[2024-11-11T19:42:13.192+0000] {processor.py:914} INFO - Processing file /home/airflow/.local/lib/python3.12/site-packages/airflow/example_dags/example_external_task_marker_dag.py for tasks to queue
[2024-11-11T19:42:13.195+0000] {logging_mixin.py:190} INFO - [2024-11-11T19:42:13.194+0000] {dagbag.py:588} INFO - Filling up the DagBag from /home/airflow/.local/lib/python3.12/site-packages/airflow/example_dags/example_external_task_marker_dag.py
[2024-11-11T19:42:13.210+0000] {processor.py:925} INFO - DAG(s) 'example_external_task_marker_parent', 'example_external_task_marker_child' retrieved from /home/airflow/.local/lib/python3.12/site-packages/airflow/example_dags/example_external_task_marker_dag.py
[2024-11-11T19:42:13.246+0000] {logging_mixin.py:190} INFO - [2024-11-11T19:42:13.246+0000] {dag.py:3239} INFO - Sync 2 DAGs
[2024-11-11T19:42:13.273+0000] {logging_mixin.py:190} INFO - [2024-11-11T19:42:13.272+0000] {dag.py:4180} INFO - Setting next_dagrun for example_external_task_marker_child to None, run_after=None
[2024-11-11T19:42:13.279+0000] {logging_mixin.py:190} INFO - [2024-11-11T19:42:13.278+0000] {dag.py:4180} INFO - Setting next_dagrun for example_external_task_marker_parent to None, run_after=None
[2024-11-11T19:42:13.308+0000] {processor.py:208} INFO - Processing /home/airflow/.local/lib/python3.12/site-packages/airflow/example_dags/example_external_task_marker_dag.py took 0.128 seconds
[2024-11-11T19:42:45.392+0000] {processor.py:186} INFO - Started process (PID=950) to work on /home/airflow/.local/lib/python3.12/site-packages/airflow/example_dags/example_external_task_marker_dag.py
[2024-11-11T19:42:45.393+0000] {processor.py:914} INFO - Processing file /home/airflow/.local/lib/python3.12/site-packages/airflow/example_dags/example_external_task_marker_dag.py for tasks to queue
[2024-11-11T19:42:45.396+0000] {logging_mixin.py:190} INFO - [2024-11-11T19:42:45.396+0000] {dagbag.py:588} INFO - Filling up the DagBag from /home/airflow/.local/lib/python3.12/site-packages/airflow/example_dags/example_external_task_marker_dag.py
[2024-11-11T19:42:45.408+0000] {processor.py:925} INFO - DAG(s) 'example_external_task_marker_parent', 'example_external_task_marker_child' retrieved from /home/airflow/.local/lib/python3.12/site-packages/airflow/example_dags/example_external_task_marker_dag.py
[2024-11-11T19:42:45.447+0000] {logging_mixin.py:190} INFO - [2024-11-11T19:42:45.447+0000] {dag.py:3239} INFO - Sync 2 DAGs
[2024-11-11T19:42:45.472+0000] {logging_mixin.py:190} INFO - [2024-11-11T19:42:45.472+0000] {dag.py:4180} INFO - Setting next_dagrun for example_external_task_marker_child to None, run_after=None
[2024-11-11T19:42:45.479+0000] {logging_mixin.py:190} INFO - [2024-11-11T19:42:45.478+0000] {dag.py:4180} INFO - Setting next_dagrun for example_external_task_marker_parent to None, run_after=None
[2024-11-11T19:42:45.516+0000] {processor.py:208} INFO - Processing /home/airflow/.local/lib/python3.12/site-packages/airflow/example_dags/example_external_task_marker_dag.py took 0.134 seconds
[2024-11-11T19:43:17.016+0000] {processor.py:186} INFO - Started process (PID=1241) to work on /home/airflow/.local/lib/python3.12/site-packages/airflow/example_dags/example_external_task_marker_dag.py
[2024-11-11T19:43:17.018+0000] {processor.py:914} INFO - Processing file /home/airflow/.local/lib/python3.12/site-packages/airflow/example_dags/example_external_task_marker_dag.py for tasks to queue
[2024-11-11T19:43:17.026+0000] {logging_mixin.py:190} INFO - [2024-11-11T19:43:17.023+0000] {dagbag.py:588} INFO - Filling up the DagBag from /home/airflow/.local/lib/python3.12/site-packages/airflow/example_dags/example_external_task_marker_dag.py
[2024-11-11T19:43:17.042+0000] {processor.py:925} INFO - DAG(s) 'example_external_task_marker_child', 'example_external_task_marker_parent' retrieved from /home/airflow/.local/lib/python3.12/site-packages/airflow/example_dags/example_external_task_marker_dag.py
[2024-11-11T19:43:17.086+0000] {logging_mixin.py:190} INFO - [2024-11-11T19:43:17.085+0000] {dag.py:3239} INFO - Sync 2 DAGs
[2024-11-11T19:43:17.111+0000] {logging_mixin.py:190} INFO - [2024-11-11T19:43:17.110+0000] {dag.py:4180} INFO - Setting next_dagrun for example_external_task_marker_child to None, run_after=None
[2024-11-11T19:43:17.117+0000] {logging_mixin.py:190} INFO - [2024-11-11T19:43:17.116+0000] {dag.py:4180} INFO - Setting next_dagrun for example_external_task_marker_parent to None, run_after=None
[2024-11-11T19:43:17.148+0000] {processor.py:208} INFO - Processing /home/airflow/.local/lib/python3.12/site-packages/airflow/example_dags/example_external_task_marker_dag.py took 0.151 seconds
[2024-11-11T19:43:47.824+0000] {processor.py:186} INFO - Started process (PID=1527) to work on /home/airflow/.local/lib/python3.12/site-packages/airflow/example_dags/example_external_task_marker_dag.py
[2024-11-11T19:43:47.826+0000] {processor.py:914} INFO - Processing file /home/airflow/.local/lib/python3.12/site-packages/airflow/example_dags/example_external_task_marker_dag.py for tasks to queue
[2024-11-11T19:43:47.831+0000] {logging_mixin.py:190} INFO - [2024-11-11T19:43:47.830+0000] {dagbag.py:588} INFO - Filling up the DagBag from /home/airflow/.local/lib/python3.12/site-packages/airflow/example_dags/example_external_task_marker_dag.py
[2024-11-11T19:43:47.851+0000] {processor.py:925} INFO - DAG(s) 'example_external_task_marker_child', 'example_external_task_marker_parent' retrieved from /home/airflow/.local/lib/python3.12/site-packages/airflow/example_dags/example_external_task_marker_dag.py
[2024-11-11T19:43:47.936+0000] {logging_mixin.py:190} INFO - [2024-11-11T19:43:47.936+0000] {dag.py:3239} INFO - Sync 2 DAGs
[2024-11-11T19:43:47.997+0000] {logging_mixin.py:190} INFO - [2024-11-11T19:43:47.997+0000] {dag.py:4180} INFO - Setting next_dagrun for example_external_task_marker_child to None, run_after=None
[2024-11-11T19:43:48.012+0000] {logging_mixin.py:190} INFO - [2024-11-11T19:43:48.012+0000] {dag.py:4180} INFO - Setting next_dagrun for example_external_task_marker_parent to None, run_after=None
[2024-11-11T19:43:48.082+0000] {processor.py:208} INFO - Processing /home/airflow/.local/lib/python3.12/site-packages/airflow/example_dags/example_external_task_marker_dag.py took 0.272 seconds
[2024-11-11T19:44:20.385+0000] {processor.py:186} INFO - Started process (PID=1818) to work on /home/airflow/.local/lib/python3.12/site-packages/airflow/example_dags/example_external_task_marker_dag.py
[2024-11-11T19:44:20.389+0000] {processor.py:914} INFO - Processing file /home/airflow/.local/lib/python3.12/site-packages/airflow/example_dags/example_external_task_marker_dag.py for tasks to queue
[2024-11-11T19:44:20.400+0000] {logging_mixin.py:190} INFO - [2024-11-11T19:44:20.399+0000] {dagbag.py:588} INFO - Filling up the DagBag from /home/airflow/.local/lib/python3.12/site-packages/airflow/example_dags/example_external_task_marker_dag.py
[2024-11-11T19:44:20.433+0000] {processor.py:925} INFO - DAG(s) 'example_external_task_marker_child', 'example_external_task_marker_parent' retrieved from /home/airflow/.local/lib/python3.12/site-packages/airflow/example_dags/example_external_task_marker_dag.py
[2024-11-11T19:44:20.536+0000] {logging_mixin.py:190} INFO - [2024-11-11T19:44:20.535+0000] {dag.py:3239} INFO - Sync 2 DAGs
[2024-11-11T19:44:20.599+0000] {logging_mixin.py:190} INFO - [2024-11-11T19:44:20.598+0000] {dag.py:4180} INFO - Setting next_dagrun for example_external_task_marker_child to None, run_after=None
[2024-11-11T19:44:20.610+0000] {logging_mixin.py:190} INFO - [2024-11-11T19:44:20.610+0000] {dag.py:4180} INFO - Setting next_dagrun for example_external_task_marker_parent to None, run_after=None
[2024-11-11T19:44:20.661+0000] {processor.py:208} INFO - Processing /home/airflow/.local/lib/python3.12/site-packages/airflow/example_dags/example_external_task_marker_dag.py took 0.314 seconds
[2024-11-11T19:44:50.764+0000] {processor.py:186} INFO - Started process (PID=2104) to work on /home/airflow/.local/lib/python3.12/site-packages/airflow/example_dags/example_external_task_marker_dag.py
[2024-11-11T19:44:50.766+0000] {processor.py:914} INFO - Processing file /home/airflow/.local/lib/python3.12/site-packages/airflow/example_dags/example_external_task_marker_dag.py for tasks to queue
[2024-11-11T19:44:50.771+0000] {logging_mixin.py:190} INFO - [2024-11-11T19:44:50.771+0000] {dagbag.py:588} INFO - Filling up the DagBag from /home/airflow/.local/lib/python3.12/site-packages/airflow/example_dags/example_external_task_marker_dag.py
[2024-11-11T19:44:50.788+0000] {processor.py:925} INFO - DAG(s) 'example_external_task_marker_child', 'example_external_task_marker_parent' retrieved from /home/airflow/.local/lib/python3.12/site-packages/airflow/example_dags/example_external_task_marker_dag.py
[2024-11-11T19:44:50.831+0000] {logging_mixin.py:190} INFO - [2024-11-11T19:44:50.830+0000] {dag.py:3239} INFO - Sync 2 DAGs
[2024-11-11T19:44:50.856+0000] {logging_mixin.py:190} INFO - [2024-11-11T19:44:50.855+0000] {dag.py:4180} INFO - Setting next_dagrun for example_external_task_marker_child to None, run_after=None
[2024-11-11T19:44:50.862+0000] {logging_mixin.py:190} INFO - [2024-11-11T19:44:50.861+0000] {dag.py:4180} INFO - Setting next_dagrun for example_external_task_marker_parent to None, run_after=None
[2024-11-11T19:44:50.890+0000] {processor.py:208} INFO - Processing /home/airflow/.local/lib/python3.12/site-packages/airflow/example_dags/example_external_task_marker_dag.py took 0.140 seconds
[2024-11-11T19:45:21.140+0000] {processor.py:186} INFO - Started process (PID=2392) to work on /home/airflow/.local/lib/python3.12/site-packages/airflow/example_dags/example_external_task_marker_dag.py
[2024-11-11T19:45:21.142+0000] {processor.py:914} INFO - Processing file /home/airflow/.local/lib/python3.12/site-packages/airflow/example_dags/example_external_task_marker_dag.py for tasks to queue
[2024-11-11T19:45:21.145+0000] {logging_mixin.py:190} INFO - [2024-11-11T19:45:21.145+0000] {dagbag.py:588} INFO - Filling up the DagBag from /home/airflow/.local/lib/python3.12/site-packages/airflow/example_dags/example_external_task_marker_dag.py
[2024-11-11T19:45:21.157+0000] {processor.py:925} INFO - DAG(s) 'example_external_task_marker_parent', 'example_external_task_marker_child' retrieved from /home/airflow/.local/lib/python3.12/site-packages/airflow/example_dags/example_external_task_marker_dag.py
[2024-11-11T19:45:21.193+0000] {logging_mixin.py:190} INFO - [2024-11-11T19:45:21.192+0000] {dag.py:3239} INFO - Sync 2 DAGs
[2024-11-11T19:45:21.217+0000] {logging_mixin.py:190} INFO - [2024-11-11T19:45:21.216+0000] {dag.py:4180} INFO - Setting next_dagrun for example_external_task_marker_child to None, run_after=None
[2024-11-11T19:45:21.222+0000] {logging_mixin.py:190} INFO - [2024-11-11T19:45:21.222+0000] {dag.py:4180} INFO - Setting next_dagrun for example_external_task_marker_parent to None, run_after=None
[2024-11-11T19:45:21.248+0000] {processor.py:208} INFO - Processing /home/airflow/.local/lib/python3.12/site-packages/airflow/example_dags/example_external_task_marker_dag.py took 0.117 seconds
[2024-11-11T19:45:52.054+0000] {processor.py:186} INFO - Started process (PID=2683) to work on /home/airflow/.local/lib/python3.12/site-packages/airflow/example_dags/example_external_task_marker_dag.py
[2024-11-11T19:45:52.059+0000] {processor.py:914} INFO - Processing file /home/airflow/.local/lib/python3.12/site-packages/airflow/example_dags/example_external_task_marker_dag.py for tasks to queue
[2024-11-11T19:45:52.069+0000] {logging_mixin.py:190} INFO - [2024-11-11T19:45:52.068+0000] {dagbag.py:588} INFO - Filling up the DagBag from /home/airflow/.local/lib/python3.12/site-packages/airflow/example_dags/example_external_task_marker_dag.py
[2024-11-11T19:45:52.113+0000] {processor.py:925} INFO - DAG(s) 'example_external_task_marker_parent', 'example_external_task_marker_child' retrieved from /home/airflow/.local/lib/python3.12/site-packages/airflow/example_dags/example_external_task_marker_dag.py
[2024-11-11T19:45:52.227+0000] {logging_mixin.py:190} INFO - [2024-11-11T19:45:52.226+0000] {dag.py:3239} INFO - Sync 2 DAGs
[2024-11-11T19:45:52.279+0000] {logging_mixin.py:190} INFO - [2024-11-11T19:45:52.278+0000] {dag.py:4180} INFO - Setting next_dagrun for example_external_task_marker_child to None, run_after=None
[2024-11-11T19:45:52.290+0000] {logging_mixin.py:190} INFO - [2024-11-11T19:45:52.290+0000] {dag.py:4180} INFO - Setting next_dagrun for example_external_task_marker_parent to None, run_after=None
[2024-11-11T19:45:52.340+0000] {processor.py:208} INFO - Processing /home/airflow/.local/lib/python3.12/site-packages/airflow/example_dags/example_external_task_marker_dag.py took 0.314 seconds
[2024-11-11T19:46:22.459+0000] {processor.py:186} INFO - Started process (PID=2974) to work on /home/airflow/.local/lib/python3.12/site-packages/airflow/example_dags/example_external_task_marker_dag.py
[2024-11-11T19:46:22.463+0000] {processor.py:914} INFO - Processing file /home/airflow/.local/lib/python3.12/site-packages/airflow/example_dags/example_external_task_marker_dag.py for tasks to queue
[2024-11-11T19:46:22.471+0000] {logging_mixin.py:190} INFO - [2024-11-11T19:46:22.470+0000] {dagbag.py:588} INFO - Filling up the DagBag from /home/airflow/.local/lib/python3.12/site-packages/airflow/example_dags/example_external_task_marker_dag.py
[2024-11-11T19:46:22.507+0000] {processor.py:925} INFO - DAG(s) 'example_external_task_marker_child', 'example_external_task_marker_parent' retrieved from /home/airflow/.local/lib/python3.12/site-packages/airflow/example_dags/example_external_task_marker_dag.py
[2024-11-11T19:46:22.606+0000] {logging_mixin.py:190} INFO - [2024-11-11T19:46:22.605+0000] {dag.py:3239} INFO - Sync 2 DAGs
[2024-11-11T19:46:22.666+0000] {logging_mixin.py:190} INFO - [2024-11-11T19:46:22.665+0000] {dag.py:4180} INFO - Setting next_dagrun for example_external_task_marker_child to None, run_after=None
[2024-11-11T19:46:22.676+0000] {logging_mixin.py:190} INFO - [2024-11-11T19:46:22.676+0000] {dag.py:4180} INFO - Setting next_dagrun for example_external_task_marker_parent to None, run_after=None
[2024-11-11T19:46:22.723+0000] {processor.py:208} INFO - Processing /home/airflow/.local/lib/python3.12/site-packages/airflow/example_dags/example_external_task_marker_dag.py took 0.294 seconds
[2024-11-11T19:46:53.039+0000] {processor.py:186} INFO - Started process (PID=3265) to work on /home/airflow/.local/lib/python3.12/site-packages/airflow/example_dags/example_external_task_marker_dag.py
[2024-11-11T19:46:53.046+0000] {processor.py:914} INFO - Processing file /home/airflow/.local/lib/python3.12/site-packages/airflow/example_dags/example_external_task_marker_dag.py for tasks to queue
[2024-11-11T19:46:53.056+0000] {logging_mixin.py:190} INFO - [2024-11-11T19:46:53.055+0000] {dagbag.py:588} INFO - Filling up the DagBag from /home/airflow/.local/lib/python3.12/site-packages/airflow/example_dags/example_external_task_marker_dag.py
[2024-11-11T19:46:53.088+0000] {processor.py:925} INFO - DAG(s) 'example_external_task_marker_child', 'example_external_task_marker_parent' retrieved from /home/airflow/.local/lib/python3.12/site-packages/airflow/example_dags/example_external_task_marker_dag.py
[2024-11-11T19:46:53.148+0000] {logging_mixin.py:190} INFO - [2024-11-11T19:46:53.147+0000] {dag.py:3239} INFO - Sync 2 DAGs
[2024-11-11T19:46:53.181+0000] {logging_mixin.py:190} INFO - [2024-11-11T19:46:53.181+0000] {dag.py:4180} INFO - Setting next_dagrun for example_external_task_marker_child to None, run_after=None
[2024-11-11T19:46:53.188+0000] {logging_mixin.py:190} INFO - [2024-11-11T19:46:53.187+0000] {dag.py:4180} INFO - Setting next_dagrun for example_external_task_marker_parent to None, run_after=None
[2024-11-11T19:46:53.228+0000] {processor.py:208} INFO - Processing /home/airflow/.local/lib/python3.12/site-packages/airflow/example_dags/example_external_task_marker_dag.py took 0.225 seconds
[2024-11-11T19:47:23.431+0000] {processor.py:186} INFO - Started process (PID=3557) to work on /home/airflow/.local/lib/python3.12/site-packages/airflow/example_dags/example_external_task_marker_dag.py
[2024-11-11T19:47:23.436+0000] {processor.py:914} INFO - Processing file /home/airflow/.local/lib/python3.12/site-packages/airflow/example_dags/example_external_task_marker_dag.py for tasks to queue
[2024-11-11T19:47:23.445+0000] {logging_mixin.py:190} INFO - [2024-11-11T19:47:23.443+0000] {dagbag.py:588} INFO - Filling up the DagBag from /home/airflow/.local/lib/python3.12/site-packages/airflow/example_dags/example_external_task_marker_dag.py
[2024-11-11T19:47:23.482+0000] {processor.py:925} INFO - DAG(s) 'example_external_task_marker_child', 'example_external_task_marker_parent' retrieved from /home/airflow/.local/lib/python3.12/site-packages/airflow/example_dags/example_external_task_marker_dag.py
[2024-11-11T19:47:23.586+0000] {logging_mixin.py:190} INFO - [2024-11-11T19:47:23.585+0000] {dag.py:3239} INFO - Sync 2 DAGs
[2024-11-11T19:47:23.632+0000] {logging_mixin.py:190} INFO - [2024-11-11T19:47:23.631+0000] {dag.py:4180} INFO - Setting next_dagrun for example_external_task_marker_child to None, run_after=None
[2024-11-11T19:47:23.640+0000] {logging_mixin.py:190} INFO - [2024-11-11T19:47:23.640+0000] {dag.py:4180} INFO - Setting next_dagrun for example_external_task_marker_parent to None, run_after=None
[2024-11-11T19:47:23.685+0000] {processor.py:208} INFO - Processing /home/airflow/.local/lib/python3.12/site-packages/airflow/example_dags/example_external_task_marker_dag.py took 0.283 seconds
[2024-11-11T19:47:54.015+0000] {processor.py:186} INFO - Started process (PID=3847) to work on /home/airflow/.local/lib/python3.12/site-packages/airflow/example_dags/example_external_task_marker_dag.py
[2024-11-11T19:47:54.023+0000] {processor.py:914} INFO - Processing file /home/airflow/.local/lib/python3.12/site-packages/airflow/example_dags/example_external_task_marker_dag.py for tasks to queue
[2024-11-11T19:47:54.032+0000] {logging_mixin.py:190} INFO - [2024-11-11T19:47:54.030+0000] {dagbag.py:588} INFO - Filling up the DagBag from /home/airflow/.local/lib/python3.12/site-packages/airflow/example_dags/example_external_task_marker_dag.py
[2024-11-11T19:47:54.073+0000] {processor.py:925} INFO - DAG(s) 'example_external_task_marker_child', 'example_external_task_marker_parent' retrieved from /home/airflow/.local/lib/python3.12/site-packages/airflow/example_dags/example_external_task_marker_dag.py
[2024-11-11T19:47:54.217+0000] {logging_mixin.py:190} INFO - [2024-11-11T19:47:54.216+0000] {dag.py:3239} INFO - Sync 2 DAGs
[2024-11-11T19:47:54.283+0000] {logging_mixin.py:190} INFO - [2024-11-11T19:47:54.282+0000] {dag.py:4180} INFO - Setting next_dagrun for example_external_task_marker_child to None, run_after=None
[2024-11-11T19:47:54.297+0000] {logging_mixin.py:190} INFO - [2024-11-11T19:47:54.297+0000] {dag.py:4180} INFO - Setting next_dagrun for example_external_task_marker_parent to None, run_after=None
[2024-11-11T19:47:54.369+0000] {processor.py:208} INFO - Processing /home/airflow/.local/lib/python3.12/site-packages/airflow/example_dags/example_external_task_marker_dag.py took 0.379 seconds
[2024-11-11T19:48:24.457+0000] {processor.py:186} INFO - Started process (PID=4135) to work on /home/airflow/.local/lib/python3.12/site-packages/airflow/example_dags/example_external_task_marker_dag.py
[2024-11-11T19:48:24.459+0000] {processor.py:914} INFO - Processing file /home/airflow/.local/lib/python3.12/site-packages/airflow/example_dags/example_external_task_marker_dag.py for tasks to queue
[2024-11-11T19:48:24.464+0000] {logging_mixin.py:190} INFO - [2024-11-11T19:48:24.463+0000] {dagbag.py:588} INFO - Filling up the DagBag from /home/airflow/.local/lib/python3.12/site-packages/airflow/example_dags/example_external_task_marker_dag.py
[2024-11-11T19:48:24.479+0000] {processor.py:925} INFO - DAG(s) 'example_external_task_marker_child', 'example_external_task_marker_parent' retrieved from /home/airflow/.local/lib/python3.12/site-packages/airflow/example_dags/example_external_task_marker_dag.py
[2024-11-11T19:48:24.525+0000] {logging_mixin.py:190} INFO - [2024-11-11T19:48:24.525+0000] {dag.py:3239} INFO - Sync 2 DAGs
[2024-11-11T19:48:24.577+0000] {logging_mixin.py:190} INFO - [2024-11-11T19:48:24.577+0000] {dag.py:4180} INFO - Setting next_dagrun for example_external_task_marker_child to None, run_after=None
[2024-11-11T19:48:24.590+0000] {logging_mixin.py:190} INFO - [2024-11-11T19:48:24.589+0000] {dag.py:4180} INFO - Setting next_dagrun for example_external_task_marker_parent to None, run_after=None
[2024-11-11T19:48:24.641+0000] {processor.py:208} INFO - Processing /home/airflow/.local/lib/python3.12/site-packages/airflow/example_dags/example_external_task_marker_dag.py took 0.197 seconds
[2024-11-11T19:48:54.886+0000] {processor.py:186} INFO - Started process (PID=4426) to work on /home/airflow/.local/lib/python3.12/site-packages/airflow/example_dags/example_external_task_marker_dag.py
[2024-11-11T19:48:54.889+0000] {processor.py:914} INFO - Processing file /home/airflow/.local/lib/python3.12/site-packages/airflow/example_dags/example_external_task_marker_dag.py for tasks to queue
[2024-11-11T19:48:54.895+0000] {logging_mixin.py:190} INFO - [2024-11-11T19:48:54.894+0000] {dagbag.py:588} INFO - Filling up the DagBag from /home/airflow/.local/lib/python3.12/site-packages/airflow/example_dags/example_external_task_marker_dag.py
[2024-11-11T19:48:54.927+0000] {processor.py:925} INFO - DAG(s) 'example_external_task_marker_parent', 'example_external_task_marker_child' retrieved from /home/airflow/.local/lib/python3.12/site-packages/airflow/example_dags/example_external_task_marker_dag.py
[2024-11-11T19:48:55.029+0000] {logging_mixin.py:190} INFO - [2024-11-11T19:48:55.028+0000] {dag.py:3239} INFO - Sync 2 DAGs
[2024-11-11T19:48:55.088+0000] {logging_mixin.py:190} INFO - [2024-11-11T19:48:55.087+0000] {dag.py:4180} INFO - Setting next_dagrun for example_external_task_marker_child to None, run_after=None
[2024-11-11T19:48:55.105+0000] {logging_mixin.py:190} INFO - [2024-11-11T19:48:55.104+0000] {dag.py:4180} INFO - Setting next_dagrun for example_external_task_marker_parent to None, run_after=None
[2024-11-11T19:48:55.147+0000] {processor.py:208} INFO - Processing /home/airflow/.local/lib/python3.12/site-packages/airflow/example_dags/example_external_task_marker_dag.py took 0.280 seconds
[2024-11-11T19:49:26.154+0000] {processor.py:186} INFO - Started process (PID=4717) to work on /home/airflow/.local/lib/python3.12/site-packages/airflow/example_dags/example_external_task_marker_dag.py
[2024-11-11T19:49:26.156+0000] {processor.py:914} INFO - Processing file /home/airflow/.local/lib/python3.12/site-packages/airflow/example_dags/example_external_task_marker_dag.py for tasks to queue
[2024-11-11T19:49:26.162+0000] {logging_mixin.py:190} INFO - [2024-11-11T19:49:26.161+0000] {dagbag.py:588} INFO - Filling up the DagBag from /home/airflow/.local/lib/python3.12/site-packages/airflow/example_dags/example_external_task_marker_dag.py
[2024-11-11T19:49:26.186+0000] {processor.py:925} INFO - DAG(s) 'example_external_task_marker_parent', 'example_external_task_marker_child' retrieved from /home/airflow/.local/lib/python3.12/site-packages/airflow/example_dags/example_external_task_marker_dag.py
[2024-11-11T19:49:26.272+0000] {logging_mixin.py:190} INFO - [2024-11-11T19:49:26.271+0000] {dag.py:3239} INFO - Sync 2 DAGs
[2024-11-11T19:49:26.338+0000] {logging_mixin.py:190} INFO - [2024-11-11T19:49:26.337+0000] {dag.py:4180} INFO - Setting next_dagrun for example_external_task_marker_child to None, run_after=None
[2024-11-11T19:49:26.352+0000] {logging_mixin.py:190} INFO - [2024-11-11T19:49:26.351+0000] {dag.py:4180} INFO - Setting next_dagrun for example_external_task_marker_parent to None, run_after=None
[2024-11-11T19:49:26.471+0000] {processor.py:208} INFO - Processing /home/airflow/.local/lib/python3.12/site-packages/airflow/example_dags/example_external_task_marker_dag.py took 0.331 seconds
[2024-11-11T19:49:56.736+0000] {processor.py:186} INFO - Started process (PID=5008) to work on /home/airflow/.local/lib/python3.12/site-packages/airflow/example_dags/example_external_task_marker_dag.py
[2024-11-11T19:49:56.748+0000] {processor.py:914} INFO - Processing file /home/airflow/.local/lib/python3.12/site-packages/airflow/example_dags/example_external_task_marker_dag.py for tasks to queue
[2024-11-11T19:49:56.763+0000] {logging_mixin.py:190} INFO - [2024-11-11T19:49:56.756+0000] {dagbag.py:588} INFO - Filling up the DagBag from /home/airflow/.local/lib/python3.12/site-packages/airflow/example_dags/example_external_task_marker_dag.py
[2024-11-11T19:49:56.806+0000] {processor.py:925} INFO - DAG(s) 'example_external_task_marker_parent', 'example_external_task_marker_child' retrieved from /home/airflow/.local/lib/python3.12/site-packages/airflow/example_dags/example_external_task_marker_dag.py
[2024-11-11T19:49:56.921+0000] {logging_mixin.py:190} INFO - [2024-11-11T19:49:56.920+0000] {dag.py:3239} INFO - Sync 2 DAGs
[2024-11-11T19:49:57.017+0000] {logging_mixin.py:190} INFO - [2024-11-11T19:49:57.016+0000] {dag.py:4180} INFO - Setting next_dagrun for example_external_task_marker_child to None, run_after=None
[2024-11-11T19:49:57.029+0000] {logging_mixin.py:190} INFO - [2024-11-11T19:49:57.029+0000] {dag.py:4180} INFO - Setting next_dagrun for example_external_task_marker_parent to None, run_after=None
[2024-11-11T19:49:57.078+0000] {processor.py:208} INFO - Processing /home/airflow/.local/lib/python3.12/site-packages/airflow/example_dags/example_external_task_marker_dag.py took 0.365 seconds
[2024-11-11T19:50:30.460+0000] {processor.py:186} INFO - Started process (PID=5299) to work on /home/airflow/.local/lib/python3.12/site-packages/airflow/example_dags/example_external_task_marker_dag.py
[2024-11-11T19:50:30.462+0000] {processor.py:914} INFO - Processing file /home/airflow/.local/lib/python3.12/site-packages/airflow/example_dags/example_external_task_marker_dag.py for tasks to queue
[2024-11-11T19:50:30.465+0000] {logging_mixin.py:190} INFO - [2024-11-11T19:50:30.465+0000] {dagbag.py:588} INFO - Filling up the DagBag from /home/airflow/.local/lib/python3.12/site-packages/airflow/example_dags/example_external_task_marker_dag.py
[2024-11-11T19:50:30.478+0000] {processor.py:925} INFO - DAG(s) 'example_external_task_marker_child', 'example_external_task_marker_parent' retrieved from /home/airflow/.local/lib/python3.12/site-packages/airflow/example_dags/example_external_task_marker_dag.py
[2024-11-11T19:50:30.530+0000] {logging_mixin.py:190} INFO - [2024-11-11T19:50:30.530+0000] {dag.py:3239} INFO - Sync 2 DAGs
[2024-11-11T19:50:30.587+0000] {logging_mixin.py:190} INFO - [2024-11-11T19:50:30.586+0000] {dag.py:4180} INFO - Setting next_dagrun for example_external_task_marker_child to None, run_after=None
[2024-11-11T19:50:30.601+0000] {logging_mixin.py:190} INFO - [2024-11-11T19:50:30.600+0000] {dag.py:4180} INFO - Setting next_dagrun for example_external_task_marker_parent to None, run_after=None
[2024-11-11T19:50:30.668+0000] {processor.py:208} INFO - Processing /home/airflow/.local/lib/python3.12/site-packages/airflow/example_dags/example_external_task_marker_dag.py took 0.218 seconds
[2024-11-11T19:51:01.132+0000] {processor.py:186} INFO - Started process (PID=5585) to work on /home/airflow/.local/lib/python3.12/site-packages/airflow/example_dags/example_external_task_marker_dag.py
[2024-11-11T19:51:01.134+0000] {processor.py:914} INFO - Processing file /home/airflow/.local/lib/python3.12/site-packages/airflow/example_dags/example_external_task_marker_dag.py for tasks to queue
[2024-11-11T19:51:01.138+0000] {logging_mixin.py:190} INFO - [2024-11-11T19:51:01.138+0000] {dagbag.py:588} INFO - Filling up the DagBag from /home/airflow/.local/lib/python3.12/site-packages/airflow/example_dags/example_external_task_marker_dag.py
[2024-11-11T19:51:01.157+0000] {processor.py:925} INFO - DAG(s) 'example_external_task_marker_parent', 'example_external_task_marker_child' retrieved from /home/airflow/.local/lib/python3.12/site-packages/airflow/example_dags/example_external_task_marker_dag.py
[2024-11-11T19:51:01.226+0000] {logging_mixin.py:190} INFO - [2024-11-11T19:51:01.225+0000] {dag.py:3239} INFO - Sync 2 DAGs
[2024-11-11T19:51:01.272+0000] {logging_mixin.py:190} INFO - [2024-11-11T19:51:01.272+0000] {dag.py:4180} INFO - Setting next_dagrun for example_external_task_marker_child to None, run_after=None
[2024-11-11T19:51:01.281+0000] {logging_mixin.py:190} INFO - [2024-11-11T19:51:01.281+0000] {dag.py:4180} INFO - Setting next_dagrun for example_external_task_marker_parent to None, run_after=None
[2024-11-11T19:51:01.320+0000] {processor.py:208} INFO - Processing /home/airflow/.local/lib/python3.12/site-packages/airflow/example_dags/example_external_task_marker_dag.py took 0.200 seconds
[2024-11-11T19:51:31.736+0000] {processor.py:186} INFO - Started process (PID=5877) to work on /home/airflow/.local/lib/python3.12/site-packages/airflow/example_dags/example_external_task_marker_dag.py
[2024-11-11T19:51:31.738+0000] {processor.py:914} INFO - Processing file /home/airflow/.local/lib/python3.12/site-packages/airflow/example_dags/example_external_task_marker_dag.py for tasks to queue
[2024-11-11T19:51:31.743+0000] {logging_mixin.py:190} INFO - [2024-11-11T19:51:31.742+0000] {dagbag.py:588} INFO - Filling up the DagBag from /home/airflow/.local/lib/python3.12/site-packages/airflow/example_dags/example_external_task_marker_dag.py
[2024-11-11T19:51:31.761+0000] {processor.py:925} INFO - DAG(s) 'example_external_task_marker_child', 'example_external_task_marker_parent' retrieved from /home/airflow/.local/lib/python3.12/site-packages/airflow/example_dags/example_external_task_marker_dag.py
[2024-11-11T19:51:31.814+0000] {logging_mixin.py:190} INFO - [2024-11-11T19:51:31.814+0000] {dag.py:3239} INFO - Sync 2 DAGs
[2024-11-11T19:51:31.850+0000] {logging_mixin.py:190} INFO - [2024-11-11T19:51:31.849+0000] {dag.py:4180} INFO - Setting next_dagrun for example_external_task_marker_child to None, run_after=None
[2024-11-11T19:51:31.859+0000] {logging_mixin.py:190} INFO - [2024-11-11T19:51:31.858+0000] {dag.py:4180} INFO - Setting next_dagrun for example_external_task_marker_parent to None, run_after=None
[2024-11-11T19:51:31.899+0000] {processor.py:208} INFO - Processing /home/airflow/.local/lib/python3.12/site-packages/airflow/example_dags/example_external_task_marker_dag.py took 0.178 seconds
[2024-11-11T19:52:02.720+0000] {processor.py:186} INFO - Started process (PID=6168) to work on /home/airflow/.local/lib/python3.12/site-packages/airflow/example_dags/example_external_task_marker_dag.py
[2024-11-11T19:52:02.722+0000] {processor.py:914} INFO - Processing file /home/airflow/.local/lib/python3.12/site-packages/airflow/example_dags/example_external_task_marker_dag.py for tasks to queue
[2024-11-11T19:52:02.726+0000] {logging_mixin.py:190} INFO - [2024-11-11T19:52:02.726+0000] {dagbag.py:588} INFO - Filling up the DagBag from /home/airflow/.local/lib/python3.12/site-packages/airflow/example_dags/example_external_task_marker_dag.py
[2024-11-11T19:52:02.744+0000] {processor.py:925} INFO - DAG(s) 'example_external_task_marker_child', 'example_external_task_marker_parent' retrieved from /home/airflow/.local/lib/python3.12/site-packages/airflow/example_dags/example_external_task_marker_dag.py
[2024-11-11T19:52:02.791+0000] {logging_mixin.py:190} INFO - [2024-11-11T19:52:02.791+0000] {dag.py:3239} INFO - Sync 2 DAGs
[2024-11-11T19:52:02.823+0000] {logging_mixin.py:190} INFO - [2024-11-11T19:52:02.822+0000] {dag.py:4180} INFO - Setting next_dagrun for example_external_task_marker_child to None, run_after=None
[2024-11-11T19:52:02.830+0000] {logging_mixin.py:190} INFO - [2024-11-11T19:52:02.829+0000] {dag.py:4180} INFO - Setting next_dagrun for example_external_task_marker_parent to None, run_after=None
[2024-11-11T19:52:02.865+0000] {processor.py:208} INFO - Processing /home/airflow/.local/lib/python3.12/site-packages/airflow/example_dags/example_external_task_marker_dag.py took 0.159 seconds
[2024-11-11T19:52:32.944+0000] {processor.py:186} INFO - Started process (PID=6459) to work on /home/airflow/.local/lib/python3.12/site-packages/airflow/example_dags/example_external_task_marker_dag.py
[2024-11-11T19:52:32.947+0000] {processor.py:914} INFO - Processing file /home/airflow/.local/lib/python3.12/site-packages/airflow/example_dags/example_external_task_marker_dag.py for tasks to queue
[2024-11-11T19:52:32.953+0000] {logging_mixin.py:190} INFO - [2024-11-11T19:52:32.952+0000] {dagbag.py:588} INFO - Filling up the DagBag from /home/airflow/.local/lib/python3.12/site-packages/airflow/example_dags/example_external_task_marker_dag.py
[2024-11-11T19:52:32.973+0000] {processor.py:925} INFO - DAG(s) 'example_external_task_marker_child', 'example_external_task_marker_parent' retrieved from /home/airflow/.local/lib/python3.12/site-packages/airflow/example_dags/example_external_task_marker_dag.py
[2024-11-11T19:52:33.043+0000] {logging_mixin.py:190} INFO - [2024-11-11T19:52:33.042+0000] {dag.py:3239} INFO - Sync 2 DAGs
[2024-11-11T19:52:33.070+0000] {logging_mixin.py:190} INFO - [2024-11-11T19:52:33.070+0000] {dag.py:4180} INFO - Setting next_dagrun for example_external_task_marker_child to None, run_after=None
[2024-11-11T19:52:33.077+0000] {logging_mixin.py:190} INFO - [2024-11-11T19:52:33.076+0000] {dag.py:4180} INFO - Setting next_dagrun for example_external_task_marker_parent to None, run_after=None
[2024-11-11T19:52:33.103+0000] {processor.py:208} INFO - Processing /home/airflow/.local/lib/python3.12/site-packages/airflow/example_dags/example_external_task_marker_dag.py took 0.173 seconds
[2024-11-11T19:53:04.010+0000] {processor.py:186} INFO - Started process (PID=6750) to work on /home/airflow/.local/lib/python3.12/site-packages/airflow/example_dags/example_external_task_marker_dag.py
[2024-11-11T19:53:04.012+0000] {processor.py:914} INFO - Processing file /home/airflow/.local/lib/python3.12/site-packages/airflow/example_dags/example_external_task_marker_dag.py for tasks to queue
[2024-11-11T19:53:04.016+0000] {logging_mixin.py:190} INFO - [2024-11-11T19:53:04.015+0000] {dagbag.py:588} INFO - Filling up the DagBag from /home/airflow/.local/lib/python3.12/site-packages/airflow/example_dags/example_external_task_marker_dag.py
[2024-11-11T19:53:04.030+0000] {processor.py:925} INFO - DAG(s) 'example_external_task_marker_child', 'example_external_task_marker_parent' retrieved from /home/airflow/.local/lib/python3.12/site-packages/airflow/example_dags/example_external_task_marker_dag.py
[2024-11-11T19:53:04.082+0000] {logging_mixin.py:190} INFO - [2024-11-11T19:53:04.082+0000] {dag.py:3239} INFO - Sync 2 DAGs
[2024-11-11T19:53:04.129+0000] {logging_mixin.py:190} INFO - [2024-11-11T19:53:04.128+0000] {dag.py:4180} INFO - Setting next_dagrun for example_external_task_marker_child to None, run_after=None
[2024-11-11T19:53:04.148+0000] {logging_mixin.py:190} INFO - [2024-11-11T19:53:04.147+0000] {dag.py:4180} INFO - Setting next_dagrun for example_external_task_marker_parent to None, run_after=None
[2024-11-11T19:53:04.250+0000] {processor.py:208} INFO - Processing /home/airflow/.local/lib/python3.12/site-packages/airflow/example_dags/example_external_task_marker_dag.py took 0.252 seconds
[2024-11-11T19:53:34.539+0000] {processor.py:186} INFO - Started process (PID=7041) to work on /home/airflow/.local/lib/python3.12/site-packages/airflow/example_dags/example_external_task_marker_dag.py
[2024-11-11T19:53:34.540+0000] {processor.py:914} INFO - Processing file /home/airflow/.local/lib/python3.12/site-packages/airflow/example_dags/example_external_task_marker_dag.py for tasks to queue
[2024-11-11T19:53:34.543+0000] {logging_mixin.py:190} INFO - [2024-11-11T19:53:34.543+0000] {dagbag.py:588} INFO - Filling up the DagBag from /home/airflow/.local/lib/python3.12/site-packages/airflow/example_dags/example_external_task_marker_dag.py
[2024-11-11T19:53:34.556+0000] {processor.py:925} INFO - DAG(s) 'example_external_task_marker_parent', 'example_external_task_marker_child' retrieved from /home/airflow/.local/lib/python3.12/site-packages/airflow/example_dags/example_external_task_marker_dag.py
[2024-11-11T19:53:34.602+0000] {logging_mixin.py:190} INFO - [2024-11-11T19:53:34.602+0000] {dag.py:3239} INFO - Sync 2 DAGs
[2024-11-11T19:53:34.638+0000] {logging_mixin.py:190} INFO - [2024-11-11T19:53:34.637+0000] {dag.py:4180} INFO - Setting next_dagrun for example_external_task_marker_child to None, run_after=None
[2024-11-11T19:53:34.646+0000] {logging_mixin.py:190} INFO - [2024-11-11T19:53:34.646+0000] {dag.py:4180} INFO - Setting next_dagrun for example_external_task_marker_parent to None, run_after=None
[2024-11-11T19:53:34.687+0000] {processor.py:208} INFO - Processing /home/airflow/.local/lib/python3.12/site-packages/airflow/example_dags/example_external_task_marker_dag.py took 0.159 seconds
[2024-11-11T19:54:04.885+0000] {processor.py:186} INFO - Started process (PID=7330) to work on /home/airflow/.local/lib/python3.12/site-packages/airflow/example_dags/example_external_task_marker_dag.py
[2024-11-11T19:54:04.887+0000] {processor.py:914} INFO - Processing file /home/airflow/.local/lib/python3.12/site-packages/airflow/example_dags/example_external_task_marker_dag.py for tasks to queue
[2024-11-11T19:54:04.892+0000] {logging_mixin.py:190} INFO - [2024-11-11T19:54:04.892+0000] {dagbag.py:588} INFO - Filling up the DagBag from /home/airflow/.local/lib/python3.12/site-packages/airflow/example_dags/example_external_task_marker_dag.py
[2024-11-11T19:54:04.911+0000] {processor.py:925} INFO - DAG(s) 'example_external_task_marker_parent', 'example_external_task_marker_child' retrieved from /home/airflow/.local/lib/python3.12/site-packages/airflow/example_dags/example_external_task_marker_dag.py
[2024-11-11T19:54:04.966+0000] {logging_mixin.py:190} INFO - [2024-11-11T19:54:04.965+0000] {dag.py:3239} INFO - Sync 2 DAGs
[2024-11-11T19:54:05.001+0000] {logging_mixin.py:190} INFO - [2024-11-11T19:54:05.000+0000] {dag.py:4180} INFO - Setting next_dagrun for example_external_task_marker_child to None, run_after=None
[2024-11-11T19:54:05.009+0000] {logging_mixin.py:190} INFO - [2024-11-11T19:54:05.009+0000] {dag.py:4180} INFO - Setting next_dagrun for example_external_task_marker_parent to None, run_after=None
[2024-11-11T19:54:05.045+0000] {processor.py:208} INFO - Processing /home/airflow/.local/lib/python3.12/site-packages/airflow/example_dags/example_external_task_marker_dag.py took 0.175 seconds
[2024-11-11T19:54:37.095+0000] {processor.py:186} INFO - Started process (PID=7611) to work on /home/airflow/.local/lib/python3.12/site-packages/airflow/example_dags/example_external_task_marker_dag.py
[2024-11-11T19:54:37.098+0000] {processor.py:914} INFO - Processing file /home/airflow/.local/lib/python3.12/site-packages/airflow/example_dags/example_external_task_marker_dag.py for tasks to queue
[2024-11-11T19:54:37.102+0000] {logging_mixin.py:190} INFO - [2024-11-11T19:54:37.102+0000] {dagbag.py:588} INFO - Filling up the DagBag from /home/airflow/.local/lib/python3.12/site-packages/airflow/example_dags/example_external_task_marker_dag.py
[2024-11-11T19:54:37.121+0000] {processor.py:925} INFO - DAG(s) 'example_external_task_marker_parent', 'example_external_task_marker_child' retrieved from /home/airflow/.local/lib/python3.12/site-packages/airflow/example_dags/example_external_task_marker_dag.py
[2024-11-11T19:54:37.172+0000] {logging_mixin.py:190} INFO - [2024-11-11T19:54:37.172+0000] {dag.py:3239} INFO - Sync 2 DAGs
[2024-11-11T19:54:37.200+0000] {logging_mixin.py:190} INFO - [2024-11-11T19:54:37.199+0000] {dag.py:4180} INFO - Setting next_dagrun for example_external_task_marker_child to None, run_after=None
[2024-11-11T19:54:37.207+0000] {logging_mixin.py:190} INFO - [2024-11-11T19:54:37.206+0000] {dag.py:4180} INFO - Setting next_dagrun for example_external_task_marker_parent to None, run_after=None
[2024-11-11T19:54:37.237+0000] {processor.py:208} INFO - Processing /home/airflow/.local/lib/python3.12/site-packages/airflow/example_dags/example_external_task_marker_dag.py took 0.156 seconds
[2024-11-11T19:55:07.832+0000] {processor.py:186} INFO - Started process (PID=7900) to work on /home/airflow/.local/lib/python3.12/site-packages/airflow/example_dags/example_external_task_marker_dag.py
[2024-11-11T19:55:07.836+0000] {processor.py:914} INFO - Processing file /home/airflow/.local/lib/python3.12/site-packages/airflow/example_dags/example_external_task_marker_dag.py for tasks to queue
[2024-11-11T19:55:07.847+0000] {logging_mixin.py:190} INFO - [2024-11-11T19:55:07.846+0000] {dagbag.py:588} INFO - Filling up the DagBag from /home/airflow/.local/lib/python3.12/site-packages/airflow/example_dags/example_external_task_marker_dag.py
[2024-11-11T19:55:07.879+0000] {processor.py:925} INFO - DAG(s) 'example_external_task_marker_parent', 'example_external_task_marker_child' retrieved from /home/airflow/.local/lib/python3.12/site-packages/airflow/example_dags/example_external_task_marker_dag.py
[2024-11-11T19:55:07.976+0000] {logging_mixin.py:190} INFO - [2024-11-11T19:55:07.973+0000] {dag.py:3239} INFO - Sync 2 DAGs
[2024-11-11T19:55:08.057+0000] {logging_mixin.py:190} INFO - [2024-11-11T19:55:08.056+0000] {dag.py:4180} INFO - Setting next_dagrun for example_external_task_marker_child to None, run_after=None
[2024-11-11T19:55:08.084+0000] {logging_mixin.py:190} INFO - [2024-11-11T19:55:08.083+0000] {dag.py:4180} INFO - Setting next_dagrun for example_external_task_marker_parent to None, run_after=None
[2024-11-11T19:55:08.155+0000] {processor.py:208} INFO - Processing /home/airflow/.local/lib/python3.12/site-packages/airflow/example_dags/example_external_task_marker_dag.py took 0.349 seconds
[2024-11-11T19:55:38.543+0000] {processor.py:186} INFO - Started process (PID=8192) to work on /home/airflow/.local/lib/python3.12/site-packages/airflow/example_dags/example_external_task_marker_dag.py
[2024-11-11T19:55:38.545+0000] {processor.py:914} INFO - Processing file /home/airflow/.local/lib/python3.12/site-packages/airflow/example_dags/example_external_task_marker_dag.py for tasks to queue
[2024-11-11T19:55:38.550+0000] {logging_mixin.py:190} INFO - [2024-11-11T19:55:38.549+0000] {dagbag.py:588} INFO - Filling up the DagBag from /home/airflow/.local/lib/python3.12/site-packages/airflow/example_dags/example_external_task_marker_dag.py
[2024-11-11T19:55:38.568+0000] {processor.py:925} INFO - DAG(s) 'example_external_task_marker_child', 'example_external_task_marker_parent' retrieved from /home/airflow/.local/lib/python3.12/site-packages/airflow/example_dags/example_external_task_marker_dag.py
[2024-11-11T19:55:38.619+0000] {logging_mixin.py:190} INFO - [2024-11-11T19:55:38.618+0000] {dag.py:3239} INFO - Sync 2 DAGs
[2024-11-11T19:55:38.645+0000] {logging_mixin.py:190} INFO - [2024-11-11T19:55:38.645+0000] {dag.py:4180} INFO - Setting next_dagrun for example_external_task_marker_child to None, run_after=None
[2024-11-11T19:55:38.652+0000] {logging_mixin.py:190} INFO - [2024-11-11T19:55:38.651+0000] {dag.py:4180} INFO - Setting next_dagrun for example_external_task_marker_parent to None, run_after=None
[2024-11-11T19:55:38.687+0000] {processor.py:208} INFO - Processing /home/airflow/.local/lib/python3.12/site-packages/airflow/example_dags/example_external_task_marker_dag.py took 0.158 seconds
[2024-11-11T19:56:09.083+0000] {processor.py:186} INFO - Started process (PID=8484) to work on /home/airflow/.local/lib/python3.12/site-packages/airflow/example_dags/example_external_task_marker_dag.py
[2024-11-11T19:56:09.084+0000] {processor.py:914} INFO - Processing file /home/airflow/.local/lib/python3.12/site-packages/airflow/example_dags/example_external_task_marker_dag.py for tasks to queue
[2024-11-11T19:56:09.088+0000] {logging_mixin.py:190} INFO - [2024-11-11T19:56:09.088+0000] {dagbag.py:588} INFO - Filling up the DagBag from /home/airflow/.local/lib/python3.12/site-packages/airflow/example_dags/example_external_task_marker_dag.py
[2024-11-11T19:56:09.108+0000] {processor.py:925} INFO - DAG(s) 'example_external_task_marker_parent', 'example_external_task_marker_child' retrieved from /home/airflow/.local/lib/python3.12/site-packages/airflow/example_dags/example_external_task_marker_dag.py
[2024-11-11T19:56:09.161+0000] {logging_mixin.py:190} INFO - [2024-11-11T19:56:09.161+0000] {dag.py:3239} INFO - Sync 2 DAGs
[2024-11-11T19:56:09.211+0000] {logging_mixin.py:190} INFO - [2024-11-11T19:56:09.211+0000] {dag.py:4180} INFO - Setting next_dagrun for example_external_task_marker_child to None, run_after=None
[2024-11-11T19:56:09.221+0000] {logging_mixin.py:190} INFO - [2024-11-11T19:56:09.221+0000] {dag.py:4180} INFO - Setting next_dagrun for example_external_task_marker_parent to None, run_after=None
[2024-11-11T19:56:09.263+0000] {processor.py:208} INFO - Processing /home/airflow/.local/lib/python3.12/site-packages/airflow/example_dags/example_external_task_marker_dag.py took 0.191 seconds
[2024-11-11T19:56:40.335+0000] {processor.py:186} INFO - Started process (PID=8773) to work on /home/airflow/.local/lib/python3.12/site-packages/airflow/example_dags/example_external_task_marker_dag.py
[2024-11-11T19:56:40.337+0000] {processor.py:914} INFO - Processing file /home/airflow/.local/lib/python3.12/site-packages/airflow/example_dags/example_external_task_marker_dag.py for tasks to queue
[2024-11-11T19:56:40.342+0000] {logging_mixin.py:190} INFO - [2024-11-11T19:56:40.341+0000] {dagbag.py:588} INFO - Filling up the DagBag from /home/airflow/.local/lib/python3.12/site-packages/airflow/example_dags/example_external_task_marker_dag.py
[2024-11-11T19:56:40.359+0000] {processor.py:925} INFO - DAG(s) 'example_external_task_marker_parent', 'example_external_task_marker_child' retrieved from /home/airflow/.local/lib/python3.12/site-packages/airflow/example_dags/example_external_task_marker_dag.py
[2024-11-11T19:56:40.405+0000] {logging_mixin.py:190} INFO - [2024-11-11T19:56:40.405+0000] {dag.py:3239} INFO - Sync 2 DAGs
[2024-11-11T19:56:40.437+0000] {logging_mixin.py:190} INFO - [2024-11-11T19:56:40.436+0000] {dag.py:4180} INFO - Setting next_dagrun for example_external_task_marker_child to None, run_after=None
[2024-11-11T19:56:40.445+0000] {logging_mixin.py:190} INFO - [2024-11-11T19:56:40.444+0000] {dag.py:4180} INFO - Setting next_dagrun for example_external_task_marker_parent to None, run_after=None
[2024-11-11T19:56:40.484+0000] {processor.py:208} INFO - Processing /home/airflow/.local/lib/python3.12/site-packages/airflow/example_dags/example_external_task_marker_dag.py took 0.164 seconds
[2024-11-11T19:57:11.220+0000] {processor.py:186} INFO - Started process (PID=9061) to work on /home/airflow/.local/lib/python3.12/site-packages/airflow/example_dags/example_external_task_marker_dag.py
[2024-11-11T19:57:11.229+0000] {processor.py:914} INFO - Processing file /home/airflow/.local/lib/python3.12/site-packages/airflow/example_dags/example_external_task_marker_dag.py for tasks to queue
[2024-11-11T19:57:11.238+0000] {logging_mixin.py:190} INFO - [2024-11-11T19:57:11.236+0000] {dagbag.py:588} INFO - Filling up the DagBag from /home/airflow/.local/lib/python3.12/site-packages/airflow/example_dags/example_external_task_marker_dag.py
[2024-11-11T19:57:11.297+0000] {processor.py:925} INFO - DAG(s) 'example_external_task_marker_parent', 'example_external_task_marker_child' retrieved from /home/airflow/.local/lib/python3.12/site-packages/airflow/example_dags/example_external_task_marker_dag.py
[2024-11-11T19:57:11.424+0000] {logging_mixin.py:190} INFO - [2024-11-11T19:57:11.423+0000] {dag.py:3239} INFO - Sync 2 DAGs
[2024-11-11T19:57:11.510+0000] {logging_mixin.py:190} INFO - [2024-11-11T19:57:11.510+0000] {dag.py:4180} INFO - Setting next_dagrun for example_external_task_marker_child to None, run_after=None
[2024-11-11T19:57:11.529+0000] {logging_mixin.py:190} INFO - [2024-11-11T19:57:11.527+0000] {dag.py:4180} INFO - Setting next_dagrun for example_external_task_marker_parent to None, run_after=None
[2024-11-11T19:57:11.587+0000] {processor.py:208} INFO - Processing /home/airflow/.local/lib/python3.12/site-packages/airflow/example_dags/example_external_task_marker_dag.py took 0.395 seconds
[2024-11-11T19:57:42.478+0000] {processor.py:186} INFO - Started process (PID=9352) to work on /home/airflow/.local/lib/python3.12/site-packages/airflow/example_dags/example_external_task_marker_dag.py
[2024-11-11T19:57:42.483+0000] {processor.py:914} INFO - Processing file /home/airflow/.local/lib/python3.12/site-packages/airflow/example_dags/example_external_task_marker_dag.py for tasks to queue
[2024-11-11T19:57:42.493+0000] {logging_mixin.py:190} INFO - [2024-11-11T19:57:42.492+0000] {dagbag.py:588} INFO - Filling up the DagBag from /home/airflow/.local/lib/python3.12/site-packages/airflow/example_dags/example_external_task_marker_dag.py
[2024-11-11T19:57:42.537+0000] {processor.py:925} INFO - DAG(s) 'example_external_task_marker_child', 'example_external_task_marker_parent' retrieved from /home/airflow/.local/lib/python3.12/site-packages/airflow/example_dags/example_external_task_marker_dag.py
[2024-11-11T19:57:42.660+0000] {logging_mixin.py:190} INFO - [2024-11-11T19:57:42.659+0000] {dag.py:3239} INFO - Sync 2 DAGs
[2024-11-11T19:57:42.724+0000] {logging_mixin.py:190} INFO - [2024-11-11T19:57:42.723+0000] {dag.py:4180} INFO - Setting next_dagrun for example_external_task_marker_child to None, run_after=None
[2024-11-11T19:57:42.735+0000] {logging_mixin.py:190} INFO - [2024-11-11T19:57:42.735+0000] {dag.py:4180} INFO - Setting next_dagrun for example_external_task_marker_parent to None, run_after=None
[2024-11-11T19:57:42.775+0000] {processor.py:208} INFO - Processing /home/airflow/.local/lib/python3.12/site-packages/airflow/example_dags/example_external_task_marker_dag.py took 0.330 seconds
[2024-11-11T19:58:13.918+0000] {processor.py:186} INFO - Started process (PID=9643) to work on /home/airflow/.local/lib/python3.12/site-packages/airflow/example_dags/example_external_task_marker_dag.py
[2024-11-11T19:58:13.922+0000] {processor.py:914} INFO - Processing file /home/airflow/.local/lib/python3.12/site-packages/airflow/example_dags/example_external_task_marker_dag.py for tasks to queue
[2024-11-11T19:58:13.937+0000] {logging_mixin.py:190} INFO - [2024-11-11T19:58:13.936+0000] {dagbag.py:588} INFO - Filling up the DagBag from /home/airflow/.local/lib/python3.12/site-packages/airflow/example_dags/example_external_task_marker_dag.py
[2024-11-11T19:58:13.980+0000] {processor.py:925} INFO - DAG(s) 'example_external_task_marker_child', 'example_external_task_marker_parent' retrieved from /home/airflow/.local/lib/python3.12/site-packages/airflow/example_dags/example_external_task_marker_dag.py
[2024-11-11T19:58:14.067+0000] {logging_mixin.py:190} INFO - [2024-11-11T19:58:14.067+0000] {dag.py:3239} INFO - Sync 2 DAGs
[2024-11-11T19:58:14.116+0000] {logging_mixin.py:190} INFO - [2024-11-11T19:58:14.116+0000] {dag.py:4180} INFO - Setting next_dagrun for example_external_task_marker_child to None, run_after=None
[2024-11-11T19:58:14.124+0000] {logging_mixin.py:190} INFO - [2024-11-11T19:58:14.123+0000] {dag.py:4180} INFO - Setting next_dagrun for example_external_task_marker_parent to None, run_after=None
[2024-11-11T19:58:14.161+0000] {processor.py:208} INFO - Processing /home/airflow/.local/lib/python3.12/site-packages/airflow/example_dags/example_external_task_marker_dag.py took 0.279 seconds
[2024-11-11T19:58:44.714+0000] {processor.py:186} INFO - Started process (PID=9934) to work on /home/airflow/.local/lib/python3.12/site-packages/airflow/example_dags/example_external_task_marker_dag.py
[2024-11-11T19:58:44.715+0000] {processor.py:914} INFO - Processing file /home/airflow/.local/lib/python3.12/site-packages/airflow/example_dags/example_external_task_marker_dag.py for tasks to queue
[2024-11-11T19:58:44.719+0000] {logging_mixin.py:190} INFO - [2024-11-11T19:58:44.718+0000] {dagbag.py:588} INFO - Filling up the DagBag from /home/airflow/.local/lib/python3.12/site-packages/airflow/example_dags/example_external_task_marker_dag.py
[2024-11-11T19:58:44.733+0000] {processor.py:925} INFO - DAG(s) 'example_external_task_marker_parent', 'example_external_task_marker_child' retrieved from /home/airflow/.local/lib/python3.12/site-packages/airflow/example_dags/example_external_task_marker_dag.py
[2024-11-11T19:58:44.783+0000] {logging_mixin.py:190} INFO - [2024-11-11T19:58:44.782+0000] {dag.py:3239} INFO - Sync 2 DAGs
[2024-11-11T19:58:44.815+0000] {logging_mixin.py:190} INFO - [2024-11-11T19:58:44.814+0000] {dag.py:4180} INFO - Setting next_dagrun for example_external_task_marker_child to None, run_after=None
[2024-11-11T19:58:44.821+0000] {logging_mixin.py:190} INFO - [2024-11-11T19:58:44.821+0000] {dag.py:4180} INFO - Setting next_dagrun for example_external_task_marker_parent to None, run_after=None
[2024-11-11T19:58:44.856+0000] {processor.py:208} INFO - Processing /home/airflow/.local/lib/python3.12/site-packages/airflow/example_dags/example_external_task_marker_dag.py took 0.157 seconds
[2024-11-11T19:59:15.267+0000] {processor.py:186} INFO - Started process (PID=10223) to work on /home/airflow/.local/lib/python3.12/site-packages/airflow/example_dags/example_external_task_marker_dag.py
[2024-11-11T19:59:15.271+0000] {processor.py:914} INFO - Processing file /home/airflow/.local/lib/python3.12/site-packages/airflow/example_dags/example_external_task_marker_dag.py for tasks to queue
[2024-11-11T19:59:15.280+0000] {logging_mixin.py:190} INFO - [2024-11-11T19:59:15.279+0000] {dagbag.py:588} INFO - Filling up the DagBag from /home/airflow/.local/lib/python3.12/site-packages/airflow/example_dags/example_external_task_marker_dag.py
[2024-11-11T19:59:15.310+0000] {processor.py:925} INFO - DAG(s) 'example_external_task_marker_child', 'example_external_task_marker_parent' retrieved from /home/airflow/.local/lib/python3.12/site-packages/airflow/example_dags/example_external_task_marker_dag.py
[2024-11-11T19:59:15.350+0000] {logging_mixin.py:190} INFO - [2024-11-11T19:59:15.350+0000] {dag.py:3239} INFO - Sync 2 DAGs
[2024-11-11T19:59:15.376+0000] {logging_mixin.py:190} INFO - [2024-11-11T19:59:15.375+0000] {dag.py:4180} INFO - Setting next_dagrun for example_external_task_marker_child to None, run_after=None
[2024-11-11T19:59:15.381+0000] {logging_mixin.py:190} INFO - [2024-11-11T19:59:15.381+0000] {dag.py:4180} INFO - Setting next_dagrun for example_external_task_marker_parent to None, run_after=None
[2024-11-11T19:59:15.411+0000] {processor.py:208} INFO - Processing /home/airflow/.local/lib/python3.12/site-packages/airflow/example_dags/example_external_task_marker_dag.py took 0.172 seconds
[2024-11-11T19:59:45.547+0000] {processor.py:186} INFO - Started process (PID=10511) to work on /home/airflow/.local/lib/python3.12/site-packages/airflow/example_dags/example_external_task_marker_dag.py
[2024-11-11T19:59:45.549+0000] {processor.py:914} INFO - Processing file /home/airflow/.local/lib/python3.12/site-packages/airflow/example_dags/example_external_task_marker_dag.py for tasks to queue
[2024-11-11T19:59:45.556+0000] {logging_mixin.py:190} INFO - [2024-11-11T19:59:45.555+0000] {dagbag.py:588} INFO - Filling up the DagBag from /home/airflow/.local/lib/python3.12/site-packages/airflow/example_dags/example_external_task_marker_dag.py
[2024-11-11T19:59:45.573+0000] {processor.py:925} INFO - DAG(s) 'example_external_task_marker_parent', 'example_external_task_marker_child' retrieved from /home/airflow/.local/lib/python3.12/site-packages/airflow/example_dags/example_external_task_marker_dag.py
[2024-11-11T19:59:45.625+0000] {logging_mixin.py:190} INFO - [2024-11-11T19:59:45.624+0000] {dag.py:3239} INFO - Sync 2 DAGs
[2024-11-11T19:59:45.664+0000] {logging_mixin.py:190} INFO - [2024-11-11T19:59:45.664+0000] {dag.py:4180} INFO - Setting next_dagrun for example_external_task_marker_child to None, run_after=None
[2024-11-11T19:59:45.672+0000] {logging_mixin.py:190} INFO - [2024-11-11T19:59:45.671+0000] {dag.py:4180} INFO - Setting next_dagrun for example_external_task_marker_parent to None, run_after=None
[2024-11-11T19:59:45.720+0000] {processor.py:208} INFO - Processing /home/airflow/.local/lib/python3.12/site-packages/airflow/example_dags/example_external_task_marker_dag.py took 0.188 seconds
[2024-11-11T20:00:16.168+0000] {processor.py:186} INFO - Started process (PID=10802) to work on /home/airflow/.local/lib/python3.12/site-packages/airflow/example_dags/example_external_task_marker_dag.py
[2024-11-11T20:00:16.170+0000] {processor.py:914} INFO - Processing file /home/airflow/.local/lib/python3.12/site-packages/airflow/example_dags/example_external_task_marker_dag.py for tasks to queue
[2024-11-11T20:00:16.180+0000] {logging_mixin.py:190} INFO - [2024-11-11T20:00:16.178+0000] {dagbag.py:588} INFO - Filling up the DagBag from /home/airflow/.local/lib/python3.12/site-packages/airflow/example_dags/example_external_task_marker_dag.py
[2024-11-11T20:00:16.200+0000] {processor.py:925} INFO - DAG(s) 'example_external_task_marker_parent', 'example_external_task_marker_child' retrieved from /home/airflow/.local/lib/python3.12/site-packages/airflow/example_dags/example_external_task_marker_dag.py
[2024-11-11T20:00:16.259+0000] {logging_mixin.py:190} INFO - [2024-11-11T20:00:16.259+0000] {dag.py:3239} INFO - Sync 2 DAGs
[2024-11-11T20:00:16.300+0000] {logging_mixin.py:190} INFO - [2024-11-11T20:00:16.299+0000] {dag.py:4180} INFO - Setting next_dagrun for example_external_task_marker_child to None, run_after=None
[2024-11-11T20:00:16.309+0000] {logging_mixin.py:190} INFO - [2024-11-11T20:00:16.309+0000] {dag.py:4180} INFO - Setting next_dagrun for example_external_task_marker_parent to None, run_after=None
[2024-11-11T20:00:16.363+0000] {processor.py:208} INFO - Processing /home/airflow/.local/lib/python3.12/site-packages/airflow/example_dags/example_external_task_marker_dag.py took 0.213 seconds
[2024-11-11T20:00:46.887+0000] {processor.py:186} INFO - Started process (PID=11092) to work on /home/airflow/.local/lib/python3.12/site-packages/airflow/example_dags/example_external_task_marker_dag.py
[2024-11-11T20:00:46.888+0000] {processor.py:914} INFO - Processing file /home/airflow/.local/lib/python3.12/site-packages/airflow/example_dags/example_external_task_marker_dag.py for tasks to queue
[2024-11-11T20:00:46.892+0000] {logging_mixin.py:190} INFO - [2024-11-11T20:00:46.891+0000] {dagbag.py:588} INFO - Filling up the DagBag from /home/airflow/.local/lib/python3.12/site-packages/airflow/example_dags/example_external_task_marker_dag.py
[2024-11-11T20:00:46.905+0000] {processor.py:925} INFO - DAG(s) 'example_external_task_marker_child', 'example_external_task_marker_parent' retrieved from /home/airflow/.local/lib/python3.12/site-packages/airflow/example_dags/example_external_task_marker_dag.py
[2024-11-11T20:00:46.943+0000] {logging_mixin.py:190} INFO - [2024-11-11T20:00:46.942+0000] {dag.py:3239} INFO - Sync 2 DAGs
[2024-11-11T20:00:46.967+0000] {logging_mixin.py:190} INFO - [2024-11-11T20:00:46.967+0000] {dag.py:4180} INFO - Setting next_dagrun for example_external_task_marker_child to None, run_after=None
[2024-11-11T20:00:46.973+0000] {logging_mixin.py:190} INFO - [2024-11-11T20:00:46.973+0000] {dag.py:4180} INFO - Setting next_dagrun for example_external_task_marker_parent to None, run_after=None
[2024-11-11T20:00:47.001+0000] {processor.py:208} INFO - Processing /home/airflow/.local/lib/python3.12/site-packages/airflow/example_dags/example_external_task_marker_dag.py took 0.127 seconds
[2024-11-11T20:01:18.055+0000] {processor.py:186} INFO - Started process (PID=11384) to work on /home/airflow/.local/lib/python3.12/site-packages/airflow/example_dags/example_external_task_marker_dag.py
[2024-11-11T20:01:18.057+0000] {processor.py:914} INFO - Processing file /home/airflow/.local/lib/python3.12/site-packages/airflow/example_dags/example_external_task_marker_dag.py for tasks to queue
[2024-11-11T20:01:18.060+0000] {logging_mixin.py:190} INFO - [2024-11-11T20:01:18.060+0000] {dagbag.py:588} INFO - Filling up the DagBag from /home/airflow/.local/lib/python3.12/site-packages/airflow/example_dags/example_external_task_marker_dag.py
[2024-11-11T20:01:18.080+0000] {processor.py:925} INFO - DAG(s) 'example_external_task_marker_parent', 'example_external_task_marker_child' retrieved from /home/airflow/.local/lib/python3.12/site-packages/airflow/example_dags/example_external_task_marker_dag.py
[2024-11-11T20:01:18.173+0000] {logging_mixin.py:190} INFO - [2024-11-11T20:01:18.172+0000] {dag.py:3239} INFO - Sync 2 DAGs
[2024-11-11T20:01:18.235+0000] {logging_mixin.py:190} INFO - [2024-11-11T20:01:18.234+0000] {dag.py:4180} INFO - Setting next_dagrun for example_external_task_marker_child to None, run_after=None
[2024-11-11T20:01:18.249+0000] {logging_mixin.py:190} INFO - [2024-11-11T20:01:18.248+0000] {dag.py:4180} INFO - Setting next_dagrun for example_external_task_marker_parent to None, run_after=None
[2024-11-11T20:01:18.318+0000] {processor.py:208} INFO - Processing /home/airflow/.local/lib/python3.12/site-packages/airflow/example_dags/example_external_task_marker_dag.py took 0.275 seconds
[2024-11-11T20:01:48.462+0000] {processor.py:186} INFO - Started process (PID=11674) to work on /home/airflow/.local/lib/python3.12/site-packages/airflow/example_dags/example_external_task_marker_dag.py
[2024-11-11T20:01:48.464+0000] {processor.py:914} INFO - Processing file /home/airflow/.local/lib/python3.12/site-packages/airflow/example_dags/example_external_task_marker_dag.py for tasks to queue
[2024-11-11T20:01:48.468+0000] {logging_mixin.py:190} INFO - [2024-11-11T20:01:48.467+0000] {dagbag.py:588} INFO - Filling up the DagBag from /home/airflow/.local/lib/python3.12/site-packages/airflow/example_dags/example_external_task_marker_dag.py
[2024-11-11T20:01:48.485+0000] {processor.py:925} INFO - DAG(s) 'example_external_task_marker_parent', 'example_external_task_marker_child' retrieved from /home/airflow/.local/lib/python3.12/site-packages/airflow/example_dags/example_external_task_marker_dag.py
[2024-11-11T20:01:48.542+0000] {logging_mixin.py:190} INFO - [2024-11-11T20:01:48.542+0000] {dag.py:3239} INFO - Sync 2 DAGs
[2024-11-11T20:01:48.585+0000] {logging_mixin.py:190} INFO - [2024-11-11T20:01:48.584+0000] {dag.py:4180} INFO - Setting next_dagrun for example_external_task_marker_child to None, run_after=None
[2024-11-11T20:01:48.603+0000] {logging_mixin.py:190} INFO - [2024-11-11T20:01:48.602+0000] {dag.py:4180} INFO - Setting next_dagrun for example_external_task_marker_parent to None, run_after=None
[2024-11-11T20:01:48.674+0000] {processor.py:208} INFO - Processing /home/airflow/.local/lib/python3.12/site-packages/airflow/example_dags/example_external_task_marker_dag.py took 0.225 seconds
[2024-11-11T20:02:19.823+0000] {processor.py:186} INFO - Started process (PID=11965) to work on /home/airflow/.local/lib/python3.12/site-packages/airflow/example_dags/example_external_task_marker_dag.py
[2024-11-11T20:02:19.825+0000] {processor.py:914} INFO - Processing file /home/airflow/.local/lib/python3.12/site-packages/airflow/example_dags/example_external_task_marker_dag.py for tasks to queue
[2024-11-11T20:02:19.831+0000] {logging_mixin.py:190} INFO - [2024-11-11T20:02:19.830+0000] {dagbag.py:588} INFO - Filling up the DagBag from /home/airflow/.local/lib/python3.12/site-packages/airflow/example_dags/example_external_task_marker_dag.py
[2024-11-11T20:02:19.852+0000] {processor.py:925} INFO - DAG(s) 'example_external_task_marker_child', 'example_external_task_marker_parent' retrieved from /home/airflow/.local/lib/python3.12/site-packages/airflow/example_dags/example_external_task_marker_dag.py
[2024-11-11T20:02:19.915+0000] {logging_mixin.py:190} INFO - [2024-11-11T20:02:19.915+0000] {dag.py:3239} INFO - Sync 2 DAGs
[2024-11-11T20:02:19.957+0000] {logging_mixin.py:190} INFO - [2024-11-11T20:02:19.956+0000] {dag.py:4180} INFO - Setting next_dagrun for example_external_task_marker_child to None, run_after=None
[2024-11-11T20:02:19.966+0000] {logging_mixin.py:190} INFO - [2024-11-11T20:02:19.966+0000] {dag.py:4180} INFO - Setting next_dagrun for example_external_task_marker_parent to None, run_after=None
[2024-11-11T20:02:20.017+0000] {processor.py:208} INFO - Processing /home/airflow/.local/lib/python3.12/site-packages/airflow/example_dags/example_external_task_marker_dag.py took 0.214 seconds
[2024-11-11T20:02:50.272+0000] {processor.py:186} INFO - Started process (PID=12256) to work on /home/airflow/.local/lib/python3.12/site-packages/airflow/example_dags/example_external_task_marker_dag.py
[2024-11-11T20:02:50.274+0000] {processor.py:914} INFO - Processing file /home/airflow/.local/lib/python3.12/site-packages/airflow/example_dags/example_external_task_marker_dag.py for tasks to queue
[2024-11-11T20:02:50.278+0000] {logging_mixin.py:190} INFO - [2024-11-11T20:02:50.278+0000] {dagbag.py:588} INFO - Filling up the DagBag from /home/airflow/.local/lib/python3.12/site-packages/airflow/example_dags/example_external_task_marker_dag.py
[2024-11-11T20:02:50.295+0000] {processor.py:925} INFO - DAG(s) 'example_external_task_marker_parent', 'example_external_task_marker_child' retrieved from /home/airflow/.local/lib/python3.12/site-packages/airflow/example_dags/example_external_task_marker_dag.py
[2024-11-11T20:02:50.349+0000] {logging_mixin.py:190} INFO - [2024-11-11T20:02:50.348+0000] {dag.py:3239} INFO - Sync 2 DAGs
[2024-11-11T20:02:50.386+0000] {logging_mixin.py:190} INFO - [2024-11-11T20:02:50.385+0000] {dag.py:4180} INFO - Setting next_dagrun for example_external_task_marker_child to None, run_after=None
[2024-11-11T20:02:50.396+0000] {logging_mixin.py:190} INFO - [2024-11-11T20:02:50.396+0000] {dag.py:4180} INFO - Setting next_dagrun for example_external_task_marker_parent to None, run_after=None
[2024-11-11T20:02:50.474+0000] {processor.py:208} INFO - Processing /home/airflow/.local/lib/python3.12/site-packages/airflow/example_dags/example_external_task_marker_dag.py took 0.218 seconds
