[2024-11-11T19:41:39.832+0000] {processor.py:186} INFO - Started process (PID=342) to work on /home/airflow/.local/lib/python3.12/site-packages/airflow/example_dags/example_inlet_event_extra.py
[2024-11-11T19:41:39.833+0000] {processor.py:914} INFO - Processing file /home/airflow/.local/lib/python3.12/site-packages/airflow/example_dags/example_inlet_event_extra.py for tasks to queue
[2024-11-11T19:41:39.838+0000] {logging_mixin.py:190} INFO - [2024-11-11T19:41:39.837+0000] {dagbag.py:588} INFO - Filling up the DagBag from /home/airflow/.local/lib/python3.12/site-packages/airflow/example_dags/example_inlet_event_extra.py
[2024-11-11T19:41:40.917+0000] {processor.py:925} INFO - DAG(s) 'read_dataset_event', 'read_dataset_event_from_classic' retrieved from /home/airflow/.local/lib/python3.12/site-packages/airflow/example_dags/example_inlet_event_extra.py
[2024-11-11T19:41:41.084+0000] {logging_mixin.py:190} INFO - [2024-11-11T19:41:41.083+0000] {override.py:1911} INFO - Created Permission View: can delete on DAG:read_dataset_event
[2024-11-11T19:41:41.103+0000] {logging_mixin.py:190} INFO - [2024-11-11T19:41:41.102+0000] {override.py:1911} INFO - Created Permission View: can read on DAG:read_dataset_event
[2024-11-11T19:41:41.116+0000] {logging_mixin.py:190} INFO - [2024-11-11T19:41:41.115+0000] {override.py:1911} INFO - Created Permission View: can edit on DAG:read_dataset_event
[2024-11-11T19:41:41.131+0000] {logging_mixin.py:190} INFO - [2024-11-11T19:41:41.131+0000] {override.py:1911} INFO - Created Permission View: can delete on DAG Run:read_dataset_event
[2024-11-11T19:41:41.145+0000] {logging_mixin.py:190} INFO - [2024-11-11T19:41:41.144+0000] {override.py:1911} INFO - Created Permission View: can create on DAG Run:read_dataset_event
[2024-11-11T19:41:41.161+0000] {logging_mixin.py:190} INFO - [2024-11-11T19:41:41.160+0000] {override.py:1911} INFO - Created Permission View: menu access on DAG Run:read_dataset_event
[2024-11-11T19:41:41.176+0000] {logging_mixin.py:190} INFO - [2024-11-11T19:41:41.175+0000] {override.py:1911} INFO - Created Permission View: can read on DAG Run:read_dataset_event
[2024-11-11T19:41:41.204+0000] {logging_mixin.py:190} INFO - [2024-11-11T19:41:41.204+0000] {override.py:1911} INFO - Created Permission View: can delete on DAG:read_dataset_event_from_classic
[2024-11-11T19:41:41.220+0000] {logging_mixin.py:190} INFO - [2024-11-11T19:41:41.220+0000] {override.py:1911} INFO - Created Permission View: can read on DAG:read_dataset_event_from_classic
[2024-11-11T19:41:41.237+0000] {logging_mixin.py:190} INFO - [2024-11-11T19:41:41.236+0000] {override.py:1911} INFO - Created Permission View: can edit on DAG:read_dataset_event_from_classic
[2024-11-11T19:41:41.253+0000] {logging_mixin.py:190} INFO - [2024-11-11T19:41:41.252+0000] {override.py:1911} INFO - Created Permission View: can delete on DAG Run:read_dataset_event_from_classic
[2024-11-11T19:41:41.266+0000] {logging_mixin.py:190} INFO - [2024-11-11T19:41:41.266+0000] {override.py:1911} INFO - Created Permission View: can create on DAG Run:read_dataset_event_from_classic
[2024-11-11T19:41:41.280+0000] {logging_mixin.py:190} INFO - [2024-11-11T19:41:41.279+0000] {override.py:1911} INFO - Created Permission View: menu access on DAG Run:read_dataset_event_from_classic
[2024-11-11T19:41:41.293+0000] {logging_mixin.py:190} INFO - [2024-11-11T19:41:41.292+0000] {override.py:1911} INFO - Created Permission View: can read on DAG Run:read_dataset_event_from_classic
[2024-11-11T19:41:41.294+0000] {logging_mixin.py:190} INFO - [2024-11-11T19:41:41.293+0000] {dag.py:3239} INFO - Sync 2 DAGs
[2024-11-11T19:41:41.321+0000] {logging_mixin.py:190} INFO - [2024-11-11T19:41:41.320+0000] {dag.py:3262} INFO - Creating ORM DAG for read_dataset_event_from_classic
[2024-11-11T19:41:41.322+0000] {logging_mixin.py:190} INFO - [2024-11-11T19:41:41.321+0000] {dag.py:3262} INFO - Creating ORM DAG for read_dataset_event
[2024-11-11T19:41:41.340+0000] {logging_mixin.py:190} INFO - [2024-11-11T19:41:41.340+0000] {dag.py:4180} INFO - Setting next_dagrun for read_dataset_event to 2024-11-10 00:00:00+00:00, run_after=2024-11-11 00:00:00+00:00
[2024-11-11T19:41:41.344+0000] {logging_mixin.py:190} INFO - [2024-11-11T19:41:41.344+0000] {dag.py:4180} INFO - Setting next_dagrun for read_dataset_event_from_classic to 2024-11-10 00:00:00+00:00, run_after=2024-11-11 00:00:00+00:00
[2024-11-11T19:41:41.375+0000] {processor.py:208} INFO - Processing /home/airflow/.local/lib/python3.12/site-packages/airflow/example_dags/example_inlet_event_extra.py took 1.554 seconds
[2024-11-11T19:42:12.660+0000] {processor.py:186} INFO - Started process (PID=643) to work on /home/airflow/.local/lib/python3.12/site-packages/airflow/example_dags/example_inlet_event_extra.py
[2024-11-11T19:42:12.662+0000] {processor.py:914} INFO - Processing file /home/airflow/.local/lib/python3.12/site-packages/airflow/example_dags/example_inlet_event_extra.py for tasks to queue
[2024-11-11T19:42:12.667+0000] {logging_mixin.py:190} INFO - [2024-11-11T19:42:12.666+0000] {dagbag.py:588} INFO - Filling up the DagBag from /home/airflow/.local/lib/python3.12/site-packages/airflow/example_dags/example_inlet_event_extra.py
[2024-11-11T19:42:13.874+0000] {processor.py:925} INFO - DAG(s) 'read_dataset_event_from_classic', 'read_dataset_event' retrieved from /home/airflow/.local/lib/python3.12/site-packages/airflow/example_dags/example_inlet_event_extra.py
[2024-11-11T19:42:13.906+0000] {logging_mixin.py:190} INFO - [2024-11-11T19:42:13.905+0000] {dag.py:3239} INFO - Sync 2 DAGs
[2024-11-11T19:42:13.951+0000] {logging_mixin.py:190} INFO - [2024-11-11T19:42:13.951+0000] {dag.py:4180} INFO - Setting next_dagrun for read_dataset_event to 2024-11-10 00:00:00+00:00, run_after=2024-11-11 00:00:00+00:00
[2024-11-11T19:42:13.961+0000] {logging_mixin.py:190} INFO - [2024-11-11T19:42:13.960+0000] {dag.py:4180} INFO - Setting next_dagrun for read_dataset_event_from_classic to 2024-11-10 00:00:00+00:00, run_after=2024-11-11 00:00:00+00:00
[2024-11-11T19:42:14.001+0000] {processor.py:208} INFO - Processing /home/airflow/.local/lib/python3.12/site-packages/airflow/example_dags/example_inlet_event_extra.py took 1.358 seconds
[2024-11-11T19:42:44.582+0000] {processor.py:186} INFO - Started process (PID=930) to work on /home/airflow/.local/lib/python3.12/site-packages/airflow/example_dags/example_inlet_event_extra.py
[2024-11-11T19:42:44.584+0000] {processor.py:914} INFO - Processing file /home/airflow/.local/lib/python3.12/site-packages/airflow/example_dags/example_inlet_event_extra.py for tasks to queue
[2024-11-11T19:42:44.589+0000] {logging_mixin.py:190} INFO - [2024-11-11T19:42:44.588+0000] {dagbag.py:588} INFO - Filling up the DagBag from /home/airflow/.local/lib/python3.12/site-packages/airflow/example_dags/example_inlet_event_extra.py
[2024-11-11T19:42:45.799+0000] {processor.py:925} INFO - DAG(s) 'read_dataset_event_from_classic', 'read_dataset_event' retrieved from /home/airflow/.local/lib/python3.12/site-packages/airflow/example_dags/example_inlet_event_extra.py
[2024-11-11T19:42:45.839+0000] {logging_mixin.py:190} INFO - [2024-11-11T19:42:45.838+0000] {dag.py:3239} INFO - Sync 2 DAGs
[2024-11-11T19:42:45.906+0000] {logging_mixin.py:190} INFO - [2024-11-11T19:42:45.905+0000] {dag.py:4180} INFO - Setting next_dagrun for read_dataset_event to 2024-11-10 00:00:00+00:00, run_after=2024-11-11 00:00:00+00:00
[2024-11-11T19:42:45.919+0000] {logging_mixin.py:190} INFO - [2024-11-11T19:42:45.918+0000] {dag.py:4180} INFO - Setting next_dagrun for read_dataset_event_from_classic to 2024-11-10 00:00:00+00:00, run_after=2024-11-11 00:00:00+00:00
[2024-11-11T19:42:45.959+0000] {processor.py:208} INFO - Processing /home/airflow/.local/lib/python3.12/site-packages/airflow/example_dags/example_inlet_event_extra.py took 1.387 seconds
[2024-11-11T19:43:16.214+0000] {processor.py:186} INFO - Started process (PID=1226) to work on /home/airflow/.local/lib/python3.12/site-packages/airflow/example_dags/example_inlet_event_extra.py
[2024-11-11T19:43:16.216+0000] {processor.py:914} INFO - Processing file /home/airflow/.local/lib/python3.12/site-packages/airflow/example_dags/example_inlet_event_extra.py for tasks to queue
[2024-11-11T19:43:16.221+0000] {logging_mixin.py:190} INFO - [2024-11-11T19:43:16.220+0000] {dagbag.py:588} INFO - Filling up the DagBag from /home/airflow/.local/lib/python3.12/site-packages/airflow/example_dags/example_inlet_event_extra.py
[2024-11-11T19:43:17.448+0000] {processor.py:925} INFO - DAG(s) 'read_dataset_event_from_classic', 'read_dataset_event' retrieved from /home/airflow/.local/lib/python3.12/site-packages/airflow/example_dags/example_inlet_event_extra.py
[2024-11-11T19:43:17.526+0000] {logging_mixin.py:190} INFO - [2024-11-11T19:43:17.525+0000] {dag.py:3239} INFO - Sync 2 DAGs
[2024-11-11T19:43:17.580+0000] {logging_mixin.py:190} INFO - [2024-11-11T19:43:17.579+0000] {dag.py:4180} INFO - Setting next_dagrun for read_dataset_event to 2024-11-10 00:00:00+00:00, run_after=2024-11-11 00:00:00+00:00
[2024-11-11T19:43:17.592+0000] {logging_mixin.py:190} INFO - [2024-11-11T19:43:17.591+0000] {dag.py:4180} INFO - Setting next_dagrun for read_dataset_event_from_classic to 2024-11-10 00:00:00+00:00, run_after=2024-11-11 00:00:00+00:00
[2024-11-11T19:43:17.629+0000] {processor.py:208} INFO - Processing /home/airflow/.local/lib/python3.12/site-packages/airflow/example_dags/example_inlet_event_extra.py took 1.433 seconds
[2024-11-11T19:43:48.212+0000] {processor.py:186} INFO - Started process (PID=1534) to work on /home/airflow/.local/lib/python3.12/site-packages/airflow/example_dags/example_inlet_event_extra.py
[2024-11-11T19:43:48.217+0000] {processor.py:914} INFO - Processing file /home/airflow/.local/lib/python3.12/site-packages/airflow/example_dags/example_inlet_event_extra.py for tasks to queue
[2024-11-11T19:43:48.225+0000] {logging_mixin.py:190} INFO - [2024-11-11T19:43:48.224+0000] {dagbag.py:588} INFO - Filling up the DagBag from /home/airflow/.local/lib/python3.12/site-packages/airflow/example_dags/example_inlet_event_extra.py
[2024-11-11T19:43:49.421+0000] {processor.py:925} INFO - DAG(s) 'read_dataset_event', 'read_dataset_event_from_classic' retrieved from /home/airflow/.local/lib/python3.12/site-packages/airflow/example_dags/example_inlet_event_extra.py
[2024-11-11T19:43:49.464+0000] {logging_mixin.py:190} INFO - [2024-11-11T19:43:49.464+0000] {dag.py:3239} INFO - Sync 2 DAGs
[2024-11-11T19:43:49.514+0000] {logging_mixin.py:190} INFO - [2024-11-11T19:43:49.514+0000] {dag.py:4180} INFO - Setting next_dagrun for read_dataset_event to 2024-11-10 00:00:00+00:00, run_after=2024-11-11 00:00:00+00:00
[2024-11-11T19:43:49.537+0000] {logging_mixin.py:190} INFO - [2024-11-11T19:43:49.536+0000] {dag.py:4180} INFO - Setting next_dagrun for read_dataset_event_from_classic to 2024-11-10 00:00:00+00:00, run_after=2024-11-11 00:00:00+00:00
[2024-11-11T19:43:49.571+0000] {processor.py:208} INFO - Processing /home/airflow/.local/lib/python3.12/site-packages/airflow/example_dags/example_inlet_event_extra.py took 1.384 seconds
[2024-11-11T19:44:20.733+0000] {processor.py:186} INFO - Started process (PID=1823) to work on /home/airflow/.local/lib/python3.12/site-packages/airflow/example_dags/example_inlet_event_extra.py
[2024-11-11T19:44:20.735+0000] {processor.py:914} INFO - Processing file /home/airflow/.local/lib/python3.12/site-packages/airflow/example_dags/example_inlet_event_extra.py for tasks to queue
[2024-11-11T19:44:20.738+0000] {logging_mixin.py:190} INFO - [2024-11-11T19:44:20.737+0000] {dagbag.py:588} INFO - Filling up the DagBag from /home/airflow/.local/lib/python3.12/site-packages/airflow/example_dags/example_inlet_event_extra.py
[2024-11-11T19:44:23.318+0000] {processor.py:925} INFO - DAG(s) 'read_dataset_event_from_classic', 'read_dataset_event' retrieved from /home/airflow/.local/lib/python3.12/site-packages/airflow/example_dags/example_inlet_event_extra.py
[2024-11-11T19:44:23.389+0000] {logging_mixin.py:190} INFO - [2024-11-11T19:44:23.388+0000] {dag.py:3239} INFO - Sync 2 DAGs
[2024-11-11T19:44:23.463+0000] {logging_mixin.py:190} INFO - [2024-11-11T19:44:23.462+0000] {dag.py:4180} INFO - Setting next_dagrun for read_dataset_event to 2024-11-10 00:00:00+00:00, run_after=2024-11-11 00:00:00+00:00
[2024-11-11T19:44:23.477+0000] {logging_mixin.py:190} INFO - [2024-11-11T19:44:23.477+0000] {dag.py:4180} INFO - Setting next_dagrun for read_dataset_event_from_classic to 2024-11-10 00:00:00+00:00, run_after=2024-11-11 00:00:00+00:00
[2024-11-11T19:44:23.515+0000] {processor.py:208} INFO - Processing /home/airflow/.local/lib/python3.12/site-packages/airflow/example_dags/example_inlet_event_extra.py took 1.783 seconds
[2024-11-11T19:44:53.782+0000] {processor.py:186} INFO - Started process (PID=2114) to work on /home/airflow/.local/lib/python3.12/site-packages/airflow/example_dags/example_inlet_event_extra.py
[2024-11-11T19:44:53.784+0000] {processor.py:914} INFO - Processing file /home/airflow/.local/lib/python3.12/site-packages/airflow/example_dags/example_inlet_event_extra.py for tasks to queue
[2024-11-11T19:44:53.788+0000] {logging_mixin.py:190} INFO - [2024-11-11T19:44:53.788+0000] {dagbag.py:588} INFO - Filling up the DagBag from /home/airflow/.local/lib/python3.12/site-packages/airflow/example_dags/example_inlet_event_extra.py
[2024-11-11T19:44:54.723+0000] {processor.py:925} INFO - DAG(s) 'read_dataset_event', 'read_dataset_event_from_classic' retrieved from /home/airflow/.local/lib/python3.12/site-packages/airflow/example_dags/example_inlet_event_extra.py
[2024-11-11T19:44:54.755+0000] {logging_mixin.py:190} INFO - [2024-11-11T19:44:54.754+0000] {dag.py:3239} INFO - Sync 2 DAGs
[2024-11-11T19:44:54.806+0000] {logging_mixin.py:190} INFO - [2024-11-11T19:44:54.805+0000] {dag.py:4180} INFO - Setting next_dagrun for read_dataset_event to 2024-11-10 00:00:00+00:00, run_after=2024-11-11 00:00:00+00:00
[2024-11-11T19:44:54.820+0000] {logging_mixin.py:190} INFO - [2024-11-11T19:44:54.820+0000] {dag.py:4180} INFO - Setting next_dagrun for read_dataset_event_from_classic to 2024-11-10 00:00:00+00:00, run_after=2024-11-11 00:00:00+00:00
[2024-11-11T19:44:54.864+0000] {processor.py:208} INFO - Processing /home/airflow/.local/lib/python3.12/site-packages/airflow/example_dags/example_inlet_event_extra.py took 1.097 seconds
[2024-11-11T19:45:25.204+0000] {processor.py:186} INFO - Started process (PID=2420) to work on /home/airflow/.local/lib/python3.12/site-packages/airflow/example_dags/example_inlet_event_extra.py
[2024-11-11T19:45:25.206+0000] {processor.py:914} INFO - Processing file /home/airflow/.local/lib/python3.12/site-packages/airflow/example_dags/example_inlet_event_extra.py for tasks to queue
[2024-11-11T19:45:25.209+0000] {logging_mixin.py:190} INFO - [2024-11-11T19:45:25.209+0000] {dagbag.py:588} INFO - Filling up the DagBag from /home/airflow/.local/lib/python3.12/site-packages/airflow/example_dags/example_inlet_event_extra.py
[2024-11-11T19:45:26.116+0000] {processor.py:925} INFO - DAG(s) 'read_dataset_event_from_classic', 'read_dataset_event' retrieved from /home/airflow/.local/lib/python3.12/site-packages/airflow/example_dags/example_inlet_event_extra.py
[2024-11-11T19:45:26.149+0000] {logging_mixin.py:190} INFO - [2024-11-11T19:45:26.148+0000] {dag.py:3239} INFO - Sync 2 DAGs
[2024-11-11T19:45:26.188+0000] {logging_mixin.py:190} INFO - [2024-11-11T19:45:26.187+0000] {dag.py:4180} INFO - Setting next_dagrun for read_dataset_event to 2024-11-10 00:00:00+00:00, run_after=2024-11-11 00:00:00+00:00
[2024-11-11T19:45:26.196+0000] {logging_mixin.py:190} INFO - [2024-11-11T19:45:26.196+0000] {dag.py:4180} INFO - Setting next_dagrun for read_dataset_event_from_classic to 2024-11-10 00:00:00+00:00, run_after=2024-11-11 00:00:00+00:00
[2024-11-11T19:45:26.220+0000] {processor.py:208} INFO - Processing /home/airflow/.local/lib/python3.12/site-packages/airflow/example_dags/example_inlet_event_extra.py took 1.026 seconds
[2024-11-11T19:45:56.320+0000] {processor.py:186} INFO - Started process (PID=2716) to work on /home/airflow/.local/lib/python3.12/site-packages/airflow/example_dags/example_inlet_event_extra.py
[2024-11-11T19:45:56.322+0000] {processor.py:914} INFO - Processing file /home/airflow/.local/lib/python3.12/site-packages/airflow/example_dags/example_inlet_event_extra.py for tasks to queue
[2024-11-11T19:45:56.325+0000] {logging_mixin.py:190} INFO - [2024-11-11T19:45:56.325+0000] {dagbag.py:588} INFO - Filling up the DagBag from /home/airflow/.local/lib/python3.12/site-packages/airflow/example_dags/example_inlet_event_extra.py
[2024-11-11T19:45:59.788+0000] {processor.py:925} INFO - DAG(s) 'read_dataset_event_from_classic', 'read_dataset_event' retrieved from /home/airflow/.local/lib/python3.12/site-packages/airflow/example_dags/example_inlet_event_extra.py
[2024-11-11T19:45:59.829+0000] {logging_mixin.py:190} INFO - [2024-11-11T19:45:59.829+0000] {dag.py:3239} INFO - Sync 2 DAGs
[2024-11-11T19:45:59.931+0000] {logging_mixin.py:190} INFO - [2024-11-11T19:45:59.930+0000] {dag.py:4180} INFO - Setting next_dagrun for read_dataset_event to 2024-11-10 00:00:00+00:00, run_after=2024-11-11 00:00:00+00:00
[2024-11-11T19:45:59.942+0000] {logging_mixin.py:190} INFO - [2024-11-11T19:45:59.941+0000] {dag.py:4180} INFO - Setting next_dagrun for read_dataset_event_from_classic to 2024-11-10 00:00:00+00:00, run_after=2024-11-11 00:00:00+00:00
[2024-11-11T19:45:59.976+0000] {processor.py:208} INFO - Processing /home/airflow/.local/lib/python3.12/site-packages/airflow/example_dags/example_inlet_event_extra.py took 3.665 seconds
[2024-11-11T19:46:30.343+0000] {processor.py:186} INFO - Started process (PID=3007) to work on /home/airflow/.local/lib/python3.12/site-packages/airflow/example_dags/example_inlet_event_extra.py
[2024-11-11T19:46:30.345+0000] {processor.py:914} INFO - Processing file /home/airflow/.local/lib/python3.12/site-packages/airflow/example_dags/example_inlet_event_extra.py for tasks to queue
[2024-11-11T19:46:30.349+0000] {logging_mixin.py:190} INFO - [2024-11-11T19:46:30.348+0000] {dagbag.py:588} INFO - Filling up the DagBag from /home/airflow/.local/lib/python3.12/site-packages/airflow/example_dags/example_inlet_event_extra.py
[2024-11-11T19:46:31.365+0000] {processor.py:925} INFO - DAG(s) 'read_dataset_event', 'read_dataset_event_from_classic' retrieved from /home/airflow/.local/lib/python3.12/site-packages/airflow/example_dags/example_inlet_event_extra.py
[2024-11-11T19:46:31.401+0000] {logging_mixin.py:190} INFO - [2024-11-11T19:46:31.401+0000] {dag.py:3239} INFO - Sync 2 DAGs
[2024-11-11T19:46:31.447+0000] {logging_mixin.py:190} INFO - [2024-11-11T19:46:31.446+0000] {dag.py:4180} INFO - Setting next_dagrun for read_dataset_event to 2024-11-10 00:00:00+00:00, run_after=2024-11-11 00:00:00+00:00
[2024-11-11T19:46:31.459+0000] {logging_mixin.py:190} INFO - [2024-11-11T19:46:31.459+0000] {dag.py:4180} INFO - Setting next_dagrun for read_dataset_event_from_classic to 2024-11-10 00:00:00+00:00, run_after=2024-11-11 00:00:00+00:00
[2024-11-11T19:46:31.499+0000] {processor.py:208} INFO - Processing /home/airflow/.local/lib/python3.12/site-packages/airflow/example_dags/example_inlet_event_extra.py took 1.172 seconds
[2024-11-11T19:47:01.754+0000] {processor.py:186} INFO - Started process (PID=3298) to work on /home/airflow/.local/lib/python3.12/site-packages/airflow/example_dags/example_inlet_event_extra.py
[2024-11-11T19:47:01.759+0000] {processor.py:914} INFO - Processing file /home/airflow/.local/lib/python3.12/site-packages/airflow/example_dags/example_inlet_event_extra.py for tasks to queue
[2024-11-11T19:47:01.770+0000] {logging_mixin.py:190} INFO - [2024-11-11T19:47:01.768+0000] {dagbag.py:588} INFO - Filling up the DagBag from /home/airflow/.local/lib/python3.12/site-packages/airflow/example_dags/example_inlet_event_extra.py
[2024-11-11T19:47:03.574+0000] {processor.py:925} INFO - DAG(s) 'read_dataset_event_from_classic', 'read_dataset_event' retrieved from /home/airflow/.local/lib/python3.12/site-packages/airflow/example_dags/example_inlet_event_extra.py
[2024-11-11T19:47:03.728+0000] {logging_mixin.py:190} INFO - [2024-11-11T19:47:03.725+0000] {dag.py:3239} INFO - Sync 2 DAGs
[2024-11-11T19:47:03.838+0000] {logging_mixin.py:190} INFO - [2024-11-11T19:47:03.837+0000] {dag.py:4180} INFO - Setting next_dagrun for read_dataset_event to 2024-11-10 00:00:00+00:00, run_after=2024-11-11 00:00:00+00:00
[2024-11-11T19:47:03.874+0000] {logging_mixin.py:190} INFO - [2024-11-11T19:47:03.873+0000] {dag.py:4180} INFO - Setting next_dagrun for read_dataset_event_from_classic to 2024-11-10 00:00:00+00:00, run_after=2024-11-11 00:00:00+00:00
[2024-11-11T19:47:03.973+0000] {processor.py:208} INFO - Processing /home/airflow/.local/lib/python3.12/site-packages/airflow/example_dags/example_inlet_event_extra.py took 2.263 seconds
[2024-11-11T19:47:34.911+0000] {processor.py:186} INFO - Started process (PID=3590) to work on /home/airflow/.local/lib/python3.12/site-packages/airflow/example_dags/example_inlet_event_extra.py
[2024-11-11T19:47:34.916+0000] {processor.py:914} INFO - Processing file /home/airflow/.local/lib/python3.12/site-packages/airflow/example_dags/example_inlet_event_extra.py for tasks to queue
[2024-11-11T19:47:34.930+0000] {logging_mixin.py:190} INFO - [2024-11-11T19:47:34.928+0000] {dagbag.py:588} INFO - Filling up the DagBag from /home/airflow/.local/lib/python3.12/site-packages/airflow/example_dags/example_inlet_event_extra.py
[2024-11-11T19:47:36.311+0000] {processor.py:925} INFO - DAG(s) 'read_dataset_event', 'read_dataset_event_from_classic' retrieved from /home/airflow/.local/lib/python3.12/site-packages/airflow/example_dags/example_inlet_event_extra.py
[2024-11-11T19:47:36.363+0000] {logging_mixin.py:190} INFO - [2024-11-11T19:47:36.362+0000] {dag.py:3239} INFO - Sync 2 DAGs
[2024-11-11T19:47:36.443+0000] {logging_mixin.py:190} INFO - [2024-11-11T19:47:36.442+0000] {dag.py:4180} INFO - Setting next_dagrun for read_dataset_event to 2024-11-10 00:00:00+00:00, run_after=2024-11-11 00:00:00+00:00
[2024-11-11T19:47:36.458+0000] {logging_mixin.py:190} INFO - [2024-11-11T19:47:36.457+0000] {dag.py:4180} INFO - Setting next_dagrun for read_dataset_event_from_classic to 2024-11-10 00:00:00+00:00, run_after=2024-11-11 00:00:00+00:00
[2024-11-11T19:47:36.499+0000] {processor.py:208} INFO - Processing /home/airflow/.local/lib/python3.12/site-packages/airflow/example_dags/example_inlet_event_extra.py took 1.624 seconds
[2024-11-11T19:48:06.938+0000] {processor.py:186} INFO - Started process (PID=3882) to work on /home/airflow/.local/lib/python3.12/site-packages/airflow/example_dags/example_inlet_event_extra.py
[2024-11-11T19:48:06.940+0000] {processor.py:914} INFO - Processing file /home/airflow/.local/lib/python3.12/site-packages/airflow/example_dags/example_inlet_event_extra.py for tasks to queue
[2024-11-11T19:48:06.945+0000] {logging_mixin.py:190} INFO - [2024-11-11T19:48:06.944+0000] {dagbag.py:588} INFO - Filling up the DagBag from /home/airflow/.local/lib/python3.12/site-packages/airflow/example_dags/example_inlet_event_extra.py
[2024-11-11T19:48:08.143+0000] {processor.py:925} INFO - DAG(s) 'read_dataset_event', 'read_dataset_event_from_classic' retrieved from /home/airflow/.local/lib/python3.12/site-packages/airflow/example_dags/example_inlet_event_extra.py
[2024-11-11T19:48:08.181+0000] {logging_mixin.py:190} INFO - [2024-11-11T19:48:08.180+0000] {dag.py:3239} INFO - Sync 2 DAGs
[2024-11-11T19:48:08.250+0000] {logging_mixin.py:190} INFO - [2024-11-11T19:48:08.249+0000] {dag.py:4180} INFO - Setting next_dagrun for read_dataset_event to 2024-11-10 00:00:00+00:00, run_after=2024-11-11 00:00:00+00:00
[2024-11-11T19:48:08.269+0000] {logging_mixin.py:190} INFO - [2024-11-11T19:48:08.268+0000] {dag.py:4180} INFO - Setting next_dagrun for read_dataset_event_from_classic to 2024-11-10 00:00:00+00:00, run_after=2024-11-11 00:00:00+00:00
[2024-11-11T19:48:08.317+0000] {processor.py:208} INFO - Processing /home/airflow/.local/lib/python3.12/site-packages/airflow/example_dags/example_inlet_event_extra.py took 1.399 seconds
[2024-11-11T19:48:38.541+0000] {processor.py:186} INFO - Started process (PID=4170) to work on /home/airflow/.local/lib/python3.12/site-packages/airflow/example_dags/example_inlet_event_extra.py
[2024-11-11T19:48:38.544+0000] {processor.py:914} INFO - Processing file /home/airflow/.local/lib/python3.12/site-packages/airflow/example_dags/example_inlet_event_extra.py for tasks to queue
[2024-11-11T19:48:38.551+0000] {logging_mixin.py:190} INFO - [2024-11-11T19:48:38.550+0000] {dagbag.py:588} INFO - Filling up the DagBag from /home/airflow/.local/lib/python3.12/site-packages/airflow/example_dags/example_inlet_event_extra.py
[2024-11-11T19:48:41.621+0000] {processor.py:925} INFO - DAG(s) 'read_dataset_event', 'read_dataset_event_from_classic' retrieved from /home/airflow/.local/lib/python3.12/site-packages/airflow/example_dags/example_inlet_event_extra.py
[2024-11-11T19:48:41.733+0000] {logging_mixin.py:190} INFO - [2024-11-11T19:48:41.732+0000] {dag.py:3239} INFO - Sync 2 DAGs
[2024-11-11T19:48:41.814+0000] {logging_mixin.py:190} INFO - [2024-11-11T19:48:41.814+0000] {dag.py:4180} INFO - Setting next_dagrun for read_dataset_event to 2024-11-10 00:00:00+00:00, run_after=2024-11-11 00:00:00+00:00
[2024-11-11T19:48:41.825+0000] {logging_mixin.py:190} INFO - [2024-11-11T19:48:41.824+0000] {dag.py:4180} INFO - Setting next_dagrun for read_dataset_event_from_classic to 2024-11-10 00:00:00+00:00, run_after=2024-11-11 00:00:00+00:00
[2024-11-11T19:48:41.872+0000] {processor.py:208} INFO - Processing /home/airflow/.local/lib/python3.12/site-packages/airflow/example_dags/example_inlet_event_extra.py took 3.364 seconds
[2024-11-11T19:49:12.109+0000] {processor.py:186} INFO - Started process (PID=4461) to work on /home/airflow/.local/lib/python3.12/site-packages/airflow/example_dags/example_inlet_event_extra.py
[2024-11-11T19:49:12.111+0000] {processor.py:914} INFO - Processing file /home/airflow/.local/lib/python3.12/site-packages/airflow/example_dags/example_inlet_event_extra.py for tasks to queue
[2024-11-11T19:49:12.115+0000] {logging_mixin.py:190} INFO - [2024-11-11T19:49:12.115+0000] {dagbag.py:588} INFO - Filling up the DagBag from /home/airflow/.local/lib/python3.12/site-packages/airflow/example_dags/example_inlet_event_extra.py
[2024-11-11T19:49:13.241+0000] {processor.py:925} INFO - DAG(s) 'read_dataset_event', 'read_dataset_event_from_classic' retrieved from /home/airflow/.local/lib/python3.12/site-packages/airflow/example_dags/example_inlet_event_extra.py
[2024-11-11T19:49:13.362+0000] {logging_mixin.py:190} INFO - [2024-11-11T19:49:13.361+0000] {dag.py:3239} INFO - Sync 2 DAGs
[2024-11-11T19:49:13.556+0000] {logging_mixin.py:190} INFO - [2024-11-11T19:49:13.555+0000] {dag.py:4180} INFO - Setting next_dagrun for read_dataset_event to 2024-11-10 00:00:00+00:00, run_after=2024-11-11 00:00:00+00:00
[2024-11-11T19:49:13.654+0000] {logging_mixin.py:190} INFO - [2024-11-11T19:49:13.654+0000] {dag.py:4180} INFO - Setting next_dagrun for read_dataset_event_from_classic to 2024-11-10 00:00:00+00:00, run_after=2024-11-11 00:00:00+00:00
[2024-11-11T19:49:13.844+0000] {processor.py:208} INFO - Processing /home/airflow/.local/lib/python3.12/site-packages/airflow/example_dags/example_inlet_event_extra.py took 1.746 seconds
[2024-11-11T19:49:44.001+0000] {processor.py:186} INFO - Started process (PID=4752) to work on /home/airflow/.local/lib/python3.12/site-packages/airflow/example_dags/example_inlet_event_extra.py
[2024-11-11T19:49:44.003+0000] {processor.py:914} INFO - Processing file /home/airflow/.local/lib/python3.12/site-packages/airflow/example_dags/example_inlet_event_extra.py for tasks to queue
[2024-11-11T19:49:44.009+0000] {logging_mixin.py:190} INFO - [2024-11-11T19:49:44.008+0000] {dagbag.py:588} INFO - Filling up the DagBag from /home/airflow/.local/lib/python3.12/site-packages/airflow/example_dags/example_inlet_event_extra.py
[2024-11-11T19:49:45.656+0000] {processor.py:925} INFO - DAG(s) 'read_dataset_event_from_classic', 'read_dataset_event' retrieved from /home/airflow/.local/lib/python3.12/site-packages/airflow/example_dags/example_inlet_event_extra.py
[2024-11-11T19:49:45.705+0000] {logging_mixin.py:190} INFO - [2024-11-11T19:49:45.704+0000] {dag.py:3239} INFO - Sync 2 DAGs
[2024-11-11T19:49:45.775+0000] {logging_mixin.py:190} INFO - [2024-11-11T19:49:45.774+0000] {dag.py:4180} INFO - Setting next_dagrun for read_dataset_event to 2024-11-10 00:00:00+00:00, run_after=2024-11-11 00:00:00+00:00
[2024-11-11T19:49:45.788+0000] {logging_mixin.py:190} INFO - [2024-11-11T19:49:45.787+0000] {dag.py:4180} INFO - Setting next_dagrun for read_dataset_event_from_classic to 2024-11-10 00:00:00+00:00, run_after=2024-11-11 00:00:00+00:00
[2024-11-11T19:49:45.831+0000] {processor.py:208} INFO - Processing /home/airflow/.local/lib/python3.12/site-packages/airflow/example_dags/example_inlet_event_extra.py took 1.845 seconds
[2024-11-11T19:50:16.991+0000] {processor.py:186} INFO - Started process (PID=5058) to work on /home/airflow/.local/lib/python3.12/site-packages/airflow/example_dags/example_inlet_event_extra.py
[2024-11-11T19:50:16.994+0000] {processor.py:914} INFO - Processing file /home/airflow/.local/lib/python3.12/site-packages/airflow/example_dags/example_inlet_event_extra.py for tasks to queue
[2024-11-11T19:50:17.006+0000] {logging_mixin.py:190} INFO - [2024-11-11T19:50:17.005+0000] {dagbag.py:588} INFO - Filling up the DagBag from /home/airflow/.local/lib/python3.12/site-packages/airflow/example_dags/example_inlet_event_extra.py
[2024-11-11T19:50:18.811+0000] {processor.py:925} INFO - DAG(s) 'read_dataset_event', 'read_dataset_event_from_classic' retrieved from /home/airflow/.local/lib/python3.12/site-packages/airflow/example_dags/example_inlet_event_extra.py
[2024-11-11T19:50:18.878+0000] {logging_mixin.py:190} INFO - [2024-11-11T19:50:18.876+0000] {dag.py:3239} INFO - Sync 2 DAGs
[2024-11-11T19:50:18.950+0000] {logging_mixin.py:190} INFO - [2024-11-11T19:50:18.949+0000] {dag.py:4180} INFO - Setting next_dagrun for read_dataset_event to 2024-11-10 00:00:00+00:00, run_after=2024-11-11 00:00:00+00:00
[2024-11-11T19:50:18.962+0000] {logging_mixin.py:190} INFO - [2024-11-11T19:50:18.962+0000] {dag.py:4180} INFO - Setting next_dagrun for read_dataset_event_from_classic to 2024-11-10 00:00:00+00:00, run_after=2024-11-11 00:00:00+00:00
[2024-11-11T19:50:19.003+0000] {processor.py:208} INFO - Processing /home/airflow/.local/lib/python3.12/site-packages/airflow/example_dags/example_inlet_event_extra.py took 2.035 seconds
[2024-11-11T19:50:49.157+0000] {processor.py:186} INFO - Started process (PID=5367) to work on /home/airflow/.local/lib/python3.12/site-packages/airflow/example_dags/example_inlet_event_extra.py
[2024-11-11T19:50:49.159+0000] {processor.py:914} INFO - Processing file /home/airflow/.local/lib/python3.12/site-packages/airflow/example_dags/example_inlet_event_extra.py for tasks to queue
[2024-11-11T19:50:49.166+0000] {logging_mixin.py:190} INFO - [2024-11-11T19:50:49.165+0000] {dagbag.py:588} INFO - Filling up the DagBag from /home/airflow/.local/lib/python3.12/site-packages/airflow/example_dags/example_inlet_event_extra.py
[2024-11-11T19:50:50.369+0000] {processor.py:925} INFO - DAG(s) 'read_dataset_event_from_classic', 'read_dataset_event' retrieved from /home/airflow/.local/lib/python3.12/site-packages/airflow/example_dags/example_inlet_event_extra.py
[2024-11-11T19:50:50.403+0000] {logging_mixin.py:190} INFO - [2024-11-11T19:50:50.402+0000] {dag.py:3239} INFO - Sync 2 DAGs
[2024-11-11T19:50:50.455+0000] {logging_mixin.py:190} INFO - [2024-11-11T19:50:50.455+0000] {dag.py:4180} INFO - Setting next_dagrun for read_dataset_event to 2024-11-10 00:00:00+00:00, run_after=2024-11-11 00:00:00+00:00
[2024-11-11T19:50:50.468+0000] {logging_mixin.py:190} INFO - [2024-11-11T19:50:50.467+0000] {dag.py:4180} INFO - Setting next_dagrun for read_dataset_event_from_classic to 2024-11-10 00:00:00+00:00, run_after=2024-11-11 00:00:00+00:00
[2024-11-11T19:50:50.508+0000] {processor.py:208} INFO - Processing /home/airflow/.local/lib/python3.12/site-packages/airflow/example_dags/example_inlet_event_extra.py took 1.374 seconds
[2024-11-11T19:51:20.720+0000] {processor.py:186} INFO - Started process (PID=5680) to work on /home/airflow/.local/lib/python3.12/site-packages/airflow/example_dags/example_inlet_event_extra.py
[2024-11-11T19:51:20.723+0000] {processor.py:914} INFO - Processing file /home/airflow/.local/lib/python3.12/site-packages/airflow/example_dags/example_inlet_event_extra.py for tasks to queue
[2024-11-11T19:51:20.728+0000] {logging_mixin.py:190} INFO - [2024-11-11T19:51:20.728+0000] {dagbag.py:588} INFO - Filling up the DagBag from /home/airflow/.local/lib/python3.12/site-packages/airflow/example_dags/example_inlet_event_extra.py
[2024-11-11T19:51:21.940+0000] {processor.py:925} INFO - DAG(s) 'read_dataset_event_from_classic', 'read_dataset_event' retrieved from /home/airflow/.local/lib/python3.12/site-packages/airflow/example_dags/example_inlet_event_extra.py
[2024-11-11T19:51:21.978+0000] {logging_mixin.py:190} INFO - [2024-11-11T19:51:21.978+0000] {dag.py:3239} INFO - Sync 2 DAGs
[2024-11-11T19:51:22.027+0000] {logging_mixin.py:190} INFO - [2024-11-11T19:51:22.026+0000] {dag.py:4180} INFO - Setting next_dagrun for read_dataset_event to 2024-11-10 00:00:00+00:00, run_after=2024-11-11 00:00:00+00:00
[2024-11-11T19:51:22.036+0000] {logging_mixin.py:190} INFO - [2024-11-11T19:51:22.036+0000] {dag.py:4180} INFO - Setting next_dagrun for read_dataset_event_from_classic to 2024-11-10 00:00:00+00:00, run_after=2024-11-11 00:00:00+00:00
[2024-11-11T19:51:22.067+0000] {processor.py:208} INFO - Processing /home/airflow/.local/lib/python3.12/site-packages/airflow/example_dags/example_inlet_event_extra.py took 1.364 seconds
[2024-11-11T19:51:52.952+0000] {processor.py:186} INFO - Started process (PID=5986) to work on /home/airflow/.local/lib/python3.12/site-packages/airflow/example_dags/example_inlet_event_extra.py
[2024-11-11T19:51:52.954+0000] {processor.py:914} INFO - Processing file /home/airflow/.local/lib/python3.12/site-packages/airflow/example_dags/example_inlet_event_extra.py for tasks to queue
[2024-11-11T19:51:52.960+0000] {logging_mixin.py:190} INFO - [2024-11-11T19:51:52.959+0000] {dagbag.py:588} INFO - Filling up the DagBag from /home/airflow/.local/lib/python3.12/site-packages/airflow/example_dags/example_inlet_event_extra.py
[2024-11-11T19:51:54.005+0000] {processor.py:925} INFO - DAG(s) 'read_dataset_event_from_classic', 'read_dataset_event' retrieved from /home/airflow/.local/lib/python3.12/site-packages/airflow/example_dags/example_inlet_event_extra.py
[2024-11-11T19:51:54.039+0000] {logging_mixin.py:190} INFO - [2024-11-11T19:51:54.039+0000] {dag.py:3239} INFO - Sync 2 DAGs
[2024-11-11T19:51:54.083+0000] {logging_mixin.py:190} INFO - [2024-11-11T19:51:54.082+0000] {dag.py:4180} INFO - Setting next_dagrun for read_dataset_event to 2024-11-10 00:00:00+00:00, run_after=2024-11-11 00:00:00+00:00
[2024-11-11T19:51:54.091+0000] {logging_mixin.py:190} INFO - [2024-11-11T19:51:54.090+0000] {dag.py:4180} INFO - Setting next_dagrun for read_dataset_event_from_classic to 2024-11-10 00:00:00+00:00, run_after=2024-11-11 00:00:00+00:00
[2024-11-11T19:51:54.119+0000] {processor.py:208} INFO - Processing /home/airflow/.local/lib/python3.12/site-packages/airflow/example_dags/example_inlet_event_extra.py took 1.182 seconds
[2024-11-11T19:52:25.366+0000] {processor.py:186} INFO - Started process (PID=6297) to work on /home/airflow/.local/lib/python3.12/site-packages/airflow/example_dags/example_inlet_event_extra.py
[2024-11-11T19:52:25.371+0000] {processor.py:914} INFO - Processing file /home/airflow/.local/lib/python3.12/site-packages/airflow/example_dags/example_inlet_event_extra.py for tasks to queue
[2024-11-11T19:52:25.377+0000] {logging_mixin.py:190} INFO - [2024-11-11T19:52:25.376+0000] {dagbag.py:588} INFO - Filling up the DagBag from /home/airflow/.local/lib/python3.12/site-packages/airflow/example_dags/example_inlet_event_extra.py
[2024-11-11T19:52:26.990+0000] {processor.py:925} INFO - DAG(s) 'read_dataset_event', 'read_dataset_event_from_classic' retrieved from /home/airflow/.local/lib/python3.12/site-packages/airflow/example_dags/example_inlet_event_extra.py
[2024-11-11T19:52:27.030+0000] {logging_mixin.py:190} INFO - [2024-11-11T19:52:27.030+0000] {dag.py:3239} INFO - Sync 2 DAGs
[2024-11-11T19:52:27.090+0000] {logging_mixin.py:190} INFO - [2024-11-11T19:52:27.090+0000] {dag.py:4180} INFO - Setting next_dagrun for read_dataset_event to 2024-11-10 00:00:00+00:00, run_after=2024-11-11 00:00:00+00:00
[2024-11-11T19:52:27.102+0000] {logging_mixin.py:190} INFO - [2024-11-11T19:52:27.101+0000] {dag.py:4180} INFO - Setting next_dagrun for read_dataset_event_from_classic to 2024-11-10 00:00:00+00:00, run_after=2024-11-11 00:00:00+00:00
[2024-11-11T19:52:27.136+0000] {processor.py:208} INFO - Processing /home/airflow/.local/lib/python3.12/site-packages/airflow/example_dags/example_inlet_event_extra.py took 1.790 seconds
[2024-11-11T19:52:57.277+0000] {processor.py:186} INFO - Started process (PID=6613) to work on /home/airflow/.local/lib/python3.12/site-packages/airflow/example_dags/example_inlet_event_extra.py
[2024-11-11T19:52:57.279+0000] {processor.py:914} INFO - Processing file /home/airflow/.local/lib/python3.12/site-packages/airflow/example_dags/example_inlet_event_extra.py for tasks to queue
[2024-11-11T19:52:57.283+0000] {logging_mixin.py:190} INFO - [2024-11-11T19:52:57.282+0000] {dagbag.py:588} INFO - Filling up the DagBag from /home/airflow/.local/lib/python3.12/site-packages/airflow/example_dags/example_inlet_event_extra.py
[2024-11-11T19:52:58.279+0000] {processor.py:925} INFO - DAG(s) 'read_dataset_event', 'read_dataset_event_from_classic' retrieved from /home/airflow/.local/lib/python3.12/site-packages/airflow/example_dags/example_inlet_event_extra.py
[2024-11-11T19:52:58.341+0000] {logging_mixin.py:190} INFO - [2024-11-11T19:52:58.340+0000] {dag.py:3239} INFO - Sync 2 DAGs
[2024-11-11T19:52:58.405+0000] {logging_mixin.py:190} INFO - [2024-11-11T19:52:58.405+0000] {dag.py:4180} INFO - Setting next_dagrun for read_dataset_event to 2024-11-10 00:00:00+00:00, run_after=2024-11-11 00:00:00+00:00
[2024-11-11T19:52:58.417+0000] {logging_mixin.py:190} INFO - [2024-11-11T19:52:58.417+0000] {dag.py:4180} INFO - Setting next_dagrun for read_dataset_event_from_classic to 2024-11-10 00:00:00+00:00, run_after=2024-11-11 00:00:00+00:00
[2024-11-11T19:52:58.453+0000] {processor.py:208} INFO - Processing /home/airflow/.local/lib/python3.12/site-packages/airflow/example_dags/example_inlet_event_extra.py took 1.187 seconds
[2024-11-11T19:53:28.972+0000] {processor.py:186} INFO - Started process (PID=6909) to work on /home/airflow/.local/lib/python3.12/site-packages/airflow/example_dags/example_inlet_event_extra.py
[2024-11-11T19:53:28.974+0000] {processor.py:914} INFO - Processing file /home/airflow/.local/lib/python3.12/site-packages/airflow/example_dags/example_inlet_event_extra.py for tasks to queue
[2024-11-11T19:53:28.981+0000] {logging_mixin.py:190} INFO - [2024-11-11T19:53:28.981+0000] {dagbag.py:588} INFO - Filling up the DagBag from /home/airflow/.local/lib/python3.12/site-packages/airflow/example_dags/example_inlet_event_extra.py
[2024-11-11T19:53:30.218+0000] {processor.py:925} INFO - DAG(s) 'read_dataset_event_from_classic', 'read_dataset_event' retrieved from /home/airflow/.local/lib/python3.12/site-packages/airflow/example_dags/example_inlet_event_extra.py
[2024-11-11T19:53:30.297+0000] {logging_mixin.py:190} INFO - [2024-11-11T19:53:30.296+0000] {dag.py:3239} INFO - Sync 2 DAGs
[2024-11-11T19:53:30.408+0000] {logging_mixin.py:190} INFO - [2024-11-11T19:53:30.407+0000] {dag.py:4180} INFO - Setting next_dagrun for read_dataset_event to 2024-11-10 00:00:00+00:00, run_after=2024-11-11 00:00:00+00:00
[2024-11-11T19:53:30.429+0000] {logging_mixin.py:190} INFO - [2024-11-11T19:53:30.428+0000] {dag.py:4180} INFO - Setting next_dagrun for read_dataset_event_from_classic to 2024-11-10 00:00:00+00:00, run_after=2024-11-11 00:00:00+00:00
[2024-11-11T19:53:30.498+0000] {processor.py:208} INFO - Processing /home/airflow/.local/lib/python3.12/site-packages/airflow/example_dags/example_inlet_event_extra.py took 1.540 seconds
[2024-11-11T19:54:00.954+0000] {processor.py:186} INFO - Started process (PID=7227) to work on /home/airflow/.local/lib/python3.12/site-packages/airflow/example_dags/example_inlet_event_extra.py
[2024-11-11T19:54:00.955+0000] {processor.py:914} INFO - Processing file /home/airflow/.local/lib/python3.12/site-packages/airflow/example_dags/example_inlet_event_extra.py for tasks to queue
[2024-11-11T19:54:00.958+0000] {logging_mixin.py:190} INFO - [2024-11-11T19:54:00.958+0000] {dagbag.py:588} INFO - Filling up the DagBag from /home/airflow/.local/lib/python3.12/site-packages/airflow/example_dags/example_inlet_event_extra.py
[2024-11-11T19:54:02.064+0000] {processor.py:925} INFO - DAG(s) 'read_dataset_event', 'read_dataset_event_from_classic' retrieved from /home/airflow/.local/lib/python3.12/site-packages/airflow/example_dags/example_inlet_event_extra.py
[2024-11-11T19:54:02.096+0000] {logging_mixin.py:190} INFO - [2024-11-11T19:54:02.096+0000] {dag.py:3239} INFO - Sync 2 DAGs
[2024-11-11T19:54:02.138+0000] {logging_mixin.py:190} INFO - [2024-11-11T19:54:02.137+0000] {dag.py:4180} INFO - Setting next_dagrun for read_dataset_event to 2024-11-10 00:00:00+00:00, run_after=2024-11-11 00:00:00+00:00
[2024-11-11T19:54:02.146+0000] {logging_mixin.py:190} INFO - [2024-11-11T19:54:02.146+0000] {dag.py:4180} INFO - Setting next_dagrun for read_dataset_event_from_classic to 2024-11-10 00:00:00+00:00, run_after=2024-11-11 00:00:00+00:00
[2024-11-11T19:54:02.180+0000] {processor.py:208} INFO - Processing /home/airflow/.local/lib/python3.12/site-packages/airflow/example_dags/example_inlet_event_extra.py took 1.237 seconds
[2024-11-11T19:54:32.994+0000] {processor.py:186} INFO - Started process (PID=7531) to work on /home/airflow/.local/lib/python3.12/site-packages/airflow/example_dags/example_inlet_event_extra.py
[2024-11-11T19:54:32.996+0000] {processor.py:914} INFO - Processing file /home/airflow/.local/lib/python3.12/site-packages/airflow/example_dags/example_inlet_event_extra.py for tasks to queue
[2024-11-11T19:54:32.999+0000] {logging_mixin.py:190} INFO - [2024-11-11T19:54:32.999+0000] {dagbag.py:588} INFO - Filling up the DagBag from /home/airflow/.local/lib/python3.12/site-packages/airflow/example_dags/example_inlet_event_extra.py
[2024-11-11T19:54:34.349+0000] {processor.py:925} INFO - DAG(s) 'read_dataset_event_from_classic', 'read_dataset_event' retrieved from /home/airflow/.local/lib/python3.12/site-packages/airflow/example_dags/example_inlet_event_extra.py
[2024-11-11T19:54:34.390+0000] {logging_mixin.py:190} INFO - [2024-11-11T19:54:34.390+0000] {dag.py:3239} INFO - Sync 2 DAGs
[2024-11-11T19:54:34.464+0000] {logging_mixin.py:190} INFO - [2024-11-11T19:54:34.462+0000] {dag.py:4180} INFO - Setting next_dagrun for read_dataset_event to 2024-11-10 00:00:00+00:00, run_after=2024-11-11 00:00:00+00:00
[2024-11-11T19:54:34.489+0000] {logging_mixin.py:190} INFO - [2024-11-11T19:54:34.488+0000] {dag.py:4180} INFO - Setting next_dagrun for read_dataset_event_from_classic to 2024-11-10 00:00:00+00:00, run_after=2024-11-11 00:00:00+00:00
[2024-11-11T19:54:34.532+0000] {processor.py:208} INFO - Processing /home/airflow/.local/lib/python3.12/site-packages/airflow/example_dags/example_inlet_event_extra.py took 1.555 seconds
[2024-11-11T19:55:04.662+0000] {processor.py:186} INFO - Started process (PID=7848) to work on /home/airflow/.local/lib/python3.12/site-packages/airflow/example_dags/example_inlet_event_extra.py
[2024-11-11T19:55:04.664+0000] {processor.py:914} INFO - Processing file /home/airflow/.local/lib/python3.12/site-packages/airflow/example_dags/example_inlet_event_extra.py for tasks to queue
[2024-11-11T19:55:04.668+0000] {logging_mixin.py:190} INFO - [2024-11-11T19:55:04.667+0000] {dagbag.py:588} INFO - Filling up the DagBag from /home/airflow/.local/lib/python3.12/site-packages/airflow/example_dags/example_inlet_event_extra.py
[2024-11-11T19:55:05.794+0000] {processor.py:925} INFO - DAG(s) 'read_dataset_event', 'read_dataset_event_from_classic' retrieved from /home/airflow/.local/lib/python3.12/site-packages/airflow/example_dags/example_inlet_event_extra.py
[2024-11-11T19:55:05.827+0000] {logging_mixin.py:190} INFO - [2024-11-11T19:55:05.827+0000] {dag.py:3239} INFO - Sync 2 DAGs
[2024-11-11T19:55:05.867+0000] {logging_mixin.py:190} INFO - [2024-11-11T19:55:05.867+0000] {dag.py:4180} INFO - Setting next_dagrun for read_dataset_event to 2024-11-10 00:00:00+00:00, run_after=2024-11-11 00:00:00+00:00
[2024-11-11T19:55:05.875+0000] {logging_mixin.py:190} INFO - [2024-11-11T19:55:05.875+0000] {dag.py:4180} INFO - Setting next_dagrun for read_dataset_event_from_classic to 2024-11-10 00:00:00+00:00, run_after=2024-11-11 00:00:00+00:00
[2024-11-11T19:55:05.901+0000] {processor.py:208} INFO - Processing /home/airflow/.local/lib/python3.12/site-packages/airflow/example_dags/example_inlet_event_extra.py took 1.252 seconds
[2024-11-11T19:55:36.333+0000] {processor.py:186} INFO - Started process (PID=8150) to work on /home/airflow/.local/lib/python3.12/site-packages/airflow/example_dags/example_inlet_event_extra.py
[2024-11-11T19:55:36.335+0000] {processor.py:914} INFO - Processing file /home/airflow/.local/lib/python3.12/site-packages/airflow/example_dags/example_inlet_event_extra.py for tasks to queue
[2024-11-11T19:55:36.340+0000] {logging_mixin.py:190} INFO - [2024-11-11T19:55:36.339+0000] {dagbag.py:588} INFO - Filling up the DagBag from /home/airflow/.local/lib/python3.12/site-packages/airflow/example_dags/example_inlet_event_extra.py
[2024-11-11T19:55:37.354+0000] {processor.py:925} INFO - DAG(s) 'read_dataset_event', 'read_dataset_event_from_classic' retrieved from /home/airflow/.local/lib/python3.12/site-packages/airflow/example_dags/example_inlet_event_extra.py
[2024-11-11T19:55:37.386+0000] {logging_mixin.py:190} INFO - [2024-11-11T19:55:37.385+0000] {dag.py:3239} INFO - Sync 2 DAGs
[2024-11-11T19:55:37.427+0000] {logging_mixin.py:190} INFO - [2024-11-11T19:55:37.426+0000] {dag.py:4180} INFO - Setting next_dagrun for read_dataset_event to 2024-11-10 00:00:00+00:00, run_after=2024-11-11 00:00:00+00:00
[2024-11-11T19:55:37.436+0000] {logging_mixin.py:190} INFO - [2024-11-11T19:55:37.435+0000] {dag.py:4180} INFO - Setting next_dagrun for read_dataset_event_from_classic to 2024-11-10 00:00:00+00:00, run_after=2024-11-11 00:00:00+00:00
[2024-11-11T19:55:37.472+0000] {processor.py:208} INFO - Processing /home/airflow/.local/lib/python3.12/site-packages/airflow/example_dags/example_inlet_event_extra.py took 1.154 seconds
[2024-11-11T19:56:07.627+0000] {processor.py:186} INFO - Started process (PID=8469) to work on /home/airflow/.local/lib/python3.12/site-packages/airflow/example_dags/example_inlet_event_extra.py
[2024-11-11T19:56:07.629+0000] {processor.py:914} INFO - Processing file /home/airflow/.local/lib/python3.12/site-packages/airflow/example_dags/example_inlet_event_extra.py for tasks to queue
[2024-11-11T19:56:07.633+0000] {logging_mixin.py:190} INFO - [2024-11-11T19:56:07.632+0000] {dagbag.py:588} INFO - Filling up the DagBag from /home/airflow/.local/lib/python3.12/site-packages/airflow/example_dags/example_inlet_event_extra.py
[2024-11-11T19:56:08.896+0000] {processor.py:925} INFO - DAG(s) 'read_dataset_event', 'read_dataset_event_from_classic' retrieved from /home/airflow/.local/lib/python3.12/site-packages/airflow/example_dags/example_inlet_event_extra.py
[2024-11-11T19:56:08.933+0000] {logging_mixin.py:190} INFO - [2024-11-11T19:56:08.932+0000] {dag.py:3239} INFO - Sync 2 DAGs
[2024-11-11T19:56:08.981+0000] {logging_mixin.py:190} INFO - [2024-11-11T19:56:08.980+0000] {dag.py:4180} INFO - Setting next_dagrun for read_dataset_event to 2024-11-10 00:00:00+00:00, run_after=2024-11-11 00:00:00+00:00
[2024-11-11T19:56:08.990+0000] {logging_mixin.py:190} INFO - [2024-11-11T19:56:08.990+0000] {dag.py:4180} INFO - Setting next_dagrun for read_dataset_event_from_classic to 2024-11-10 00:00:00+00:00, run_after=2024-11-11 00:00:00+00:00
[2024-11-11T19:56:09.020+0000] {processor.py:208} INFO - Processing /home/airflow/.local/lib/python3.12/site-packages/airflow/example_dags/example_inlet_event_extra.py took 1.404 seconds
[2024-11-11T19:56:39.752+0000] {processor.py:186} INFO - Started process (PID=8760) to work on /home/airflow/.local/lib/python3.12/site-packages/airflow/example_dags/example_inlet_event_extra.py
[2024-11-11T19:56:39.755+0000] {processor.py:914} INFO - Processing file /home/airflow/.local/lib/python3.12/site-packages/airflow/example_dags/example_inlet_event_extra.py for tasks to queue
[2024-11-11T19:56:39.763+0000] {logging_mixin.py:190} INFO - [2024-11-11T19:56:39.762+0000] {dagbag.py:588} INFO - Filling up the DagBag from /home/airflow/.local/lib/python3.12/site-packages/airflow/example_dags/example_inlet_event_extra.py
[2024-11-11T19:56:40.954+0000] {processor.py:925} INFO - DAG(s) 'read_dataset_event', 'read_dataset_event_from_classic' retrieved from /home/airflow/.local/lib/python3.12/site-packages/airflow/example_dags/example_inlet_event_extra.py
[2024-11-11T19:56:40.991+0000] {logging_mixin.py:190} INFO - [2024-11-11T19:56:40.990+0000] {dag.py:3239} INFO - Sync 2 DAGs
[2024-11-11T19:56:41.049+0000] {logging_mixin.py:190} INFO - [2024-11-11T19:56:41.049+0000] {dag.py:4180} INFO - Setting next_dagrun for read_dataset_event to 2024-11-10 00:00:00+00:00, run_after=2024-11-11 00:00:00+00:00
[2024-11-11T19:56:41.061+0000] {logging_mixin.py:190} INFO - [2024-11-11T19:56:41.060+0000] {dag.py:4180} INFO - Setting next_dagrun for read_dataset_event_from_classic to 2024-11-10 00:00:00+00:00, run_after=2024-11-11 00:00:00+00:00
[2024-11-11T19:56:41.102+0000] {processor.py:208} INFO - Processing /home/airflow/.local/lib/python3.12/site-packages/airflow/example_dags/example_inlet_event_extra.py took 1.367 seconds
[2024-11-11T19:57:11.779+0000] {processor.py:186} INFO - Started process (PID=9076) to work on /home/airflow/.local/lib/python3.12/site-packages/airflow/example_dags/example_inlet_event_extra.py
[2024-11-11T19:57:11.781+0000] {processor.py:914} INFO - Processing file /home/airflow/.local/lib/python3.12/site-packages/airflow/example_dags/example_inlet_event_extra.py for tasks to queue
[2024-11-11T19:57:11.784+0000] {logging_mixin.py:190} INFO - [2024-11-11T19:57:11.784+0000] {dagbag.py:588} INFO - Filling up the DagBag from /home/airflow/.local/lib/python3.12/site-packages/airflow/example_dags/example_inlet_event_extra.py
[2024-11-11T19:57:12.879+0000] {processor.py:925} INFO - DAG(s) 'read_dataset_event_from_classic', 'read_dataset_event' retrieved from /home/airflow/.local/lib/python3.12/site-packages/airflow/example_dags/example_inlet_event_extra.py
[2024-11-11T19:57:12.916+0000] {logging_mixin.py:190} INFO - [2024-11-11T19:57:12.915+0000] {dag.py:3239} INFO - Sync 2 DAGs
[2024-11-11T19:57:12.963+0000] {logging_mixin.py:190} INFO - [2024-11-11T19:57:12.963+0000] {dag.py:4180} INFO - Setting next_dagrun for read_dataset_event to 2024-11-10 00:00:00+00:00, run_after=2024-11-11 00:00:00+00:00
[2024-11-11T19:57:12.976+0000] {logging_mixin.py:190} INFO - [2024-11-11T19:57:12.976+0000] {dag.py:4180} INFO - Setting next_dagrun for read_dataset_event_from_classic to 2024-11-10 00:00:00+00:00, run_after=2024-11-11 00:00:00+00:00
[2024-11-11T19:57:13.027+0000] {processor.py:208} INFO - Processing /home/airflow/.local/lib/python3.12/site-packages/airflow/example_dags/example_inlet_event_extra.py took 1.260 seconds
[2024-11-11T19:57:43.919+0000] {processor.py:186} INFO - Started process (PID=9367) to work on /home/airflow/.local/lib/python3.12/site-packages/airflow/example_dags/example_inlet_event_extra.py
[2024-11-11T19:57:43.923+0000] {processor.py:914} INFO - Processing file /home/airflow/.local/lib/python3.12/site-packages/airflow/example_dags/example_inlet_event_extra.py for tasks to queue
[2024-11-11T19:57:43.932+0000] {logging_mixin.py:190} INFO - [2024-11-11T19:57:43.931+0000] {dagbag.py:588} INFO - Filling up the DagBag from /home/airflow/.local/lib/python3.12/site-packages/airflow/example_dags/example_inlet_event_extra.py
[2024-11-11T19:57:46.204+0000] {processor.py:925} INFO - DAG(s) 'read_dataset_event', 'read_dataset_event_from_classic' retrieved from /home/airflow/.local/lib/python3.12/site-packages/airflow/example_dags/example_inlet_event_extra.py
[2024-11-11T19:57:46.238+0000] {logging_mixin.py:190} INFO - [2024-11-11T19:57:46.237+0000] {dag.py:3239} INFO - Sync 2 DAGs
[2024-11-11T19:57:46.280+0000] {logging_mixin.py:190} INFO - [2024-11-11T19:57:46.280+0000] {dag.py:4180} INFO - Setting next_dagrun for read_dataset_event to 2024-11-10 00:00:00+00:00, run_after=2024-11-11 00:00:00+00:00
[2024-11-11T19:57:46.290+0000] {logging_mixin.py:190} INFO - [2024-11-11T19:57:46.290+0000] {dag.py:4180} INFO - Setting next_dagrun for read_dataset_event_from_classic to 2024-11-10 00:00:00+00:00, run_after=2024-11-11 00:00:00+00:00
[2024-11-11T19:57:46.329+0000] {processor.py:208} INFO - Processing /home/airflow/.local/lib/python3.12/site-packages/airflow/example_dags/example_inlet_event_extra.py took 1.527 seconds
[2024-11-11T19:58:17.194+0000] {processor.py:186} INFO - Started process (PID=9658) to work on /home/airflow/.local/lib/python3.12/site-packages/airflow/example_dags/example_inlet_event_extra.py
[2024-11-11T19:58:17.197+0000] {processor.py:914} INFO - Processing file /home/airflow/.local/lib/python3.12/site-packages/airflow/example_dags/example_inlet_event_extra.py for tasks to queue
[2024-11-11T19:58:17.203+0000] {logging_mixin.py:190} INFO - [2024-11-11T19:58:17.203+0000] {dagbag.py:588} INFO - Filling up the DagBag from /home/airflow/.local/lib/python3.12/site-packages/airflow/example_dags/example_inlet_event_extra.py
[2024-11-11T19:58:18.549+0000] {processor.py:925} INFO - DAG(s) 'read_dataset_event_from_classic', 'read_dataset_event' retrieved from /home/airflow/.local/lib/python3.12/site-packages/airflow/example_dags/example_inlet_event_extra.py
[2024-11-11T19:58:18.605+0000] {logging_mixin.py:190} INFO - [2024-11-11T19:58:18.605+0000] {dag.py:3239} INFO - Sync 2 DAGs
[2024-11-11T19:58:18.671+0000] {logging_mixin.py:190} INFO - [2024-11-11T19:58:18.670+0000] {dag.py:4180} INFO - Setting next_dagrun for read_dataset_event to 2024-11-10 00:00:00+00:00, run_after=2024-11-11 00:00:00+00:00
[2024-11-11T19:58:18.682+0000] {logging_mixin.py:190} INFO - [2024-11-11T19:58:18.681+0000] {dag.py:4180} INFO - Setting next_dagrun for read_dataset_event_from_classic to 2024-11-10 00:00:00+00:00, run_after=2024-11-11 00:00:00+00:00
[2024-11-11T19:58:18.718+0000] {processor.py:208} INFO - Processing /home/airflow/.local/lib/python3.12/site-packages/airflow/example_dags/example_inlet_event_extra.py took 1.550 seconds
[2024-11-11T19:58:49.508+0000] {processor.py:186} INFO - Started process (PID=9959) to work on /home/airflow/.local/lib/python3.12/site-packages/airflow/example_dags/example_inlet_event_extra.py
[2024-11-11T19:58:49.510+0000] {processor.py:914} INFO - Processing file /home/airflow/.local/lib/python3.12/site-packages/airflow/example_dags/example_inlet_event_extra.py for tasks to queue
[2024-11-11T19:58:49.516+0000] {logging_mixin.py:190} INFO - [2024-11-11T19:58:49.515+0000] {dagbag.py:588} INFO - Filling up the DagBag from /home/airflow/.local/lib/python3.12/site-packages/airflow/example_dags/example_inlet_event_extra.py
[2024-11-11T19:58:50.695+0000] {processor.py:925} INFO - DAG(s) 'read_dataset_event_from_classic', 'read_dataset_event' retrieved from /home/airflow/.local/lib/python3.12/site-packages/airflow/example_dags/example_inlet_event_extra.py
[2024-11-11T19:58:50.734+0000] {logging_mixin.py:190} INFO - [2024-11-11T19:58:50.733+0000] {dag.py:3239} INFO - Sync 2 DAGs
[2024-11-11T19:58:50.776+0000] {logging_mixin.py:190} INFO - [2024-11-11T19:58:50.776+0000] {dag.py:4180} INFO - Setting next_dagrun for read_dataset_event to 2024-11-10 00:00:00+00:00, run_after=2024-11-11 00:00:00+00:00
[2024-11-11T19:58:50.785+0000] {logging_mixin.py:190} INFO - [2024-11-11T19:58:50.784+0000] {dag.py:4180} INFO - Setting next_dagrun for read_dataset_event_from_classic to 2024-11-10 00:00:00+00:00, run_after=2024-11-11 00:00:00+00:00
[2024-11-11T19:58:50.811+0000] {processor.py:208} INFO - Processing /home/airflow/.local/lib/python3.12/site-packages/airflow/example_dags/example_inlet_event_extra.py took 1.315 seconds
[2024-11-11T19:59:21.491+0000] {processor.py:186} INFO - Started process (PID=10260) to work on /home/airflow/.local/lib/python3.12/site-packages/airflow/example_dags/example_inlet_event_extra.py
[2024-11-11T19:59:21.493+0000] {processor.py:914} INFO - Processing file /home/airflow/.local/lib/python3.12/site-packages/airflow/example_dags/example_inlet_event_extra.py for tasks to queue
[2024-11-11T19:59:21.498+0000] {logging_mixin.py:190} INFO - [2024-11-11T19:59:21.497+0000] {dagbag.py:588} INFO - Filling up the DagBag from /home/airflow/.local/lib/python3.12/site-packages/airflow/example_dags/example_inlet_event_extra.py
[2024-11-11T19:59:22.781+0000] {processor.py:925} INFO - DAG(s) 'read_dataset_event', 'read_dataset_event_from_classic' retrieved from /home/airflow/.local/lib/python3.12/site-packages/airflow/example_dags/example_inlet_event_extra.py
[2024-11-11T19:59:22.839+0000] {logging_mixin.py:190} INFO - [2024-11-11T19:59:22.839+0000] {dag.py:3239} INFO - Sync 2 DAGs
[2024-11-11T19:59:22.913+0000] {logging_mixin.py:190} INFO - [2024-11-11T19:59:22.912+0000] {dag.py:4180} INFO - Setting next_dagrun for read_dataset_event to 2024-11-10 00:00:00+00:00, run_after=2024-11-11 00:00:00+00:00
[2024-11-11T19:59:22.928+0000] {logging_mixin.py:190} INFO - [2024-11-11T19:59:22.928+0000] {dag.py:4180} INFO - Setting next_dagrun for read_dataset_event_from_classic to 2024-11-10 00:00:00+00:00, run_after=2024-11-11 00:00:00+00:00
[2024-11-11T19:59:22.979+0000] {processor.py:208} INFO - Processing /home/airflow/.local/lib/python3.12/site-packages/airflow/example_dags/example_inlet_event_extra.py took 1.506 seconds
[2024-11-11T19:59:53.065+0000] {processor.py:186} INFO - Started process (PID=10551) to work on /home/airflow/.local/lib/python3.12/site-packages/airflow/example_dags/example_inlet_event_extra.py
[2024-11-11T19:59:53.067+0000] {processor.py:914} INFO - Processing file /home/airflow/.local/lib/python3.12/site-packages/airflow/example_dags/example_inlet_event_extra.py for tasks to queue
[2024-11-11T19:59:53.071+0000] {logging_mixin.py:190} INFO - [2024-11-11T19:59:53.070+0000] {dagbag.py:588} INFO - Filling up the DagBag from /home/airflow/.local/lib/python3.12/site-packages/airflow/example_dags/example_inlet_event_extra.py
[2024-11-11T19:59:54.251+0000] {processor.py:925} INFO - DAG(s) 'read_dataset_event_from_classic', 'read_dataset_event' retrieved from /home/airflow/.local/lib/python3.12/site-packages/airflow/example_dags/example_inlet_event_extra.py
[2024-11-11T19:59:54.294+0000] {logging_mixin.py:190} INFO - [2024-11-11T19:59:54.294+0000] {dag.py:3239} INFO - Sync 2 DAGs
[2024-11-11T19:59:54.347+0000] {logging_mixin.py:190} INFO - [2024-11-11T19:59:54.347+0000] {dag.py:4180} INFO - Setting next_dagrun for read_dataset_event to 2024-11-10 00:00:00+00:00, run_after=2024-11-11 00:00:00+00:00
[2024-11-11T19:59:54.381+0000] {logging_mixin.py:190} INFO - [2024-11-11T19:59:54.380+0000] {dag.py:4180} INFO - Setting next_dagrun for read_dataset_event_from_classic to 2024-11-10 00:00:00+00:00, run_after=2024-11-11 00:00:00+00:00
[2024-11-11T19:59:54.420+0000] {processor.py:208} INFO - Processing /home/airflow/.local/lib/python3.12/site-packages/airflow/example_dags/example_inlet_event_extra.py took 1.365 seconds
[2024-11-11T20:00:24.803+0000] {processor.py:186} INFO - Started process (PID=10842) to work on /home/airflow/.local/lib/python3.12/site-packages/airflow/example_dags/example_inlet_event_extra.py
[2024-11-11T20:00:24.808+0000] {processor.py:914} INFO - Processing file /home/airflow/.local/lib/python3.12/site-packages/airflow/example_dags/example_inlet_event_extra.py for tasks to queue
[2024-11-11T20:00:24.821+0000] {logging_mixin.py:190} INFO - [2024-11-11T20:00:24.819+0000] {dagbag.py:588} INFO - Filling up the DagBag from /home/airflow/.local/lib/python3.12/site-packages/airflow/example_dags/example_inlet_event_extra.py
[2024-11-11T20:00:26.840+0000] {processor.py:925} INFO - DAG(s) 'read_dataset_event', 'read_dataset_event_from_classic' retrieved from /home/airflow/.local/lib/python3.12/site-packages/airflow/example_dags/example_inlet_event_extra.py
[2024-11-11T20:00:26.885+0000] {logging_mixin.py:190} INFO - [2024-11-11T20:00:26.884+0000] {dag.py:3239} INFO - Sync 2 DAGs
[2024-11-11T20:00:26.941+0000] {logging_mixin.py:190} INFO - [2024-11-11T20:00:26.940+0000] {dag.py:4180} INFO - Setting next_dagrun for read_dataset_event to 2024-11-10 00:00:00+00:00, run_after=2024-11-11 00:00:00+00:00
[2024-11-11T20:00:26.952+0000] {logging_mixin.py:190} INFO - [2024-11-11T20:00:26.951+0000] {dag.py:4180} INFO - Setting next_dagrun for read_dataset_event_from_classic to 2024-11-10 00:00:00+00:00, run_after=2024-11-11 00:00:00+00:00
[2024-11-11T20:00:26.991+0000] {processor.py:208} INFO - Processing /home/airflow/.local/lib/python3.12/site-packages/airflow/example_dags/example_inlet_event_extra.py took 2.227 seconds
[2024-11-11T20:00:57.834+0000] {processor.py:186} INFO - Started process (PID=11133) to work on /home/airflow/.local/lib/python3.12/site-packages/airflow/example_dags/example_inlet_event_extra.py
[2024-11-11T20:00:57.843+0000] {processor.py:914} INFO - Processing file /home/airflow/.local/lib/python3.12/site-packages/airflow/example_dags/example_inlet_event_extra.py for tasks to queue
[2024-11-11T20:00:57.854+0000] {logging_mixin.py:190} INFO - [2024-11-11T20:00:57.853+0000] {dagbag.py:588} INFO - Filling up the DagBag from /home/airflow/.local/lib/python3.12/site-packages/airflow/example_dags/example_inlet_event_extra.py
[2024-11-11T20:00:59.010+0000] {processor.py:925} INFO - DAG(s) 'read_dataset_event_from_classic', 'read_dataset_event' retrieved from /home/airflow/.local/lib/python3.12/site-packages/airflow/example_dags/example_inlet_event_extra.py
[2024-11-11T20:00:59.052+0000] {logging_mixin.py:190} INFO - [2024-11-11T20:00:59.051+0000] {dag.py:3239} INFO - Sync 2 DAGs
[2024-11-11T20:00:59.152+0000] {logging_mixin.py:190} INFO - [2024-11-11T20:00:59.151+0000] {dag.py:4180} INFO - Setting next_dagrun for read_dataset_event to 2024-11-10 00:00:00+00:00, run_after=2024-11-11 00:00:00+00:00
[2024-11-11T20:00:59.165+0000] {logging_mixin.py:190} INFO - [2024-11-11T20:00:59.165+0000] {dag.py:4180} INFO - Setting next_dagrun for read_dataset_event_from_classic to 2024-11-10 00:00:00+00:00, run_after=2024-11-11 00:00:00+00:00
[2024-11-11T20:00:59.229+0000] {processor.py:208} INFO - Processing /home/airflow/.local/lib/python3.12/site-packages/airflow/example_dags/example_inlet_event_extra.py took 1.424 seconds
[2024-11-11T20:01:29.336+0000] {processor.py:186} INFO - Started process (PID=11424) to work on /home/airflow/.local/lib/python3.12/site-packages/airflow/example_dags/example_inlet_event_extra.py
[2024-11-11T20:01:29.339+0000] {processor.py:914} INFO - Processing file /home/airflow/.local/lib/python3.12/site-packages/airflow/example_dags/example_inlet_event_extra.py for tasks to queue
[2024-11-11T20:01:29.348+0000] {logging_mixin.py:190} INFO - [2024-11-11T20:01:29.347+0000] {dagbag.py:588} INFO - Filling up the DagBag from /home/airflow/.local/lib/python3.12/site-packages/airflow/example_dags/example_inlet_event_extra.py
[2024-11-11T20:01:30.553+0000] {processor.py:925} INFO - DAG(s) 'read_dataset_event', 'read_dataset_event_from_classic' retrieved from /home/airflow/.local/lib/python3.12/site-packages/airflow/example_dags/example_inlet_event_extra.py
[2024-11-11T20:01:30.617+0000] {logging_mixin.py:190} INFO - [2024-11-11T20:01:30.615+0000] {dag.py:3239} INFO - Sync 2 DAGs
[2024-11-11T20:01:30.691+0000] {logging_mixin.py:190} INFO - [2024-11-11T20:01:30.691+0000] {dag.py:4180} INFO - Setting next_dagrun for read_dataset_event to 2024-11-10 00:00:00+00:00, run_after=2024-11-11 00:00:00+00:00
[2024-11-11T20:01:30.705+0000] {logging_mixin.py:190} INFO - [2024-11-11T20:01:30.705+0000] {dag.py:4180} INFO - Setting next_dagrun for read_dataset_event_from_classic to 2024-11-10 00:00:00+00:00, run_after=2024-11-11 00:00:00+00:00
[2024-11-11T20:01:30.740+0000] {processor.py:208} INFO - Processing /home/airflow/.local/lib/python3.12/site-packages/airflow/example_dags/example_inlet_event_extra.py took 1.420 seconds
[2024-11-11T20:02:02.030+0000] {processor.py:186} INFO - Started process (PID=11726) to work on /home/airflow/.local/lib/python3.12/site-packages/airflow/example_dags/example_inlet_event_extra.py
[2024-11-11T20:02:02.031+0000] {processor.py:914} INFO - Processing file /home/airflow/.local/lib/python3.12/site-packages/airflow/example_dags/example_inlet_event_extra.py for tasks to queue
[2024-11-11T20:02:02.035+0000] {logging_mixin.py:190} INFO - [2024-11-11T20:02:02.035+0000] {dagbag.py:588} INFO - Filling up the DagBag from /home/airflow/.local/lib/python3.12/site-packages/airflow/example_dags/example_inlet_event_extra.py
[2024-11-11T20:02:03.523+0000] {processor.py:925} INFO - DAG(s) 'read_dataset_event', 'read_dataset_event_from_classic' retrieved from /home/airflow/.local/lib/python3.12/site-packages/airflow/example_dags/example_inlet_event_extra.py
[2024-11-11T20:02:03.587+0000] {logging_mixin.py:190} INFO - [2024-11-11T20:02:03.586+0000] {dag.py:3239} INFO - Sync 2 DAGs
[2024-11-11T20:02:03.720+0000] {logging_mixin.py:190} INFO - [2024-11-11T20:02:03.720+0000] {dag.py:4180} INFO - Setting next_dagrun for read_dataset_event to 2024-11-10 00:00:00+00:00, run_after=2024-11-11 00:00:00+00:00
[2024-11-11T20:02:03.743+0000] {logging_mixin.py:190} INFO - [2024-11-11T20:02:03.742+0000] {dag.py:4180} INFO - Setting next_dagrun for read_dataset_event_from_classic to 2024-11-10 00:00:00+00:00, run_after=2024-11-11 00:00:00+00:00
[2024-11-11T20:02:03.811+0000] {processor.py:208} INFO - Processing /home/airflow/.local/lib/python3.12/site-packages/airflow/example_dags/example_inlet_event_extra.py took 1.794 seconds
[2024-11-11T20:02:35.574+0000] {processor.py:186} INFO - Started process (PID=12035) to work on /home/airflow/.local/lib/python3.12/site-packages/airflow/example_dags/example_inlet_event_extra.py
[2024-11-11T20:02:35.585+0000] {processor.py:914} INFO - Processing file /home/airflow/.local/lib/python3.12/site-packages/airflow/example_dags/example_inlet_event_extra.py for tasks to queue
[2024-11-11T20:02:35.595+0000] {logging_mixin.py:190} INFO - [2024-11-11T20:02:35.593+0000] {dagbag.py:588} INFO - Filling up the DagBag from /home/airflow/.local/lib/python3.12/site-packages/airflow/example_dags/example_inlet_event_extra.py
[2024-11-11T20:02:36.956+0000] {processor.py:925} INFO - DAG(s) 'read_dataset_event_from_classic', 'read_dataset_event' retrieved from /home/airflow/.local/lib/python3.12/site-packages/airflow/example_dags/example_inlet_event_extra.py
[2024-11-11T20:02:36.993+0000] {logging_mixin.py:190} INFO - [2024-11-11T20:02:36.992+0000] {dag.py:3239} INFO - Sync 2 DAGs
[2024-11-11T20:02:37.053+0000] {logging_mixin.py:190} INFO - [2024-11-11T20:02:37.052+0000] {dag.py:4180} INFO - Setting next_dagrun for read_dataset_event to 2024-11-10 00:00:00+00:00, run_after=2024-11-11 00:00:00+00:00
[2024-11-11T20:02:37.065+0000] {logging_mixin.py:190} INFO - [2024-11-11T20:02:37.064+0000] {dag.py:4180} INFO - Setting next_dagrun for read_dataset_event_from_classic to 2024-11-10 00:00:00+00:00, run_after=2024-11-11 00:00:00+00:00
[2024-11-11T20:02:37.102+0000] {processor.py:208} INFO - Processing /home/airflow/.local/lib/python3.12/site-packages/airflow/example_dags/example_inlet_event_extra.py took 1.562 seconds
