[2024-11-11T19:41:47.649+0000] {processor.py:186} INFO - Started process (PID=462) to work on /home/airflow/.local/lib/python3.12/site-packages/airflow/example_dags/example_params_ui_tutorial.py
[2024-11-11T19:41:47.650+0000] {processor.py:914} INFO - Processing file /home/airflow/.local/lib/python3.12/site-packages/airflow/example_dags/example_params_ui_tutorial.py for tasks to queue
[2024-11-11T19:41:47.654+0000] {logging_mixin.py:190} INFO - [2024-11-11T19:41:47.653+0000] {dagbag.py:588} INFO - Filling up the DagBag from /home/airflow/.local/lib/python3.12/site-packages/airflow/example_dags/example_params_ui_tutorial.py
[2024-11-11T19:41:47.671+0000] {processor.py:925} INFO - DAG(s) 'example_params_ui_tutorial' retrieved from /home/airflow/.local/lib/python3.12/site-packages/airflow/example_dags/example_params_ui_tutorial.py
[2024-11-11T19:41:47.895+0000] {logging_mixin.py:190} INFO - [2024-11-11T19:41:47.894+0000] {override.py:1911} INFO - Created Permission View: can delete on DAG:example_params_ui_tutorial
[2024-11-11T19:41:47.913+0000] {logging_mixin.py:190} INFO - [2024-11-11T19:41:47.913+0000] {override.py:1911} INFO - Created Permission View: can read on DAG:example_params_ui_tutorial
[2024-11-11T19:41:47.925+0000] {logging_mixin.py:190} INFO - [2024-11-11T19:41:47.925+0000] {override.py:1911} INFO - Created Permission View: can edit on DAG:example_params_ui_tutorial
[2024-11-11T19:41:47.940+0000] {logging_mixin.py:190} INFO - [2024-11-11T19:41:47.939+0000] {override.py:1911} INFO - Created Permission View: can delete on DAG Run:example_params_ui_tutorial
[2024-11-11T19:41:47.953+0000] {logging_mixin.py:190} INFO - [2024-11-11T19:41:47.952+0000] {override.py:1911} INFO - Created Permission View: can create on DAG Run:example_params_ui_tutorial
[2024-11-11T19:41:47.965+0000] {logging_mixin.py:190} INFO - [2024-11-11T19:41:47.964+0000] {override.py:1911} INFO - Created Permission View: menu access on DAG Run:example_params_ui_tutorial
[2024-11-11T19:41:47.978+0000] {logging_mixin.py:190} INFO - [2024-11-11T19:41:47.977+0000] {override.py:1911} INFO - Created Permission View: can read on DAG Run:example_params_ui_tutorial
[2024-11-11T19:41:47.978+0000] {logging_mixin.py:190} INFO - [2024-11-11T19:41:47.978+0000] {dag.py:3239} INFO - Sync 1 DAGs
[2024-11-11T19:41:48.003+0000] {logging_mixin.py:190} INFO - [2024-11-11T19:41:48.002+0000] {dag.py:3262} INFO - Creating ORM DAG for example_params_ui_tutorial
[2024-11-11T19:41:48.004+0000] {logging_mixin.py:190} INFO - [2024-11-11T19:41:48.004+0000] {dag.py:4180} INFO - Setting next_dagrun for example_params_ui_tutorial to None, run_after=None
[2024-11-11T19:41:48.037+0000] {processor.py:208} INFO - Processing /home/airflow/.local/lib/python3.12/site-packages/airflow/example_dags/example_params_ui_tutorial.py took 0.397 seconds
[2024-11-11T19:42:19.390+0000] {processor.py:186} INFO - Started process (PID=753) to work on /home/airflow/.local/lib/python3.12/site-packages/airflow/example_dags/example_params_ui_tutorial.py
[2024-11-11T19:42:19.393+0000] {processor.py:914} INFO - Processing file /home/airflow/.local/lib/python3.12/site-packages/airflow/example_dags/example_params_ui_tutorial.py for tasks to queue
[2024-11-11T19:42:19.400+0000] {logging_mixin.py:190} INFO - [2024-11-11T19:42:19.399+0000] {dagbag.py:588} INFO - Filling up the DagBag from /home/airflow/.local/lib/python3.12/site-packages/airflow/example_dags/example_params_ui_tutorial.py
[2024-11-11T19:42:19.428+0000] {processor.py:925} INFO - DAG(s) 'example_params_ui_tutorial' retrieved from /home/airflow/.local/lib/python3.12/site-packages/airflow/example_dags/example_params_ui_tutorial.py
[2024-11-11T19:42:19.541+0000] {logging_mixin.py:190} INFO - [2024-11-11T19:42:19.540+0000] {dag.py:3239} INFO - Sync 1 DAGs
[2024-11-11T19:42:19.575+0000] {logging_mixin.py:190} INFO - [2024-11-11T19:42:19.574+0000] {dag.py:4180} INFO - Setting next_dagrun for example_params_ui_tutorial to None, run_after=None
[2024-11-11T19:42:19.624+0000] {processor.py:208} INFO - Processing /home/airflow/.local/lib/python3.12/site-packages/airflow/example_dags/example_params_ui_tutorial.py took 0.249 seconds
[2024-11-11T19:42:50.490+0000] {processor.py:186} INFO - Started process (PID=1047) to work on /home/airflow/.local/lib/python3.12/site-packages/airflow/example_dags/example_params_ui_tutorial.py
[2024-11-11T19:42:50.492+0000] {processor.py:914} INFO - Processing file /home/airflow/.local/lib/python3.12/site-packages/airflow/example_dags/example_params_ui_tutorial.py for tasks to queue
[2024-11-11T19:42:50.495+0000] {logging_mixin.py:190} INFO - [2024-11-11T19:42:50.495+0000] {dagbag.py:588} INFO - Filling up the DagBag from /home/airflow/.local/lib/python3.12/site-packages/airflow/example_dags/example_params_ui_tutorial.py
[2024-11-11T19:42:50.510+0000] {processor.py:925} INFO - DAG(s) 'example_params_ui_tutorial' retrieved from /home/airflow/.local/lib/python3.12/site-packages/airflow/example_dags/example_params_ui_tutorial.py
[2024-11-11T19:42:50.585+0000] {logging_mixin.py:190} INFO - [2024-11-11T19:42:50.585+0000] {dag.py:3239} INFO - Sync 1 DAGs
[2024-11-11T19:42:50.609+0000] {logging_mixin.py:190} INFO - [2024-11-11T19:42:50.608+0000] {dag.py:4180} INFO - Setting next_dagrun for example_params_ui_tutorial to None, run_after=None
[2024-11-11T19:42:50.642+0000] {processor.py:208} INFO - Processing /home/airflow/.local/lib/python3.12/site-packages/airflow/example_dags/example_params_ui_tutorial.py took 0.161 seconds
[2024-11-11T19:43:21.249+0000] {processor.py:186} INFO - Started process (PID=1336) to work on /home/airflow/.local/lib/python3.12/site-packages/airflow/example_dags/example_params_ui_tutorial.py
[2024-11-11T19:43:21.250+0000] {processor.py:914} INFO - Processing file /home/airflow/.local/lib/python3.12/site-packages/airflow/example_dags/example_params_ui_tutorial.py for tasks to queue
[2024-11-11T19:43:21.253+0000] {logging_mixin.py:190} INFO - [2024-11-11T19:43:21.253+0000] {dagbag.py:588} INFO - Filling up the DagBag from /home/airflow/.local/lib/python3.12/site-packages/airflow/example_dags/example_params_ui_tutorial.py
[2024-11-11T19:43:21.269+0000] {processor.py:925} INFO - DAG(s) 'example_params_ui_tutorial' retrieved from /home/airflow/.local/lib/python3.12/site-packages/airflow/example_dags/example_params_ui_tutorial.py
[2024-11-11T19:43:21.389+0000] {logging_mixin.py:190} INFO - [2024-11-11T19:43:21.389+0000] {dag.py:3239} INFO - Sync 1 DAGs
[2024-11-11T19:43:21.420+0000] {logging_mixin.py:190} INFO - [2024-11-11T19:43:21.420+0000] {dag.py:4180} INFO - Setting next_dagrun for example_params_ui_tutorial to None, run_after=None
[2024-11-11T19:43:21.464+0000] {processor.py:208} INFO - Processing /home/airflow/.local/lib/python3.12/site-packages/airflow/example_dags/example_params_ui_tutorial.py took 0.225 seconds
[2024-11-11T19:43:52.357+0000] {processor.py:186} INFO - Started process (PID=1627) to work on /home/airflow/.local/lib/python3.12/site-packages/airflow/example_dags/example_params_ui_tutorial.py
[2024-11-11T19:43:52.359+0000] {processor.py:914} INFO - Processing file /home/airflow/.local/lib/python3.12/site-packages/airflow/example_dags/example_params_ui_tutorial.py for tasks to queue
[2024-11-11T19:43:52.366+0000] {logging_mixin.py:190} INFO - [2024-11-11T19:43:52.365+0000] {dagbag.py:588} INFO - Filling up the DagBag from /home/airflow/.local/lib/python3.12/site-packages/airflow/example_dags/example_params_ui_tutorial.py
[2024-11-11T19:43:52.390+0000] {processor.py:925} INFO - DAG(s) 'example_params_ui_tutorial' retrieved from /home/airflow/.local/lib/python3.12/site-packages/airflow/example_dags/example_params_ui_tutorial.py
[2024-11-11T19:43:52.473+0000] {logging_mixin.py:190} INFO - [2024-11-11T19:43:52.472+0000] {dag.py:3239} INFO - Sync 1 DAGs
[2024-11-11T19:43:52.501+0000] {logging_mixin.py:190} INFO - [2024-11-11T19:43:52.500+0000] {dag.py:4180} INFO - Setting next_dagrun for example_params_ui_tutorial to None, run_after=None
[2024-11-11T19:43:52.536+0000] {processor.py:208} INFO - Processing /home/airflow/.local/lib/python3.12/site-packages/airflow/example_dags/example_params_ui_tutorial.py took 0.198 seconds
[2024-11-11T19:44:25.744+0000] {processor.py:186} INFO - Started process (PID=1920) to work on /home/airflow/.local/lib/python3.12/site-packages/airflow/example_dags/example_params_ui_tutorial.py
[2024-11-11T19:44:25.746+0000] {processor.py:914} INFO - Processing file /home/airflow/.local/lib/python3.12/site-packages/airflow/example_dags/example_params_ui_tutorial.py for tasks to queue
[2024-11-11T19:44:25.750+0000] {logging_mixin.py:190} INFO - [2024-11-11T19:44:25.749+0000] {dagbag.py:588} INFO - Filling up the DagBag from /home/airflow/.local/lib/python3.12/site-packages/airflow/example_dags/example_params_ui_tutorial.py
[2024-11-11T19:44:25.775+0000] {processor.py:925} INFO - DAG(s) 'example_params_ui_tutorial' retrieved from /home/airflow/.local/lib/python3.12/site-packages/airflow/example_dags/example_params_ui_tutorial.py
[2024-11-11T19:44:25.997+0000] {logging_mixin.py:190} INFO - [2024-11-11T19:44:25.997+0000] {dag.py:3239} INFO - Sync 1 DAGs
[2024-11-11T19:44:26.057+0000] {logging_mixin.py:190} INFO - [2024-11-11T19:44:26.056+0000] {dag.py:4180} INFO - Setting next_dagrun for example_params_ui_tutorial to None, run_after=None
[2024-11-11T19:44:26.109+0000] {processor.py:208} INFO - Processing /home/airflow/.local/lib/python3.12/site-packages/airflow/example_dags/example_params_ui_tutorial.py took 0.381 seconds
[2024-11-11T19:44:57.065+0000] {processor.py:186} INFO - Started process (PID=2209) to work on /home/airflow/.local/lib/python3.12/site-packages/airflow/example_dags/example_params_ui_tutorial.py
[2024-11-11T19:44:57.068+0000] {processor.py:914} INFO - Processing file /home/airflow/.local/lib/python3.12/site-packages/airflow/example_dags/example_params_ui_tutorial.py for tasks to queue
[2024-11-11T19:44:57.074+0000] {logging_mixin.py:190} INFO - [2024-11-11T19:44:57.074+0000] {dagbag.py:588} INFO - Filling up the DagBag from /home/airflow/.local/lib/python3.12/site-packages/airflow/example_dags/example_params_ui_tutorial.py
[2024-11-11T19:44:57.103+0000] {processor.py:925} INFO - DAG(s) 'example_params_ui_tutorial' retrieved from /home/airflow/.local/lib/python3.12/site-packages/airflow/example_dags/example_params_ui_tutorial.py
[2024-11-11T19:44:57.217+0000] {logging_mixin.py:190} INFO - [2024-11-11T19:44:57.216+0000] {dag.py:3239} INFO - Sync 1 DAGs
[2024-11-11T19:44:57.244+0000] {logging_mixin.py:190} INFO - [2024-11-11T19:44:57.243+0000] {dag.py:4180} INFO - Setting next_dagrun for example_params_ui_tutorial to None, run_after=None
[2024-11-11T19:44:57.278+0000] {processor.py:208} INFO - Processing /home/airflow/.local/lib/python3.12/site-packages/airflow/example_dags/example_params_ui_tutorial.py took 0.232 seconds
[2024-11-11T19:45:27.636+0000] {processor.py:186} INFO - Started process (PID=2495) to work on /home/airflow/.local/lib/python3.12/site-packages/airflow/example_dags/example_params_ui_tutorial.py
[2024-11-11T19:45:27.637+0000] {processor.py:914} INFO - Processing file /home/airflow/.local/lib/python3.12/site-packages/airflow/example_dags/example_params_ui_tutorial.py for tasks to queue
[2024-11-11T19:45:27.641+0000] {logging_mixin.py:190} INFO - [2024-11-11T19:45:27.640+0000] {dagbag.py:588} INFO - Filling up the DagBag from /home/airflow/.local/lib/python3.12/site-packages/airflow/example_dags/example_params_ui_tutorial.py
[2024-11-11T19:45:27.656+0000] {processor.py:925} INFO - DAG(s) 'example_params_ui_tutorial' retrieved from /home/airflow/.local/lib/python3.12/site-packages/airflow/example_dags/example_params_ui_tutorial.py
[2024-11-11T19:45:27.736+0000] {logging_mixin.py:190} INFO - [2024-11-11T19:45:27.736+0000] {dag.py:3239} INFO - Sync 1 DAGs
[2024-11-11T19:45:27.759+0000] {logging_mixin.py:190} INFO - [2024-11-11T19:45:27.759+0000] {dag.py:4180} INFO - Setting next_dagrun for example_params_ui_tutorial to None, run_after=None
[2024-11-11T19:45:27.796+0000] {processor.py:208} INFO - Processing /home/airflow/.local/lib/python3.12/site-packages/airflow/example_dags/example_params_ui_tutorial.py took 0.171 seconds
[2024-11-11T19:46:02.642+0000] {processor.py:186} INFO - Started process (PID=2791) to work on /home/airflow/.local/lib/python3.12/site-packages/airflow/example_dags/example_params_ui_tutorial.py
[2024-11-11T19:46:02.643+0000] {processor.py:914} INFO - Processing file /home/airflow/.local/lib/python3.12/site-packages/airflow/example_dags/example_params_ui_tutorial.py for tasks to queue
[2024-11-11T19:46:02.647+0000] {logging_mixin.py:190} INFO - [2024-11-11T19:46:02.647+0000] {dagbag.py:588} INFO - Filling up the DagBag from /home/airflow/.local/lib/python3.12/site-packages/airflow/example_dags/example_params_ui_tutorial.py
[2024-11-11T19:46:02.663+0000] {processor.py:925} INFO - DAG(s) 'example_params_ui_tutorial' retrieved from /home/airflow/.local/lib/python3.12/site-packages/airflow/example_dags/example_params_ui_tutorial.py
[2024-11-11T19:46:02.769+0000] {logging_mixin.py:190} INFO - [2024-11-11T19:46:02.769+0000] {dag.py:3239} INFO - Sync 1 DAGs
[2024-11-11T19:46:02.810+0000] {logging_mixin.py:190} INFO - [2024-11-11T19:46:02.809+0000] {dag.py:4180} INFO - Setting next_dagrun for example_params_ui_tutorial to None, run_after=None
[2024-11-11T19:46:02.853+0000] {processor.py:208} INFO - Processing /home/airflow/.local/lib/python3.12/site-packages/airflow/example_dags/example_params_ui_tutorial.py took 0.225 seconds
[2024-11-11T19:46:34.050+0000] {processor.py:186} INFO - Started process (PID=3092) to work on /home/airflow/.local/lib/python3.12/site-packages/airflow/example_dags/example_params_ui_tutorial.py
[2024-11-11T19:46:34.053+0000] {processor.py:914} INFO - Processing file /home/airflow/.local/lib/python3.12/site-packages/airflow/example_dags/example_params_ui_tutorial.py for tasks to queue
[2024-11-11T19:46:34.058+0000] {logging_mixin.py:190} INFO - [2024-11-11T19:46:34.057+0000] {dagbag.py:588} INFO - Filling up the DagBag from /home/airflow/.local/lib/python3.12/site-packages/airflow/example_dags/example_params_ui_tutorial.py
[2024-11-11T19:46:34.087+0000] {processor.py:925} INFO - DAG(s) 'example_params_ui_tutorial' retrieved from /home/airflow/.local/lib/python3.12/site-packages/airflow/example_dags/example_params_ui_tutorial.py
[2024-11-11T19:46:34.210+0000] {logging_mixin.py:190} INFO - [2024-11-11T19:46:34.210+0000] {dag.py:3239} INFO - Sync 1 DAGs
[2024-11-11T19:46:34.243+0000] {logging_mixin.py:190} INFO - [2024-11-11T19:46:34.242+0000] {dag.py:4180} INFO - Setting next_dagrun for example_params_ui_tutorial to None, run_after=None
[2024-11-11T19:46:34.274+0000] {processor.py:208} INFO - Processing /home/airflow/.local/lib/python3.12/site-packages/airflow/example_dags/example_params_ui_tutorial.py took 0.240 seconds
[2024-11-11T19:47:08.760+0000] {processor.py:186} INFO - Started process (PID=3383) to work on /home/airflow/.local/lib/python3.12/site-packages/airflow/example_dags/example_params_ui_tutorial.py
[2024-11-11T19:47:08.767+0000] {processor.py:914} INFO - Processing file /home/airflow/.local/lib/python3.12/site-packages/airflow/example_dags/example_params_ui_tutorial.py for tasks to queue
[2024-11-11T19:47:08.772+0000] {logging_mixin.py:190} INFO - [2024-11-11T19:47:08.771+0000] {dagbag.py:588} INFO - Filling up the DagBag from /home/airflow/.local/lib/python3.12/site-packages/airflow/example_dags/example_params_ui_tutorial.py
[2024-11-11T19:47:08.793+0000] {processor.py:925} INFO - DAG(s) 'example_params_ui_tutorial' retrieved from /home/airflow/.local/lib/python3.12/site-packages/airflow/example_dags/example_params_ui_tutorial.py
[2024-11-11T19:47:08.935+0000] {logging_mixin.py:190} INFO - [2024-11-11T19:47:08.934+0000] {dag.py:3239} INFO - Sync 1 DAGs
[2024-11-11T19:47:08.997+0000] {logging_mixin.py:190} INFO - [2024-11-11T19:47:08.996+0000] {dag.py:4180} INFO - Setting next_dagrun for example_params_ui_tutorial to None, run_after=None
[2024-11-11T19:47:09.063+0000] {processor.py:208} INFO - Processing /home/airflow/.local/lib/python3.12/site-packages/airflow/example_dags/example_params_ui_tutorial.py took 0.314 seconds
[2024-11-11T19:47:40.807+0000] {processor.py:186} INFO - Started process (PID=3685) to work on /home/airflow/.local/lib/python3.12/site-packages/airflow/example_dags/example_params_ui_tutorial.py
[2024-11-11T19:47:40.812+0000] {processor.py:914} INFO - Processing file /home/airflow/.local/lib/python3.12/site-packages/airflow/example_dags/example_params_ui_tutorial.py for tasks to queue
[2024-11-11T19:47:40.818+0000] {logging_mixin.py:190} INFO - [2024-11-11T19:47:40.817+0000] {dagbag.py:588} INFO - Filling up the DagBag from /home/airflow/.local/lib/python3.12/site-packages/airflow/example_dags/example_params_ui_tutorial.py
[2024-11-11T19:47:40.843+0000] {processor.py:925} INFO - DAG(s) 'example_params_ui_tutorial' retrieved from /home/airflow/.local/lib/python3.12/site-packages/airflow/example_dags/example_params_ui_tutorial.py
[2024-11-11T19:47:40.970+0000] {logging_mixin.py:190} INFO - [2024-11-11T19:47:40.970+0000] {dag.py:3239} INFO - Sync 1 DAGs
[2024-11-11T19:47:41.009+0000] {logging_mixin.py:190} INFO - [2024-11-11T19:47:41.009+0000] {dag.py:4180} INFO - Setting next_dagrun for example_params_ui_tutorial to None, run_after=None
[2024-11-11T19:47:41.057+0000] {processor.py:208} INFO - Processing /home/airflow/.local/lib/python3.12/site-packages/airflow/example_dags/example_params_ui_tutorial.py took 0.266 seconds
[2024-11-11T19:48:13.481+0000] {processor.py:186} INFO - Started process (PID=4007) to work on /home/airflow/.local/lib/python3.12/site-packages/airflow/example_dags/example_params_ui_tutorial.py
[2024-11-11T19:48:13.483+0000] {processor.py:914} INFO - Processing file /home/airflow/.local/lib/python3.12/site-packages/airflow/example_dags/example_params_ui_tutorial.py for tasks to queue
[2024-11-11T19:48:13.488+0000] {logging_mixin.py:190} INFO - [2024-11-11T19:48:13.487+0000] {dagbag.py:588} INFO - Filling up the DagBag from /home/airflow/.local/lib/python3.12/site-packages/airflow/example_dags/example_params_ui_tutorial.py
[2024-11-11T19:48:13.509+0000] {processor.py:925} INFO - DAG(s) 'example_params_ui_tutorial' retrieved from /home/airflow/.local/lib/python3.12/site-packages/airflow/example_dags/example_params_ui_tutorial.py
[2024-11-11T19:48:13.622+0000] {logging_mixin.py:190} INFO - [2024-11-11T19:48:13.622+0000] {dag.py:3239} INFO - Sync 1 DAGs
[2024-11-11T19:48:13.663+0000] {logging_mixin.py:190} INFO - [2024-11-11T19:48:13.662+0000] {dag.py:4180} INFO - Setting next_dagrun for example_params_ui_tutorial to None, run_after=None
[2024-11-11T19:48:13.695+0000] {processor.py:208} INFO - Processing /home/airflow/.local/lib/python3.12/site-packages/airflow/example_dags/example_params_ui_tutorial.py took 0.228 seconds
[2024-11-11T19:48:47.687+0000] {processor.py:186} INFO - Started process (PID=4339) to work on /home/airflow/.local/lib/python3.12/site-packages/airflow/example_dags/example_params_ui_tutorial.py
[2024-11-11T19:48:47.689+0000] {processor.py:914} INFO - Processing file /home/airflow/.local/lib/python3.12/site-packages/airflow/example_dags/example_params_ui_tutorial.py for tasks to queue
[2024-11-11T19:48:47.693+0000] {logging_mixin.py:190} INFO - [2024-11-11T19:48:47.692+0000] {dagbag.py:588} INFO - Filling up the DagBag from /home/airflow/.local/lib/python3.12/site-packages/airflow/example_dags/example_params_ui_tutorial.py
[2024-11-11T19:48:47.711+0000] {processor.py:925} INFO - DAG(s) 'example_params_ui_tutorial' retrieved from /home/airflow/.local/lib/python3.12/site-packages/airflow/example_dags/example_params_ui_tutorial.py
[2024-11-11T19:48:47.811+0000] {logging_mixin.py:190} INFO - [2024-11-11T19:48:47.810+0000] {dag.py:3239} INFO - Sync 1 DAGs
[2024-11-11T19:48:47.840+0000] {logging_mixin.py:190} INFO - [2024-11-11T19:48:47.839+0000] {dag.py:4180} INFO - Setting next_dagrun for example_params_ui_tutorial to None, run_after=None
[2024-11-11T19:48:47.882+0000] {processor.py:208} INFO - Processing /home/airflow/.local/lib/python3.12/site-packages/airflow/example_dags/example_params_ui_tutorial.py took 0.205 seconds
[2024-11-11T19:49:19.404+0000] {processor.py:186} INFO - Started process (PID=4635) to work on /home/airflow/.local/lib/python3.12/site-packages/airflow/example_dags/example_params_ui_tutorial.py
[2024-11-11T19:49:19.405+0000] {processor.py:914} INFO - Processing file /home/airflow/.local/lib/python3.12/site-packages/airflow/example_dags/example_params_ui_tutorial.py for tasks to queue
[2024-11-11T19:49:19.409+0000] {logging_mixin.py:190} INFO - [2024-11-11T19:49:19.408+0000] {dagbag.py:588} INFO - Filling up the DagBag from /home/airflow/.local/lib/python3.12/site-packages/airflow/example_dags/example_params_ui_tutorial.py
[2024-11-11T19:49:19.424+0000] {processor.py:925} INFO - DAG(s) 'example_params_ui_tutorial' retrieved from /home/airflow/.local/lib/python3.12/site-packages/airflow/example_dags/example_params_ui_tutorial.py
[2024-11-11T19:49:19.538+0000] {logging_mixin.py:190} INFO - [2024-11-11T19:49:19.538+0000] {dag.py:3239} INFO - Sync 1 DAGs
[2024-11-11T19:49:19.564+0000] {logging_mixin.py:190} INFO - [2024-11-11T19:49:19.563+0000] {dag.py:4180} INFO - Setting next_dagrun for example_params_ui_tutorial to None, run_after=None
[2024-11-11T19:49:19.602+0000] {processor.py:208} INFO - Processing /home/airflow/.local/lib/python3.12/site-packages/airflow/example_dags/example_params_ui_tutorial.py took 0.209 seconds
[2024-11-11T19:49:50.305+0000] {processor.py:186} INFO - Started process (PID=4921) to work on /home/airflow/.local/lib/python3.12/site-packages/airflow/example_dags/example_params_ui_tutorial.py
[2024-11-11T19:49:50.307+0000] {processor.py:914} INFO - Processing file /home/airflow/.local/lib/python3.12/site-packages/airflow/example_dags/example_params_ui_tutorial.py for tasks to queue
[2024-11-11T19:49:50.311+0000] {logging_mixin.py:190} INFO - [2024-11-11T19:49:50.310+0000] {dagbag.py:588} INFO - Filling up the DagBag from /home/airflow/.local/lib/python3.12/site-packages/airflow/example_dags/example_params_ui_tutorial.py
[2024-11-11T19:49:50.327+0000] {processor.py:925} INFO - DAG(s) 'example_params_ui_tutorial' retrieved from /home/airflow/.local/lib/python3.12/site-packages/airflow/example_dags/example_params_ui_tutorial.py
[2024-11-11T19:49:50.411+0000] {logging_mixin.py:190} INFO - [2024-11-11T19:49:50.410+0000] {dag.py:3239} INFO - Sync 1 DAGs
[2024-11-11T19:49:50.435+0000] {logging_mixin.py:190} INFO - [2024-11-11T19:49:50.435+0000] {dag.py:4180} INFO - Setting next_dagrun for example_params_ui_tutorial to None, run_after=None
[2024-11-11T19:49:50.467+0000] {processor.py:208} INFO - Processing /home/airflow/.local/lib/python3.12/site-packages/airflow/example_dags/example_params_ui_tutorial.py took 0.172 seconds
[2024-11-11T19:50:28.547+0000] {processor.py:186} INFO - Started process (PID=5262) to work on /home/airflow/.local/lib/python3.12/site-packages/airflow/example_dags/example_params_ui_tutorial.py
[2024-11-11T19:50:28.554+0000] {processor.py:914} INFO - Processing file /home/airflow/.local/lib/python3.12/site-packages/airflow/example_dags/example_params_ui_tutorial.py for tasks to queue
[2024-11-11T19:50:28.559+0000] {logging_mixin.py:190} INFO - [2024-11-11T19:50:28.558+0000] {dagbag.py:588} INFO - Filling up the DagBag from /home/airflow/.local/lib/python3.12/site-packages/airflow/example_dags/example_params_ui_tutorial.py
[2024-11-11T19:50:28.598+0000] {processor.py:925} INFO - DAG(s) 'example_params_ui_tutorial' retrieved from /home/airflow/.local/lib/python3.12/site-packages/airflow/example_dags/example_params_ui_tutorial.py
[2024-11-11T19:50:28.797+0000] {logging_mixin.py:190} INFO - [2024-11-11T19:50:28.796+0000] {dag.py:3239} INFO - Sync 1 DAGs
[2024-11-11T19:50:28.895+0000] {logging_mixin.py:190} INFO - [2024-11-11T19:50:28.892+0000] {dag.py:4180} INFO - Setting next_dagrun for example_params_ui_tutorial to None, run_after=None
[2024-11-11T19:50:28.990+0000] {processor.py:208} INFO - Processing /home/airflow/.local/lib/python3.12/site-packages/airflow/example_dags/example_params_ui_tutorial.py took 0.458 seconds
[2024-11-11T19:50:59.178+0000] {processor.py:186} INFO - Started process (PID=5550) to work on /home/airflow/.local/lib/python3.12/site-packages/airflow/example_dags/example_params_ui_tutorial.py
[2024-11-11T19:50:59.182+0000] {processor.py:914} INFO - Processing file /home/airflow/.local/lib/python3.12/site-packages/airflow/example_dags/example_params_ui_tutorial.py for tasks to queue
[2024-11-11T19:50:59.192+0000] {logging_mixin.py:190} INFO - [2024-11-11T19:50:59.191+0000] {dagbag.py:588} INFO - Filling up the DagBag from /home/airflow/.local/lib/python3.12/site-packages/airflow/example_dags/example_params_ui_tutorial.py
[2024-11-11T19:50:59.241+0000] {processor.py:925} INFO - DAG(s) 'example_params_ui_tutorial' retrieved from /home/airflow/.local/lib/python3.12/site-packages/airflow/example_dags/example_params_ui_tutorial.py
[2024-11-11T19:50:59.382+0000] {logging_mixin.py:190} INFO - [2024-11-11T19:50:59.381+0000] {dag.py:3239} INFO - Sync 1 DAGs
[2024-11-11T19:50:59.416+0000] {logging_mixin.py:190} INFO - [2024-11-11T19:50:59.415+0000] {dag.py:4180} INFO - Setting next_dagrun for example_params_ui_tutorial to None, run_after=None
[2024-11-11T19:50:59.470+0000] {processor.py:208} INFO - Processing /home/airflow/.local/lib/python3.12/site-packages/airflow/example_dags/example_params_ui_tutorial.py took 0.317 seconds
[2024-11-11T19:51:30.065+0000] {processor.py:186} INFO - Started process (PID=5842) to work on /home/airflow/.local/lib/python3.12/site-packages/airflow/example_dags/example_params_ui_tutorial.py
[2024-11-11T19:51:30.074+0000] {processor.py:914} INFO - Processing file /home/airflow/.local/lib/python3.12/site-packages/airflow/example_dags/example_params_ui_tutorial.py for tasks to queue
[2024-11-11T19:51:30.083+0000] {logging_mixin.py:190} INFO - [2024-11-11T19:51:30.082+0000] {dagbag.py:588} INFO - Filling up the DagBag from /home/airflow/.local/lib/python3.12/site-packages/airflow/example_dags/example_params_ui_tutorial.py
[2024-11-11T19:51:30.126+0000] {processor.py:925} INFO - DAG(s) 'example_params_ui_tutorial' retrieved from /home/airflow/.local/lib/python3.12/site-packages/airflow/example_dags/example_params_ui_tutorial.py
[2024-11-11T19:51:30.294+0000] {logging_mixin.py:190} INFO - [2024-11-11T19:51:30.294+0000] {dag.py:3239} INFO - Sync 1 DAGs
[2024-11-11T19:51:30.318+0000] {logging_mixin.py:190} INFO - [2024-11-11T19:51:30.317+0000] {dag.py:4180} INFO - Setting next_dagrun for example_params_ui_tutorial to None, run_after=None
[2024-11-11T19:51:30.352+0000] {processor.py:208} INFO - Processing /home/airflow/.local/lib/python3.12/site-packages/airflow/example_dags/example_params_ui_tutorial.py took 0.315 seconds
[2024-11-11T19:52:00.807+0000] {processor.py:186} INFO - Started process (PID=6133) to work on /home/airflow/.local/lib/python3.12/site-packages/airflow/example_dags/example_params_ui_tutorial.py
[2024-11-11T19:52:00.815+0000] {processor.py:914} INFO - Processing file /home/airflow/.local/lib/python3.12/site-packages/airflow/example_dags/example_params_ui_tutorial.py for tasks to queue
[2024-11-11T19:52:00.826+0000] {logging_mixin.py:190} INFO - [2024-11-11T19:52:00.825+0000] {dagbag.py:588} INFO - Filling up the DagBag from /home/airflow/.local/lib/python3.12/site-packages/airflow/example_dags/example_params_ui_tutorial.py
[2024-11-11T19:52:00.873+0000] {processor.py:925} INFO - DAG(s) 'example_params_ui_tutorial' retrieved from /home/airflow/.local/lib/python3.12/site-packages/airflow/example_dags/example_params_ui_tutorial.py
[2024-11-11T19:52:01.141+0000] {logging_mixin.py:190} INFO - [2024-11-11T19:52:01.140+0000] {dag.py:3239} INFO - Sync 1 DAGs
[2024-11-11T19:52:01.221+0000] {logging_mixin.py:190} INFO - [2024-11-11T19:52:01.220+0000] {dag.py:4180} INFO - Setting next_dagrun for example_params_ui_tutorial to None, run_after=None
[2024-11-11T19:52:01.262+0000] {processor.py:208} INFO - Processing /home/airflow/.local/lib/python3.12/site-packages/airflow/example_dags/example_params_ui_tutorial.py took 0.486 seconds
[2024-11-11T19:52:31.404+0000] {processor.py:186} INFO - Started process (PID=6424) to work on /home/airflow/.local/lib/python3.12/site-packages/airflow/example_dags/example_params_ui_tutorial.py
[2024-11-11T19:52:31.406+0000] {processor.py:914} INFO - Processing file /home/airflow/.local/lib/python3.12/site-packages/airflow/example_dags/example_params_ui_tutorial.py for tasks to queue
[2024-11-11T19:52:31.410+0000] {logging_mixin.py:190} INFO - [2024-11-11T19:52:31.409+0000] {dagbag.py:588} INFO - Filling up the DagBag from /home/airflow/.local/lib/python3.12/site-packages/airflow/example_dags/example_params_ui_tutorial.py
[2024-11-11T19:52:31.431+0000] {processor.py:925} INFO - DAG(s) 'example_params_ui_tutorial' retrieved from /home/airflow/.local/lib/python3.12/site-packages/airflow/example_dags/example_params_ui_tutorial.py
[2024-11-11T19:52:31.538+0000] {logging_mixin.py:190} INFO - [2024-11-11T19:52:31.538+0000] {dag.py:3239} INFO - Sync 1 DAGs
[2024-11-11T19:52:31.567+0000] {logging_mixin.py:190} INFO - [2024-11-11T19:52:31.566+0000] {dag.py:4180} INFO - Setting next_dagrun for example_params_ui_tutorial to None, run_after=None
[2024-11-11T19:52:31.607+0000] {processor.py:208} INFO - Processing /home/airflow/.local/lib/python3.12/site-packages/airflow/example_dags/example_params_ui_tutorial.py took 0.231 seconds
[2024-11-11T19:53:02.029+0000] {processor.py:186} INFO - Started process (PID=6715) to work on /home/airflow/.local/lib/python3.12/site-packages/airflow/example_dags/example_params_ui_tutorial.py
[2024-11-11T19:53:02.032+0000] {processor.py:914} INFO - Processing file /home/airflow/.local/lib/python3.12/site-packages/airflow/example_dags/example_params_ui_tutorial.py for tasks to queue
[2024-11-11T19:53:02.036+0000] {logging_mixin.py:190} INFO - [2024-11-11T19:53:02.035+0000] {dagbag.py:588} INFO - Filling up the DagBag from /home/airflow/.local/lib/python3.12/site-packages/airflow/example_dags/example_params_ui_tutorial.py
[2024-11-11T19:53:02.054+0000] {processor.py:925} INFO - DAG(s) 'example_params_ui_tutorial' retrieved from /home/airflow/.local/lib/python3.12/site-packages/airflow/example_dags/example_params_ui_tutorial.py
[2024-11-11T19:53:02.133+0000] {logging_mixin.py:190} INFO - [2024-11-11T19:53:02.132+0000] {dag.py:3239} INFO - Sync 1 DAGs
[2024-11-11T19:53:02.154+0000] {logging_mixin.py:190} INFO - [2024-11-11T19:53:02.154+0000] {dag.py:4180} INFO - Setting next_dagrun for example_params_ui_tutorial to None, run_after=None
[2024-11-11T19:53:02.297+0000] {processor.py:208} INFO - Processing /home/airflow/.local/lib/python3.12/site-packages/airflow/example_dags/example_params_ui_tutorial.py took 0.281 seconds
[2024-11-11T19:53:33.523+0000] {processor.py:186} INFO - Started process (PID=7006) to work on /home/airflow/.local/lib/python3.12/site-packages/airflow/example_dags/example_params_ui_tutorial.py
[2024-11-11T19:53:33.526+0000] {processor.py:914} INFO - Processing file /home/airflow/.local/lib/python3.12/site-packages/airflow/example_dags/example_params_ui_tutorial.py for tasks to queue
[2024-11-11T19:53:33.533+0000] {logging_mixin.py:190} INFO - [2024-11-11T19:53:33.532+0000] {dagbag.py:588} INFO - Filling up the DagBag from /home/airflow/.local/lib/python3.12/site-packages/airflow/example_dags/example_params_ui_tutorial.py
[2024-11-11T19:53:33.573+0000] {processor.py:925} INFO - DAG(s) 'example_params_ui_tutorial' retrieved from /home/airflow/.local/lib/python3.12/site-packages/airflow/example_dags/example_params_ui_tutorial.py
[2024-11-11T19:53:33.778+0000] {logging_mixin.py:190} INFO - [2024-11-11T19:53:33.777+0000] {dag.py:3239} INFO - Sync 1 DAGs
[2024-11-11T19:53:33.838+0000] {logging_mixin.py:190} INFO - [2024-11-11T19:53:33.837+0000] {dag.py:4180} INFO - Setting next_dagrun for example_params_ui_tutorial to None, run_after=None
[2024-11-11T19:53:33.909+0000] {processor.py:208} INFO - Processing /home/airflow/.local/lib/python3.12/site-packages/airflow/example_dags/example_params_ui_tutorial.py took 0.401 seconds
[2024-11-11T19:54:04.208+0000] {processor.py:186} INFO - Started process (PID=7305) to work on /home/airflow/.local/lib/python3.12/site-packages/airflow/example_dags/example_params_ui_tutorial.py
[2024-11-11T19:54:04.210+0000] {processor.py:914} INFO - Processing file /home/airflow/.local/lib/python3.12/site-packages/airflow/example_dags/example_params_ui_tutorial.py for tasks to queue
[2024-11-11T19:54:04.214+0000] {logging_mixin.py:190} INFO - [2024-11-11T19:54:04.213+0000] {dagbag.py:588} INFO - Filling up the DagBag from /home/airflow/.local/lib/python3.12/site-packages/airflow/example_dags/example_params_ui_tutorial.py
[2024-11-11T19:54:04.232+0000] {processor.py:925} INFO - DAG(s) 'example_params_ui_tutorial' retrieved from /home/airflow/.local/lib/python3.12/site-packages/airflow/example_dags/example_params_ui_tutorial.py
[2024-11-11T19:54:04.321+0000] {logging_mixin.py:190} INFO - [2024-11-11T19:54:04.321+0000] {dag.py:3239} INFO - Sync 1 DAGs
[2024-11-11T19:54:04.344+0000] {logging_mixin.py:190} INFO - [2024-11-11T19:54:04.343+0000] {dag.py:4180} INFO - Setting next_dagrun for example_params_ui_tutorial to None, run_after=None
[2024-11-11T19:54:04.372+0000] {processor.py:208} INFO - Processing /home/airflow/.local/lib/python3.12/site-packages/airflow/example_dags/example_params_ui_tutorial.py took 0.177 seconds
[2024-11-11T19:54:35.457+0000] {processor.py:186} INFO - Started process (PID=7581) to work on /home/airflow/.local/lib/python3.12/site-packages/airflow/example_dags/example_params_ui_tutorial.py
[2024-11-11T19:54:35.460+0000] {processor.py:914} INFO - Processing file /home/airflow/.local/lib/python3.12/site-packages/airflow/example_dags/example_params_ui_tutorial.py for tasks to queue
[2024-11-11T19:54:35.465+0000] {logging_mixin.py:190} INFO - [2024-11-11T19:54:35.465+0000] {dagbag.py:588} INFO - Filling up the DagBag from /home/airflow/.local/lib/python3.12/site-packages/airflow/example_dags/example_params_ui_tutorial.py
[2024-11-11T19:54:35.498+0000] {processor.py:925} INFO - DAG(s) 'example_params_ui_tutorial' retrieved from /home/airflow/.local/lib/python3.12/site-packages/airflow/example_dags/example_params_ui_tutorial.py
[2024-11-11T19:54:35.625+0000] {logging_mixin.py:190} INFO - [2024-11-11T19:54:35.624+0000] {dag.py:3239} INFO - Sync 1 DAGs
[2024-11-11T19:54:35.651+0000] {logging_mixin.py:190} INFO - [2024-11-11T19:54:35.650+0000] {dag.py:4180} INFO - Setting next_dagrun for example_params_ui_tutorial to None, run_after=None
[2024-11-11T19:54:35.692+0000] {processor.py:208} INFO - Processing /home/airflow/.local/lib/python3.12/site-packages/airflow/example_dags/example_params_ui_tutorial.py took 0.255 seconds
[2024-11-11T19:55:06.220+0000] {processor.py:186} INFO - Started process (PID=7880) to work on /home/airflow/.local/lib/python3.12/site-packages/airflow/example_dags/example_params_ui_tutorial.py
[2024-11-11T19:55:06.222+0000] {processor.py:914} INFO - Processing file /home/airflow/.local/lib/python3.12/site-packages/airflow/example_dags/example_params_ui_tutorial.py for tasks to queue
[2024-11-11T19:55:06.227+0000] {logging_mixin.py:190} INFO - [2024-11-11T19:55:06.226+0000] {dagbag.py:588} INFO - Filling up the DagBag from /home/airflow/.local/lib/python3.12/site-packages/airflow/example_dags/example_params_ui_tutorial.py
[2024-11-11T19:55:06.247+0000] {processor.py:925} INFO - DAG(s) 'example_params_ui_tutorial' retrieved from /home/airflow/.local/lib/python3.12/site-packages/airflow/example_dags/example_params_ui_tutorial.py
[2024-11-11T19:55:06.348+0000] {logging_mixin.py:190} INFO - [2024-11-11T19:55:06.348+0000] {dag.py:3239} INFO - Sync 1 DAGs
[2024-11-11T19:55:06.381+0000] {logging_mixin.py:190} INFO - [2024-11-11T19:55:06.380+0000] {dag.py:4180} INFO - Setting next_dagrun for example_params_ui_tutorial to None, run_after=None
[2024-11-11T19:55:06.425+0000] {processor.py:208} INFO - Processing /home/airflow/.local/lib/python3.12/site-packages/airflow/example_dags/example_params_ui_tutorial.py took 0.220 seconds
[2024-11-11T19:55:37.037+0000] {processor.py:186} INFO - Started process (PID=8175) to work on /home/airflow/.local/lib/python3.12/site-packages/airflow/example_dags/example_params_ui_tutorial.py
[2024-11-11T19:55:37.039+0000] {processor.py:914} INFO - Processing file /home/airflow/.local/lib/python3.12/site-packages/airflow/example_dags/example_params_ui_tutorial.py for tasks to queue
[2024-11-11T19:55:37.043+0000] {logging_mixin.py:190} INFO - [2024-11-11T19:55:37.043+0000] {dagbag.py:588} INFO - Filling up the DagBag from /home/airflow/.local/lib/python3.12/site-packages/airflow/example_dags/example_params_ui_tutorial.py
[2024-11-11T19:55:37.066+0000] {processor.py:925} INFO - DAG(s) 'example_params_ui_tutorial' retrieved from /home/airflow/.local/lib/python3.12/site-packages/airflow/example_dags/example_params_ui_tutorial.py
[2024-11-11T19:55:37.153+0000] {logging_mixin.py:190} INFO - [2024-11-11T19:55:37.153+0000] {dag.py:3239} INFO - Sync 1 DAGs
[2024-11-11T19:55:37.177+0000] {logging_mixin.py:190} INFO - [2024-11-11T19:55:37.177+0000] {dag.py:4180} INFO - Setting next_dagrun for example_params_ui_tutorial to None, run_after=None
[2024-11-11T19:55:37.206+0000] {processor.py:208} INFO - Processing /home/airflow/.local/lib/python3.12/site-packages/airflow/example_dags/example_params_ui_tutorial.py took 0.181 seconds
[2024-11-11T19:56:07.399+0000] {processor.py:186} INFO - Started process (PID=8464) to work on /home/airflow/.local/lib/python3.12/site-packages/airflow/example_dags/example_params_ui_tutorial.py
[2024-11-11T19:56:07.401+0000] {processor.py:914} INFO - Processing file /home/airflow/.local/lib/python3.12/site-packages/airflow/example_dags/example_params_ui_tutorial.py for tasks to queue
[2024-11-11T19:56:07.404+0000] {logging_mixin.py:190} INFO - [2024-11-11T19:56:07.403+0000] {dagbag.py:588} INFO - Filling up the DagBag from /home/airflow/.local/lib/python3.12/site-packages/airflow/example_dags/example_params_ui_tutorial.py
[2024-11-11T19:56:07.418+0000] {processor.py:925} INFO - DAG(s) 'example_params_ui_tutorial' retrieved from /home/airflow/.local/lib/python3.12/site-packages/airflow/example_dags/example_params_ui_tutorial.py
[2024-11-11T19:56:07.509+0000] {logging_mixin.py:190} INFO - [2024-11-11T19:56:07.508+0000] {dag.py:3239} INFO - Sync 1 DAGs
[2024-11-11T19:56:07.543+0000] {logging_mixin.py:190} INFO - [2024-11-11T19:56:07.543+0000] {dag.py:4180} INFO - Setting next_dagrun for example_params_ui_tutorial to None, run_after=None
[2024-11-11T19:56:07.579+0000] {processor.py:208} INFO - Processing /home/airflow/.local/lib/python3.12/site-packages/airflow/example_dags/example_params_ui_tutorial.py took 0.191 seconds
[2024-11-11T19:56:38.383+0000] {processor.py:186} INFO - Started process (PID=8744) to work on /home/airflow/.local/lib/python3.12/site-packages/airflow/example_dags/example_params_ui_tutorial.py
[2024-11-11T19:56:38.385+0000] {processor.py:914} INFO - Processing file /home/airflow/.local/lib/python3.12/site-packages/airflow/example_dags/example_params_ui_tutorial.py for tasks to queue
[2024-11-11T19:56:38.389+0000] {logging_mixin.py:190} INFO - [2024-11-11T19:56:38.388+0000] {dagbag.py:588} INFO - Filling up the DagBag from /home/airflow/.local/lib/python3.12/site-packages/airflow/example_dags/example_params_ui_tutorial.py
[2024-11-11T19:56:38.420+0000] {processor.py:925} INFO - DAG(s) 'example_params_ui_tutorial' retrieved from /home/airflow/.local/lib/python3.12/site-packages/airflow/example_dags/example_params_ui_tutorial.py
[2024-11-11T19:56:38.604+0000] {logging_mixin.py:190} INFO - [2024-11-11T19:56:38.603+0000] {dag.py:3239} INFO - Sync 1 DAGs
[2024-11-11T19:56:38.661+0000] {logging_mixin.py:190} INFO - [2024-11-11T19:56:38.660+0000] {dag.py:4180} INFO - Setting next_dagrun for example_params_ui_tutorial to None, run_after=None
[2024-11-11T19:56:38.723+0000] {processor.py:208} INFO - Processing /home/airflow/.local/lib/python3.12/site-packages/airflow/example_dags/example_params_ui_tutorial.py took 0.363 seconds
[2024-11-11T19:57:09.651+0000] {processor.py:186} INFO - Started process (PID=9036) to work on /home/airflow/.local/lib/python3.12/site-packages/airflow/example_dags/example_params_ui_tutorial.py
[2024-11-11T19:57:09.653+0000] {processor.py:914} INFO - Processing file /home/airflow/.local/lib/python3.12/site-packages/airflow/example_dags/example_params_ui_tutorial.py for tasks to queue
[2024-11-11T19:57:09.657+0000] {logging_mixin.py:190} INFO - [2024-11-11T19:57:09.656+0000] {dagbag.py:588} INFO - Filling up the DagBag from /home/airflow/.local/lib/python3.12/site-packages/airflow/example_dags/example_params_ui_tutorial.py
[2024-11-11T19:57:09.684+0000] {processor.py:925} INFO - DAG(s) 'example_params_ui_tutorial' retrieved from /home/airflow/.local/lib/python3.12/site-packages/airflow/example_dags/example_params_ui_tutorial.py
[2024-11-11T19:57:09.796+0000] {logging_mixin.py:190} INFO - [2024-11-11T19:57:09.795+0000] {dag.py:3239} INFO - Sync 1 DAGs
[2024-11-11T19:57:09.832+0000] {logging_mixin.py:190} INFO - [2024-11-11T19:57:09.831+0000] {dag.py:4180} INFO - Setting next_dagrun for example_params_ui_tutorial to None, run_after=None
[2024-11-11T19:57:09.869+0000] {processor.py:208} INFO - Processing /home/airflow/.local/lib/python3.12/site-packages/airflow/example_dags/example_params_ui_tutorial.py took 0.231 seconds
[2024-11-11T19:57:40.476+0000] {processor.py:186} INFO - Started process (PID=9325) to work on /home/airflow/.local/lib/python3.12/site-packages/airflow/example_dags/example_params_ui_tutorial.py
[2024-11-11T19:57:40.480+0000] {processor.py:914} INFO - Processing file /home/airflow/.local/lib/python3.12/site-packages/airflow/example_dags/example_params_ui_tutorial.py for tasks to queue
[2024-11-11T19:57:40.489+0000] {logging_mixin.py:190} INFO - [2024-11-11T19:57:40.488+0000] {dagbag.py:588} INFO - Filling up the DagBag from /home/airflow/.local/lib/python3.12/site-packages/airflow/example_dags/example_params_ui_tutorial.py
[2024-11-11T19:57:40.537+0000] {processor.py:925} INFO - DAG(s) 'example_params_ui_tutorial' retrieved from /home/airflow/.local/lib/python3.12/site-packages/airflow/example_dags/example_params_ui_tutorial.py
[2024-11-11T19:57:40.702+0000] {logging_mixin.py:190} INFO - [2024-11-11T19:57:40.701+0000] {dag.py:3239} INFO - Sync 1 DAGs
[2024-11-11T19:57:40.744+0000] {logging_mixin.py:190} INFO - [2024-11-11T19:57:40.744+0000] {dag.py:4180} INFO - Setting next_dagrun for example_params_ui_tutorial to None, run_after=None
[2024-11-11T19:57:40.780+0000] {processor.py:208} INFO - Processing /home/airflow/.local/lib/python3.12/site-packages/airflow/example_dags/example_params_ui_tutorial.py took 0.335 seconds
[2024-11-11T19:58:11.484+0000] {processor.py:186} INFO - Started process (PID=9616) to work on /home/airflow/.local/lib/python3.12/site-packages/airflow/example_dags/example_params_ui_tutorial.py
[2024-11-11T19:58:11.486+0000] {processor.py:914} INFO - Processing file /home/airflow/.local/lib/python3.12/site-packages/airflow/example_dags/example_params_ui_tutorial.py for tasks to queue
[2024-11-11T19:58:11.490+0000] {logging_mixin.py:190} INFO - [2024-11-11T19:58:11.489+0000] {dagbag.py:588} INFO - Filling up the DagBag from /home/airflow/.local/lib/python3.12/site-packages/airflow/example_dags/example_params_ui_tutorial.py
[2024-11-11T19:58:11.514+0000] {processor.py:925} INFO - DAG(s) 'example_params_ui_tutorial' retrieved from /home/airflow/.local/lib/python3.12/site-packages/airflow/example_dags/example_params_ui_tutorial.py
[2024-11-11T19:58:11.672+0000] {logging_mixin.py:190} INFO - [2024-11-11T19:58:11.672+0000] {dag.py:3239} INFO - Sync 1 DAGs
[2024-11-11T19:58:11.697+0000] {logging_mixin.py:190} INFO - [2024-11-11T19:58:11.697+0000] {dag.py:4180} INFO - Setting next_dagrun for example_params_ui_tutorial to None, run_after=None
[2024-11-11T19:58:11.732+0000] {processor.py:208} INFO - Processing /home/airflow/.local/lib/python3.12/site-packages/airflow/example_dags/example_params_ui_tutorial.py took 0.263 seconds
[2024-11-11T19:58:42.149+0000] {processor.py:186} INFO - Started process (PID=9904) to work on /home/airflow/.local/lib/python3.12/site-packages/airflow/example_dags/example_params_ui_tutorial.py
[2024-11-11T19:58:42.151+0000] {processor.py:914} INFO - Processing file /home/airflow/.local/lib/python3.12/site-packages/airflow/example_dags/example_params_ui_tutorial.py for tasks to queue
[2024-11-11T19:58:42.158+0000] {logging_mixin.py:190} INFO - [2024-11-11T19:58:42.157+0000] {dagbag.py:588} INFO - Filling up the DagBag from /home/airflow/.local/lib/python3.12/site-packages/airflow/example_dags/example_params_ui_tutorial.py
[2024-11-11T19:58:42.183+0000] {processor.py:925} INFO - DAG(s) 'example_params_ui_tutorial' retrieved from /home/airflow/.local/lib/python3.12/site-packages/airflow/example_dags/example_params_ui_tutorial.py
[2024-11-11T19:58:42.286+0000] {logging_mixin.py:190} INFO - [2024-11-11T19:58:42.286+0000] {dag.py:3239} INFO - Sync 1 DAGs
[2024-11-11T19:58:42.310+0000] {logging_mixin.py:190} INFO - [2024-11-11T19:58:42.310+0000] {dag.py:4180} INFO - Setting next_dagrun for example_params_ui_tutorial to None, run_after=None
[2024-11-11T19:58:42.343+0000] {processor.py:208} INFO - Processing /home/airflow/.local/lib/python3.12/site-packages/airflow/example_dags/example_params_ui_tutorial.py took 0.212 seconds
[2024-11-11T19:59:12.797+0000] {processor.py:186} INFO - Started process (PID=10195) to work on /home/airflow/.local/lib/python3.12/site-packages/airflow/example_dags/example_params_ui_tutorial.py
[2024-11-11T19:59:12.806+0000] {processor.py:914} INFO - Processing file /home/airflow/.local/lib/python3.12/site-packages/airflow/example_dags/example_params_ui_tutorial.py for tasks to queue
[2024-11-11T19:59:12.815+0000] {logging_mixin.py:190} INFO - [2024-11-11T19:59:12.813+0000] {dagbag.py:588} INFO - Filling up the DagBag from /home/airflow/.local/lib/python3.12/site-packages/airflow/example_dags/example_params_ui_tutorial.py
[2024-11-11T19:59:12.867+0000] {processor.py:925} INFO - DAG(s) 'example_params_ui_tutorial' retrieved from /home/airflow/.local/lib/python3.12/site-packages/airflow/example_dags/example_params_ui_tutorial.py
[2024-11-11T19:59:13.015+0000] {logging_mixin.py:190} INFO - [2024-11-11T19:59:13.014+0000] {dag.py:3239} INFO - Sync 1 DAGs
[2024-11-11T19:59:13.037+0000] {logging_mixin.py:190} INFO - [2024-11-11T19:59:13.037+0000] {dag.py:4180} INFO - Setting next_dagrun for example_params_ui_tutorial to None, run_after=None
[2024-11-11T19:59:13.066+0000] {processor.py:208} INFO - Processing /home/airflow/.local/lib/python3.12/site-packages/airflow/example_dags/example_params_ui_tutorial.py took 0.298 seconds
[2024-11-11T19:59:43.955+0000] {processor.py:186} INFO - Started process (PID=10486) to work on /home/airflow/.local/lib/python3.12/site-packages/airflow/example_dags/example_params_ui_tutorial.py
[2024-11-11T19:59:43.960+0000] {processor.py:914} INFO - Processing file /home/airflow/.local/lib/python3.12/site-packages/airflow/example_dags/example_params_ui_tutorial.py for tasks to queue
[2024-11-11T19:59:43.967+0000] {logging_mixin.py:190} INFO - [2024-11-11T19:59:43.966+0000] {dagbag.py:588} INFO - Filling up the DagBag from /home/airflow/.local/lib/python3.12/site-packages/airflow/example_dags/example_params_ui_tutorial.py
[2024-11-11T19:59:43.998+0000] {processor.py:925} INFO - DAG(s) 'example_params_ui_tutorial' retrieved from /home/airflow/.local/lib/python3.12/site-packages/airflow/example_dags/example_params_ui_tutorial.py
[2024-11-11T19:59:44.135+0000] {logging_mixin.py:190} INFO - [2024-11-11T19:59:44.134+0000] {dag.py:3239} INFO - Sync 1 DAGs
[2024-11-11T19:59:44.181+0000] {logging_mixin.py:190} INFO - [2024-11-11T19:59:44.181+0000] {dag.py:4180} INFO - Setting next_dagrun for example_params_ui_tutorial to None, run_after=None
[2024-11-11T19:59:44.228+0000] {processor.py:208} INFO - Processing /home/airflow/.local/lib/python3.12/site-packages/airflow/example_dags/example_params_ui_tutorial.py took 0.293 seconds
[2024-11-11T20:00:14.351+0000] {processor.py:186} INFO - Started process (PID=10775) to work on /home/airflow/.local/lib/python3.12/site-packages/airflow/example_dags/example_params_ui_tutorial.py
[2024-11-11T20:00:14.354+0000] {processor.py:914} INFO - Processing file /home/airflow/.local/lib/python3.12/site-packages/airflow/example_dags/example_params_ui_tutorial.py for tasks to queue
[2024-11-11T20:00:14.364+0000] {logging_mixin.py:190} INFO - [2024-11-11T20:00:14.362+0000] {dagbag.py:588} INFO - Filling up the DagBag from /home/airflow/.local/lib/python3.12/site-packages/airflow/example_dags/example_params_ui_tutorial.py
[2024-11-11T20:00:14.400+0000] {processor.py:925} INFO - DAG(s) 'example_params_ui_tutorial' retrieved from /home/airflow/.local/lib/python3.12/site-packages/airflow/example_dags/example_params_ui_tutorial.py
[2024-11-11T20:00:14.552+0000] {logging_mixin.py:190} INFO - [2024-11-11T20:00:14.551+0000] {dag.py:3239} INFO - Sync 1 DAGs
[2024-11-11T20:00:14.584+0000] {logging_mixin.py:190} INFO - [2024-11-11T20:00:14.584+0000] {dag.py:4180} INFO - Setting next_dagrun for example_params_ui_tutorial to None, run_after=None
[2024-11-11T20:00:14.624+0000] {processor.py:208} INFO - Processing /home/airflow/.local/lib/python3.12/site-packages/airflow/example_dags/example_params_ui_tutorial.py took 0.295 seconds
[2024-11-11T20:00:45.308+0000] {processor.py:186} INFO - Started process (PID=11066) to work on /home/airflow/.local/lib/python3.12/site-packages/airflow/example_dags/example_params_ui_tutorial.py
[2024-11-11T20:00:45.311+0000] {processor.py:914} INFO - Processing file /home/airflow/.local/lib/python3.12/site-packages/airflow/example_dags/example_params_ui_tutorial.py for tasks to queue
[2024-11-11T20:00:45.317+0000] {logging_mixin.py:190} INFO - [2024-11-11T20:00:45.317+0000] {dagbag.py:588} INFO - Filling up the DagBag from /home/airflow/.local/lib/python3.12/site-packages/airflow/example_dags/example_params_ui_tutorial.py
[2024-11-11T20:00:45.350+0000] {processor.py:925} INFO - DAG(s) 'example_params_ui_tutorial' retrieved from /home/airflow/.local/lib/python3.12/site-packages/airflow/example_dags/example_params_ui_tutorial.py
[2024-11-11T20:00:45.553+0000] {logging_mixin.py:190} INFO - [2024-11-11T20:00:45.553+0000] {dag.py:3239} INFO - Sync 1 DAGs
[2024-11-11T20:00:45.577+0000] {logging_mixin.py:190} INFO - [2024-11-11T20:00:45.577+0000] {dag.py:4180} INFO - Setting next_dagrun for example_params_ui_tutorial to None, run_after=None
[2024-11-11T20:00:45.613+0000] {processor.py:208} INFO - Processing /home/airflow/.local/lib/python3.12/site-packages/airflow/example_dags/example_params_ui_tutorial.py took 0.324 seconds
[2024-11-11T20:01:16.314+0000] {processor.py:186} INFO - Started process (PID=11357) to work on /home/airflow/.local/lib/python3.12/site-packages/airflow/example_dags/example_params_ui_tutorial.py
[2024-11-11T20:01:16.316+0000] {processor.py:914} INFO - Processing file /home/airflow/.local/lib/python3.12/site-packages/airflow/example_dags/example_params_ui_tutorial.py for tasks to queue
[2024-11-11T20:01:16.321+0000] {logging_mixin.py:190} INFO - [2024-11-11T20:01:16.321+0000] {dagbag.py:588} INFO - Filling up the DagBag from /home/airflow/.local/lib/python3.12/site-packages/airflow/example_dags/example_params_ui_tutorial.py
[2024-11-11T20:01:16.341+0000] {processor.py:925} INFO - DAG(s) 'example_params_ui_tutorial' retrieved from /home/airflow/.local/lib/python3.12/site-packages/airflow/example_dags/example_params_ui_tutorial.py
[2024-11-11T20:01:16.430+0000] {logging_mixin.py:190} INFO - [2024-11-11T20:01:16.430+0000] {dag.py:3239} INFO - Sync 1 DAGs
[2024-11-11T20:01:16.452+0000] {logging_mixin.py:190} INFO - [2024-11-11T20:01:16.452+0000] {dag.py:4180} INFO - Setting next_dagrun for example_params_ui_tutorial to None, run_after=None
[2024-11-11T20:01:16.481+0000] {processor.py:208} INFO - Processing /home/airflow/.local/lib/python3.12/site-packages/airflow/example_dags/example_params_ui_tutorial.py took 0.181 seconds
[2024-11-11T20:01:46.773+0000] {processor.py:186} INFO - Started process (PID=11646) to work on /home/airflow/.local/lib/python3.12/site-packages/airflow/example_dags/example_params_ui_tutorial.py
[2024-11-11T20:01:46.778+0000] {processor.py:914} INFO - Processing file /home/airflow/.local/lib/python3.12/site-packages/airflow/example_dags/example_params_ui_tutorial.py for tasks to queue
[2024-11-11T20:01:46.792+0000] {logging_mixin.py:190} INFO - [2024-11-11T20:01:46.791+0000] {dagbag.py:588} INFO - Filling up the DagBag from /home/airflow/.local/lib/python3.12/site-packages/airflow/example_dags/example_params_ui_tutorial.py
[2024-11-11T20:01:46.840+0000] {processor.py:925} INFO - DAG(s) 'example_params_ui_tutorial' retrieved from /home/airflow/.local/lib/python3.12/site-packages/airflow/example_dags/example_params_ui_tutorial.py
[2024-11-11T20:01:47.045+0000] {logging_mixin.py:190} INFO - [2024-11-11T20:01:47.045+0000] {dag.py:3239} INFO - Sync 1 DAGs
[2024-11-11T20:01:47.077+0000] {logging_mixin.py:190} INFO - [2024-11-11T20:01:47.077+0000] {dag.py:4180} INFO - Setting next_dagrun for example_params_ui_tutorial to None, run_after=None
[2024-11-11T20:01:47.120+0000] {processor.py:208} INFO - Processing /home/airflow/.local/lib/python3.12/site-packages/airflow/example_dags/example_params_ui_tutorial.py took 0.391 seconds
[2024-11-11T20:02:17.791+0000] {processor.py:186} INFO - Started process (PID=11930) to work on /home/airflow/.local/lib/python3.12/site-packages/airflow/example_dags/example_params_ui_tutorial.py
[2024-11-11T20:02:17.793+0000] {processor.py:914} INFO - Processing file /home/airflow/.local/lib/python3.12/site-packages/airflow/example_dags/example_params_ui_tutorial.py for tasks to queue
[2024-11-11T20:02:17.802+0000] {logging_mixin.py:190} INFO - [2024-11-11T20:02:17.801+0000] {dagbag.py:588} INFO - Filling up the DagBag from /home/airflow/.local/lib/python3.12/site-packages/airflow/example_dags/example_params_ui_tutorial.py
[2024-11-11T20:02:17.827+0000] {processor.py:925} INFO - DAG(s) 'example_params_ui_tutorial' retrieved from /home/airflow/.local/lib/python3.12/site-packages/airflow/example_dags/example_params_ui_tutorial.py
[2024-11-11T20:02:17.934+0000] {logging_mixin.py:190} INFO - [2024-11-11T20:02:17.934+0000] {dag.py:3239} INFO - Sync 1 DAGs
[2024-11-11T20:02:17.972+0000] {logging_mixin.py:190} INFO - [2024-11-11T20:02:17.972+0000] {dag.py:4180} INFO - Setting next_dagrun for example_params_ui_tutorial to None, run_after=None
[2024-11-11T20:02:18.034+0000] {processor.py:208} INFO - Processing /home/airflow/.local/lib/python3.12/site-packages/airflow/example_dags/example_params_ui_tutorial.py took 0.259 seconds
[2024-11-11T20:02:48.136+0000] {processor.py:186} INFO - Started process (PID=12216) to work on /home/airflow/.local/lib/python3.12/site-packages/airflow/example_dags/example_params_ui_tutorial.py
[2024-11-11T20:02:48.138+0000] {processor.py:914} INFO - Processing file /home/airflow/.local/lib/python3.12/site-packages/airflow/example_dags/example_params_ui_tutorial.py for tasks to queue
[2024-11-11T20:02:48.143+0000] {logging_mixin.py:190} INFO - [2024-11-11T20:02:48.142+0000] {dagbag.py:588} INFO - Filling up the DagBag from /home/airflow/.local/lib/python3.12/site-packages/airflow/example_dags/example_params_ui_tutorial.py
[2024-11-11T20:02:48.164+0000] {processor.py:925} INFO - DAG(s) 'example_params_ui_tutorial' retrieved from /home/airflow/.local/lib/python3.12/site-packages/airflow/example_dags/example_params_ui_tutorial.py
[2024-11-11T20:02:48.290+0000] {logging_mixin.py:190} INFO - [2024-11-11T20:02:48.289+0000] {dag.py:3239} INFO - Sync 1 DAGs
[2024-11-11T20:02:48.350+0000] {logging_mixin.py:190} INFO - [2024-11-11T20:02:48.349+0000] {dag.py:4180} INFO - Setting next_dagrun for example_params_ui_tutorial to None, run_after=None
[2024-11-11T20:02:48.410+0000] {processor.py:208} INFO - Processing /home/airflow/.local/lib/python3.12/site-packages/airflow/example_dags/example_params_ui_tutorial.py took 0.287 seconds
