[2024-11-11T19:41:44.543+0000] {processor.py:186} INFO - Started process (PID=417) to work on /home/airflow/.local/lib/python3.12/site-packages/airflow/example_dags/example_short_circuit_decorator.py
[2024-11-11T19:41:44.544+0000] {processor.py:914} INFO - Processing file /home/airflow/.local/lib/python3.12/site-packages/airflow/example_dags/example_short_circuit_decorator.py for tasks to queue
[2024-11-11T19:41:44.548+0000] {logging_mixin.py:190} INFO - [2024-11-11T19:41:44.547+0000] {dagbag.py:588} INFO - Filling up the DagBag from /home/airflow/.local/lib/python3.12/site-packages/airflow/example_dags/example_short_circuit_decorator.py
[2024-11-11T19:41:44.567+0000] {processor.py:925} INFO - DAG(s) 'example_short_circuit_decorator' retrieved from /home/airflow/.local/lib/python3.12/site-packages/airflow/example_dags/example_short_circuit_decorator.py
[2024-11-11T19:41:44.778+0000] {logging_mixin.py:190} INFO - [2024-11-11T19:41:44.777+0000] {override.py:1911} INFO - Created Permission View: can delete on DAG:example_short_circuit_decorator
[2024-11-11T19:41:44.795+0000] {logging_mixin.py:190} INFO - [2024-11-11T19:41:44.794+0000] {override.py:1911} INFO - Created Permission View: can read on DAG:example_short_circuit_decorator
[2024-11-11T19:41:44.808+0000] {logging_mixin.py:190} INFO - [2024-11-11T19:41:44.807+0000] {override.py:1911} INFO - Created Permission View: can edit on DAG:example_short_circuit_decorator
[2024-11-11T19:41:44.823+0000] {logging_mixin.py:190} INFO - [2024-11-11T19:41:44.823+0000] {override.py:1911} INFO - Created Permission View: can delete on DAG Run:example_short_circuit_decorator
[2024-11-11T19:41:44.837+0000] {logging_mixin.py:190} INFO - [2024-11-11T19:41:44.837+0000] {override.py:1911} INFO - Created Permission View: can create on DAG Run:example_short_circuit_decorator
[2024-11-11T19:41:44.852+0000] {logging_mixin.py:190} INFO - [2024-11-11T19:41:44.851+0000] {override.py:1911} INFO - Created Permission View: menu access on DAG Run:example_short_circuit_decorator
[2024-11-11T19:41:44.866+0000] {logging_mixin.py:190} INFO - [2024-11-11T19:41:44.865+0000] {override.py:1911} INFO - Created Permission View: can read on DAG Run:example_short_circuit_decorator
[2024-11-11T19:41:44.866+0000] {logging_mixin.py:190} INFO - [2024-11-11T19:41:44.866+0000] {dag.py:3239} INFO - Sync 1 DAGs
[2024-11-11T19:41:44.895+0000] {logging_mixin.py:190} INFO - [2024-11-11T19:41:44.895+0000] {dag.py:3262} INFO - Creating ORM DAG for example_short_circuit_decorator
[2024-11-11T19:41:44.896+0000] {logging_mixin.py:190} INFO - [2024-11-11T19:41:44.896+0000] {dag.py:4180} INFO - Setting next_dagrun for example_short_circuit_decorator to None, run_after=None
[2024-11-11T19:41:44.931+0000] {processor.py:208} INFO - Processing /home/airflow/.local/lib/python3.12/site-packages/airflow/example_dags/example_short_circuit_decorator.py took 0.398 seconds
[2024-11-11T19:42:15.814+0000] {processor.py:186} INFO - Started process (PID=708) to work on /home/airflow/.local/lib/python3.12/site-packages/airflow/example_dags/example_short_circuit_decorator.py
[2024-11-11T19:42:15.818+0000] {processor.py:914} INFO - Processing file /home/airflow/.local/lib/python3.12/site-packages/airflow/example_dags/example_short_circuit_decorator.py for tasks to queue
[2024-11-11T19:42:15.829+0000] {logging_mixin.py:190} INFO - [2024-11-11T19:42:15.827+0000] {dagbag.py:588} INFO - Filling up the DagBag from /home/airflow/.local/lib/python3.12/site-packages/airflow/example_dags/example_short_circuit_decorator.py
[2024-11-11T19:42:15.875+0000] {processor.py:925} INFO - DAG(s) 'example_short_circuit_decorator' retrieved from /home/airflow/.local/lib/python3.12/site-packages/airflow/example_dags/example_short_circuit_decorator.py
[2024-11-11T19:42:15.995+0000] {logging_mixin.py:190} INFO - [2024-11-11T19:42:15.994+0000] {dag.py:3239} INFO - Sync 1 DAGs
[2024-11-11T19:42:16.038+0000] {logging_mixin.py:190} INFO - [2024-11-11T19:42:16.037+0000] {dag.py:4180} INFO - Setting next_dagrun for example_short_circuit_decorator to None, run_after=None
[2024-11-11T19:42:16.083+0000] {processor.py:208} INFO - Processing /home/airflow/.local/lib/python3.12/site-packages/airflow/example_dags/example_short_circuit_decorator.py took 0.292 seconds
[2024-11-11T19:42:47.130+0000] {processor.py:186} INFO - Started process (PID=997) to work on /home/airflow/.local/lib/python3.12/site-packages/airflow/example_dags/example_short_circuit_decorator.py
[2024-11-11T19:42:47.133+0000] {processor.py:914} INFO - Processing file /home/airflow/.local/lib/python3.12/site-packages/airflow/example_dags/example_short_circuit_decorator.py for tasks to queue
[2024-11-11T19:42:47.137+0000] {logging_mixin.py:190} INFO - [2024-11-11T19:42:47.136+0000] {dagbag.py:588} INFO - Filling up the DagBag from /home/airflow/.local/lib/python3.12/site-packages/airflow/example_dags/example_short_circuit_decorator.py
[2024-11-11T19:42:47.159+0000] {processor.py:925} INFO - DAG(s) 'example_short_circuit_decorator' retrieved from /home/airflow/.local/lib/python3.12/site-packages/airflow/example_dags/example_short_circuit_decorator.py
[2024-11-11T19:42:47.214+0000] {logging_mixin.py:190} INFO - [2024-11-11T19:42:47.213+0000] {dag.py:3239} INFO - Sync 1 DAGs
[2024-11-11T19:42:47.242+0000] {logging_mixin.py:190} INFO - [2024-11-11T19:42:47.241+0000] {dag.py:4180} INFO - Setting next_dagrun for example_short_circuit_decorator to None, run_after=None
[2024-11-11T19:42:47.276+0000] {processor.py:208} INFO - Processing /home/airflow/.local/lib/python3.12/site-packages/airflow/example_dags/example_short_circuit_decorator.py took 0.159 seconds
[2024-11-11T19:43:18.907+0000] {processor.py:186} INFO - Started process (PID=1288) to work on /home/airflow/.local/lib/python3.12/site-packages/airflow/example_dags/example_short_circuit_decorator.py
[2024-11-11T19:43:18.909+0000] {processor.py:914} INFO - Processing file /home/airflow/.local/lib/python3.12/site-packages/airflow/example_dags/example_short_circuit_decorator.py for tasks to queue
[2024-11-11T19:43:18.913+0000] {logging_mixin.py:190} INFO - [2024-11-11T19:43:18.912+0000] {dagbag.py:588} INFO - Filling up the DagBag from /home/airflow/.local/lib/python3.12/site-packages/airflow/example_dags/example_short_circuit_decorator.py
[2024-11-11T19:43:18.929+0000] {processor.py:925} INFO - DAG(s) 'example_short_circuit_decorator' retrieved from /home/airflow/.local/lib/python3.12/site-packages/airflow/example_dags/example_short_circuit_decorator.py
[2024-11-11T19:43:19.411+0000] {logging_mixin.py:190} INFO - [2024-11-11T19:43:19.411+0000] {dag.py:3239} INFO - Sync 1 DAGs
[2024-11-11T19:43:19.442+0000] {logging_mixin.py:190} INFO - [2024-11-11T19:43:19.442+0000] {dag.py:4180} INFO - Setting next_dagrun for example_short_circuit_decorator to None, run_after=None
[2024-11-11T19:43:19.474+0000] {processor.py:208} INFO - Processing /home/airflow/.local/lib/python3.12/site-packages/airflow/example_dags/example_short_circuit_decorator.py took 0.141 seconds
[2024-11-11T19:43:49.914+0000] {processor.py:186} INFO - Started process (PID=1577) to work on /home/airflow/.local/lib/python3.12/site-packages/airflow/example_dags/example_short_circuit_decorator.py
[2024-11-11T19:43:49.920+0000] {processor.py:914} INFO - Processing file /home/airflow/.local/lib/python3.12/site-packages/airflow/example_dags/example_short_circuit_decorator.py for tasks to queue
[2024-11-11T19:43:49.925+0000] {logging_mixin.py:190} INFO - [2024-11-11T19:43:49.924+0000] {dagbag.py:588} INFO - Filling up the DagBag from /home/airflow/.local/lib/python3.12/site-packages/airflow/example_dags/example_short_circuit_decorator.py
[2024-11-11T19:43:49.944+0000] {processor.py:925} INFO - DAG(s) 'example_short_circuit_decorator' retrieved from /home/airflow/.local/lib/python3.12/site-packages/airflow/example_dags/example_short_circuit_decorator.py
[2024-11-11T19:43:49.989+0000] {logging_mixin.py:190} INFO - [2024-11-11T19:43:49.988+0000] {dag.py:3239} INFO - Sync 1 DAGs
[2024-11-11T19:43:50.024+0000] {logging_mixin.py:190} INFO - [2024-11-11T19:43:50.023+0000] {dag.py:4180} INFO - Setting next_dagrun for example_short_circuit_decorator to None, run_after=None
[2024-11-11T19:43:50.063+0000] {processor.py:208} INFO - Processing /home/airflow/.local/lib/python3.12/site-packages/airflow/example_dags/example_short_circuit_decorator.py took 0.169 seconds
[2024-11-11T19:44:24.040+0000] {processor.py:186} INFO - Started process (PID=1868) to work on /home/airflow/.local/lib/python3.12/site-packages/airflow/example_dags/example_short_circuit_decorator.py
[2024-11-11T19:44:24.041+0000] {processor.py:914} INFO - Processing file /home/airflow/.local/lib/python3.12/site-packages/airflow/example_dags/example_short_circuit_decorator.py for tasks to queue
[2024-11-11T19:44:24.045+0000] {logging_mixin.py:190} INFO - [2024-11-11T19:44:24.044+0000] {dagbag.py:588} INFO - Filling up the DagBag from /home/airflow/.local/lib/python3.12/site-packages/airflow/example_dags/example_short_circuit_decorator.py
[2024-11-11T19:44:24.060+0000] {processor.py:925} INFO - DAG(s) 'example_short_circuit_decorator' retrieved from /home/airflow/.local/lib/python3.12/site-packages/airflow/example_dags/example_short_circuit_decorator.py
[2024-11-11T19:44:24.099+0000] {logging_mixin.py:190} INFO - [2024-11-11T19:44:24.099+0000] {dag.py:3239} INFO - Sync 1 DAGs
[2024-11-11T19:44:24.124+0000] {logging_mixin.py:190} INFO - [2024-11-11T19:44:24.123+0000] {dag.py:4180} INFO - Setting next_dagrun for example_short_circuit_decorator to None, run_after=None
[2024-11-11T19:44:24.158+0000] {processor.py:208} INFO - Processing /home/airflow/.local/lib/python3.12/site-packages/airflow/example_dags/example_short_circuit_decorator.py took 0.129 seconds
[2024-11-11T19:44:55.555+0000] {processor.py:186} INFO - Started process (PID=2159) to work on /home/airflow/.local/lib/python3.12/site-packages/airflow/example_dags/example_short_circuit_decorator.py
[2024-11-11T19:44:55.559+0000] {processor.py:914} INFO - Processing file /home/airflow/.local/lib/python3.12/site-packages/airflow/example_dags/example_short_circuit_decorator.py for tasks to queue
[2024-11-11T19:44:55.562+0000] {logging_mixin.py:190} INFO - [2024-11-11T19:44:55.562+0000] {dagbag.py:588} INFO - Filling up the DagBag from /home/airflow/.local/lib/python3.12/site-packages/airflow/example_dags/example_short_circuit_decorator.py
[2024-11-11T19:44:55.579+0000] {processor.py:925} INFO - DAG(s) 'example_short_circuit_decorator' retrieved from /home/airflow/.local/lib/python3.12/site-packages/airflow/example_dags/example_short_circuit_decorator.py
[2024-11-11T19:44:55.625+0000] {logging_mixin.py:190} INFO - [2024-11-11T19:44:55.625+0000] {dag.py:3239} INFO - Sync 1 DAGs
[2024-11-11T19:44:55.655+0000] {logging_mixin.py:190} INFO - [2024-11-11T19:44:55.655+0000] {dag.py:4180} INFO - Setting next_dagrun for example_short_circuit_decorator to None, run_after=None
[2024-11-11T19:44:55.698+0000] {processor.py:208} INFO - Processing /home/airflow/.local/lib/python3.12/site-packages/airflow/example_dags/example_short_circuit_decorator.py took 0.153 seconds
[2024-11-11T19:45:26.469+0000] {processor.py:186} INFO - Started process (PID=2450) to work on /home/airflow/.local/lib/python3.12/site-packages/airflow/example_dags/example_short_circuit_decorator.py
[2024-11-11T19:45:26.473+0000] {processor.py:914} INFO - Processing file /home/airflow/.local/lib/python3.12/site-packages/airflow/example_dags/example_short_circuit_decorator.py for tasks to queue
[2024-11-11T19:45:26.479+0000] {logging_mixin.py:190} INFO - [2024-11-11T19:45:26.478+0000] {dagbag.py:588} INFO - Filling up the DagBag from /home/airflow/.local/lib/python3.12/site-packages/airflow/example_dags/example_short_circuit_decorator.py
[2024-11-11T19:45:26.502+0000] {processor.py:925} INFO - DAG(s) 'example_short_circuit_decorator' retrieved from /home/airflow/.local/lib/python3.12/site-packages/airflow/example_dags/example_short_circuit_decorator.py
[2024-11-11T19:45:26.559+0000] {logging_mixin.py:190} INFO - [2024-11-11T19:45:26.558+0000] {dag.py:3239} INFO - Sync 1 DAGs
[2024-11-11T19:45:26.597+0000] {logging_mixin.py:190} INFO - [2024-11-11T19:45:26.596+0000] {dag.py:4180} INFO - Setting next_dagrun for example_short_circuit_decorator to None, run_after=None
[2024-11-11T19:45:26.641+0000] {processor.py:208} INFO - Processing /home/airflow/.local/lib/python3.12/site-packages/airflow/example_dags/example_short_circuit_decorator.py took 0.186 seconds
[2024-11-11T19:46:01.515+0000] {processor.py:186} INFO - Started process (PID=2746) to work on /home/airflow/.local/lib/python3.12/site-packages/airflow/example_dags/example_short_circuit_decorator.py
[2024-11-11T19:46:01.517+0000] {processor.py:914} INFO - Processing file /home/airflow/.local/lib/python3.12/site-packages/airflow/example_dags/example_short_circuit_decorator.py for tasks to queue
[2024-11-11T19:46:01.521+0000] {logging_mixin.py:190} INFO - [2024-11-11T19:46:01.520+0000] {dagbag.py:588} INFO - Filling up the DagBag from /home/airflow/.local/lib/python3.12/site-packages/airflow/example_dags/example_short_circuit_decorator.py
[2024-11-11T19:46:01.542+0000] {processor.py:925} INFO - DAG(s) 'example_short_circuit_decorator' retrieved from /home/airflow/.local/lib/python3.12/site-packages/airflow/example_dags/example_short_circuit_decorator.py
[2024-11-11T19:46:01.592+0000] {logging_mixin.py:190} INFO - [2024-11-11T19:46:01.591+0000] {dag.py:3239} INFO - Sync 1 DAGs
[2024-11-11T19:46:01.644+0000] {logging_mixin.py:190} INFO - [2024-11-11T19:46:01.643+0000] {dag.py:4180} INFO - Setting next_dagrun for example_short_circuit_decorator to None, run_after=None
[2024-11-11T19:46:01.685+0000] {processor.py:208} INFO - Processing /home/airflow/.local/lib/python3.12/site-packages/airflow/example_dags/example_short_circuit_decorator.py took 0.184 seconds
[2024-11-11T19:46:31.911+0000] {processor.py:186} INFO - Started process (PID=3037) to work on /home/airflow/.local/lib/python3.12/site-packages/airflow/example_dags/example_short_circuit_decorator.py
[2024-11-11T19:46:31.914+0000] {processor.py:914} INFO - Processing file /home/airflow/.local/lib/python3.12/site-packages/airflow/example_dags/example_short_circuit_decorator.py for tasks to queue
[2024-11-11T19:46:31.920+0000] {logging_mixin.py:190} INFO - [2024-11-11T19:46:31.919+0000] {dagbag.py:588} INFO - Filling up the DagBag from /home/airflow/.local/lib/python3.12/site-packages/airflow/example_dags/example_short_circuit_decorator.py
[2024-11-11T19:46:31.945+0000] {processor.py:925} INFO - DAG(s) 'example_short_circuit_decorator' retrieved from /home/airflow/.local/lib/python3.12/site-packages/airflow/example_dags/example_short_circuit_decorator.py
[2024-11-11T19:46:32.019+0000] {logging_mixin.py:190} INFO - [2024-11-11T19:46:32.018+0000] {dag.py:3239} INFO - Sync 1 DAGs
[2024-11-11T19:46:32.053+0000] {logging_mixin.py:190} INFO - [2024-11-11T19:46:32.053+0000] {dag.py:4180} INFO - Setting next_dagrun for example_short_circuit_decorator to None, run_after=None
[2024-11-11T19:46:32.090+0000] {processor.py:208} INFO - Processing /home/airflow/.local/lib/python3.12/site-packages/airflow/example_dags/example_short_circuit_decorator.py took 0.195 seconds
[2024-11-11T19:47:05.628+0000] {processor.py:186} INFO - Started process (PID=3338) to work on /home/airflow/.local/lib/python3.12/site-packages/airflow/example_dags/example_short_circuit_decorator.py
[2024-11-11T19:47:05.634+0000] {processor.py:914} INFO - Processing file /home/airflow/.local/lib/python3.12/site-packages/airflow/example_dags/example_short_circuit_decorator.py for tasks to queue
[2024-11-11T19:47:05.649+0000] {logging_mixin.py:190} INFO - [2024-11-11T19:47:05.648+0000] {dagbag.py:588} INFO - Filling up the DagBag from /home/airflow/.local/lib/python3.12/site-packages/airflow/example_dags/example_short_circuit_decorator.py
[2024-11-11T19:47:05.702+0000] {processor.py:925} INFO - DAG(s) 'example_short_circuit_decorator' retrieved from /home/airflow/.local/lib/python3.12/site-packages/airflow/example_dags/example_short_circuit_decorator.py
[2024-11-11T19:47:05.843+0000] {logging_mixin.py:190} INFO - [2024-11-11T19:47:05.842+0000] {dag.py:3239} INFO - Sync 1 DAGs
[2024-11-11T19:47:05.938+0000] {logging_mixin.py:190} INFO - [2024-11-11T19:47:05.937+0000] {dag.py:4180} INFO - Setting next_dagrun for example_short_circuit_decorator to None, run_after=None
[2024-11-11T19:47:06.064+0000] {processor.py:208} INFO - Processing /home/airflow/.local/lib/python3.12/site-packages/airflow/example_dags/example_short_circuit_decorator.py took 0.471 seconds
[2024-11-11T19:47:38.354+0000] {processor.py:186} INFO - Started process (PID=3627) to work on /home/airflow/.local/lib/python3.12/site-packages/airflow/example_dags/example_short_circuit_decorator.py
[2024-11-11T19:47:38.356+0000] {processor.py:914} INFO - Processing file /home/airflow/.local/lib/python3.12/site-packages/airflow/example_dags/example_short_circuit_decorator.py for tasks to queue
[2024-11-11T19:47:38.363+0000] {logging_mixin.py:190} INFO - [2024-11-11T19:47:38.362+0000] {dagbag.py:588} INFO - Filling up the DagBag from /home/airflow/.local/lib/python3.12/site-packages/airflow/example_dags/example_short_circuit_decorator.py
[2024-11-11T19:47:38.388+0000] {processor.py:925} INFO - DAG(s) 'example_short_circuit_decorator' retrieved from /home/airflow/.local/lib/python3.12/site-packages/airflow/example_dags/example_short_circuit_decorator.py
[2024-11-11T19:47:38.450+0000] {logging_mixin.py:190} INFO - [2024-11-11T19:47:38.450+0000] {dag.py:3239} INFO - Sync 1 DAGs
[2024-11-11T19:47:38.486+0000] {logging_mixin.py:190} INFO - [2024-11-11T19:47:38.485+0000] {dag.py:4180} INFO - Setting next_dagrun for example_short_circuit_decorator to None, run_after=None
[2024-11-11T19:47:38.522+0000] {processor.py:208} INFO - Processing /home/airflow/.local/lib/python3.12/site-packages/airflow/example_dags/example_short_circuit_decorator.py took 0.183 seconds
[2024-11-11T19:48:09.564+0000] {processor.py:186} INFO - Started process (PID=3917) to work on /home/airflow/.local/lib/python3.12/site-packages/airflow/example_dags/example_short_circuit_decorator.py
[2024-11-11T19:48:09.567+0000] {processor.py:914} INFO - Processing file /home/airflow/.local/lib/python3.12/site-packages/airflow/example_dags/example_short_circuit_decorator.py for tasks to queue
[2024-11-11T19:48:09.579+0000] {logging_mixin.py:190} INFO - [2024-11-11T19:48:09.577+0000] {dagbag.py:588} INFO - Filling up the DagBag from /home/airflow/.local/lib/python3.12/site-packages/airflow/example_dags/example_short_circuit_decorator.py
[2024-11-11T19:48:09.610+0000] {processor.py:925} INFO - DAG(s) 'example_short_circuit_decorator' retrieved from /home/airflow/.local/lib/python3.12/site-packages/airflow/example_dags/example_short_circuit_decorator.py
[2024-11-11T19:48:09.683+0000] {logging_mixin.py:190} INFO - [2024-11-11T19:48:09.683+0000] {dag.py:3239} INFO - Sync 1 DAGs
[2024-11-11T19:48:09.731+0000] {logging_mixin.py:190} INFO - [2024-11-11T19:48:09.731+0000] {dag.py:4180} INFO - Setting next_dagrun for example_short_circuit_decorator to None, run_after=None
[2024-11-11T19:48:09.773+0000] {processor.py:208} INFO - Processing /home/airflow/.local/lib/python3.12/site-packages/airflow/example_dags/example_short_circuit_decorator.py took 0.233 seconds
[2024-11-11T19:48:44.038+0000] {processor.py:186} INFO - Started process (PID=4220) to work on /home/airflow/.local/lib/python3.12/site-packages/airflow/example_dags/example_short_circuit_decorator.py
[2024-11-11T19:48:44.043+0000] {processor.py:914} INFO - Processing file /home/airflow/.local/lib/python3.12/site-packages/airflow/example_dags/example_short_circuit_decorator.py for tasks to queue
[2024-11-11T19:48:44.061+0000] {logging_mixin.py:190} INFO - [2024-11-11T19:48:44.059+0000] {dagbag.py:588} INFO - Filling up the DagBag from /home/airflow/.local/lib/python3.12/site-packages/airflow/example_dags/example_short_circuit_decorator.py
[2024-11-11T19:48:44.100+0000] {processor.py:925} INFO - DAG(s) 'example_short_circuit_decorator' retrieved from /home/airflow/.local/lib/python3.12/site-packages/airflow/example_dags/example_short_circuit_decorator.py
[2024-11-11T19:48:44.160+0000] {logging_mixin.py:190} INFO - [2024-11-11T19:48:44.160+0000] {dag.py:3239} INFO - Sync 1 DAGs
[2024-11-11T19:48:44.200+0000] {logging_mixin.py:190} INFO - [2024-11-11T19:48:44.200+0000] {dag.py:4180} INFO - Setting next_dagrun for example_short_circuit_decorator to None, run_after=None
[2024-11-11T19:48:44.255+0000] {processor.py:208} INFO - Processing /home/airflow/.local/lib/python3.12/site-packages/airflow/example_dags/example_short_circuit_decorator.py took 0.250 seconds
[2024-11-11T19:49:15.626+0000] {processor.py:186} INFO - Started process (PID=4509) to work on /home/airflow/.local/lib/python3.12/site-packages/airflow/example_dags/example_short_circuit_decorator.py
[2024-11-11T19:49:15.629+0000] {processor.py:914} INFO - Processing file /home/airflow/.local/lib/python3.12/site-packages/airflow/example_dags/example_short_circuit_decorator.py for tasks to queue
[2024-11-11T19:49:15.637+0000] {logging_mixin.py:190} INFO - [2024-11-11T19:49:15.636+0000] {dagbag.py:588} INFO - Filling up the DagBag from /home/airflow/.local/lib/python3.12/site-packages/airflow/example_dags/example_short_circuit_decorator.py
[2024-11-11T19:49:15.663+0000] {processor.py:925} INFO - DAG(s) 'example_short_circuit_decorator' retrieved from /home/airflow/.local/lib/python3.12/site-packages/airflow/example_dags/example_short_circuit_decorator.py
[2024-11-11T19:49:15.730+0000] {logging_mixin.py:190} INFO - [2024-11-11T19:49:15.730+0000] {dag.py:3239} INFO - Sync 1 DAGs
[2024-11-11T19:49:15.768+0000] {logging_mixin.py:190} INFO - [2024-11-11T19:49:15.767+0000] {dag.py:4180} INFO - Setting next_dagrun for example_short_circuit_decorator to None, run_after=None
[2024-11-11T19:49:15.805+0000] {processor.py:208} INFO - Processing /home/airflow/.local/lib/python3.12/site-packages/airflow/example_dags/example_short_circuit_decorator.py took 0.194 seconds
[2024-11-11T19:49:48.009+0000] {processor.py:186} INFO - Started process (PID=4810) to work on /home/airflow/.local/lib/python3.12/site-packages/airflow/example_dags/example_short_circuit_decorator.py
[2024-11-11T19:49:48.011+0000] {processor.py:914} INFO - Processing file /home/airflow/.local/lib/python3.12/site-packages/airflow/example_dags/example_short_circuit_decorator.py for tasks to queue
[2024-11-11T19:49:48.015+0000] {logging_mixin.py:190} INFO - [2024-11-11T19:49:48.015+0000] {dagbag.py:588} INFO - Filling up the DagBag from /home/airflow/.local/lib/python3.12/site-packages/airflow/example_dags/example_short_circuit_decorator.py
[2024-11-11T19:49:48.032+0000] {processor.py:925} INFO - DAG(s) 'example_short_circuit_decorator' retrieved from /home/airflow/.local/lib/python3.12/site-packages/airflow/example_dags/example_short_circuit_decorator.py
[2024-11-11T19:49:48.083+0000] {logging_mixin.py:190} INFO - [2024-11-11T19:49:48.082+0000] {dag.py:3239} INFO - Sync 1 DAGs
[2024-11-11T19:49:48.111+0000] {logging_mixin.py:190} INFO - [2024-11-11T19:49:48.111+0000] {dag.py:4180} INFO - Setting next_dagrun for example_short_circuit_decorator to None, run_after=None
[2024-11-11T19:49:48.145+0000] {processor.py:208} INFO - Processing /home/airflow/.local/lib/python3.12/site-packages/airflow/example_dags/example_short_circuit_decorator.py took 0.146 seconds
[2024-11-11T19:50:19.733+0000] {processor.py:186} INFO - Started process (PID=5101) to work on /home/airflow/.local/lib/python3.12/site-packages/airflow/example_dags/example_short_circuit_decorator.py
[2024-11-11T19:50:19.736+0000] {processor.py:914} INFO - Processing file /home/airflow/.local/lib/python3.12/site-packages/airflow/example_dags/example_short_circuit_decorator.py for tasks to queue
[2024-11-11T19:50:19.744+0000] {logging_mixin.py:190} INFO - [2024-11-11T19:50:19.742+0000] {dagbag.py:588} INFO - Filling up the DagBag from /home/airflow/.local/lib/python3.12/site-packages/airflow/example_dags/example_short_circuit_decorator.py
[2024-11-11T19:50:19.776+0000] {processor.py:925} INFO - DAG(s) 'example_short_circuit_decorator' retrieved from /home/airflow/.local/lib/python3.12/site-packages/airflow/example_dags/example_short_circuit_decorator.py
[2024-11-11T19:50:19.852+0000] {logging_mixin.py:190} INFO - [2024-11-11T19:50:19.851+0000] {dag.py:3239} INFO - Sync 1 DAGs
[2024-11-11T19:50:19.895+0000] {logging_mixin.py:190} INFO - [2024-11-11T19:50:19.894+0000] {dag.py:4180} INFO - Setting next_dagrun for example_short_circuit_decorator to None, run_after=None
[2024-11-11T19:50:19.937+0000] {processor.py:208} INFO - Processing /home/airflow/.local/lib/python3.12/site-packages/airflow/example_dags/example_short_circuit_decorator.py took 0.258 seconds
[2024-11-11T19:50:50.123+0000] {processor.py:186} INFO - Started process (PID=5387) to work on /home/airflow/.local/lib/python3.12/site-packages/airflow/example_dags/example_short_circuit_decorator.py
[2024-11-11T19:50:50.132+0000] {processor.py:914} INFO - Processing file /home/airflow/.local/lib/python3.12/site-packages/airflow/example_dags/example_short_circuit_decorator.py for tasks to queue
[2024-11-11T19:50:50.151+0000] {logging_mixin.py:190} INFO - [2024-11-11T19:50:50.148+0000] {dagbag.py:588} INFO - Filling up the DagBag from /home/airflow/.local/lib/python3.12/site-packages/airflow/example_dags/example_short_circuit_decorator.py
[2024-11-11T19:50:50.192+0000] {processor.py:925} INFO - DAG(s) 'example_short_circuit_decorator' retrieved from /home/airflow/.local/lib/python3.12/site-packages/airflow/example_dags/example_short_circuit_decorator.py
[2024-11-11T19:50:50.249+0000] {logging_mixin.py:190} INFO - [2024-11-11T19:50:50.248+0000] {dag.py:3239} INFO - Sync 1 DAGs
[2024-11-11T19:50:50.277+0000] {logging_mixin.py:190} INFO - [2024-11-11T19:50:50.277+0000] {dag.py:4180} INFO - Setting next_dagrun for example_short_circuit_decorator to None, run_after=None
[2024-11-11T19:50:50.308+0000] {processor.py:208} INFO - Processing /home/airflow/.local/lib/python3.12/site-packages/airflow/example_dags/example_short_circuit_decorator.py took 0.214 seconds
[2024-11-11T19:51:20.465+0000] {processor.py:186} INFO - Started process (PID=5675) to work on /home/airflow/.local/lib/python3.12/site-packages/airflow/example_dags/example_short_circuit_decorator.py
[2024-11-11T19:51:20.467+0000] {processor.py:914} INFO - Processing file /home/airflow/.local/lib/python3.12/site-packages/airflow/example_dags/example_short_circuit_decorator.py for tasks to queue
[2024-11-11T19:51:20.471+0000] {logging_mixin.py:190} INFO - [2024-11-11T19:51:20.471+0000] {dagbag.py:588} INFO - Filling up the DagBag from /home/airflow/.local/lib/python3.12/site-packages/airflow/example_dags/example_short_circuit_decorator.py
[2024-11-11T19:51:20.489+0000] {processor.py:925} INFO - DAG(s) 'example_short_circuit_decorator' retrieved from /home/airflow/.local/lib/python3.12/site-packages/airflow/example_dags/example_short_circuit_decorator.py
[2024-11-11T19:51:20.545+0000] {logging_mixin.py:190} INFO - [2024-11-11T19:51:20.544+0000] {dag.py:3239} INFO - Sync 1 DAGs
[2024-11-11T19:51:20.579+0000] {logging_mixin.py:190} INFO - [2024-11-11T19:51:20.578+0000] {dag.py:4180} INFO - Setting next_dagrun for example_short_circuit_decorator to None, run_after=None
[2024-11-11T19:51:20.636+0000] {processor.py:208} INFO - Processing /home/airflow/.local/lib/python3.12/site-packages/airflow/example_dags/example_short_circuit_decorator.py took 0.183 seconds
[2024-11-11T19:51:50.724+0000] {processor.py:186} INFO - Started process (PID=5965) to work on /home/airflow/.local/lib/python3.12/site-packages/airflow/example_dags/example_short_circuit_decorator.py
[2024-11-11T19:51:50.726+0000] {processor.py:914} INFO - Processing file /home/airflow/.local/lib/python3.12/site-packages/airflow/example_dags/example_short_circuit_decorator.py for tasks to queue
[2024-11-11T19:51:50.730+0000] {logging_mixin.py:190} INFO - [2024-11-11T19:51:50.730+0000] {dagbag.py:588} INFO - Filling up the DagBag from /home/airflow/.local/lib/python3.12/site-packages/airflow/example_dags/example_short_circuit_decorator.py
[2024-11-11T19:51:50.747+0000] {processor.py:925} INFO - DAG(s) 'example_short_circuit_decorator' retrieved from /home/airflow/.local/lib/python3.12/site-packages/airflow/example_dags/example_short_circuit_decorator.py
[2024-11-11T19:51:50.793+0000] {logging_mixin.py:190} INFO - [2024-11-11T19:51:50.792+0000] {dag.py:3239} INFO - Sync 1 DAGs
[2024-11-11T19:51:50.817+0000] {logging_mixin.py:190} INFO - [2024-11-11T19:51:50.817+0000] {dag.py:4180} INFO - Setting next_dagrun for example_short_circuit_decorator to None, run_after=None
[2024-11-11T19:51:50.851+0000] {processor.py:208} INFO - Processing /home/airflow/.local/lib/python3.12/site-packages/airflow/example_dags/example_short_circuit_decorator.py took 0.139 seconds
[2024-11-11T19:52:21.298+0000] {processor.py:186} INFO - Started process (PID=6258) to work on /home/airflow/.local/lib/python3.12/site-packages/airflow/example_dags/example_short_circuit_decorator.py
[2024-11-11T19:52:21.301+0000] {processor.py:914} INFO - Processing file /home/airflow/.local/lib/python3.12/site-packages/airflow/example_dags/example_short_circuit_decorator.py for tasks to queue
[2024-11-11T19:52:21.305+0000] {logging_mixin.py:190} INFO - [2024-11-11T19:52:21.305+0000] {dagbag.py:588} INFO - Filling up the DagBag from /home/airflow/.local/lib/python3.12/site-packages/airflow/example_dags/example_short_circuit_decorator.py
[2024-11-11T19:52:21.328+0000] {processor.py:925} INFO - DAG(s) 'example_short_circuit_decorator' retrieved from /home/airflow/.local/lib/python3.12/site-packages/airflow/example_dags/example_short_circuit_decorator.py
[2024-11-11T19:52:21.393+0000] {logging_mixin.py:190} INFO - [2024-11-11T19:52:21.392+0000] {dag.py:3239} INFO - Sync 1 DAGs
[2024-11-11T19:52:21.435+0000] {logging_mixin.py:190} INFO - [2024-11-11T19:52:21.434+0000] {dag.py:4180} INFO - Setting next_dagrun for example_short_circuit_decorator to None, run_after=None
[2024-11-11T19:52:21.491+0000] {processor.py:208} INFO - Processing /home/airflow/.local/lib/python3.12/site-packages/airflow/example_dags/example_short_circuit_decorator.py took 0.207 seconds
[2024-11-11T19:52:52.489+0000] {processor.py:186} INFO - Started process (PID=6547) to work on /home/airflow/.local/lib/python3.12/site-packages/airflow/example_dags/example_short_circuit_decorator.py
[2024-11-11T19:52:52.492+0000] {processor.py:914} INFO - Processing file /home/airflow/.local/lib/python3.12/site-packages/airflow/example_dags/example_short_circuit_decorator.py for tasks to queue
[2024-11-11T19:52:52.497+0000] {logging_mixin.py:190} INFO - [2024-11-11T19:52:52.496+0000] {dagbag.py:588} INFO - Filling up the DagBag from /home/airflow/.local/lib/python3.12/site-packages/airflow/example_dags/example_short_circuit_decorator.py
[2024-11-11T19:52:52.520+0000] {processor.py:925} INFO - DAG(s) 'example_short_circuit_decorator' retrieved from /home/airflow/.local/lib/python3.12/site-packages/airflow/example_dags/example_short_circuit_decorator.py
[2024-11-11T19:52:52.575+0000] {logging_mixin.py:190} INFO - [2024-11-11T19:52:52.575+0000] {dag.py:3239} INFO - Sync 1 DAGs
[2024-11-11T19:52:52.611+0000] {logging_mixin.py:190} INFO - [2024-11-11T19:52:52.610+0000] {dag.py:4180} INFO - Setting next_dagrun for example_short_circuit_decorator to None, run_after=None
[2024-11-11T19:52:52.673+0000] {processor.py:208} INFO - Processing /home/airflow/.local/lib/python3.12/site-packages/airflow/example_dags/example_short_circuit_decorator.py took 0.202 seconds
[2024-11-11T19:53:22.874+0000] {processor.py:186} INFO - Started process (PID=6838) to work on /home/airflow/.local/lib/python3.12/site-packages/airflow/example_dags/example_short_circuit_decorator.py
[2024-11-11T19:53:22.878+0000] {processor.py:914} INFO - Processing file /home/airflow/.local/lib/python3.12/site-packages/airflow/example_dags/example_short_circuit_decorator.py for tasks to queue
[2024-11-11T19:53:22.886+0000] {logging_mixin.py:190} INFO - [2024-11-11T19:53:22.884+0000] {dagbag.py:588} INFO - Filling up the DagBag from /home/airflow/.local/lib/python3.12/site-packages/airflow/example_dags/example_short_circuit_decorator.py
[2024-11-11T19:53:22.934+0000] {processor.py:925} INFO - DAG(s) 'example_short_circuit_decorator' retrieved from /home/airflow/.local/lib/python3.12/site-packages/airflow/example_dags/example_short_circuit_decorator.py
[2024-11-11T19:53:22.986+0000] {logging_mixin.py:190} INFO - [2024-11-11T19:53:22.986+0000] {dag.py:3239} INFO - Sync 1 DAGs
[2024-11-11T19:53:23.019+0000] {logging_mixin.py:190} INFO - [2024-11-11T19:53:23.019+0000] {dag.py:4180} INFO - Setting next_dagrun for example_short_circuit_decorator to None, run_after=None
[2024-11-11T19:53:23.057+0000] {processor.py:208} INFO - Processing /home/airflow/.local/lib/python3.12/site-packages/airflow/example_dags/example_short_circuit_decorator.py took 0.216 seconds
[2024-11-11T19:53:53.885+0000] {processor.py:186} INFO - Started process (PID=7126) to work on /home/airflow/.local/lib/python3.12/site-packages/airflow/example_dags/example_short_circuit_decorator.py
[2024-11-11T19:53:53.891+0000] {processor.py:914} INFO - Processing file /home/airflow/.local/lib/python3.12/site-packages/airflow/example_dags/example_short_circuit_decorator.py for tasks to queue
[2024-11-11T19:53:53.902+0000] {logging_mixin.py:190} INFO - [2024-11-11T19:53:53.901+0000] {dagbag.py:588} INFO - Filling up the DagBag from /home/airflow/.local/lib/python3.12/site-packages/airflow/example_dags/example_short_circuit_decorator.py
[2024-11-11T19:53:53.953+0000] {processor.py:925} INFO - DAG(s) 'example_short_circuit_decorator' retrieved from /home/airflow/.local/lib/python3.12/site-packages/airflow/example_dags/example_short_circuit_decorator.py
[2024-11-11T19:53:54.000+0000] {logging_mixin.py:190} INFO - [2024-11-11T19:53:54.000+0000] {dag.py:3239} INFO - Sync 1 DAGs
[2024-11-11T19:53:54.023+0000] {logging_mixin.py:190} INFO - [2024-11-11T19:53:54.023+0000] {dag.py:4180} INFO - Setting next_dagrun for example_short_circuit_decorator to None, run_after=None
[2024-11-11T19:53:54.058+0000] {processor.py:208} INFO - Processing /home/airflow/.local/lib/python3.12/site-packages/airflow/example_dags/example_short_circuit_decorator.py took 0.215 seconds
[2024-11-11T19:54:24.223+0000] {processor.py:186} INFO - Started process (PID=7417) to work on /home/airflow/.local/lib/python3.12/site-packages/airflow/example_dags/example_short_circuit_decorator.py
[2024-11-11T19:54:24.227+0000] {processor.py:914} INFO - Processing file /home/airflow/.local/lib/python3.12/site-packages/airflow/example_dags/example_short_circuit_decorator.py for tasks to queue
[2024-11-11T19:54:24.230+0000] {logging_mixin.py:190} INFO - [2024-11-11T19:54:24.230+0000] {dagbag.py:588} INFO - Filling up the DagBag from /home/airflow/.local/lib/python3.12/site-packages/airflow/example_dags/example_short_circuit_decorator.py
[2024-11-11T19:54:24.246+0000] {processor.py:925} INFO - DAG(s) 'example_short_circuit_decorator' retrieved from /home/airflow/.local/lib/python3.12/site-packages/airflow/example_dags/example_short_circuit_decorator.py
[2024-11-11T19:54:24.285+0000] {logging_mixin.py:190} INFO - [2024-11-11T19:54:24.285+0000] {dag.py:3239} INFO - Sync 1 DAGs
[2024-11-11T19:54:24.308+0000] {logging_mixin.py:190} INFO - [2024-11-11T19:54:24.308+0000] {dag.py:4180} INFO - Setting next_dagrun for example_short_circuit_decorator to None, run_after=None
[2024-11-11T19:54:24.339+0000] {processor.py:208} INFO - Processing /home/airflow/.local/lib/python3.12/site-packages/airflow/example_dags/example_short_circuit_decorator.py took 0.145 seconds
[2024-11-11T19:54:54.796+0000] {processor.py:186} INFO - Started process (PID=7708) to work on /home/airflow/.local/lib/python3.12/site-packages/airflow/example_dags/example_short_circuit_decorator.py
[2024-11-11T19:54:54.803+0000] {processor.py:914} INFO - Processing file /home/airflow/.local/lib/python3.12/site-packages/airflow/example_dags/example_short_circuit_decorator.py for tasks to queue
[2024-11-11T19:54:54.808+0000] {logging_mixin.py:190} INFO - [2024-11-11T19:54:54.807+0000] {dagbag.py:588} INFO - Filling up the DagBag from /home/airflow/.local/lib/python3.12/site-packages/airflow/example_dags/example_short_circuit_decorator.py
[2024-11-11T19:54:54.845+0000] {processor.py:925} INFO - DAG(s) 'example_short_circuit_decorator' retrieved from /home/airflow/.local/lib/python3.12/site-packages/airflow/example_dags/example_short_circuit_decorator.py
[2024-11-11T19:54:54.930+0000] {logging_mixin.py:190} INFO - [2024-11-11T19:54:54.929+0000] {dag.py:3239} INFO - Sync 1 DAGs
[2024-11-11T19:54:54.964+0000] {logging_mixin.py:190} INFO - [2024-11-11T19:54:54.963+0000] {dag.py:4180} INFO - Setting next_dagrun for example_short_circuit_decorator to None, run_after=None
[2024-11-11T19:54:55.005+0000] {processor.py:208} INFO - Processing /home/airflow/.local/lib/python3.12/site-packages/airflow/example_dags/example_short_circuit_decorator.py took 0.224 seconds
[2024-11-11T19:55:25.359+0000] {processor.py:186} INFO - Started process (PID=7998) to work on /home/airflow/.local/lib/python3.12/site-packages/airflow/example_dags/example_short_circuit_decorator.py
[2024-11-11T19:55:25.361+0000] {processor.py:914} INFO - Processing file /home/airflow/.local/lib/python3.12/site-packages/airflow/example_dags/example_short_circuit_decorator.py for tasks to queue
[2024-11-11T19:55:25.367+0000] {logging_mixin.py:190} INFO - [2024-11-11T19:55:25.366+0000] {dagbag.py:588} INFO - Filling up the DagBag from /home/airflow/.local/lib/python3.12/site-packages/airflow/example_dags/example_short_circuit_decorator.py
[2024-11-11T19:55:25.395+0000] {processor.py:925} INFO - DAG(s) 'example_short_circuit_decorator' retrieved from /home/airflow/.local/lib/python3.12/site-packages/airflow/example_dags/example_short_circuit_decorator.py
[2024-11-11T19:55:25.476+0000] {logging_mixin.py:190} INFO - [2024-11-11T19:55:25.476+0000] {dag.py:3239} INFO - Sync 1 DAGs
[2024-11-11T19:55:25.521+0000] {logging_mixin.py:190} INFO - [2024-11-11T19:55:25.520+0000] {dag.py:4180} INFO - Setting next_dagrun for example_short_circuit_decorator to None, run_after=None
[2024-11-11T19:55:25.577+0000] {processor.py:208} INFO - Processing /home/airflow/.local/lib/python3.12/site-packages/airflow/example_dags/example_short_circuit_decorator.py took 0.235 seconds
[2024-11-11T19:55:56.966+0000] {processor.py:186} INFO - Started process (PID=8292) to work on /home/airflow/.local/lib/python3.12/site-packages/airflow/example_dags/example_short_circuit_decorator.py
[2024-11-11T19:55:56.969+0000] {processor.py:914} INFO - Processing file /home/airflow/.local/lib/python3.12/site-packages/airflow/example_dags/example_short_circuit_decorator.py for tasks to queue
[2024-11-11T19:55:56.974+0000] {logging_mixin.py:190} INFO - [2024-11-11T19:55:56.973+0000] {dagbag.py:588} INFO - Filling up the DagBag from /home/airflow/.local/lib/python3.12/site-packages/airflow/example_dags/example_short_circuit_decorator.py
[2024-11-11T19:55:56.996+0000] {processor.py:925} INFO - DAG(s) 'example_short_circuit_decorator' retrieved from /home/airflow/.local/lib/python3.12/site-packages/airflow/example_dags/example_short_circuit_decorator.py
[2024-11-11T19:55:57.072+0000] {logging_mixin.py:190} INFO - [2024-11-11T19:55:57.071+0000] {dag.py:3239} INFO - Sync 1 DAGs
[2024-11-11T19:55:57.138+0000] {logging_mixin.py:190} INFO - [2024-11-11T19:55:57.137+0000] {dag.py:4180} INFO - Setting next_dagrun for example_short_circuit_decorator to None, run_after=None
[2024-11-11T19:55:57.220+0000] {processor.py:208} INFO - Processing /home/airflow/.local/lib/python3.12/site-packages/airflow/example_dags/example_short_circuit_decorator.py took 0.269 seconds
[2024-11-11T19:56:27.583+0000] {processor.py:186} INFO - Started process (PID=8582) to work on /home/airflow/.local/lib/python3.12/site-packages/airflow/example_dags/example_short_circuit_decorator.py
[2024-11-11T19:56:27.588+0000] {processor.py:914} INFO - Processing file /home/airflow/.local/lib/python3.12/site-packages/airflow/example_dags/example_short_circuit_decorator.py for tasks to queue
[2024-11-11T19:56:27.593+0000] {logging_mixin.py:190} INFO - [2024-11-11T19:56:27.592+0000] {dagbag.py:588} INFO - Filling up the DagBag from /home/airflow/.local/lib/python3.12/site-packages/airflow/example_dags/example_short_circuit_decorator.py
[2024-11-11T19:56:27.619+0000] {processor.py:925} INFO - DAG(s) 'example_short_circuit_decorator' retrieved from /home/airflow/.local/lib/python3.12/site-packages/airflow/example_dags/example_short_circuit_decorator.py
[2024-11-11T19:56:27.682+0000] {logging_mixin.py:190} INFO - [2024-11-11T19:56:27.682+0000] {dag.py:3239} INFO - Sync 1 DAGs
[2024-11-11T19:56:27.717+0000] {logging_mixin.py:190} INFO - [2024-11-11T19:56:27.716+0000] {dag.py:4180} INFO - Setting next_dagrun for example_short_circuit_decorator to None, run_after=None
[2024-11-11T19:56:27.765+0000] {processor.py:208} INFO - Processing /home/airflow/.local/lib/python3.12/site-packages/airflow/example_dags/example_short_circuit_decorator.py took 0.200 seconds
[2024-11-11T19:56:58.022+0000] {processor.py:186} INFO - Started process (PID=8868) to work on /home/airflow/.local/lib/python3.12/site-packages/airflow/example_dags/example_short_circuit_decorator.py
[2024-11-11T19:56:58.024+0000] {processor.py:914} INFO - Processing file /home/airflow/.local/lib/python3.12/site-packages/airflow/example_dags/example_short_circuit_decorator.py for tasks to queue
[2024-11-11T19:56:58.027+0000] {logging_mixin.py:190} INFO - [2024-11-11T19:56:58.027+0000] {dagbag.py:588} INFO - Filling up the DagBag from /home/airflow/.local/lib/python3.12/site-packages/airflow/example_dags/example_short_circuit_decorator.py
[2024-11-11T19:56:58.044+0000] {processor.py:925} INFO - DAG(s) 'example_short_circuit_decorator' retrieved from /home/airflow/.local/lib/python3.12/site-packages/airflow/example_dags/example_short_circuit_decorator.py
[2024-11-11T19:56:58.083+0000] {logging_mixin.py:190} INFO - [2024-11-11T19:56:58.083+0000] {dag.py:3239} INFO - Sync 1 DAGs
[2024-11-11T19:56:58.108+0000] {logging_mixin.py:190} INFO - [2024-11-11T19:56:58.108+0000] {dag.py:4180} INFO - Setting next_dagrun for example_short_circuit_decorator to None, run_after=None
[2024-11-11T19:56:58.139+0000] {processor.py:208} INFO - Processing /home/airflow/.local/lib/python3.12/site-packages/airflow/example_dags/example_short_circuit_decorator.py took 0.128 seconds
[2024-11-11T19:57:28.842+0000] {processor.py:186} INFO - Started process (PID=9161) to work on /home/airflow/.local/lib/python3.12/site-packages/airflow/example_dags/example_short_circuit_decorator.py
[2024-11-11T19:57:28.849+0000] {processor.py:914} INFO - Processing file /home/airflow/.local/lib/python3.12/site-packages/airflow/example_dags/example_short_circuit_decorator.py for tasks to queue
[2024-11-11T19:57:28.866+0000] {logging_mixin.py:190} INFO - [2024-11-11T19:57:28.862+0000] {dagbag.py:588} INFO - Filling up the DagBag from /home/airflow/.local/lib/python3.12/site-packages/airflow/example_dags/example_short_circuit_decorator.py
[2024-11-11T19:57:28.895+0000] {processor.py:925} INFO - DAG(s) 'example_short_circuit_decorator' retrieved from /home/airflow/.local/lib/python3.12/site-packages/airflow/example_dags/example_short_circuit_decorator.py
[2024-11-11T19:57:28.978+0000] {logging_mixin.py:190} INFO - [2024-11-11T19:57:28.978+0000] {dag.py:3239} INFO - Sync 1 DAGs
[2024-11-11T19:57:29.031+0000] {logging_mixin.py:190} INFO - [2024-11-11T19:57:29.029+0000] {dag.py:4180} INFO - Setting next_dagrun for example_short_circuit_decorator to None, run_after=None
[2024-11-11T19:57:29.093+0000] {processor.py:208} INFO - Processing /home/airflow/.local/lib/python3.12/site-packages/airflow/example_dags/example_short_circuit_decorator.py took 0.287 seconds
[2024-11-11T19:57:59.459+0000] {processor.py:186} INFO - Started process (PID=9450) to work on /home/airflow/.local/lib/python3.12/site-packages/airflow/example_dags/example_short_circuit_decorator.py
[2024-11-11T19:57:59.475+0000] {processor.py:914} INFO - Processing file /home/airflow/.local/lib/python3.12/site-packages/airflow/example_dags/example_short_circuit_decorator.py for tasks to queue
[2024-11-11T19:57:59.481+0000] {logging_mixin.py:190} INFO - [2024-11-11T19:57:59.480+0000] {dagbag.py:588} INFO - Filling up the DagBag from /home/airflow/.local/lib/python3.12/site-packages/airflow/example_dags/example_short_circuit_decorator.py
[2024-11-11T19:57:59.521+0000] {processor.py:925} INFO - DAG(s) 'example_short_circuit_decorator' retrieved from /home/airflow/.local/lib/python3.12/site-packages/airflow/example_dags/example_short_circuit_decorator.py
[2024-11-11T19:57:59.683+0000] {logging_mixin.py:190} INFO - [2024-11-11T19:57:59.682+0000] {dag.py:3239} INFO - Sync 1 DAGs
[2024-11-11T19:57:59.731+0000] {logging_mixin.py:190} INFO - [2024-11-11T19:57:59.731+0000] {dag.py:4180} INFO - Setting next_dagrun for example_short_circuit_decorator to None, run_after=None
[2024-11-11T19:57:59.762+0000] {processor.py:208} INFO - Processing /home/airflow/.local/lib/python3.12/site-packages/airflow/example_dags/example_short_circuit_decorator.py took 0.319 seconds
[2024-11-11T19:58:31.061+0000] {processor.py:186} INFO - Started process (PID=9741) to work on /home/airflow/.local/lib/python3.12/site-packages/airflow/example_dags/example_short_circuit_decorator.py
[2024-11-11T19:58:31.071+0000] {processor.py:914} INFO - Processing file /home/airflow/.local/lib/python3.12/site-packages/airflow/example_dags/example_short_circuit_decorator.py for tasks to queue
[2024-11-11T19:58:31.080+0000] {logging_mixin.py:190} INFO - [2024-11-11T19:58:31.079+0000] {dagbag.py:588} INFO - Filling up the DagBag from /home/airflow/.local/lib/python3.12/site-packages/airflow/example_dags/example_short_circuit_decorator.py
[2024-11-11T19:58:31.130+0000] {processor.py:925} INFO - DAG(s) 'example_short_circuit_decorator' retrieved from /home/airflow/.local/lib/python3.12/site-packages/airflow/example_dags/example_short_circuit_decorator.py
[2024-11-11T19:58:31.269+0000] {logging_mixin.py:190} INFO - [2024-11-11T19:58:31.268+0000] {dag.py:3239} INFO - Sync 1 DAGs
[2024-11-11T19:58:31.309+0000] {logging_mixin.py:190} INFO - [2024-11-11T19:58:31.308+0000] {dag.py:4180} INFO - Setting next_dagrun for example_short_circuit_decorator to None, run_after=None
[2024-11-11T19:58:31.349+0000] {processor.py:208} INFO - Processing /home/airflow/.local/lib/python3.12/site-packages/airflow/example_dags/example_short_circuit_decorator.py took 0.320 seconds
[2024-11-11T19:59:03.137+0000] {processor.py:186} INFO - Started process (PID=10032) to work on /home/airflow/.local/lib/python3.12/site-packages/airflow/example_dags/example_short_circuit_decorator.py
[2024-11-11T19:59:03.139+0000] {processor.py:914} INFO - Processing file /home/airflow/.local/lib/python3.12/site-packages/airflow/example_dags/example_short_circuit_decorator.py for tasks to queue
[2024-11-11T19:59:03.142+0000] {logging_mixin.py:190} INFO - [2024-11-11T19:59:03.142+0000] {dagbag.py:588} INFO - Filling up the DagBag from /home/airflow/.local/lib/python3.12/site-packages/airflow/example_dags/example_short_circuit_decorator.py
[2024-11-11T19:59:03.161+0000] {processor.py:925} INFO - DAG(s) 'example_short_circuit_decorator' retrieved from /home/airflow/.local/lib/python3.12/site-packages/airflow/example_dags/example_short_circuit_decorator.py
[2024-11-11T19:59:03.217+0000] {logging_mixin.py:190} INFO - [2024-11-11T19:59:03.217+0000] {dag.py:3239} INFO - Sync 1 DAGs
[2024-11-11T19:59:03.253+0000] {logging_mixin.py:190} INFO - [2024-11-11T19:59:03.252+0000] {dag.py:4180} INFO - Setting next_dagrun for example_short_circuit_decorator to None, run_after=None
[2024-11-11T19:59:03.305+0000] {processor.py:208} INFO - Processing /home/airflow/.local/lib/python3.12/site-packages/airflow/example_dags/example_short_circuit_decorator.py took 0.179 seconds
[2024-11-11T19:59:33.435+0000] {processor.py:186} INFO - Started process (PID=10318) to work on /home/airflow/.local/lib/python3.12/site-packages/airflow/example_dags/example_short_circuit_decorator.py
[2024-11-11T19:59:33.437+0000] {processor.py:914} INFO - Processing file /home/airflow/.local/lib/python3.12/site-packages/airflow/example_dags/example_short_circuit_decorator.py for tasks to queue
[2024-11-11T19:59:33.442+0000] {logging_mixin.py:190} INFO - [2024-11-11T19:59:33.441+0000] {dagbag.py:588} INFO - Filling up the DagBag from /home/airflow/.local/lib/python3.12/site-packages/airflow/example_dags/example_short_circuit_decorator.py
[2024-11-11T19:59:33.467+0000] {processor.py:925} INFO - DAG(s) 'example_short_circuit_decorator' retrieved from /home/airflow/.local/lib/python3.12/site-packages/airflow/example_dags/example_short_circuit_decorator.py
[2024-11-11T19:59:33.516+0000] {logging_mixin.py:190} INFO - [2024-11-11T19:59:33.516+0000] {dag.py:3239} INFO - Sync 1 DAGs
[2024-11-11T19:59:33.546+0000] {logging_mixin.py:190} INFO - [2024-11-11T19:59:33.546+0000] {dag.py:4180} INFO - Setting next_dagrun for example_short_circuit_decorator to None, run_after=None
[2024-11-11T19:59:33.582+0000] {processor.py:208} INFO - Processing /home/airflow/.local/lib/python3.12/site-packages/airflow/example_dags/example_short_circuit_decorator.py took 0.163 seconds
[2024-11-11T20:00:04.268+0000] {processor.py:186} INFO - Started process (PID=10609) to work on /home/airflow/.local/lib/python3.12/site-packages/airflow/example_dags/example_short_circuit_decorator.py
[2024-11-11T20:00:04.273+0000] {processor.py:914} INFO - Processing file /home/airflow/.local/lib/python3.12/site-packages/airflow/example_dags/example_short_circuit_decorator.py for tasks to queue
[2024-11-11T20:00:04.284+0000] {logging_mixin.py:190} INFO - [2024-11-11T20:00:04.282+0000] {dagbag.py:588} INFO - Filling up the DagBag from /home/airflow/.local/lib/python3.12/site-packages/airflow/example_dags/example_short_circuit_decorator.py
[2024-11-11T20:00:04.345+0000] {processor.py:925} INFO - DAG(s) 'example_short_circuit_decorator' retrieved from /home/airflow/.local/lib/python3.12/site-packages/airflow/example_dags/example_short_circuit_decorator.py
[2024-11-11T20:00:04.472+0000] {logging_mixin.py:190} INFO - [2024-11-11T20:00:04.471+0000] {dag.py:3239} INFO - Sync 1 DAGs
[2024-11-11T20:00:04.508+0000] {logging_mixin.py:190} INFO - [2024-11-11T20:00:04.508+0000] {dag.py:4180} INFO - Setting next_dagrun for example_short_circuit_decorator to None, run_after=None
[2024-11-11T20:00:04.547+0000] {processor.py:208} INFO - Processing /home/airflow/.local/lib/python3.12/site-packages/airflow/example_dags/example_short_circuit_decorator.py took 0.315 seconds
[2024-11-11T20:00:35.231+0000] {processor.py:186} INFO - Started process (PID=10900) to work on /home/airflow/.local/lib/python3.12/site-packages/airflow/example_dags/example_short_circuit_decorator.py
[2024-11-11T20:00:35.235+0000] {processor.py:914} INFO - Processing file /home/airflow/.local/lib/python3.12/site-packages/airflow/example_dags/example_short_circuit_decorator.py for tasks to queue
[2024-11-11T20:00:35.244+0000] {logging_mixin.py:190} INFO - [2024-11-11T20:00:35.243+0000] {dagbag.py:588} INFO - Filling up the DagBag from /home/airflow/.local/lib/python3.12/site-packages/airflow/example_dags/example_short_circuit_decorator.py
[2024-11-11T20:00:35.269+0000] {processor.py:925} INFO - DAG(s) 'example_short_circuit_decorator' retrieved from /home/airflow/.local/lib/python3.12/site-packages/airflow/example_dags/example_short_circuit_decorator.py
[2024-11-11T20:00:35.313+0000] {logging_mixin.py:190} INFO - [2024-11-11T20:00:35.313+0000] {dag.py:3239} INFO - Sync 1 DAGs
[2024-11-11T20:00:35.339+0000] {logging_mixin.py:190} INFO - [2024-11-11T20:00:35.339+0000] {dag.py:4180} INFO - Setting next_dagrun for example_short_circuit_decorator to None, run_after=None
[2024-11-11T20:00:35.378+0000] {processor.py:208} INFO - Processing /home/airflow/.local/lib/python3.12/site-packages/airflow/example_dags/example_short_circuit_decorator.py took 0.181 seconds
[2024-11-11T20:01:06.429+0000] {processor.py:186} INFO - Started process (PID=11191) to work on /home/airflow/.local/lib/python3.12/site-packages/airflow/example_dags/example_short_circuit_decorator.py
[2024-11-11T20:01:06.431+0000] {processor.py:914} INFO - Processing file /home/airflow/.local/lib/python3.12/site-packages/airflow/example_dags/example_short_circuit_decorator.py for tasks to queue
[2024-11-11T20:01:06.435+0000] {logging_mixin.py:190} INFO - [2024-11-11T20:01:06.434+0000] {dagbag.py:588} INFO - Filling up the DagBag from /home/airflow/.local/lib/python3.12/site-packages/airflow/example_dags/example_short_circuit_decorator.py
[2024-11-11T20:01:06.451+0000] {processor.py:925} INFO - DAG(s) 'example_short_circuit_decorator' retrieved from /home/airflow/.local/lib/python3.12/site-packages/airflow/example_dags/example_short_circuit_decorator.py
[2024-11-11T20:01:06.503+0000] {logging_mixin.py:190} INFO - [2024-11-11T20:01:06.502+0000] {dag.py:3239} INFO - Sync 1 DAGs
[2024-11-11T20:01:06.536+0000] {logging_mixin.py:190} INFO - [2024-11-11T20:01:06.536+0000] {dag.py:4180} INFO - Setting next_dagrun for example_short_circuit_decorator to None, run_after=None
[2024-11-11T20:01:06.597+0000] {processor.py:208} INFO - Processing /home/airflow/.local/lib/python3.12/site-packages/airflow/example_dags/example_short_circuit_decorator.py took 0.178 seconds
[2024-11-11T20:01:36.745+0000] {processor.py:186} INFO - Started process (PID=11479) to work on /home/airflow/.local/lib/python3.12/site-packages/airflow/example_dags/example_short_circuit_decorator.py
[2024-11-11T20:01:36.751+0000] {processor.py:914} INFO - Processing file /home/airflow/.local/lib/python3.12/site-packages/airflow/example_dags/example_short_circuit_decorator.py for tasks to queue
[2024-11-11T20:01:36.765+0000] {logging_mixin.py:190} INFO - [2024-11-11T20:01:36.764+0000] {dagbag.py:588} INFO - Filling up the DagBag from /home/airflow/.local/lib/python3.12/site-packages/airflow/example_dags/example_short_circuit_decorator.py
[2024-11-11T20:01:36.810+0000] {processor.py:925} INFO - DAG(s) 'example_short_circuit_decorator' retrieved from /home/airflow/.local/lib/python3.12/site-packages/airflow/example_dags/example_short_circuit_decorator.py
[2024-11-11T20:01:36.880+0000] {logging_mixin.py:190} INFO - [2024-11-11T20:01:36.879+0000] {dag.py:3239} INFO - Sync 1 DAGs
[2024-11-11T20:01:36.927+0000] {logging_mixin.py:190} INFO - [2024-11-11T20:01:36.926+0000] {dag.py:4180} INFO - Setting next_dagrun for example_short_circuit_decorator to None, run_after=None
[2024-11-11T20:01:36.984+0000] {processor.py:208} INFO - Processing /home/airflow/.local/lib/python3.12/site-packages/airflow/example_dags/example_short_circuit_decorator.py took 0.264 seconds
[2024-11-11T20:02:07.936+0000] {processor.py:186} INFO - Started process (PID=11771) to work on /home/airflow/.local/lib/python3.12/site-packages/airflow/example_dags/example_short_circuit_decorator.py
[2024-11-11T20:02:07.938+0000] {processor.py:914} INFO - Processing file /home/airflow/.local/lib/python3.12/site-packages/airflow/example_dags/example_short_circuit_decorator.py for tasks to queue
[2024-11-11T20:02:07.943+0000] {logging_mixin.py:190} INFO - [2024-11-11T20:02:07.943+0000] {dagbag.py:588} INFO - Filling up the DagBag from /home/airflow/.local/lib/python3.12/site-packages/airflow/example_dags/example_short_circuit_decorator.py
[2024-11-11T20:02:07.969+0000] {processor.py:925} INFO - DAG(s) 'example_short_circuit_decorator' retrieved from /home/airflow/.local/lib/python3.12/site-packages/airflow/example_dags/example_short_circuit_decorator.py
[2024-11-11T20:02:08.036+0000] {logging_mixin.py:190} INFO - [2024-11-11T20:02:08.035+0000] {dag.py:3239} INFO - Sync 1 DAGs
[2024-11-11T20:02:08.108+0000] {logging_mixin.py:190} INFO - [2024-11-11T20:02:08.107+0000] {dag.py:4180} INFO - Setting next_dagrun for example_short_circuit_decorator to None, run_after=None
[2024-11-11T20:02:08.146+0000] {processor.py:208} INFO - Processing /home/airflow/.local/lib/python3.12/site-packages/airflow/example_dags/example_short_circuit_decorator.py took 0.230 seconds
[2024-11-11T20:02:38.342+0000] {processor.py:186} INFO - Started process (PID=12062) to work on /home/airflow/.local/lib/python3.12/site-packages/airflow/example_dags/example_short_circuit_decorator.py
[2024-11-11T20:02:38.347+0000] {processor.py:914} INFO - Processing file /home/airflow/.local/lib/python3.12/site-packages/airflow/example_dags/example_short_circuit_decorator.py for tasks to queue
[2024-11-11T20:02:38.357+0000] {logging_mixin.py:190} INFO - [2024-11-11T20:02:38.355+0000] {dagbag.py:588} INFO - Filling up the DagBag from /home/airflow/.local/lib/python3.12/site-packages/airflow/example_dags/example_short_circuit_decorator.py
[2024-11-11T20:02:38.408+0000] {processor.py:925} INFO - DAG(s) 'example_short_circuit_decorator' retrieved from /home/airflow/.local/lib/python3.12/site-packages/airflow/example_dags/example_short_circuit_decorator.py
[2024-11-11T20:02:38.534+0000] {logging_mixin.py:190} INFO - [2024-11-11T20:02:38.534+0000] {dag.py:3239} INFO - Sync 1 DAGs
[2024-11-11T20:02:38.579+0000] {logging_mixin.py:190} INFO - [2024-11-11T20:02:38.578+0000] {dag.py:4180} INFO - Setting next_dagrun for example_short_circuit_decorator to None, run_after=None
[2024-11-11T20:02:38.617+0000] {processor.py:208} INFO - Processing /home/airflow/.local/lib/python3.12/site-packages/airflow/example_dags/example_short_circuit_decorator.py took 0.315 seconds
