[2024-11-11T19:41:41.881+0000] {processor.py:186} INFO - Started process (PID=372) to work on /home/airflow/.local/lib/python3.12/site-packages/airflow/example_dags/example_latest_only.py
[2024-11-11T19:41:41.883+0000] {processor.py:914} INFO - Processing file /home/airflow/.local/lib/python3.12/site-packages/airflow/example_dags/example_latest_only.py for tasks to queue
[2024-11-11T19:41:41.887+0000] {logging_mixin.py:190} INFO - [2024-11-11T19:41:41.887+0000] {dagbag.py:588} INFO - Filling up the DagBag from /home/airflow/.local/lib/python3.12/site-packages/airflow/example_dags/example_latest_only.py
[2024-11-11T19:41:41.903+0000] {processor.py:925} INFO - DAG(s) 'latest_only' retrieved from /home/airflow/.local/lib/python3.12/site-packages/airflow/example_dags/example_latest_only.py
[2024-11-11T19:41:42.106+0000] {logging_mixin.py:190} INFO - [2024-11-11T19:41:42.104+0000] {override.py:1911} INFO - Created Permission View: can delete on DAG:latest_only
[2024-11-11T19:41:42.125+0000] {logging_mixin.py:190} INFO - [2024-11-11T19:41:42.124+0000] {override.py:1911} INFO - Created Permission View: can read on DAG:latest_only
[2024-11-11T19:41:42.138+0000] {logging_mixin.py:190} INFO - [2024-11-11T19:41:42.137+0000] {override.py:1911} INFO - Created Permission View: can edit on DAG:latest_only
[2024-11-11T19:41:42.153+0000] {logging_mixin.py:190} INFO - [2024-11-11T19:41:42.153+0000] {override.py:1911} INFO - Created Permission View: can delete on DAG Run:latest_only
[2024-11-11T19:41:42.167+0000] {logging_mixin.py:190} INFO - [2024-11-11T19:41:42.166+0000] {override.py:1911} INFO - Created Permission View: can create on DAG Run:latest_only
[2024-11-11T19:41:42.180+0000] {logging_mixin.py:190} INFO - [2024-11-11T19:41:42.180+0000] {override.py:1911} INFO - Created Permission View: menu access on DAG Run:latest_only
[2024-11-11T19:41:42.195+0000] {logging_mixin.py:190} INFO - [2024-11-11T19:41:42.194+0000] {override.py:1911} INFO - Created Permission View: can read on DAG Run:latest_only
[2024-11-11T19:41:42.195+0000] {logging_mixin.py:190} INFO - [2024-11-11T19:41:42.195+0000] {dag.py:3239} INFO - Sync 1 DAGs
[2024-11-11T19:41:42.220+0000] {logging_mixin.py:190} INFO - [2024-11-11T19:41:42.220+0000] {dag.py:3262} INFO - Creating ORM DAG for latest_only
[2024-11-11T19:41:42.238+0000] {logging_mixin.py:190} INFO - [2024-11-11T19:41:42.238+0000] {dag.py:4180} INFO - Setting next_dagrun for latest_only to 2024-11-11 12:00:00+00:00, run_after=2024-11-11 16:00:00+00:00
[2024-11-11T19:41:42.274+0000] {processor.py:208} INFO - Processing /home/airflow/.local/lib/python3.12/site-packages/airflow/example_dags/example_latest_only.py took 0.402 seconds
[2024-11-11T19:42:13.356+0000] {processor.py:186} INFO - Started process (PID=663) to work on /home/airflow/.local/lib/python3.12/site-packages/airflow/example_dags/example_latest_only.py
[2024-11-11T19:42:13.358+0000] {processor.py:914} INFO - Processing file /home/airflow/.local/lib/python3.12/site-packages/airflow/example_dags/example_latest_only.py for tasks to queue
[2024-11-11T19:42:13.361+0000] {logging_mixin.py:190} INFO - [2024-11-11T19:42:13.361+0000] {dagbag.py:588} INFO - Filling up the DagBag from /home/airflow/.local/lib/python3.12/site-packages/airflow/example_dags/example_latest_only.py
[2024-11-11T19:42:13.372+0000] {processor.py:925} INFO - DAG(s) 'latest_only' retrieved from /home/airflow/.local/lib/python3.12/site-packages/airflow/example_dags/example_latest_only.py
[2024-11-11T19:42:13.405+0000] {logging_mixin.py:190} INFO - [2024-11-11T19:42:13.404+0000] {dag.py:3239} INFO - Sync 1 DAGs
[2024-11-11T19:42:13.451+0000] {logging_mixin.py:190} INFO - [2024-11-11T19:42:13.451+0000] {dag.py:4180} INFO - Setting next_dagrun for latest_only to 2024-11-11 12:00:00+00:00, run_after=2024-11-11 16:00:00+00:00
[2024-11-11T19:42:13.488+0000] {processor.py:208} INFO - Processing /home/airflow/.local/lib/python3.12/site-packages/airflow/example_dags/example_latest_only.py took 0.142 seconds
[2024-11-11T19:42:45.581+0000] {processor.py:186} INFO - Started process (PID=955) to work on /home/airflow/.local/lib/python3.12/site-packages/airflow/example_dags/example_latest_only.py
[2024-11-11T19:42:45.584+0000] {processor.py:914} INFO - Processing file /home/airflow/.local/lib/python3.12/site-packages/airflow/example_dags/example_latest_only.py for tasks to queue
[2024-11-11T19:42:45.588+0000] {logging_mixin.py:190} INFO - [2024-11-11T19:42:45.588+0000] {dagbag.py:588} INFO - Filling up the DagBag from /home/airflow/.local/lib/python3.12/site-packages/airflow/example_dags/example_latest_only.py
[2024-11-11T19:42:45.603+0000] {processor.py:925} INFO - DAG(s) 'latest_only' retrieved from /home/airflow/.local/lib/python3.12/site-packages/airflow/example_dags/example_latest_only.py
[2024-11-11T19:42:45.659+0000] {logging_mixin.py:190} INFO - [2024-11-11T19:42:45.658+0000] {dag.py:3239} INFO - Sync 1 DAGs
[2024-11-11T19:42:45.726+0000] {logging_mixin.py:190} INFO - [2024-11-11T19:42:45.725+0000] {dag.py:4180} INFO - Setting next_dagrun for latest_only to 2024-11-11 12:00:00+00:00, run_after=2024-11-11 16:00:00+00:00
[2024-11-11T19:42:45.765+0000] {processor.py:208} INFO - Processing /home/airflow/.local/lib/python3.12/site-packages/airflow/example_dags/example_latest_only.py took 0.198 seconds
[2024-11-11T19:43:17.207+0000] {processor.py:186} INFO - Started process (PID=1246) to work on /home/airflow/.local/lib/python3.12/site-packages/airflow/example_dags/example_latest_only.py
[2024-11-11T19:43:17.209+0000] {processor.py:914} INFO - Processing file /home/airflow/.local/lib/python3.12/site-packages/airflow/example_dags/example_latest_only.py for tasks to queue
[2024-11-11T19:43:17.215+0000] {logging_mixin.py:190} INFO - [2024-11-11T19:43:17.214+0000] {dagbag.py:588} INFO - Filling up the DagBag from /home/airflow/.local/lib/python3.12/site-packages/airflow/example_dags/example_latest_only.py
[2024-11-11T19:43:17.230+0000] {processor.py:925} INFO - DAG(s) 'latest_only' retrieved from /home/airflow/.local/lib/python3.12/site-packages/airflow/example_dags/example_latest_only.py
[2024-11-11T19:43:17.297+0000] {logging_mixin.py:190} INFO - [2024-11-11T19:43:17.296+0000] {dag.py:3239} INFO - Sync 1 DAGs
[2024-11-11T19:43:17.341+0000] {logging_mixin.py:190} INFO - [2024-11-11T19:43:17.340+0000] {dag.py:4180} INFO - Setting next_dagrun for latest_only to 2024-11-11 12:00:00+00:00, run_after=2024-11-11 16:00:00+00:00
[2024-11-11T19:43:17.375+0000] {processor.py:208} INFO - Processing /home/airflow/.local/lib/python3.12/site-packages/airflow/example_dags/example_latest_only.py took 0.181 seconds
[2024-11-11T19:43:48.287+0000] {processor.py:186} INFO - Started process (PID=1537) to work on /home/airflow/.local/lib/python3.12/site-packages/airflow/example_dags/example_latest_only.py
[2024-11-11T19:43:48.291+0000] {processor.py:914} INFO - Processing file /home/airflow/.local/lib/python3.12/site-packages/airflow/example_dags/example_latest_only.py for tasks to queue
[2024-11-11T19:43:48.305+0000] {logging_mixin.py:190} INFO - [2024-11-11T19:43:48.299+0000] {dagbag.py:588} INFO - Filling up the DagBag from /home/airflow/.local/lib/python3.12/site-packages/airflow/example_dags/example_latest_only.py
[2024-11-11T19:43:48.336+0000] {processor.py:925} INFO - DAG(s) 'latest_only' retrieved from /home/airflow/.local/lib/python3.12/site-packages/airflow/example_dags/example_latest_only.py
[2024-11-11T19:43:48.388+0000] {logging_mixin.py:190} INFO - [2024-11-11T19:43:48.388+0000] {dag.py:3239} INFO - Sync 1 DAGs
[2024-11-11T19:43:48.438+0000] {logging_mixin.py:190} INFO - [2024-11-11T19:43:48.437+0000] {dag.py:4180} INFO - Setting next_dagrun for latest_only to 2024-11-11 12:00:00+00:00, run_after=2024-11-11 16:00:00+00:00
[2024-11-11T19:43:48.475+0000] {processor.py:208} INFO - Processing /home/airflow/.local/lib/python3.12/site-packages/airflow/example_dags/example_latest_only.py took 0.217 seconds
[2024-11-11T19:44:22.437+0000] {processor.py:186} INFO - Started process (PID=1828) to work on /home/airflow/.local/lib/python3.12/site-packages/airflow/example_dags/example_latest_only.py
[2024-11-11T19:44:22.439+0000] {processor.py:914} INFO - Processing file /home/airflow/.local/lib/python3.12/site-packages/airflow/example_dags/example_latest_only.py for tasks to queue
[2024-11-11T19:44:22.445+0000] {logging_mixin.py:190} INFO - [2024-11-11T19:44:22.444+0000] {dagbag.py:588} INFO - Filling up the DagBag from /home/airflow/.local/lib/python3.12/site-packages/airflow/example_dags/example_latest_only.py
[2024-11-11T19:44:22.461+0000] {processor.py:925} INFO - DAG(s) 'latest_only' retrieved from /home/airflow/.local/lib/python3.12/site-packages/airflow/example_dags/example_latest_only.py
[2024-11-11T19:44:22.507+0000] {logging_mixin.py:190} INFO - [2024-11-11T19:44:22.506+0000] {dag.py:3239} INFO - Sync 1 DAGs
[2024-11-11T19:44:22.579+0000] {logging_mixin.py:190} INFO - [2024-11-11T19:44:22.578+0000] {dag.py:4180} INFO - Setting next_dagrun for latest_only to 2024-11-11 12:00:00+00:00, run_after=2024-11-11 16:00:00+00:00
[2024-11-11T19:44:22.620+0000] {processor.py:208} INFO - Processing /home/airflow/.local/lib/python3.12/site-packages/airflow/example_dags/example_latest_only.py took 0.215 seconds
[2024-11-11T19:44:54.028+0000] {processor.py:186} INFO - Started process (PID=2119) to work on /home/airflow/.local/lib/python3.12/site-packages/airflow/example_dags/example_latest_only.py
[2024-11-11T19:44:54.029+0000] {processor.py:914} INFO - Processing file /home/airflow/.local/lib/python3.12/site-packages/airflow/example_dags/example_latest_only.py for tasks to queue
[2024-11-11T19:44:54.032+0000] {logging_mixin.py:190} INFO - [2024-11-11T19:44:54.032+0000] {dagbag.py:588} INFO - Filling up the DagBag from /home/airflow/.local/lib/python3.12/site-packages/airflow/example_dags/example_latest_only.py
[2024-11-11T19:44:54.043+0000] {processor.py:925} INFO - DAG(s) 'latest_only' retrieved from /home/airflow/.local/lib/python3.12/site-packages/airflow/example_dags/example_latest_only.py
[2024-11-11T19:44:54.073+0000] {logging_mixin.py:190} INFO - [2024-11-11T19:44:54.073+0000] {dag.py:3239} INFO - Sync 1 DAGs
[2024-11-11T19:44:54.112+0000] {logging_mixin.py:190} INFO - [2024-11-11T19:44:54.112+0000] {dag.py:4180} INFO - Setting next_dagrun for latest_only to 2024-11-11 12:00:00+00:00, run_after=2024-11-11 16:00:00+00:00
[2024-11-11T19:44:54.181+0000] {processor.py:208} INFO - Processing /home/airflow/.local/lib/python3.12/site-packages/airflow/example_dags/example_latest_only.py took 0.162 seconds
[2024-11-11T19:45:24.597+0000] {processor.py:186} INFO - Started process (PID=2405) to work on /home/airflow/.local/lib/python3.12/site-packages/airflow/example_dags/example_latest_only.py
[2024-11-11T19:45:24.600+0000] {processor.py:914} INFO - Processing file /home/airflow/.local/lib/python3.12/site-packages/airflow/example_dags/example_latest_only.py for tasks to queue
[2024-11-11T19:45:24.608+0000] {logging_mixin.py:190} INFO - [2024-11-11T19:45:24.607+0000] {dagbag.py:588} INFO - Filling up the DagBag from /home/airflow/.local/lib/python3.12/site-packages/airflow/example_dags/example_latest_only.py
[2024-11-11T19:45:24.635+0000] {processor.py:925} INFO - DAG(s) 'latest_only' retrieved from /home/airflow/.local/lib/python3.12/site-packages/airflow/example_dags/example_latest_only.py
[2024-11-11T19:45:24.692+0000] {logging_mixin.py:190} INFO - [2024-11-11T19:45:24.691+0000] {dag.py:3239} INFO - Sync 1 DAGs
[2024-11-11T19:45:24.738+0000] {logging_mixin.py:190} INFO - [2024-11-11T19:45:24.738+0000] {dag.py:4180} INFO - Setting next_dagrun for latest_only to 2024-11-11 12:00:00+00:00, run_after=2024-11-11 16:00:00+00:00
[2024-11-11T19:45:24.774+0000] {processor.py:208} INFO - Processing /home/airflow/.local/lib/python3.12/site-packages/airflow/example_dags/example_latest_only.py took 0.203 seconds
[2024-11-11T19:45:54.958+0000] {processor.py:186} INFO - Started process (PID=2691) to work on /home/airflow/.local/lib/python3.12/site-packages/airflow/example_dags/example_latest_only.py
[2024-11-11T19:45:54.960+0000] {processor.py:914} INFO - Processing file /home/airflow/.local/lib/python3.12/site-packages/airflow/example_dags/example_latest_only.py for tasks to queue
[2024-11-11T19:45:54.965+0000] {logging_mixin.py:190} INFO - [2024-11-11T19:45:54.964+0000] {dagbag.py:588} INFO - Filling up the DagBag from /home/airflow/.local/lib/python3.12/site-packages/airflow/example_dags/example_latest_only.py
[2024-11-11T19:45:54.981+0000] {processor.py:925} INFO - DAG(s) 'latest_only' retrieved from /home/airflow/.local/lib/python3.12/site-packages/airflow/example_dags/example_latest_only.py
[2024-11-11T19:45:55.020+0000] {logging_mixin.py:190} INFO - [2024-11-11T19:45:55.019+0000] {dag.py:3239} INFO - Sync 1 DAGs
[2024-11-11T19:45:55.070+0000] {logging_mixin.py:190} INFO - [2024-11-11T19:45:55.070+0000] {dag.py:4180} INFO - Setting next_dagrun for latest_only to 2024-11-11 12:00:00+00:00, run_after=2024-11-11 16:00:00+00:00
[2024-11-11T19:45:55.108+0000] {processor.py:208} INFO - Processing /home/airflow/.local/lib/python3.12/site-packages/airflow/example_dags/example_latest_only.py took 0.172 seconds
[2024-11-11T19:46:25.785+0000] {processor.py:186} INFO - Started process (PID=2979) to work on /home/airflow/.local/lib/python3.12/site-packages/airflow/example_dags/example_latest_only.py
[2024-11-11T19:46:25.787+0000] {processor.py:914} INFO - Processing file /home/airflow/.local/lib/python3.12/site-packages/airflow/example_dags/example_latest_only.py for tasks to queue
[2024-11-11T19:46:25.790+0000] {logging_mixin.py:190} INFO - [2024-11-11T19:46:25.790+0000] {dagbag.py:588} INFO - Filling up the DagBag from /home/airflow/.local/lib/python3.12/site-packages/airflow/example_dags/example_latest_only.py
[2024-11-11T19:46:25.803+0000] {processor.py:925} INFO - DAG(s) 'latest_only' retrieved from /home/airflow/.local/lib/python3.12/site-packages/airflow/example_dags/example_latest_only.py
[2024-11-11T19:46:25.839+0000] {logging_mixin.py:190} INFO - [2024-11-11T19:46:25.838+0000] {dag.py:3239} INFO - Sync 1 DAGs
[2024-11-11T19:46:25.881+0000] {logging_mixin.py:190} INFO - [2024-11-11T19:46:25.881+0000] {dag.py:4180} INFO - Setting next_dagrun for latest_only to 2024-11-11 12:00:00+00:00, run_after=2024-11-11 16:00:00+00:00
[2024-11-11T19:46:25.913+0000] {processor.py:208} INFO - Processing /home/airflow/.local/lib/python3.12/site-packages/airflow/example_dags/example_latest_only.py took 0.143 seconds
[2024-11-11T19:46:57.119+0000] {processor.py:186} INFO - Started process (PID=3270) to work on /home/airflow/.local/lib/python3.12/site-packages/airflow/example_dags/example_latest_only.py
[2024-11-11T19:46:57.124+0000] {processor.py:914} INFO - Processing file /home/airflow/.local/lib/python3.12/site-packages/airflow/example_dags/example_latest_only.py for tasks to queue
[2024-11-11T19:46:57.131+0000] {logging_mixin.py:190} INFO - [2024-11-11T19:46:57.131+0000] {dagbag.py:588} INFO - Filling up the DagBag from /home/airflow/.local/lib/python3.12/site-packages/airflow/example_dags/example_latest_only.py
[2024-11-11T19:46:57.153+0000] {processor.py:925} INFO - DAG(s) 'latest_only' retrieved from /home/airflow/.local/lib/python3.12/site-packages/airflow/example_dags/example_latest_only.py
[2024-11-11T19:46:57.223+0000] {logging_mixin.py:190} INFO - [2024-11-11T19:46:57.222+0000] {dag.py:3239} INFO - Sync 1 DAGs
[2024-11-11T19:46:57.302+0000] {logging_mixin.py:190} INFO - [2024-11-11T19:46:57.301+0000] {dag.py:4180} INFO - Setting next_dagrun for latest_only to 2024-11-11 12:00:00+00:00, run_after=2024-11-11 16:00:00+00:00
[2024-11-11T19:46:57.360+0000] {processor.py:208} INFO - Processing /home/airflow/.local/lib/python3.12/site-packages/airflow/example_dags/example_latest_only.py took 0.265 seconds
[2024-11-11T19:47:27.809+0000] {processor.py:186} INFO - Started process (PID=3562) to work on /home/airflow/.local/lib/python3.12/site-packages/airflow/example_dags/example_latest_only.py
[2024-11-11T19:47:27.814+0000] {processor.py:914} INFO - Processing file /home/airflow/.local/lib/python3.12/site-packages/airflow/example_dags/example_latest_only.py for tasks to queue
[2024-11-11T19:47:27.833+0000] {logging_mixin.py:190} INFO - [2024-11-11T19:47:27.831+0000] {dagbag.py:588} INFO - Filling up the DagBag from /home/airflow/.local/lib/python3.12/site-packages/airflow/example_dags/example_latest_only.py
[2024-11-11T19:47:27.866+0000] {processor.py:925} INFO - DAG(s) 'latest_only' retrieved from /home/airflow/.local/lib/python3.12/site-packages/airflow/example_dags/example_latest_only.py
[2024-11-11T19:47:27.975+0000] {logging_mixin.py:190} INFO - [2024-11-11T19:47:27.974+0000] {dag.py:3239} INFO - Sync 1 DAGs
[2024-11-11T19:47:28.103+0000] {logging_mixin.py:190} INFO - [2024-11-11T19:47:28.102+0000] {dag.py:4180} INFO - Setting next_dagrun for latest_only to 2024-11-11 12:00:00+00:00, run_after=2024-11-11 16:00:00+00:00
[2024-11-11T19:47:28.212+0000] {processor.py:208} INFO - Processing /home/airflow/.local/lib/python3.12/site-packages/airflow/example_dags/example_latest_only.py took 0.439 seconds
[2024-11-11T19:47:58.459+0000] {processor.py:186} INFO - Started process (PID=3854) to work on /home/airflow/.local/lib/python3.12/site-packages/airflow/example_dags/example_latest_only.py
[2024-11-11T19:47:58.464+0000] {processor.py:914} INFO - Processing file /home/airflow/.local/lib/python3.12/site-packages/airflow/example_dags/example_latest_only.py for tasks to queue
[2024-11-11T19:47:58.482+0000] {logging_mixin.py:190} INFO - [2024-11-11T19:47:58.480+0000] {dagbag.py:588} INFO - Filling up the DagBag from /home/airflow/.local/lib/python3.12/site-packages/airflow/example_dags/example_latest_only.py
[2024-11-11T19:47:58.529+0000] {processor.py:925} INFO - DAG(s) 'latest_only' retrieved from /home/airflow/.local/lib/python3.12/site-packages/airflow/example_dags/example_latest_only.py
[2024-11-11T19:47:58.579+0000] {logging_mixin.py:190} INFO - [2024-11-11T19:47:58.578+0000] {dag.py:3239} INFO - Sync 1 DAGs
[2024-11-11T19:47:58.730+0000] {logging_mixin.py:190} INFO - [2024-11-11T19:47:58.729+0000] {dag.py:4180} INFO - Setting next_dagrun for latest_only to 2024-11-11 12:00:00+00:00, run_after=2024-11-11 16:00:00+00:00
[2024-11-11T19:47:58.890+0000] {processor.py:208} INFO - Processing /home/airflow/.local/lib/python3.12/site-packages/airflow/example_dags/example_latest_only.py took 0.461 seconds
[2024-11-11T19:48:29.713+0000] {processor.py:186} INFO - Started process (PID=4145) to work on /home/airflow/.local/lib/python3.12/site-packages/airflow/example_dags/example_latest_only.py
[2024-11-11T19:48:29.717+0000] {processor.py:914} INFO - Processing file /home/airflow/.local/lib/python3.12/site-packages/airflow/example_dags/example_latest_only.py for tasks to queue
[2024-11-11T19:48:29.728+0000] {logging_mixin.py:190} INFO - [2024-11-11T19:48:29.727+0000] {dagbag.py:588} INFO - Filling up the DagBag from /home/airflow/.local/lib/python3.12/site-packages/airflow/example_dags/example_latest_only.py
[2024-11-11T19:48:29.756+0000] {processor.py:925} INFO - DAG(s) 'latest_only' retrieved from /home/airflow/.local/lib/python3.12/site-packages/airflow/example_dags/example_latest_only.py
[2024-11-11T19:48:29.838+0000] {logging_mixin.py:190} INFO - [2024-11-11T19:48:29.837+0000] {dag.py:3239} INFO - Sync 1 DAGs
[2024-11-11T19:48:29.914+0000] {logging_mixin.py:190} INFO - [2024-11-11T19:48:29.914+0000] {dag.py:4180} INFO - Setting next_dagrun for latest_only to 2024-11-11 12:00:00+00:00, run_after=2024-11-11 16:00:00+00:00
[2024-11-11T19:48:29.966+0000] {processor.py:208} INFO - Processing /home/airflow/.local/lib/python3.12/site-packages/airflow/example_dags/example_latest_only.py took 0.282 seconds
[2024-11-11T19:49:00.259+0000] {processor.py:186} INFO - Started process (PID=4436) to work on /home/airflow/.local/lib/python3.12/site-packages/airflow/example_dags/example_latest_only.py
[2024-11-11T19:49:00.265+0000] {processor.py:914} INFO - Processing file /home/airflow/.local/lib/python3.12/site-packages/airflow/example_dags/example_latest_only.py for tasks to queue
[2024-11-11T19:49:00.291+0000] {logging_mixin.py:190} INFO - [2024-11-11T19:49:00.283+0000] {dagbag.py:588} INFO - Filling up the DagBag from /home/airflow/.local/lib/python3.12/site-packages/airflow/example_dags/example_latest_only.py
[2024-11-11T19:49:00.352+0000] {processor.py:925} INFO - DAG(s) 'latest_only' retrieved from /home/airflow/.local/lib/python3.12/site-packages/airflow/example_dags/example_latest_only.py
[2024-11-11T19:49:00.406+0000] {logging_mixin.py:190} INFO - [2024-11-11T19:49:00.405+0000] {dag.py:3239} INFO - Sync 1 DAGs
[2024-11-11T19:49:00.454+0000] {logging_mixin.py:190} INFO - [2024-11-11T19:49:00.453+0000] {dag.py:4180} INFO - Setting next_dagrun for latest_only to 2024-11-11 12:00:00+00:00, run_after=2024-11-11 16:00:00+00:00
[2024-11-11T19:49:00.489+0000] {processor.py:208} INFO - Processing /home/airflow/.local/lib/python3.12/site-packages/airflow/example_dags/example_latest_only.py took 0.268 seconds
[2024-11-11T19:49:31.210+0000] {processor.py:186} INFO - Started process (PID=4727) to work on /home/airflow/.local/lib/python3.12/site-packages/airflow/example_dags/example_latest_only.py
[2024-11-11T19:49:31.214+0000] {processor.py:914} INFO - Processing file /home/airflow/.local/lib/python3.12/site-packages/airflow/example_dags/example_latest_only.py for tasks to queue
[2024-11-11T19:49:31.229+0000] {logging_mixin.py:190} INFO - [2024-11-11T19:49:31.227+0000] {dagbag.py:588} INFO - Filling up the DagBag from /home/airflow/.local/lib/python3.12/site-packages/airflow/example_dags/example_latest_only.py
[2024-11-11T19:49:31.291+0000] {processor.py:925} INFO - DAG(s) 'latest_only' retrieved from /home/airflow/.local/lib/python3.12/site-packages/airflow/example_dags/example_latest_only.py
[2024-11-11T19:49:31.356+0000] {logging_mixin.py:190} INFO - [2024-11-11T19:49:31.355+0000] {dag.py:3239} INFO - Sync 1 DAGs
[2024-11-11T19:49:31.395+0000] {logging_mixin.py:190} INFO - [2024-11-11T19:49:31.394+0000] {dag.py:4180} INFO - Setting next_dagrun for latest_only to 2024-11-11 12:00:00+00:00, run_after=2024-11-11 16:00:00+00:00
[2024-11-11T19:49:31.424+0000] {processor.py:208} INFO - Processing /home/airflow/.local/lib/python3.12/site-packages/airflow/example_dags/example_latest_only.py took 0.241 seconds
[2024-11-11T19:50:02.239+0000] {processor.py:186} INFO - Started process (PID=5016) to work on /home/airflow/.local/lib/python3.12/site-packages/airflow/example_dags/example_latest_only.py
[2024-11-11T19:50:02.305+0000] {processor.py:914} INFO - Processing file /home/airflow/.local/lib/python3.12/site-packages/airflow/example_dags/example_latest_only.py for tasks to queue
[2024-11-11T19:50:02.449+0000] {logging_mixin.py:190} INFO - [2024-11-11T19:50:02.446+0000] {dagbag.py:588} INFO - Filling up the DagBag from /home/airflow/.local/lib/python3.12/site-packages/airflow/example_dags/example_latest_only.py
[2024-11-11T19:50:02.596+0000] {processor.py:925} INFO - DAG(s) 'latest_only' retrieved from /home/airflow/.local/lib/python3.12/site-packages/airflow/example_dags/example_latest_only.py
[2024-11-11T19:50:02.757+0000] {logging_mixin.py:190} INFO - [2024-11-11T19:50:02.756+0000] {dag.py:3239} INFO - Sync 1 DAGs
[2024-11-11T19:50:02.852+0000] {logging_mixin.py:190} INFO - [2024-11-11T19:50:02.852+0000] {dag.py:4180} INFO - Setting next_dagrun for latest_only to 2024-11-11 12:00:00+00:00, run_after=2024-11-11 16:00:00+00:00
[2024-11-11T19:50:02.929+0000] {processor.py:208} INFO - Processing /home/airflow/.local/lib/python3.12/site-packages/airflow/example_dags/example_latest_only.py took 0.812 seconds
[2024-11-11T19:50:33.516+0000] {processor.py:186} INFO - Started process (PID=5304) to work on /home/airflow/.local/lib/python3.12/site-packages/airflow/example_dags/example_latest_only.py
[2024-11-11T19:50:33.520+0000] {processor.py:914} INFO - Processing file /home/airflow/.local/lib/python3.12/site-packages/airflow/example_dags/example_latest_only.py for tasks to queue
[2024-11-11T19:50:33.544+0000] {logging_mixin.py:190} INFO - [2024-11-11T19:50:33.543+0000] {dagbag.py:588} INFO - Filling up the DagBag from /home/airflow/.local/lib/python3.12/site-packages/airflow/example_dags/example_latest_only.py
[2024-11-11T19:50:33.599+0000] {processor.py:925} INFO - DAG(s) 'latest_only' retrieved from /home/airflow/.local/lib/python3.12/site-packages/airflow/example_dags/example_latest_only.py
[2024-11-11T19:50:33.689+0000] {logging_mixin.py:190} INFO - [2024-11-11T19:50:33.689+0000] {dag.py:3239} INFO - Sync 1 DAGs
[2024-11-11T19:50:33.759+0000] {logging_mixin.py:190} INFO - [2024-11-11T19:50:33.759+0000] {dag.py:4180} INFO - Setting next_dagrun for latest_only to 2024-11-11 12:00:00+00:00, run_after=2024-11-11 16:00:00+00:00
[2024-11-11T19:50:33.800+0000] {processor.py:208} INFO - Processing /home/airflow/.local/lib/python3.12/site-packages/airflow/example_dags/example_latest_only.py took 0.326 seconds
[2024-11-11T19:51:04.331+0000] {processor.py:186} INFO - Started process (PID=5595) to work on /home/airflow/.local/lib/python3.12/site-packages/airflow/example_dags/example_latest_only.py
[2024-11-11T19:51:04.333+0000] {processor.py:914} INFO - Processing file /home/airflow/.local/lib/python3.12/site-packages/airflow/example_dags/example_latest_only.py for tasks to queue
[2024-11-11T19:51:04.337+0000] {logging_mixin.py:190} INFO - [2024-11-11T19:51:04.337+0000] {dagbag.py:588} INFO - Filling up the DagBag from /home/airflow/.local/lib/python3.12/site-packages/airflow/example_dags/example_latest_only.py
[2024-11-11T19:51:04.355+0000] {processor.py:925} INFO - DAG(s) 'latest_only' retrieved from /home/airflow/.local/lib/python3.12/site-packages/airflow/example_dags/example_latest_only.py
[2024-11-11T19:51:04.414+0000] {logging_mixin.py:190} INFO - [2024-11-11T19:51:04.413+0000] {dag.py:3239} INFO - Sync 1 DAGs
[2024-11-11T19:51:04.471+0000] {logging_mixin.py:190} INFO - [2024-11-11T19:51:04.471+0000] {dag.py:4180} INFO - Setting next_dagrun for latest_only to 2024-11-11 12:00:00+00:00, run_after=2024-11-11 16:00:00+00:00
[2024-11-11T19:51:04.523+0000] {processor.py:208} INFO - Processing /home/airflow/.local/lib/python3.12/site-packages/airflow/example_dags/example_latest_only.py took 0.207 seconds
[2024-11-11T19:51:34.733+0000] {processor.py:186} INFO - Started process (PID=5882) to work on /home/airflow/.local/lib/python3.12/site-packages/airflow/example_dags/example_latest_only.py
[2024-11-11T19:51:34.737+0000] {processor.py:914} INFO - Processing file /home/airflow/.local/lib/python3.12/site-packages/airflow/example_dags/example_latest_only.py for tasks to queue
[2024-11-11T19:51:34.747+0000] {logging_mixin.py:190} INFO - [2024-11-11T19:51:34.745+0000] {dagbag.py:588} INFO - Filling up the DagBag from /home/airflow/.local/lib/python3.12/site-packages/airflow/example_dags/example_latest_only.py
[2024-11-11T19:51:34.783+0000] {processor.py:925} INFO - DAG(s) 'latest_only' retrieved from /home/airflow/.local/lib/python3.12/site-packages/airflow/example_dags/example_latest_only.py
[2024-11-11T19:51:34.867+0000] {logging_mixin.py:190} INFO - [2024-11-11T19:51:34.866+0000] {dag.py:3239} INFO - Sync 1 DAGs
[2024-11-11T19:51:34.935+0000] {logging_mixin.py:190} INFO - [2024-11-11T19:51:34.934+0000] {dag.py:4180} INFO - Setting next_dagrun for latest_only to 2024-11-11 12:00:00+00:00, run_after=2024-11-11 16:00:00+00:00
[2024-11-11T19:51:34.979+0000] {processor.py:208} INFO - Processing /home/airflow/.local/lib/python3.12/site-packages/airflow/example_dags/example_latest_only.py took 0.275 seconds
[2024-11-11T19:52:05.723+0000] {processor.py:186} INFO - Started process (PID=6173) to work on /home/airflow/.local/lib/python3.12/site-packages/airflow/example_dags/example_latest_only.py
[2024-11-11T19:52:05.726+0000] {processor.py:914} INFO - Processing file /home/airflow/.local/lib/python3.12/site-packages/airflow/example_dags/example_latest_only.py for tasks to queue
[2024-11-11T19:52:05.736+0000] {logging_mixin.py:190} INFO - [2024-11-11T19:52:05.734+0000] {dagbag.py:588} INFO - Filling up the DagBag from /home/airflow/.local/lib/python3.12/site-packages/airflow/example_dags/example_latest_only.py
[2024-11-11T19:52:05.765+0000] {processor.py:925} INFO - DAG(s) 'latest_only' retrieved from /home/airflow/.local/lib/python3.12/site-packages/airflow/example_dags/example_latest_only.py
[2024-11-11T19:52:05.833+0000] {logging_mixin.py:190} INFO - [2024-11-11T19:52:05.833+0000] {dag.py:3239} INFO - Sync 1 DAGs
[2024-11-11T19:52:05.882+0000] {logging_mixin.py:190} INFO - [2024-11-11T19:52:05.882+0000] {dag.py:4180} INFO - Setting next_dagrun for latest_only to 2024-11-11 12:00:00+00:00, run_after=2024-11-11 16:00:00+00:00
[2024-11-11T19:52:05.931+0000] {processor.py:208} INFO - Processing /home/airflow/.local/lib/python3.12/site-packages/airflow/example_dags/example_latest_only.py took 0.242 seconds
[2024-11-11T19:52:36.956+0000] {processor.py:186} INFO - Started process (PID=6464) to work on /home/airflow/.local/lib/python3.12/site-packages/airflow/example_dags/example_latest_only.py
[2024-11-11T19:52:36.961+0000] {processor.py:914} INFO - Processing file /home/airflow/.local/lib/python3.12/site-packages/airflow/example_dags/example_latest_only.py for tasks to queue
[2024-11-11T19:52:36.972+0000] {logging_mixin.py:190} INFO - [2024-11-11T19:52:36.971+0000] {dagbag.py:588} INFO - Filling up the DagBag from /home/airflow/.local/lib/python3.12/site-packages/airflow/example_dags/example_latest_only.py
[2024-11-11T19:52:37.004+0000] {processor.py:925} INFO - DAG(s) 'latest_only' retrieved from /home/airflow/.local/lib/python3.12/site-packages/airflow/example_dags/example_latest_only.py
[2024-11-11T19:52:37.100+0000] {logging_mixin.py:190} INFO - [2024-11-11T19:52:37.099+0000] {dag.py:3239} INFO - Sync 1 DAGs
[2024-11-11T19:52:37.252+0000] {logging_mixin.py:190} INFO - [2024-11-11T19:52:37.252+0000] {dag.py:4180} INFO - Setting next_dagrun for latest_only to 2024-11-11 12:00:00+00:00, run_after=2024-11-11 16:00:00+00:00
[2024-11-11T19:52:37.320+0000] {processor.py:208} INFO - Processing /home/airflow/.local/lib/python3.12/site-packages/airflow/example_dags/example_latest_only.py took 0.410 seconds
[2024-11-11T19:53:08.002+0000] {processor.py:186} INFO - Started process (PID=6755) to work on /home/airflow/.local/lib/python3.12/site-packages/airflow/example_dags/example_latest_only.py
[2024-11-11T19:53:08.005+0000] {processor.py:914} INFO - Processing file /home/airflow/.local/lib/python3.12/site-packages/airflow/example_dags/example_latest_only.py for tasks to queue
[2024-11-11T19:53:08.010+0000] {logging_mixin.py:190} INFO - [2024-11-11T19:53:08.009+0000] {dagbag.py:588} INFO - Filling up the DagBag from /home/airflow/.local/lib/python3.12/site-packages/airflow/example_dags/example_latest_only.py
[2024-11-11T19:53:08.029+0000] {processor.py:925} INFO - DAG(s) 'latest_only' retrieved from /home/airflow/.local/lib/python3.12/site-packages/airflow/example_dags/example_latest_only.py
[2024-11-11T19:53:08.070+0000] {logging_mixin.py:190} INFO - [2024-11-11T19:53:08.070+0000] {dag.py:3239} INFO - Sync 1 DAGs
[2024-11-11T19:53:08.112+0000] {logging_mixin.py:190} INFO - [2024-11-11T19:53:08.112+0000] {dag.py:4180} INFO - Setting next_dagrun for latest_only to 2024-11-11 12:00:00+00:00, run_after=2024-11-11 16:00:00+00:00
[2024-11-11T19:53:08.150+0000] {processor.py:208} INFO - Processing /home/airflow/.local/lib/python3.12/site-packages/airflow/example_dags/example_latest_only.py took 0.162 seconds
[2024-11-11T19:53:38.556+0000] {processor.py:186} INFO - Started process (PID=7046) to work on /home/airflow/.local/lib/python3.12/site-packages/airflow/example_dags/example_latest_only.py
[2024-11-11T19:53:38.565+0000] {processor.py:914} INFO - Processing file /home/airflow/.local/lib/python3.12/site-packages/airflow/example_dags/example_latest_only.py for tasks to queue
[2024-11-11T19:53:38.574+0000] {logging_mixin.py:190} INFO - [2024-11-11T19:53:38.573+0000] {dagbag.py:588} INFO - Filling up the DagBag from /home/airflow/.local/lib/python3.12/site-packages/airflow/example_dags/example_latest_only.py
[2024-11-11T19:53:38.613+0000] {processor.py:925} INFO - DAG(s) 'latest_only' retrieved from /home/airflow/.local/lib/python3.12/site-packages/airflow/example_dags/example_latest_only.py
[2024-11-11T19:53:38.683+0000] {logging_mixin.py:190} INFO - [2024-11-11T19:53:38.682+0000] {dag.py:3239} INFO - Sync 1 DAGs
[2024-11-11T19:53:38.752+0000] {logging_mixin.py:190} INFO - [2024-11-11T19:53:38.751+0000] {dag.py:4180} INFO - Setting next_dagrun for latest_only to 2024-11-11 12:00:00+00:00, run_after=2024-11-11 16:00:00+00:00
[2024-11-11T19:53:38.801+0000] {processor.py:208} INFO - Processing /home/airflow/.local/lib/python3.12/site-packages/airflow/example_dags/example_latest_only.py took 0.279 seconds
[2024-11-11T19:54:10.074+0000] {processor.py:186} INFO - Started process (PID=7337) to work on /home/airflow/.local/lib/python3.12/site-packages/airflow/example_dags/example_latest_only.py
[2024-11-11T19:54:10.084+0000] {processor.py:914} INFO - Processing file /home/airflow/.local/lib/python3.12/site-packages/airflow/example_dags/example_latest_only.py for tasks to queue
[2024-11-11T19:54:10.102+0000] {logging_mixin.py:190} INFO - [2024-11-11T19:54:10.101+0000] {dagbag.py:588} INFO - Filling up the DagBag from /home/airflow/.local/lib/python3.12/site-packages/airflow/example_dags/example_latest_only.py
[2024-11-11T19:54:10.145+0000] {processor.py:925} INFO - DAG(s) 'latest_only' retrieved from /home/airflow/.local/lib/python3.12/site-packages/airflow/example_dags/example_latest_only.py
[2024-11-11T19:54:10.197+0000] {logging_mixin.py:190} INFO - [2024-11-11T19:54:10.196+0000] {dag.py:3239} INFO - Sync 1 DAGs
[2024-11-11T19:54:10.254+0000] {logging_mixin.py:190} INFO - [2024-11-11T19:54:10.254+0000] {dag.py:4180} INFO - Setting next_dagrun for latest_only to 2024-11-11 12:00:00+00:00, run_after=2024-11-11 16:00:00+00:00
[2024-11-11T19:54:10.322+0000] {processor.py:208} INFO - Processing /home/airflow/.local/lib/python3.12/site-packages/airflow/example_dags/example_latest_only.py took 0.282 seconds
[2024-11-11T19:54:41.378+0000] {processor.py:186} INFO - Started process (PID=7628) to work on /home/airflow/.local/lib/python3.12/site-packages/airflow/example_dags/example_latest_only.py
[2024-11-11T19:54:41.387+0000] {processor.py:914} INFO - Processing file /home/airflow/.local/lib/python3.12/site-packages/airflow/example_dags/example_latest_only.py for tasks to queue
[2024-11-11T19:54:41.396+0000] {logging_mixin.py:190} INFO - [2024-11-11T19:54:41.395+0000] {dagbag.py:588} INFO - Filling up the DagBag from /home/airflow/.local/lib/python3.12/site-packages/airflow/example_dags/example_latest_only.py
[2024-11-11T19:54:41.427+0000] {processor.py:925} INFO - DAG(s) 'latest_only' retrieved from /home/airflow/.local/lib/python3.12/site-packages/airflow/example_dags/example_latest_only.py
[2024-11-11T19:54:41.496+0000] {logging_mixin.py:190} INFO - [2024-11-11T19:54:41.496+0000] {dag.py:3239} INFO - Sync 1 DAGs
[2024-11-11T19:54:41.548+0000] {logging_mixin.py:190} INFO - [2024-11-11T19:54:41.548+0000] {dag.py:4180} INFO - Setting next_dagrun for latest_only to 2024-11-11 12:00:00+00:00, run_after=2024-11-11 16:00:00+00:00
[2024-11-11T19:54:41.579+0000] {processor.py:208} INFO - Processing /home/airflow/.local/lib/python3.12/site-packages/airflow/example_dags/example_latest_only.py took 0.229 seconds
[2024-11-11T19:55:11.794+0000] {processor.py:186} INFO - Started process (PID=7920) to work on /home/airflow/.local/lib/python3.12/site-packages/airflow/example_dags/example_latest_only.py
[2024-11-11T19:55:11.798+0000] {processor.py:914} INFO - Processing file /home/airflow/.local/lib/python3.12/site-packages/airflow/example_dags/example_latest_only.py for tasks to queue
[2024-11-11T19:55:11.807+0000] {logging_mixin.py:190} INFO - [2024-11-11T19:55:11.806+0000] {dagbag.py:588} INFO - Filling up the DagBag from /home/airflow/.local/lib/python3.12/site-packages/airflow/example_dags/example_latest_only.py
[2024-11-11T19:55:11.835+0000] {processor.py:925} INFO - DAG(s) 'latest_only' retrieved from /home/airflow/.local/lib/python3.12/site-packages/airflow/example_dags/example_latest_only.py
[2024-11-11T19:55:11.914+0000] {logging_mixin.py:190} INFO - [2024-11-11T19:55:11.914+0000] {dag.py:3239} INFO - Sync 1 DAGs
[2024-11-11T19:55:11.981+0000] {logging_mixin.py:190} INFO - [2024-11-11T19:55:11.981+0000] {dag.py:4180} INFO - Setting next_dagrun for latest_only to 2024-11-11 12:00:00+00:00, run_after=2024-11-11 16:00:00+00:00
[2024-11-11T19:55:12.029+0000] {processor.py:208} INFO - Processing /home/airflow/.local/lib/python3.12/site-packages/airflow/example_dags/example_latest_only.py took 0.263 seconds
[2024-11-11T19:55:42.782+0000] {processor.py:186} INFO - Started process (PID=8210) to work on /home/airflow/.local/lib/python3.12/site-packages/airflow/example_dags/example_latest_only.py
[2024-11-11T19:55:42.783+0000] {processor.py:914} INFO - Processing file /home/airflow/.local/lib/python3.12/site-packages/airflow/example_dags/example_latest_only.py for tasks to queue
[2024-11-11T19:55:42.794+0000] {logging_mixin.py:190} INFO - [2024-11-11T19:55:42.791+0000] {dagbag.py:588} INFO - Filling up the DagBag from /home/airflow/.local/lib/python3.12/site-packages/airflow/example_dags/example_latest_only.py
[2024-11-11T19:55:42.835+0000] {processor.py:925} INFO - DAG(s) 'latest_only' retrieved from /home/airflow/.local/lib/python3.12/site-packages/airflow/example_dags/example_latest_only.py
[2024-11-11T19:55:43.128+0000] {logging_mixin.py:190} INFO - [2024-11-11T19:55:43.126+0000] {dag.py:3239} INFO - Sync 1 DAGs
[2024-11-11T19:55:43.400+0000] {logging_mixin.py:190} INFO - [2024-11-11T19:55:43.399+0000] {dag.py:4180} INFO - Setting next_dagrun for latest_only to 2024-11-11 12:00:00+00:00, run_after=2024-11-11 16:00:00+00:00
[2024-11-11T19:55:43.645+0000] {processor.py:208} INFO - Processing /home/airflow/.local/lib/python3.12/site-packages/airflow/example_dags/example_latest_only.py took 0.875 seconds
[2024-11-11T19:56:14.347+0000] {processor.py:186} INFO - Started process (PID=8502) to work on /home/airflow/.local/lib/python3.12/site-packages/airflow/example_dags/example_latest_only.py
[2024-11-11T19:56:14.353+0000] {processor.py:914} INFO - Processing file /home/airflow/.local/lib/python3.12/site-packages/airflow/example_dags/example_latest_only.py for tasks to queue
[2024-11-11T19:56:14.369+0000] {logging_mixin.py:190} INFO - [2024-11-11T19:56:14.367+0000] {dagbag.py:588} INFO - Filling up the DagBag from /home/airflow/.local/lib/python3.12/site-packages/airflow/example_dags/example_latest_only.py
[2024-11-11T19:56:14.405+0000] {processor.py:925} INFO - DAG(s) 'latest_only' retrieved from /home/airflow/.local/lib/python3.12/site-packages/airflow/example_dags/example_latest_only.py
[2024-11-11T19:56:14.464+0000] {logging_mixin.py:190} INFO - [2024-11-11T19:56:14.463+0000] {dag.py:3239} INFO - Sync 1 DAGs
[2024-11-11T19:56:14.526+0000] {logging_mixin.py:190} INFO - [2024-11-11T19:56:14.526+0000] {dag.py:4180} INFO - Setting next_dagrun for latest_only to 2024-11-11 12:00:00+00:00, run_after=2024-11-11 16:00:00+00:00
[2024-11-11T19:56:14.563+0000] {processor.py:208} INFO - Processing /home/airflow/.local/lib/python3.12/site-packages/airflow/example_dags/example_latest_only.py took 0.258 seconds
[2024-11-11T19:56:44.793+0000] {processor.py:186} INFO - Started process (PID=8790) to work on /home/airflow/.local/lib/python3.12/site-packages/airflow/example_dags/example_latest_only.py
[2024-11-11T19:56:44.799+0000] {processor.py:914} INFO - Processing file /home/airflow/.local/lib/python3.12/site-packages/airflow/example_dags/example_latest_only.py for tasks to queue
[2024-11-11T19:56:44.811+0000] {logging_mixin.py:190} INFO - [2024-11-11T19:56:44.809+0000] {dagbag.py:588} INFO - Filling up the DagBag from /home/airflow/.local/lib/python3.12/site-packages/airflow/example_dags/example_latest_only.py
[2024-11-11T19:56:44.846+0000] {processor.py:925} INFO - DAG(s) 'latest_only' retrieved from /home/airflow/.local/lib/python3.12/site-packages/airflow/example_dags/example_latest_only.py
[2024-11-11T19:56:44.979+0000] {logging_mixin.py:190} INFO - [2024-11-11T19:56:44.978+0000] {dag.py:3239} INFO - Sync 1 DAGs
[2024-11-11T19:56:45.033+0000] {logging_mixin.py:190} INFO - [2024-11-11T19:56:45.033+0000] {dag.py:4180} INFO - Setting next_dagrun for latest_only to 2024-11-11 12:00:00+00:00, run_after=2024-11-11 16:00:00+00:00
[2024-11-11T19:56:45.103+0000] {processor.py:208} INFO - Processing /home/airflow/.local/lib/python3.12/site-packages/airflow/example_dags/example_latest_only.py took 0.355 seconds
[2024-11-11T19:57:15.798+0000] {processor.py:186} INFO - Started process (PID=9081) to work on /home/airflow/.local/lib/python3.12/site-packages/airflow/example_dags/example_latest_only.py
[2024-11-11T19:57:15.805+0000] {processor.py:914} INFO - Processing file /home/airflow/.local/lib/python3.12/site-packages/airflow/example_dags/example_latest_only.py for tasks to queue
[2024-11-11T19:57:15.810+0000] {logging_mixin.py:190} INFO - [2024-11-11T19:57:15.809+0000] {dagbag.py:588} INFO - Filling up the DagBag from /home/airflow/.local/lib/python3.12/site-packages/airflow/example_dags/example_latest_only.py
[2024-11-11T19:57:15.823+0000] {processor.py:925} INFO - DAG(s) 'latest_only' retrieved from /home/airflow/.local/lib/python3.12/site-packages/airflow/example_dags/example_latest_only.py
[2024-11-11T19:57:15.865+0000] {logging_mixin.py:190} INFO - [2024-11-11T19:57:15.865+0000] {dag.py:3239} INFO - Sync 1 DAGs
[2024-11-11T19:57:15.924+0000] {logging_mixin.py:190} INFO - [2024-11-11T19:57:15.924+0000] {dag.py:4180} INFO - Setting next_dagrun for latest_only to 2024-11-11 12:00:00+00:00, run_after=2024-11-11 16:00:00+00:00
[2024-11-11T19:57:15.966+0000] {processor.py:208} INFO - Processing /home/airflow/.local/lib/python3.12/site-packages/airflow/example_dags/example_latest_only.py took 0.197 seconds
[2024-11-11T19:57:46.412+0000] {processor.py:186} INFO - Started process (PID=9372) to work on /home/airflow/.local/lib/python3.12/site-packages/airflow/example_dags/example_latest_only.py
[2024-11-11T19:57:46.415+0000] {processor.py:914} INFO - Processing file /home/airflow/.local/lib/python3.12/site-packages/airflow/example_dags/example_latest_only.py for tasks to queue
[2024-11-11T19:57:46.420+0000] {logging_mixin.py:190} INFO - [2024-11-11T19:57:46.419+0000] {dagbag.py:588} INFO - Filling up the DagBag from /home/airflow/.local/lib/python3.12/site-packages/airflow/example_dags/example_latest_only.py
[2024-11-11T19:57:46.436+0000] {processor.py:925} INFO - DAG(s) 'latest_only' retrieved from /home/airflow/.local/lib/python3.12/site-packages/airflow/example_dags/example_latest_only.py
[2024-11-11T19:57:46.494+0000] {logging_mixin.py:190} INFO - [2024-11-11T19:57:46.493+0000] {dag.py:3239} INFO - Sync 1 DAGs
[2024-11-11T19:57:46.577+0000] {logging_mixin.py:190} INFO - [2024-11-11T19:57:46.575+0000] {dag.py:4180} INFO - Setting next_dagrun for latest_only to 2024-11-11 12:00:00+00:00, run_after=2024-11-11 16:00:00+00:00
[2024-11-11T19:57:46.644+0000] {processor.py:208} INFO - Processing /home/airflow/.local/lib/python3.12/site-packages/airflow/example_dags/example_latest_only.py took 0.249 seconds
[2024-11-11T19:58:17.211+0000] {processor.py:186} INFO - Started process (PID=9661) to work on /home/airflow/.local/lib/python3.12/site-packages/airflow/example_dags/example_latest_only.py
[2024-11-11T19:58:17.214+0000] {processor.py:914} INFO - Processing file /home/airflow/.local/lib/python3.12/site-packages/airflow/example_dags/example_latest_only.py for tasks to queue
[2024-11-11T19:58:17.226+0000] {logging_mixin.py:190} INFO - [2024-11-11T19:58:17.225+0000] {dagbag.py:588} INFO - Filling up the DagBag from /home/airflow/.local/lib/python3.12/site-packages/airflow/example_dags/example_latest_only.py
[2024-11-11T19:58:17.250+0000] {processor.py:925} INFO - DAG(s) 'latest_only' retrieved from /home/airflow/.local/lib/python3.12/site-packages/airflow/example_dags/example_latest_only.py
[2024-11-11T19:58:17.285+0000] {logging_mixin.py:190} INFO - [2024-11-11T19:58:17.285+0000] {dag.py:3239} INFO - Sync 1 DAGs
[2024-11-11T19:58:17.329+0000] {logging_mixin.py:190} INFO - [2024-11-11T19:58:17.328+0000] {dag.py:4180} INFO - Setting next_dagrun for latest_only to 2024-11-11 12:00:00+00:00, run_after=2024-11-11 16:00:00+00:00
[2024-11-11T19:58:17.362+0000] {processor.py:208} INFO - Processing /home/airflow/.local/lib/python3.12/site-packages/airflow/example_dags/example_latest_only.py took 0.171 seconds
[2024-11-11T19:58:48.284+0000] {processor.py:186} INFO - Started process (PID=9949) to work on /home/airflow/.local/lib/python3.12/site-packages/airflow/example_dags/example_latest_only.py
[2024-11-11T19:58:48.287+0000] {processor.py:914} INFO - Processing file /home/airflow/.local/lib/python3.12/site-packages/airflow/example_dags/example_latest_only.py for tasks to queue
[2024-11-11T19:58:48.292+0000] {logging_mixin.py:190} INFO - [2024-11-11T19:58:48.291+0000] {dagbag.py:588} INFO - Filling up the DagBag from /home/airflow/.local/lib/python3.12/site-packages/airflow/example_dags/example_latest_only.py
[2024-11-11T19:58:48.307+0000] {processor.py:925} INFO - DAG(s) 'latest_only' retrieved from /home/airflow/.local/lib/python3.12/site-packages/airflow/example_dags/example_latest_only.py
[2024-11-11T19:58:48.353+0000] {logging_mixin.py:190} INFO - [2024-11-11T19:58:48.353+0000] {dag.py:3239} INFO - Sync 1 DAGs
[2024-11-11T19:58:48.408+0000] {logging_mixin.py:190} INFO - [2024-11-11T19:58:48.408+0000] {dag.py:4180} INFO - Setting next_dagrun for latest_only to 2024-11-11 12:00:00+00:00, run_after=2024-11-11 16:00:00+00:00
[2024-11-11T19:58:48.447+0000] {processor.py:208} INFO - Processing /home/airflow/.local/lib/python3.12/site-packages/airflow/example_dags/example_latest_only.py took 0.181 seconds
[2024-11-11T19:59:18.994+0000] {processor.py:186} INFO - Started process (PID=10240) to work on /home/airflow/.local/lib/python3.12/site-packages/airflow/example_dags/example_latest_only.py
[2024-11-11T19:59:19.000+0000] {processor.py:914} INFO - Processing file /home/airflow/.local/lib/python3.12/site-packages/airflow/example_dags/example_latest_only.py for tasks to queue
[2024-11-11T19:59:19.013+0000] {logging_mixin.py:190} INFO - [2024-11-11T19:59:19.011+0000] {dagbag.py:588} INFO - Filling up the DagBag from /home/airflow/.local/lib/python3.12/site-packages/airflow/example_dags/example_latest_only.py
[2024-11-11T19:59:19.049+0000] {processor.py:925} INFO - DAG(s) 'latest_only' retrieved from /home/airflow/.local/lib/python3.12/site-packages/airflow/example_dags/example_latest_only.py
[2024-11-11T19:59:19.153+0000] {logging_mixin.py:190} INFO - [2024-11-11T19:59:19.152+0000] {dag.py:3239} INFO - Sync 1 DAGs
[2024-11-11T19:59:19.263+0000] {logging_mixin.py:190} INFO - [2024-11-11T19:59:19.263+0000] {dag.py:4180} INFO - Setting next_dagrun for latest_only to 2024-11-11 12:00:00+00:00, run_after=2024-11-11 16:00:00+00:00
[2024-11-11T19:59:19.602+0000] {processor.py:208} INFO - Processing /home/airflow/.local/lib/python3.12/site-packages/airflow/example_dags/example_latest_only.py took 0.647 seconds
[2024-11-11T19:59:49.912+0000] {processor.py:186} INFO - Started process (PID=10529) to work on /home/airflow/.local/lib/python3.12/site-packages/airflow/example_dags/example_latest_only.py
[2024-11-11T19:59:49.925+0000] {processor.py:914} INFO - Processing file /home/airflow/.local/lib/python3.12/site-packages/airflow/example_dags/example_latest_only.py for tasks to queue
[2024-11-11T19:59:49.931+0000] {logging_mixin.py:190} INFO - [2024-11-11T19:59:49.930+0000] {dagbag.py:588} INFO - Filling up the DagBag from /home/airflow/.local/lib/python3.12/site-packages/airflow/example_dags/example_latest_only.py
[2024-11-11T19:59:49.990+0000] {processor.py:925} INFO - DAG(s) 'latest_only' retrieved from /home/airflow/.local/lib/python3.12/site-packages/airflow/example_dags/example_latest_only.py
[2024-11-11T19:59:50.074+0000] {logging_mixin.py:190} INFO - [2024-11-11T19:59:50.074+0000] {dag.py:3239} INFO - Sync 1 DAGs
[2024-11-11T19:59:50.212+0000] {logging_mixin.py:190} INFO - [2024-11-11T19:59:50.211+0000] {dag.py:4180} INFO - Setting next_dagrun for latest_only to 2024-11-11 12:00:00+00:00, run_after=2024-11-11 16:00:00+00:00
[2024-11-11T19:59:50.272+0000] {processor.py:208} INFO - Processing /home/airflow/.local/lib/python3.12/site-packages/airflow/example_dags/example_latest_only.py took 0.374 seconds
[2024-11-11T20:00:20.465+0000] {processor.py:186} INFO - Started process (PID=10817) to work on /home/airflow/.local/lib/python3.12/site-packages/airflow/example_dags/example_latest_only.py
[2024-11-11T20:00:20.470+0000] {processor.py:914} INFO - Processing file /home/airflow/.local/lib/python3.12/site-packages/airflow/example_dags/example_latest_only.py for tasks to queue
[2024-11-11T20:00:20.481+0000] {logging_mixin.py:190} INFO - [2024-11-11T20:00:20.479+0000] {dagbag.py:588} INFO - Filling up the DagBag from /home/airflow/.local/lib/python3.12/site-packages/airflow/example_dags/example_latest_only.py
[2024-11-11T20:00:20.517+0000] {processor.py:925} INFO - DAG(s) 'latest_only' retrieved from /home/airflow/.local/lib/python3.12/site-packages/airflow/example_dags/example_latest_only.py
[2024-11-11T20:00:20.642+0000] {logging_mixin.py:190} INFO - [2024-11-11T20:00:20.641+0000] {dag.py:3239} INFO - Sync 1 DAGs
[2024-11-11T20:00:20.763+0000] {logging_mixin.py:190} INFO - [2024-11-11T20:00:20.762+0000] {dag.py:4180} INFO - Setting next_dagrun for latest_only to 2024-11-11 16:00:00+00:00, run_after=2024-11-11 20:00:00+00:00
[2024-11-11T20:00:20.845+0000] {processor.py:208} INFO - Processing /home/airflow/.local/lib/python3.12/site-packages/airflow/example_dags/example_latest_only.py took 0.412 seconds
[2024-11-11T20:00:52.052+0000] {processor.py:186} INFO - Started process (PID=11108) to work on /home/airflow/.local/lib/python3.12/site-packages/airflow/example_dags/example_latest_only.py
[2024-11-11T20:00:52.054+0000] {processor.py:914} INFO - Processing file /home/airflow/.local/lib/python3.12/site-packages/airflow/example_dags/example_latest_only.py for tasks to queue
[2024-11-11T20:00:52.059+0000] {logging_mixin.py:190} INFO - [2024-11-11T20:00:52.058+0000] {dagbag.py:588} INFO - Filling up the DagBag from /home/airflow/.local/lib/python3.12/site-packages/airflow/example_dags/example_latest_only.py
[2024-11-11T20:00:52.079+0000] {processor.py:925} INFO - DAG(s) 'latest_only' retrieved from /home/airflow/.local/lib/python3.12/site-packages/airflow/example_dags/example_latest_only.py
[2024-11-11T20:00:52.126+0000] {logging_mixin.py:190} INFO - [2024-11-11T20:00:52.125+0000] {dag.py:3239} INFO - Sync 1 DAGs
[2024-11-11T20:00:52.213+0000] {logging_mixin.py:190} INFO - [2024-11-11T20:00:52.212+0000] {dag.py:4180} INFO - Setting next_dagrun for latest_only to 2024-11-11 16:00:00+00:00, run_after=2024-11-11 20:00:00+00:00
[2024-11-11T20:00:52.281+0000] {processor.py:208} INFO - Processing /home/airflow/.local/lib/python3.12/site-packages/airflow/example_dags/example_latest_only.py took 0.242 seconds
[2024-11-11T20:01:22.551+0000] {processor.py:186} INFO - Started process (PID=11399) to work on /home/airflow/.local/lib/python3.12/site-packages/airflow/example_dags/example_latest_only.py
[2024-11-11T20:01:22.553+0000] {processor.py:914} INFO - Processing file /home/airflow/.local/lib/python3.12/site-packages/airflow/example_dags/example_latest_only.py for tasks to queue
[2024-11-11T20:01:22.558+0000] {logging_mixin.py:190} INFO - [2024-11-11T20:01:22.557+0000] {dagbag.py:588} INFO - Filling up the DagBag from /home/airflow/.local/lib/python3.12/site-packages/airflow/example_dags/example_latest_only.py
[2024-11-11T20:01:22.576+0000] {processor.py:925} INFO - DAG(s) 'latest_only' retrieved from /home/airflow/.local/lib/python3.12/site-packages/airflow/example_dags/example_latest_only.py
[2024-11-11T20:01:22.627+0000] {logging_mixin.py:190} INFO - [2024-11-11T20:01:22.626+0000] {dag.py:3239} INFO - Sync 1 DAGs
[2024-11-11T20:01:22.694+0000] {logging_mixin.py:190} INFO - [2024-11-11T20:01:22.694+0000] {dag.py:4180} INFO - Setting next_dagrun for latest_only to 2024-11-11 16:00:00+00:00, run_after=2024-11-11 20:00:00+00:00
[2024-11-11T20:01:22.728+0000] {processor.py:208} INFO - Processing /home/airflow/.local/lib/python3.12/site-packages/airflow/example_dags/example_latest_only.py took 0.190 seconds
[2024-11-11T20:01:53.825+0000] {processor.py:186} INFO - Started process (PID=11691) to work on /home/airflow/.local/lib/python3.12/site-packages/airflow/example_dags/example_latest_only.py
[2024-11-11T20:01:53.828+0000] {processor.py:914} INFO - Processing file /home/airflow/.local/lib/python3.12/site-packages/airflow/example_dags/example_latest_only.py for tasks to queue
[2024-11-11T20:01:53.836+0000] {logging_mixin.py:190} INFO - [2024-11-11T20:01:53.835+0000] {dagbag.py:588} INFO - Filling up the DagBag from /home/airflow/.local/lib/python3.12/site-packages/airflow/example_dags/example_latest_only.py
[2024-11-11T20:01:53.862+0000] {processor.py:925} INFO - DAG(s) 'latest_only' retrieved from /home/airflow/.local/lib/python3.12/site-packages/airflow/example_dags/example_latest_only.py
[2024-11-11T20:01:53.930+0000] {logging_mixin.py:190} INFO - [2024-11-11T20:01:53.929+0000] {dag.py:3239} INFO - Sync 1 DAGs
[2024-11-11T20:01:54.008+0000] {logging_mixin.py:190} INFO - [2024-11-11T20:01:54.007+0000] {dag.py:4180} INFO - Setting next_dagrun for latest_only to 2024-11-11 16:00:00+00:00, run_after=2024-11-11 20:00:00+00:00
[2024-11-11T20:01:54.050+0000] {processor.py:208} INFO - Processing /home/airflow/.local/lib/python3.12/site-packages/airflow/example_dags/example_latest_only.py took 0.251 seconds
[2024-11-11T20:02:25.024+0000] {processor.py:186} INFO - Started process (PID=11982) to work on /home/airflow/.local/lib/python3.12/site-packages/airflow/example_dags/example_latest_only.py
[2024-11-11T20:02:25.027+0000] {processor.py:914} INFO - Processing file /home/airflow/.local/lib/python3.12/site-packages/airflow/example_dags/example_latest_only.py for tasks to queue
[2024-11-11T20:02:25.033+0000] {logging_mixin.py:190} INFO - [2024-11-11T20:02:25.032+0000] {dagbag.py:588} INFO - Filling up the DagBag from /home/airflow/.local/lib/python3.12/site-packages/airflow/example_dags/example_latest_only.py
[2024-11-11T20:02:25.053+0000] {processor.py:925} INFO - DAG(s) 'latest_only' retrieved from /home/airflow/.local/lib/python3.12/site-packages/airflow/example_dags/example_latest_only.py
[2024-11-11T20:02:25.111+0000] {logging_mixin.py:190} INFO - [2024-11-11T20:02:25.110+0000] {dag.py:3239} INFO - Sync 1 DAGs
[2024-11-11T20:02:25.189+0000] {logging_mixin.py:190} INFO - [2024-11-11T20:02:25.188+0000] {dag.py:4180} INFO - Setting next_dagrun for latest_only to 2024-11-11 16:00:00+00:00, run_after=2024-11-11 20:00:00+00:00
[2024-11-11T20:02:25.247+0000] {processor.py:208} INFO - Processing /home/airflow/.local/lib/python3.12/site-packages/airflow/example_dags/example_latest_only.py took 0.242 seconds
[2024-11-11T20:02:55.477+0000] {processor.py:186} INFO - Started process (PID=12273) to work on /home/airflow/.local/lib/python3.12/site-packages/airflow/example_dags/example_latest_only.py
[2024-11-11T20:02:55.482+0000] {processor.py:914} INFO - Processing file /home/airflow/.local/lib/python3.12/site-packages/airflow/example_dags/example_latest_only.py for tasks to queue
[2024-11-11T20:02:55.496+0000] {logging_mixin.py:190} INFO - [2024-11-11T20:02:55.494+0000] {dagbag.py:588} INFO - Filling up the DagBag from /home/airflow/.local/lib/python3.12/site-packages/airflow/example_dags/example_latest_only.py
[2024-11-11T20:02:55.537+0000] {processor.py:925} INFO - DAG(s) 'latest_only' retrieved from /home/airflow/.local/lib/python3.12/site-packages/airflow/example_dags/example_latest_only.py
[2024-11-11T20:02:55.588+0000] {logging_mixin.py:190} INFO - [2024-11-11T20:02:55.587+0000] {dag.py:3239} INFO - Sync 1 DAGs
[2024-11-11T20:02:55.653+0000] {logging_mixin.py:190} INFO - [2024-11-11T20:02:55.652+0000] {dag.py:4180} INFO - Setting next_dagrun for latest_only to 2024-11-11 16:00:00+00:00, run_after=2024-11-11 20:00:00+00:00
[2024-11-11T20:02:55.695+0000] {processor.py:208} INFO - Processing /home/airflow/.local/lib/python3.12/site-packages/airflow/example_dags/example_latest_only.py took 0.259 seconds
