[2024-11-11T19:41:42.816+0000] {processor.py:186} INFO - Started process (PID=392) to work on /home/airflow/.local/lib/python3.12/site-packages/airflow/example_dags/example_python_operator.py
[2024-11-11T19:41:42.818+0000] {processor.py:914} INFO - Processing file /home/airflow/.local/lib/python3.12/site-packages/airflow/example_dags/example_python_operator.py for tasks to queue
[2024-11-11T19:41:42.823+0000] {logging_mixin.py:190} INFO - [2024-11-11T19:41:42.823+0000] {dagbag.py:588} INFO - Filling up the DagBag from /home/airflow/.local/lib/python3.12/site-packages/airflow/example_dags/example_python_operator.py
[2024-11-11T19:41:42.852+0000] {processor.py:925} INFO - DAG(s) 'example_python_operator' retrieved from /home/airflow/.local/lib/python3.12/site-packages/airflow/example_dags/example_python_operator.py
[2024-11-11T19:41:43.040+0000] {logging_mixin.py:190} INFO - [2024-11-11T19:41:43.039+0000] {override.py:1911} INFO - Created Permission View: can delete on DAG:example_python_operator
[2024-11-11T19:41:43.057+0000] {logging_mixin.py:190} INFO - [2024-11-11T19:41:43.056+0000] {override.py:1911} INFO - Created Permission View: can read on DAG:example_python_operator
[2024-11-11T19:41:43.069+0000] {logging_mixin.py:190} INFO - [2024-11-11T19:41:43.068+0000] {override.py:1911} INFO - Created Permission View: can edit on DAG:example_python_operator
[2024-11-11T19:41:43.082+0000] {logging_mixin.py:190} INFO - [2024-11-11T19:41:43.082+0000] {override.py:1911} INFO - Created Permission View: can delete on DAG Run:example_python_operator
[2024-11-11T19:41:43.095+0000] {logging_mixin.py:190} INFO - [2024-11-11T19:41:43.094+0000] {override.py:1911} INFO - Created Permission View: can create on DAG Run:example_python_operator
[2024-11-11T19:41:43.107+0000] {logging_mixin.py:190} INFO - [2024-11-11T19:41:43.106+0000] {override.py:1911} INFO - Created Permission View: menu access on DAG Run:example_python_operator
[2024-11-11T19:41:43.119+0000] {logging_mixin.py:190} INFO - [2024-11-11T19:41:43.119+0000] {override.py:1911} INFO - Created Permission View: can read on DAG Run:example_python_operator
[2024-11-11T19:41:43.120+0000] {logging_mixin.py:190} INFO - [2024-11-11T19:41:43.119+0000] {dag.py:3239} INFO - Sync 1 DAGs
[2024-11-11T19:41:43.143+0000] {logging_mixin.py:190} INFO - [2024-11-11T19:41:43.143+0000] {dag.py:3262} INFO - Creating ORM DAG for example_python_operator
[2024-11-11T19:41:43.144+0000] {logging_mixin.py:190} INFO - [2024-11-11T19:41:43.144+0000] {dag.py:4180} INFO - Setting next_dagrun for example_python_operator to None, run_after=None
[2024-11-11T19:41:43.172+0000] {processor.py:208} INFO - Processing /home/airflow/.local/lib/python3.12/site-packages/airflow/example_dags/example_python_operator.py took 0.372 seconds
[2024-11-11T19:42:14.107+0000] {processor.py:186} INFO - Started process (PID=683) to work on /home/airflow/.local/lib/python3.12/site-packages/airflow/example_dags/example_python_operator.py
[2024-11-11T19:42:14.109+0000] {processor.py:914} INFO - Processing file /home/airflow/.local/lib/python3.12/site-packages/airflow/example_dags/example_python_operator.py for tasks to queue
[2024-11-11T19:42:14.113+0000] {logging_mixin.py:190} INFO - [2024-11-11T19:42:14.113+0000] {dagbag.py:588} INFO - Filling up the DagBag from /home/airflow/.local/lib/python3.12/site-packages/airflow/example_dags/example_python_operator.py
[2024-11-11T19:42:14.141+0000] {processor.py:925} INFO - DAG(s) 'example_python_operator' retrieved from /home/airflow/.local/lib/python3.12/site-packages/airflow/example_dags/example_python_operator.py
[2024-11-11T19:42:14.186+0000] {logging_mixin.py:190} INFO - [2024-11-11T19:42:14.186+0000] {dag.py:3239} INFO - Sync 1 DAGs
[2024-11-11T19:42:14.215+0000] {logging_mixin.py:190} INFO - [2024-11-11T19:42:14.215+0000] {dag.py:4180} INFO - Setting next_dagrun for example_python_operator to None, run_after=None
[2024-11-11T19:42:14.254+0000] {processor.py:208} INFO - Processing /home/airflow/.local/lib/python3.12/site-packages/airflow/example_dags/example_python_operator.py took 0.159 seconds
[2024-11-11T19:42:46.325+0000] {processor.py:186} INFO - Started process (PID=977) to work on /home/airflow/.local/lib/python3.12/site-packages/airflow/example_dags/example_python_operator.py
[2024-11-11T19:42:46.328+0000] {processor.py:914} INFO - Processing file /home/airflow/.local/lib/python3.12/site-packages/airflow/example_dags/example_python_operator.py for tasks to queue
[2024-11-11T19:42:46.337+0000] {logging_mixin.py:190} INFO - [2024-11-11T19:42:46.335+0000] {dagbag.py:588} INFO - Filling up the DagBag from /home/airflow/.local/lib/python3.12/site-packages/airflow/example_dags/example_python_operator.py
[2024-11-11T19:42:46.391+0000] {processor.py:925} INFO - DAG(s) 'example_python_operator' retrieved from /home/airflow/.local/lib/python3.12/site-packages/airflow/example_dags/example_python_operator.py
[2024-11-11T19:42:46.482+0000] {logging_mixin.py:190} INFO - [2024-11-11T19:42:46.481+0000] {dag.py:3239} INFO - Sync 1 DAGs
[2024-11-11T19:42:46.528+0000] {logging_mixin.py:190} INFO - [2024-11-11T19:42:46.527+0000] {dag.py:4180} INFO - Setting next_dagrun for example_python_operator to None, run_after=None
[2024-11-11T19:42:46.575+0000] {processor.py:208} INFO - Processing /home/airflow/.local/lib/python3.12/site-packages/airflow/example_dags/example_python_operator.py took 0.269 seconds
[2024-11-11T19:43:18.035+0000] {processor.py:186} INFO - Started process (PID=1266) to work on /home/airflow/.local/lib/python3.12/site-packages/airflow/example_dags/example_python_operator.py
[2024-11-11T19:43:18.039+0000] {processor.py:914} INFO - Processing file /home/airflow/.local/lib/python3.12/site-packages/airflow/example_dags/example_python_operator.py for tasks to queue
[2024-11-11T19:43:18.046+0000] {logging_mixin.py:190} INFO - [2024-11-11T19:43:18.045+0000] {dagbag.py:588} INFO - Filling up the DagBag from /home/airflow/.local/lib/python3.12/site-packages/airflow/example_dags/example_python_operator.py
[2024-11-11T19:43:18.086+0000] {processor.py:925} INFO - DAG(s) 'example_python_operator' retrieved from /home/airflow/.local/lib/python3.12/site-packages/airflow/example_dags/example_python_operator.py
[2024-11-11T19:43:18.156+0000] {logging_mixin.py:190} INFO - [2024-11-11T19:43:18.155+0000] {dag.py:3239} INFO - Sync 1 DAGs
[2024-11-11T19:43:18.203+0000] {logging_mixin.py:190} INFO - [2024-11-11T19:43:18.202+0000] {dag.py:4180} INFO - Setting next_dagrun for example_python_operator to None, run_after=None
[2024-11-11T19:43:18.258+0000] {processor.py:208} INFO - Processing /home/airflow/.local/lib/python3.12/site-packages/airflow/example_dags/example_python_operator.py took 0.241 seconds
[2024-11-11T19:43:49.281+0000] {processor.py:186} INFO - Started process (PID=1557) to work on /home/airflow/.local/lib/python3.12/site-packages/airflow/example_dags/example_python_operator.py
[2024-11-11T19:43:49.284+0000] {processor.py:914} INFO - Processing file /home/airflow/.local/lib/python3.12/site-packages/airflow/example_dags/example_python_operator.py for tasks to queue
[2024-11-11T19:43:49.290+0000] {logging_mixin.py:190} INFO - [2024-11-11T19:43:49.289+0000] {dagbag.py:588} INFO - Filling up the DagBag from /home/airflow/.local/lib/python3.12/site-packages/airflow/example_dags/example_python_operator.py
[2024-11-11T19:43:49.318+0000] {processor.py:925} INFO - DAG(s) 'example_python_operator' retrieved from /home/airflow/.local/lib/python3.12/site-packages/airflow/example_dags/example_python_operator.py
[2024-11-11T19:43:49.363+0000] {logging_mixin.py:190} INFO - [2024-11-11T19:43:49.362+0000] {dag.py:3239} INFO - Sync 1 DAGs
[2024-11-11T19:43:49.404+0000] {logging_mixin.py:190} INFO - [2024-11-11T19:43:49.392+0000] {dag.py:4180} INFO - Setting next_dagrun for example_python_operator to None, run_after=None
[2024-11-11T19:43:49.446+0000] {processor.py:208} INFO - Processing /home/airflow/.local/lib/python3.12/site-packages/airflow/example_dags/example_python_operator.py took 0.180 seconds
[2024-11-11T19:44:23.594+0000] {processor.py:186} INFO - Started process (PID=1848) to work on /home/airflow/.local/lib/python3.12/site-packages/airflow/example_dags/example_python_operator.py
[2024-11-11T19:44:23.596+0000] {processor.py:914} INFO - Processing file /home/airflow/.local/lib/python3.12/site-packages/airflow/example_dags/example_python_operator.py for tasks to queue
[2024-11-11T19:44:23.599+0000] {logging_mixin.py:190} INFO - [2024-11-11T19:44:23.599+0000] {dagbag.py:588} INFO - Filling up the DagBag from /home/airflow/.local/lib/python3.12/site-packages/airflow/example_dags/example_python_operator.py
[2024-11-11T19:44:23.627+0000] {processor.py:925} INFO - DAG(s) 'example_python_operator' retrieved from /home/airflow/.local/lib/python3.12/site-packages/airflow/example_dags/example_python_operator.py
[2024-11-11T19:44:23.677+0000] {logging_mixin.py:190} INFO - [2024-11-11T19:44:23.677+0000] {dag.py:3239} INFO - Sync 1 DAGs
[2024-11-11T19:44:23.709+0000] {logging_mixin.py:190} INFO - [2024-11-11T19:44:23.709+0000] {dag.py:4180} INFO - Setting next_dagrun for example_python_operator to None, run_after=None
[2024-11-11T19:44:23.741+0000] {processor.py:208} INFO - Processing /home/airflow/.local/lib/python3.12/site-packages/airflow/example_dags/example_python_operator.py took 0.159 seconds
[2024-11-11T19:44:54.950+0000] {processor.py:186} INFO - Started process (PID=2139) to work on /home/airflow/.local/lib/python3.12/site-packages/airflow/example_dags/example_python_operator.py
[2024-11-11T19:44:54.952+0000] {processor.py:914} INFO - Processing file /home/airflow/.local/lib/python3.12/site-packages/airflow/example_dags/example_python_operator.py for tasks to queue
[2024-11-11T19:44:54.957+0000] {logging_mixin.py:190} INFO - [2024-11-11T19:44:54.956+0000] {dagbag.py:588} INFO - Filling up the DagBag from /home/airflow/.local/lib/python3.12/site-packages/airflow/example_dags/example_python_operator.py
[2024-11-11T19:44:54.982+0000] {processor.py:925} INFO - DAG(s) 'example_python_operator' retrieved from /home/airflow/.local/lib/python3.12/site-packages/airflow/example_dags/example_python_operator.py
[2024-11-11T19:44:55.031+0000] {logging_mixin.py:190} INFO - [2024-11-11T19:44:55.030+0000] {dag.py:3239} INFO - Sync 1 DAGs
[2024-11-11T19:44:55.087+0000] {logging_mixin.py:190} INFO - [2024-11-11T19:44:55.086+0000] {dag.py:4180} INFO - Setting next_dagrun for example_python_operator to None, run_after=None
[2024-11-11T19:44:55.165+0000] {processor.py:208} INFO - Processing /home/airflow/.local/lib/python3.12/site-packages/airflow/example_dags/example_python_operator.py took 0.227 seconds
[2024-11-11T19:45:26.004+0000] {processor.py:186} INFO - Started process (PID=2430) to work on /home/airflow/.local/lib/python3.12/site-packages/airflow/example_dags/example_python_operator.py
[2024-11-11T19:45:26.006+0000] {processor.py:914} INFO - Processing file /home/airflow/.local/lib/python3.12/site-packages/airflow/example_dags/example_python_operator.py for tasks to queue
[2024-11-11T19:45:26.009+0000] {logging_mixin.py:190} INFO - [2024-11-11T19:45:26.008+0000] {dagbag.py:588} INFO - Filling up the DagBag from /home/airflow/.local/lib/python3.12/site-packages/airflow/example_dags/example_python_operator.py
[2024-11-11T19:45:26.028+0000] {processor.py:925} INFO - DAG(s) 'example_python_operator' retrieved from /home/airflow/.local/lib/python3.12/site-packages/airflow/example_dags/example_python_operator.py
[2024-11-11T19:45:26.065+0000] {logging_mixin.py:190} INFO - [2024-11-11T19:45:26.065+0000] {dag.py:3239} INFO - Sync 1 DAGs
[2024-11-11T19:45:26.088+0000] {logging_mixin.py:190} INFO - [2024-11-11T19:45:26.087+0000] {dag.py:4180} INFO - Setting next_dagrun for example_python_operator to None, run_after=None
[2024-11-11T19:45:26.116+0000] {processor.py:208} INFO - Processing /home/airflow/.local/lib/python3.12/site-packages/airflow/example_dags/example_python_operator.py took 0.122 seconds
[2024-11-11T19:45:59.446+0000] {processor.py:186} INFO - Started process (PID=2721) to work on /home/airflow/.local/lib/python3.12/site-packages/airflow/example_dags/example_python_operator.py
[2024-11-11T19:45:59.449+0000] {processor.py:914} INFO - Processing file /home/airflow/.local/lib/python3.12/site-packages/airflow/example_dags/example_python_operator.py for tasks to queue
[2024-11-11T19:45:59.455+0000] {logging_mixin.py:190} INFO - [2024-11-11T19:45:59.454+0000] {dagbag.py:588} INFO - Filling up the DagBag from /home/airflow/.local/lib/python3.12/site-packages/airflow/example_dags/example_python_operator.py
[2024-11-11T19:45:59.490+0000] {processor.py:925} INFO - DAG(s) 'example_python_operator' retrieved from /home/airflow/.local/lib/python3.12/site-packages/airflow/example_dags/example_python_operator.py
[2024-11-11T19:45:59.553+0000] {logging_mixin.py:190} INFO - [2024-11-11T19:45:59.552+0000] {dag.py:3239} INFO - Sync 1 DAGs
[2024-11-11T19:45:59.599+0000] {logging_mixin.py:190} INFO - [2024-11-11T19:45:59.598+0000] {dag.py:4180} INFO - Setting next_dagrun for example_python_operator to None, run_after=None
[2024-11-11T19:45:59.649+0000] {processor.py:208} INFO - Processing /home/airflow/.local/lib/python3.12/site-packages/airflow/example_dags/example_python_operator.py took 0.218 seconds
[2024-11-11T19:46:30.949+0000] {processor.py:186} INFO - Started process (PID=3012) to work on /home/airflow/.local/lib/python3.12/site-packages/airflow/example_dags/example_python_operator.py
[2024-11-11T19:46:30.951+0000] {processor.py:914} INFO - Processing file /home/airflow/.local/lib/python3.12/site-packages/airflow/example_dags/example_python_operator.py for tasks to queue
[2024-11-11T19:46:30.955+0000] {logging_mixin.py:190} INFO - [2024-11-11T19:46:30.954+0000] {dagbag.py:588} INFO - Filling up the DagBag from /home/airflow/.local/lib/python3.12/site-packages/airflow/example_dags/example_python_operator.py
[2024-11-11T19:46:30.976+0000] {processor.py:925} INFO - DAG(s) 'example_python_operator' retrieved from /home/airflow/.local/lib/python3.12/site-packages/airflow/example_dags/example_python_operator.py
[2024-11-11T19:46:31.017+0000] {logging_mixin.py:190} INFO - [2024-11-11T19:46:31.016+0000] {dag.py:3239} INFO - Sync 1 DAGs
[2024-11-11T19:46:31.044+0000] {logging_mixin.py:190} INFO - [2024-11-11T19:46:31.043+0000] {dag.py:4180} INFO - Setting next_dagrun for example_python_operator to None, run_after=None
[2024-11-11T19:46:31.091+0000] {processor.py:208} INFO - Processing /home/airflow/.local/lib/python3.12/site-packages/airflow/example_dags/example_python_operator.py took 0.152 seconds
[2024-11-11T19:47:04.064+0000] {processor.py:186} INFO - Started process (PID=3303) to work on /home/airflow/.local/lib/python3.12/site-packages/airflow/example_dags/example_python_operator.py
[2024-11-11T19:47:04.068+0000] {processor.py:914} INFO - Processing file /home/airflow/.local/lib/python3.12/site-packages/airflow/example_dags/example_python_operator.py for tasks to queue
[2024-11-11T19:47:04.072+0000] {logging_mixin.py:190} INFO - [2024-11-11T19:47:04.072+0000] {dagbag.py:588} INFO - Filling up the DagBag from /home/airflow/.local/lib/python3.12/site-packages/airflow/example_dags/example_python_operator.py
[2024-11-11T19:47:04.100+0000] {processor.py:925} INFO - DAG(s) 'example_python_operator' retrieved from /home/airflow/.local/lib/python3.12/site-packages/airflow/example_dags/example_python_operator.py
[2024-11-11T19:47:04.159+0000] {logging_mixin.py:190} INFO - [2024-11-11T19:47:04.159+0000] {dag.py:3239} INFO - Sync 1 DAGs
[2024-11-11T19:47:04.202+0000] {logging_mixin.py:190} INFO - [2024-11-11T19:47:04.201+0000] {dag.py:4180} INFO - Setting next_dagrun for example_python_operator to None, run_after=None
[2024-11-11T19:47:04.253+0000] {processor.py:208} INFO - Processing /home/airflow/.local/lib/python3.12/site-packages/airflow/example_dags/example_python_operator.py took 0.202 seconds
[2024-11-11T19:47:36.564+0000] {processor.py:186} INFO - Started process (PID=3595) to work on /home/airflow/.local/lib/python3.12/site-packages/airflow/example_dags/example_python_operator.py
[2024-11-11T19:47:36.566+0000] {processor.py:914} INFO - Processing file /home/airflow/.local/lib/python3.12/site-packages/airflow/example_dags/example_python_operator.py for tasks to queue
[2024-11-11T19:47:36.571+0000] {logging_mixin.py:190} INFO - [2024-11-11T19:47:36.570+0000] {dagbag.py:588} INFO - Filling up the DagBag from /home/airflow/.local/lib/python3.12/site-packages/airflow/example_dags/example_python_operator.py
[2024-11-11T19:47:36.598+0000] {processor.py:925} INFO - DAG(s) 'example_python_operator' retrieved from /home/airflow/.local/lib/python3.12/site-packages/airflow/example_dags/example_python_operator.py
[2024-11-11T19:47:36.649+0000] {logging_mixin.py:190} INFO - [2024-11-11T19:47:36.649+0000] {dag.py:3239} INFO - Sync 1 DAGs
[2024-11-11T19:47:36.690+0000] {logging_mixin.py:190} INFO - [2024-11-11T19:47:36.690+0000] {dag.py:4180} INFO - Setting next_dagrun for example_python_operator to None, run_after=None
[2024-11-11T19:47:36.736+0000] {processor.py:208} INFO - Processing /home/airflow/.local/lib/python3.12/site-packages/airflow/example_dags/example_python_operator.py took 0.183 seconds
[2024-11-11T19:48:08.422+0000] {processor.py:186} INFO - Started process (PID=3887) to work on /home/airflow/.local/lib/python3.12/site-packages/airflow/example_dags/example_python_operator.py
[2024-11-11T19:48:08.424+0000] {processor.py:914} INFO - Processing file /home/airflow/.local/lib/python3.12/site-packages/airflow/example_dags/example_python_operator.py for tasks to queue
[2024-11-11T19:48:08.432+0000] {logging_mixin.py:190} INFO - [2024-11-11T19:48:08.431+0000] {dagbag.py:588} INFO - Filling up the DagBag from /home/airflow/.local/lib/python3.12/site-packages/airflow/example_dags/example_python_operator.py
[2024-11-11T19:48:08.463+0000] {processor.py:925} INFO - DAG(s) 'example_python_operator' retrieved from /home/airflow/.local/lib/python3.12/site-packages/airflow/example_dags/example_python_operator.py
[2024-11-11T19:48:08.535+0000] {logging_mixin.py:190} INFO - [2024-11-11T19:48:08.535+0000] {dag.py:3239} INFO - Sync 1 DAGs
[2024-11-11T19:48:08.582+0000] {logging_mixin.py:190} INFO - [2024-11-11T19:48:08.581+0000] {dag.py:4180} INFO - Setting next_dagrun for example_python_operator to None, run_after=None
[2024-11-11T19:48:08.627+0000] {processor.py:208} INFO - Processing /home/airflow/.local/lib/python3.12/site-packages/airflow/example_dags/example_python_operator.py took 0.221 seconds
[2024-11-11T19:48:41.967+0000] {processor.py:186} INFO - Started process (PID=4178) to work on /home/airflow/.local/lib/python3.12/site-packages/airflow/example_dags/example_python_operator.py
[2024-11-11T19:48:41.969+0000] {processor.py:914} INFO - Processing file /home/airflow/.local/lib/python3.12/site-packages/airflow/example_dags/example_python_operator.py for tasks to queue
[2024-11-11T19:48:41.974+0000] {logging_mixin.py:190} INFO - [2024-11-11T19:48:41.973+0000] {dagbag.py:588} INFO - Filling up the DagBag from /home/airflow/.local/lib/python3.12/site-packages/airflow/example_dags/example_python_operator.py
[2024-11-11T19:48:42.011+0000] {processor.py:925} INFO - DAG(s) 'example_python_operator' retrieved from /home/airflow/.local/lib/python3.12/site-packages/airflow/example_dags/example_python_operator.py
[2024-11-11T19:48:42.090+0000] {logging_mixin.py:190} INFO - [2024-11-11T19:48:42.089+0000] {dag.py:3239} INFO - Sync 1 DAGs
[2024-11-11T19:48:42.133+0000] {logging_mixin.py:190} INFO - [2024-11-11T19:48:42.132+0000] {dag.py:4180} INFO - Setting next_dagrun for example_python_operator to None, run_after=None
[2024-11-11T19:48:42.183+0000] {processor.py:208} INFO - Processing /home/airflow/.local/lib/python3.12/site-packages/airflow/example_dags/example_python_operator.py took 0.230 seconds
[2024-11-11T19:49:13.960+0000] {processor.py:186} INFO - Started process (PID=4469) to work on /home/airflow/.local/lib/python3.12/site-packages/airflow/example_dags/example_python_operator.py
[2024-11-11T19:49:13.964+0000] {processor.py:914} INFO - Processing file /home/airflow/.local/lib/python3.12/site-packages/airflow/example_dags/example_python_operator.py for tasks to queue
[2024-11-11T19:49:13.970+0000] {logging_mixin.py:190} INFO - [2024-11-11T19:49:13.969+0000] {dagbag.py:588} INFO - Filling up the DagBag from /home/airflow/.local/lib/python3.12/site-packages/airflow/example_dags/example_python_operator.py
[2024-11-11T19:49:14.024+0000] {processor.py:925} INFO - DAG(s) 'example_python_operator' retrieved from /home/airflow/.local/lib/python3.12/site-packages/airflow/example_dags/example_python_operator.py
[2024-11-11T19:49:14.110+0000] {logging_mixin.py:190} INFO - [2024-11-11T19:49:14.109+0000] {dag.py:3239} INFO - Sync 1 DAGs
[2024-11-11T19:49:14.183+0000] {logging_mixin.py:190} INFO - [2024-11-11T19:49:14.182+0000] {dag.py:4180} INFO - Setting next_dagrun for example_python_operator to None, run_after=None
[2024-11-11T19:49:14.282+0000] {processor.py:208} INFO - Processing /home/airflow/.local/lib/python3.12/site-packages/airflow/example_dags/example_python_operator.py took 0.344 seconds
[2024-11-11T19:49:45.181+0000] {processor.py:186} INFO - Started process (PID=4760) to work on /home/airflow/.local/lib/python3.12/site-packages/airflow/example_dags/example_python_operator.py
[2024-11-11T19:49:45.184+0000] {processor.py:914} INFO - Processing file /home/airflow/.local/lib/python3.12/site-packages/airflow/example_dags/example_python_operator.py for tasks to queue
[2024-11-11T19:49:45.191+0000] {logging_mixin.py:190} INFO - [2024-11-11T19:49:45.190+0000] {dagbag.py:588} INFO - Filling up the DagBag from /home/airflow/.local/lib/python3.12/site-packages/airflow/example_dags/example_python_operator.py
[2024-11-11T19:49:45.240+0000] {processor.py:925} INFO - DAG(s) 'example_python_operator' retrieved from /home/airflow/.local/lib/python3.12/site-packages/airflow/example_dags/example_python_operator.py
[2024-11-11T19:49:45.332+0000] {logging_mixin.py:190} INFO - [2024-11-11T19:49:45.331+0000] {dag.py:3239} INFO - Sync 1 DAGs
[2024-11-11T19:49:45.405+0000] {logging_mixin.py:190} INFO - [2024-11-11T19:49:45.404+0000] {dag.py:4180} INFO - Setting next_dagrun for example_python_operator to None, run_after=None
[2024-11-11T19:49:45.465+0000] {processor.py:208} INFO - Processing /home/airflow/.local/lib/python3.12/site-packages/airflow/example_dags/example_python_operator.py took 0.304 seconds
[2024-11-11T19:50:17.026+0000] {processor.py:186} INFO - Started process (PID=5061) to work on /home/airflow/.local/lib/python3.12/site-packages/airflow/example_dags/example_python_operator.py
[2024-11-11T19:50:17.030+0000] {processor.py:914} INFO - Processing file /home/airflow/.local/lib/python3.12/site-packages/airflow/example_dags/example_python_operator.py for tasks to queue
[2024-11-11T19:50:17.049+0000] {logging_mixin.py:190} INFO - [2024-11-11T19:50:17.047+0000] {dagbag.py:588} INFO - Filling up the DagBag from /home/airflow/.local/lib/python3.12/site-packages/airflow/example_dags/example_python_operator.py
[2024-11-11T19:50:17.099+0000] {processor.py:925} INFO - DAG(s) 'example_python_operator' retrieved from /home/airflow/.local/lib/python3.12/site-packages/airflow/example_dags/example_python_operator.py
[2024-11-11T19:50:17.149+0000] {logging_mixin.py:190} INFO - [2024-11-11T19:50:17.149+0000] {dag.py:3239} INFO - Sync 1 DAGs
[2024-11-11T19:50:17.181+0000] {logging_mixin.py:190} INFO - [2024-11-11T19:50:17.180+0000] {dag.py:4180} INFO - Setting next_dagrun for example_python_operator to None, run_after=None
[2024-11-11T19:50:17.215+0000] {processor.py:208} INFO - Processing /home/airflow/.local/lib/python3.12/site-packages/airflow/example_dags/example_python_operator.py took 0.226 seconds
[2024-11-11T19:50:47.422+0000] {processor.py:186} INFO - Started process (PID=5349) to work on /home/airflow/.local/lib/python3.12/site-packages/airflow/example_dags/example_python_operator.py
[2024-11-11T19:50:47.425+0000] {processor.py:914} INFO - Processing file /home/airflow/.local/lib/python3.12/site-packages/airflow/example_dags/example_python_operator.py for tasks to queue
[2024-11-11T19:50:47.432+0000] {logging_mixin.py:190} INFO - [2024-11-11T19:50:47.431+0000] {dagbag.py:588} INFO - Filling up the DagBag from /home/airflow/.local/lib/python3.12/site-packages/airflow/example_dags/example_python_operator.py
[2024-11-11T19:50:47.476+0000] {processor.py:925} INFO - DAG(s) 'example_python_operator' retrieved from /home/airflow/.local/lib/python3.12/site-packages/airflow/example_dags/example_python_operator.py
[2024-11-11T19:50:47.552+0000] {logging_mixin.py:190} INFO - [2024-11-11T19:50:47.552+0000] {dag.py:3239} INFO - Sync 1 DAGs
[2024-11-11T19:50:47.583+0000] {logging_mixin.py:190} INFO - [2024-11-11T19:50:47.583+0000] {dag.py:4180} INFO - Setting next_dagrun for example_python_operator to None, run_after=None
[2024-11-11T19:50:47.628+0000] {processor.py:208} INFO - Processing /home/airflow/.local/lib/python3.12/site-packages/airflow/example_dags/example_python_operator.py took 0.227 seconds
[2024-11-11T19:51:18.092+0000] {processor.py:186} INFO - Started process (PID=5643) to work on /home/airflow/.local/lib/python3.12/site-packages/airflow/example_dags/example_python_operator.py
[2024-11-11T19:51:18.094+0000] {processor.py:914} INFO - Processing file /home/airflow/.local/lib/python3.12/site-packages/airflow/example_dags/example_python_operator.py for tasks to queue
[2024-11-11T19:51:18.099+0000] {logging_mixin.py:190} INFO - [2024-11-11T19:51:18.098+0000] {dagbag.py:588} INFO - Filling up the DagBag from /home/airflow/.local/lib/python3.12/site-packages/airflow/example_dags/example_python_operator.py
[2024-11-11T19:51:18.119+0000] {processor.py:925} INFO - DAG(s) 'example_python_operator' retrieved from /home/airflow/.local/lib/python3.12/site-packages/airflow/example_dags/example_python_operator.py
[2024-11-11T19:51:18.160+0000] {logging_mixin.py:190} INFO - [2024-11-11T19:51:18.159+0000] {dag.py:3239} INFO - Sync 1 DAGs
[2024-11-11T19:51:18.188+0000] {logging_mixin.py:190} INFO - [2024-11-11T19:51:18.187+0000] {dag.py:4180} INFO - Setting next_dagrun for example_python_operator to None, run_after=None
[2024-11-11T19:51:18.224+0000] {processor.py:208} INFO - Processing /home/airflow/.local/lib/python3.12/site-packages/airflow/example_dags/example_python_operator.py took 0.144 seconds
[2024-11-11T19:51:48.555+0000] {processor.py:186} INFO - Started process (PID=5930) to work on /home/airflow/.local/lib/python3.12/site-packages/airflow/example_dags/example_python_operator.py
[2024-11-11T19:51:48.559+0000] {processor.py:914} INFO - Processing file /home/airflow/.local/lib/python3.12/site-packages/airflow/example_dags/example_python_operator.py for tasks to queue
[2024-11-11T19:51:48.566+0000] {logging_mixin.py:190} INFO - [2024-11-11T19:51:48.565+0000] {dagbag.py:588} INFO - Filling up the DagBag from /home/airflow/.local/lib/python3.12/site-packages/airflow/example_dags/example_python_operator.py
[2024-11-11T19:51:48.603+0000] {processor.py:925} INFO - DAG(s) 'example_python_operator' retrieved from /home/airflow/.local/lib/python3.12/site-packages/airflow/example_dags/example_python_operator.py
[2024-11-11T19:51:48.658+0000] {logging_mixin.py:190} INFO - [2024-11-11T19:51:48.658+0000] {dag.py:3239} INFO - Sync 1 DAGs
[2024-11-11T19:51:48.694+0000] {logging_mixin.py:190} INFO - [2024-11-11T19:51:48.694+0000] {dag.py:4180} INFO - Setting next_dagrun for example_python_operator to None, run_after=None
[2024-11-11T19:51:48.736+0000] {processor.py:208} INFO - Processing /home/airflow/.local/lib/python3.12/site-packages/airflow/example_dags/example_python_operator.py took 0.204 seconds
[2024-11-11T19:52:20.355+0000] {processor.py:186} INFO - Started process (PID=6231) to work on /home/airflow/.local/lib/python3.12/site-packages/airflow/example_dags/example_python_operator.py
[2024-11-11T19:52:20.356+0000] {processor.py:914} INFO - Processing file /home/airflow/.local/lib/python3.12/site-packages/airflow/example_dags/example_python_operator.py for tasks to queue
[2024-11-11T19:52:20.360+0000] {logging_mixin.py:190} INFO - [2024-11-11T19:52:20.360+0000] {dagbag.py:588} INFO - Filling up the DagBag from /home/airflow/.local/lib/python3.12/site-packages/airflow/example_dags/example_python_operator.py
[2024-11-11T19:52:20.387+0000] {processor.py:925} INFO - DAG(s) 'example_python_operator' retrieved from /home/airflow/.local/lib/python3.12/site-packages/airflow/example_dags/example_python_operator.py
[2024-11-11T19:52:20.448+0000] {logging_mixin.py:190} INFO - [2024-11-11T19:52:20.448+0000] {dag.py:3239} INFO - Sync 1 DAGs
[2024-11-11T19:52:20.490+0000] {logging_mixin.py:190} INFO - [2024-11-11T19:52:20.489+0000] {dag.py:4180} INFO - Setting next_dagrun for example_python_operator to None, run_after=None
[2024-11-11T19:52:20.536+0000] {processor.py:208} INFO - Processing /home/airflow/.local/lib/python3.12/site-packages/airflow/example_dags/example_python_operator.py took 0.193 seconds
[2024-11-11T19:52:51.501+0000] {processor.py:186} INFO - Started process (PID=6527) to work on /home/airflow/.local/lib/python3.12/site-packages/airflow/example_dags/example_python_operator.py
[2024-11-11T19:52:51.503+0000] {processor.py:914} INFO - Processing file /home/airflow/.local/lib/python3.12/site-packages/airflow/example_dags/example_python_operator.py for tasks to queue
[2024-11-11T19:52:51.508+0000] {logging_mixin.py:190} INFO - [2024-11-11T19:52:51.507+0000] {dagbag.py:588} INFO - Filling up the DagBag from /home/airflow/.local/lib/python3.12/site-packages/airflow/example_dags/example_python_operator.py
[2024-11-11T19:52:51.528+0000] {processor.py:925} INFO - DAG(s) 'example_python_operator' retrieved from /home/airflow/.local/lib/python3.12/site-packages/airflow/example_dags/example_python_operator.py
[2024-11-11T19:52:51.563+0000] {logging_mixin.py:190} INFO - [2024-11-11T19:52:51.563+0000] {dag.py:3239} INFO - Sync 1 DAGs
[2024-11-11T19:52:51.604+0000] {logging_mixin.py:190} INFO - [2024-11-11T19:52:51.603+0000] {dag.py:4180} INFO - Setting next_dagrun for example_python_operator to None, run_after=None
[2024-11-11T19:52:51.642+0000] {processor.py:208} INFO - Processing /home/airflow/.local/lib/python3.12/site-packages/airflow/example_dags/example_python_operator.py took 0.155 seconds
[2024-11-11T19:53:21.885+0000] {processor.py:186} INFO - Started process (PID=6813) to work on /home/airflow/.local/lib/python3.12/site-packages/airflow/example_dags/example_python_operator.py
[2024-11-11T19:53:21.887+0000] {processor.py:914} INFO - Processing file /home/airflow/.local/lib/python3.12/site-packages/airflow/example_dags/example_python_operator.py for tasks to queue
[2024-11-11T19:53:21.892+0000] {logging_mixin.py:190} INFO - [2024-11-11T19:53:21.892+0000] {dagbag.py:588} INFO - Filling up the DagBag from /home/airflow/.local/lib/python3.12/site-packages/airflow/example_dags/example_python_operator.py
[2024-11-11T19:53:21.922+0000] {processor.py:925} INFO - DAG(s) 'example_python_operator' retrieved from /home/airflow/.local/lib/python3.12/site-packages/airflow/example_dags/example_python_operator.py
[2024-11-11T19:53:21.963+0000] {logging_mixin.py:190} INFO - [2024-11-11T19:53:21.963+0000] {dag.py:3239} INFO - Sync 1 DAGs
[2024-11-11T19:53:22.004+0000] {logging_mixin.py:190} INFO - [2024-11-11T19:53:22.003+0000] {dag.py:4180} INFO - Setting next_dagrun for example_python_operator to None, run_after=None
[2024-11-11T19:53:22.039+0000] {processor.py:208} INFO - Processing /home/airflow/.local/lib/python3.12/site-packages/airflow/example_dags/example_python_operator.py took 0.169 seconds
[2024-11-11T19:53:52.311+0000] {processor.py:186} INFO - Started process (PID=7104) to work on /home/airflow/.local/lib/python3.12/site-packages/airflow/example_dags/example_python_operator.py
[2024-11-11T19:53:52.312+0000] {processor.py:914} INFO - Processing file /home/airflow/.local/lib/python3.12/site-packages/airflow/example_dags/example_python_operator.py for tasks to queue
[2024-11-11T19:53:52.316+0000] {logging_mixin.py:190} INFO - [2024-11-11T19:53:52.315+0000] {dagbag.py:588} INFO - Filling up the DagBag from /home/airflow/.local/lib/python3.12/site-packages/airflow/example_dags/example_python_operator.py
[2024-11-11T19:53:52.340+0000] {processor.py:925} INFO - DAG(s) 'example_python_operator' retrieved from /home/airflow/.local/lib/python3.12/site-packages/airflow/example_dags/example_python_operator.py
[2024-11-11T19:53:52.381+0000] {logging_mixin.py:190} INFO - [2024-11-11T19:53:52.381+0000] {dag.py:3239} INFO - Sync 1 DAGs
[2024-11-11T19:53:52.408+0000] {logging_mixin.py:190} INFO - [2024-11-11T19:53:52.407+0000] {dag.py:4180} INFO - Setting next_dagrun for example_python_operator to None, run_after=None
[2024-11-11T19:53:52.442+0000] {processor.py:208} INFO - Processing /home/airflow/.local/lib/python3.12/site-packages/airflow/example_dags/example_python_operator.py took 0.143 seconds
[2024-11-11T19:54:22.640+0000] {processor.py:186} INFO - Started process (PID=7395) to work on /home/airflow/.local/lib/python3.12/site-packages/airflow/example_dags/example_python_operator.py
[2024-11-11T19:54:22.642+0000] {processor.py:914} INFO - Processing file /home/airflow/.local/lib/python3.12/site-packages/airflow/example_dags/example_python_operator.py for tasks to queue
[2024-11-11T19:54:22.647+0000] {logging_mixin.py:190} INFO - [2024-11-11T19:54:22.646+0000] {dagbag.py:588} INFO - Filling up the DagBag from /home/airflow/.local/lib/python3.12/site-packages/airflow/example_dags/example_python_operator.py
[2024-11-11T19:54:22.687+0000] {processor.py:925} INFO - DAG(s) 'example_python_operator' retrieved from /home/airflow/.local/lib/python3.12/site-packages/airflow/example_dags/example_python_operator.py
[2024-11-11T19:54:22.757+0000] {logging_mixin.py:190} INFO - [2024-11-11T19:54:22.757+0000] {dag.py:3239} INFO - Sync 1 DAGs
[2024-11-11T19:54:22.799+0000] {logging_mixin.py:190} INFO - [2024-11-11T19:54:22.798+0000] {dag.py:4180} INFO - Setting next_dagrun for example_python_operator to None, run_after=None
[2024-11-11T19:54:22.839+0000] {processor.py:208} INFO - Processing /home/airflow/.local/lib/python3.12/site-packages/airflow/example_dags/example_python_operator.py took 0.217 seconds
[2024-11-11T19:54:53.231+0000] {processor.py:186} INFO - Started process (PID=7686) to work on /home/airflow/.local/lib/python3.12/site-packages/airflow/example_dags/example_python_operator.py
[2024-11-11T19:54:53.233+0000] {processor.py:914} INFO - Processing file /home/airflow/.local/lib/python3.12/site-packages/airflow/example_dags/example_python_operator.py for tasks to queue
[2024-11-11T19:54:53.237+0000] {logging_mixin.py:190} INFO - [2024-11-11T19:54:53.237+0000] {dagbag.py:588} INFO - Filling up the DagBag from /home/airflow/.local/lib/python3.12/site-packages/airflow/example_dags/example_python_operator.py
[2024-11-11T19:54:53.269+0000] {processor.py:925} INFO - DAG(s) 'example_python_operator' retrieved from /home/airflow/.local/lib/python3.12/site-packages/airflow/example_dags/example_python_operator.py
[2024-11-11T19:54:53.332+0000] {logging_mixin.py:190} INFO - [2024-11-11T19:54:53.331+0000] {dag.py:3239} INFO - Sync 1 DAGs
[2024-11-11T19:54:53.378+0000] {logging_mixin.py:190} INFO - [2024-11-11T19:54:53.378+0000] {dag.py:4180} INFO - Setting next_dagrun for example_python_operator to None, run_after=None
[2024-11-11T19:54:53.431+0000] {processor.py:208} INFO - Processing /home/airflow/.local/lib/python3.12/site-packages/airflow/example_dags/example_python_operator.py took 0.217 seconds
[2024-11-11T19:55:24.732+0000] {processor.py:186} INFO - Started process (PID=7978) to work on /home/airflow/.local/lib/python3.12/site-packages/airflow/example_dags/example_python_operator.py
[2024-11-11T19:55:24.734+0000] {processor.py:914} INFO - Processing file /home/airflow/.local/lib/python3.12/site-packages/airflow/example_dags/example_python_operator.py for tasks to queue
[2024-11-11T19:55:24.738+0000] {logging_mixin.py:190} INFO - [2024-11-11T19:55:24.737+0000] {dagbag.py:588} INFO - Filling up the DagBag from /home/airflow/.local/lib/python3.12/site-packages/airflow/example_dags/example_python_operator.py
[2024-11-11T19:55:24.760+0000] {processor.py:925} INFO - DAG(s) 'example_python_operator' retrieved from /home/airflow/.local/lib/python3.12/site-packages/airflow/example_dags/example_python_operator.py
[2024-11-11T19:55:24.803+0000] {logging_mixin.py:190} INFO - [2024-11-11T19:55:24.802+0000] {dag.py:3239} INFO - Sync 1 DAGs
[2024-11-11T19:55:24.828+0000] {logging_mixin.py:190} INFO - [2024-11-11T19:55:24.828+0000] {dag.py:4180} INFO - Setting next_dagrun for example_python_operator to None, run_after=None
[2024-11-11T19:55:24.865+0000] {processor.py:208} INFO - Processing /home/airflow/.local/lib/python3.12/site-packages/airflow/example_dags/example_python_operator.py took 0.146 seconds
[2024-11-11T19:55:55.930+0000] {processor.py:186} INFO - Started process (PID=8270) to work on /home/airflow/.local/lib/python3.12/site-packages/airflow/example_dags/example_python_operator.py
[2024-11-11T19:55:55.932+0000] {processor.py:914} INFO - Processing file /home/airflow/.local/lib/python3.12/site-packages/airflow/example_dags/example_python_operator.py for tasks to queue
[2024-11-11T19:55:55.936+0000] {logging_mixin.py:190} INFO - [2024-11-11T19:55:55.936+0000] {dagbag.py:588} INFO - Filling up the DagBag from /home/airflow/.local/lib/python3.12/site-packages/airflow/example_dags/example_python_operator.py
[2024-11-11T19:55:55.962+0000] {processor.py:925} INFO - DAG(s) 'example_python_operator' retrieved from /home/airflow/.local/lib/python3.12/site-packages/airflow/example_dags/example_python_operator.py
[2024-11-11T19:55:56.017+0000] {logging_mixin.py:190} INFO - [2024-11-11T19:55:56.017+0000] {dag.py:3239} INFO - Sync 1 DAGs
[2024-11-11T19:55:56.054+0000] {logging_mixin.py:190} INFO - [2024-11-11T19:55:56.054+0000] {dag.py:4180} INFO - Setting next_dagrun for example_python_operator to None, run_after=None
[2024-11-11T19:55:56.121+0000] {processor.py:208} INFO - Processing /home/airflow/.local/lib/python3.12/site-packages/airflow/example_dags/example_python_operator.py took 0.231 seconds
[2024-11-11T19:56:26.519+0000] {processor.py:186} INFO - Started process (PID=8557) to work on /home/airflow/.local/lib/python3.12/site-packages/airflow/example_dags/example_python_operator.py
[2024-11-11T19:56:26.525+0000] {processor.py:914} INFO - Processing file /home/airflow/.local/lib/python3.12/site-packages/airflow/example_dags/example_python_operator.py for tasks to queue
[2024-11-11T19:56:26.536+0000] {logging_mixin.py:190} INFO - [2024-11-11T19:56:26.534+0000] {dagbag.py:588} INFO - Filling up the DagBag from /home/airflow/.local/lib/python3.12/site-packages/airflow/example_dags/example_python_operator.py
[2024-11-11T19:56:26.608+0000] {processor.py:925} INFO - DAG(s) 'example_python_operator' retrieved from /home/airflow/.local/lib/python3.12/site-packages/airflow/example_dags/example_python_operator.py
[2024-11-11T19:56:26.720+0000] {logging_mixin.py:190} INFO - [2024-11-11T19:56:26.719+0000] {dag.py:3239} INFO - Sync 1 DAGs
[2024-11-11T19:56:26.833+0000] {logging_mixin.py:190} INFO - [2024-11-11T19:56:26.831+0000] {dag.py:4180} INFO - Setting next_dagrun for example_python_operator to None, run_after=None
[2024-11-11T19:56:26.938+0000] {processor.py:208} INFO - Processing /home/airflow/.local/lib/python3.12/site-packages/airflow/example_dags/example_python_operator.py took 0.451 seconds
[2024-11-11T19:56:57.525+0000] {processor.py:186} INFO - Started process (PID=8848) to work on /home/airflow/.local/lib/python3.12/site-packages/airflow/example_dags/example_python_operator.py
[2024-11-11T19:56:57.528+0000] {processor.py:914} INFO - Processing file /home/airflow/.local/lib/python3.12/site-packages/airflow/example_dags/example_python_operator.py for tasks to queue
[2024-11-11T19:56:57.533+0000] {logging_mixin.py:190} INFO - [2024-11-11T19:56:57.532+0000] {dagbag.py:588} INFO - Filling up the DagBag from /home/airflow/.local/lib/python3.12/site-packages/airflow/example_dags/example_python_operator.py
[2024-11-11T19:56:57.566+0000] {processor.py:925} INFO - DAG(s) 'example_python_operator' retrieved from /home/airflow/.local/lib/python3.12/site-packages/airflow/example_dags/example_python_operator.py
[2024-11-11T19:56:57.623+0000] {logging_mixin.py:190} INFO - [2024-11-11T19:56:57.622+0000] {dag.py:3239} INFO - Sync 1 DAGs
[2024-11-11T19:56:57.663+0000] {logging_mixin.py:190} INFO - [2024-11-11T19:56:57.663+0000] {dag.py:4180} INFO - Setting next_dagrun for example_python_operator to None, run_after=None
[2024-11-11T19:56:57.708+0000] {processor.py:208} INFO - Processing /home/airflow/.local/lib/python3.12/site-packages/airflow/example_dags/example_python_operator.py took 0.194 seconds
[2024-11-11T19:57:27.890+0000] {processor.py:186} INFO - Started process (PID=9139) to work on /home/airflow/.local/lib/python3.12/site-packages/airflow/example_dags/example_python_operator.py
[2024-11-11T19:57:27.892+0000] {processor.py:914} INFO - Processing file /home/airflow/.local/lib/python3.12/site-packages/airflow/example_dags/example_python_operator.py for tasks to queue
[2024-11-11T19:57:27.896+0000] {logging_mixin.py:190} INFO - [2024-11-11T19:57:27.896+0000] {dagbag.py:588} INFO - Filling up the DagBag from /home/airflow/.local/lib/python3.12/site-packages/airflow/example_dags/example_python_operator.py
[2024-11-11T19:57:27.928+0000] {processor.py:925} INFO - DAG(s) 'example_python_operator' retrieved from /home/airflow/.local/lib/python3.12/site-packages/airflow/example_dags/example_python_operator.py
[2024-11-11T19:57:28.009+0000] {logging_mixin.py:190} INFO - [2024-11-11T19:57:28.008+0000] {dag.py:3239} INFO - Sync 1 DAGs
[2024-11-11T19:57:28.070+0000] {logging_mixin.py:190} INFO - [2024-11-11T19:57:28.068+0000] {dag.py:4180} INFO - Setting next_dagrun for example_python_operator to None, run_after=None
[2024-11-11T19:57:28.128+0000] {processor.py:208} INFO - Processing /home/airflow/.local/lib/python3.12/site-packages/airflow/example_dags/example_python_operator.py took 0.250 seconds
[2024-11-11T19:57:59.021+0000] {processor.py:186} INFO - Started process (PID=9430) to work on /home/airflow/.local/lib/python3.12/site-packages/airflow/example_dags/example_python_operator.py
[2024-11-11T19:57:59.023+0000] {processor.py:914} INFO - Processing file /home/airflow/.local/lib/python3.12/site-packages/airflow/example_dags/example_python_operator.py for tasks to queue
[2024-11-11T19:57:59.028+0000] {logging_mixin.py:190} INFO - [2024-11-11T19:57:59.027+0000] {dagbag.py:588} INFO - Filling up the DagBag from /home/airflow/.local/lib/python3.12/site-packages/airflow/example_dags/example_python_operator.py
[2024-11-11T19:57:59.056+0000] {processor.py:925} INFO - DAG(s) 'example_python_operator' retrieved from /home/airflow/.local/lib/python3.12/site-packages/airflow/example_dags/example_python_operator.py
[2024-11-11T19:57:59.120+0000] {logging_mixin.py:190} INFO - [2024-11-11T19:57:59.120+0000] {dag.py:3239} INFO - Sync 1 DAGs
[2024-11-11T19:57:59.149+0000] {logging_mixin.py:190} INFO - [2024-11-11T19:57:59.148+0000] {dag.py:4180} INFO - Setting next_dagrun for example_python_operator to None, run_after=None
[2024-11-11T19:57:59.178+0000] {processor.py:208} INFO - Processing /home/airflow/.local/lib/python3.12/site-packages/airflow/example_dags/example_python_operator.py took 0.172 seconds
[2024-11-11T19:58:29.826+0000] {processor.py:186} INFO - Started process (PID=9721) to work on /home/airflow/.local/lib/python3.12/site-packages/airflow/example_dags/example_python_operator.py
[2024-11-11T19:58:29.829+0000] {processor.py:914} INFO - Processing file /home/airflow/.local/lib/python3.12/site-packages/airflow/example_dags/example_python_operator.py for tasks to queue
[2024-11-11T19:58:29.837+0000] {logging_mixin.py:190} INFO - [2024-11-11T19:58:29.836+0000] {dagbag.py:588} INFO - Filling up the DagBag from /home/airflow/.local/lib/python3.12/site-packages/airflow/example_dags/example_python_operator.py
[2024-11-11T19:58:29.874+0000] {processor.py:925} INFO - DAG(s) 'example_python_operator' retrieved from /home/airflow/.local/lib/python3.12/site-packages/airflow/example_dags/example_python_operator.py
[2024-11-11T19:58:29.940+0000] {logging_mixin.py:190} INFO - [2024-11-11T19:58:29.939+0000] {dag.py:3239} INFO - Sync 1 DAGs
[2024-11-11T19:58:29.980+0000] {logging_mixin.py:190} INFO - [2024-11-11T19:58:29.979+0000] {dag.py:4180} INFO - Setting next_dagrun for example_python_operator to None, run_after=None
[2024-11-11T19:58:30.029+0000] {processor.py:208} INFO - Processing /home/airflow/.local/lib/python3.12/site-packages/airflow/example_dags/example_python_operator.py took 0.225 seconds
[2024-11-11T19:59:00.186+0000] {processor.py:186} INFO - Started process (PID=10009) to work on /home/airflow/.local/lib/python3.12/site-packages/airflow/example_dags/example_python_operator.py
[2024-11-11T19:59:00.190+0000] {processor.py:914} INFO - Processing file /home/airflow/.local/lib/python3.12/site-packages/airflow/example_dags/example_python_operator.py for tasks to queue
[2024-11-11T19:59:00.199+0000] {logging_mixin.py:190} INFO - [2024-11-11T19:59:00.198+0000] {dagbag.py:588} INFO - Filling up the DagBag from /home/airflow/.local/lib/python3.12/site-packages/airflow/example_dags/example_python_operator.py
[2024-11-11T19:59:00.250+0000] {processor.py:925} INFO - DAG(s) 'example_python_operator' retrieved from /home/airflow/.local/lib/python3.12/site-packages/airflow/example_dags/example_python_operator.py
[2024-11-11T19:59:00.343+0000] {logging_mixin.py:190} INFO - [2024-11-11T19:59:00.342+0000] {dag.py:3239} INFO - Sync 1 DAGs
[2024-11-11T19:59:00.408+0000] {logging_mixin.py:190} INFO - [2024-11-11T19:59:00.407+0000] {dag.py:4180} INFO - Setting next_dagrun for example_python_operator to None, run_after=None
[2024-11-11T19:59:00.476+0000] {processor.py:208} INFO - Processing /home/airflow/.local/lib/python3.12/site-packages/airflow/example_dags/example_python_operator.py took 0.319 seconds
[2024-11-11T19:59:31.089+0000] {processor.py:186} INFO - Started process (PID=10298) to work on /home/airflow/.local/lib/python3.12/site-packages/airflow/example_dags/example_python_operator.py
[2024-11-11T19:59:31.091+0000] {processor.py:914} INFO - Processing file /home/airflow/.local/lib/python3.12/site-packages/airflow/example_dags/example_python_operator.py for tasks to queue
[2024-11-11T19:59:31.096+0000] {logging_mixin.py:190} INFO - [2024-11-11T19:59:31.095+0000] {dagbag.py:588} INFO - Filling up the DagBag from /home/airflow/.local/lib/python3.12/site-packages/airflow/example_dags/example_python_operator.py
[2024-11-11T19:59:31.130+0000] {processor.py:925} INFO - DAG(s) 'example_python_operator' retrieved from /home/airflow/.local/lib/python3.12/site-packages/airflow/example_dags/example_python_operator.py
[2024-11-11T19:59:31.198+0000] {logging_mixin.py:190} INFO - [2024-11-11T19:59:31.197+0000] {dag.py:3239} INFO - Sync 1 DAGs
[2024-11-11T19:59:31.241+0000] {logging_mixin.py:190} INFO - [2024-11-11T19:59:31.240+0000] {dag.py:4180} INFO - Setting next_dagrun for example_python_operator to None, run_after=None
[2024-11-11T19:59:31.303+0000] {processor.py:208} INFO - Processing /home/airflow/.local/lib/python3.12/site-packages/airflow/example_dags/example_python_operator.py took 0.238 seconds
[2024-11-11T20:00:01.628+0000] {processor.py:186} INFO - Started process (PID=10589) to work on /home/airflow/.local/lib/python3.12/site-packages/airflow/example_dags/example_python_operator.py
[2024-11-11T20:00:01.630+0000] {processor.py:914} INFO - Processing file /home/airflow/.local/lib/python3.12/site-packages/airflow/example_dags/example_python_operator.py for tasks to queue
[2024-11-11T20:00:01.636+0000] {logging_mixin.py:190} INFO - [2024-11-11T20:00:01.635+0000] {dagbag.py:588} INFO - Filling up the DagBag from /home/airflow/.local/lib/python3.12/site-packages/airflow/example_dags/example_python_operator.py
[2024-11-11T20:00:01.671+0000] {processor.py:925} INFO - DAG(s) 'example_python_operator' retrieved from /home/airflow/.local/lib/python3.12/site-packages/airflow/example_dags/example_python_operator.py
[2024-11-11T20:00:01.755+0000] {logging_mixin.py:190} INFO - [2024-11-11T20:00:01.755+0000] {dag.py:3239} INFO - Sync 1 DAGs
[2024-11-11T20:00:01.805+0000] {logging_mixin.py:190} INFO - [2024-11-11T20:00:01.804+0000] {dag.py:4180} INFO - Setting next_dagrun for example_python_operator to None, run_after=None
[2024-11-11T20:00:01.859+0000] {processor.py:208} INFO - Processing /home/airflow/.local/lib/python3.12/site-packages/airflow/example_dags/example_python_operator.py took 0.249 seconds
[2024-11-11T20:00:32.792+0000] {processor.py:186} INFO - Started process (PID=10877) to work on /home/airflow/.local/lib/python3.12/site-packages/airflow/example_dags/example_python_operator.py
[2024-11-11T20:00:32.794+0000] {processor.py:914} INFO - Processing file /home/airflow/.local/lib/python3.12/site-packages/airflow/example_dags/example_python_operator.py for tasks to queue
[2024-11-11T20:00:32.797+0000] {logging_mixin.py:190} INFO - [2024-11-11T20:00:32.797+0000] {dagbag.py:588} INFO - Filling up the DagBag from /home/airflow/.local/lib/python3.12/site-packages/airflow/example_dags/example_python_operator.py
[2024-11-11T20:00:32.816+0000] {processor.py:925} INFO - DAG(s) 'example_python_operator' retrieved from /home/airflow/.local/lib/python3.12/site-packages/airflow/example_dags/example_python_operator.py
[2024-11-11T20:00:32.854+0000] {logging_mixin.py:190} INFO - [2024-11-11T20:00:32.853+0000] {dag.py:3239} INFO - Sync 1 DAGs
[2024-11-11T20:00:32.880+0000] {logging_mixin.py:190} INFO - [2024-11-11T20:00:32.880+0000] {dag.py:4180} INFO - Setting next_dagrun for example_python_operator to None, run_after=None
[2024-11-11T20:00:32.916+0000] {processor.py:208} INFO - Processing /home/airflow/.local/lib/python3.12/site-packages/airflow/example_dags/example_python_operator.py took 0.136 seconds
[2024-11-11T20:01:03.908+0000] {processor.py:186} INFO - Started process (PID=11168) to work on /home/airflow/.local/lib/python3.12/site-packages/airflow/example_dags/example_python_operator.py
[2024-11-11T20:01:03.911+0000] {processor.py:914} INFO - Processing file /home/airflow/.local/lib/python3.12/site-packages/airflow/example_dags/example_python_operator.py for tasks to queue
[2024-11-11T20:01:03.918+0000] {logging_mixin.py:190} INFO - [2024-11-11T20:01:03.917+0000] {dagbag.py:588} INFO - Filling up the DagBag from /home/airflow/.local/lib/python3.12/site-packages/airflow/example_dags/example_python_operator.py
[2024-11-11T20:01:03.958+0000] {processor.py:925} INFO - DAG(s) 'example_python_operator' retrieved from /home/airflow/.local/lib/python3.12/site-packages/airflow/example_dags/example_python_operator.py
[2024-11-11T20:01:04.009+0000] {logging_mixin.py:190} INFO - [2024-11-11T20:01:04.008+0000] {dag.py:3239} INFO - Sync 1 DAGs
[2024-11-11T20:01:04.042+0000] {logging_mixin.py:190} INFO - [2024-11-11T20:01:04.041+0000] {dag.py:4180} INFO - Setting next_dagrun for example_python_operator to None, run_after=None
[2024-11-11T20:01:04.076+0000] {processor.py:208} INFO - Processing /home/airflow/.local/lib/python3.12/site-packages/airflow/example_dags/example_python_operator.py took 0.193 seconds
[2024-11-11T20:01:34.792+0000] {processor.py:186} INFO - Started process (PID=11459) to work on /home/airflow/.local/lib/python3.12/site-packages/airflow/example_dags/example_python_operator.py
[2024-11-11T20:01:34.798+0000] {processor.py:914} INFO - Processing file /home/airflow/.local/lib/python3.12/site-packages/airflow/example_dags/example_python_operator.py for tasks to queue
[2024-11-11T20:01:34.808+0000] {logging_mixin.py:190} INFO - [2024-11-11T20:01:34.806+0000] {dagbag.py:588} INFO - Filling up the DagBag from /home/airflow/.local/lib/python3.12/site-packages/airflow/example_dags/example_python_operator.py
[2024-11-11T20:01:34.897+0000] {processor.py:925} INFO - DAG(s) 'example_python_operator' retrieved from /home/airflow/.local/lib/python3.12/site-packages/airflow/example_dags/example_python_operator.py
[2024-11-11T20:01:34.976+0000] {logging_mixin.py:190} INFO - [2024-11-11T20:01:34.974+0000] {dag.py:3239} INFO - Sync 1 DAGs
[2024-11-11T20:01:35.027+0000] {logging_mixin.py:190} INFO - [2024-11-11T20:01:35.026+0000] {dag.py:4180} INFO - Setting next_dagrun for example_python_operator to None, run_after=None
[2024-11-11T20:01:35.066+0000] {processor.py:208} INFO - Processing /home/airflow/.local/lib/python3.12/site-packages/airflow/example_dags/example_python_operator.py took 0.313 seconds
[2024-11-11T20:02:05.455+0000] {processor.py:186} INFO - Started process (PID=11751) to work on /home/airflow/.local/lib/python3.12/site-packages/airflow/example_dags/example_python_operator.py
[2024-11-11T20:02:05.458+0000] {processor.py:914} INFO - Processing file /home/airflow/.local/lib/python3.12/site-packages/airflow/example_dags/example_python_operator.py for tasks to queue
[2024-11-11T20:02:05.465+0000] {logging_mixin.py:190} INFO - [2024-11-11T20:02:05.464+0000] {dagbag.py:588} INFO - Filling up the DagBag from /home/airflow/.local/lib/python3.12/site-packages/airflow/example_dags/example_python_operator.py
[2024-11-11T20:02:05.504+0000] {processor.py:925} INFO - DAG(s) 'example_python_operator' retrieved from /home/airflow/.local/lib/python3.12/site-packages/airflow/example_dags/example_python_operator.py
[2024-11-11T20:02:05.567+0000] {logging_mixin.py:190} INFO - [2024-11-11T20:02:05.567+0000] {dag.py:3239} INFO - Sync 1 DAGs
[2024-11-11T20:02:05.606+0000] {logging_mixin.py:190} INFO - [2024-11-11T20:02:05.605+0000] {dag.py:4180} INFO - Setting next_dagrun for example_python_operator to None, run_after=None
[2024-11-11T20:02:05.654+0000] {processor.py:208} INFO - Processing /home/airflow/.local/lib/python3.12/site-packages/airflow/example_dags/example_python_operator.py took 0.227 seconds
[2024-11-11T20:02:36.558+0000] {processor.py:186} INFO - Started process (PID=12040) to work on /home/airflow/.local/lib/python3.12/site-packages/airflow/example_dags/example_python_operator.py
[2024-11-11T20:02:36.559+0000] {processor.py:914} INFO - Processing file /home/airflow/.local/lib/python3.12/site-packages/airflow/example_dags/example_python_operator.py for tasks to queue
[2024-11-11T20:02:36.563+0000] {logging_mixin.py:190} INFO - [2024-11-11T20:02:36.562+0000] {dagbag.py:588} INFO - Filling up the DagBag from /home/airflow/.local/lib/python3.12/site-packages/airflow/example_dags/example_python_operator.py
[2024-11-11T20:02:36.591+0000] {processor.py:925} INFO - DAG(s) 'example_python_operator' retrieved from /home/airflow/.local/lib/python3.12/site-packages/airflow/example_dags/example_python_operator.py
[2024-11-11T20:02:36.652+0000] {logging_mixin.py:190} INFO - [2024-11-11T20:02:36.651+0000] {dag.py:3239} INFO - Sync 1 DAGs
[2024-11-11T20:02:36.677+0000] {logging_mixin.py:190} INFO - [2024-11-11T20:02:36.677+0000] {dag.py:4180} INFO - Setting next_dagrun for example_python_operator to None, run_after=None
[2024-11-11T20:02:36.713+0000] {processor.py:208} INFO - Processing /home/airflow/.local/lib/python3.12/site-packages/airflow/example_dags/example_python_operator.py took 0.165 seconds
