[2024-11-11T19:41:22.029+0000] {processor.py:186} INFO - Started process (PID=203) to work on /home/airflow/.local/lib/python3.12/site-packages/airflow/example_dags/example_nested_branch_dag.py
[2024-11-11T19:41:22.044+0000] {processor.py:914} INFO - Processing file /home/airflow/.local/lib/python3.12/site-packages/airflow/example_dags/example_nested_branch_dag.py for tasks to queue
[2024-11-11T19:41:22.079+0000] {logging_mixin.py:190} INFO - [2024-11-11T19:41:22.077+0000] {dagbag.py:588} INFO - Filling up the DagBag from /home/airflow/.local/lib/python3.12/site-packages/airflow/example_dags/example_nested_branch_dag.py
[2024-11-11T19:41:22.245+0000] {processor.py:925} INFO - DAG(s) 'example_nested_branch_dag' retrieved from /home/airflow/.local/lib/python3.12/site-packages/airflow/example_dags/example_nested_branch_dag.py
[2024-11-11T19:41:23.856+0000] {logging_mixin.py:190} INFO - [2024-11-11T19:41:23.855+0000] {override.py:1911} INFO - Created Permission View: can delete on DAG:example_nested_branch_dag
[2024-11-11T19:41:23.882+0000] {logging_mixin.py:190} INFO - [2024-11-11T19:41:23.881+0000] {override.py:1911} INFO - Created Permission View: can read on DAG:example_nested_branch_dag
[2024-11-11T19:41:23.897+0000] {logging_mixin.py:190} INFO - [2024-11-11T19:41:23.896+0000] {override.py:1911} INFO - Created Permission View: can edit on DAG:example_nested_branch_dag
[2024-11-11T19:41:23.922+0000] {logging_mixin.py:190} INFO - [2024-11-11T19:41:23.921+0000] {override.py:1911} INFO - Created Permission View: can delete on DAG Run:example_nested_branch_dag
[2024-11-11T19:41:23.941+0000] {logging_mixin.py:190} INFO - [2024-11-11T19:41:23.941+0000] {override.py:1911} INFO - Created Permission View: can create on DAG Run:example_nested_branch_dag
[2024-11-11T19:41:23.960+0000] {logging_mixin.py:190} INFO - [2024-11-11T19:41:23.959+0000] {override.py:1911} INFO - Created Permission View: menu access on DAG Run:example_nested_branch_dag
[2024-11-11T19:41:23.980+0000] {logging_mixin.py:190} INFO - [2024-11-11T19:41:23.980+0000] {override.py:1911} INFO - Created Permission View: can read on DAG Run:example_nested_branch_dag
[2024-11-11T19:41:23.982+0000] {logging_mixin.py:190} INFO - [2024-11-11T19:41:23.981+0000] {dag.py:3239} INFO - Sync 1 DAGs
[2024-11-11T19:41:24.173+0000] {logging_mixin.py:190} INFO - [2024-11-11T19:41:24.172+0000] {dag.py:3262} INFO - Creating ORM DAG for example_nested_branch_dag
[2024-11-11T19:41:24.237+0000] {logging_mixin.py:190} INFO - [2024-11-11T19:41:24.236+0000] {dag.py:4180} INFO - Setting next_dagrun for example_nested_branch_dag to 2024-11-10 00:00:00+00:00, run_after=2024-11-11 00:00:00+00:00
[2024-11-11T19:41:24.301+0000] {processor.py:208} INFO - Processing /home/airflow/.local/lib/python3.12/site-packages/airflow/example_dags/example_nested_branch_dag.py took 2.399 seconds
[2024-11-11T19:41:54.421+0000] {processor.py:186} INFO - Started process (PID=494) to work on /home/airflow/.local/lib/python3.12/site-packages/airflow/example_dags/example_nested_branch_dag.py
[2024-11-11T19:41:54.423+0000] {processor.py:914} INFO - Processing file /home/airflow/.local/lib/python3.12/site-packages/airflow/example_dags/example_nested_branch_dag.py for tasks to queue
[2024-11-11T19:41:54.429+0000] {logging_mixin.py:190} INFO - [2024-11-11T19:41:54.428+0000] {dagbag.py:588} INFO - Filling up the DagBag from /home/airflow/.local/lib/python3.12/site-packages/airflow/example_dags/example_nested_branch_dag.py
[2024-11-11T19:41:54.457+0000] {processor.py:925} INFO - DAG(s) 'example_nested_branch_dag' retrieved from /home/airflow/.local/lib/python3.12/site-packages/airflow/example_dags/example_nested_branch_dag.py
[2024-11-11T19:41:54.492+0000] {logging_mixin.py:190} INFO - [2024-11-11T19:41:54.491+0000] {dag.py:3239} INFO - Sync 1 DAGs
[2024-11-11T19:41:54.570+0000] {logging_mixin.py:190} INFO - [2024-11-11T19:41:54.570+0000] {dag.py:4180} INFO - Setting next_dagrun for example_nested_branch_dag to 2024-11-10 00:00:00+00:00, run_after=2024-11-11 00:00:00+00:00
[2024-11-11T19:41:54.603+0000] {processor.py:208} INFO - Processing /home/airflow/.local/lib/python3.12/site-packages/airflow/example_dags/example_nested_branch_dag.py took 0.196 seconds
[2024-11-11T19:42:25.084+0000] {processor.py:186} INFO - Started process (PID=785) to work on /home/airflow/.local/lib/python3.12/site-packages/airflow/example_dags/example_nested_branch_dag.py
[2024-11-11T19:42:25.089+0000] {processor.py:914} INFO - Processing file /home/airflow/.local/lib/python3.12/site-packages/airflow/example_dags/example_nested_branch_dag.py for tasks to queue
[2024-11-11T19:42:25.106+0000] {logging_mixin.py:190} INFO - [2024-11-11T19:42:25.104+0000] {dagbag.py:588} INFO - Filling up the DagBag from /home/airflow/.local/lib/python3.12/site-packages/airflow/example_dags/example_nested_branch_dag.py
[2024-11-11T19:42:25.149+0000] {processor.py:925} INFO - DAG(s) 'example_nested_branch_dag' retrieved from /home/airflow/.local/lib/python3.12/site-packages/airflow/example_dags/example_nested_branch_dag.py
[2024-11-11T19:42:25.201+0000] {logging_mixin.py:190} INFO - [2024-11-11T19:42:25.200+0000] {dag.py:3239} INFO - Sync 1 DAGs
[2024-11-11T19:42:25.254+0000] {logging_mixin.py:190} INFO - [2024-11-11T19:42:25.254+0000] {dag.py:4180} INFO - Setting next_dagrun for example_nested_branch_dag to 2024-11-10 00:00:00+00:00, run_after=2024-11-11 00:00:00+00:00
[2024-11-11T19:42:25.316+0000] {processor.py:208} INFO - Processing /home/airflow/.local/lib/python3.12/site-packages/airflow/example_dags/example_nested_branch_dag.py took 0.273 seconds
[2024-11-11T19:42:55.867+0000] {processor.py:186} INFO - Started process (PID=1077) to work on /home/airflow/.local/lib/python3.12/site-packages/airflow/example_dags/example_nested_branch_dag.py
[2024-11-11T19:42:55.869+0000] {processor.py:914} INFO - Processing file /home/airflow/.local/lib/python3.12/site-packages/airflow/example_dags/example_nested_branch_dag.py for tasks to queue
[2024-11-11T19:42:55.876+0000] {logging_mixin.py:190} INFO - [2024-11-11T19:42:55.875+0000] {dagbag.py:588} INFO - Filling up the DagBag from /home/airflow/.local/lib/python3.12/site-packages/airflow/example_dags/example_nested_branch_dag.py
[2024-11-11T19:42:55.909+0000] {processor.py:925} INFO - DAG(s) 'example_nested_branch_dag' retrieved from /home/airflow/.local/lib/python3.12/site-packages/airflow/example_dags/example_nested_branch_dag.py
[2024-11-11T19:42:55.965+0000] {logging_mixin.py:190} INFO - [2024-11-11T19:42:55.965+0000] {dag.py:3239} INFO - Sync 1 DAGs
[2024-11-11T19:42:56.022+0000] {logging_mixin.py:190} INFO - [2024-11-11T19:42:56.021+0000] {dag.py:4180} INFO - Setting next_dagrun for example_nested_branch_dag to 2024-11-10 00:00:00+00:00, run_after=2024-11-11 00:00:00+00:00
[2024-11-11T19:42:56.084+0000] {processor.py:208} INFO - Processing /home/airflow/.local/lib/python3.12/site-packages/airflow/example_dags/example_nested_branch_dag.py took 0.240 seconds
[2024-11-11T19:43:27.024+0000] {processor.py:186} INFO - Started process (PID=1368) to work on /home/airflow/.local/lib/python3.12/site-packages/airflow/example_dags/example_nested_branch_dag.py
[2024-11-11T19:43:27.025+0000] {processor.py:914} INFO - Processing file /home/airflow/.local/lib/python3.12/site-packages/airflow/example_dags/example_nested_branch_dag.py for tasks to queue
[2024-11-11T19:43:27.030+0000] {logging_mixin.py:190} INFO - [2024-11-11T19:43:27.029+0000] {dagbag.py:588} INFO - Filling up the DagBag from /home/airflow/.local/lib/python3.12/site-packages/airflow/example_dags/example_nested_branch_dag.py
[2024-11-11T19:43:27.050+0000] {processor.py:925} INFO - DAG(s) 'example_nested_branch_dag' retrieved from /home/airflow/.local/lib/python3.12/site-packages/airflow/example_dags/example_nested_branch_dag.py
[2024-11-11T19:43:27.100+0000] {logging_mixin.py:190} INFO - [2024-11-11T19:43:27.099+0000] {dag.py:3239} INFO - Sync 1 DAGs
[2024-11-11T19:43:27.150+0000] {logging_mixin.py:190} INFO - [2024-11-11T19:43:27.150+0000] {dag.py:4180} INFO - Setting next_dagrun for example_nested_branch_dag to 2024-11-10 00:00:00+00:00, run_after=2024-11-11 00:00:00+00:00
[2024-11-11T19:43:27.181+0000] {processor.py:208} INFO - Processing /home/airflow/.local/lib/python3.12/site-packages/airflow/example_dags/example_nested_branch_dag.py took 0.169 seconds
[2024-11-11T19:43:57.527+0000] {processor.py:186} INFO - Started process (PID=1659) to work on /home/airflow/.local/lib/python3.12/site-packages/airflow/example_dags/example_nested_branch_dag.py
[2024-11-11T19:43:57.529+0000] {processor.py:914} INFO - Processing file /home/airflow/.local/lib/python3.12/site-packages/airflow/example_dags/example_nested_branch_dag.py for tasks to queue
[2024-11-11T19:43:57.534+0000] {logging_mixin.py:190} INFO - [2024-11-11T19:43:57.534+0000] {dagbag.py:588} INFO - Filling up the DagBag from /home/airflow/.local/lib/python3.12/site-packages/airflow/example_dags/example_nested_branch_dag.py
[2024-11-11T19:43:57.557+0000] {processor.py:925} INFO - DAG(s) 'example_nested_branch_dag' retrieved from /home/airflow/.local/lib/python3.12/site-packages/airflow/example_dags/example_nested_branch_dag.py
[2024-11-11T19:43:57.596+0000] {logging_mixin.py:190} INFO - [2024-11-11T19:43:57.595+0000] {dag.py:3239} INFO - Sync 1 DAGs
[2024-11-11T19:43:57.644+0000] {logging_mixin.py:190} INFO - [2024-11-11T19:43:57.644+0000] {dag.py:4180} INFO - Setting next_dagrun for example_nested_branch_dag to 2024-11-10 00:00:00+00:00, run_after=2024-11-11 00:00:00+00:00
[2024-11-11T19:43:57.697+0000] {processor.py:208} INFO - Processing /home/airflow/.local/lib/python3.12/site-packages/airflow/example_dags/example_nested_branch_dag.py took 0.188 seconds
[2024-11-11T19:44:28.472+0000] {processor.py:186} INFO - Started process (PID=1950) to work on /home/airflow/.local/lib/python3.12/site-packages/airflow/example_dags/example_nested_branch_dag.py
[2024-11-11T19:44:28.480+0000] {processor.py:914} INFO - Processing file /home/airflow/.local/lib/python3.12/site-packages/airflow/example_dags/example_nested_branch_dag.py for tasks to queue
[2024-11-11T19:44:28.487+0000] {logging_mixin.py:190} INFO - [2024-11-11T19:44:28.486+0000] {dagbag.py:588} INFO - Filling up the DagBag from /home/airflow/.local/lib/python3.12/site-packages/airflow/example_dags/example_nested_branch_dag.py
[2024-11-11T19:44:28.520+0000] {processor.py:925} INFO - DAG(s) 'example_nested_branch_dag' retrieved from /home/airflow/.local/lib/python3.12/site-packages/airflow/example_dags/example_nested_branch_dag.py
[2024-11-11T19:44:28.570+0000] {logging_mixin.py:190} INFO - [2024-11-11T19:44:28.569+0000] {dag.py:3239} INFO - Sync 1 DAGs
[2024-11-11T19:44:28.637+0000] {logging_mixin.py:190} INFO - [2024-11-11T19:44:28.636+0000] {dag.py:4180} INFO - Setting next_dagrun for example_nested_branch_dag to 2024-11-10 00:00:00+00:00, run_after=2024-11-11 00:00:00+00:00
[2024-11-11T19:44:28.705+0000] {processor.py:208} INFO - Processing /home/airflow/.local/lib/python3.12/site-packages/airflow/example_dags/example_nested_branch_dag.py took 0.254 seconds
[2024-11-11T19:44:59.745+0000] {processor.py:186} INFO - Started process (PID=2241) to work on /home/airflow/.local/lib/python3.12/site-packages/airflow/example_dags/example_nested_branch_dag.py
[2024-11-11T19:44:59.750+0000] {processor.py:914} INFO - Processing file /home/airflow/.local/lib/python3.12/site-packages/airflow/example_dags/example_nested_branch_dag.py for tasks to queue
[2024-11-11T19:44:59.760+0000] {logging_mixin.py:190} INFO - [2024-11-11T19:44:59.759+0000] {dagbag.py:588} INFO - Filling up the DagBag from /home/airflow/.local/lib/python3.12/site-packages/airflow/example_dags/example_nested_branch_dag.py
[2024-11-11T19:44:59.814+0000] {processor.py:925} INFO - DAG(s) 'example_nested_branch_dag' retrieved from /home/airflow/.local/lib/python3.12/site-packages/airflow/example_dags/example_nested_branch_dag.py
[2024-11-11T19:44:59.916+0000] {logging_mixin.py:190} INFO - [2024-11-11T19:44:59.915+0000] {dag.py:3239} INFO - Sync 1 DAGs
[2024-11-11T19:44:59.983+0000] {logging_mixin.py:190} INFO - [2024-11-11T19:44:59.982+0000] {dag.py:4180} INFO - Setting next_dagrun for example_nested_branch_dag to 2024-11-10 00:00:00+00:00, run_after=2024-11-11 00:00:00+00:00
[2024-11-11T19:45:00.019+0000] {processor.py:208} INFO - Processing /home/airflow/.local/lib/python3.12/site-packages/airflow/example_dags/example_nested_branch_dag.py took 0.303 seconds
[2024-11-11T19:45:30.145+0000] {processor.py:186} INFO - Started process (PID=2532) to work on /home/airflow/.local/lib/python3.12/site-packages/airflow/example_dags/example_nested_branch_dag.py
[2024-11-11T19:45:30.159+0000] {processor.py:914} INFO - Processing file /home/airflow/.local/lib/python3.12/site-packages/airflow/example_dags/example_nested_branch_dag.py for tasks to queue
[2024-11-11T19:45:30.171+0000] {logging_mixin.py:190} INFO - [2024-11-11T19:45:30.170+0000] {dagbag.py:588} INFO - Filling up the DagBag from /home/airflow/.local/lib/python3.12/site-packages/airflow/example_dags/example_nested_branch_dag.py
[2024-11-11T19:45:30.210+0000] {processor.py:925} INFO - DAG(s) 'example_nested_branch_dag' retrieved from /home/airflow/.local/lib/python3.12/site-packages/airflow/example_dags/example_nested_branch_dag.py
[2024-11-11T19:45:30.277+0000] {logging_mixin.py:190} INFO - [2024-11-11T19:45:30.276+0000] {dag.py:3239} INFO - Sync 1 DAGs
[2024-11-11T19:45:30.374+0000] {logging_mixin.py:190} INFO - [2024-11-11T19:45:30.373+0000] {dag.py:4180} INFO - Setting next_dagrun for example_nested_branch_dag to 2024-11-10 00:00:00+00:00, run_after=2024-11-11 00:00:00+00:00
[2024-11-11T19:45:30.420+0000] {processor.py:208} INFO - Processing /home/airflow/.local/lib/python3.12/site-packages/airflow/example_dags/example_nested_branch_dag.py took 0.302 seconds
[2024-11-11T19:46:03.124+0000] {processor.py:186} INFO - Started process (PID=2821) to work on /home/airflow/.local/lib/python3.12/site-packages/airflow/example_dags/example_nested_branch_dag.py
[2024-11-11T19:46:03.127+0000] {processor.py:914} INFO - Processing file /home/airflow/.local/lib/python3.12/site-packages/airflow/example_dags/example_nested_branch_dag.py for tasks to queue
[2024-11-11T19:46:03.133+0000] {logging_mixin.py:190} INFO - [2024-11-11T19:46:03.132+0000] {dagbag.py:588} INFO - Filling up the DagBag from /home/airflow/.local/lib/python3.12/site-packages/airflow/example_dags/example_nested_branch_dag.py
[2024-11-11T19:46:03.167+0000] {processor.py:925} INFO - DAG(s) 'example_nested_branch_dag' retrieved from /home/airflow/.local/lib/python3.12/site-packages/airflow/example_dags/example_nested_branch_dag.py
[2024-11-11T19:46:03.235+0000] {logging_mixin.py:190} INFO - [2024-11-11T19:46:03.233+0000] {dag.py:3239} INFO - Sync 1 DAGs
[2024-11-11T19:46:03.302+0000] {logging_mixin.py:190} INFO - [2024-11-11T19:46:03.301+0000] {dag.py:4180} INFO - Setting next_dagrun for example_nested_branch_dag to 2024-11-10 00:00:00+00:00, run_after=2024-11-11 00:00:00+00:00
[2024-11-11T19:46:03.342+0000] {processor.py:208} INFO - Processing /home/airflow/.local/lib/python3.12/site-packages/airflow/example_dags/example_nested_branch_dag.py took 0.236 seconds
[2024-11-11T19:46:33.496+0000] {processor.py:186} INFO - Started process (PID=3074) to work on /home/airflow/.local/lib/python3.12/site-packages/airflow/example_dags/example_nested_branch_dag.py
[2024-11-11T19:46:33.498+0000] {processor.py:914} INFO - Processing file /home/airflow/.local/lib/python3.12/site-packages/airflow/example_dags/example_nested_branch_dag.py for tasks to queue
[2024-11-11T19:46:33.503+0000] {logging_mixin.py:190} INFO - [2024-11-11T19:46:33.502+0000] {dagbag.py:588} INFO - Filling up the DagBag from /home/airflow/.local/lib/python3.12/site-packages/airflow/example_dags/example_nested_branch_dag.py
[2024-11-11T19:46:33.531+0000] {processor.py:925} INFO - DAG(s) 'example_nested_branch_dag' retrieved from /home/airflow/.local/lib/python3.12/site-packages/airflow/example_dags/example_nested_branch_dag.py
[2024-11-11T19:46:33.585+0000] {logging_mixin.py:190} INFO - [2024-11-11T19:46:33.584+0000] {dag.py:3239} INFO - Sync 1 DAGs
[2024-11-11T19:46:33.642+0000] {logging_mixin.py:190} INFO - [2024-11-11T19:46:33.642+0000] {dag.py:4180} INFO - Setting next_dagrun for example_nested_branch_dag to 2024-11-10 00:00:00+00:00, run_after=2024-11-11 00:00:00+00:00
[2024-11-11T19:46:33.685+0000] {processor.py:208} INFO - Processing /home/airflow/.local/lib/python3.12/site-packages/airflow/example_dags/example_nested_branch_dag.py took 0.204 seconds
[2024-11-11T19:47:04.751+0000] {processor.py:186} INFO - Started process (PID=3318) to work on /home/airflow/.local/lib/python3.12/site-packages/airflow/example_dags/example_nested_branch_dag.py
[2024-11-11T19:47:04.758+0000] {processor.py:914} INFO - Processing file /home/airflow/.local/lib/python3.12/site-packages/airflow/example_dags/example_nested_branch_dag.py for tasks to queue
[2024-11-11T19:47:04.767+0000] {logging_mixin.py:190} INFO - [2024-11-11T19:47:04.766+0000] {dagbag.py:588} INFO - Filling up the DagBag from /home/airflow/.local/lib/python3.12/site-packages/airflow/example_dags/example_nested_branch_dag.py
[2024-11-11T19:47:04.827+0000] {processor.py:925} INFO - DAG(s) 'example_nested_branch_dag' retrieved from /home/airflow/.local/lib/python3.12/site-packages/airflow/example_dags/example_nested_branch_dag.py
[2024-11-11T19:47:04.924+0000] {logging_mixin.py:190} INFO - [2024-11-11T19:47:04.924+0000] {dag.py:3239} INFO - Sync 1 DAGs
[2024-11-11T19:47:05.008+0000] {logging_mixin.py:190} INFO - [2024-11-11T19:47:05.007+0000] {dag.py:4180} INFO - Setting next_dagrun for example_nested_branch_dag to 2024-11-10 00:00:00+00:00, run_after=2024-11-11 00:00:00+00:00
[2024-11-11T19:47:05.069+0000] {processor.py:208} INFO - Processing /home/airflow/.local/lib/python3.12/site-packages/airflow/example_dags/example_nested_branch_dag.py took 0.349 seconds
[2024-11-11T19:47:37.778+0000] {processor.py:186} INFO - Started process (PID=3612) to work on /home/airflow/.local/lib/python3.12/site-packages/airflow/example_dags/example_nested_branch_dag.py
[2024-11-11T19:47:37.788+0000] {processor.py:914} INFO - Processing file /home/airflow/.local/lib/python3.12/site-packages/airflow/example_dags/example_nested_branch_dag.py for tasks to queue
[2024-11-11T19:47:37.800+0000] {logging_mixin.py:190} INFO - [2024-11-11T19:47:37.798+0000] {dagbag.py:588} INFO - Filling up the DagBag from /home/airflow/.local/lib/python3.12/site-packages/airflow/example_dags/example_nested_branch_dag.py
[2024-11-11T19:47:37.858+0000] {processor.py:925} INFO - DAG(s) 'example_nested_branch_dag' retrieved from /home/airflow/.local/lib/python3.12/site-packages/airflow/example_dags/example_nested_branch_dag.py
[2024-11-11T19:47:37.919+0000] {logging_mixin.py:190} INFO - [2024-11-11T19:47:37.919+0000] {dag.py:3239} INFO - Sync 1 DAGs
[2024-11-11T19:47:37.961+0000] {logging_mixin.py:190} INFO - [2024-11-11T19:47:37.961+0000] {dag.py:4180} INFO - Setting next_dagrun for example_nested_branch_dag to 2024-11-10 00:00:00+00:00, run_after=2024-11-11 00:00:00+00:00
[2024-11-11T19:47:37.990+0000] {processor.py:208} INFO - Processing /home/airflow/.local/lib/python3.12/site-packages/airflow/example_dags/example_nested_branch_dag.py took 0.258 seconds
[2024-11-11T19:48:08.632+0000] {processor.py:186} INFO - Started process (PID=3892) to work on /home/airflow/.local/lib/python3.12/site-packages/airflow/example_dags/example_nested_branch_dag.py
[2024-11-11T19:48:08.634+0000] {processor.py:914} INFO - Processing file /home/airflow/.local/lib/python3.12/site-packages/airflow/example_dags/example_nested_branch_dag.py for tasks to queue
[2024-11-11T19:48:08.640+0000] {logging_mixin.py:190} INFO - [2024-11-11T19:48:08.639+0000] {dagbag.py:588} INFO - Filling up the DagBag from /home/airflow/.local/lib/python3.12/site-packages/airflow/example_dags/example_nested_branch_dag.py
[2024-11-11T19:48:08.672+0000] {processor.py:925} INFO - DAG(s) 'example_nested_branch_dag' retrieved from /home/airflow/.local/lib/python3.12/site-packages/airflow/example_dags/example_nested_branch_dag.py
[2024-11-11T19:48:08.782+0000] {logging_mixin.py:190} INFO - [2024-11-11T19:48:08.782+0000] {dag.py:3239} INFO - Sync 1 DAGs
[2024-11-11T19:48:08.896+0000] {logging_mixin.py:190} INFO - [2024-11-11T19:48:08.895+0000] {dag.py:4180} INFO - Setting next_dagrun for example_nested_branch_dag to 2024-11-10 00:00:00+00:00, run_after=2024-11-11 00:00:00+00:00
[2024-11-11T19:48:09.037+0000] {processor.py:208} INFO - Processing /home/airflow/.local/lib/python3.12/site-packages/airflow/example_dags/example_nested_branch_dag.py took 0.421 seconds
[2024-11-11T19:48:42.249+0000] {processor.py:186} INFO - Started process (PID=4185) to work on /home/airflow/.local/lib/python3.12/site-packages/airflow/example_dags/example_nested_branch_dag.py
[2024-11-11T19:48:42.253+0000] {processor.py:914} INFO - Processing file /home/airflow/.local/lib/python3.12/site-packages/airflow/example_dags/example_nested_branch_dag.py for tasks to queue
[2024-11-11T19:48:42.258+0000] {logging_mixin.py:190} INFO - [2024-11-11T19:48:42.257+0000] {dagbag.py:588} INFO - Filling up the DagBag from /home/airflow/.local/lib/python3.12/site-packages/airflow/example_dags/example_nested_branch_dag.py
[2024-11-11T19:48:42.297+0000] {processor.py:925} INFO - DAG(s) 'example_nested_branch_dag' retrieved from /home/airflow/.local/lib/python3.12/site-packages/airflow/example_dags/example_nested_branch_dag.py
[2024-11-11T19:48:42.437+0000] {logging_mixin.py:190} INFO - [2024-11-11T19:48:42.436+0000] {dag.py:3239} INFO - Sync 1 DAGs
[2024-11-11T19:48:42.510+0000] {logging_mixin.py:190} INFO - [2024-11-11T19:48:42.509+0000] {dag.py:4180} INFO - Setting next_dagrun for example_nested_branch_dag to 2024-11-10 00:00:00+00:00, run_after=2024-11-11 00:00:00+00:00
[2024-11-11T19:48:42.585+0000] {processor.py:208} INFO - Processing /home/airflow/.local/lib/python3.12/site-packages/airflow/example_dags/example_nested_branch_dag.py took 0.350 seconds
[2024-11-11T19:49:14.443+0000] {processor.py:186} INFO - Started process (PID=4474) to work on /home/airflow/.local/lib/python3.12/site-packages/airflow/example_dags/example_nested_branch_dag.py
[2024-11-11T19:49:14.446+0000] {processor.py:914} INFO - Processing file /home/airflow/.local/lib/python3.12/site-packages/airflow/example_dags/example_nested_branch_dag.py for tasks to queue
[2024-11-11T19:49:14.451+0000] {logging_mixin.py:190} INFO - [2024-11-11T19:49:14.451+0000] {dagbag.py:588} INFO - Filling up the DagBag from /home/airflow/.local/lib/python3.12/site-packages/airflow/example_dags/example_nested_branch_dag.py
[2024-11-11T19:49:14.566+0000] {processor.py:925} INFO - DAG(s) 'example_nested_branch_dag' retrieved from /home/airflow/.local/lib/python3.12/site-packages/airflow/example_dags/example_nested_branch_dag.py
[2024-11-11T19:49:14.635+0000] {logging_mixin.py:190} INFO - [2024-11-11T19:49:14.635+0000] {dag.py:3239} INFO - Sync 1 DAGs
[2024-11-11T19:49:14.693+0000] {logging_mixin.py:190} INFO - [2024-11-11T19:49:14.693+0000] {dag.py:4180} INFO - Setting next_dagrun for example_nested_branch_dag to 2024-11-10 00:00:00+00:00, run_after=2024-11-11 00:00:00+00:00
[2024-11-11T19:49:14.737+0000] {processor.py:208} INFO - Processing /home/airflow/.local/lib/python3.12/site-packages/airflow/example_dags/example_nested_branch_dag.py took 0.317 seconds
[2024-11-11T19:49:44.854+0000] {processor.py:186} INFO - Started process (PID=4755) to work on /home/airflow/.local/lib/python3.12/site-packages/airflow/example_dags/example_nested_branch_dag.py
[2024-11-11T19:49:44.858+0000] {processor.py:914} INFO - Processing file /home/airflow/.local/lib/python3.12/site-packages/airflow/example_dags/example_nested_branch_dag.py for tasks to queue
[2024-11-11T19:49:44.863+0000] {logging_mixin.py:190} INFO - [2024-11-11T19:49:44.863+0000] {dagbag.py:588} INFO - Filling up the DagBag from /home/airflow/.local/lib/python3.12/site-packages/airflow/example_dags/example_nested_branch_dag.py
[2024-11-11T19:49:44.893+0000] {processor.py:925} INFO - DAG(s) 'example_nested_branch_dag' retrieved from /home/airflow/.local/lib/python3.12/site-packages/airflow/example_dags/example_nested_branch_dag.py
[2024-11-11T19:49:44.944+0000] {logging_mixin.py:190} INFO - [2024-11-11T19:49:44.944+0000] {dag.py:3239} INFO - Sync 1 DAGs
[2024-11-11T19:49:45.036+0000] {logging_mixin.py:190} INFO - [2024-11-11T19:49:45.035+0000] {dag.py:4180} INFO - Setting next_dagrun for example_nested_branch_dag to 2024-11-10 00:00:00+00:00, run_after=2024-11-11 00:00:00+00:00
[2024-11-11T19:49:45.087+0000] {processor.py:208} INFO - Processing /home/airflow/.local/lib/python3.12/site-packages/airflow/example_dags/example_nested_branch_dag.py took 0.256 seconds
[2024-11-11T19:50:16.177+0000] {processor.py:186} INFO - Started process (PID=5043) to work on /home/airflow/.local/lib/python3.12/site-packages/airflow/example_dags/example_nested_branch_dag.py
[2024-11-11T19:50:16.181+0000] {processor.py:914} INFO - Processing file /home/airflow/.local/lib/python3.12/site-packages/airflow/example_dags/example_nested_branch_dag.py for tasks to queue
[2024-11-11T19:50:16.190+0000] {logging_mixin.py:190} INFO - [2024-11-11T19:50:16.189+0000] {dagbag.py:588} INFO - Filling up the DagBag from /home/airflow/.local/lib/python3.12/site-packages/airflow/example_dags/example_nested_branch_dag.py
[2024-11-11T19:50:16.222+0000] {processor.py:925} INFO - DAG(s) 'example_nested_branch_dag' retrieved from /home/airflow/.local/lib/python3.12/site-packages/airflow/example_dags/example_nested_branch_dag.py
[2024-11-11T19:50:16.273+0000] {logging_mixin.py:190} INFO - [2024-11-11T19:50:16.272+0000] {dag.py:3239} INFO - Sync 1 DAGs
[2024-11-11T19:50:16.331+0000] {logging_mixin.py:190} INFO - [2024-11-11T19:50:16.331+0000] {dag.py:4180} INFO - Setting next_dagrun for example_nested_branch_dag to 2024-11-10 00:00:00+00:00, run_after=2024-11-11 00:00:00+00:00
[2024-11-11T19:50:16.404+0000] {processor.py:208} INFO - Processing /home/airflow/.local/lib/python3.12/site-packages/airflow/example_dags/example_nested_branch_dag.py took 0.276 seconds
[2024-11-11T19:50:46.725+0000] {processor.py:186} INFO - Started process (PID=5334) to work on /home/airflow/.local/lib/python3.12/site-packages/airflow/example_dags/example_nested_branch_dag.py
[2024-11-11T19:50:46.729+0000] {processor.py:914} INFO - Processing file /home/airflow/.local/lib/python3.12/site-packages/airflow/example_dags/example_nested_branch_dag.py for tasks to queue
[2024-11-11T19:50:46.739+0000] {logging_mixin.py:190} INFO - [2024-11-11T19:50:46.737+0000] {dagbag.py:588} INFO - Filling up the DagBag from /home/airflow/.local/lib/python3.12/site-packages/airflow/example_dags/example_nested_branch_dag.py
[2024-11-11T19:50:46.795+0000] {processor.py:925} INFO - DAG(s) 'example_nested_branch_dag' retrieved from /home/airflow/.local/lib/python3.12/site-packages/airflow/example_dags/example_nested_branch_dag.py
[2024-11-11T19:50:46.850+0000] {logging_mixin.py:190} INFO - [2024-11-11T19:50:46.850+0000] {dag.py:3239} INFO - Sync 1 DAGs
[2024-11-11T19:50:46.912+0000] {logging_mixin.py:190} INFO - [2024-11-11T19:50:46.911+0000] {dag.py:4180} INFO - Setting next_dagrun for example_nested_branch_dag to 2024-11-10 00:00:00+00:00, run_after=2024-11-11 00:00:00+00:00
[2024-11-11T19:50:46.966+0000] {processor.py:208} INFO - Processing /home/airflow/.local/lib/python3.12/site-packages/airflow/example_dags/example_nested_branch_dag.py took 0.275 seconds
[2024-11-11T19:51:17.669+0000] {processor.py:186} INFO - Started process (PID=5625) to work on /home/airflow/.local/lib/python3.12/site-packages/airflow/example_dags/example_nested_branch_dag.py
[2024-11-11T19:51:17.672+0000] {processor.py:914} INFO - Processing file /home/airflow/.local/lib/python3.12/site-packages/airflow/example_dags/example_nested_branch_dag.py for tasks to queue
[2024-11-11T19:51:17.678+0000] {logging_mixin.py:190} INFO - [2024-11-11T19:51:17.677+0000] {dagbag.py:588} INFO - Filling up the DagBag from /home/airflow/.local/lib/python3.12/site-packages/airflow/example_dags/example_nested_branch_dag.py
[2024-11-11T19:51:17.701+0000] {processor.py:925} INFO - DAG(s) 'example_nested_branch_dag' retrieved from /home/airflow/.local/lib/python3.12/site-packages/airflow/example_dags/example_nested_branch_dag.py
[2024-11-11T19:51:17.745+0000] {logging_mixin.py:190} INFO - [2024-11-11T19:51:17.744+0000] {dag.py:3239} INFO - Sync 1 DAGs
[2024-11-11T19:51:17.797+0000] {logging_mixin.py:190} INFO - [2024-11-11T19:51:17.796+0000] {dag.py:4180} INFO - Setting next_dagrun for example_nested_branch_dag to 2024-11-10 00:00:00+00:00, run_after=2024-11-11 00:00:00+00:00
[2024-11-11T19:51:17.831+0000] {processor.py:208} INFO - Processing /home/airflow/.local/lib/python3.12/site-packages/airflow/example_dags/example_nested_branch_dag.py took 0.188 seconds
[2024-11-11T19:51:48.303+0000] {processor.py:186} INFO - Started process (PID=5917) to work on /home/airflow/.local/lib/python3.12/site-packages/airflow/example_dags/example_nested_branch_dag.py
[2024-11-11T19:51:48.309+0000] {processor.py:914} INFO - Processing file /home/airflow/.local/lib/python3.12/site-packages/airflow/example_dags/example_nested_branch_dag.py for tasks to queue
[2024-11-11T19:51:48.313+0000] {logging_mixin.py:190} INFO - [2024-11-11T19:51:48.312+0000] {dagbag.py:588} INFO - Filling up the DagBag from /home/airflow/.local/lib/python3.12/site-packages/airflow/example_dags/example_nested_branch_dag.py
[2024-11-11T19:51:48.332+0000] {processor.py:925} INFO - DAG(s) 'example_nested_branch_dag' retrieved from /home/airflow/.local/lib/python3.12/site-packages/airflow/example_dags/example_nested_branch_dag.py
[2024-11-11T19:51:48.369+0000] {logging_mixin.py:190} INFO - [2024-11-11T19:51:48.369+0000] {dag.py:3239} INFO - Sync 1 DAGs
[2024-11-11T19:51:48.414+0000] {logging_mixin.py:190} INFO - [2024-11-11T19:51:48.413+0000] {dag.py:4180} INFO - Setting next_dagrun for example_nested_branch_dag to 2024-11-10 00:00:00+00:00, run_after=2024-11-11 00:00:00+00:00
[2024-11-11T19:51:48.456+0000] {processor.py:208} INFO - Processing /home/airflow/.local/lib/python3.12/site-packages/airflow/example_dags/example_nested_branch_dag.py took 0.164 seconds
[2024-11-11T19:52:18.643+0000] {processor.py:186} INFO - Started process (PID=6203) to work on /home/airflow/.local/lib/python3.12/site-packages/airflow/example_dags/example_nested_branch_dag.py
[2024-11-11T19:52:18.645+0000] {processor.py:914} INFO - Processing file /home/airflow/.local/lib/python3.12/site-packages/airflow/example_dags/example_nested_branch_dag.py for tasks to queue
[2024-11-11T19:52:18.650+0000] {logging_mixin.py:190} INFO - [2024-11-11T19:52:18.650+0000] {dagbag.py:588} INFO - Filling up the DagBag from /home/airflow/.local/lib/python3.12/site-packages/airflow/example_dags/example_nested_branch_dag.py
[2024-11-11T19:52:18.688+0000] {processor.py:925} INFO - DAG(s) 'example_nested_branch_dag' retrieved from /home/airflow/.local/lib/python3.12/site-packages/airflow/example_dags/example_nested_branch_dag.py
[2024-11-11T19:52:18.759+0000] {logging_mixin.py:190} INFO - [2024-11-11T19:52:18.758+0000] {dag.py:3239} INFO - Sync 1 DAGs
[2024-11-11T19:52:18.821+0000] {logging_mixin.py:190} INFO - [2024-11-11T19:52:18.821+0000] {dag.py:4180} INFO - Setting next_dagrun for example_nested_branch_dag to 2024-11-10 00:00:00+00:00, run_after=2024-11-11 00:00:00+00:00
[2024-11-11T19:52:18.865+0000] {processor.py:208} INFO - Processing /home/airflow/.local/lib/python3.12/site-packages/airflow/example_dags/example_nested_branch_dag.py took 0.269 seconds
[2024-11-11T19:52:49.330+0000] {processor.py:186} INFO - Started process (PID=6494) to work on /home/airflow/.local/lib/python3.12/site-packages/airflow/example_dags/example_nested_branch_dag.py
[2024-11-11T19:52:49.335+0000] {processor.py:914} INFO - Processing file /home/airflow/.local/lib/python3.12/site-packages/airflow/example_dags/example_nested_branch_dag.py for tasks to queue
[2024-11-11T19:52:49.345+0000] {logging_mixin.py:190} INFO - [2024-11-11T19:52:49.344+0000] {dagbag.py:588} INFO - Filling up the DagBag from /home/airflow/.local/lib/python3.12/site-packages/airflow/example_dags/example_nested_branch_dag.py
[2024-11-11T19:52:49.407+0000] {processor.py:925} INFO - DAG(s) 'example_nested_branch_dag' retrieved from /home/airflow/.local/lib/python3.12/site-packages/airflow/example_dags/example_nested_branch_dag.py
[2024-11-11T19:52:49.574+0000] {logging_mixin.py:190} INFO - [2024-11-11T19:52:49.573+0000] {dag.py:3239} INFO - Sync 1 DAGs
[2024-11-11T19:52:49.657+0000] {logging_mixin.py:190} INFO - [2024-11-11T19:52:49.657+0000] {dag.py:4180} INFO - Setting next_dagrun for example_nested_branch_dag to 2024-11-10 00:00:00+00:00, run_after=2024-11-11 00:00:00+00:00
[2024-11-11T19:52:49.690+0000] {processor.py:208} INFO - Processing /home/airflow/.local/lib/python3.12/site-packages/airflow/example_dags/example_nested_branch_dag.py took 0.405 seconds
[2024-11-11T19:53:19.770+0000] {processor.py:186} INFO - Started process (PID=6785) to work on /home/airflow/.local/lib/python3.12/site-packages/airflow/example_dags/example_nested_branch_dag.py
[2024-11-11T19:53:19.773+0000] {processor.py:914} INFO - Processing file /home/airflow/.local/lib/python3.12/site-packages/airflow/example_dags/example_nested_branch_dag.py for tasks to queue
[2024-11-11T19:53:19.786+0000] {logging_mixin.py:190} INFO - [2024-11-11T19:53:19.785+0000] {dagbag.py:588} INFO - Filling up the DagBag from /home/airflow/.local/lib/python3.12/site-packages/airflow/example_dags/example_nested_branch_dag.py
[2024-11-11T19:53:19.824+0000] {processor.py:925} INFO - DAG(s) 'example_nested_branch_dag' retrieved from /home/airflow/.local/lib/python3.12/site-packages/airflow/example_dags/example_nested_branch_dag.py
[2024-11-11T19:53:19.877+0000] {logging_mixin.py:190} INFO - [2024-11-11T19:53:19.876+0000] {dag.py:3239} INFO - Sync 1 DAGs
[2024-11-11T19:53:19.958+0000] {logging_mixin.py:190} INFO - [2024-11-11T19:53:19.958+0000] {dag.py:4180} INFO - Setting next_dagrun for example_nested_branch_dag to 2024-11-10 00:00:00+00:00, run_after=2024-11-11 00:00:00+00:00
[2024-11-11T19:53:20.000+0000] {processor.py:208} INFO - Processing /home/airflow/.local/lib/python3.12/site-packages/airflow/example_dags/example_nested_branch_dag.py took 0.253 seconds
[2024-11-11T19:53:50.486+0000] {processor.py:186} INFO - Started process (PID=7076) to work on /home/airflow/.local/lib/python3.12/site-packages/airflow/example_dags/example_nested_branch_dag.py
[2024-11-11T19:53:50.490+0000] {processor.py:914} INFO - Processing file /home/airflow/.local/lib/python3.12/site-packages/airflow/example_dags/example_nested_branch_dag.py for tasks to queue
[2024-11-11T19:53:50.499+0000] {logging_mixin.py:190} INFO - [2024-11-11T19:53:50.498+0000] {dagbag.py:588} INFO - Filling up the DagBag from /home/airflow/.local/lib/python3.12/site-packages/airflow/example_dags/example_nested_branch_dag.py
[2024-11-11T19:53:50.552+0000] {processor.py:925} INFO - DAG(s) 'example_nested_branch_dag' retrieved from /home/airflow/.local/lib/python3.12/site-packages/airflow/example_dags/example_nested_branch_dag.py
[2024-11-11T19:53:50.623+0000] {logging_mixin.py:190} INFO - [2024-11-11T19:53:50.622+0000] {dag.py:3239} INFO - Sync 1 DAGs
[2024-11-11T19:53:50.702+0000] {logging_mixin.py:190} INFO - [2024-11-11T19:53:50.701+0000] {dag.py:4180} INFO - Setting next_dagrun for example_nested_branch_dag to 2024-11-10 00:00:00+00:00, run_after=2024-11-11 00:00:00+00:00
[2024-11-11T19:53:50.760+0000] {processor.py:208} INFO - Processing /home/airflow/.local/lib/python3.12/site-packages/airflow/example_dags/example_nested_branch_dag.py took 0.302 seconds
[2024-11-11T19:54:20.892+0000] {processor.py:186} INFO - Started process (PID=7367) to work on /home/airflow/.local/lib/python3.12/site-packages/airflow/example_dags/example_nested_branch_dag.py
[2024-11-11T19:54:20.894+0000] {processor.py:914} INFO - Processing file /home/airflow/.local/lib/python3.12/site-packages/airflow/example_dags/example_nested_branch_dag.py for tasks to queue
[2024-11-11T19:54:20.898+0000] {logging_mixin.py:190} INFO - [2024-11-11T19:54:20.897+0000] {dagbag.py:588} INFO - Filling up the DagBag from /home/airflow/.local/lib/python3.12/site-packages/airflow/example_dags/example_nested_branch_dag.py
[2024-11-11T19:54:20.923+0000] {processor.py:925} INFO - DAG(s) 'example_nested_branch_dag' retrieved from /home/airflow/.local/lib/python3.12/site-packages/airflow/example_dags/example_nested_branch_dag.py
[2024-11-11T19:54:20.968+0000] {logging_mixin.py:190} INFO - [2024-11-11T19:54:20.967+0000] {dag.py:3239} INFO - Sync 1 DAGs
[2024-11-11T19:54:21.046+0000] {logging_mixin.py:190} INFO - [2024-11-11T19:54:21.046+0000] {dag.py:4180} INFO - Setting next_dagrun for example_nested_branch_dag to 2024-11-10 00:00:00+00:00, run_after=2024-11-11 00:00:00+00:00
[2024-11-11T19:54:21.083+0000] {processor.py:208} INFO - Processing /home/airflow/.local/lib/python3.12/site-packages/airflow/example_dags/example_nested_branch_dag.py took 0.203 seconds
[2024-11-11T19:54:51.421+0000] {processor.py:186} INFO - Started process (PID=7656) to work on /home/airflow/.local/lib/python3.12/site-packages/airflow/example_dags/example_nested_branch_dag.py
[2024-11-11T19:54:51.423+0000] {processor.py:914} INFO - Processing file /home/airflow/.local/lib/python3.12/site-packages/airflow/example_dags/example_nested_branch_dag.py for tasks to queue
[2024-11-11T19:54:51.427+0000] {logging_mixin.py:190} INFO - [2024-11-11T19:54:51.427+0000] {dagbag.py:588} INFO - Filling up the DagBag from /home/airflow/.local/lib/python3.12/site-packages/airflow/example_dags/example_nested_branch_dag.py
[2024-11-11T19:54:51.450+0000] {processor.py:925} INFO - DAG(s) 'example_nested_branch_dag' retrieved from /home/airflow/.local/lib/python3.12/site-packages/airflow/example_dags/example_nested_branch_dag.py
[2024-11-11T19:54:51.487+0000] {logging_mixin.py:190} INFO - [2024-11-11T19:54:51.487+0000] {dag.py:3239} INFO - Sync 1 DAGs
[2024-11-11T19:54:51.524+0000] {logging_mixin.py:190} INFO - [2024-11-11T19:54:51.524+0000] {dag.py:4180} INFO - Setting next_dagrun for example_nested_branch_dag to 2024-11-10 00:00:00+00:00, run_after=2024-11-11 00:00:00+00:00
[2024-11-11T19:54:51.556+0000] {processor.py:208} INFO - Processing /home/airflow/.local/lib/python3.12/site-packages/airflow/example_dags/example_nested_branch_dag.py took 0.148 seconds
[2024-11-11T19:55:22.445+0000] {processor.py:186} INFO - Started process (PID=7945) to work on /home/airflow/.local/lib/python3.12/site-packages/airflow/example_dags/example_nested_branch_dag.py
[2024-11-11T19:55:22.461+0000] {processor.py:914} INFO - Processing file /home/airflow/.local/lib/python3.12/site-packages/airflow/example_dags/example_nested_branch_dag.py for tasks to queue
[2024-11-11T19:55:22.477+0000] {logging_mixin.py:190} INFO - [2024-11-11T19:55:22.475+0000] {dagbag.py:588} INFO - Filling up the DagBag from /home/airflow/.local/lib/python3.12/site-packages/airflow/example_dags/example_nested_branch_dag.py
[2024-11-11T19:55:22.577+0000] {processor.py:925} INFO - DAG(s) 'example_nested_branch_dag' retrieved from /home/airflow/.local/lib/python3.12/site-packages/airflow/example_dags/example_nested_branch_dag.py
[2024-11-11T19:55:22.650+0000] {logging_mixin.py:190} INFO - [2024-11-11T19:55:22.649+0000] {dag.py:3239} INFO - Sync 1 DAGs
[2024-11-11T19:55:22.715+0000] {logging_mixin.py:190} INFO - [2024-11-11T19:55:22.715+0000] {dag.py:4180} INFO - Setting next_dagrun for example_nested_branch_dag to 2024-11-10 00:00:00+00:00, run_after=2024-11-11 00:00:00+00:00
[2024-11-11T19:55:22.764+0000] {processor.py:208} INFO - Processing /home/airflow/.local/lib/python3.12/site-packages/airflow/example_dags/example_nested_branch_dag.py took 0.356 seconds
[2024-11-11T19:55:53.445+0000] {processor.py:186} INFO - Started process (PID=8237) to work on /home/airflow/.local/lib/python3.12/site-packages/airflow/example_dags/example_nested_branch_dag.py
[2024-11-11T19:55:53.447+0000] {processor.py:914} INFO - Processing file /home/airflow/.local/lib/python3.12/site-packages/airflow/example_dags/example_nested_branch_dag.py for tasks to queue
[2024-11-11T19:55:53.452+0000] {logging_mixin.py:190} INFO - [2024-11-11T19:55:53.452+0000] {dagbag.py:588} INFO - Filling up the DagBag from /home/airflow/.local/lib/python3.12/site-packages/airflow/example_dags/example_nested_branch_dag.py
[2024-11-11T19:55:53.475+0000] {processor.py:925} INFO - DAG(s) 'example_nested_branch_dag' retrieved from /home/airflow/.local/lib/python3.12/site-packages/airflow/example_dags/example_nested_branch_dag.py
[2024-11-11T19:55:53.511+0000] {logging_mixin.py:190} INFO - [2024-11-11T19:55:53.511+0000] {dag.py:3239} INFO - Sync 1 DAGs
[2024-11-11T19:55:53.550+0000] {logging_mixin.py:190} INFO - [2024-11-11T19:55:53.549+0000] {dag.py:4180} INFO - Setting next_dagrun for example_nested_branch_dag to 2024-11-10 00:00:00+00:00, run_after=2024-11-11 00:00:00+00:00
[2024-11-11T19:55:53.579+0000] {processor.py:208} INFO - Processing /home/airflow/.local/lib/python3.12/site-packages/airflow/example_dags/example_nested_branch_dag.py took 0.151 seconds
[2024-11-11T19:56:23.761+0000] {processor.py:186} INFO - Started process (PID=8529) to work on /home/airflow/.local/lib/python3.12/site-packages/airflow/example_dags/example_nested_branch_dag.py
[2024-11-11T19:56:23.768+0000] {processor.py:914} INFO - Processing file /home/airflow/.local/lib/python3.12/site-packages/airflow/example_dags/example_nested_branch_dag.py for tasks to queue
[2024-11-11T19:56:23.773+0000] {logging_mixin.py:190} INFO - [2024-11-11T19:56:23.772+0000] {dagbag.py:588} INFO - Filling up the DagBag from /home/airflow/.local/lib/python3.12/site-packages/airflow/example_dags/example_nested_branch_dag.py
[2024-11-11T19:56:23.798+0000] {processor.py:925} INFO - DAG(s) 'example_nested_branch_dag' retrieved from /home/airflow/.local/lib/python3.12/site-packages/airflow/example_dags/example_nested_branch_dag.py
[2024-11-11T19:56:23.847+0000] {logging_mixin.py:190} INFO - [2024-11-11T19:56:23.846+0000] {dag.py:3239} INFO - Sync 1 DAGs
[2024-11-11T19:56:23.894+0000] {logging_mixin.py:190} INFO - [2024-11-11T19:56:23.893+0000] {dag.py:4180} INFO - Setting next_dagrun for example_nested_branch_dag to 2024-11-10 00:00:00+00:00, run_after=2024-11-11 00:00:00+00:00
[2024-11-11T19:56:23.928+0000] {processor.py:208} INFO - Processing /home/airflow/.local/lib/python3.12/site-packages/airflow/example_dags/example_nested_branch_dag.py took 0.185 seconds
[2024-11-11T19:56:54.621+0000] {processor.py:186} INFO - Started process (PID=8818) to work on /home/airflow/.local/lib/python3.12/site-packages/airflow/example_dags/example_nested_branch_dag.py
[2024-11-11T19:56:54.627+0000] {processor.py:914} INFO - Processing file /home/airflow/.local/lib/python3.12/site-packages/airflow/example_dags/example_nested_branch_dag.py for tasks to queue
[2024-11-11T19:56:54.632+0000] {logging_mixin.py:190} INFO - [2024-11-11T19:56:54.632+0000] {dagbag.py:588} INFO - Filling up the DagBag from /home/airflow/.local/lib/python3.12/site-packages/airflow/example_dags/example_nested_branch_dag.py
[2024-11-11T19:56:54.652+0000] {processor.py:925} INFO - DAG(s) 'example_nested_branch_dag' retrieved from /home/airflow/.local/lib/python3.12/site-packages/airflow/example_dags/example_nested_branch_dag.py
[2024-11-11T19:56:54.699+0000] {logging_mixin.py:190} INFO - [2024-11-11T19:56:54.698+0000] {dag.py:3239} INFO - Sync 1 DAGs
[2024-11-11T19:56:54.763+0000] {logging_mixin.py:190} INFO - [2024-11-11T19:56:54.762+0000] {dag.py:4180} INFO - Setting next_dagrun for example_nested_branch_dag to 2024-11-10 00:00:00+00:00, run_after=2024-11-11 00:00:00+00:00
[2024-11-11T19:56:54.806+0000] {processor.py:208} INFO - Processing /home/airflow/.local/lib/python3.12/site-packages/airflow/example_dags/example_nested_branch_dag.py took 0.200 seconds
[2024-11-11T19:57:25.545+0000] {processor.py:186} INFO - Started process (PID=9106) to work on /home/airflow/.local/lib/python3.12/site-packages/airflow/example_dags/example_nested_branch_dag.py
[2024-11-11T19:57:25.554+0000] {processor.py:914} INFO - Processing file /home/airflow/.local/lib/python3.12/site-packages/airflow/example_dags/example_nested_branch_dag.py for tasks to queue
[2024-11-11T19:57:25.565+0000] {logging_mixin.py:190} INFO - [2024-11-11T19:57:25.564+0000] {dagbag.py:588} INFO - Filling up the DagBag from /home/airflow/.local/lib/python3.12/site-packages/airflow/example_dags/example_nested_branch_dag.py
[2024-11-11T19:57:25.614+0000] {processor.py:925} INFO - DAG(s) 'example_nested_branch_dag' retrieved from /home/airflow/.local/lib/python3.12/site-packages/airflow/example_dags/example_nested_branch_dag.py
[2024-11-11T19:57:25.673+0000] {logging_mixin.py:190} INFO - [2024-11-11T19:57:25.673+0000] {dag.py:3239} INFO - Sync 1 DAGs
[2024-11-11T19:57:25.749+0000] {logging_mixin.py:190} INFO - [2024-11-11T19:57:25.748+0000] {dag.py:4180} INFO - Setting next_dagrun for example_nested_branch_dag to 2024-11-10 00:00:00+00:00, run_after=2024-11-11 00:00:00+00:00
[2024-11-11T19:57:25.799+0000] {processor.py:208} INFO - Processing /home/airflow/.local/lib/python3.12/site-packages/airflow/example_dags/example_nested_branch_dag.py took 0.283 seconds
[2024-11-11T19:57:56.186+0000] {processor.py:186} INFO - Started process (PID=9397) to work on /home/airflow/.local/lib/python3.12/site-packages/airflow/example_dags/example_nested_branch_dag.py
[2024-11-11T19:57:56.189+0000] {processor.py:914} INFO - Processing file /home/airflow/.local/lib/python3.12/site-packages/airflow/example_dags/example_nested_branch_dag.py for tasks to queue
[2024-11-11T19:57:56.197+0000] {logging_mixin.py:190} INFO - [2024-11-11T19:57:56.195+0000] {dagbag.py:588} INFO - Filling up the DagBag from /home/airflow/.local/lib/python3.12/site-packages/airflow/example_dags/example_nested_branch_dag.py
[2024-11-11T19:57:56.231+0000] {processor.py:925} INFO - DAG(s) 'example_nested_branch_dag' retrieved from /home/airflow/.local/lib/python3.12/site-packages/airflow/example_dags/example_nested_branch_dag.py
[2024-11-11T19:57:56.282+0000] {logging_mixin.py:190} INFO - [2024-11-11T19:57:56.281+0000] {dag.py:3239} INFO - Sync 1 DAGs
[2024-11-11T19:57:56.338+0000] {logging_mixin.py:190} INFO - [2024-11-11T19:57:56.338+0000] {dag.py:4180} INFO - Setting next_dagrun for example_nested_branch_dag to 2024-11-10 00:00:00+00:00, run_after=2024-11-11 00:00:00+00:00
[2024-11-11T19:57:56.371+0000] {processor.py:208} INFO - Processing /home/airflow/.local/lib/python3.12/site-packages/airflow/example_dags/example_nested_branch_dag.py took 0.213 seconds
[2024-11-11T19:58:26.632+0000] {processor.py:186} INFO - Started process (PID=9688) to work on /home/airflow/.local/lib/python3.12/site-packages/airflow/example_dags/example_nested_branch_dag.py
[2024-11-11T19:58:26.638+0000] {processor.py:914} INFO - Processing file /home/airflow/.local/lib/python3.12/site-packages/airflow/example_dags/example_nested_branch_dag.py for tasks to queue
[2024-11-11T19:58:26.644+0000] {logging_mixin.py:190} INFO - [2024-11-11T19:58:26.643+0000] {dagbag.py:588} INFO - Filling up the DagBag from /home/airflow/.local/lib/python3.12/site-packages/airflow/example_dags/example_nested_branch_dag.py
[2024-11-11T19:58:26.667+0000] {processor.py:925} INFO - DAG(s) 'example_nested_branch_dag' retrieved from /home/airflow/.local/lib/python3.12/site-packages/airflow/example_dags/example_nested_branch_dag.py
[2024-11-11T19:58:26.710+0000] {logging_mixin.py:190} INFO - [2024-11-11T19:58:26.710+0000] {dag.py:3239} INFO - Sync 1 DAGs
[2024-11-11T19:58:26.759+0000] {logging_mixin.py:190} INFO - [2024-11-11T19:58:26.759+0000] {dag.py:4180} INFO - Setting next_dagrun for example_nested_branch_dag to 2024-11-10 00:00:00+00:00, run_after=2024-11-11 00:00:00+00:00
[2024-11-11T19:58:26.801+0000] {processor.py:208} INFO - Processing /home/airflow/.local/lib/python3.12/site-packages/airflow/example_dags/example_nested_branch_dag.py took 0.191 seconds
[2024-11-11T19:58:56.916+0000] {processor.py:186} INFO - Started process (PID=9977) to work on /home/airflow/.local/lib/python3.12/site-packages/airflow/example_dags/example_nested_branch_dag.py
[2024-11-11T19:58:56.917+0000] {processor.py:914} INFO - Processing file /home/airflow/.local/lib/python3.12/site-packages/airflow/example_dags/example_nested_branch_dag.py for tasks to queue
[2024-11-11T19:58:56.920+0000] {logging_mixin.py:190} INFO - [2024-11-11T19:58:56.920+0000] {dagbag.py:588} INFO - Filling up the DagBag from /home/airflow/.local/lib/python3.12/site-packages/airflow/example_dags/example_nested_branch_dag.py
[2024-11-11T19:58:56.941+0000] {processor.py:925} INFO - DAG(s) 'example_nested_branch_dag' retrieved from /home/airflow/.local/lib/python3.12/site-packages/airflow/example_dags/example_nested_branch_dag.py
[2024-11-11T19:58:56.994+0000] {logging_mixin.py:190} INFO - [2024-11-11T19:58:56.993+0000] {dag.py:3239} INFO - Sync 1 DAGs
[2024-11-11T19:58:57.061+0000] {logging_mixin.py:190} INFO - [2024-11-11T19:58:57.060+0000] {dag.py:4180} INFO - Setting next_dagrun for example_nested_branch_dag to 2024-11-10 00:00:00+00:00, run_after=2024-11-11 00:00:00+00:00
[2024-11-11T19:58:57.111+0000] {processor.py:208} INFO - Processing /home/airflow/.local/lib/python3.12/site-packages/airflow/example_dags/example_nested_branch_dag.py took 0.205 seconds
[2024-11-11T19:59:27.595+0000] {processor.py:186} INFO - Started process (PID=10265) to work on /home/airflow/.local/lib/python3.12/site-packages/airflow/example_dags/example_nested_branch_dag.py
[2024-11-11T19:59:27.598+0000] {processor.py:914} INFO - Processing file /home/airflow/.local/lib/python3.12/site-packages/airflow/example_dags/example_nested_branch_dag.py for tasks to queue
[2024-11-11T19:59:27.609+0000] {logging_mixin.py:190} INFO - [2024-11-11T19:59:27.607+0000] {dagbag.py:588} INFO - Filling up the DagBag from /home/airflow/.local/lib/python3.12/site-packages/airflow/example_dags/example_nested_branch_dag.py
[2024-11-11T19:59:27.658+0000] {processor.py:925} INFO - DAG(s) 'example_nested_branch_dag' retrieved from /home/airflow/.local/lib/python3.12/site-packages/airflow/example_dags/example_nested_branch_dag.py
[2024-11-11T19:59:27.747+0000] {logging_mixin.py:190} INFO - [2024-11-11T19:59:27.747+0000] {dag.py:3239} INFO - Sync 1 DAGs
[2024-11-11T19:59:27.844+0000] {logging_mixin.py:190} INFO - [2024-11-11T19:59:27.843+0000] {dag.py:4180} INFO - Setting next_dagrun for example_nested_branch_dag to 2024-11-10 00:00:00+00:00, run_after=2024-11-11 00:00:00+00:00
[2024-11-11T19:59:27.911+0000] {processor.py:208} INFO - Processing /home/airflow/.local/lib/python3.12/site-packages/airflow/example_dags/example_nested_branch_dag.py took 0.337 seconds
[2024-11-11T19:59:58.185+0000] {processor.py:186} INFO - Started process (PID=10556) to work on /home/airflow/.local/lib/python3.12/site-packages/airflow/example_dags/example_nested_branch_dag.py
[2024-11-11T19:59:58.191+0000] {processor.py:914} INFO - Processing file /home/airflow/.local/lib/python3.12/site-packages/airflow/example_dags/example_nested_branch_dag.py for tasks to queue
[2024-11-11T19:59:58.216+0000] {logging_mixin.py:190} INFO - [2024-11-11T19:59:58.206+0000] {dagbag.py:588} INFO - Filling up the DagBag from /home/airflow/.local/lib/python3.12/site-packages/airflow/example_dags/example_nested_branch_dag.py
[2024-11-11T19:59:58.310+0000] {processor.py:925} INFO - DAG(s) 'example_nested_branch_dag' retrieved from /home/airflow/.local/lib/python3.12/site-packages/airflow/example_dags/example_nested_branch_dag.py
[2024-11-11T19:59:58.401+0000] {logging_mixin.py:190} INFO - [2024-11-11T19:59:58.401+0000] {dag.py:3239} INFO - Sync 1 DAGs
[2024-11-11T19:59:58.580+0000] {logging_mixin.py:190} INFO - [2024-11-11T19:59:58.579+0000] {dag.py:4180} INFO - Setting next_dagrun for example_nested_branch_dag to 2024-11-10 00:00:00+00:00, run_after=2024-11-11 00:00:00+00:00
[2024-11-11T19:59:58.751+0000] {processor.py:208} INFO - Processing /home/airflow/.local/lib/python3.12/site-packages/airflow/example_dags/example_nested_branch_dag.py took 0.598 seconds
[2024-11-11T20:00:29.129+0000] {processor.py:186} INFO - Started process (PID=10847) to work on /home/airflow/.local/lib/python3.12/site-packages/airflow/example_dags/example_nested_branch_dag.py
[2024-11-11T20:00:29.133+0000] {processor.py:914} INFO - Processing file /home/airflow/.local/lib/python3.12/site-packages/airflow/example_dags/example_nested_branch_dag.py for tasks to queue
[2024-11-11T20:00:29.141+0000] {logging_mixin.py:190} INFO - [2024-11-11T20:00:29.141+0000] {dagbag.py:588} INFO - Filling up the DagBag from /home/airflow/.local/lib/python3.12/site-packages/airflow/example_dags/example_nested_branch_dag.py
[2024-11-11T20:00:29.187+0000] {processor.py:925} INFO - DAG(s) 'example_nested_branch_dag' retrieved from /home/airflow/.local/lib/python3.12/site-packages/airflow/example_dags/example_nested_branch_dag.py
[2024-11-11T20:00:29.274+0000] {logging_mixin.py:190} INFO - [2024-11-11T20:00:29.273+0000] {dag.py:3239} INFO - Sync 1 DAGs
[2024-11-11T20:00:29.339+0000] {logging_mixin.py:190} INFO - [2024-11-11T20:00:29.338+0000] {dag.py:4180} INFO - Setting next_dagrun for example_nested_branch_dag to 2024-11-10 00:00:00+00:00, run_after=2024-11-11 00:00:00+00:00
[2024-11-11T20:00:29.380+0000] {processor.py:208} INFO - Processing /home/airflow/.local/lib/python3.12/site-packages/airflow/example_dags/example_nested_branch_dag.py took 0.298 seconds
[2024-11-11T20:01:00.023+0000] {processor.py:186} INFO - Started process (PID=11138) to work on /home/airflow/.local/lib/python3.12/site-packages/airflow/example_dags/example_nested_branch_dag.py
[2024-11-11T20:01:00.027+0000] {processor.py:914} INFO - Processing file /home/airflow/.local/lib/python3.12/site-packages/airflow/example_dags/example_nested_branch_dag.py for tasks to queue
[2024-11-11T20:01:00.036+0000] {logging_mixin.py:190} INFO - [2024-11-11T20:01:00.035+0000] {dagbag.py:588} INFO - Filling up the DagBag from /home/airflow/.local/lib/python3.12/site-packages/airflow/example_dags/example_nested_branch_dag.py
[2024-11-11T20:01:00.090+0000] {processor.py:925} INFO - DAG(s) 'example_nested_branch_dag' retrieved from /home/airflow/.local/lib/python3.12/site-packages/airflow/example_dags/example_nested_branch_dag.py
[2024-11-11T20:01:00.181+0000] {logging_mixin.py:190} INFO - [2024-11-11T20:01:00.180+0000] {dag.py:3239} INFO - Sync 1 DAGs
[2024-11-11T20:01:00.315+0000] {logging_mixin.py:190} INFO - [2024-11-11T20:01:00.314+0000] {dag.py:4180} INFO - Setting next_dagrun for example_nested_branch_dag to 2024-11-10 00:00:00+00:00, run_after=2024-11-11 00:00:00+00:00
[2024-11-11T20:01:00.396+0000] {processor.py:208} INFO - Processing /home/airflow/.local/lib/python3.12/site-packages/airflow/example_dags/example_nested_branch_dag.py took 0.400 seconds
[2024-11-11T20:01:30.826+0000] {processor.py:186} INFO - Started process (PID=11429) to work on /home/airflow/.local/lib/python3.12/site-packages/airflow/example_dags/example_nested_branch_dag.py
[2024-11-11T20:01:30.828+0000] {processor.py:914} INFO - Processing file /home/airflow/.local/lib/python3.12/site-packages/airflow/example_dags/example_nested_branch_dag.py for tasks to queue
[2024-11-11T20:01:30.834+0000] {logging_mixin.py:190} INFO - [2024-11-11T20:01:30.833+0000] {dagbag.py:588} INFO - Filling up the DagBag from /home/airflow/.local/lib/python3.12/site-packages/airflow/example_dags/example_nested_branch_dag.py
[2024-11-11T20:01:30.896+0000] {processor.py:925} INFO - DAG(s) 'example_nested_branch_dag' retrieved from /home/airflow/.local/lib/python3.12/site-packages/airflow/example_dags/example_nested_branch_dag.py
[2024-11-11T20:01:30.991+0000] {logging_mixin.py:190} INFO - [2024-11-11T20:01:30.990+0000] {dag.py:3239} INFO - Sync 1 DAGs
[2024-11-11T20:01:31.087+0000] {logging_mixin.py:190} INFO - [2024-11-11T20:01:31.087+0000] {dag.py:4180} INFO - Setting next_dagrun for example_nested_branch_dag to 2024-11-10 00:00:00+00:00, run_after=2024-11-11 00:00:00+00:00
[2024-11-11T20:01:31.144+0000] {processor.py:208} INFO - Processing /home/airflow/.local/lib/python3.12/site-packages/airflow/example_dags/example_nested_branch_dag.py took 0.341 seconds
[2024-11-11T20:02:01.599+0000] {processor.py:186} INFO - Started process (PID=11716) to work on /home/airflow/.local/lib/python3.12/site-packages/airflow/example_dags/example_nested_branch_dag.py
[2024-11-11T20:02:01.602+0000] {processor.py:914} INFO - Processing file /home/airflow/.local/lib/python3.12/site-packages/airflow/example_dags/example_nested_branch_dag.py for tasks to queue
[2024-11-11T20:02:01.612+0000] {logging_mixin.py:190} INFO - [2024-11-11T20:02:01.610+0000] {dagbag.py:588} INFO - Filling up the DagBag from /home/airflow/.local/lib/python3.12/site-packages/airflow/example_dags/example_nested_branch_dag.py
[2024-11-11T20:02:01.666+0000] {processor.py:925} INFO - DAG(s) 'example_nested_branch_dag' retrieved from /home/airflow/.local/lib/python3.12/site-packages/airflow/example_dags/example_nested_branch_dag.py
[2024-11-11T20:02:01.798+0000] {logging_mixin.py:190} INFO - [2024-11-11T20:02:01.797+0000] {dag.py:3239} INFO - Sync 1 DAGs
[2024-11-11T20:02:01.900+0000] {logging_mixin.py:190} INFO - [2024-11-11T20:02:01.900+0000] {dag.py:4180} INFO - Setting next_dagrun for example_nested_branch_dag to 2024-11-10 00:00:00+00:00, run_after=2024-11-11 00:00:00+00:00
[2024-11-11T20:02:01.960+0000] {processor.py:208} INFO - Processing /home/airflow/.local/lib/python3.12/site-packages/airflow/example_dags/example_nested_branch_dag.py took 0.389 seconds
[2024-11-11T20:02:32.564+0000] {processor.py:186} INFO - Started process (PID=12007) to work on /home/airflow/.local/lib/python3.12/site-packages/airflow/example_dags/example_nested_branch_dag.py
[2024-11-11T20:02:32.567+0000] {processor.py:914} INFO - Processing file /home/airflow/.local/lib/python3.12/site-packages/airflow/example_dags/example_nested_branch_dag.py for tasks to queue
[2024-11-11T20:02:32.574+0000] {logging_mixin.py:190} INFO - [2024-11-11T20:02:32.574+0000] {dagbag.py:588} INFO - Filling up the DagBag from /home/airflow/.local/lib/python3.12/site-packages/airflow/example_dags/example_nested_branch_dag.py
[2024-11-11T20:02:32.607+0000] {processor.py:925} INFO - DAG(s) 'example_nested_branch_dag' retrieved from /home/airflow/.local/lib/python3.12/site-packages/airflow/example_dags/example_nested_branch_dag.py
[2024-11-11T20:02:32.693+0000] {logging_mixin.py:190} INFO - [2024-11-11T20:02:32.693+0000] {dag.py:3239} INFO - Sync 1 DAGs
[2024-11-11T20:02:32.743+0000] {logging_mixin.py:190} INFO - [2024-11-11T20:02:32.742+0000] {dag.py:4180} INFO - Setting next_dagrun for example_nested_branch_dag to 2024-11-10 00:00:00+00:00, run_after=2024-11-11 00:00:00+00:00
[2024-11-11T20:02:32.780+0000] {processor.py:208} INFO - Processing /home/airflow/.local/lib/python3.12/site-packages/airflow/example_dags/example_nested_branch_dag.py took 0.237 seconds
