[2024-11-11T19:41:22.152+0000] {processor.py:186} INFO - Started process (PID=206) to work on /home/airflow/.local/lib/python3.12/site-packages/airflow/example_dags/example_branch_day_of_week_operator.py
[2024-11-11T19:41:22.160+0000] {processor.py:914} INFO - Processing file /home/airflow/.local/lib/python3.12/site-packages/airflow/example_dags/example_branch_day_of_week_operator.py for tasks to queue
[2024-11-11T19:41:22.193+0000] {logging_mixin.py:190} INFO - [2024-11-11T19:41:22.189+0000] {dagbag.py:588} INFO - Filling up the DagBag from /home/airflow/.local/lib/python3.12/site-packages/airflow/example_dags/example_branch_day_of_week_operator.py
[2024-11-11T19:41:22.362+0000] {processor.py:925} INFO - DAG(s) 'example_weekday_branch_operator' retrieved from /home/airflow/.local/lib/python3.12/site-packages/airflow/example_dags/example_branch_day_of_week_operator.py
[2024-11-11T19:41:23.859+0000] {logging_mixin.py:190} INFO - [2024-11-11T19:41:23.858+0000] {override.py:1911} INFO - Created Permission View: can delete on DAG:example_weekday_branch_operator
[2024-11-11T19:41:23.880+0000] {logging_mixin.py:190} INFO - [2024-11-11T19:41:23.880+0000] {override.py:1911} INFO - Created Permission View: can read on DAG:example_weekday_branch_operator
[2024-11-11T19:41:23.895+0000] {logging_mixin.py:190} INFO - [2024-11-11T19:41:23.894+0000] {override.py:1911} INFO - Created Permission View: can edit on DAG:example_weekday_branch_operator
[2024-11-11T19:41:23.922+0000] {logging_mixin.py:190} INFO - [2024-11-11T19:41:23.921+0000] {override.py:1911} INFO - Created Permission View: can delete on DAG Run:example_weekday_branch_operator
[2024-11-11T19:41:23.940+0000] {logging_mixin.py:190} INFO - [2024-11-11T19:41:23.939+0000] {override.py:1911} INFO - Created Permission View: can create on DAG Run:example_weekday_branch_operator
[2024-11-11T19:41:23.958+0000] {logging_mixin.py:190} INFO - [2024-11-11T19:41:23.956+0000] {override.py:1911} INFO - Created Permission View: menu access on DAG Run:example_weekday_branch_operator
[2024-11-11T19:41:23.976+0000] {logging_mixin.py:190} INFO - [2024-11-11T19:41:23.975+0000] {override.py:1911} INFO - Created Permission View: can read on DAG Run:example_weekday_branch_operator
[2024-11-11T19:41:23.978+0000] {logging_mixin.py:190} INFO - [2024-11-11T19:41:23.977+0000] {dag.py:3239} INFO - Sync 1 DAGs
[2024-11-11T19:41:24.170+0000] {logging_mixin.py:190} INFO - [2024-11-11T19:41:24.170+0000] {dag.py:3262} INFO - Creating ORM DAG for example_weekday_branch_operator
[2024-11-11T19:41:24.251+0000] {logging_mixin.py:190} INFO - [2024-11-11T19:41:24.250+0000] {dag.py:4180} INFO - Setting next_dagrun for example_weekday_branch_operator to 2024-11-10 00:00:00+00:00, run_after=2024-11-11 00:00:00+00:00
[2024-11-11T19:41:24.309+0000] {processor.py:208} INFO - Processing /home/airflow/.local/lib/python3.12/site-packages/airflow/example_dags/example_branch_day_of_week_operator.py took 2.246 seconds
[2024-11-11T19:41:54.422+0000] {processor.py:186} INFO - Started process (PID=497) to work on /home/airflow/.local/lib/python3.12/site-packages/airflow/example_dags/example_branch_day_of_week_operator.py
[2024-11-11T19:41:54.424+0000] {processor.py:914} INFO - Processing file /home/airflow/.local/lib/python3.12/site-packages/airflow/example_dags/example_branch_day_of_week_operator.py for tasks to queue
[2024-11-11T19:41:54.429+0000] {logging_mixin.py:190} INFO - [2024-11-11T19:41:54.428+0000] {dagbag.py:588} INFO - Filling up the DagBag from /home/airflow/.local/lib/python3.12/site-packages/airflow/example_dags/example_branch_day_of_week_operator.py
[2024-11-11T19:41:54.465+0000] {processor.py:925} INFO - DAG(s) 'example_weekday_branch_operator' retrieved from /home/airflow/.local/lib/python3.12/site-packages/airflow/example_dags/example_branch_day_of_week_operator.py
[2024-11-11T19:41:54.496+0000] {logging_mixin.py:190} INFO - [2024-11-11T19:41:54.495+0000] {dag.py:3239} INFO - Sync 1 DAGs
[2024-11-11T19:41:54.567+0000] {logging_mixin.py:190} INFO - [2024-11-11T19:41:54.566+0000] {dag.py:4180} INFO - Setting next_dagrun for example_weekday_branch_operator to 2024-11-10 00:00:00+00:00, run_after=2024-11-11 00:00:00+00:00
[2024-11-11T19:41:54.600+0000] {processor.py:208} INFO - Processing /home/airflow/.local/lib/python3.12/site-packages/airflow/example_dags/example_branch_day_of_week_operator.py took 0.190 seconds
[2024-11-11T19:42:25.110+0000] {processor.py:186} INFO - Started process (PID=788) to work on /home/airflow/.local/lib/python3.12/site-packages/airflow/example_dags/example_branch_day_of_week_operator.py
[2024-11-11T19:42:25.115+0000] {processor.py:914} INFO - Processing file /home/airflow/.local/lib/python3.12/site-packages/airflow/example_dags/example_branch_day_of_week_operator.py for tasks to queue
[2024-11-11T19:42:25.127+0000] {logging_mixin.py:190} INFO - [2024-11-11T19:42:25.126+0000] {dagbag.py:588} INFO - Filling up the DagBag from /home/airflow/.local/lib/python3.12/site-packages/airflow/example_dags/example_branch_day_of_week_operator.py
[2024-11-11T19:42:25.152+0000] {processor.py:925} INFO - DAG(s) 'example_weekday_branch_operator' retrieved from /home/airflow/.local/lib/python3.12/site-packages/airflow/example_dags/example_branch_day_of_week_operator.py
[2024-11-11T19:42:25.201+0000] {logging_mixin.py:190} INFO - [2024-11-11T19:42:25.200+0000] {dag.py:3239} INFO - Sync 1 DAGs
[2024-11-11T19:42:25.254+0000] {logging_mixin.py:190} INFO - [2024-11-11T19:42:25.254+0000] {dag.py:4180} INFO - Setting next_dagrun for example_weekday_branch_operator to 2024-11-10 00:00:00+00:00, run_after=2024-11-11 00:00:00+00:00
[2024-11-11T19:42:25.322+0000] {processor.py:208} INFO - Processing /home/airflow/.local/lib/python3.12/site-packages/airflow/example_dags/example_branch_day_of_week_operator.py took 0.250 seconds
[2024-11-11T19:42:55.883+0000] {processor.py:186} INFO - Started process (PID=1080) to work on /home/airflow/.local/lib/python3.12/site-packages/airflow/example_dags/example_branch_day_of_week_operator.py
[2024-11-11T19:42:55.885+0000] {processor.py:914} INFO - Processing file /home/airflow/.local/lib/python3.12/site-packages/airflow/example_dags/example_branch_day_of_week_operator.py for tasks to queue
[2024-11-11T19:42:55.894+0000] {logging_mixin.py:190} INFO - [2024-11-11T19:42:55.893+0000] {dagbag.py:588} INFO - Filling up the DagBag from /home/airflow/.local/lib/python3.12/site-packages/airflow/example_dags/example_branch_day_of_week_operator.py
[2024-11-11T19:42:55.919+0000] {processor.py:925} INFO - DAG(s) 'example_weekday_branch_operator' retrieved from /home/airflow/.local/lib/python3.12/site-packages/airflow/example_dags/example_branch_day_of_week_operator.py
[2024-11-11T19:42:55.968+0000] {logging_mixin.py:190} INFO - [2024-11-11T19:42:55.968+0000] {dag.py:3239} INFO - Sync 1 DAGs
[2024-11-11T19:42:56.026+0000] {logging_mixin.py:190} INFO - [2024-11-11T19:42:56.026+0000] {dag.py:4180} INFO - Setting next_dagrun for example_weekday_branch_operator to 2024-11-10 00:00:00+00:00, run_after=2024-11-11 00:00:00+00:00
[2024-11-11T19:42:56.084+0000] {processor.py:208} INFO - Processing /home/airflow/.local/lib/python3.12/site-packages/airflow/example_dags/example_branch_day_of_week_operator.py took 0.218 seconds
[2024-11-11T19:43:27.033+0000] {processor.py:186} INFO - Started process (PID=1371) to work on /home/airflow/.local/lib/python3.12/site-packages/airflow/example_dags/example_branch_day_of_week_operator.py
[2024-11-11T19:43:27.035+0000] {processor.py:914} INFO - Processing file /home/airflow/.local/lib/python3.12/site-packages/airflow/example_dags/example_branch_day_of_week_operator.py for tasks to queue
[2024-11-11T19:43:27.039+0000] {logging_mixin.py:190} INFO - [2024-11-11T19:43:27.038+0000] {dagbag.py:588} INFO - Filling up the DagBag from /home/airflow/.local/lib/python3.12/site-packages/airflow/example_dags/example_branch_day_of_week_operator.py
[2024-11-11T19:43:27.058+0000] {processor.py:925} INFO - DAG(s) 'example_weekday_branch_operator' retrieved from /home/airflow/.local/lib/python3.12/site-packages/airflow/example_dags/example_branch_day_of_week_operator.py
[2024-11-11T19:43:27.101+0000] {logging_mixin.py:190} INFO - [2024-11-11T19:43:27.100+0000] {dag.py:3239} INFO - Sync 1 DAGs
[2024-11-11T19:43:27.150+0000] {logging_mixin.py:190} INFO - [2024-11-11T19:43:27.150+0000] {dag.py:4180} INFO - Setting next_dagrun for example_weekday_branch_operator to 2024-11-10 00:00:00+00:00, run_after=2024-11-11 00:00:00+00:00
[2024-11-11T19:43:27.181+0000] {processor.py:208} INFO - Processing /home/airflow/.local/lib/python3.12/site-packages/airflow/example_dags/example_branch_day_of_week_operator.py took 0.157 seconds
[2024-11-11T19:43:57.536+0000] {processor.py:186} INFO - Started process (PID=1662) to work on /home/airflow/.local/lib/python3.12/site-packages/airflow/example_dags/example_branch_day_of_week_operator.py
[2024-11-11T19:43:57.537+0000] {processor.py:914} INFO - Processing file /home/airflow/.local/lib/python3.12/site-packages/airflow/example_dags/example_branch_day_of_week_operator.py for tasks to queue
[2024-11-11T19:43:57.544+0000] {logging_mixin.py:190} INFO - [2024-11-11T19:43:57.543+0000] {dagbag.py:588} INFO - Filling up the DagBag from /home/airflow/.local/lib/python3.12/site-packages/airflow/example_dags/example_branch_day_of_week_operator.py
[2024-11-11T19:43:57.560+0000] {processor.py:925} INFO - DAG(s) 'example_weekday_branch_operator' retrieved from /home/airflow/.local/lib/python3.12/site-packages/airflow/example_dags/example_branch_day_of_week_operator.py
[2024-11-11T19:43:57.596+0000] {logging_mixin.py:190} INFO - [2024-11-11T19:43:57.595+0000] {dag.py:3239} INFO - Sync 1 DAGs
[2024-11-11T19:43:57.644+0000] {logging_mixin.py:190} INFO - [2024-11-11T19:43:57.644+0000] {dag.py:4180} INFO - Setting next_dagrun for example_weekday_branch_operator to 2024-11-10 00:00:00+00:00, run_after=2024-11-11 00:00:00+00:00
[2024-11-11T19:43:57.693+0000] {processor.py:208} INFO - Processing /home/airflow/.local/lib/python3.12/site-packages/airflow/example_dags/example_branch_day_of_week_operator.py took 0.169 seconds
[2024-11-11T19:44:28.489+0000] {processor.py:186} INFO - Started process (PID=1953) to work on /home/airflow/.local/lib/python3.12/site-packages/airflow/example_dags/example_branch_day_of_week_operator.py
[2024-11-11T19:44:28.491+0000] {processor.py:914} INFO - Processing file /home/airflow/.local/lib/python3.12/site-packages/airflow/example_dags/example_branch_day_of_week_operator.py for tasks to queue
[2024-11-11T19:44:28.497+0000] {logging_mixin.py:190} INFO - [2024-11-11T19:44:28.496+0000] {dagbag.py:588} INFO - Filling up the DagBag from /home/airflow/.local/lib/python3.12/site-packages/airflow/example_dags/example_branch_day_of_week_operator.py
[2024-11-11T19:44:28.524+0000] {processor.py:925} INFO - DAG(s) 'example_weekday_branch_operator' retrieved from /home/airflow/.local/lib/python3.12/site-packages/airflow/example_dags/example_branch_day_of_week_operator.py
[2024-11-11T19:44:28.572+0000] {logging_mixin.py:190} INFO - [2024-11-11T19:44:28.571+0000] {dag.py:3239} INFO - Sync 1 DAGs
[2024-11-11T19:44:28.644+0000] {logging_mixin.py:190} INFO - [2024-11-11T19:44:28.642+0000] {dag.py:4180} INFO - Setting next_dagrun for example_weekday_branch_operator to 2024-11-10 00:00:00+00:00, run_after=2024-11-11 00:00:00+00:00
[2024-11-11T19:44:28.712+0000] {processor.py:208} INFO - Processing /home/airflow/.local/lib/python3.12/site-packages/airflow/example_dags/example_branch_day_of_week_operator.py took 0.244 seconds
[2024-11-11T19:44:59.772+0000] {processor.py:186} INFO - Started process (PID=2244) to work on /home/airflow/.local/lib/python3.12/site-packages/airflow/example_dags/example_branch_day_of_week_operator.py
[2024-11-11T19:44:59.777+0000] {processor.py:914} INFO - Processing file /home/airflow/.local/lib/python3.12/site-packages/airflow/example_dags/example_branch_day_of_week_operator.py for tasks to queue
[2024-11-11T19:44:59.786+0000] {logging_mixin.py:190} INFO - [2024-11-11T19:44:59.784+0000] {dagbag.py:588} INFO - Filling up the DagBag from /home/airflow/.local/lib/python3.12/site-packages/airflow/example_dags/example_branch_day_of_week_operator.py
[2024-11-11T19:44:59.830+0000] {processor.py:925} INFO - DAG(s) 'example_weekday_branch_operator' retrieved from /home/airflow/.local/lib/python3.12/site-packages/airflow/example_dags/example_branch_day_of_week_operator.py
[2024-11-11T19:44:59.922+0000] {logging_mixin.py:190} INFO - [2024-11-11T19:44:59.921+0000] {dag.py:3239} INFO - Sync 1 DAGs
[2024-11-11T19:44:59.984+0000] {logging_mixin.py:190} INFO - [2024-11-11T19:44:59.984+0000] {dag.py:4180} INFO - Setting next_dagrun for example_weekday_branch_operator to 2024-11-10 00:00:00+00:00, run_after=2024-11-11 00:00:00+00:00
[2024-11-11T19:45:00.019+0000] {processor.py:208} INFO - Processing /home/airflow/.local/lib/python3.12/site-packages/airflow/example_dags/example_branch_day_of_week_operator.py took 0.274 seconds
[2024-11-11T19:45:30.179+0000] {processor.py:186} INFO - Started process (PID=2534) to work on /home/airflow/.local/lib/python3.12/site-packages/airflow/example_dags/example_branch_day_of_week_operator.py
[2024-11-11T19:45:30.182+0000] {processor.py:914} INFO - Processing file /home/airflow/.local/lib/python3.12/site-packages/airflow/example_dags/example_branch_day_of_week_operator.py for tasks to queue
[2024-11-11T19:45:30.192+0000] {logging_mixin.py:190} INFO - [2024-11-11T19:45:30.191+0000] {dagbag.py:588} INFO - Filling up the DagBag from /home/airflow/.local/lib/python3.12/site-packages/airflow/example_dags/example_branch_day_of_week_operator.py
[2024-11-11T19:45:30.230+0000] {processor.py:925} INFO - DAG(s) 'example_weekday_branch_operator' retrieved from /home/airflow/.local/lib/python3.12/site-packages/airflow/example_dags/example_branch_day_of_week_operator.py
[2024-11-11T19:45:30.296+0000] {logging_mixin.py:190} INFO - [2024-11-11T19:45:30.295+0000] {dag.py:3239} INFO - Sync 1 DAGs
[2024-11-11T19:45:30.389+0000] {logging_mixin.py:190} INFO - [2024-11-11T19:45:30.389+0000] {dag.py:4180} INFO - Setting next_dagrun for example_weekday_branch_operator to 2024-11-10 00:00:00+00:00, run_after=2024-11-11 00:00:00+00:00
[2024-11-11T19:45:30.432+0000] {processor.py:208} INFO - Processing /home/airflow/.local/lib/python3.12/site-packages/airflow/example_dags/example_branch_day_of_week_operator.py took 0.289 seconds
[2024-11-11T19:46:03.185+0000] {processor.py:186} INFO - Started process (PID=2826) to work on /home/airflow/.local/lib/python3.12/site-packages/airflow/example_dags/example_branch_day_of_week_operator.py
[2024-11-11T19:46:03.187+0000] {processor.py:914} INFO - Processing file /home/airflow/.local/lib/python3.12/site-packages/airflow/example_dags/example_branch_day_of_week_operator.py for tasks to queue
[2024-11-11T19:46:03.195+0000] {logging_mixin.py:190} INFO - [2024-11-11T19:46:03.194+0000] {dagbag.py:588} INFO - Filling up the DagBag from /home/airflow/.local/lib/python3.12/site-packages/airflow/example_dags/example_branch_day_of_week_operator.py
[2024-11-11T19:46:03.225+0000] {processor.py:925} INFO - DAG(s) 'example_weekday_branch_operator' retrieved from /home/airflow/.local/lib/python3.12/site-packages/airflow/example_dags/example_branch_day_of_week_operator.py
[2024-11-11T19:46:03.284+0000] {logging_mixin.py:190} INFO - [2024-11-11T19:46:03.284+0000] {dag.py:3239} INFO - Sync 1 DAGs
[2024-11-11T19:46:03.358+0000] {logging_mixin.py:190} INFO - [2024-11-11T19:46:03.357+0000] {dag.py:4180} INFO - Setting next_dagrun for example_weekday_branch_operator to 2024-11-10 00:00:00+00:00, run_after=2024-11-11 00:00:00+00:00
[2024-11-11T19:46:03.411+0000] {processor.py:208} INFO - Processing /home/airflow/.local/lib/python3.12/site-packages/airflow/example_dags/example_branch_day_of_week_operator.py took 0.245 seconds
[2024-11-11T19:46:33.511+0000] {processor.py:186} INFO - Started process (PID=3077) to work on /home/airflow/.local/lib/python3.12/site-packages/airflow/example_dags/example_branch_day_of_week_operator.py
[2024-11-11T19:46:33.513+0000] {processor.py:914} INFO - Processing file /home/airflow/.local/lib/python3.12/site-packages/airflow/example_dags/example_branch_day_of_week_operator.py for tasks to queue
[2024-11-11T19:46:33.518+0000] {logging_mixin.py:190} INFO - [2024-11-11T19:46:33.518+0000] {dagbag.py:588} INFO - Filling up the DagBag from /home/airflow/.local/lib/python3.12/site-packages/airflow/example_dags/example_branch_day_of_week_operator.py
[2024-11-11T19:46:33.545+0000] {processor.py:925} INFO - DAG(s) 'example_weekday_branch_operator' retrieved from /home/airflow/.local/lib/python3.12/site-packages/airflow/example_dags/example_branch_day_of_week_operator.py
[2024-11-11T19:46:33.594+0000] {logging_mixin.py:190} INFO - [2024-11-11T19:46:33.593+0000] {dag.py:3239} INFO - Sync 1 DAGs
[2024-11-11T19:46:33.652+0000] {logging_mixin.py:190} INFO - [2024-11-11T19:46:33.652+0000] {dag.py:4180} INFO - Setting next_dagrun for example_weekday_branch_operator to 2024-11-10 00:00:00+00:00, run_after=2024-11-11 00:00:00+00:00
[2024-11-11T19:46:33.697+0000] {processor.py:208} INFO - Processing /home/airflow/.local/lib/python3.12/site-packages/airflow/example_dags/example_branch_day_of_week_operator.py took 0.201 seconds
[2024-11-11T19:47:04.842+0000] {processor.py:186} INFO - Started process (PID=3323) to work on /home/airflow/.local/lib/python3.12/site-packages/airflow/example_dags/example_branch_day_of_week_operator.py
[2024-11-11T19:47:04.846+0000] {processor.py:914} INFO - Processing file /home/airflow/.local/lib/python3.12/site-packages/airflow/example_dags/example_branch_day_of_week_operator.py for tasks to queue
[2024-11-11T19:47:04.857+0000] {logging_mixin.py:190} INFO - [2024-11-11T19:47:04.853+0000] {dagbag.py:588} INFO - Filling up the DagBag from /home/airflow/.local/lib/python3.12/site-packages/airflow/example_dags/example_branch_day_of_week_operator.py
[2024-11-11T19:47:04.906+0000] {processor.py:925} INFO - DAG(s) 'example_weekday_branch_operator' retrieved from /home/airflow/.local/lib/python3.12/site-packages/airflow/example_dags/example_branch_day_of_week_operator.py
[2024-11-11T19:47:04.980+0000] {logging_mixin.py:190} INFO - [2024-11-11T19:47:04.979+0000] {dag.py:3239} INFO - Sync 1 DAGs
[2024-11-11T19:47:05.068+0000] {logging_mixin.py:190} INFO - [2024-11-11T19:47:05.067+0000] {dag.py:4180} INFO - Setting next_dagrun for example_weekday_branch_operator to 2024-11-10 00:00:00+00:00, run_after=2024-11-11 00:00:00+00:00
[2024-11-11T19:47:05.120+0000] {processor.py:208} INFO - Processing /home/airflow/.local/lib/python3.12/site-packages/airflow/example_dags/example_branch_day_of_week_operator.py took 0.312 seconds
[2024-11-11T19:47:37.800+0000] {processor.py:186} INFO - Started process (PID=3615) to work on /home/airflow/.local/lib/python3.12/site-packages/airflow/example_dags/example_branch_day_of_week_operator.py
[2024-11-11T19:47:37.807+0000] {processor.py:914} INFO - Processing file /home/airflow/.local/lib/python3.12/site-packages/airflow/example_dags/example_branch_day_of_week_operator.py for tasks to queue
[2024-11-11T19:47:37.820+0000] {logging_mixin.py:190} INFO - [2024-11-11T19:47:37.818+0000] {dagbag.py:588} INFO - Filling up the DagBag from /home/airflow/.local/lib/python3.12/site-packages/airflow/example_dags/example_branch_day_of_week_operator.py
[2024-11-11T19:47:37.866+0000] {processor.py:925} INFO - DAG(s) 'example_weekday_branch_operator' retrieved from /home/airflow/.local/lib/python3.12/site-packages/airflow/example_dags/example_branch_day_of_week_operator.py
[2024-11-11T19:47:37.924+0000] {logging_mixin.py:190} INFO - [2024-11-11T19:47:37.923+0000] {dag.py:3239} INFO - Sync 1 DAGs
[2024-11-11T19:47:37.965+0000] {logging_mixin.py:190} INFO - [2024-11-11T19:47:37.965+0000] {dag.py:4180} INFO - Setting next_dagrun for example_weekday_branch_operator to 2024-11-10 00:00:00+00:00, run_after=2024-11-11 00:00:00+00:00
[2024-11-11T19:47:37.994+0000] {processor.py:208} INFO - Processing /home/airflow/.local/lib/python3.12/site-packages/airflow/example_dags/example_branch_day_of_week_operator.py took 0.228 seconds
[2024-11-11T19:48:08.735+0000] {processor.py:186} INFO - Started process (PID=3897) to work on /home/airflow/.local/lib/python3.12/site-packages/airflow/example_dags/example_branch_day_of_week_operator.py
[2024-11-11T19:48:08.738+0000] {processor.py:914} INFO - Processing file /home/airflow/.local/lib/python3.12/site-packages/airflow/example_dags/example_branch_day_of_week_operator.py for tasks to queue
[2024-11-11T19:48:08.744+0000] {logging_mixin.py:190} INFO - [2024-11-11T19:48:08.743+0000] {dagbag.py:588} INFO - Filling up the DagBag from /home/airflow/.local/lib/python3.12/site-packages/airflow/example_dags/example_branch_day_of_week_operator.py
[2024-11-11T19:48:08.792+0000] {processor.py:925} INFO - DAG(s) 'example_weekday_branch_operator' retrieved from /home/airflow/.local/lib/python3.12/site-packages/airflow/example_dags/example_branch_day_of_week_operator.py
[2024-11-11T19:48:08.887+0000] {logging_mixin.py:190} INFO - [2024-11-11T19:48:08.882+0000] {dag.py:3239} INFO - Sync 1 DAGs
[2024-11-11T19:48:09.073+0000] {logging_mixin.py:190} INFO - [2024-11-11T19:48:09.073+0000] {dag.py:4180} INFO - Setting next_dagrun for example_weekday_branch_operator to 2024-11-10 00:00:00+00:00, run_after=2024-11-11 00:00:00+00:00
[2024-11-11T19:48:09.132+0000] {processor.py:208} INFO - Processing /home/airflow/.local/lib/python3.12/site-packages/airflow/example_dags/example_branch_day_of_week_operator.py took 0.436 seconds
[2024-11-11T19:48:42.711+0000] {processor.py:186} INFO - Started process (PID=4190) to work on /home/airflow/.local/lib/python3.12/site-packages/airflow/example_dags/example_branch_day_of_week_operator.py
[2024-11-11T19:48:42.717+0000] {processor.py:914} INFO - Processing file /home/airflow/.local/lib/python3.12/site-packages/airflow/example_dags/example_branch_day_of_week_operator.py for tasks to queue
[2024-11-11T19:48:42.727+0000] {logging_mixin.py:190} INFO - [2024-11-11T19:48:42.726+0000] {dagbag.py:588} INFO - Filling up the DagBag from /home/airflow/.local/lib/python3.12/site-packages/airflow/example_dags/example_branch_day_of_week_operator.py
[2024-11-11T19:48:42.767+0000] {processor.py:925} INFO - DAG(s) 'example_weekday_branch_operator' retrieved from /home/airflow/.local/lib/python3.12/site-packages/airflow/example_dags/example_branch_day_of_week_operator.py
[2024-11-11T19:48:42.860+0000] {logging_mixin.py:190} INFO - [2024-11-11T19:48:42.859+0000] {dag.py:3239} INFO - Sync 1 DAGs
[2024-11-11T19:48:42.998+0000] {logging_mixin.py:190} INFO - [2024-11-11T19:48:42.996+0000] {dag.py:4180} INFO - Setting next_dagrun for example_weekday_branch_operator to 2024-11-10 00:00:00+00:00, run_after=2024-11-11 00:00:00+00:00
[2024-11-11T19:48:43.060+0000] {processor.py:208} INFO - Processing /home/airflow/.local/lib/python3.12/site-packages/airflow/example_dags/example_branch_day_of_week_operator.py took 0.375 seconds
[2024-11-11T19:49:14.856+0000] {processor.py:186} INFO - Started process (PID=4479) to work on /home/airflow/.local/lib/python3.12/site-packages/airflow/example_dags/example_branch_day_of_week_operator.py
[2024-11-11T19:49:14.859+0000] {processor.py:914} INFO - Processing file /home/airflow/.local/lib/python3.12/site-packages/airflow/example_dags/example_branch_day_of_week_operator.py for tasks to queue
[2024-11-11T19:49:14.867+0000] {logging_mixin.py:190} INFO - [2024-11-11T19:49:14.865+0000] {dagbag.py:588} INFO - Filling up the DagBag from /home/airflow/.local/lib/python3.12/site-packages/airflow/example_dags/example_branch_day_of_week_operator.py
[2024-11-11T19:49:14.908+0000] {processor.py:925} INFO - DAG(s) 'example_weekday_branch_operator' retrieved from /home/airflow/.local/lib/python3.12/site-packages/airflow/example_dags/example_branch_day_of_week_operator.py
[2024-11-11T19:49:14.975+0000] {logging_mixin.py:190} INFO - [2024-11-11T19:49:14.974+0000] {dag.py:3239} INFO - Sync 1 DAGs
[2024-11-11T19:49:15.026+0000] {logging_mixin.py:190} INFO - [2024-11-11T19:49:15.026+0000] {dag.py:4180} INFO - Setting next_dagrun for example_weekday_branch_operator to 2024-11-10 00:00:00+00:00, run_after=2024-11-11 00:00:00+00:00
[2024-11-11T19:49:15.061+0000] {processor.py:208} INFO - Processing /home/airflow/.local/lib/python3.12/site-packages/airflow/example_dags/example_branch_day_of_week_operator.py took 0.226 seconds
[2024-11-11T19:49:45.538+0000] {processor.py:186} INFO - Started process (PID=4765) to work on /home/airflow/.local/lib/python3.12/site-packages/airflow/example_dags/example_branch_day_of_week_operator.py
[2024-11-11T19:49:45.541+0000] {processor.py:914} INFO - Processing file /home/airflow/.local/lib/python3.12/site-packages/airflow/example_dags/example_branch_day_of_week_operator.py for tasks to queue
[2024-11-11T19:49:45.547+0000] {logging_mixin.py:190} INFO - [2024-11-11T19:49:45.546+0000] {dagbag.py:588} INFO - Filling up the DagBag from /home/airflow/.local/lib/python3.12/site-packages/airflow/example_dags/example_branch_day_of_week_operator.py
[2024-11-11T19:49:45.569+0000] {processor.py:925} INFO - DAG(s) 'example_weekday_branch_operator' retrieved from /home/airflow/.local/lib/python3.12/site-packages/airflow/example_dags/example_branch_day_of_week_operator.py
[2024-11-11T19:49:45.615+0000] {logging_mixin.py:190} INFO - [2024-11-11T19:49:45.614+0000] {dag.py:3239} INFO - Sync 1 DAGs
[2024-11-11T19:49:45.672+0000] {logging_mixin.py:190} INFO - [2024-11-11T19:49:45.672+0000] {dag.py:4180} INFO - Setting next_dagrun for example_weekday_branch_operator to 2024-11-10 00:00:00+00:00, run_after=2024-11-11 00:00:00+00:00
[2024-11-11T19:49:45.721+0000] {processor.py:208} INFO - Processing /home/airflow/.local/lib/python3.12/site-packages/airflow/example_dags/example_branch_day_of_week_operator.py took 0.196 seconds
[2024-11-11T19:50:16.200+0000] {processor.py:186} INFO - Started process (PID=5046) to work on /home/airflow/.local/lib/python3.12/site-packages/airflow/example_dags/example_branch_day_of_week_operator.py
[2024-11-11T19:50:16.202+0000] {processor.py:914} INFO - Processing file /home/airflow/.local/lib/python3.12/site-packages/airflow/example_dags/example_branch_day_of_week_operator.py for tasks to queue
[2024-11-11T19:50:16.210+0000] {logging_mixin.py:190} INFO - [2024-11-11T19:50:16.208+0000] {dagbag.py:588} INFO - Filling up the DagBag from /home/airflow/.local/lib/python3.12/site-packages/airflow/example_dags/example_branch_day_of_week_operator.py
[2024-11-11T19:50:16.234+0000] {processor.py:925} INFO - DAG(s) 'example_weekday_branch_operator' retrieved from /home/airflow/.local/lib/python3.12/site-packages/airflow/example_dags/example_branch_day_of_week_operator.py
[2024-11-11T19:50:16.278+0000] {logging_mixin.py:190} INFO - [2024-11-11T19:50:16.278+0000] {dag.py:3239} INFO - Sync 1 DAGs
[2024-11-11T19:50:16.334+0000] {logging_mixin.py:190} INFO - [2024-11-11T19:50:16.334+0000] {dag.py:4180} INFO - Setting next_dagrun for example_weekday_branch_operator to 2024-11-10 00:00:00+00:00, run_after=2024-11-11 00:00:00+00:00
[2024-11-11T19:50:16.408+0000] {processor.py:208} INFO - Processing /home/airflow/.local/lib/python3.12/site-packages/airflow/example_dags/example_branch_day_of_week_operator.py took 0.232 seconds
[2024-11-11T19:50:46.750+0000] {processor.py:186} INFO - Started process (PID=5337) to work on /home/airflow/.local/lib/python3.12/site-packages/airflow/example_dags/example_branch_day_of_week_operator.py
[2024-11-11T19:50:46.755+0000] {processor.py:914} INFO - Processing file /home/airflow/.local/lib/python3.12/site-packages/airflow/example_dags/example_branch_day_of_week_operator.py for tasks to queue
[2024-11-11T19:50:46.767+0000] {logging_mixin.py:190} INFO - [2024-11-11T19:50:46.765+0000] {dagbag.py:588} INFO - Filling up the DagBag from /home/airflow/.local/lib/python3.12/site-packages/airflow/example_dags/example_branch_day_of_week_operator.py
[2024-11-11T19:50:46.806+0000] {processor.py:925} INFO - DAG(s) 'example_weekday_branch_operator' retrieved from /home/airflow/.local/lib/python3.12/site-packages/airflow/example_dags/example_branch_day_of_week_operator.py
[2024-11-11T19:50:46.855+0000] {logging_mixin.py:190} INFO - [2024-11-11T19:50:46.854+0000] {dag.py:3239} INFO - Sync 1 DAGs
[2024-11-11T19:50:46.914+0000] {logging_mixin.py:190} INFO - [2024-11-11T19:50:46.914+0000] {dag.py:4180} INFO - Setting next_dagrun for example_weekday_branch_operator to 2024-11-10 00:00:00+00:00, run_after=2024-11-11 00:00:00+00:00
[2024-11-11T19:50:46.970+0000] {processor.py:208} INFO - Processing /home/airflow/.local/lib/python3.12/site-packages/airflow/example_dags/example_branch_day_of_week_operator.py took 0.248 seconds
[2024-11-11T19:51:17.685+0000] {processor.py:186} INFO - Started process (PID=5628) to work on /home/airflow/.local/lib/python3.12/site-packages/airflow/example_dags/example_branch_day_of_week_operator.py
[2024-11-11T19:51:17.687+0000] {processor.py:914} INFO - Processing file /home/airflow/.local/lib/python3.12/site-packages/airflow/example_dags/example_branch_day_of_week_operator.py for tasks to queue
[2024-11-11T19:51:17.690+0000] {logging_mixin.py:190} INFO - [2024-11-11T19:51:17.690+0000] {dagbag.py:588} INFO - Filling up the DagBag from /home/airflow/.local/lib/python3.12/site-packages/airflow/example_dags/example_branch_day_of_week_operator.py
[2024-11-11T19:51:17.707+0000] {processor.py:925} INFO - DAG(s) 'example_weekday_branch_operator' retrieved from /home/airflow/.local/lib/python3.12/site-packages/airflow/example_dags/example_branch_day_of_week_operator.py
[2024-11-11T19:51:17.748+0000] {logging_mixin.py:190} INFO - [2024-11-11T19:51:17.747+0000] {dag.py:3239} INFO - Sync 1 DAGs
[2024-11-11T19:51:17.803+0000] {logging_mixin.py:190} INFO - [2024-11-11T19:51:17.803+0000] {dag.py:4180} INFO - Setting next_dagrun for example_weekday_branch_operator to 2024-11-10 00:00:00+00:00, run_after=2024-11-11 00:00:00+00:00
[2024-11-11T19:51:17.838+0000] {processor.py:208} INFO - Processing /home/airflow/.local/lib/python3.12/site-packages/airflow/example_dags/example_branch_day_of_week_operator.py took 0.166 seconds
[2024-11-11T19:51:48.315+0000] {processor.py:186} INFO - Started process (PID=5920) to work on /home/airflow/.local/lib/python3.12/site-packages/airflow/example_dags/example_branch_day_of_week_operator.py
[2024-11-11T19:51:48.317+0000] {processor.py:914} INFO - Processing file /home/airflow/.local/lib/python3.12/site-packages/airflow/example_dags/example_branch_day_of_week_operator.py for tasks to queue
[2024-11-11T19:51:48.320+0000] {logging_mixin.py:190} INFO - [2024-11-11T19:51:48.320+0000] {dagbag.py:588} INFO - Filling up the DagBag from /home/airflow/.local/lib/python3.12/site-packages/airflow/example_dags/example_branch_day_of_week_operator.py
[2024-11-11T19:51:48.336+0000] {processor.py:925} INFO - DAG(s) 'example_weekday_branch_operator' retrieved from /home/airflow/.local/lib/python3.12/site-packages/airflow/example_dags/example_branch_day_of_week_operator.py
[2024-11-11T19:51:48.369+0000] {logging_mixin.py:190} INFO - [2024-11-11T19:51:48.368+0000] {dag.py:3239} INFO - Sync 1 DAGs
[2024-11-11T19:51:48.410+0000] {logging_mixin.py:190} INFO - [2024-11-11T19:51:48.409+0000] {dag.py:4180} INFO - Setting next_dagrun for example_weekday_branch_operator to 2024-11-10 00:00:00+00:00, run_after=2024-11-11 00:00:00+00:00
[2024-11-11T19:51:48.459+0000] {processor.py:208} INFO - Processing /home/airflow/.local/lib/python3.12/site-packages/airflow/example_dags/example_branch_day_of_week_operator.py took 0.155 seconds
[2024-11-11T19:52:18.655+0000] {processor.py:186} INFO - Started process (PID=6206) to work on /home/airflow/.local/lib/python3.12/site-packages/airflow/example_dags/example_branch_day_of_week_operator.py
[2024-11-11T19:52:18.657+0000] {processor.py:914} INFO - Processing file /home/airflow/.local/lib/python3.12/site-packages/airflow/example_dags/example_branch_day_of_week_operator.py for tasks to queue
[2024-11-11T19:52:18.663+0000] {logging_mixin.py:190} INFO - [2024-11-11T19:52:18.662+0000] {dagbag.py:588} INFO - Filling up the DagBag from /home/airflow/.local/lib/python3.12/site-packages/airflow/example_dags/example_branch_day_of_week_operator.py
[2024-11-11T19:52:18.685+0000] {processor.py:925} INFO - DAG(s) 'example_weekday_branch_operator' retrieved from /home/airflow/.local/lib/python3.12/site-packages/airflow/example_dags/example_branch_day_of_week_operator.py
[2024-11-11T19:52:18.750+0000] {logging_mixin.py:190} INFO - [2024-11-11T19:52:18.749+0000] {dag.py:3239} INFO - Sync 1 DAGs
[2024-11-11T19:52:18.813+0000] {logging_mixin.py:190} INFO - [2024-11-11T19:52:18.813+0000] {dag.py:4180} INFO - Setting next_dagrun for example_weekday_branch_operator to 2024-11-10 00:00:00+00:00, run_after=2024-11-11 00:00:00+00:00
[2024-11-11T19:52:18.855+0000] {processor.py:208} INFO - Processing /home/airflow/.local/lib/python3.12/site-packages/airflow/example_dags/example_branch_day_of_week_operator.py took 0.218 seconds
[2024-11-11T19:52:49.357+0000] {processor.py:186} INFO - Started process (PID=6497) to work on /home/airflow/.local/lib/python3.12/site-packages/airflow/example_dags/example_branch_day_of_week_operator.py
[2024-11-11T19:52:49.361+0000] {processor.py:914} INFO - Processing file /home/airflow/.local/lib/python3.12/site-packages/airflow/example_dags/example_branch_day_of_week_operator.py for tasks to queue
[2024-11-11T19:52:49.371+0000] {logging_mixin.py:190} INFO - [2024-11-11T19:52:49.370+0000] {dagbag.py:588} INFO - Filling up the DagBag from /home/airflow/.local/lib/python3.12/site-packages/airflow/example_dags/example_branch_day_of_week_operator.py
[2024-11-11T19:52:49.444+0000] {processor.py:925} INFO - DAG(s) 'example_weekday_branch_operator' retrieved from /home/airflow/.local/lib/python3.12/site-packages/airflow/example_dags/example_branch_day_of_week_operator.py
[2024-11-11T19:52:49.581+0000] {logging_mixin.py:190} INFO - [2024-11-11T19:52:49.580+0000] {dag.py:3239} INFO - Sync 1 DAGs
[2024-11-11T19:52:49.662+0000] {logging_mixin.py:190} INFO - [2024-11-11T19:52:49.662+0000] {dag.py:4180} INFO - Setting next_dagrun for example_weekday_branch_operator to 2024-11-10 00:00:00+00:00, run_after=2024-11-11 00:00:00+00:00
[2024-11-11T19:52:49.694+0000] {processor.py:208} INFO - Processing /home/airflow/.local/lib/python3.12/site-packages/airflow/example_dags/example_branch_day_of_week_operator.py took 0.369 seconds
[2024-11-11T19:53:19.792+0000] {processor.py:186} INFO - Started process (PID=6788) to work on /home/airflow/.local/lib/python3.12/site-packages/airflow/example_dags/example_branch_day_of_week_operator.py
[2024-11-11T19:53:19.795+0000] {processor.py:914} INFO - Processing file /home/airflow/.local/lib/python3.12/site-packages/airflow/example_dags/example_branch_day_of_week_operator.py for tasks to queue
[2024-11-11T19:53:19.799+0000] {logging_mixin.py:190} INFO - [2024-11-11T19:53:19.799+0000] {dagbag.py:588} INFO - Filling up the DagBag from /home/airflow/.local/lib/python3.12/site-packages/airflow/example_dags/example_branch_day_of_week_operator.py
[2024-11-11T19:53:19.828+0000] {processor.py:925} INFO - DAG(s) 'example_weekday_branch_operator' retrieved from /home/airflow/.local/lib/python3.12/site-packages/airflow/example_dags/example_branch_day_of_week_operator.py
[2024-11-11T19:53:19.877+0000] {logging_mixin.py:190} INFO - [2024-11-11T19:53:19.877+0000] {dag.py:3239} INFO - Sync 1 DAGs
[2024-11-11T19:53:19.956+0000] {logging_mixin.py:190} INFO - [2024-11-11T19:53:19.955+0000] {dag.py:4180} INFO - Setting next_dagrun for example_weekday_branch_operator to 2024-11-10 00:00:00+00:00, run_after=2024-11-11 00:00:00+00:00
[2024-11-11T19:53:19.999+0000] {processor.py:208} INFO - Processing /home/airflow/.local/lib/python3.12/site-packages/airflow/example_dags/example_branch_day_of_week_operator.py took 0.231 seconds
[2024-11-11T19:53:50.520+0000] {processor.py:186} INFO - Started process (PID=7079) to work on /home/airflow/.local/lib/python3.12/site-packages/airflow/example_dags/example_branch_day_of_week_operator.py
[2024-11-11T19:53:50.525+0000] {processor.py:914} INFO - Processing file /home/airflow/.local/lib/python3.12/site-packages/airflow/example_dags/example_branch_day_of_week_operator.py for tasks to queue
[2024-11-11T19:53:50.534+0000] {logging_mixin.py:190} INFO - [2024-11-11T19:53:50.533+0000] {dagbag.py:588} INFO - Filling up the DagBag from /home/airflow/.local/lib/python3.12/site-packages/airflow/example_dags/example_branch_day_of_week_operator.py
[2024-11-11T19:53:50.570+0000] {processor.py:925} INFO - DAG(s) 'example_weekday_branch_operator' retrieved from /home/airflow/.local/lib/python3.12/site-packages/airflow/example_dags/example_branch_day_of_week_operator.py
[2024-11-11T19:53:50.633+0000] {logging_mixin.py:190} INFO - [2024-11-11T19:53:50.632+0000] {dag.py:3239} INFO - Sync 1 DAGs
[2024-11-11T19:53:50.705+0000] {logging_mixin.py:190} INFO - [2024-11-11T19:53:50.705+0000] {dag.py:4180} INFO - Setting next_dagrun for example_weekday_branch_operator to 2024-11-10 00:00:00+00:00, run_after=2024-11-11 00:00:00+00:00
[2024-11-11T19:53:50.767+0000] {processor.py:208} INFO - Processing /home/airflow/.local/lib/python3.12/site-packages/airflow/example_dags/example_branch_day_of_week_operator.py took 0.278 seconds
[2024-11-11T19:54:20.908+0000] {processor.py:186} INFO - Started process (PID=7370) to work on /home/airflow/.local/lib/python3.12/site-packages/airflow/example_dags/example_branch_day_of_week_operator.py
[2024-11-11T19:54:20.910+0000] {processor.py:914} INFO - Processing file /home/airflow/.local/lib/python3.12/site-packages/airflow/example_dags/example_branch_day_of_week_operator.py for tasks to queue
[2024-11-11T19:54:20.914+0000] {logging_mixin.py:190} INFO - [2024-11-11T19:54:20.914+0000] {dagbag.py:588} INFO - Filling up the DagBag from /home/airflow/.local/lib/python3.12/site-packages/airflow/example_dags/example_branch_day_of_week_operator.py
[2024-11-11T19:54:20.932+0000] {processor.py:925} INFO - DAG(s) 'example_weekday_branch_operator' retrieved from /home/airflow/.local/lib/python3.12/site-packages/airflow/example_dags/example_branch_day_of_week_operator.py
[2024-11-11T19:54:20.978+0000] {logging_mixin.py:190} INFO - [2024-11-11T19:54:20.977+0000] {dag.py:3239} INFO - Sync 1 DAGs
[2024-11-11T19:54:21.060+0000] {logging_mixin.py:190} INFO - [2024-11-11T19:54:21.059+0000] {dag.py:4180} INFO - Setting next_dagrun for example_weekday_branch_operator to 2024-11-10 00:00:00+00:00, run_after=2024-11-11 00:00:00+00:00
[2024-11-11T19:54:21.093+0000] {processor.py:208} INFO - Processing /home/airflow/.local/lib/python3.12/site-packages/airflow/example_dags/example_branch_day_of_week_operator.py took 0.197 seconds
[2024-11-11T19:54:51.615+0000] {processor.py:186} INFO - Started process (PID=7663) to work on /home/airflow/.local/lib/python3.12/site-packages/airflow/example_dags/example_branch_day_of_week_operator.py
[2024-11-11T19:54:51.617+0000] {processor.py:914} INFO - Processing file /home/airflow/.local/lib/python3.12/site-packages/airflow/example_dags/example_branch_day_of_week_operator.py for tasks to queue
[2024-11-11T19:54:51.622+0000] {logging_mixin.py:190} INFO - [2024-11-11T19:54:51.621+0000] {dagbag.py:588} INFO - Filling up the DagBag from /home/airflow/.local/lib/python3.12/site-packages/airflow/example_dags/example_branch_day_of_week_operator.py
[2024-11-11T19:54:51.641+0000] {processor.py:925} INFO - DAG(s) 'example_weekday_branch_operator' retrieved from /home/airflow/.local/lib/python3.12/site-packages/airflow/example_dags/example_branch_day_of_week_operator.py
[2024-11-11T19:54:51.685+0000] {logging_mixin.py:190} INFO - [2024-11-11T19:54:51.684+0000] {dag.py:3239} INFO - Sync 1 DAGs
[2024-11-11T19:54:51.740+0000] {logging_mixin.py:190} INFO - [2024-11-11T19:54:51.740+0000] {dag.py:4180} INFO - Setting next_dagrun for example_weekday_branch_operator to 2024-11-10 00:00:00+00:00, run_after=2024-11-11 00:00:00+00:00
[2024-11-11T19:54:51.780+0000] {processor.py:208} INFO - Processing /home/airflow/.local/lib/python3.12/site-packages/airflow/example_dags/example_branch_day_of_week_operator.py took 0.178 seconds
[2024-11-11T19:55:22.490+0000] {processor.py:186} INFO - Started process (PID=7948) to work on /home/airflow/.local/lib/python3.12/site-packages/airflow/example_dags/example_branch_day_of_week_operator.py
[2024-11-11T19:55:22.501+0000] {processor.py:914} INFO - Processing file /home/airflow/.local/lib/python3.12/site-packages/airflow/example_dags/example_branch_day_of_week_operator.py for tasks to queue
[2024-11-11T19:55:22.522+0000] {logging_mixin.py:190} INFO - [2024-11-11T19:55:22.520+0000] {dagbag.py:588} INFO - Filling up the DagBag from /home/airflow/.local/lib/python3.12/site-packages/airflow/example_dags/example_branch_day_of_week_operator.py
[2024-11-11T19:55:22.580+0000] {processor.py:925} INFO - DAG(s) 'example_weekday_branch_operator' retrieved from /home/airflow/.local/lib/python3.12/site-packages/airflow/example_dags/example_branch_day_of_week_operator.py
[2024-11-11T19:55:22.626+0000] {logging_mixin.py:190} INFO - [2024-11-11T19:55:22.626+0000] {dag.py:3239} INFO - Sync 1 DAGs
[2024-11-11T19:55:22.686+0000] {logging_mixin.py:190} INFO - [2024-11-11T19:55:22.685+0000] {dag.py:4180} INFO - Setting next_dagrun for example_weekday_branch_operator to 2024-11-10 00:00:00+00:00, run_after=2024-11-11 00:00:00+00:00
[2024-11-11T19:55:22.737+0000] {processor.py:208} INFO - Processing /home/airflow/.local/lib/python3.12/site-packages/airflow/example_dags/example_branch_day_of_week_operator.py took 0.302 seconds
[2024-11-11T19:55:53.469+0000] {processor.py:186} INFO - Started process (PID=8240) to work on /home/airflow/.local/lib/python3.12/site-packages/airflow/example_dags/example_branch_day_of_week_operator.py
[2024-11-11T19:55:53.471+0000] {processor.py:914} INFO - Processing file /home/airflow/.local/lib/python3.12/site-packages/airflow/example_dags/example_branch_day_of_week_operator.py for tasks to queue
[2024-11-11T19:55:53.474+0000] {logging_mixin.py:190} INFO - [2024-11-11T19:55:53.474+0000] {dagbag.py:588} INFO - Filling up the DagBag from /home/airflow/.local/lib/python3.12/site-packages/airflow/example_dags/example_branch_day_of_week_operator.py
[2024-11-11T19:55:53.490+0000] {processor.py:925} INFO - DAG(s) 'example_weekday_branch_operator' retrieved from /home/airflow/.local/lib/python3.12/site-packages/airflow/example_dags/example_branch_day_of_week_operator.py
[2024-11-11T19:55:53.523+0000] {logging_mixin.py:190} INFO - [2024-11-11T19:55:53.522+0000] {dag.py:3239} INFO - Sync 1 DAGs
[2024-11-11T19:55:53.562+0000] {logging_mixin.py:190} INFO - [2024-11-11T19:55:53.561+0000] {dag.py:4180} INFO - Setting next_dagrun for example_weekday_branch_operator to 2024-11-10 00:00:00+00:00, run_after=2024-11-11 00:00:00+00:00
[2024-11-11T19:55:53.592+0000] {processor.py:208} INFO - Processing /home/airflow/.local/lib/python3.12/site-packages/airflow/example_dags/example_branch_day_of_week_operator.py took 0.136 seconds
[2024-11-11T19:56:23.775+0000] {processor.py:186} INFO - Started process (PID=8532) to work on /home/airflow/.local/lib/python3.12/site-packages/airflow/example_dags/example_branch_day_of_week_operator.py
[2024-11-11T19:56:23.777+0000] {processor.py:914} INFO - Processing file /home/airflow/.local/lib/python3.12/site-packages/airflow/example_dags/example_branch_day_of_week_operator.py for tasks to queue
[2024-11-11T19:56:23.782+0000] {logging_mixin.py:190} INFO - [2024-11-11T19:56:23.781+0000] {dagbag.py:588} INFO - Filling up the DagBag from /home/airflow/.local/lib/python3.12/site-packages/airflow/example_dags/example_branch_day_of_week_operator.py
[2024-11-11T19:56:23.805+0000] {processor.py:925} INFO - DAG(s) 'example_weekday_branch_operator' retrieved from /home/airflow/.local/lib/python3.12/site-packages/airflow/example_dags/example_branch_day_of_week_operator.py
[2024-11-11T19:56:23.848+0000] {logging_mixin.py:190} INFO - [2024-11-11T19:56:23.848+0000] {dag.py:3239} INFO - Sync 1 DAGs
[2024-11-11T19:56:23.894+0000] {logging_mixin.py:190} INFO - [2024-11-11T19:56:23.893+0000] {dag.py:4180} INFO - Setting next_dagrun for example_weekday_branch_operator to 2024-11-10 00:00:00+00:00, run_after=2024-11-11 00:00:00+00:00
[2024-11-11T19:56:23.931+0000] {processor.py:208} INFO - Processing /home/airflow/.local/lib/python3.12/site-packages/airflow/example_dags/example_branch_day_of_week_operator.py took 0.172 seconds
[2024-11-11T19:56:54.857+0000] {processor.py:186} INFO - Started process (PID=8825) to work on /home/airflow/.local/lib/python3.12/site-packages/airflow/example_dags/example_branch_day_of_week_operator.py
[2024-11-11T19:56:54.860+0000] {processor.py:914} INFO - Processing file /home/airflow/.local/lib/python3.12/site-packages/airflow/example_dags/example_branch_day_of_week_operator.py for tasks to queue
[2024-11-11T19:56:54.865+0000] {logging_mixin.py:190} INFO - [2024-11-11T19:56:54.864+0000] {dagbag.py:588} INFO - Filling up the DagBag from /home/airflow/.local/lib/python3.12/site-packages/airflow/example_dags/example_branch_day_of_week_operator.py
[2024-11-11T19:56:54.884+0000] {processor.py:925} INFO - DAG(s) 'example_weekday_branch_operator' retrieved from /home/airflow/.local/lib/python3.12/site-packages/airflow/example_dags/example_branch_day_of_week_operator.py
[2024-11-11T19:56:54.927+0000] {logging_mixin.py:190} INFO - [2024-11-11T19:56:54.927+0000] {dag.py:3239} INFO - Sync 1 DAGs
[2024-11-11T19:56:54.974+0000] {logging_mixin.py:190} INFO - [2024-11-11T19:56:54.973+0000] {dag.py:4180} INFO - Setting next_dagrun for example_weekday_branch_operator to 2024-11-10 00:00:00+00:00, run_after=2024-11-11 00:00:00+00:00
[2024-11-11T19:56:55.025+0000] {processor.py:208} INFO - Processing /home/airflow/.local/lib/python3.12/site-packages/airflow/example_dags/example_branch_day_of_week_operator.py took 0.180 seconds
[2024-11-11T19:57:25.572+0000] {processor.py:186} INFO - Started process (PID=9109) to work on /home/airflow/.local/lib/python3.12/site-packages/airflow/example_dags/example_branch_day_of_week_operator.py
[2024-11-11T19:57:25.577+0000] {processor.py:914} INFO - Processing file /home/airflow/.local/lib/python3.12/site-packages/airflow/example_dags/example_branch_day_of_week_operator.py for tasks to queue
[2024-11-11T19:57:25.588+0000] {logging_mixin.py:190} INFO - [2024-11-11T19:57:25.587+0000] {dagbag.py:588} INFO - Filling up the DagBag from /home/airflow/.local/lib/python3.12/site-packages/airflow/example_dags/example_branch_day_of_week_operator.py
[2024-11-11T19:57:25.622+0000] {processor.py:925} INFO - DAG(s) 'example_weekday_branch_operator' retrieved from /home/airflow/.local/lib/python3.12/site-packages/airflow/example_dags/example_branch_day_of_week_operator.py
[2024-11-11T19:57:25.673+0000] {logging_mixin.py:190} INFO - [2024-11-11T19:57:25.673+0000] {dag.py:3239} INFO - Sync 1 DAGs
[2024-11-11T19:57:25.742+0000] {logging_mixin.py:190} INFO - [2024-11-11T19:57:25.741+0000] {dag.py:4180} INFO - Setting next_dagrun for example_weekday_branch_operator to 2024-11-10 00:00:00+00:00, run_after=2024-11-11 00:00:00+00:00
[2024-11-11T19:57:25.795+0000] {processor.py:208} INFO - Processing /home/airflow/.local/lib/python3.12/site-packages/airflow/example_dags/example_branch_day_of_week_operator.py took 0.251 seconds
[2024-11-11T19:57:56.200+0000] {processor.py:186} INFO - Started process (PID=9400) to work on /home/airflow/.local/lib/python3.12/site-packages/airflow/example_dags/example_branch_day_of_week_operator.py
[2024-11-11T19:57:56.202+0000] {processor.py:914} INFO - Processing file /home/airflow/.local/lib/python3.12/site-packages/airflow/example_dags/example_branch_day_of_week_operator.py for tasks to queue
[2024-11-11T19:57:56.207+0000] {logging_mixin.py:190} INFO - [2024-11-11T19:57:56.206+0000] {dagbag.py:588} INFO - Filling up the DagBag from /home/airflow/.local/lib/python3.12/site-packages/airflow/example_dags/example_branch_day_of_week_operator.py
[2024-11-11T19:57:56.236+0000] {processor.py:925} INFO - DAG(s) 'example_weekday_branch_operator' retrieved from /home/airflow/.local/lib/python3.12/site-packages/airflow/example_dags/example_branch_day_of_week_operator.py
[2024-11-11T19:57:56.281+0000] {logging_mixin.py:190} INFO - [2024-11-11T19:57:56.281+0000] {dag.py:3239} INFO - Sync 1 DAGs
[2024-11-11T19:57:56.338+0000] {logging_mixin.py:190} INFO - [2024-11-11T19:57:56.338+0000] {dag.py:4180} INFO - Setting next_dagrun for example_weekday_branch_operator to 2024-11-10 00:00:00+00:00, run_after=2024-11-11 00:00:00+00:00
[2024-11-11T19:57:56.369+0000] {processor.py:208} INFO - Processing /home/airflow/.local/lib/python3.12/site-packages/airflow/example_dags/example_branch_day_of_week_operator.py took 0.189 seconds
[2024-11-11T19:58:26.646+0000] {processor.py:186} INFO - Started process (PID=9691) to work on /home/airflow/.local/lib/python3.12/site-packages/airflow/example_dags/example_branch_day_of_week_operator.py
[2024-11-11T19:58:26.648+0000] {processor.py:914} INFO - Processing file /home/airflow/.local/lib/python3.12/site-packages/airflow/example_dags/example_branch_day_of_week_operator.py for tasks to queue
[2024-11-11T19:58:26.652+0000] {logging_mixin.py:190} INFO - [2024-11-11T19:58:26.651+0000] {dagbag.py:588} INFO - Filling up the DagBag from /home/airflow/.local/lib/python3.12/site-packages/airflow/example_dags/example_branch_day_of_week_operator.py
[2024-11-11T19:58:26.671+0000] {processor.py:925} INFO - DAG(s) 'example_weekday_branch_operator' retrieved from /home/airflow/.local/lib/python3.12/site-packages/airflow/example_dags/example_branch_day_of_week_operator.py
[2024-11-11T19:58:26.710+0000] {logging_mixin.py:190} INFO - [2024-11-11T19:58:26.710+0000] {dag.py:3239} INFO - Sync 1 DAGs
[2024-11-11T19:58:26.757+0000] {logging_mixin.py:190} INFO - [2024-11-11T19:58:26.757+0000] {dag.py:4180} INFO - Setting next_dagrun for example_weekday_branch_operator to 2024-11-10 00:00:00+00:00, run_after=2024-11-11 00:00:00+00:00
[2024-11-11T19:58:26.800+0000] {processor.py:208} INFO - Processing /home/airflow/.local/lib/python3.12/site-packages/airflow/example_dags/example_branch_day_of_week_operator.py took 0.171 seconds
[2024-11-11T19:58:57.185+0000] {processor.py:186} INFO - Started process (PID=9982) to work on /home/airflow/.local/lib/python3.12/site-packages/airflow/example_dags/example_branch_day_of_week_operator.py
[2024-11-11T19:58:57.188+0000] {processor.py:914} INFO - Processing file /home/airflow/.local/lib/python3.12/site-packages/airflow/example_dags/example_branch_day_of_week_operator.py for tasks to queue
[2024-11-11T19:58:57.193+0000] {logging_mixin.py:190} INFO - [2024-11-11T19:58:57.192+0000] {dagbag.py:588} INFO - Filling up the DagBag from /home/airflow/.local/lib/python3.12/site-packages/airflow/example_dags/example_branch_day_of_week_operator.py
[2024-11-11T19:58:57.222+0000] {processor.py:925} INFO - DAG(s) 'example_weekday_branch_operator' retrieved from /home/airflow/.local/lib/python3.12/site-packages/airflow/example_dags/example_branch_day_of_week_operator.py
[2024-11-11T19:58:57.288+0000] {logging_mixin.py:190} INFO - [2024-11-11T19:58:57.288+0000] {dag.py:3239} INFO - Sync 1 DAGs
[2024-11-11T19:58:57.358+0000] {logging_mixin.py:190} INFO - [2024-11-11T19:58:57.357+0000] {dag.py:4180} INFO - Setting next_dagrun for example_weekday_branch_operator to 2024-11-10 00:00:00+00:00, run_after=2024-11-11 00:00:00+00:00
[2024-11-11T19:58:57.395+0000] {processor.py:208} INFO - Processing /home/airflow/.local/lib/python3.12/site-packages/airflow/example_dags/example_branch_day_of_week_operator.py took 0.229 seconds
[2024-11-11T19:59:27.616+0000] {processor.py:186} INFO - Started process (PID=10268) to work on /home/airflow/.local/lib/python3.12/site-packages/airflow/example_dags/example_branch_day_of_week_operator.py
[2024-11-11T19:59:27.623+0000] {processor.py:914} INFO - Processing file /home/airflow/.local/lib/python3.12/site-packages/airflow/example_dags/example_branch_day_of_week_operator.py for tasks to queue
[2024-11-11T19:59:27.633+0000] {logging_mixin.py:190} INFO - [2024-11-11T19:59:27.632+0000] {dagbag.py:588} INFO - Filling up the DagBag from /home/airflow/.local/lib/python3.12/site-packages/airflow/example_dags/example_branch_day_of_week_operator.py
[2024-11-11T19:59:27.682+0000] {processor.py:925} INFO - DAG(s) 'example_weekday_branch_operator' retrieved from /home/airflow/.local/lib/python3.12/site-packages/airflow/example_dags/example_branch_day_of_week_operator.py
[2024-11-11T19:59:27.772+0000] {logging_mixin.py:190} INFO - [2024-11-11T19:59:27.772+0000] {dag.py:3239} INFO - Sync 1 DAGs
[2024-11-11T19:59:27.882+0000] {logging_mixin.py:190} INFO - [2024-11-11T19:59:27.881+0000] {dag.py:4180} INFO - Setting next_dagrun for example_weekday_branch_operator to 2024-11-10 00:00:00+00:00, run_after=2024-11-11 00:00:00+00:00
[2024-11-11T19:59:27.970+0000] {processor.py:208} INFO - Processing /home/airflow/.local/lib/python3.12/site-packages/airflow/example_dags/example_branch_day_of_week_operator.py took 0.379 seconds
[2024-11-11T19:59:58.226+0000] {processor.py:186} INFO - Started process (PID=10559) to work on /home/airflow/.local/lib/python3.12/site-packages/airflow/example_dags/example_branch_day_of_week_operator.py
[2024-11-11T19:59:58.234+0000] {processor.py:914} INFO - Processing file /home/airflow/.local/lib/python3.12/site-packages/airflow/example_dags/example_branch_day_of_week_operator.py for tasks to queue
[2024-11-11T19:59:58.244+0000] {logging_mixin.py:190} INFO - [2024-11-11T19:59:58.243+0000] {dagbag.py:588} INFO - Filling up the DagBag from /home/airflow/.local/lib/python3.12/site-packages/airflow/example_dags/example_branch_day_of_week_operator.py
[2024-11-11T19:59:58.304+0000] {processor.py:925} INFO - DAG(s) 'example_weekday_branch_operator' retrieved from /home/airflow/.local/lib/python3.12/site-packages/airflow/example_dags/example_branch_day_of_week_operator.py
[2024-11-11T19:59:58.398+0000] {logging_mixin.py:190} INFO - [2024-11-11T19:59:58.397+0000] {dag.py:3239} INFO - Sync 1 DAGs
[2024-11-11T19:59:58.539+0000] {logging_mixin.py:190} INFO - [2024-11-11T19:59:58.538+0000] {dag.py:4180} INFO - Setting next_dagrun for example_weekday_branch_operator to 2024-11-10 00:00:00+00:00, run_after=2024-11-11 00:00:00+00:00
[2024-11-11T19:59:58.689+0000] {processor.py:208} INFO - Processing /home/airflow/.local/lib/python3.12/site-packages/airflow/example_dags/example_branch_day_of_week_operator.py took 0.496 seconds
[2024-11-11T20:00:29.145+0000] {processor.py:186} INFO - Started process (PID=10850) to work on /home/airflow/.local/lib/python3.12/site-packages/airflow/example_dags/example_branch_day_of_week_operator.py
[2024-11-11T20:00:29.148+0000] {processor.py:914} INFO - Processing file /home/airflow/.local/lib/python3.12/site-packages/airflow/example_dags/example_branch_day_of_week_operator.py for tasks to queue
[2024-11-11T20:00:29.161+0000] {logging_mixin.py:190} INFO - [2024-11-11T20:00:29.160+0000] {dagbag.py:588} INFO - Filling up the DagBag from /home/airflow/.local/lib/python3.12/site-packages/airflow/example_dags/example_branch_day_of_week_operator.py
[2024-11-11T20:00:29.192+0000] {processor.py:925} INFO - DAG(s) 'example_weekday_branch_operator' retrieved from /home/airflow/.local/lib/python3.12/site-packages/airflow/example_dags/example_branch_day_of_week_operator.py
[2024-11-11T20:00:29.278+0000] {logging_mixin.py:190} INFO - [2024-11-11T20:00:29.277+0000] {dag.py:3239} INFO - Sync 1 DAGs
[2024-11-11T20:00:29.339+0000] {logging_mixin.py:190} INFO - [2024-11-11T20:00:29.338+0000] {dag.py:4180} INFO - Setting next_dagrun for example_weekday_branch_operator to 2024-11-10 00:00:00+00:00, run_after=2024-11-11 00:00:00+00:00
[2024-11-11T20:00:29.380+0000] {processor.py:208} INFO - Processing /home/airflow/.local/lib/python3.12/site-packages/airflow/example_dags/example_branch_day_of_week_operator.py took 0.257 seconds
[2024-11-11T20:01:00.058+0000] {processor.py:186} INFO - Started process (PID=11141) to work on /home/airflow/.local/lib/python3.12/site-packages/airflow/example_dags/example_branch_day_of_week_operator.py
[2024-11-11T20:01:00.063+0000] {processor.py:914} INFO - Processing file /home/airflow/.local/lib/python3.12/site-packages/airflow/example_dags/example_branch_day_of_week_operator.py for tasks to queue
[2024-11-11T20:01:00.074+0000] {logging_mixin.py:190} INFO - [2024-11-11T20:01:00.072+0000] {dagbag.py:588} INFO - Filling up the DagBag from /home/airflow/.local/lib/python3.12/site-packages/airflow/example_dags/example_branch_day_of_week_operator.py
[2024-11-11T20:01:00.115+0000] {processor.py:925} INFO - DAG(s) 'example_weekday_branch_operator' retrieved from /home/airflow/.local/lib/python3.12/site-packages/airflow/example_dags/example_branch_day_of_week_operator.py
[2024-11-11T20:01:00.201+0000] {logging_mixin.py:190} INFO - [2024-11-11T20:01:00.201+0000] {dag.py:3239} INFO - Sync 1 DAGs
[2024-11-11T20:01:00.336+0000] {logging_mixin.py:190} INFO - [2024-11-11T20:01:00.335+0000] {dag.py:4180} INFO - Setting next_dagrun for example_weekday_branch_operator to 2024-11-10 00:00:00+00:00, run_after=2024-11-11 00:00:00+00:00
[2024-11-11T20:01:00.398+0000] {processor.py:208} INFO - Processing /home/airflow/.local/lib/python3.12/site-packages/airflow/example_dags/example_branch_day_of_week_operator.py took 0.371 seconds
[2024-11-11T20:01:30.838+0000] {processor.py:186} INFO - Started process (PID=11432) to work on /home/airflow/.local/lib/python3.12/site-packages/airflow/example_dags/example_branch_day_of_week_operator.py
[2024-11-11T20:01:30.845+0000] {processor.py:914} INFO - Processing file /home/airflow/.local/lib/python3.12/site-packages/airflow/example_dags/example_branch_day_of_week_operator.py for tasks to queue
[2024-11-11T20:01:30.851+0000] {logging_mixin.py:190} INFO - [2024-11-11T20:01:30.850+0000] {dagbag.py:588} INFO - Filling up the DagBag from /home/airflow/.local/lib/python3.12/site-packages/airflow/example_dags/example_branch_day_of_week_operator.py
[2024-11-11T20:01:30.905+0000] {processor.py:925} INFO - DAG(s) 'example_weekday_branch_operator' retrieved from /home/airflow/.local/lib/python3.12/site-packages/airflow/example_dags/example_branch_day_of_week_operator.py
[2024-11-11T20:01:30.993+0000] {logging_mixin.py:190} INFO - [2024-11-11T20:01:30.992+0000] {dag.py:3239} INFO - Sync 1 DAGs
[2024-11-11T20:01:31.088+0000] {logging_mixin.py:190} INFO - [2024-11-11T20:01:31.088+0000] {dag.py:4180} INFO - Setting next_dagrun for example_weekday_branch_operator to 2024-11-10 00:00:00+00:00, run_after=2024-11-11 00:00:00+00:00
[2024-11-11T20:01:31.144+0000] {processor.py:208} INFO - Processing /home/airflow/.local/lib/python3.12/site-packages/airflow/example_dags/example_branch_day_of_week_operator.py took 0.325 seconds
[2024-11-11T20:02:01.622+0000] {processor.py:186} INFO - Started process (PID=11719) to work on /home/airflow/.local/lib/python3.12/site-packages/airflow/example_dags/example_branch_day_of_week_operator.py
[2024-11-11T20:02:01.627+0000] {processor.py:914} INFO - Processing file /home/airflow/.local/lib/python3.12/site-packages/airflow/example_dags/example_branch_day_of_week_operator.py for tasks to queue
[2024-11-11T20:02:01.634+0000] {logging_mixin.py:190} INFO - [2024-11-11T20:02:01.633+0000] {dagbag.py:588} INFO - Filling up the DagBag from /home/airflow/.local/lib/python3.12/site-packages/airflow/example_dags/example_branch_day_of_week_operator.py
[2024-11-11T20:02:01.679+0000] {processor.py:925} INFO - DAG(s) 'example_weekday_branch_operator' retrieved from /home/airflow/.local/lib/python3.12/site-packages/airflow/example_dags/example_branch_day_of_week_operator.py
[2024-11-11T20:02:01.813+0000] {logging_mixin.py:190} INFO - [2024-11-11T20:02:01.812+0000] {dag.py:3239} INFO - Sync 1 DAGs
[2024-11-11T20:02:01.911+0000] {logging_mixin.py:190} INFO - [2024-11-11T20:02:01.910+0000] {dag.py:4180} INFO - Setting next_dagrun for example_weekday_branch_operator to 2024-11-10 00:00:00+00:00, run_after=2024-11-11 00:00:00+00:00
[2024-11-11T20:02:01.971+0000] {processor.py:208} INFO - Processing /home/airflow/.local/lib/python3.12/site-packages/airflow/example_dags/example_branch_day_of_week_operator.py took 0.378 seconds
[2024-11-11T20:02:32.581+0000] {processor.py:186} INFO - Started process (PID=12010) to work on /home/airflow/.local/lib/python3.12/site-packages/airflow/example_dags/example_branch_day_of_week_operator.py
[2024-11-11T20:02:32.583+0000] {processor.py:914} INFO - Processing file /home/airflow/.local/lib/python3.12/site-packages/airflow/example_dags/example_branch_day_of_week_operator.py for tasks to queue
[2024-11-11T20:02:32.591+0000] {logging_mixin.py:190} INFO - [2024-11-11T20:02:32.590+0000] {dagbag.py:588} INFO - Filling up the DagBag from /home/airflow/.local/lib/python3.12/site-packages/airflow/example_dags/example_branch_day_of_week_operator.py
[2024-11-11T20:02:32.633+0000] {processor.py:925} INFO - DAG(s) 'example_weekday_branch_operator' retrieved from /home/airflow/.local/lib/python3.12/site-packages/airflow/example_dags/example_branch_day_of_week_operator.py
[2024-11-11T20:02:32.706+0000] {logging_mixin.py:190} INFO - [2024-11-11T20:02:32.705+0000] {dag.py:3239} INFO - Sync 1 DAGs
[2024-11-11T20:02:32.751+0000] {logging_mixin.py:190} INFO - [2024-11-11T20:02:32.750+0000] {dag.py:4180} INFO - Setting next_dagrun for example_weekday_branch_operator to 2024-11-10 00:00:00+00:00, run_after=2024-11-11 00:00:00+00:00
[2024-11-11T20:02:32.788+0000] {processor.py:208} INFO - Processing /home/airflow/.local/lib/python3.12/site-packages/airflow/example_dags/example_branch_day_of_week_operator.py took 0.227 seconds
