[2024-11-11T19:41:42.285+0000] {processor.py:186} INFO - Started process (PID=377) to work on /home/airflow/.local/lib/python3.12/site-packages/airflow/example_dags/example_kubernetes_executor.py
[2024-11-11T19:41:42.287+0000] {processor.py:914} INFO - Processing file /home/airflow/.local/lib/python3.12/site-packages/airflow/example_dags/example_kubernetes_executor.py for tasks to queue
[2024-11-11T19:41:42.290+0000] {logging_mixin.py:190} INFO - [2024-11-11T19:41:42.290+0000] {dagbag.py:588} INFO - Filling up the DagBag from /home/airflow/.local/lib/python3.12/site-packages/airflow/example_dags/example_kubernetes_executor.py
[2024-11-11T19:41:42.319+0000] {processor.py:925} INFO - DAG(s) 'example_kubernetes_executor' retrieved from /home/airflow/.local/lib/python3.12/site-packages/airflow/example_dags/example_kubernetes_executor.py
[2024-11-11T19:41:42.532+0000] {logging_mixin.py:190} INFO - [2024-11-11T19:41:42.531+0000] {override.py:1911} INFO - Created Permission View: can delete on DAG:example_kubernetes_executor
[2024-11-11T19:41:42.549+0000] {logging_mixin.py:190} INFO - [2024-11-11T19:41:42.548+0000] {override.py:1911} INFO - Created Permission View: can read on DAG:example_kubernetes_executor
[2024-11-11T19:41:42.560+0000] {logging_mixin.py:190} INFO - [2024-11-11T19:41:42.560+0000] {override.py:1911} INFO - Created Permission View: can edit on DAG:example_kubernetes_executor
[2024-11-11T19:41:42.574+0000] {logging_mixin.py:190} INFO - [2024-11-11T19:41:42.573+0000] {override.py:1911} INFO - Created Permission View: can delete on DAG Run:example_kubernetes_executor
[2024-11-11T19:41:42.584+0000] {logging_mixin.py:190} INFO - [2024-11-11T19:41:42.584+0000] {override.py:1911} INFO - Created Permission View: can create on DAG Run:example_kubernetes_executor
[2024-11-11T19:41:42.595+0000] {logging_mixin.py:190} INFO - [2024-11-11T19:41:42.595+0000] {override.py:1911} INFO - Created Permission View: menu access on DAG Run:example_kubernetes_executor
[2024-11-11T19:41:42.606+0000] {logging_mixin.py:190} INFO - [2024-11-11T19:41:42.606+0000] {override.py:1911} INFO - Created Permission View: can read on DAG Run:example_kubernetes_executor
[2024-11-11T19:41:42.607+0000] {logging_mixin.py:190} INFO - [2024-11-11T19:41:42.606+0000] {dag.py:3239} INFO - Sync 1 DAGs
[2024-11-11T19:41:42.628+0000] {logging_mixin.py:190} INFO - [2024-11-11T19:41:42.627+0000] {dag.py:3262} INFO - Creating ORM DAG for example_kubernetes_executor
[2024-11-11T19:41:42.629+0000] {logging_mixin.py:190} INFO - [2024-11-11T19:41:42.628+0000] {dag.py:4180} INFO - Setting next_dagrun for example_kubernetes_executor to None, run_after=None
[2024-11-11T19:41:42.658+0000] {processor.py:208} INFO - Processing /home/airflow/.local/lib/python3.12/site-packages/airflow/example_dags/example_kubernetes_executor.py took 0.384 seconds
[2024-11-11T19:42:13.546+0000] {processor.py:186} INFO - Started process (PID=668) to work on /home/airflow/.local/lib/python3.12/site-packages/airflow/example_dags/example_kubernetes_executor.py
[2024-11-11T19:42:13.548+0000] {processor.py:914} INFO - Processing file /home/airflow/.local/lib/python3.12/site-packages/airflow/example_dags/example_kubernetes_executor.py for tasks to queue
[2024-11-11T19:42:13.551+0000] {logging_mixin.py:190} INFO - [2024-11-11T19:42:13.551+0000] {dagbag.py:588} INFO - Filling up the DagBag from /home/airflow/.local/lib/python3.12/site-packages/airflow/example_dags/example_kubernetes_executor.py
[2024-11-11T19:42:13.575+0000] {processor.py:925} INFO - DAG(s) 'example_kubernetes_executor' retrieved from /home/airflow/.local/lib/python3.12/site-packages/airflow/example_dags/example_kubernetes_executor.py
[2024-11-11T19:42:13.657+0000] {logging_mixin.py:190} INFO - [2024-11-11T19:42:13.657+0000] {dag.py:3239} INFO - Sync 1 DAGs
[2024-11-11T19:42:13.718+0000] {logging_mixin.py:190} INFO - [2024-11-11T19:42:13.717+0000] {dag.py:4180} INFO - Setting next_dagrun for example_kubernetes_executor to None, run_after=None
[2024-11-11T19:42:13.775+0000] {processor.py:208} INFO - Processing /home/airflow/.local/lib/python3.12/site-packages/airflow/example_dags/example_kubernetes_executor.py took 0.240 seconds
[2024-11-11T19:42:45.823+0000] {processor.py:186} INFO - Started process (PID=960) to work on /home/airflow/.local/lib/python3.12/site-packages/airflow/example_dags/example_kubernetes_executor.py
[2024-11-11T19:42:45.825+0000] {processor.py:914} INFO - Processing file /home/airflow/.local/lib/python3.12/site-packages/airflow/example_dags/example_kubernetes_executor.py for tasks to queue
[2024-11-11T19:42:45.829+0000] {logging_mixin.py:190} INFO - [2024-11-11T19:42:45.828+0000] {dagbag.py:588} INFO - Filling up the DagBag from /home/airflow/.local/lib/python3.12/site-packages/airflow/example_dags/example_kubernetes_executor.py
[2024-11-11T19:42:45.862+0000] {processor.py:925} INFO - DAG(s) 'example_kubernetes_executor' retrieved from /home/airflow/.local/lib/python3.12/site-packages/airflow/example_dags/example_kubernetes_executor.py
[2024-11-11T19:42:45.956+0000] {logging_mixin.py:190} INFO - [2024-11-11T19:42:45.955+0000] {dag.py:3239} INFO - Sync 1 DAGs
[2024-11-11T19:42:45.995+0000] {logging_mixin.py:190} INFO - [2024-11-11T19:42:45.994+0000] {dag.py:4180} INFO - Setting next_dagrun for example_kubernetes_executor to None, run_after=None
[2024-11-11T19:42:46.044+0000] {processor.py:208} INFO - Processing /home/airflow/.local/lib/python3.12/site-packages/airflow/example_dags/example_kubernetes_executor.py took 0.232 seconds
[2024-11-11T19:43:17.432+0000] {processor.py:186} INFO - Started process (PID=1251) to work on /home/airflow/.local/lib/python3.12/site-packages/airflow/example_dags/example_kubernetes_executor.py
[2024-11-11T19:43:17.434+0000] {processor.py:914} INFO - Processing file /home/airflow/.local/lib/python3.12/site-packages/airflow/example_dags/example_kubernetes_executor.py for tasks to queue
[2024-11-11T19:43:17.442+0000] {logging_mixin.py:190} INFO - [2024-11-11T19:43:17.441+0000] {dagbag.py:588} INFO - Filling up the DagBag from /home/airflow/.local/lib/python3.12/site-packages/airflow/example_dags/example_kubernetes_executor.py
[2024-11-11T19:43:17.487+0000] {processor.py:925} INFO - DAG(s) 'example_kubernetes_executor' retrieved from /home/airflow/.local/lib/python3.12/site-packages/airflow/example_dags/example_kubernetes_executor.py
[2024-11-11T19:43:17.590+0000] {logging_mixin.py:190} INFO - [2024-11-11T19:43:17.589+0000] {dag.py:3239} INFO - Sync 1 DAGs
[2024-11-11T19:43:17.616+0000] {logging_mixin.py:190} INFO - [2024-11-11T19:43:17.616+0000] {dag.py:4180} INFO - Setting next_dagrun for example_kubernetes_executor to None, run_after=None
[2024-11-11T19:43:17.656+0000] {processor.py:208} INFO - Processing /home/airflow/.local/lib/python3.12/site-packages/airflow/example_dags/example_kubernetes_executor.py took 0.240 seconds
[2024-11-11T19:43:48.530+0000] {processor.py:186} INFO - Started process (PID=1542) to work on /home/airflow/.local/lib/python3.12/site-packages/airflow/example_dags/example_kubernetes_executor.py
[2024-11-11T19:43:48.532+0000] {processor.py:914} INFO - Processing file /home/airflow/.local/lib/python3.12/site-packages/airflow/example_dags/example_kubernetes_executor.py for tasks to queue
[2024-11-11T19:43:48.535+0000] {logging_mixin.py:190} INFO - [2024-11-11T19:43:48.535+0000] {dagbag.py:588} INFO - Filling up the DagBag from /home/airflow/.local/lib/python3.12/site-packages/airflow/example_dags/example_kubernetes_executor.py
[2024-11-11T19:43:48.557+0000] {processor.py:925} INFO - DAG(s) 'example_kubernetes_executor' retrieved from /home/airflow/.local/lib/python3.12/site-packages/airflow/example_dags/example_kubernetes_executor.py
[2024-11-11T19:43:48.621+0000] {logging_mixin.py:190} INFO - [2024-11-11T19:43:48.620+0000] {dag.py:3239} INFO - Sync 1 DAGs
[2024-11-11T19:43:48.665+0000] {logging_mixin.py:190} INFO - [2024-11-11T19:43:48.665+0000] {dag.py:4180} INFO - Setting next_dagrun for example_kubernetes_executor to None, run_after=None
[2024-11-11T19:43:48.734+0000] {processor.py:208} INFO - Processing /home/airflow/.local/lib/python3.12/site-packages/airflow/example_dags/example_kubernetes_executor.py took 0.215 seconds
[2024-11-11T19:44:22.677+0000] {processor.py:186} INFO - Started process (PID=1833) to work on /home/airflow/.local/lib/python3.12/site-packages/airflow/example_dags/example_kubernetes_executor.py
[2024-11-11T19:44:22.679+0000] {processor.py:914} INFO - Processing file /home/airflow/.local/lib/python3.12/site-packages/airflow/example_dags/example_kubernetes_executor.py for tasks to queue
[2024-11-11T19:44:22.683+0000] {logging_mixin.py:190} INFO - [2024-11-11T19:44:22.682+0000] {dagbag.py:588} INFO - Filling up the DagBag from /home/airflow/.local/lib/python3.12/site-packages/airflow/example_dags/example_kubernetes_executor.py
[2024-11-11T19:44:22.709+0000] {processor.py:925} INFO - DAG(s) 'example_kubernetes_executor' retrieved from /home/airflow/.local/lib/python3.12/site-packages/airflow/example_dags/example_kubernetes_executor.py
[2024-11-11T19:44:22.802+0000] {logging_mixin.py:190} INFO - [2024-11-11T19:44:22.801+0000] {dag.py:3239} INFO - Sync 1 DAGs
[2024-11-11T19:44:22.830+0000] {logging_mixin.py:190} INFO - [2024-11-11T19:44:22.830+0000] {dag.py:4180} INFO - Setting next_dagrun for example_kubernetes_executor to None, run_after=None
[2024-11-11T19:44:22.876+0000] {processor.py:208} INFO - Processing /home/airflow/.local/lib/python3.12/site-packages/airflow/example_dags/example_kubernetes_executor.py took 0.209 seconds
[2024-11-11T19:44:54.250+0000] {processor.py:186} INFO - Started process (PID=2124) to work on /home/airflow/.local/lib/python3.12/site-packages/airflow/example_dags/example_kubernetes_executor.py
[2024-11-11T19:44:54.254+0000] {processor.py:914} INFO - Processing file /home/airflow/.local/lib/python3.12/site-packages/airflow/example_dags/example_kubernetes_executor.py for tasks to queue
[2024-11-11T19:44:54.259+0000] {logging_mixin.py:190} INFO - [2024-11-11T19:44:54.258+0000] {dagbag.py:588} INFO - Filling up the DagBag from /home/airflow/.local/lib/python3.12/site-packages/airflow/example_dags/example_kubernetes_executor.py
[2024-11-11T19:44:54.289+0000] {processor.py:925} INFO - DAG(s) 'example_kubernetes_executor' retrieved from /home/airflow/.local/lib/python3.12/site-packages/airflow/example_dags/example_kubernetes_executor.py
[2024-11-11T19:44:54.345+0000] {logging_mixin.py:190} INFO - [2024-11-11T19:44:54.345+0000] {dag.py:3239} INFO - Sync 1 DAGs
[2024-11-11T19:44:54.368+0000] {logging_mixin.py:190} INFO - [2024-11-11T19:44:54.367+0000] {dag.py:4180} INFO - Setting next_dagrun for example_kubernetes_executor to None, run_after=None
[2024-11-11T19:44:54.490+0000] {processor.py:208} INFO - Processing /home/airflow/.local/lib/python3.12/site-packages/airflow/example_dags/example_kubernetes_executor.py took 0.256 seconds
[2024-11-11T19:45:24.829+0000] {processor.py:186} INFO - Started process (PID=2410) to work on /home/airflow/.local/lib/python3.12/site-packages/airflow/example_dags/example_kubernetes_executor.py
[2024-11-11T19:45:24.830+0000] {processor.py:914} INFO - Processing file /home/airflow/.local/lib/python3.12/site-packages/airflow/example_dags/example_kubernetes_executor.py for tasks to queue
[2024-11-11T19:45:24.834+0000] {logging_mixin.py:190} INFO - [2024-11-11T19:45:24.833+0000] {dagbag.py:588} INFO - Filling up the DagBag from /home/airflow/.local/lib/python3.12/site-packages/airflow/example_dags/example_kubernetes_executor.py
[2024-11-11T19:45:24.855+0000] {processor.py:925} INFO - DAG(s) 'example_kubernetes_executor' retrieved from /home/airflow/.local/lib/python3.12/site-packages/airflow/example_dags/example_kubernetes_executor.py
[2024-11-11T19:45:24.912+0000] {logging_mixin.py:190} INFO - [2024-11-11T19:45:24.912+0000] {dag.py:3239} INFO - Sync 1 DAGs
[2024-11-11T19:45:24.935+0000] {logging_mixin.py:190} INFO - [2024-11-11T19:45:24.934+0000] {dag.py:4180} INFO - Setting next_dagrun for example_kubernetes_executor to None, run_after=None
[2024-11-11T19:45:24.962+0000] {processor.py:208} INFO - Processing /home/airflow/.local/lib/python3.12/site-packages/airflow/example_dags/example_kubernetes_executor.py took 0.143 seconds
[2024-11-11T19:45:55.164+0000] {processor.py:186} INFO - Started process (PID=2696) to work on /home/airflow/.local/lib/python3.12/site-packages/airflow/example_dags/example_kubernetes_executor.py
[2024-11-11T19:45:55.166+0000] {processor.py:914} INFO - Processing file /home/airflow/.local/lib/python3.12/site-packages/airflow/example_dags/example_kubernetes_executor.py for tasks to queue
[2024-11-11T19:45:55.170+0000] {logging_mixin.py:190} INFO - [2024-11-11T19:45:55.170+0000] {dagbag.py:588} INFO - Filling up the DagBag from /home/airflow/.local/lib/python3.12/site-packages/airflow/example_dags/example_kubernetes_executor.py
[2024-11-11T19:45:55.193+0000] {processor.py:925} INFO - DAG(s) 'example_kubernetes_executor' retrieved from /home/airflow/.local/lib/python3.12/site-packages/airflow/example_dags/example_kubernetes_executor.py
[2024-11-11T19:45:55.268+0000] {logging_mixin.py:190} INFO - [2024-11-11T19:45:55.267+0000] {dag.py:3239} INFO - Sync 1 DAGs
[2024-11-11T19:45:55.294+0000] {logging_mixin.py:190} INFO - [2024-11-11T19:45:55.294+0000] {dag.py:4180} INFO - Setting next_dagrun for example_kubernetes_executor to None, run_after=None
[2024-11-11T19:45:55.324+0000] {processor.py:208} INFO - Processing /home/airflow/.local/lib/python3.12/site-packages/airflow/example_dags/example_kubernetes_executor.py took 0.170 seconds
[2024-11-11T19:46:25.799+0000] {processor.py:186} INFO - Started process (PID=2982) to work on /home/airflow/.local/lib/python3.12/site-packages/airflow/example_dags/example_kubernetes_executor.py
[2024-11-11T19:46:25.801+0000] {processor.py:914} INFO - Processing file /home/airflow/.local/lib/python3.12/site-packages/airflow/example_dags/example_kubernetes_executor.py for tasks to queue
[2024-11-11T19:46:25.805+0000] {logging_mixin.py:190} INFO - [2024-11-11T19:46:25.804+0000] {dagbag.py:588} INFO - Filling up the DagBag from /home/airflow/.local/lib/python3.12/site-packages/airflow/example_dags/example_kubernetes_executor.py
[2024-11-11T19:46:25.838+0000] {processor.py:925} INFO - DAG(s) 'example_kubernetes_executor' retrieved from /home/airflow/.local/lib/python3.12/site-packages/airflow/example_dags/example_kubernetes_executor.py
[2024-11-11T19:46:25.902+0000] {logging_mixin.py:190} INFO - [2024-11-11T19:46:25.902+0000] {dag.py:3239} INFO - Sync 1 DAGs
[2024-11-11T19:46:25.932+0000] {logging_mixin.py:190} INFO - [2024-11-11T19:46:25.931+0000] {dag.py:4180} INFO - Setting next_dagrun for example_kubernetes_executor to None, run_after=None
[2024-11-11T19:46:25.965+0000] {processor.py:208} INFO - Processing /home/airflow/.local/lib/python3.12/site-packages/airflow/example_dags/example_kubernetes_executor.py took 0.176 seconds
[2024-11-11T19:46:57.147+0000] {processor.py:186} INFO - Started process (PID=3273) to work on /home/airflow/.local/lib/python3.12/site-packages/airflow/example_dags/example_kubernetes_executor.py
[2024-11-11T19:46:57.150+0000] {processor.py:914} INFO - Processing file /home/airflow/.local/lib/python3.12/site-packages/airflow/example_dags/example_kubernetes_executor.py for tasks to queue
[2024-11-11T19:46:57.157+0000] {logging_mixin.py:190} INFO - [2024-11-11T19:46:57.156+0000] {dagbag.py:588} INFO - Filling up the DagBag from /home/airflow/.local/lib/python3.12/site-packages/airflow/example_dags/example_kubernetes_executor.py
[2024-11-11T19:46:57.215+0000] {processor.py:925} INFO - DAG(s) 'example_kubernetes_executor' retrieved from /home/airflow/.local/lib/python3.12/site-packages/airflow/example_dags/example_kubernetes_executor.py
[2024-11-11T19:46:57.332+0000] {logging_mixin.py:190} INFO - [2024-11-11T19:46:57.331+0000] {dag.py:3239} INFO - Sync 1 DAGs
[2024-11-11T19:46:57.378+0000] {logging_mixin.py:190} INFO - [2024-11-11T19:46:57.377+0000] {dag.py:4180} INFO - Setting next_dagrun for example_kubernetes_executor to None, run_after=None
[2024-11-11T19:46:57.436+0000] {processor.py:208} INFO - Processing /home/airflow/.local/lib/python3.12/site-packages/airflow/example_dags/example_kubernetes_executor.py took 0.308 seconds
[2024-11-11T19:47:27.856+0000] {processor.py:186} INFO - Started process (PID=3565) to work on /home/airflow/.local/lib/python3.12/site-packages/airflow/example_dags/example_kubernetes_executor.py
[2024-11-11T19:47:27.860+0000] {processor.py:914} INFO - Processing file /home/airflow/.local/lib/python3.12/site-packages/airflow/example_dags/example_kubernetes_executor.py for tasks to queue
[2024-11-11T19:47:27.871+0000] {logging_mixin.py:190} INFO - [2024-11-11T19:47:27.869+0000] {dagbag.py:588} INFO - Filling up the DagBag from /home/airflow/.local/lib/python3.12/site-packages/airflow/example_dags/example_kubernetes_executor.py
[2024-11-11T19:47:27.957+0000] {processor.py:925} INFO - DAG(s) 'example_kubernetes_executor' retrieved from /home/airflow/.local/lib/python3.12/site-packages/airflow/example_dags/example_kubernetes_executor.py
[2024-11-11T19:47:28.156+0000] {logging_mixin.py:190} INFO - [2024-11-11T19:47:28.154+0000] {dag.py:3239} INFO - Sync 1 DAGs
[2024-11-11T19:47:28.251+0000] {logging_mixin.py:190} INFO - [2024-11-11T19:47:28.249+0000] {dag.py:4180} INFO - Setting next_dagrun for example_kubernetes_executor to None, run_after=None
[2024-11-11T19:47:28.354+0000] {processor.py:208} INFO - Processing /home/airflow/.local/lib/python3.12/site-packages/airflow/example_dags/example_kubernetes_executor.py took 0.534 seconds
[2024-11-11T19:47:58.545+0000] {processor.py:186} INFO - Started process (PID=3857) to work on /home/airflow/.local/lib/python3.12/site-packages/airflow/example_dags/example_kubernetes_executor.py
[2024-11-11T19:47:58.549+0000] {processor.py:914} INFO - Processing file /home/airflow/.local/lib/python3.12/site-packages/airflow/example_dags/example_kubernetes_executor.py for tasks to queue
[2024-11-11T19:47:58.553+0000] {logging_mixin.py:190} INFO - [2024-11-11T19:47:58.553+0000] {dagbag.py:588} INFO - Filling up the DagBag from /home/airflow/.local/lib/python3.12/site-packages/airflow/example_dags/example_kubernetes_executor.py
[2024-11-11T19:47:58.595+0000] {processor.py:925} INFO - DAG(s) 'example_kubernetes_executor' retrieved from /home/airflow/.local/lib/python3.12/site-packages/airflow/example_dags/example_kubernetes_executor.py
[2024-11-11T19:47:58.872+0000] {logging_mixin.py:190} INFO - [2024-11-11T19:47:58.871+0000] {dag.py:3239} INFO - Sync 1 DAGs
[2024-11-11T19:47:59.022+0000] {logging_mixin.py:190} INFO - [2024-11-11T19:47:59.011+0000] {dag.py:4180} INFO - Setting next_dagrun for example_kubernetes_executor to None, run_after=None
[2024-11-11T19:47:59.124+0000] {processor.py:208} INFO - Processing /home/airflow/.local/lib/python3.12/site-packages/airflow/example_dags/example_kubernetes_executor.py took 0.594 seconds
[2024-11-11T19:48:29.747+0000] {processor.py:186} INFO - Started process (PID=4148) to work on /home/airflow/.local/lib/python3.12/site-packages/airflow/example_dags/example_kubernetes_executor.py
[2024-11-11T19:48:29.751+0000] {processor.py:914} INFO - Processing file /home/airflow/.local/lib/python3.12/site-packages/airflow/example_dags/example_kubernetes_executor.py for tasks to queue
[2024-11-11T19:48:29.759+0000] {logging_mixin.py:190} INFO - [2024-11-11T19:48:29.758+0000] {dagbag.py:588} INFO - Filling up the DagBag from /home/airflow/.local/lib/python3.12/site-packages/airflow/example_dags/example_kubernetes_executor.py
[2024-11-11T19:48:29.832+0000] {processor.py:925} INFO - DAG(s) 'example_kubernetes_executor' retrieved from /home/airflow/.local/lib/python3.12/site-packages/airflow/example_dags/example_kubernetes_executor.py
[2024-11-11T19:48:29.946+0000] {logging_mixin.py:190} INFO - [2024-11-11T19:48:29.945+0000] {dag.py:3239} INFO - Sync 1 DAGs
[2024-11-11T19:48:29.990+0000] {logging_mixin.py:190} INFO - [2024-11-11T19:48:29.989+0000] {dag.py:4180} INFO - Setting next_dagrun for example_kubernetes_executor to None, run_after=None
[2024-11-11T19:48:30.053+0000] {processor.py:208} INFO - Processing /home/airflow/.local/lib/python3.12/site-packages/airflow/example_dags/example_kubernetes_executor.py took 0.337 seconds
[2024-11-11T19:49:00.345+0000] {processor.py:186} INFO - Started process (PID=4439) to work on /home/airflow/.local/lib/python3.12/site-packages/airflow/example_dags/example_kubernetes_executor.py
[2024-11-11T19:49:00.349+0000] {processor.py:914} INFO - Processing file /home/airflow/.local/lib/python3.12/site-packages/airflow/example_dags/example_kubernetes_executor.py for tasks to queue
[2024-11-11T19:49:00.356+0000] {logging_mixin.py:190} INFO - [2024-11-11T19:49:00.355+0000] {dagbag.py:588} INFO - Filling up the DagBag from /home/airflow/.local/lib/python3.12/site-packages/airflow/example_dags/example_kubernetes_executor.py
[2024-11-11T19:49:00.402+0000] {processor.py:925} INFO - DAG(s) 'example_kubernetes_executor' retrieved from /home/airflow/.local/lib/python3.12/site-packages/airflow/example_dags/example_kubernetes_executor.py
[2024-11-11T19:49:00.471+0000] {logging_mixin.py:190} INFO - [2024-11-11T19:49:00.470+0000] {dag.py:3239} INFO - Sync 1 DAGs
[2024-11-11T19:49:00.500+0000] {logging_mixin.py:190} INFO - [2024-11-11T19:49:00.499+0000] {dag.py:4180} INFO - Setting next_dagrun for example_kubernetes_executor to None, run_after=None
[2024-11-11T19:49:00.558+0000] {processor.py:208} INFO - Processing /home/airflow/.local/lib/python3.12/site-packages/airflow/example_dags/example_kubernetes_executor.py took 0.288 seconds
[2024-11-11T19:49:31.277+0000] {processor.py:186} INFO - Started process (PID=4730) to work on /home/airflow/.local/lib/python3.12/site-packages/airflow/example_dags/example_kubernetes_executor.py
[2024-11-11T19:49:31.289+0000] {processor.py:914} INFO - Processing file /home/airflow/.local/lib/python3.12/site-packages/airflow/example_dags/example_kubernetes_executor.py for tasks to queue
[2024-11-11T19:49:31.312+0000] {logging_mixin.py:190} INFO - [2024-11-11T19:49:31.311+0000] {dagbag.py:588} INFO - Filling up the DagBag from /home/airflow/.local/lib/python3.12/site-packages/airflow/example_dags/example_kubernetes_executor.py
[2024-11-11T19:49:31.354+0000] {processor.py:925} INFO - DAG(s) 'example_kubernetes_executor' retrieved from /home/airflow/.local/lib/python3.12/site-packages/airflow/example_dags/example_kubernetes_executor.py
[2024-11-11T19:49:31.414+0000] {logging_mixin.py:190} INFO - [2024-11-11T19:49:31.414+0000] {dag.py:3239} INFO - Sync 1 DAGs
[2024-11-11T19:49:31.439+0000] {logging_mixin.py:190} INFO - [2024-11-11T19:49:31.438+0000] {dag.py:4180} INFO - Setting next_dagrun for example_kubernetes_executor to None, run_after=None
[2024-11-11T19:49:31.478+0000] {processor.py:208} INFO - Processing /home/airflow/.local/lib/python3.12/site-packages/airflow/example_dags/example_kubernetes_executor.py took 0.254 seconds
[2024-11-11T19:50:03.085+0000] {processor.py:186} INFO - Started process (PID=5021) to work on /home/airflow/.local/lib/python3.12/site-packages/airflow/example_dags/example_kubernetes_executor.py
[2024-11-11T19:50:03.088+0000] {processor.py:914} INFO - Processing file /home/airflow/.local/lib/python3.12/site-packages/airflow/example_dags/example_kubernetes_executor.py for tasks to queue
[2024-11-11T19:50:03.093+0000] {logging_mixin.py:190} INFO - [2024-11-11T19:50:03.092+0000] {dagbag.py:588} INFO - Filling up the DagBag from /home/airflow/.local/lib/python3.12/site-packages/airflow/example_dags/example_kubernetes_executor.py
[2024-11-11T19:50:03.209+0000] {processor.py:925} INFO - DAG(s) 'example_kubernetes_executor' retrieved from /home/airflow/.local/lib/python3.12/site-packages/airflow/example_dags/example_kubernetes_executor.py
[2024-11-11T19:50:03.309+0000] {logging_mixin.py:190} INFO - [2024-11-11T19:50:03.309+0000] {dag.py:3239} INFO - Sync 1 DAGs
[2024-11-11T19:50:03.350+0000] {logging_mixin.py:190} INFO - [2024-11-11T19:50:03.349+0000] {dag.py:4180} INFO - Setting next_dagrun for example_kubernetes_executor to None, run_after=None
[2024-11-11T19:50:03.396+0000] {processor.py:208} INFO - Processing /home/airflow/.local/lib/python3.12/site-packages/airflow/example_dags/example_kubernetes_executor.py took 0.351 seconds
[2024-11-11T19:50:33.910+0000] {processor.py:186} INFO - Started process (PID=5312) to work on /home/airflow/.local/lib/python3.12/site-packages/airflow/example_dags/example_kubernetes_executor.py
[2024-11-11T19:50:33.913+0000] {processor.py:914} INFO - Processing file /home/airflow/.local/lib/python3.12/site-packages/airflow/example_dags/example_kubernetes_executor.py for tasks to queue
[2024-11-11T19:50:33.921+0000] {logging_mixin.py:190} INFO - [2024-11-11T19:50:33.920+0000] {dagbag.py:588} INFO - Filling up the DagBag from /home/airflow/.local/lib/python3.12/site-packages/airflow/example_dags/example_kubernetes_executor.py
[2024-11-11T19:50:33.977+0000] {processor.py:925} INFO - DAG(s) 'example_kubernetes_executor' retrieved from /home/airflow/.local/lib/python3.12/site-packages/airflow/example_dags/example_kubernetes_executor.py
[2024-11-11T19:50:34.172+0000] {logging_mixin.py:190} INFO - [2024-11-11T19:50:34.171+0000] {dag.py:3239} INFO - Sync 1 DAGs
[2024-11-11T19:50:34.228+0000] {logging_mixin.py:190} INFO - [2024-11-11T19:50:34.227+0000] {dag.py:4180} INFO - Setting next_dagrun for example_kubernetes_executor to None, run_after=None
[2024-11-11T19:50:34.329+0000] {processor.py:208} INFO - Processing /home/airflow/.local/lib/python3.12/site-packages/airflow/example_dags/example_kubernetes_executor.py took 0.445 seconds
[2024-11-11T19:51:04.641+0000] {processor.py:186} INFO - Started process (PID=5600) to work on /home/airflow/.local/lib/python3.12/site-packages/airflow/example_dags/example_kubernetes_executor.py
[2024-11-11T19:51:04.645+0000] {processor.py:914} INFO - Processing file /home/airflow/.local/lib/python3.12/site-packages/airflow/example_dags/example_kubernetes_executor.py for tasks to queue
[2024-11-11T19:51:04.652+0000] {logging_mixin.py:190} INFO - [2024-11-11T19:51:04.652+0000] {dagbag.py:588} INFO - Filling up the DagBag from /home/airflow/.local/lib/python3.12/site-packages/airflow/example_dags/example_kubernetes_executor.py
[2024-11-11T19:51:04.681+0000] {processor.py:925} INFO - DAG(s) 'example_kubernetes_executor' retrieved from /home/airflow/.local/lib/python3.12/site-packages/airflow/example_dags/example_kubernetes_executor.py
[2024-11-11T19:51:04.776+0000] {logging_mixin.py:190} INFO - [2024-11-11T19:51:04.775+0000] {dag.py:3239} INFO - Sync 1 DAGs
[2024-11-11T19:51:04.815+0000] {logging_mixin.py:190} INFO - [2024-11-11T19:51:04.814+0000] {dag.py:4180} INFO - Setting next_dagrun for example_kubernetes_executor to None, run_after=None
[2024-11-11T19:51:04.865+0000] {processor.py:208} INFO - Processing /home/airflow/.local/lib/python3.12/site-packages/airflow/example_dags/example_kubernetes_executor.py took 0.249 seconds
[2024-11-11T19:51:35.049+0000] {processor.py:186} INFO - Started process (PID=5890) to work on /home/airflow/.local/lib/python3.12/site-packages/airflow/example_dags/example_kubernetes_executor.py
[2024-11-11T19:51:35.052+0000] {processor.py:914} INFO - Processing file /home/airflow/.local/lib/python3.12/site-packages/airflow/example_dags/example_kubernetes_executor.py for tasks to queue
[2024-11-11T19:51:35.057+0000] {logging_mixin.py:190} INFO - [2024-11-11T19:51:35.056+0000] {dagbag.py:588} INFO - Filling up the DagBag from /home/airflow/.local/lib/python3.12/site-packages/airflow/example_dags/example_kubernetes_executor.py
[2024-11-11T19:51:35.090+0000] {processor.py:925} INFO - DAG(s) 'example_kubernetes_executor' retrieved from /home/airflow/.local/lib/python3.12/site-packages/airflow/example_dags/example_kubernetes_executor.py
[2024-11-11T19:51:35.157+0000] {logging_mixin.py:190} INFO - [2024-11-11T19:51:35.157+0000] {dag.py:3239} INFO - Sync 1 DAGs
[2024-11-11T19:51:35.179+0000] {logging_mixin.py:190} INFO - [2024-11-11T19:51:35.179+0000] {dag.py:4180} INFO - Setting next_dagrun for example_kubernetes_executor to None, run_after=None
[2024-11-11T19:51:35.208+0000] {processor.py:208} INFO - Processing /home/airflow/.local/lib/python3.12/site-packages/airflow/example_dags/example_kubernetes_executor.py took 0.174 seconds
[2024-11-11T19:52:05.751+0000] {processor.py:186} INFO - Started process (PID=6176) to work on /home/airflow/.local/lib/python3.12/site-packages/airflow/example_dags/example_kubernetes_executor.py
[2024-11-11T19:52:05.754+0000] {processor.py:914} INFO - Processing file /home/airflow/.local/lib/python3.12/site-packages/airflow/example_dags/example_kubernetes_executor.py for tasks to queue
[2024-11-11T19:52:05.765+0000] {logging_mixin.py:190} INFO - [2024-11-11T19:52:05.764+0000] {dagbag.py:588} INFO - Filling up the DagBag from /home/airflow/.local/lib/python3.12/site-packages/airflow/example_dags/example_kubernetes_executor.py
[2024-11-11T19:52:05.831+0000] {processor.py:925} INFO - DAG(s) 'example_kubernetes_executor' retrieved from /home/airflow/.local/lib/python3.12/site-packages/airflow/example_dags/example_kubernetes_executor.py
[2024-11-11T19:52:05.919+0000] {logging_mixin.py:190} INFO - [2024-11-11T19:52:05.918+0000] {dag.py:3239} INFO - Sync 1 DAGs
[2024-11-11T19:52:05.954+0000] {logging_mixin.py:190} INFO - [2024-11-11T19:52:05.954+0000] {dag.py:4180} INFO - Setting next_dagrun for example_kubernetes_executor to None, run_after=None
[2024-11-11T19:52:05.985+0000] {processor.py:208} INFO - Processing /home/airflow/.local/lib/python3.12/site-packages/airflow/example_dags/example_kubernetes_executor.py took 0.263 seconds
[2024-11-11T19:52:36.993+0000] {processor.py:186} INFO - Started process (PID=6467) to work on /home/airflow/.local/lib/python3.12/site-packages/airflow/example_dags/example_kubernetes_executor.py
[2024-11-11T19:52:36.997+0000] {processor.py:914} INFO - Processing file /home/airflow/.local/lib/python3.12/site-packages/airflow/example_dags/example_kubernetes_executor.py for tasks to queue
[2024-11-11T19:52:37.010+0000] {logging_mixin.py:190} INFO - [2024-11-11T19:52:37.008+0000] {dagbag.py:588} INFO - Filling up the DagBag from /home/airflow/.local/lib/python3.12/site-packages/airflow/example_dags/example_kubernetes_executor.py
[2024-11-11T19:52:37.091+0000] {processor.py:925} INFO - DAG(s) 'example_kubernetes_executor' retrieved from /home/airflow/.local/lib/python3.12/site-packages/airflow/example_dags/example_kubernetes_executor.py
[2024-11-11T19:52:37.278+0000] {logging_mixin.py:190} INFO - [2024-11-11T19:52:37.277+0000] {dag.py:3239} INFO - Sync 1 DAGs
[2024-11-11T19:52:37.316+0000] {logging_mixin.py:190} INFO - [2024-11-11T19:52:37.316+0000] {dag.py:4180} INFO - Setting next_dagrun for example_kubernetes_executor to None, run_after=None
[2024-11-11T19:52:37.362+0000] {processor.py:208} INFO - Processing /home/airflow/.local/lib/python3.12/site-packages/airflow/example_dags/example_kubernetes_executor.py took 0.403 seconds
[2024-11-11T19:53:08.025+0000] {processor.py:186} INFO - Started process (PID=6758) to work on /home/airflow/.local/lib/python3.12/site-packages/airflow/example_dags/example_kubernetes_executor.py
[2024-11-11T19:53:08.027+0000] {processor.py:914} INFO - Processing file /home/airflow/.local/lib/python3.12/site-packages/airflow/example_dags/example_kubernetes_executor.py for tasks to queue
[2024-11-11T19:53:08.032+0000] {logging_mixin.py:190} INFO - [2024-11-11T19:53:08.031+0000] {dagbag.py:588} INFO - Filling up the DagBag from /home/airflow/.local/lib/python3.12/site-packages/airflow/example_dags/example_kubernetes_executor.py
[2024-11-11T19:53:08.062+0000] {processor.py:925} INFO - DAG(s) 'example_kubernetes_executor' retrieved from /home/airflow/.local/lib/python3.12/site-packages/airflow/example_dags/example_kubernetes_executor.py
[2024-11-11T19:53:08.127+0000] {logging_mixin.py:190} INFO - [2024-11-11T19:53:08.127+0000] {dag.py:3239} INFO - Sync 1 DAGs
[2024-11-11T19:53:08.163+0000] {logging_mixin.py:190} INFO - [2024-11-11T19:53:08.162+0000] {dag.py:4180} INFO - Setting next_dagrun for example_kubernetes_executor to None, run_after=None
[2024-11-11T19:53:08.210+0000] {processor.py:208} INFO - Processing /home/airflow/.local/lib/python3.12/site-packages/airflow/example_dags/example_kubernetes_executor.py took 0.201 seconds
[2024-11-11T19:53:38.589+0000] {processor.py:186} INFO - Started process (PID=7049) to work on /home/airflow/.local/lib/python3.12/site-packages/airflow/example_dags/example_kubernetes_executor.py
[2024-11-11T19:53:38.594+0000] {processor.py:914} INFO - Processing file /home/airflow/.local/lib/python3.12/site-packages/airflow/example_dags/example_kubernetes_executor.py for tasks to queue
[2024-11-11T19:53:38.607+0000] {logging_mixin.py:190} INFO - [2024-11-11T19:53:38.605+0000] {dagbag.py:588} INFO - Filling up the DagBag from /home/airflow/.local/lib/python3.12/site-packages/airflow/example_dags/example_kubernetes_executor.py
[2024-11-11T19:53:38.668+0000] {processor.py:925} INFO - DAG(s) 'example_kubernetes_executor' retrieved from /home/airflow/.local/lib/python3.12/site-packages/airflow/example_dags/example_kubernetes_executor.py
[2024-11-11T19:53:38.773+0000] {logging_mixin.py:190} INFO - [2024-11-11T19:53:38.772+0000] {dag.py:3239} INFO - Sync 1 DAGs
[2024-11-11T19:53:38.817+0000] {logging_mixin.py:190} INFO - [2024-11-11T19:53:38.816+0000] {dag.py:4180} INFO - Setting next_dagrun for example_kubernetes_executor to None, run_after=None
[2024-11-11T19:53:38.878+0000] {processor.py:208} INFO - Processing /home/airflow/.local/lib/python3.12/site-packages/airflow/example_dags/example_kubernetes_executor.py took 0.319 seconds
[2024-11-11T19:54:10.123+0000] {processor.py:186} INFO - Started process (PID=7340) to work on /home/airflow/.local/lib/python3.12/site-packages/airflow/example_dags/example_kubernetes_executor.py
[2024-11-11T19:54:10.128+0000] {processor.py:914} INFO - Processing file /home/airflow/.local/lib/python3.12/site-packages/airflow/example_dags/example_kubernetes_executor.py for tasks to queue
[2024-11-11T19:54:10.141+0000] {logging_mixin.py:190} INFO - [2024-11-11T19:54:10.139+0000] {dagbag.py:588} INFO - Filling up the DagBag from /home/airflow/.local/lib/python3.12/site-packages/airflow/example_dags/example_kubernetes_executor.py
[2024-11-11T19:54:10.185+0000] {processor.py:925} INFO - DAG(s) 'example_kubernetes_executor' retrieved from /home/airflow/.local/lib/python3.12/site-packages/airflow/example_dags/example_kubernetes_executor.py
[2024-11-11T19:54:10.271+0000] {logging_mixin.py:190} INFO - [2024-11-11T19:54:10.271+0000] {dag.py:3239} INFO - Sync 1 DAGs
[2024-11-11T19:54:10.341+0000] {logging_mixin.py:190} INFO - [2024-11-11T19:54:10.340+0000] {dag.py:4180} INFO - Setting next_dagrun for example_kubernetes_executor to None, run_after=None
[2024-11-11T19:54:10.422+0000] {processor.py:208} INFO - Processing /home/airflow/.local/lib/python3.12/site-packages/airflow/example_dags/example_kubernetes_executor.py took 0.341 seconds
[2024-11-11T19:54:41.411+0000] {processor.py:186} INFO - Started process (PID=7631) to work on /home/airflow/.local/lib/python3.12/site-packages/airflow/example_dags/example_kubernetes_executor.py
[2024-11-11T19:54:41.415+0000] {processor.py:914} INFO - Processing file /home/airflow/.local/lib/python3.12/site-packages/airflow/example_dags/example_kubernetes_executor.py for tasks to queue
[2024-11-11T19:54:41.424+0000] {logging_mixin.py:190} INFO - [2024-11-11T19:54:41.423+0000] {dagbag.py:588} INFO - Filling up the DagBag from /home/airflow/.local/lib/python3.12/site-packages/airflow/example_dags/example_kubernetes_executor.py
[2024-11-11T19:54:41.483+0000] {processor.py:925} INFO - DAG(s) 'example_kubernetes_executor' retrieved from /home/airflow/.local/lib/python3.12/site-packages/airflow/example_dags/example_kubernetes_executor.py
[2024-11-11T19:54:41.556+0000] {logging_mixin.py:190} INFO - [2024-11-11T19:54:41.556+0000] {dag.py:3239} INFO - Sync 1 DAGs
[2024-11-11T19:54:41.583+0000] {logging_mixin.py:190} INFO - [2024-11-11T19:54:41.583+0000] {dag.py:4180} INFO - Setting next_dagrun for example_kubernetes_executor to None, run_after=None
[2024-11-11T19:54:41.619+0000] {processor.py:208} INFO - Processing /home/airflow/.local/lib/python3.12/site-packages/airflow/example_dags/example_kubernetes_executor.py took 0.235 seconds
[2024-11-11T19:55:11.835+0000] {processor.py:186} INFO - Started process (PID=7923) to work on /home/airflow/.local/lib/python3.12/site-packages/airflow/example_dags/example_kubernetes_executor.py
[2024-11-11T19:55:11.839+0000] {processor.py:914} INFO - Processing file /home/airflow/.local/lib/python3.12/site-packages/airflow/example_dags/example_kubernetes_executor.py for tasks to queue
[2024-11-11T19:55:11.849+0000] {logging_mixin.py:190} INFO - [2024-11-11T19:55:11.848+0000] {dagbag.py:588} INFO - Filling up the DagBag from /home/airflow/.local/lib/python3.12/site-packages/airflow/example_dags/example_kubernetes_executor.py
[2024-11-11T19:55:11.912+0000] {processor.py:925} INFO - DAG(s) 'example_kubernetes_executor' retrieved from /home/airflow/.local/lib/python3.12/site-packages/airflow/example_dags/example_kubernetes_executor.py
[2024-11-11T19:55:12.004+0000] {logging_mixin.py:190} INFO - [2024-11-11T19:55:12.003+0000] {dag.py:3239} INFO - Sync 1 DAGs
[2024-11-11T19:55:12.065+0000] {logging_mixin.py:190} INFO - [2024-11-11T19:55:12.064+0000] {dag.py:4180} INFO - Setting next_dagrun for example_kubernetes_executor to None, run_after=None
[2024-11-11T19:55:12.126+0000] {processor.py:208} INFO - Processing /home/airflow/.local/lib/python3.12/site-packages/airflow/example_dags/example_kubernetes_executor.py took 0.327 seconds
[2024-11-11T19:55:43.724+0000] {processor.py:186} INFO - Started process (PID=8215) to work on /home/airflow/.local/lib/python3.12/site-packages/airflow/example_dags/example_kubernetes_executor.py
[2024-11-11T19:55:43.728+0000] {processor.py:914} INFO - Processing file /home/airflow/.local/lib/python3.12/site-packages/airflow/example_dags/example_kubernetes_executor.py for tasks to queue
[2024-11-11T19:55:43.733+0000] {logging_mixin.py:190} INFO - [2024-11-11T19:55:43.732+0000] {dagbag.py:588} INFO - Filling up the DagBag from /home/airflow/.local/lib/python3.12/site-packages/airflow/example_dags/example_kubernetes_executor.py
[2024-11-11T19:55:43.844+0000] {processor.py:925} INFO - DAG(s) 'example_kubernetes_executor' retrieved from /home/airflow/.local/lib/python3.12/site-packages/airflow/example_dags/example_kubernetes_executor.py
[2024-11-11T19:55:43.931+0000] {logging_mixin.py:190} INFO - [2024-11-11T19:55:43.930+0000] {dag.py:3239} INFO - Sync 1 DAGs
[2024-11-11T19:55:43.965+0000] {logging_mixin.py:190} INFO - [2024-11-11T19:55:43.965+0000] {dag.py:4180} INFO - Setting next_dagrun for example_kubernetes_executor to None, run_after=None
[2024-11-11T19:55:44.010+0000] {processor.py:208} INFO - Processing /home/airflow/.local/lib/python3.12/site-packages/airflow/example_dags/example_kubernetes_executor.py took 0.305 seconds
[2024-11-11T19:56:14.634+0000] {processor.py:186} INFO - Started process (PID=8507) to work on /home/airflow/.local/lib/python3.12/site-packages/airflow/example_dags/example_kubernetes_executor.py
[2024-11-11T19:56:14.637+0000] {processor.py:914} INFO - Processing file /home/airflow/.local/lib/python3.12/site-packages/airflow/example_dags/example_kubernetes_executor.py for tasks to queue
[2024-11-11T19:56:14.643+0000] {logging_mixin.py:190} INFO - [2024-11-11T19:56:14.641+0000] {dagbag.py:588} INFO - Filling up the DagBag from /home/airflow/.local/lib/python3.12/site-packages/airflow/example_dags/example_kubernetes_executor.py
[2024-11-11T19:56:14.685+0000] {processor.py:925} INFO - DAG(s) 'example_kubernetes_executor' retrieved from /home/airflow/.local/lib/python3.12/site-packages/airflow/example_dags/example_kubernetes_executor.py
[2024-11-11T19:56:14.780+0000] {logging_mixin.py:190} INFO - [2024-11-11T19:56:14.780+0000] {dag.py:3239} INFO - Sync 1 DAGs
[2024-11-11T19:56:14.807+0000] {logging_mixin.py:190} INFO - [2024-11-11T19:56:14.807+0000] {dag.py:4180} INFO - Setting next_dagrun for example_kubernetes_executor to None, run_after=None
[2024-11-11T19:56:14.839+0000] {processor.py:208} INFO - Processing /home/airflow/.local/lib/python3.12/site-packages/airflow/example_dags/example_kubernetes_executor.py took 0.224 seconds
[2024-11-11T19:56:45.239+0000] {processor.py:186} INFO - Started process (PID=8795) to work on /home/airflow/.local/lib/python3.12/site-packages/airflow/example_dags/example_kubernetes_executor.py
[2024-11-11T19:56:45.244+0000] {processor.py:914} INFO - Processing file /home/airflow/.local/lib/python3.12/site-packages/airflow/example_dags/example_kubernetes_executor.py for tasks to queue
[2024-11-11T19:56:45.256+0000] {logging_mixin.py:190} INFO - [2024-11-11T19:56:45.255+0000] {dagbag.py:588} INFO - Filling up the DagBag from /home/airflow/.local/lib/python3.12/site-packages/airflow/example_dags/example_kubernetes_executor.py
[2024-11-11T19:56:45.307+0000] {processor.py:925} INFO - DAG(s) 'example_kubernetes_executor' retrieved from /home/airflow/.local/lib/python3.12/site-packages/airflow/example_dags/example_kubernetes_executor.py
[2024-11-11T19:56:45.426+0000] {logging_mixin.py:190} INFO - [2024-11-11T19:56:45.426+0000] {dag.py:3239} INFO - Sync 1 DAGs
[2024-11-11T19:56:45.453+0000] {logging_mixin.py:190} INFO - [2024-11-11T19:56:45.453+0000] {dag.py:4180} INFO - Setting next_dagrun for example_kubernetes_executor to None, run_after=None
[2024-11-11T19:56:45.489+0000] {processor.py:208} INFO - Processing /home/airflow/.local/lib/python3.12/site-packages/airflow/example_dags/example_kubernetes_executor.py took 0.288 seconds
[2024-11-11T19:57:15.816+0000] {processor.py:186} INFO - Started process (PID=9084) to work on /home/airflow/.local/lib/python3.12/site-packages/airflow/example_dags/example_kubernetes_executor.py
[2024-11-11T19:57:15.818+0000] {processor.py:914} INFO - Processing file /home/airflow/.local/lib/python3.12/site-packages/airflow/example_dags/example_kubernetes_executor.py for tasks to queue
[2024-11-11T19:57:15.822+0000] {logging_mixin.py:190} INFO - [2024-11-11T19:57:15.822+0000] {dagbag.py:588} INFO - Filling up the DagBag from /home/airflow/.local/lib/python3.12/site-packages/airflow/example_dags/example_kubernetes_executor.py
[2024-11-11T19:57:15.853+0000] {processor.py:925} INFO - DAG(s) 'example_kubernetes_executor' retrieved from /home/airflow/.local/lib/python3.12/site-packages/airflow/example_dags/example_kubernetes_executor.py
[2024-11-11T19:57:15.939+0000] {logging_mixin.py:190} INFO - [2024-11-11T19:57:15.938+0000] {dag.py:3239} INFO - Sync 1 DAGs
[2024-11-11T19:57:15.973+0000] {logging_mixin.py:190} INFO - [2024-11-11T19:57:15.972+0000] {dag.py:4180} INFO - Setting next_dagrun for example_kubernetes_executor to None, run_after=None
[2024-11-11T19:57:16.018+0000] {processor.py:208} INFO - Processing /home/airflow/.local/lib/python3.12/site-packages/airflow/example_dags/example_kubernetes_executor.py took 0.216 seconds
[2024-11-11T19:57:46.429+0000] {processor.py:186} INFO - Started process (PID=9375) to work on /home/airflow/.local/lib/python3.12/site-packages/airflow/example_dags/example_kubernetes_executor.py
[2024-11-11T19:57:46.432+0000] {processor.py:914} INFO - Processing file /home/airflow/.local/lib/python3.12/site-packages/airflow/example_dags/example_kubernetes_executor.py for tasks to queue
[2024-11-11T19:57:46.437+0000] {logging_mixin.py:190} INFO - [2024-11-11T19:57:46.436+0000] {dagbag.py:588} INFO - Filling up the DagBag from /home/airflow/.local/lib/python3.12/site-packages/airflow/example_dags/example_kubernetes_executor.py
[2024-11-11T19:57:46.483+0000] {processor.py:925} INFO - DAG(s) 'example_kubernetes_executor' retrieved from /home/airflow/.local/lib/python3.12/site-packages/airflow/example_dags/example_kubernetes_executor.py
[2024-11-11T19:57:46.607+0000] {logging_mixin.py:190} INFO - [2024-11-11T19:57:46.606+0000] {dag.py:3239} INFO - Sync 1 DAGs
[2024-11-11T19:57:46.668+0000] {logging_mixin.py:190} INFO - [2024-11-11T19:57:46.668+0000] {dag.py:4180} INFO - Setting next_dagrun for example_kubernetes_executor to None, run_after=None
[2024-11-11T19:57:46.718+0000] {processor.py:208} INFO - Processing /home/airflow/.local/lib/python3.12/site-packages/airflow/example_dags/example_kubernetes_executor.py took 0.303 seconds
[2024-11-11T19:58:17.426+0000] {processor.py:186} INFO - Started process (PID=9666) to work on /home/airflow/.local/lib/python3.12/site-packages/airflow/example_dags/example_kubernetes_executor.py
[2024-11-11T19:58:17.428+0000] {processor.py:914} INFO - Processing file /home/airflow/.local/lib/python3.12/site-packages/airflow/example_dags/example_kubernetes_executor.py for tasks to queue
[2024-11-11T19:58:17.431+0000] {logging_mixin.py:190} INFO - [2024-11-11T19:58:17.431+0000] {dagbag.py:588} INFO - Filling up the DagBag from /home/airflow/.local/lib/python3.12/site-packages/airflow/example_dags/example_kubernetes_executor.py
[2024-11-11T19:58:17.454+0000] {processor.py:925} INFO - DAG(s) 'example_kubernetes_executor' retrieved from /home/airflow/.local/lib/python3.12/site-packages/airflow/example_dags/example_kubernetes_executor.py
[2024-11-11T19:58:17.528+0000] {logging_mixin.py:190} INFO - [2024-11-11T19:58:17.528+0000] {dag.py:3239} INFO - Sync 1 DAGs
[2024-11-11T19:58:17.563+0000] {logging_mixin.py:190} INFO - [2024-11-11T19:58:17.562+0000] {dag.py:4180} INFO - Setting next_dagrun for example_kubernetes_executor to None, run_after=None
[2024-11-11T19:58:17.617+0000] {processor.py:208} INFO - Processing /home/airflow/.local/lib/python3.12/site-packages/airflow/example_dags/example_kubernetes_executor.py took 0.201 seconds
[2024-11-11T19:58:48.307+0000] {processor.py:186} INFO - Started process (PID=9952) to work on /home/airflow/.local/lib/python3.12/site-packages/airflow/example_dags/example_kubernetes_executor.py
[2024-11-11T19:58:48.310+0000] {processor.py:914} INFO - Processing file /home/airflow/.local/lib/python3.12/site-packages/airflow/example_dags/example_kubernetes_executor.py for tasks to queue
[2024-11-11T19:58:48.315+0000] {logging_mixin.py:190} INFO - [2024-11-11T19:58:48.314+0000] {dagbag.py:588} INFO - Filling up the DagBag from /home/airflow/.local/lib/python3.12/site-packages/airflow/example_dags/example_kubernetes_executor.py
[2024-11-11T19:58:48.349+0000] {processor.py:925} INFO - DAG(s) 'example_kubernetes_executor' retrieved from /home/airflow/.local/lib/python3.12/site-packages/airflow/example_dags/example_kubernetes_executor.py
[2024-11-11T19:58:48.429+0000] {logging_mixin.py:190} INFO - [2024-11-11T19:58:48.428+0000] {dag.py:3239} INFO - Sync 1 DAGs
[2024-11-11T19:58:48.457+0000] {logging_mixin.py:190} INFO - [2024-11-11T19:58:48.456+0000] {dag.py:4180} INFO - Setting next_dagrun for example_kubernetes_executor to None, run_after=None
[2024-11-11T19:58:48.493+0000] {processor.py:208} INFO - Processing /home/airflow/.local/lib/python3.12/site-packages/airflow/example_dags/example_kubernetes_executor.py took 0.201 seconds
[2024-11-11T19:59:19.033+0000] {processor.py:186} INFO - Started process (PID=10243) to work on /home/airflow/.local/lib/python3.12/site-packages/airflow/example_dags/example_kubernetes_executor.py
[2024-11-11T19:59:19.038+0000] {processor.py:914} INFO - Processing file /home/airflow/.local/lib/python3.12/site-packages/airflow/example_dags/example_kubernetes_executor.py for tasks to queue
[2024-11-11T19:59:19.048+0000] {logging_mixin.py:190} INFO - [2024-11-11T19:59:19.047+0000] {dagbag.py:588} INFO - Filling up the DagBag from /home/airflow/.local/lib/python3.12/site-packages/airflow/example_dags/example_kubernetes_executor.py
[2024-11-11T19:59:19.140+0000] {processor.py:925} INFO - DAG(s) 'example_kubernetes_executor' retrieved from /home/airflow/.local/lib/python3.12/site-packages/airflow/example_dags/example_kubernetes_executor.py
[2024-11-11T19:59:19.276+0000] {logging_mixin.py:190} INFO - [2024-11-11T19:59:19.275+0000] {dag.py:3239} INFO - Sync 1 DAGs
[2024-11-11T19:59:19.305+0000] {logging_mixin.py:190} INFO - [2024-11-11T19:59:19.305+0000] {dag.py:4180} INFO - Setting next_dagrun for example_kubernetes_executor to None, run_after=None
[2024-11-11T19:59:19.605+0000] {processor.py:208} INFO - Processing /home/airflow/.local/lib/python3.12/site-packages/airflow/example_dags/example_kubernetes_executor.py took 0.609 seconds
[2024-11-11T19:59:50.372+0000] {processor.py:186} INFO - Started process (PID=10534) to work on /home/airflow/.local/lib/python3.12/site-packages/airflow/example_dags/example_kubernetes_executor.py
[2024-11-11T19:59:50.377+0000] {processor.py:914} INFO - Processing file /home/airflow/.local/lib/python3.12/site-packages/airflow/example_dags/example_kubernetes_executor.py for tasks to queue
[2024-11-11T19:59:50.385+0000] {logging_mixin.py:190} INFO - [2024-11-11T19:59:50.384+0000] {dagbag.py:588} INFO - Filling up the DagBag from /home/airflow/.local/lib/python3.12/site-packages/airflow/example_dags/example_kubernetes_executor.py
[2024-11-11T19:59:50.425+0000] {processor.py:925} INFO - DAG(s) 'example_kubernetes_executor' retrieved from /home/airflow/.local/lib/python3.12/site-packages/airflow/example_dags/example_kubernetes_executor.py
[2024-11-11T19:59:50.495+0000] {logging_mixin.py:190} INFO - [2024-11-11T19:59:50.494+0000] {dag.py:3239} INFO - Sync 1 DAGs
[2024-11-11T19:59:50.536+0000] {logging_mixin.py:190} INFO - [2024-11-11T19:59:50.536+0000] {dag.py:4180} INFO - Setting next_dagrun for example_kubernetes_executor to None, run_after=None
[2024-11-11T19:59:50.647+0000] {processor.py:208} INFO - Processing /home/airflow/.local/lib/python3.12/site-packages/airflow/example_dags/example_kubernetes_executor.py took 0.303 seconds
[2024-11-11T20:00:20.979+0000] {processor.py:186} INFO - Started process (PID=10825) to work on /home/airflow/.local/lib/python3.12/site-packages/airflow/example_dags/example_kubernetes_executor.py
[2024-11-11T20:00:20.983+0000] {processor.py:914} INFO - Processing file /home/airflow/.local/lib/python3.12/site-packages/airflow/example_dags/example_kubernetes_executor.py for tasks to queue
[2024-11-11T20:00:20.994+0000] {logging_mixin.py:190} INFO - [2024-11-11T20:00:20.993+0000] {dagbag.py:588} INFO - Filling up the DagBag from /home/airflow/.local/lib/python3.12/site-packages/airflow/example_dags/example_kubernetes_executor.py
[2024-11-11T20:00:21.077+0000] {processor.py:925} INFO - DAG(s) 'example_kubernetes_executor' retrieved from /home/airflow/.local/lib/python3.12/site-packages/airflow/example_dags/example_kubernetes_executor.py
[2024-11-11T20:00:21.183+0000] {logging_mixin.py:190} INFO - [2024-11-11T20:00:21.182+0000] {dag.py:3239} INFO - Sync 1 DAGs
[2024-11-11T20:00:21.231+0000] {logging_mixin.py:190} INFO - [2024-11-11T20:00:21.230+0000] {dag.py:4180} INFO - Setting next_dagrun for example_kubernetes_executor to None, run_after=None
[2024-11-11T20:00:21.279+0000] {processor.py:208} INFO - Processing /home/airflow/.local/lib/python3.12/site-packages/airflow/example_dags/example_kubernetes_executor.py took 0.326 seconds
[2024-11-11T20:00:52.083+0000] {processor.py:186} INFO - Started process (PID=11111) to work on /home/airflow/.local/lib/python3.12/site-packages/airflow/example_dags/example_kubernetes_executor.py
[2024-11-11T20:00:52.086+0000] {processor.py:914} INFO - Processing file /home/airflow/.local/lib/python3.12/site-packages/airflow/example_dags/example_kubernetes_executor.py for tasks to queue
[2024-11-11T20:00:52.091+0000] {logging_mixin.py:190} INFO - [2024-11-11T20:00:52.090+0000] {dagbag.py:588} INFO - Filling up the DagBag from /home/airflow/.local/lib/python3.12/site-packages/airflow/example_dags/example_kubernetes_executor.py
[2024-11-11T20:00:52.125+0000] {processor.py:925} INFO - DAG(s) 'example_kubernetes_executor' retrieved from /home/airflow/.local/lib/python3.12/site-packages/airflow/example_dags/example_kubernetes_executor.py
[2024-11-11T20:00:52.253+0000] {logging_mixin.py:190} INFO - [2024-11-11T20:00:52.252+0000] {dag.py:3239} INFO - Sync 1 DAGs
[2024-11-11T20:00:52.345+0000] {logging_mixin.py:190} INFO - [2024-11-11T20:00:52.344+0000] {dag.py:4180} INFO - Setting next_dagrun for example_kubernetes_executor to None, run_after=None
[2024-11-11T20:00:52.404+0000] {processor.py:208} INFO - Processing /home/airflow/.local/lib/python3.12/site-packages/airflow/example_dags/example_kubernetes_executor.py took 0.341 seconds
[2024-11-11T20:01:22.572+0000] {processor.py:186} INFO - Started process (PID=11402) to work on /home/airflow/.local/lib/python3.12/site-packages/airflow/example_dags/example_kubernetes_executor.py
[2024-11-11T20:01:22.574+0000] {processor.py:914} INFO - Processing file /home/airflow/.local/lib/python3.12/site-packages/airflow/example_dags/example_kubernetes_executor.py for tasks to queue
[2024-11-11T20:01:22.579+0000] {logging_mixin.py:190} INFO - [2024-11-11T20:01:22.578+0000] {dagbag.py:588} INFO - Filling up the DagBag from /home/airflow/.local/lib/python3.12/site-packages/airflow/example_dags/example_kubernetes_executor.py
[2024-11-11T20:01:22.621+0000] {processor.py:925} INFO - DAG(s) 'example_kubernetes_executor' retrieved from /home/airflow/.local/lib/python3.12/site-packages/airflow/example_dags/example_kubernetes_executor.py
[2024-11-11T20:01:22.710+0000] {logging_mixin.py:190} INFO - [2024-11-11T20:01:22.709+0000] {dag.py:3239} INFO - Sync 1 DAGs
[2024-11-11T20:01:22.737+0000] {logging_mixin.py:190} INFO - [2024-11-11T20:01:22.736+0000] {dag.py:4180} INFO - Setting next_dagrun for example_kubernetes_executor to None, run_after=None
[2024-11-11T20:01:22.773+0000] {processor.py:208} INFO - Processing /home/airflow/.local/lib/python3.12/site-packages/airflow/example_dags/example_kubernetes_executor.py took 0.218 seconds
[2024-11-11T20:01:53.856+0000] {processor.py:186} INFO - Started process (PID=11694) to work on /home/airflow/.local/lib/python3.12/site-packages/airflow/example_dags/example_kubernetes_executor.py
[2024-11-11T20:01:53.858+0000] {processor.py:914} INFO - Processing file /home/airflow/.local/lib/python3.12/site-packages/airflow/example_dags/example_kubernetes_executor.py for tasks to queue
[2024-11-11T20:01:53.864+0000] {logging_mixin.py:190} INFO - [2024-11-11T20:01:53.864+0000] {dagbag.py:588} INFO - Filling up the DagBag from /home/airflow/.local/lib/python3.12/site-packages/airflow/example_dags/example_kubernetes_executor.py
[2024-11-11T20:01:53.924+0000] {processor.py:925} INFO - DAG(s) 'example_kubernetes_executor' retrieved from /home/airflow/.local/lib/python3.12/site-packages/airflow/example_dags/example_kubernetes_executor.py
[2024-11-11T20:01:54.036+0000] {logging_mixin.py:190} INFO - [2024-11-11T20:01:54.036+0000] {dag.py:3239} INFO - Sync 1 DAGs
[2024-11-11T20:01:54.072+0000] {logging_mixin.py:190} INFO - [2024-11-11T20:01:54.071+0000] {dag.py:4180} INFO - Setting next_dagrun for example_kubernetes_executor to None, run_after=None
[2024-11-11T20:01:54.109+0000] {processor.py:208} INFO - Processing /home/airflow/.local/lib/python3.12/site-packages/airflow/example_dags/example_kubernetes_executor.py took 0.282 seconds
[2024-11-11T20:02:25.048+0000] {processor.py:186} INFO - Started process (PID=11985) to work on /home/airflow/.local/lib/python3.12/site-packages/airflow/example_dags/example_kubernetes_executor.py
[2024-11-11T20:02:25.051+0000] {processor.py:914} INFO - Processing file /home/airflow/.local/lib/python3.12/site-packages/airflow/example_dags/example_kubernetes_executor.py for tasks to queue
[2024-11-11T20:02:25.057+0000] {logging_mixin.py:190} INFO - [2024-11-11T20:02:25.056+0000] {dagbag.py:588} INFO - Filling up the DagBag from /home/airflow/.local/lib/python3.12/site-packages/airflow/example_dags/example_kubernetes_executor.py
[2024-11-11T20:02:25.099+0000] {processor.py:925} INFO - DAG(s) 'example_kubernetes_executor' retrieved from /home/airflow/.local/lib/python3.12/site-packages/airflow/example_dags/example_kubernetes_executor.py
[2024-11-11T20:02:25.218+0000] {logging_mixin.py:190} INFO - [2024-11-11T20:02:25.218+0000] {dag.py:3239} INFO - Sync 1 DAGs
[2024-11-11T20:02:25.272+0000] {logging_mixin.py:190} INFO - [2024-11-11T20:02:25.272+0000] {dag.py:4180} INFO - Setting next_dagrun for example_kubernetes_executor to None, run_after=None
[2024-11-11T20:02:25.336+0000] {processor.py:208} INFO - Processing /home/airflow/.local/lib/python3.12/site-packages/airflow/example_dags/example_kubernetes_executor.py took 0.306 seconds
[2024-11-11T20:02:55.536+0000] {processor.py:186} INFO - Started process (PID=12276) to work on /home/airflow/.local/lib/python3.12/site-packages/airflow/example_dags/example_kubernetes_executor.py
[2024-11-11T20:02:55.539+0000] {processor.py:914} INFO - Processing file /home/airflow/.local/lib/python3.12/site-packages/airflow/example_dags/example_kubernetes_executor.py for tasks to queue
[2024-11-11T20:02:55.544+0000] {logging_mixin.py:190} INFO - [2024-11-11T20:02:55.543+0000] {dagbag.py:588} INFO - Filling up the DagBag from /home/airflow/.local/lib/python3.12/site-packages/airflow/example_dags/example_kubernetes_executor.py
[2024-11-11T20:02:55.579+0000] {processor.py:925} INFO - DAG(s) 'example_kubernetes_executor' retrieved from /home/airflow/.local/lib/python3.12/site-packages/airflow/example_dags/example_kubernetes_executor.py
[2024-11-11T20:02:55.674+0000] {logging_mixin.py:190} INFO - [2024-11-11T20:02:55.673+0000] {dag.py:3239} INFO - Sync 1 DAGs
[2024-11-11T20:02:55.716+0000] {logging_mixin.py:190} INFO - [2024-11-11T20:02:55.715+0000] {dag.py:4180} INFO - Setting next_dagrun for example_kubernetes_executor to None, run_after=None
[2024-11-11T20:02:55.762+0000] {processor.py:208} INFO - Processing /home/airflow/.local/lib/python3.12/site-packages/airflow/example_dags/example_kubernetes_executor.py took 0.270 seconds
