[2024-11-11T19:41:26.160+0000] {processor.py:186} INFO - Started process (PID=236) to work on /home/airflow/.local/lib/python3.12/site-packages/airflow/example_dags/example_workday_timetable.py
[2024-11-11T19:41:26.161+0000] {processor.py:914} INFO - Processing file /home/airflow/.local/lib/python3.12/site-packages/airflow/example_dags/example_workday_timetable.py for tasks to queue
[2024-11-11T19:41:26.165+0000] {logging_mixin.py:190} INFO - [2024-11-11T19:41:26.164+0000] {dagbag.py:588} INFO - Filling up the DagBag from /home/airflow/.local/lib/python3.12/site-packages/airflow/example_dags/example_workday_timetable.py
[2024-11-11T19:41:26.176+0000] {processor.py:925} INFO - DAG(s) 'example_workday_timetable' retrieved from /home/airflow/.local/lib/python3.12/site-packages/airflow/example_dags/example_workday_timetable.py
[2024-11-11T19:41:26.604+0000] {logging_mixin.py:190} INFO - [2024-11-11T19:41:26.603+0000] {override.py:1911} INFO - Created Permission View: can delete on DAG:example_workday_timetable
[2024-11-11T19:41:26.631+0000] {logging_mixin.py:190} INFO - [2024-11-11T19:41:26.631+0000] {override.py:1911} INFO - Created Permission View: can read on DAG:example_workday_timetable
[2024-11-11T19:41:26.645+0000] {logging_mixin.py:190} INFO - [2024-11-11T19:41:26.645+0000] {override.py:1911} INFO - Created Permission View: can edit on DAG:example_workday_timetable
[2024-11-11T19:41:26.660+0000] {logging_mixin.py:190} INFO - [2024-11-11T19:41:26.659+0000] {override.py:1911} INFO - Created Permission View: can delete on DAG Run:example_workday_timetable
[2024-11-11T19:41:26.674+0000] {logging_mixin.py:190} INFO - [2024-11-11T19:41:26.674+0000] {override.py:1911} INFO - Created Permission View: can create on DAG Run:example_workday_timetable
[2024-11-11T19:41:26.689+0000] {logging_mixin.py:190} INFO - [2024-11-11T19:41:26.688+0000] {override.py:1911} INFO - Created Permission View: menu access on DAG Run:example_workday_timetable
[2024-11-11T19:41:26.702+0000] {logging_mixin.py:190} INFO - [2024-11-11T19:41:26.702+0000] {override.py:1911} INFO - Created Permission View: can read on DAG Run:example_workday_timetable
[2024-11-11T19:41:26.704+0000] {logging_mixin.py:190} INFO - [2024-11-11T19:41:26.703+0000] {dag.py:3239} INFO - Sync 1 DAGs
[2024-11-11T19:41:26.769+0000] {logging_mixin.py:190} INFO - [2024-11-11T19:41:26.769+0000] {dag.py:3262} INFO - Creating ORM DAG for example_workday_timetable
[2024-11-11T19:41:26.967+0000] {logging_mixin.py:190} INFO - [2024-11-11T19:41:26.966+0000] {dag.py:4180} INFO - Setting next_dagrun for example_workday_timetable to 2021-01-04 00:00:00+00:00, run_after=2021-01-05 00:00:00+00:00
[2024-11-11T19:41:27.005+0000] {processor.py:208} INFO - Processing /home/airflow/.local/lib/python3.12/site-packages/airflow/example_dags/example_workday_timetable.py took 0.855 seconds
[2024-11-11T19:41:57.103+0000] {processor.py:186} INFO - Started process (PID=524) to work on /home/airflow/.local/lib/python3.12/site-packages/airflow/example_dags/example_workday_timetable.py
[2024-11-11T19:41:57.104+0000] {processor.py:914} INFO - Processing file /home/airflow/.local/lib/python3.12/site-packages/airflow/example_dags/example_workday_timetable.py for tasks to queue
[2024-11-11T19:41:57.109+0000] {logging_mixin.py:190} INFO - [2024-11-11T19:41:57.108+0000] {dagbag.py:588} INFO - Filling up the DagBag from /home/airflow/.local/lib/python3.12/site-packages/airflow/example_dags/example_workday_timetable.py
[2024-11-11T19:41:57.120+0000] {processor.py:925} INFO - DAG(s) 'example_workday_timetable' retrieved from /home/airflow/.local/lib/python3.12/site-packages/airflow/example_dags/example_workday_timetable.py
[2024-11-11T19:41:57.152+0000] {logging_mixin.py:190} INFO - [2024-11-11T19:41:57.151+0000] {dag.py:3239} INFO - Sync 1 DAGs
[2024-11-11T19:41:57.273+0000] {logging_mixin.py:190} INFO - [2024-11-11T19:41:57.272+0000] {dag.py:4180} INFO - Setting next_dagrun for example_workday_timetable to 2021-01-04 00:00:00+00:00, run_after=2021-01-05 00:00:00+00:00
[2024-11-11T19:41:57.306+0000] {processor.py:208} INFO - Processing /home/airflow/.local/lib/python3.12/site-packages/airflow/example_dags/example_workday_timetable.py took 0.215 seconds
[2024-11-11T19:42:27.945+0000] {processor.py:186} INFO - Started process (PID=813) to work on /home/airflow/.local/lib/python3.12/site-packages/airflow/example_dags/example_workday_timetable.py
[2024-11-11T19:42:27.950+0000] {processor.py:914} INFO - Processing file /home/airflow/.local/lib/python3.12/site-packages/airflow/example_dags/example_workday_timetable.py for tasks to queue
[2024-11-11T19:42:27.959+0000] {logging_mixin.py:190} INFO - [2024-11-11T19:42:27.958+0000] {dagbag.py:588} INFO - Filling up the DagBag from /home/airflow/.local/lib/python3.12/site-packages/airflow/example_dags/example_workday_timetable.py
[2024-11-11T19:42:27.986+0000] {processor.py:925} INFO - DAG(s) 'example_workday_timetable' retrieved from /home/airflow/.local/lib/python3.12/site-packages/airflow/example_dags/example_workday_timetable.py
[2024-11-11T19:42:28.072+0000] {logging_mixin.py:190} INFO - [2024-11-11T19:42:28.071+0000] {dag.py:3239} INFO - Sync 1 DAGs
[2024-11-11T19:42:28.434+0000] {logging_mixin.py:190} INFO - [2024-11-11T19:42:28.433+0000] {dag.py:4180} INFO - Setting next_dagrun for example_workday_timetable to 2021-01-04 00:00:00+00:00, run_after=2021-01-05 00:00:00+00:00
[2024-11-11T19:42:28.479+0000] {processor.py:208} INFO - Processing /home/airflow/.local/lib/python3.12/site-packages/airflow/example_dags/example_workday_timetable.py took 0.569 seconds
[2024-11-11T19:42:58.559+0000] {processor.py:186} INFO - Started process (PID=1107) to work on /home/airflow/.local/lib/python3.12/site-packages/airflow/example_dags/example_workday_timetable.py
[2024-11-11T19:42:58.561+0000] {processor.py:914} INFO - Processing file /home/airflow/.local/lib/python3.12/site-packages/airflow/example_dags/example_workday_timetable.py for tasks to queue
[2024-11-11T19:42:58.566+0000] {logging_mixin.py:190} INFO - [2024-11-11T19:42:58.565+0000] {dagbag.py:588} INFO - Filling up the DagBag from /home/airflow/.local/lib/python3.12/site-packages/airflow/example_dags/example_workday_timetable.py
[2024-11-11T19:42:58.578+0000] {processor.py:925} INFO - DAG(s) 'example_workday_timetable' retrieved from /home/airflow/.local/lib/python3.12/site-packages/airflow/example_dags/example_workday_timetable.py
[2024-11-11T19:42:58.619+0000] {logging_mixin.py:190} INFO - [2024-11-11T19:42:58.619+0000] {dag.py:3239} INFO - Sync 1 DAGs
[2024-11-11T19:42:58.746+0000] {logging_mixin.py:190} INFO - [2024-11-11T19:42:58.745+0000] {dag.py:4180} INFO - Setting next_dagrun for example_workday_timetable to 2021-01-04 00:00:00+00:00, run_after=2021-01-05 00:00:00+00:00
[2024-11-11T19:42:58.797+0000] {processor.py:208} INFO - Processing /home/airflow/.local/lib/python3.12/site-packages/airflow/example_dags/example_workday_timetable.py took 0.250 seconds
[2024-11-11T19:43:29.335+0000] {processor.py:186} INFO - Started process (PID=1396) to work on /home/airflow/.local/lib/python3.12/site-packages/airflow/example_dags/example_workday_timetable.py
[2024-11-11T19:43:29.338+0000] {processor.py:914} INFO - Processing file /home/airflow/.local/lib/python3.12/site-packages/airflow/example_dags/example_workday_timetable.py for tasks to queue
[2024-11-11T19:43:29.343+0000] {logging_mixin.py:190} INFO - [2024-11-11T19:43:29.343+0000] {dagbag.py:588} INFO - Filling up the DagBag from /home/airflow/.local/lib/python3.12/site-packages/airflow/example_dags/example_workday_timetable.py
[2024-11-11T19:43:29.356+0000] {processor.py:925} INFO - DAG(s) 'example_workday_timetable' retrieved from /home/airflow/.local/lib/python3.12/site-packages/airflow/example_dags/example_workday_timetable.py
[2024-11-11T19:43:29.392+0000] {logging_mixin.py:190} INFO - [2024-11-11T19:43:29.392+0000] {dag.py:3239} INFO - Sync 1 DAGs
[2024-11-11T19:43:29.501+0000] {logging_mixin.py:190} INFO - [2024-11-11T19:43:29.501+0000] {dag.py:4180} INFO - Setting next_dagrun for example_workday_timetable to 2021-01-04 00:00:00+00:00, run_after=2021-01-05 00:00:00+00:00
[2024-11-11T19:43:29.538+0000] {processor.py:208} INFO - Processing /home/airflow/.local/lib/python3.12/site-packages/airflow/example_dags/example_workday_timetable.py took 0.218 seconds
[2024-11-11T19:44:00.009+0000] {processor.py:186} INFO - Started process (PID=1687) to work on /home/airflow/.local/lib/python3.12/site-packages/airflow/example_dags/example_workday_timetable.py
[2024-11-11T19:44:00.011+0000] {processor.py:914} INFO - Processing file /home/airflow/.local/lib/python3.12/site-packages/airflow/example_dags/example_workday_timetable.py for tasks to queue
[2024-11-11T19:44:00.016+0000] {logging_mixin.py:190} INFO - [2024-11-11T19:44:00.015+0000] {dagbag.py:588} INFO - Filling up the DagBag from /home/airflow/.local/lib/python3.12/site-packages/airflow/example_dags/example_workday_timetable.py
[2024-11-11T19:44:00.029+0000] {processor.py:925} INFO - DAG(s) 'example_workday_timetable' retrieved from /home/airflow/.local/lib/python3.12/site-packages/airflow/example_dags/example_workday_timetable.py
[2024-11-11T19:44:00.073+0000] {logging_mixin.py:190} INFO - [2024-11-11T19:44:00.073+0000] {dag.py:3239} INFO - Sync 1 DAGs
[2024-11-11T19:44:00.207+0000] {logging_mixin.py:190} INFO - [2024-11-11T19:44:00.207+0000] {dag.py:4180} INFO - Setting next_dagrun for example_workday_timetable to 2021-01-04 00:00:00+00:00, run_after=2021-01-05 00:00:00+00:00
[2024-11-11T19:44:00.236+0000] {processor.py:208} INFO - Processing /home/airflow/.local/lib/python3.12/site-packages/airflow/example_dags/example_workday_timetable.py took 0.242 seconds
[2024-11-11T19:44:30.813+0000] {processor.py:186} INFO - Started process (PID=1978) to work on /home/airflow/.local/lib/python3.12/site-packages/airflow/example_dags/example_workday_timetable.py
[2024-11-11T19:44:30.815+0000] {processor.py:914} INFO - Processing file /home/airflow/.local/lib/python3.12/site-packages/airflow/example_dags/example_workday_timetable.py for tasks to queue
[2024-11-11T19:44:30.819+0000] {logging_mixin.py:190} INFO - [2024-11-11T19:44:30.818+0000] {dagbag.py:588} INFO - Filling up the DagBag from /home/airflow/.local/lib/python3.12/site-packages/airflow/example_dags/example_workday_timetable.py
[2024-11-11T19:44:30.827+0000] {processor.py:925} INFO - DAG(s) 'example_workday_timetable' retrieved from /home/airflow/.local/lib/python3.12/site-packages/airflow/example_dags/example_workday_timetable.py
[2024-11-11T19:44:30.858+0000] {logging_mixin.py:190} INFO - [2024-11-11T19:44:30.858+0000] {dag.py:3239} INFO - Sync 1 DAGs
[2024-11-11T19:44:30.966+0000] {logging_mixin.py:190} INFO - [2024-11-11T19:44:30.965+0000] {dag.py:4180} INFO - Setting next_dagrun for example_workday_timetable to 2021-01-04 00:00:00+00:00, run_after=2021-01-05 00:00:00+00:00
[2024-11-11T19:44:30.996+0000] {processor.py:208} INFO - Processing /home/airflow/.local/lib/python3.12/site-packages/airflow/example_dags/example_workday_timetable.py took 0.195 seconds
[2024-11-11T19:45:01.819+0000] {processor.py:186} INFO - Started process (PID=2269) to work on /home/airflow/.local/lib/python3.12/site-packages/airflow/example_dags/example_workday_timetable.py
[2024-11-11T19:45:01.823+0000] {processor.py:914} INFO - Processing file /home/airflow/.local/lib/python3.12/site-packages/airflow/example_dags/example_workday_timetable.py for tasks to queue
[2024-11-11T19:45:01.833+0000] {logging_mixin.py:190} INFO - [2024-11-11T19:45:01.832+0000] {dagbag.py:588} INFO - Filling up the DagBag from /home/airflow/.local/lib/python3.12/site-packages/airflow/example_dags/example_workday_timetable.py
[2024-11-11T19:45:01.851+0000] {processor.py:925} INFO - DAG(s) 'example_workday_timetable' retrieved from /home/airflow/.local/lib/python3.12/site-packages/airflow/example_dags/example_workday_timetable.py
[2024-11-11T19:45:01.897+0000] {logging_mixin.py:190} INFO - [2024-11-11T19:45:01.896+0000] {dag.py:3239} INFO - Sync 1 DAGs
[2024-11-11T19:45:02.052+0000] {logging_mixin.py:190} INFO - [2024-11-11T19:45:02.052+0000] {dag.py:4180} INFO - Setting next_dagrun for example_workday_timetable to 2021-01-04 00:00:00+00:00, run_after=2021-01-05 00:00:00+00:00
[2024-11-11T19:45:02.081+0000] {processor.py:208} INFO - Processing /home/airflow/.local/lib/python3.12/site-packages/airflow/example_dags/example_workday_timetable.py took 0.304 seconds
[2024-11-11T19:45:32.840+0000] {processor.py:186} INFO - Started process (PID=2560) to work on /home/airflow/.local/lib/python3.12/site-packages/airflow/example_dags/example_workday_timetable.py
[2024-11-11T19:45:32.842+0000] {processor.py:914} INFO - Processing file /home/airflow/.local/lib/python3.12/site-packages/airflow/example_dags/example_workday_timetable.py for tasks to queue
[2024-11-11T19:45:32.847+0000] {logging_mixin.py:190} INFO - [2024-11-11T19:45:32.846+0000] {dagbag.py:588} INFO - Filling up the DagBag from /home/airflow/.local/lib/python3.12/site-packages/airflow/example_dags/example_workday_timetable.py
[2024-11-11T19:45:32.860+0000] {processor.py:925} INFO - DAG(s) 'example_workday_timetable' retrieved from /home/airflow/.local/lib/python3.12/site-packages/airflow/example_dags/example_workday_timetable.py
[2024-11-11T19:45:32.906+0000] {logging_mixin.py:190} INFO - [2024-11-11T19:45:32.906+0000] {dag.py:3239} INFO - Sync 1 DAGs
[2024-11-11T19:45:33.070+0000] {logging_mixin.py:190} INFO - [2024-11-11T19:45:33.070+0000] {dag.py:4180} INFO - Setting next_dagrun for example_workday_timetable to 2021-01-04 00:00:00+00:00, run_after=2021-01-05 00:00:00+00:00
[2024-11-11T19:45:33.110+0000] {processor.py:208} INFO - Processing /home/airflow/.local/lib/python3.12/site-packages/airflow/example_dags/example_workday_timetable.py took 0.289 seconds
[2024-11-11T19:46:03.998+0000] {processor.py:186} INFO - Started process (PID=2851) to work on /home/airflow/.local/lib/python3.12/site-packages/airflow/example_dags/example_workday_timetable.py
[2024-11-11T19:46:04.006+0000] {processor.py:914} INFO - Processing file /home/airflow/.local/lib/python3.12/site-packages/airflow/example_dags/example_workday_timetable.py for tasks to queue
[2024-11-11T19:46:04.010+0000] {logging_mixin.py:190} INFO - [2024-11-11T19:46:04.009+0000] {dagbag.py:588} INFO - Filling up the DagBag from /home/airflow/.local/lib/python3.12/site-packages/airflow/example_dags/example_workday_timetable.py
[2024-11-11T19:46:04.027+0000] {processor.py:925} INFO - DAG(s) 'example_workday_timetable' retrieved from /home/airflow/.local/lib/python3.12/site-packages/airflow/example_dags/example_workday_timetable.py
[2024-11-11T19:46:04.088+0000] {logging_mixin.py:190} INFO - [2024-11-11T19:46:04.088+0000] {dag.py:3239} INFO - Sync 1 DAGs
[2024-11-11T19:46:04.266+0000] {logging_mixin.py:190} INFO - [2024-11-11T19:46:04.265+0000] {dag.py:4180} INFO - Setting next_dagrun for example_workday_timetable to 2021-01-04 00:00:00+00:00, run_after=2021-01-05 00:00:00+00:00
[2024-11-11T19:46:04.296+0000] {processor.py:208} INFO - Processing /home/airflow/.local/lib/python3.12/site-packages/airflow/example_dags/example_workday_timetable.py took 0.322 seconds
[2024-11-11T19:46:35.397+0000] {processor.py:186} INFO - Started process (PID=3142) to work on /home/airflow/.local/lib/python3.12/site-packages/airflow/example_dags/example_workday_timetable.py
[2024-11-11T19:46:35.399+0000] {processor.py:914} INFO - Processing file /home/airflow/.local/lib/python3.12/site-packages/airflow/example_dags/example_workday_timetable.py for tasks to queue
[2024-11-11T19:46:35.402+0000] {logging_mixin.py:190} INFO - [2024-11-11T19:46:35.402+0000] {dagbag.py:588} INFO - Filling up the DagBag from /home/airflow/.local/lib/python3.12/site-packages/airflow/example_dags/example_workday_timetable.py
[2024-11-11T19:46:35.412+0000] {processor.py:925} INFO - DAG(s) 'example_workday_timetable' retrieved from /home/airflow/.local/lib/python3.12/site-packages/airflow/example_dags/example_workday_timetable.py
[2024-11-11T19:46:35.446+0000] {logging_mixin.py:190} INFO - [2024-11-11T19:46:35.445+0000] {dag.py:3239} INFO - Sync 1 DAGs
[2024-11-11T19:46:35.576+0000] {logging_mixin.py:190} INFO - [2024-11-11T19:46:35.575+0000] {dag.py:4180} INFO - Setting next_dagrun for example_workday_timetable to 2021-01-04 00:00:00+00:00, run_after=2021-01-05 00:00:00+00:00
[2024-11-11T19:46:35.611+0000] {processor.py:208} INFO - Processing /home/airflow/.local/lib/python3.12/site-packages/airflow/example_dags/example_workday_timetable.py took 0.228 seconds
[2024-11-11T19:47:09.960+0000] {processor.py:186} INFO - Started process (PID=3423) to work on /home/airflow/.local/lib/python3.12/site-packages/airflow/example_dags/example_workday_timetable.py
[2024-11-11T19:47:09.962+0000] {processor.py:914} INFO - Processing file /home/airflow/.local/lib/python3.12/site-packages/airflow/example_dags/example_workday_timetable.py for tasks to queue
[2024-11-11T19:47:09.972+0000] {logging_mixin.py:190} INFO - [2024-11-11T19:47:09.968+0000] {dagbag.py:588} INFO - Filling up the DagBag from /home/airflow/.local/lib/python3.12/site-packages/airflow/example_dags/example_workday_timetable.py
[2024-11-11T19:47:09.984+0000] {processor.py:925} INFO - DAG(s) 'example_workday_timetable' retrieved from /home/airflow/.local/lib/python3.12/site-packages/airflow/example_dags/example_workday_timetable.py
[2024-11-11T19:47:10.026+0000] {logging_mixin.py:190} INFO - [2024-11-11T19:47:10.026+0000] {dag.py:3239} INFO - Sync 1 DAGs
[2024-11-11T19:47:10.205+0000] {logging_mixin.py:190} INFO - [2024-11-11T19:47:10.204+0000] {dag.py:4180} INFO - Setting next_dagrun for example_workday_timetable to 2021-01-04 00:00:00+00:00, run_after=2021-01-05 00:00:00+00:00
[2024-11-11T19:47:10.249+0000] {processor.py:208} INFO - Processing /home/airflow/.local/lib/python3.12/site-packages/airflow/example_dags/example_workday_timetable.py took 0.303 seconds
[2024-11-11T19:47:41.515+0000] {processor.py:186} INFO - Started process (PID=3715) to work on /home/airflow/.local/lib/python3.12/site-packages/airflow/example_dags/example_workday_timetable.py
[2024-11-11T19:47:41.518+0000] {processor.py:914} INFO - Processing file /home/airflow/.local/lib/python3.12/site-packages/airflow/example_dags/example_workday_timetable.py for tasks to queue
[2024-11-11T19:47:41.522+0000] {logging_mixin.py:190} INFO - [2024-11-11T19:47:41.521+0000] {dagbag.py:588} INFO - Filling up the DagBag from /home/airflow/.local/lib/python3.12/site-packages/airflow/example_dags/example_workday_timetable.py
[2024-11-11T19:47:41.541+0000] {processor.py:925} INFO - DAG(s) 'example_workday_timetable' retrieved from /home/airflow/.local/lib/python3.12/site-packages/airflow/example_dags/example_workday_timetable.py
[2024-11-11T19:47:41.582+0000] {logging_mixin.py:190} INFO - [2024-11-11T19:47:41.582+0000] {dag.py:3239} INFO - Sync 1 DAGs
[2024-11-11T19:47:41.752+0000] {logging_mixin.py:190} INFO - [2024-11-11T19:47:41.752+0000] {dag.py:4180} INFO - Setting next_dagrun for example_workday_timetable to 2021-01-04 00:00:00+00:00, run_after=2021-01-05 00:00:00+00:00
[2024-11-11T19:47:41.801+0000] {processor.py:208} INFO - Processing /home/airflow/.local/lib/python3.12/site-packages/airflow/example_dags/example_workday_timetable.py took 0.302 seconds
[2024-11-11T19:48:12.758+0000] {processor.py:186} INFO - Started process (PID=3992) to work on /home/airflow/.local/lib/python3.12/site-packages/airflow/example_dags/example_workday_timetable.py
[2024-11-11T19:48:12.760+0000] {processor.py:914} INFO - Processing file /home/airflow/.local/lib/python3.12/site-packages/airflow/example_dags/example_workday_timetable.py for tasks to queue
[2024-11-11T19:48:12.770+0000] {logging_mixin.py:190} INFO - [2024-11-11T19:48:12.767+0000] {dagbag.py:588} INFO - Filling up the DagBag from /home/airflow/.local/lib/python3.12/site-packages/airflow/example_dags/example_workday_timetable.py
[2024-11-11T19:48:12.789+0000] {processor.py:925} INFO - DAG(s) 'example_workday_timetable' retrieved from /home/airflow/.local/lib/python3.12/site-packages/airflow/example_dags/example_workday_timetable.py
[2024-11-11T19:48:12.840+0000] {logging_mixin.py:190} INFO - [2024-11-11T19:48:12.839+0000] {dag.py:3239} INFO - Sync 1 DAGs
[2024-11-11T19:48:13.176+0000] {logging_mixin.py:190} INFO - [2024-11-11T19:48:13.176+0000] {dag.py:4180} INFO - Setting next_dagrun for example_workday_timetable to 2021-01-04 00:00:00+00:00, run_after=2021-01-05 00:00:00+00:00
[2024-11-11T19:48:13.223+0000] {processor.py:208} INFO - Processing /home/airflow/.local/lib/python3.12/site-packages/airflow/example_dags/example_workday_timetable.py took 0.483 seconds
[2024-11-11T19:48:45.651+0000] {processor.py:186} INFO - Started process (PID=4278) to work on /home/airflow/.local/lib/python3.12/site-packages/airflow/example_dags/example_workday_timetable.py
[2024-11-11T19:48:45.655+0000] {processor.py:914} INFO - Processing file /home/airflow/.local/lib/python3.12/site-packages/airflow/example_dags/example_workday_timetable.py for tasks to queue
[2024-11-11T19:48:45.683+0000] {logging_mixin.py:190} INFO - [2024-11-11T19:48:45.681+0000] {dagbag.py:588} INFO - Filling up the DagBag from /home/airflow/.local/lib/python3.12/site-packages/airflow/example_dags/example_workday_timetable.py
[2024-11-11T19:48:45.710+0000] {processor.py:925} INFO - DAG(s) 'example_workday_timetable' retrieved from /home/airflow/.local/lib/python3.12/site-packages/airflow/example_dags/example_workday_timetable.py
[2024-11-11T19:48:45.767+0000] {logging_mixin.py:190} INFO - [2024-11-11T19:48:45.766+0000] {dag.py:3239} INFO - Sync 1 DAGs
[2024-11-11T19:48:45.967+0000] {logging_mixin.py:190} INFO - [2024-11-11T19:48:45.967+0000] {dag.py:4180} INFO - Setting next_dagrun for example_workday_timetable to 2021-01-04 00:00:00+00:00, run_after=2021-01-05 00:00:00+00:00
[2024-11-11T19:48:46.005+0000] {processor.py:208} INFO - Processing /home/airflow/.local/lib/python3.12/site-packages/airflow/example_dags/example_workday_timetable.py took 0.409 seconds
[2024-11-11T19:49:17.764+0000] {processor.py:186} INFO - Started process (PID=4577) to work on /home/airflow/.local/lib/python3.12/site-packages/airflow/example_dags/example_workday_timetable.py
[2024-11-11T19:49:17.766+0000] {processor.py:914} INFO - Processing file /home/airflow/.local/lib/python3.12/site-packages/airflow/example_dags/example_workday_timetable.py for tasks to queue
[2024-11-11T19:49:17.770+0000] {logging_mixin.py:190} INFO - [2024-11-11T19:49:17.770+0000] {dagbag.py:588} INFO - Filling up the DagBag from /home/airflow/.local/lib/python3.12/site-packages/airflow/example_dags/example_workday_timetable.py
[2024-11-11T19:49:17.781+0000] {processor.py:925} INFO - DAG(s) 'example_workday_timetable' retrieved from /home/airflow/.local/lib/python3.12/site-packages/airflow/example_dags/example_workday_timetable.py
[2024-11-11T19:49:17.817+0000] {logging_mixin.py:190} INFO - [2024-11-11T19:49:17.816+0000] {dag.py:3239} INFO - Sync 1 DAGs
[2024-11-11T19:49:17.978+0000] {logging_mixin.py:190} INFO - [2024-11-11T19:49:17.978+0000] {dag.py:4180} INFO - Setting next_dagrun for example_workday_timetable to 2021-01-04 00:00:00+00:00, run_after=2021-01-05 00:00:00+00:00
[2024-11-11T19:49:18.012+0000] {processor.py:208} INFO - Processing /home/airflow/.local/lib/python3.12/site-packages/airflow/example_dags/example_workday_timetable.py took 0.263 seconds
[2024-11-11T19:49:48.310+0000] {processor.py:186} INFO - Started process (PID=4820) to work on /home/airflow/.local/lib/python3.12/site-packages/airflow/example_dags/example_workday_timetable.py
[2024-11-11T19:49:48.312+0000] {processor.py:914} INFO - Processing file /home/airflow/.local/lib/python3.12/site-packages/airflow/example_dags/example_workday_timetable.py for tasks to queue
[2024-11-11T19:49:48.318+0000] {logging_mixin.py:190} INFO - [2024-11-11T19:49:48.317+0000] {dagbag.py:588} INFO - Filling up the DagBag from /home/airflow/.local/lib/python3.12/site-packages/airflow/example_dags/example_workday_timetable.py
[2024-11-11T19:49:48.335+0000] {processor.py:925} INFO - DAG(s) 'example_workday_timetable' retrieved from /home/airflow/.local/lib/python3.12/site-packages/airflow/example_dags/example_workday_timetable.py
[2024-11-11T19:49:48.388+0000] {logging_mixin.py:190} INFO - [2024-11-11T19:49:48.387+0000] {dag.py:3239} INFO - Sync 1 DAGs
[2024-11-11T19:49:48.584+0000] {logging_mixin.py:190} INFO - [2024-11-11T19:49:48.584+0000] {dag.py:4180} INFO - Setting next_dagrun for example_workday_timetable to 2021-01-04 00:00:00+00:00, run_after=2021-01-05 00:00:00+00:00
[2024-11-11T19:49:48.637+0000] {processor.py:208} INFO - Processing /home/airflow/.local/lib/python3.12/site-packages/airflow/example_dags/example_workday_timetable.py took 0.347 seconds
[2024-11-11T19:50:20.451+0000] {processor.py:186} INFO - Started process (PID=5117) to work on /home/airflow/.local/lib/python3.12/site-packages/airflow/example_dags/example_workday_timetable.py
[2024-11-11T19:50:20.457+0000] {processor.py:914} INFO - Processing file /home/airflow/.local/lib/python3.12/site-packages/airflow/example_dags/example_workday_timetable.py for tasks to queue
[2024-11-11T19:50:20.465+0000] {logging_mixin.py:190} INFO - [2024-11-11T19:50:20.464+0000] {dagbag.py:588} INFO - Filling up the DagBag from /home/airflow/.local/lib/python3.12/site-packages/airflow/example_dags/example_workday_timetable.py
[2024-11-11T19:50:20.487+0000] {processor.py:925} INFO - DAG(s) 'example_workday_timetable' retrieved from /home/airflow/.local/lib/python3.12/site-packages/airflow/example_dags/example_workday_timetable.py
[2024-11-11T19:50:20.531+0000] {logging_mixin.py:190} INFO - [2024-11-11T19:50:20.531+0000] {dag.py:3239} INFO - Sync 1 DAGs
[2024-11-11T19:50:21.059+0000] {logging_mixin.py:190} INFO - [2024-11-11T19:50:21.058+0000] {dag.py:4180} INFO - Setting next_dagrun for example_workday_timetable to 2021-01-04 00:00:00+00:00, run_after=2021-01-05 00:00:00+00:00
[2024-11-11T19:50:21.155+0000] {processor.py:208} INFO - Processing /home/airflow/.local/lib/python3.12/site-packages/airflow/example_dags/example_workday_timetable.py took 0.738 seconds
[2024-11-11T19:50:51.447+0000] {processor.py:186} INFO - Started process (PID=5405) to work on /home/airflow/.local/lib/python3.12/site-packages/airflow/example_dags/example_workday_timetable.py
[2024-11-11T19:50:51.451+0000] {processor.py:914} INFO - Processing file /home/airflow/.local/lib/python3.12/site-packages/airflow/example_dags/example_workday_timetable.py for tasks to queue
[2024-11-11T19:50:51.459+0000] {logging_mixin.py:190} INFO - [2024-11-11T19:50:51.457+0000] {dagbag.py:588} INFO - Filling up the DagBag from /home/airflow/.local/lib/python3.12/site-packages/airflow/example_dags/example_workday_timetable.py
[2024-11-11T19:50:51.477+0000] {processor.py:925} INFO - DAG(s) 'example_workday_timetable' retrieved from /home/airflow/.local/lib/python3.12/site-packages/airflow/example_dags/example_workday_timetable.py
[2024-11-11T19:50:51.518+0000] {logging_mixin.py:190} INFO - [2024-11-11T19:50:51.518+0000] {dag.py:3239} INFO - Sync 1 DAGs
[2024-11-11T19:50:51.663+0000] {logging_mixin.py:190} INFO - [2024-11-11T19:50:51.662+0000] {dag.py:4180} INFO - Setting next_dagrun for example_workday_timetable to 2021-01-04 00:00:00+00:00, run_after=2021-01-05 00:00:00+00:00
[2024-11-11T19:50:51.698+0000] {processor.py:208} INFO - Processing /home/airflow/.local/lib/python3.12/site-packages/airflow/example_dags/example_workday_timetable.py took 0.273 seconds
[2024-11-11T19:51:21.865+0000] {processor.py:186} INFO - Started process (PID=5688) to work on /home/airflow/.local/lib/python3.12/site-packages/airflow/example_dags/example_workday_timetable.py
[2024-11-11T19:51:21.867+0000] {processor.py:914} INFO - Processing file /home/airflow/.local/lib/python3.12/site-packages/airflow/example_dags/example_workday_timetable.py for tasks to queue
[2024-11-11T19:51:21.873+0000] {logging_mixin.py:190} INFO - [2024-11-11T19:51:21.872+0000] {dagbag.py:588} INFO - Filling up the DagBag from /home/airflow/.local/lib/python3.12/site-packages/airflow/example_dags/example_workday_timetable.py
[2024-11-11T19:51:21.889+0000] {processor.py:925} INFO - DAG(s) 'example_workday_timetable' retrieved from /home/airflow/.local/lib/python3.12/site-packages/airflow/example_dags/example_workday_timetable.py
[2024-11-11T19:51:21.939+0000] {logging_mixin.py:190} INFO - [2024-11-11T19:51:21.939+0000] {dag.py:3239} INFO - Sync 1 DAGs
[2024-11-11T19:51:22.064+0000] {logging_mixin.py:190} INFO - [2024-11-11T19:51:22.063+0000] {dag.py:4180} INFO - Setting next_dagrun for example_workday_timetable to 2021-01-04 00:00:00+00:00, run_after=2021-01-05 00:00:00+00:00
[2024-11-11T19:51:22.097+0000] {processor.py:208} INFO - Processing /home/airflow/.local/lib/python3.12/site-packages/airflow/example_dags/example_workday_timetable.py took 0.249 seconds
[2024-11-11T19:51:52.940+0000] {processor.py:186} INFO - Started process (PID=5983) to work on /home/airflow/.local/lib/python3.12/site-packages/airflow/example_dags/example_workday_timetable.py
[2024-11-11T19:51:52.942+0000] {processor.py:914} INFO - Processing file /home/airflow/.local/lib/python3.12/site-packages/airflow/example_dags/example_workday_timetable.py for tasks to queue
[2024-11-11T19:51:52.947+0000] {logging_mixin.py:190} INFO - [2024-11-11T19:51:52.946+0000] {dagbag.py:588} INFO - Filling up the DagBag from /home/airflow/.local/lib/python3.12/site-packages/airflow/example_dags/example_workday_timetable.py
[2024-11-11T19:51:52.960+0000] {processor.py:925} INFO - DAG(s) 'example_workday_timetable' retrieved from /home/airflow/.local/lib/python3.12/site-packages/airflow/example_dags/example_workday_timetable.py
[2024-11-11T19:51:53.039+0000] {logging_mixin.py:190} INFO - [2024-11-11T19:51:53.038+0000] {dag.py:3239} INFO - Sync 1 DAGs
[2024-11-11T19:51:53.229+0000] {logging_mixin.py:190} INFO - [2024-11-11T19:51:53.229+0000] {dag.py:4180} INFO - Setting next_dagrun for example_workday_timetable to 2021-01-04 00:00:00+00:00, run_after=2021-01-05 00:00:00+00:00
[2024-11-11T19:51:53.267+0000] {processor.py:208} INFO - Processing /home/airflow/.local/lib/python3.12/site-packages/airflow/example_dags/example_workday_timetable.py took 0.345 seconds
[2024-11-11T19:52:23.670+0000] {processor.py:186} INFO - Started process (PID=6268) to work on /home/airflow/.local/lib/python3.12/site-packages/airflow/example_dags/example_workday_timetable.py
[2024-11-11T19:52:23.673+0000] {processor.py:914} INFO - Processing file /home/airflow/.local/lib/python3.12/site-packages/airflow/example_dags/example_workday_timetable.py for tasks to queue
[2024-11-11T19:52:23.679+0000] {logging_mixin.py:190} INFO - [2024-11-11T19:52:23.678+0000] {dagbag.py:588} INFO - Filling up the DagBag from /home/airflow/.local/lib/python3.12/site-packages/airflow/example_dags/example_workday_timetable.py
[2024-11-11T19:52:23.690+0000] {processor.py:925} INFO - DAG(s) 'example_workday_timetable' retrieved from /home/airflow/.local/lib/python3.12/site-packages/airflow/example_dags/example_workday_timetable.py
[2024-11-11T19:52:23.726+0000] {logging_mixin.py:190} INFO - [2024-11-11T19:52:23.726+0000] {dag.py:3239} INFO - Sync 1 DAGs
[2024-11-11T19:52:23.853+0000] {logging_mixin.py:190} INFO - [2024-11-11T19:52:23.853+0000] {dag.py:4180} INFO - Setting next_dagrun for example_workday_timetable to 2021-01-04 00:00:00+00:00, run_after=2021-01-05 00:00:00+00:00
[2024-11-11T19:52:23.893+0000] {processor.py:208} INFO - Processing /home/airflow/.local/lib/python3.12/site-packages/airflow/example_dags/example_workday_timetable.py took 0.252 seconds
[2024-11-11T19:52:54.112+0000] {processor.py:186} INFO - Started process (PID=6559) to work on /home/airflow/.local/lib/python3.12/site-packages/airflow/example_dags/example_workday_timetable.py
[2024-11-11T19:52:54.115+0000] {processor.py:914} INFO - Processing file /home/airflow/.local/lib/python3.12/site-packages/airflow/example_dags/example_workday_timetable.py for tasks to queue
[2024-11-11T19:52:54.123+0000] {logging_mixin.py:190} INFO - [2024-11-11T19:52:54.122+0000] {dagbag.py:588} INFO - Filling up the DagBag from /home/airflow/.local/lib/python3.12/site-packages/airflow/example_dags/example_workday_timetable.py
[2024-11-11T19:52:54.146+0000] {processor.py:925} INFO - DAG(s) 'example_workday_timetable' retrieved from /home/airflow/.local/lib/python3.12/site-packages/airflow/example_dags/example_workday_timetable.py
[2024-11-11T19:52:54.230+0000] {logging_mixin.py:190} INFO - [2024-11-11T19:52:54.229+0000] {dag.py:3239} INFO - Sync 1 DAGs
[2024-11-11T19:52:54.489+0000] {logging_mixin.py:190} INFO - [2024-11-11T19:52:54.489+0000] {dag.py:4180} INFO - Setting next_dagrun for example_workday_timetable to 2021-01-04 00:00:00+00:00, run_after=2021-01-05 00:00:00+00:00
[2024-11-11T19:52:54.541+0000] {processor.py:208} INFO - Processing /home/airflow/.local/lib/python3.12/site-packages/airflow/example_dags/example_workday_timetable.py took 0.455 seconds
[2024-11-11T19:53:25.486+0000] {processor.py:186} INFO - Started process (PID=6850) to work on /home/airflow/.local/lib/python3.12/site-packages/airflow/example_dags/example_workday_timetable.py
[2024-11-11T19:53:25.495+0000] {processor.py:914} INFO - Processing file /home/airflow/.local/lib/python3.12/site-packages/airflow/example_dags/example_workday_timetable.py for tasks to queue
[2024-11-11T19:53:25.504+0000] {logging_mixin.py:190} INFO - [2024-11-11T19:53:25.502+0000] {dagbag.py:588} INFO - Filling up the DagBag from /home/airflow/.local/lib/python3.12/site-packages/airflow/example_dags/example_workday_timetable.py
[2024-11-11T19:53:25.530+0000] {processor.py:925} INFO - DAG(s) 'example_workday_timetable' retrieved from /home/airflow/.local/lib/python3.12/site-packages/airflow/example_dags/example_workday_timetable.py
[2024-11-11T19:53:25.619+0000] {logging_mixin.py:190} INFO - [2024-11-11T19:53:25.618+0000] {dag.py:3239} INFO - Sync 1 DAGs
[2024-11-11T19:53:25.818+0000] {logging_mixin.py:190} INFO - [2024-11-11T19:53:25.817+0000] {dag.py:4180} INFO - Setting next_dagrun for example_workday_timetable to 2021-01-04 00:00:00+00:00, run_after=2021-01-05 00:00:00+00:00
[2024-11-11T19:53:25.853+0000] {processor.py:208} INFO - Processing /home/airflow/.local/lib/python3.12/site-packages/airflow/example_dags/example_workday_timetable.py took 0.395 seconds
[2024-11-11T19:53:56.152+0000] {processor.py:186} INFO - Started process (PID=7139) to work on /home/airflow/.local/lib/python3.12/site-packages/airflow/example_dags/example_workday_timetable.py
[2024-11-11T19:53:56.159+0000] {processor.py:914} INFO - Processing file /home/airflow/.local/lib/python3.12/site-packages/airflow/example_dags/example_workday_timetable.py for tasks to queue
[2024-11-11T19:53:56.166+0000] {logging_mixin.py:190} INFO - [2024-11-11T19:53:56.165+0000] {dagbag.py:588} INFO - Filling up the DagBag from /home/airflow/.local/lib/python3.12/site-packages/airflow/example_dags/example_workday_timetable.py
[2024-11-11T19:53:56.179+0000] {processor.py:925} INFO - DAG(s) 'example_workday_timetable' retrieved from /home/airflow/.local/lib/python3.12/site-packages/airflow/example_dags/example_workday_timetable.py
[2024-11-11T19:53:56.215+0000] {logging_mixin.py:190} INFO - [2024-11-11T19:53:56.214+0000] {dag.py:3239} INFO - Sync 1 DAGs
[2024-11-11T19:53:56.323+0000] {logging_mixin.py:190} INFO - [2024-11-11T19:53:56.323+0000] {dag.py:4180} INFO - Setting next_dagrun for example_workday_timetable to 2021-01-04 00:00:00+00:00, run_after=2021-01-05 00:00:00+00:00
[2024-11-11T19:53:56.354+0000] {processor.py:208} INFO - Processing /home/airflow/.local/lib/python3.12/site-packages/airflow/example_dags/example_workday_timetable.py took 0.217 seconds
[2024-11-11T19:54:26.417+0000] {processor.py:186} INFO - Started process (PID=7427) to work on /home/airflow/.local/lib/python3.12/site-packages/airflow/example_dags/example_workday_timetable.py
[2024-11-11T19:54:26.420+0000] {processor.py:914} INFO - Processing file /home/airflow/.local/lib/python3.12/site-packages/airflow/example_dags/example_workday_timetable.py for tasks to queue
[2024-11-11T19:54:26.426+0000] {logging_mixin.py:190} INFO - [2024-11-11T19:54:26.425+0000] {dagbag.py:588} INFO - Filling up the DagBag from /home/airflow/.local/lib/python3.12/site-packages/airflow/example_dags/example_workday_timetable.py
[2024-11-11T19:54:26.444+0000] {processor.py:925} INFO - DAG(s) 'example_workday_timetable' retrieved from /home/airflow/.local/lib/python3.12/site-packages/airflow/example_dags/example_workday_timetable.py
[2024-11-11T19:54:26.494+0000] {logging_mixin.py:190} INFO - [2024-11-11T19:54:26.493+0000] {dag.py:3239} INFO - Sync 1 DAGs
[2024-11-11T19:54:26.699+0000] {logging_mixin.py:190} INFO - [2024-11-11T19:54:26.698+0000] {dag.py:4180} INFO - Setting next_dagrun for example_workday_timetable to 2021-01-04 00:00:00+00:00, run_after=2021-01-05 00:00:00+00:00
[2024-11-11T19:54:26.764+0000] {processor.py:208} INFO - Processing /home/airflow/.local/lib/python3.12/site-packages/airflow/example_dags/example_workday_timetable.py took 0.362 seconds
[2024-11-11T19:54:57.086+0000] {processor.py:186} INFO - Started process (PID=7718) to work on /home/airflow/.local/lib/python3.12/site-packages/airflow/example_dags/example_workday_timetable.py
[2024-11-11T19:54:57.092+0000] {processor.py:914} INFO - Processing file /home/airflow/.local/lib/python3.12/site-packages/airflow/example_dags/example_workday_timetable.py for tasks to queue
[2024-11-11T19:54:57.095+0000] {logging_mixin.py:190} INFO - [2024-11-11T19:54:57.095+0000] {dagbag.py:588} INFO - Filling up the DagBag from /home/airflow/.local/lib/python3.12/site-packages/airflow/example_dags/example_workday_timetable.py
[2024-11-11T19:54:57.107+0000] {processor.py:925} INFO - DAG(s) 'example_workday_timetable' retrieved from /home/airflow/.local/lib/python3.12/site-packages/airflow/example_dags/example_workday_timetable.py
[2024-11-11T19:54:57.141+0000] {logging_mixin.py:190} INFO - [2024-11-11T19:54:57.140+0000] {dag.py:3239} INFO - Sync 1 DAGs
[2024-11-11T19:54:57.271+0000] {logging_mixin.py:190} INFO - [2024-11-11T19:54:57.271+0000] {dag.py:4180} INFO - Setting next_dagrun for example_workday_timetable to 2021-01-04 00:00:00+00:00, run_after=2021-01-05 00:00:00+00:00
[2024-11-11T19:54:57.305+0000] {processor.py:208} INFO - Processing /home/airflow/.local/lib/python3.12/site-packages/airflow/example_dags/example_workday_timetable.py took 0.231 seconds
[2024-11-11T19:55:27.713+0000] {processor.py:186} INFO - Started process (PID=8010) to work on /home/airflow/.local/lib/python3.12/site-packages/airflow/example_dags/example_workday_timetable.py
[2024-11-11T19:55:27.718+0000] {processor.py:914} INFO - Processing file /home/airflow/.local/lib/python3.12/site-packages/airflow/example_dags/example_workday_timetable.py for tasks to queue
[2024-11-11T19:55:27.725+0000] {logging_mixin.py:190} INFO - [2024-11-11T19:55:27.724+0000] {dagbag.py:588} INFO - Filling up the DagBag from /home/airflow/.local/lib/python3.12/site-packages/airflow/example_dags/example_workday_timetable.py
[2024-11-11T19:55:27.747+0000] {processor.py:925} INFO - DAG(s) 'example_workday_timetable' retrieved from /home/airflow/.local/lib/python3.12/site-packages/airflow/example_dags/example_workday_timetable.py
[2024-11-11T19:55:27.818+0000] {logging_mixin.py:190} INFO - [2024-11-11T19:55:27.818+0000] {dag.py:3239} INFO - Sync 1 DAGs
[2024-11-11T19:55:28.059+0000] {logging_mixin.py:190} INFO - [2024-11-11T19:55:28.058+0000] {dag.py:4180} INFO - Setting next_dagrun for example_workday_timetable to 2021-01-04 00:00:00+00:00, run_after=2021-01-05 00:00:00+00:00
[2024-11-11T19:55:28.096+0000] {processor.py:208} INFO - Processing /home/airflow/.local/lib/python3.12/site-packages/airflow/example_dags/example_workday_timetable.py took 0.410 seconds
[2024-11-11T19:55:58.382+0000] {processor.py:186} INFO - Started process (PID=8302) to work on /home/airflow/.local/lib/python3.12/site-packages/airflow/example_dags/example_workday_timetable.py
[2024-11-11T19:55:58.385+0000] {processor.py:914} INFO - Processing file /home/airflow/.local/lib/python3.12/site-packages/airflow/example_dags/example_workday_timetable.py for tasks to queue
[2024-11-11T19:55:58.390+0000] {logging_mixin.py:190} INFO - [2024-11-11T19:55:58.389+0000] {dagbag.py:588} INFO - Filling up the DagBag from /home/airflow/.local/lib/python3.12/site-packages/airflow/example_dags/example_workday_timetable.py
[2024-11-11T19:55:58.408+0000] {processor.py:925} INFO - DAG(s) 'example_workday_timetable' retrieved from /home/airflow/.local/lib/python3.12/site-packages/airflow/example_dags/example_workday_timetable.py
[2024-11-11T19:55:58.465+0000] {logging_mixin.py:190} INFO - [2024-11-11T19:55:58.464+0000] {dag.py:3239} INFO - Sync 1 DAGs
[2024-11-11T19:55:58.778+0000] {logging_mixin.py:190} INFO - [2024-11-11T19:55:58.777+0000] {dag.py:4180} INFO - Setting next_dagrun for example_workday_timetable to 2021-01-04 00:00:00+00:00, run_after=2021-01-05 00:00:00+00:00
[2024-11-11T19:55:58.829+0000] {processor.py:208} INFO - Processing /home/airflow/.local/lib/python3.12/site-packages/airflow/example_dags/example_workday_timetable.py took 0.470 seconds
[2024-11-11T19:56:29.171+0000] {processor.py:186} INFO - Started process (PID=8594) to work on /home/airflow/.local/lib/python3.12/site-packages/airflow/example_dags/example_workday_timetable.py
[2024-11-11T19:56:29.175+0000] {processor.py:914} INFO - Processing file /home/airflow/.local/lib/python3.12/site-packages/airflow/example_dags/example_workday_timetable.py for tasks to queue
[2024-11-11T19:56:29.183+0000] {logging_mixin.py:190} INFO - [2024-11-11T19:56:29.182+0000] {dagbag.py:588} INFO - Filling up the DagBag from /home/airflow/.local/lib/python3.12/site-packages/airflow/example_dags/example_workday_timetable.py
[2024-11-11T19:56:29.205+0000] {processor.py:925} INFO - DAG(s) 'example_workday_timetable' retrieved from /home/airflow/.local/lib/python3.12/site-packages/airflow/example_dags/example_workday_timetable.py
[2024-11-11T19:56:29.294+0000] {logging_mixin.py:190} INFO - [2024-11-11T19:56:29.293+0000] {dag.py:3239} INFO - Sync 1 DAGs
[2024-11-11T19:56:29.633+0000] {logging_mixin.py:190} INFO - [2024-11-11T19:56:29.632+0000] {dag.py:4180} INFO - Setting next_dagrun for example_workday_timetable to 2021-01-04 00:00:00+00:00, run_after=2021-01-05 00:00:00+00:00
[2024-11-11T19:56:29.706+0000] {processor.py:208} INFO - Processing /home/airflow/.local/lib/python3.12/site-packages/airflow/example_dags/example_workday_timetable.py took 0.560 seconds
[2024-11-11T19:57:00.296+0000] {processor.py:186} INFO - Started process (PID=8883) to work on /home/airflow/.local/lib/python3.12/site-packages/airflow/example_dags/example_workday_timetable.py
[2024-11-11T19:57:00.299+0000] {processor.py:914} INFO - Processing file /home/airflow/.local/lib/python3.12/site-packages/airflow/example_dags/example_workday_timetable.py for tasks to queue
[2024-11-11T19:57:00.307+0000] {logging_mixin.py:190} INFO - [2024-11-11T19:57:00.306+0000] {dagbag.py:588} INFO - Filling up the DagBag from /home/airflow/.local/lib/python3.12/site-packages/airflow/example_dags/example_workday_timetable.py
[2024-11-11T19:57:00.327+0000] {processor.py:925} INFO - DAG(s) 'example_workday_timetable' retrieved from /home/airflow/.local/lib/python3.12/site-packages/airflow/example_dags/example_workday_timetable.py
[2024-11-11T19:57:00.376+0000] {logging_mixin.py:190} INFO - [2024-11-11T19:57:00.375+0000] {dag.py:3239} INFO - Sync 1 DAGs
[2024-11-11T19:57:00.522+0000] {logging_mixin.py:190} INFO - [2024-11-11T19:57:00.522+0000] {dag.py:4180} INFO - Setting next_dagrun for example_workday_timetable to 2021-01-04 00:00:00+00:00, run_after=2021-01-05 00:00:00+00:00
[2024-11-11T19:57:00.567+0000] {processor.py:208} INFO - Processing /home/airflow/.local/lib/python3.12/site-packages/airflow/example_dags/example_workday_timetable.py took 0.292 seconds
[2024-11-11T19:57:31.299+0000] {processor.py:186} INFO - Started process (PID=9171) to work on /home/airflow/.local/lib/python3.12/site-packages/airflow/example_dags/example_workday_timetable.py
[2024-11-11T19:57:31.304+0000] {processor.py:914} INFO - Processing file /home/airflow/.local/lib/python3.12/site-packages/airflow/example_dags/example_workday_timetable.py for tasks to queue
[2024-11-11T19:57:31.313+0000] {logging_mixin.py:190} INFO - [2024-11-11T19:57:31.312+0000] {dagbag.py:588} INFO - Filling up the DagBag from /home/airflow/.local/lib/python3.12/site-packages/airflow/example_dags/example_workday_timetable.py
[2024-11-11T19:57:31.341+0000] {processor.py:925} INFO - DAG(s) 'example_workday_timetable' retrieved from /home/airflow/.local/lib/python3.12/site-packages/airflow/example_dags/example_workday_timetable.py
[2024-11-11T19:57:31.430+0000] {logging_mixin.py:190} INFO - [2024-11-11T19:57:31.430+0000] {dag.py:3239} INFO - Sync 1 DAGs
[2024-11-11T19:57:31.577+0000] {logging_mixin.py:190} INFO - [2024-11-11T19:57:31.576+0000] {dag.py:4180} INFO - Setting next_dagrun for example_workday_timetable to 2021-01-04 00:00:00+00:00, run_after=2021-01-05 00:00:00+00:00
[2024-11-11T19:57:31.616+0000] {processor.py:208} INFO - Processing /home/airflow/.local/lib/python3.12/site-packages/airflow/example_dags/example_workday_timetable.py took 0.347 seconds
[2024-11-11T19:58:01.909+0000] {processor.py:186} INFO - Started process (PID=9462) to work on /home/airflow/.local/lib/python3.12/site-packages/airflow/example_dags/example_workday_timetable.py
[2024-11-11T19:58:01.911+0000] {processor.py:914} INFO - Processing file /home/airflow/.local/lib/python3.12/site-packages/airflow/example_dags/example_workday_timetable.py for tasks to queue
[2024-11-11T19:58:01.917+0000] {logging_mixin.py:190} INFO - [2024-11-11T19:58:01.916+0000] {dagbag.py:588} INFO - Filling up the DagBag from /home/airflow/.local/lib/python3.12/site-packages/airflow/example_dags/example_workday_timetable.py
[2024-11-11T19:58:01.930+0000] {processor.py:925} INFO - DAG(s) 'example_workday_timetable' retrieved from /home/airflow/.local/lib/python3.12/site-packages/airflow/example_dags/example_workday_timetable.py
[2024-11-11T19:58:01.982+0000] {logging_mixin.py:190} INFO - [2024-11-11T19:58:01.982+0000] {dag.py:3239} INFO - Sync 1 DAGs
[2024-11-11T19:58:02.174+0000] {logging_mixin.py:190} INFO - [2024-11-11T19:58:02.173+0000] {dag.py:4180} INFO - Setting next_dagrun for example_workday_timetable to 2021-01-04 00:00:00+00:00, run_after=2021-01-05 00:00:00+00:00
[2024-11-11T19:58:02.207+0000] {processor.py:208} INFO - Processing /home/airflow/.local/lib/python3.12/site-packages/airflow/example_dags/example_workday_timetable.py took 0.315 seconds
[2024-11-11T19:58:32.479+0000] {processor.py:186} INFO - Started process (PID=9753) to work on /home/airflow/.local/lib/python3.12/site-packages/airflow/example_dags/example_workday_timetable.py
[2024-11-11T19:58:32.485+0000] {processor.py:914} INFO - Processing file /home/airflow/.local/lib/python3.12/site-packages/airflow/example_dags/example_workday_timetable.py for tasks to queue
[2024-11-11T19:58:32.496+0000] {logging_mixin.py:190} INFO - [2024-11-11T19:58:32.494+0000] {dagbag.py:588} INFO - Filling up the DagBag from /home/airflow/.local/lib/python3.12/site-packages/airflow/example_dags/example_workday_timetable.py
[2024-11-11T19:58:32.536+0000] {processor.py:925} INFO - DAG(s) 'example_workday_timetable' retrieved from /home/airflow/.local/lib/python3.12/site-packages/airflow/example_dags/example_workday_timetable.py
[2024-11-11T19:58:32.590+0000] {logging_mixin.py:190} INFO - [2024-11-11T19:58:32.589+0000] {dag.py:3239} INFO - Sync 1 DAGs
[2024-11-11T19:58:32.710+0000] {logging_mixin.py:190} INFO - [2024-11-11T19:58:32.710+0000] {dag.py:4180} INFO - Setting next_dagrun for example_workday_timetable to 2021-01-04 00:00:00+00:00, run_after=2021-01-05 00:00:00+00:00
[2024-11-11T19:58:32.752+0000] {processor.py:208} INFO - Processing /home/airflow/.local/lib/python3.12/site-packages/airflow/example_dags/example_workday_timetable.py took 0.308 seconds
[2024-11-11T19:59:03.379+0000] {processor.py:186} INFO - Started process (PID=10037) to work on /home/airflow/.local/lib/python3.12/site-packages/airflow/example_dags/example_workday_timetable.py
[2024-11-11T19:59:03.382+0000] {processor.py:914} INFO - Processing file /home/airflow/.local/lib/python3.12/site-packages/airflow/example_dags/example_workday_timetable.py for tasks to queue
[2024-11-11T19:59:03.386+0000] {logging_mixin.py:190} INFO - [2024-11-11T19:59:03.386+0000] {dagbag.py:588} INFO - Filling up the DagBag from /home/airflow/.local/lib/python3.12/site-packages/airflow/example_dags/example_workday_timetable.py
[2024-11-11T19:59:03.401+0000] {processor.py:925} INFO - DAG(s) 'example_workday_timetable' retrieved from /home/airflow/.local/lib/python3.12/site-packages/airflow/example_dags/example_workday_timetable.py
[2024-11-11T19:59:03.446+0000] {logging_mixin.py:190} INFO - [2024-11-11T19:59:03.445+0000] {dag.py:3239} INFO - Sync 1 DAGs
[2024-11-11T19:59:03.562+0000] {logging_mixin.py:190} INFO - [2024-11-11T19:59:03.562+0000] {dag.py:4180} INFO - Setting next_dagrun for example_workday_timetable to 2021-01-04 00:00:00+00:00, run_after=2021-01-05 00:00:00+00:00
[2024-11-11T19:59:03.596+0000] {processor.py:208} INFO - Processing /home/airflow/.local/lib/python3.12/site-packages/airflow/example_dags/example_workday_timetable.py took 0.231 seconds
[2024-11-11T19:59:34.658+0000] {processor.py:186} INFO - Started process (PID=10325) to work on /home/airflow/.local/lib/python3.12/site-packages/airflow/example_dags/example_workday_timetable.py
[2024-11-11T19:59:34.661+0000] {processor.py:914} INFO - Processing file /home/airflow/.local/lib/python3.12/site-packages/airflow/example_dags/example_workday_timetable.py for tasks to queue
[2024-11-11T19:59:34.669+0000] {logging_mixin.py:190} INFO - [2024-11-11T19:59:34.668+0000] {dagbag.py:588} INFO - Filling up the DagBag from /home/airflow/.local/lib/python3.12/site-packages/airflow/example_dags/example_workday_timetable.py
[2024-11-11T19:59:34.684+0000] {processor.py:925} INFO - DAG(s) 'example_workday_timetable' retrieved from /home/airflow/.local/lib/python3.12/site-packages/airflow/example_dags/example_workday_timetable.py
[2024-11-11T19:59:34.731+0000] {logging_mixin.py:190} INFO - [2024-11-11T19:59:34.730+0000] {dag.py:3239} INFO - Sync 1 DAGs
[2024-11-11T19:59:34.864+0000] {logging_mixin.py:190} INFO - [2024-11-11T19:59:34.864+0000] {dag.py:4180} INFO - Setting next_dagrun for example_workday_timetable to 2021-01-04 00:00:00+00:00, run_after=2021-01-05 00:00:00+00:00
[2024-11-11T19:59:34.897+0000] {processor.py:208} INFO - Processing /home/airflow/.local/lib/python3.12/site-packages/airflow/example_dags/example_workday_timetable.py took 0.260 seconds
[2024-11-11T20:00:05.353+0000] {processor.py:186} INFO - Started process (PID=10616) to work on /home/airflow/.local/lib/python3.12/site-packages/airflow/example_dags/example_workday_timetable.py
[2024-11-11T20:00:05.357+0000] {processor.py:914} INFO - Processing file /home/airflow/.local/lib/python3.12/site-packages/airflow/example_dags/example_workday_timetable.py for tasks to queue
[2024-11-11T20:00:05.367+0000] {logging_mixin.py:190} INFO - [2024-11-11T20:00:05.365+0000] {dagbag.py:588} INFO - Filling up the DagBag from /home/airflow/.local/lib/python3.12/site-packages/airflow/example_dags/example_workday_timetable.py
[2024-11-11T20:00:05.393+0000] {processor.py:925} INFO - DAG(s) 'example_workday_timetable' retrieved from /home/airflow/.local/lib/python3.12/site-packages/airflow/example_dags/example_workday_timetable.py
[2024-11-11T20:00:05.442+0000] {logging_mixin.py:190} INFO - [2024-11-11T20:00:05.442+0000] {dag.py:3239} INFO - Sync 1 DAGs
[2024-11-11T20:00:05.597+0000] {logging_mixin.py:190} INFO - [2024-11-11T20:00:05.596+0000] {dag.py:4180} INFO - Setting next_dagrun for example_workday_timetable to 2021-01-04 00:00:00+00:00, run_after=2021-01-05 00:00:00+00:00
[2024-11-11T20:00:05.649+0000] {processor.py:208} INFO - Processing /home/airflow/.local/lib/python3.12/site-packages/airflow/example_dags/example_workday_timetable.py took 0.324 seconds
[2024-11-11T20:00:36.238+0000] {processor.py:186} INFO - Started process (PID=10907) to work on /home/airflow/.local/lib/python3.12/site-packages/airflow/example_dags/example_workday_timetable.py
[2024-11-11T20:00:36.242+0000] {processor.py:914} INFO - Processing file /home/airflow/.local/lib/python3.12/site-packages/airflow/example_dags/example_workday_timetable.py for tasks to queue
[2024-11-11T20:00:36.246+0000] {logging_mixin.py:190} INFO - [2024-11-11T20:00:36.246+0000] {dagbag.py:588} INFO - Filling up the DagBag from /home/airflow/.local/lib/python3.12/site-packages/airflow/example_dags/example_workday_timetable.py
[2024-11-11T20:00:36.260+0000] {processor.py:925} INFO - DAG(s) 'example_workday_timetable' retrieved from /home/airflow/.local/lib/python3.12/site-packages/airflow/example_dags/example_workday_timetable.py
[2024-11-11T20:00:36.293+0000] {logging_mixin.py:190} INFO - [2024-11-11T20:00:36.293+0000] {dag.py:3239} INFO - Sync 1 DAGs
[2024-11-11T20:00:36.404+0000] {logging_mixin.py:190} INFO - [2024-11-11T20:00:36.403+0000] {dag.py:4180} INFO - Setting next_dagrun for example_workday_timetable to 2021-01-04 00:00:00+00:00, run_after=2021-01-05 00:00:00+00:00
[2024-11-11T20:00:36.438+0000] {processor.py:208} INFO - Processing /home/airflow/.local/lib/python3.12/site-packages/airflow/example_dags/example_workday_timetable.py took 0.218 seconds
[2024-11-11T20:01:06.748+0000] {processor.py:186} INFO - Started process (PID=11196) to work on /home/airflow/.local/lib/python3.12/site-packages/airflow/example_dags/example_workday_timetable.py
[2024-11-11T20:01:06.753+0000] {processor.py:914} INFO - Processing file /home/airflow/.local/lib/python3.12/site-packages/airflow/example_dags/example_workday_timetable.py for tasks to queue
[2024-11-11T20:01:06.767+0000] {logging_mixin.py:190} INFO - [2024-11-11T20:01:06.765+0000] {dagbag.py:588} INFO - Filling up the DagBag from /home/airflow/.local/lib/python3.12/site-packages/airflow/example_dags/example_workday_timetable.py
[2024-11-11T20:01:06.805+0000] {processor.py:925} INFO - DAG(s) 'example_workday_timetable' retrieved from /home/airflow/.local/lib/python3.12/site-packages/airflow/example_dags/example_workday_timetable.py
[2024-11-11T20:01:06.867+0000] {logging_mixin.py:190} INFO - [2024-11-11T20:01:06.866+0000] {dag.py:3239} INFO - Sync 1 DAGs
[2024-11-11T20:01:07.073+0000] {logging_mixin.py:190} INFO - [2024-11-11T20:01:07.073+0000] {dag.py:4180} INFO - Setting next_dagrun for example_workday_timetable to 2021-01-04 00:00:00+00:00, run_after=2021-01-05 00:00:00+00:00
[2024-11-11T20:01:07.104+0000] {processor.py:208} INFO - Processing /home/airflow/.local/lib/python3.12/site-packages/airflow/example_dags/example_workday_timetable.py took 0.408 seconds
[2024-11-11T20:01:37.754+0000] {processor.py:186} INFO - Started process (PID=11487) to work on /home/airflow/.local/lib/python3.12/site-packages/airflow/example_dags/example_workday_timetable.py
[2024-11-11T20:01:37.769+0000] {processor.py:914} INFO - Processing file /home/airflow/.local/lib/python3.12/site-packages/airflow/example_dags/example_workday_timetable.py for tasks to queue
[2024-11-11T20:01:37.776+0000] {logging_mixin.py:190} INFO - [2024-11-11T20:01:37.775+0000] {dagbag.py:588} INFO - Filling up the DagBag from /home/airflow/.local/lib/python3.12/site-packages/airflow/example_dags/example_workday_timetable.py
[2024-11-11T20:01:37.794+0000] {processor.py:925} INFO - DAG(s) 'example_workday_timetable' retrieved from /home/airflow/.local/lib/python3.12/site-packages/airflow/example_dags/example_workday_timetable.py
[2024-11-11T20:01:37.871+0000] {logging_mixin.py:190} INFO - [2024-11-11T20:01:37.871+0000] {dag.py:3239} INFO - Sync 1 DAGs
[2024-11-11T20:01:38.049+0000] {logging_mixin.py:190} INFO - [2024-11-11T20:01:38.049+0000] {dag.py:4180} INFO - Setting next_dagrun for example_workday_timetable to 2021-01-04 00:00:00+00:00, run_after=2021-01-05 00:00:00+00:00
[2024-11-11T20:01:38.087+0000] {processor.py:208} INFO - Processing /home/airflow/.local/lib/python3.12/site-packages/airflow/example_dags/example_workday_timetable.py took 0.347 seconds
[2024-11-11T20:02:08.190+0000] {processor.py:186} INFO - Started process (PID=11776) to work on /home/airflow/.local/lib/python3.12/site-packages/airflow/example_dags/example_workday_timetable.py
[2024-11-11T20:02:08.191+0000] {processor.py:914} INFO - Processing file /home/airflow/.local/lib/python3.12/site-packages/airflow/example_dags/example_workday_timetable.py for tasks to queue
[2024-11-11T20:02:08.194+0000] {logging_mixin.py:190} INFO - [2024-11-11T20:02:08.194+0000] {dagbag.py:588} INFO - Filling up the DagBag from /home/airflow/.local/lib/python3.12/site-packages/airflow/example_dags/example_workday_timetable.py
[2024-11-11T20:02:08.229+0000] {processor.py:925} INFO - DAG(s) 'example_workday_timetable' retrieved from /home/airflow/.local/lib/python3.12/site-packages/airflow/example_dags/example_workday_timetable.py
[2024-11-11T20:02:08.266+0000] {logging_mixin.py:190} INFO - [2024-11-11T20:02:08.265+0000] {dag.py:3239} INFO - Sync 1 DAGs
[2024-11-11T20:02:08.399+0000] {logging_mixin.py:190} INFO - [2024-11-11T20:02:08.398+0000] {dag.py:4180} INFO - Setting next_dagrun for example_workday_timetable to 2021-01-04 00:00:00+00:00, run_after=2021-01-05 00:00:00+00:00
[2024-11-11T20:02:08.439+0000] {processor.py:208} INFO - Processing /home/airflow/.local/lib/python3.12/site-packages/airflow/example_dags/example_workday_timetable.py took 0.260 seconds
[2024-11-11T20:02:38.571+0000] {processor.py:186} INFO - Started process (PID=12065) to work on /home/airflow/.local/lib/python3.12/site-packages/airflow/example_dags/example_workday_timetable.py
[2024-11-11T20:02:38.573+0000] {processor.py:914} INFO - Processing file /home/airflow/.local/lib/python3.12/site-packages/airflow/example_dags/example_workday_timetable.py for tasks to queue
[2024-11-11T20:02:38.578+0000] {logging_mixin.py:190} INFO - [2024-11-11T20:02:38.578+0000] {dagbag.py:588} INFO - Filling up the DagBag from /home/airflow/.local/lib/python3.12/site-packages/airflow/example_dags/example_workday_timetable.py
[2024-11-11T20:02:38.591+0000] {processor.py:925} INFO - DAG(s) 'example_workday_timetable' retrieved from /home/airflow/.local/lib/python3.12/site-packages/airflow/example_dags/example_workday_timetable.py
[2024-11-11T20:02:38.633+0000] {logging_mixin.py:190} INFO - [2024-11-11T20:02:38.632+0000] {dag.py:3239} INFO - Sync 1 DAGs
[2024-11-11T20:02:38.771+0000] {logging_mixin.py:190} INFO - [2024-11-11T20:02:38.770+0000] {dag.py:4180} INFO - Setting next_dagrun for example_workday_timetable to 2021-01-04 00:00:00+00:00, run_after=2021-01-05 00:00:00+00:00
[2024-11-11T20:02:38.807+0000] {processor.py:208} INFO - Processing /home/airflow/.local/lib/python3.12/site-packages/airflow/example_dags/example_workday_timetable.py took 0.253 seconds
