[2024-11-11T19:41:43.565+0000] {processor.py:186} INFO - Started process (PID=407) to work on /home/airflow/.local/lib/python3.12/site-packages/airflow/example_dags/tutorial_dag.py
[2024-11-11T19:41:43.566+0000] {processor.py:914} INFO - Processing file /home/airflow/.local/lib/python3.12/site-packages/airflow/example_dags/tutorial_dag.py for tasks to queue
[2024-11-11T19:41:43.569+0000] {logging_mixin.py:190} INFO - [2024-11-11T19:41:43.569+0000] {dagbag.py:588} INFO - Filling up the DagBag from /home/airflow/.local/lib/python3.12/site-packages/airflow/example_dags/tutorial_dag.py
[2024-11-11T19:41:43.583+0000] {processor.py:925} INFO - DAG(s) 'tutorial_dag' retrieved from /home/airflow/.local/lib/python3.12/site-packages/airflow/example_dags/tutorial_dag.py
[2024-11-11T19:41:43.812+0000] {logging_mixin.py:190} INFO - [2024-11-11T19:41:43.811+0000] {override.py:1911} INFO - Created Permission View: can delete on DAG:tutorial_dag
[2024-11-11T19:41:43.837+0000] {logging_mixin.py:190} INFO - [2024-11-11T19:41:43.837+0000] {override.py:1911} INFO - Created Permission View: can read on DAG:tutorial_dag
[2024-11-11T19:41:43.855+0000] {logging_mixin.py:190} INFO - [2024-11-11T19:41:43.854+0000] {override.py:1911} INFO - Created Permission View: can edit on DAG:tutorial_dag
[2024-11-11T19:41:43.877+0000] {logging_mixin.py:190} INFO - [2024-11-11T19:41:43.876+0000] {override.py:1911} INFO - Created Permission View: can delete on DAG Run:tutorial_dag
[2024-11-11T19:41:43.902+0000] {logging_mixin.py:190} INFO - [2024-11-11T19:41:43.901+0000] {override.py:1911} INFO - Created Permission View: can create on DAG Run:tutorial_dag
[2024-11-11T19:41:43.924+0000] {logging_mixin.py:190} INFO - [2024-11-11T19:41:43.923+0000] {override.py:1911} INFO - Created Permission View: menu access on DAG Run:tutorial_dag
[2024-11-11T19:41:43.946+0000] {logging_mixin.py:190} INFO - [2024-11-11T19:41:43.946+0000] {override.py:1911} INFO - Created Permission View: can read on DAG Run:tutorial_dag
[2024-11-11T19:41:43.948+0000] {logging_mixin.py:190} INFO - [2024-11-11T19:41:43.947+0000] {dag.py:3239} INFO - Sync 1 DAGs
[2024-11-11T19:41:43.984+0000] {logging_mixin.py:190} INFO - [2024-11-11T19:41:43.984+0000] {dag.py:3262} INFO - Creating ORM DAG for tutorial_dag
[2024-11-11T19:41:43.986+0000] {logging_mixin.py:190} INFO - [2024-11-11T19:41:43.986+0000] {dag.py:4180} INFO - Setting next_dagrun for tutorial_dag to None, run_after=None
[2024-11-11T19:41:44.023+0000] {processor.py:208} INFO - Processing /home/airflow/.local/lib/python3.12/site-packages/airflow/example_dags/tutorial_dag.py took 0.467 seconds
[2024-11-11T19:42:14.542+0000] {processor.py:186} INFO - Started process (PID=695) to work on /home/airflow/.local/lib/python3.12/site-packages/airflow/example_dags/tutorial_dag.py
[2024-11-11T19:42:14.544+0000] {processor.py:914} INFO - Processing file /home/airflow/.local/lib/python3.12/site-packages/airflow/example_dags/tutorial_dag.py for tasks to queue
[2024-11-11T19:42:14.548+0000] {logging_mixin.py:190} INFO - [2024-11-11T19:42:14.547+0000] {dagbag.py:588} INFO - Filling up the DagBag from /home/airflow/.local/lib/python3.12/site-packages/airflow/example_dags/tutorial_dag.py
[2024-11-11T19:42:14.562+0000] {processor.py:925} INFO - DAG(s) 'tutorial_dag' retrieved from /home/airflow/.local/lib/python3.12/site-packages/airflow/example_dags/tutorial_dag.py
[2024-11-11T19:42:14.604+0000] {logging_mixin.py:190} INFO - [2024-11-11T19:42:14.604+0000] {dag.py:3239} INFO - Sync 1 DAGs
[2024-11-11T19:42:14.638+0000] {logging_mixin.py:190} INFO - [2024-11-11T19:42:14.637+0000] {dag.py:4180} INFO - Setting next_dagrun for tutorial_dag to None, run_after=None
[2024-11-11T19:42:14.680+0000] {processor.py:208} INFO - Processing /home/airflow/.local/lib/python3.12/site-packages/airflow/example_dags/tutorial_dag.py took 0.151 seconds
[2024-11-11T19:42:46.907+0000] {processor.py:186} INFO - Started process (PID=987) to work on /home/airflow/.local/lib/python3.12/site-packages/airflow/example_dags/tutorial_dag.py
[2024-11-11T19:42:46.909+0000] {processor.py:914} INFO - Processing file /home/airflow/.local/lib/python3.12/site-packages/airflow/example_dags/tutorial_dag.py for tasks to queue
[2024-11-11T19:42:46.914+0000] {logging_mixin.py:190} INFO - [2024-11-11T19:42:46.913+0000] {dagbag.py:588} INFO - Filling up the DagBag from /home/airflow/.local/lib/python3.12/site-packages/airflow/example_dags/tutorial_dag.py
[2024-11-11T19:42:46.931+0000] {processor.py:925} INFO - DAG(s) 'tutorial_dag' retrieved from /home/airflow/.local/lib/python3.12/site-packages/airflow/example_dags/tutorial_dag.py
[2024-11-11T19:42:46.977+0000] {logging_mixin.py:190} INFO - [2024-11-11T19:42:46.977+0000] {dag.py:3239} INFO - Sync 1 DAGs
[2024-11-11T19:42:47.012+0000] {logging_mixin.py:190} INFO - [2024-11-11T19:42:47.012+0000] {dag.py:4180} INFO - Setting next_dagrun for tutorial_dag to None, run_after=None
[2024-11-11T19:42:47.062+0000] {processor.py:208} INFO - Processing /home/airflow/.local/lib/python3.12/site-packages/airflow/example_dags/tutorial_dag.py took 0.166 seconds
[2024-11-11T19:43:18.691+0000] {processor.py:186} INFO - Started process (PID=1278) to work on /home/airflow/.local/lib/python3.12/site-packages/airflow/example_dags/tutorial_dag.py
[2024-11-11T19:43:18.694+0000] {processor.py:914} INFO - Processing file /home/airflow/.local/lib/python3.12/site-packages/airflow/example_dags/tutorial_dag.py for tasks to queue
[2024-11-11T19:43:18.699+0000] {logging_mixin.py:190} INFO - [2024-11-11T19:43:18.698+0000] {dagbag.py:588} INFO - Filling up the DagBag from /home/airflow/.local/lib/python3.12/site-packages/airflow/example_dags/tutorial_dag.py
[2024-11-11T19:43:18.717+0000] {processor.py:925} INFO - DAG(s) 'tutorial_dag' retrieved from /home/airflow/.local/lib/python3.12/site-packages/airflow/example_dags/tutorial_dag.py
[2024-11-11T19:43:18.762+0000] {logging_mixin.py:190} INFO - [2024-11-11T19:43:18.761+0000] {dag.py:3239} INFO - Sync 1 DAGs
[2024-11-11T19:43:18.815+0000] {logging_mixin.py:190} INFO - [2024-11-11T19:43:18.815+0000] {dag.py:4180} INFO - Setting next_dagrun for tutorial_dag to None, run_after=None
[2024-11-11T19:43:18.856+0000] {processor.py:208} INFO - Processing /home/airflow/.local/lib/python3.12/site-packages/airflow/example_dags/tutorial_dag.py took 0.181 seconds
[2024-11-11T19:43:49.646+0000] {processor.py:186} INFO - Started process (PID=1567) to work on /home/airflow/.local/lib/python3.12/site-packages/airflow/example_dags/tutorial_dag.py
[2024-11-11T19:43:49.648+0000] {processor.py:914} INFO - Processing file /home/airflow/.local/lib/python3.12/site-packages/airflow/example_dags/tutorial_dag.py for tasks to queue
[2024-11-11T19:43:49.652+0000] {logging_mixin.py:190} INFO - [2024-11-11T19:43:49.651+0000] {dagbag.py:588} INFO - Filling up the DagBag from /home/airflow/.local/lib/python3.12/site-packages/airflow/example_dags/tutorial_dag.py
[2024-11-11T19:43:49.667+0000] {processor.py:925} INFO - DAG(s) 'tutorial_dag' retrieved from /home/airflow/.local/lib/python3.12/site-packages/airflow/example_dags/tutorial_dag.py
[2024-11-11T19:43:49.728+0000] {logging_mixin.py:190} INFO - [2024-11-11T19:43:49.728+0000] {dag.py:3239} INFO - Sync 1 DAGs
[2024-11-11T19:43:49.764+0000] {logging_mixin.py:190} INFO - [2024-11-11T19:43:49.763+0000] {dag.py:4180} INFO - Setting next_dagrun for tutorial_dag to None, run_after=None
[2024-11-11T19:43:49.811+0000] {processor.py:208} INFO - Processing /home/airflow/.local/lib/python3.12/site-packages/airflow/example_dags/tutorial_dag.py took 0.178 seconds
[2024-11-11T19:44:23.804+0000] {processor.py:186} INFO - Started process (PID=1858) to work on /home/airflow/.local/lib/python3.12/site-packages/airflow/example_dags/tutorial_dag.py
[2024-11-11T19:44:23.806+0000] {processor.py:914} INFO - Processing file /home/airflow/.local/lib/python3.12/site-packages/airflow/example_dags/tutorial_dag.py for tasks to queue
[2024-11-11T19:44:23.811+0000] {logging_mixin.py:190} INFO - [2024-11-11T19:44:23.810+0000] {dagbag.py:588} INFO - Filling up the DagBag from /home/airflow/.local/lib/python3.12/site-packages/airflow/example_dags/tutorial_dag.py
[2024-11-11T19:44:23.824+0000] {processor.py:925} INFO - DAG(s) 'tutorial_dag' retrieved from /home/airflow/.local/lib/python3.12/site-packages/airflow/example_dags/tutorial_dag.py
[2024-11-11T19:44:23.878+0000] {logging_mixin.py:190} INFO - [2024-11-11T19:44:23.877+0000] {dag.py:3239} INFO - Sync 1 DAGs
[2024-11-11T19:44:23.931+0000] {logging_mixin.py:190} INFO - [2024-11-11T19:44:23.930+0000] {dag.py:4180} INFO - Setting next_dagrun for tutorial_dag to None, run_after=None
[2024-11-11T19:44:23.981+0000] {processor.py:208} INFO - Processing /home/airflow/.local/lib/python3.12/site-packages/airflow/example_dags/tutorial_dag.py took 0.189 seconds
[2024-11-11T19:44:55.282+0000] {processor.py:186} INFO - Started process (PID=2149) to work on /home/airflow/.local/lib/python3.12/site-packages/airflow/example_dags/tutorial_dag.py
[2024-11-11T19:44:55.285+0000] {processor.py:914} INFO - Processing file /home/airflow/.local/lib/python3.12/site-packages/airflow/example_dags/tutorial_dag.py for tasks to queue
[2024-11-11T19:44:55.294+0000] {logging_mixin.py:190} INFO - [2024-11-11T19:44:55.292+0000] {dagbag.py:588} INFO - Filling up the DagBag from /home/airflow/.local/lib/python3.12/site-packages/airflow/example_dags/tutorial_dag.py
[2024-11-11T19:44:55.327+0000] {processor.py:925} INFO - DAG(s) 'tutorial_dag' retrieved from /home/airflow/.local/lib/python3.12/site-packages/airflow/example_dags/tutorial_dag.py
[2024-11-11T19:44:55.415+0000] {logging_mixin.py:190} INFO - [2024-11-11T19:44:55.414+0000] {dag.py:3239} INFO - Sync 1 DAGs
[2024-11-11T19:44:55.468+0000] {logging_mixin.py:190} INFO - [2024-11-11T19:44:55.467+0000] {dag.py:4180} INFO - Setting next_dagrun for tutorial_dag to None, run_after=None
[2024-11-11T19:44:55.503+0000] {processor.py:208} INFO - Processing /home/airflow/.local/lib/python3.12/site-packages/airflow/example_dags/tutorial_dag.py took 0.248 seconds
[2024-11-11T19:45:26.285+0000] {processor.py:186} INFO - Started process (PID=2440) to work on /home/airflow/.local/lib/python3.12/site-packages/airflow/example_dags/tutorial_dag.py
[2024-11-11T19:45:26.287+0000] {processor.py:914} INFO - Processing file /home/airflow/.local/lib/python3.12/site-packages/airflow/example_dags/tutorial_dag.py for tasks to queue
[2024-11-11T19:45:26.290+0000] {logging_mixin.py:190} INFO - [2024-11-11T19:45:26.290+0000] {dagbag.py:588} INFO - Filling up the DagBag from /home/airflow/.local/lib/python3.12/site-packages/airflow/example_dags/tutorial_dag.py
[2024-11-11T19:45:26.305+0000] {processor.py:925} INFO - DAG(s) 'tutorial_dag' retrieved from /home/airflow/.local/lib/python3.12/site-packages/airflow/example_dags/tutorial_dag.py
[2024-11-11T19:45:26.342+0000] {logging_mixin.py:190} INFO - [2024-11-11T19:45:26.341+0000] {dag.py:3239} INFO - Sync 1 DAGs
[2024-11-11T19:45:26.368+0000] {logging_mixin.py:190} INFO - [2024-11-11T19:45:26.367+0000] {dag.py:4180} INFO - Setting next_dagrun for tutorial_dag to None, run_after=None
[2024-11-11T19:45:26.401+0000] {processor.py:208} INFO - Processing /home/airflow/.local/lib/python3.12/site-packages/airflow/example_dags/tutorial_dag.py took 0.129 seconds
[2024-11-11T19:46:00.809+0000] {processor.py:186} INFO - Started process (PID=2736) to work on /home/airflow/.local/lib/python3.12/site-packages/airflow/example_dags/tutorial_dag.py
[2024-11-11T19:46:00.811+0000] {processor.py:914} INFO - Processing file /home/airflow/.local/lib/python3.12/site-packages/airflow/example_dags/tutorial_dag.py for tasks to queue
[2024-11-11T19:46:00.818+0000] {logging_mixin.py:190} INFO - [2024-11-11T19:46:00.817+0000] {dagbag.py:588} INFO - Filling up the DagBag from /home/airflow/.local/lib/python3.12/site-packages/airflow/example_dags/tutorial_dag.py
[2024-11-11T19:46:00.840+0000] {processor.py:925} INFO - DAG(s) 'tutorial_dag' retrieved from /home/airflow/.local/lib/python3.12/site-packages/airflow/example_dags/tutorial_dag.py
[2024-11-11T19:46:00.906+0000] {logging_mixin.py:190} INFO - [2024-11-11T19:46:00.905+0000] {dag.py:3239} INFO - Sync 1 DAGs
[2024-11-11T19:46:00.978+0000] {logging_mixin.py:190} INFO - [2024-11-11T19:46:00.977+0000] {dag.py:4180} INFO - Setting next_dagrun for tutorial_dag to None, run_after=None
[2024-11-11T19:46:01.075+0000] {processor.py:208} INFO - Processing /home/airflow/.local/lib/python3.12/site-packages/airflow/example_dags/tutorial_dag.py took 0.288 seconds
[2024-11-11T19:46:31.419+0000] {processor.py:186} INFO - Started process (PID=3022) to work on /home/airflow/.local/lib/python3.12/site-packages/airflow/example_dags/tutorial_dag.py
[2024-11-11T19:46:31.421+0000] {processor.py:914} INFO - Processing file /home/airflow/.local/lib/python3.12/site-packages/airflow/example_dags/tutorial_dag.py for tasks to queue
[2024-11-11T19:46:31.425+0000] {logging_mixin.py:190} INFO - [2024-11-11T19:46:31.424+0000] {dagbag.py:588} INFO - Filling up the DagBag from /home/airflow/.local/lib/python3.12/site-packages/airflow/example_dags/tutorial_dag.py
[2024-11-11T19:46:31.438+0000] {processor.py:925} INFO - DAG(s) 'tutorial_dag' retrieved from /home/airflow/.local/lib/python3.12/site-packages/airflow/example_dags/tutorial_dag.py
[2024-11-11T19:46:31.483+0000] {logging_mixin.py:190} INFO - [2024-11-11T19:46:31.483+0000] {dag.py:3239} INFO - Sync 1 DAGs
[2024-11-11T19:46:31.519+0000] {logging_mixin.py:190} INFO - [2024-11-11T19:46:31.518+0000] {dag.py:4180} INFO - Setting next_dagrun for tutorial_dag to None, run_after=None
[2024-11-11T19:46:31.561+0000] {processor.py:208} INFO - Processing /home/airflow/.local/lib/python3.12/site-packages/airflow/example_dags/tutorial_dag.py took 0.154 seconds
[2024-11-11T19:47:04.362+0000] {processor.py:186} INFO - Started process (PID=3313) to work on /home/airflow/.local/lib/python3.12/site-packages/airflow/example_dags/tutorial_dag.py
[2024-11-11T19:47:04.366+0000] {processor.py:914} INFO - Processing file /home/airflow/.local/lib/python3.12/site-packages/airflow/example_dags/tutorial_dag.py for tasks to queue
[2024-11-11T19:47:04.377+0000] {logging_mixin.py:190} INFO - [2024-11-11T19:47:04.376+0000] {dagbag.py:588} INFO - Filling up the DagBag from /home/airflow/.local/lib/python3.12/site-packages/airflow/example_dags/tutorial_dag.py
[2024-11-11T19:47:04.416+0000] {processor.py:925} INFO - DAG(s) 'tutorial_dag' retrieved from /home/airflow/.local/lib/python3.12/site-packages/airflow/example_dags/tutorial_dag.py
[2024-11-11T19:47:04.520+0000] {logging_mixin.py:190} INFO - [2024-11-11T19:47:04.519+0000] {dag.py:3239} INFO - Sync 1 DAGs
[2024-11-11T19:47:04.590+0000] {logging_mixin.py:190} INFO - [2024-11-11T19:47:04.589+0000] {dag.py:4180} INFO - Setting next_dagrun for tutorial_dag to None, run_after=None
[2024-11-11T19:47:04.684+0000] {processor.py:208} INFO - Processing /home/airflow/.local/lib/python3.12/site-packages/airflow/example_dags/tutorial_dag.py took 0.352 seconds
[2024-11-11T19:47:37.366+0000] {processor.py:186} INFO - Started process (PID=3607) to work on /home/airflow/.local/lib/python3.12/site-packages/airflow/example_dags/tutorial_dag.py
[2024-11-11T19:47:37.369+0000] {processor.py:914} INFO - Processing file /home/airflow/.local/lib/python3.12/site-packages/airflow/example_dags/tutorial_dag.py for tasks to queue
[2024-11-11T19:47:37.378+0000] {logging_mixin.py:190} INFO - [2024-11-11T19:47:37.377+0000] {dagbag.py:588} INFO - Filling up the DagBag from /home/airflow/.local/lib/python3.12/site-packages/airflow/example_dags/tutorial_dag.py
[2024-11-11T19:47:37.408+0000] {processor.py:925} INFO - DAG(s) 'tutorial_dag' retrieved from /home/airflow/.local/lib/python3.12/site-packages/airflow/example_dags/tutorial_dag.py
[2024-11-11T19:47:37.494+0000] {logging_mixin.py:190} INFO - [2024-11-11T19:47:37.493+0000] {dag.py:3239} INFO - Sync 1 DAGs
[2024-11-11T19:47:37.554+0000] {logging_mixin.py:190} INFO - [2024-11-11T19:47:37.554+0000] {dag.py:4180} INFO - Setting next_dagrun for tutorial_dag to None, run_after=None
[2024-11-11T19:47:37.633+0000] {processor.py:208} INFO - Processing /home/airflow/.local/lib/python3.12/site-packages/airflow/example_dags/tutorial_dag.py took 0.293 seconds
[2024-11-11T19:48:09.217+0000] {processor.py:186} INFO - Started process (PID=3907) to work on /home/airflow/.local/lib/python3.12/site-packages/airflow/example_dags/tutorial_dag.py
[2024-11-11T19:48:09.220+0000] {processor.py:914} INFO - Processing file /home/airflow/.local/lib/python3.12/site-packages/airflow/example_dags/tutorial_dag.py for tasks to queue
[2024-11-11T19:48:09.227+0000] {logging_mixin.py:190} INFO - [2024-11-11T19:48:09.225+0000] {dagbag.py:588} INFO - Filling up the DagBag from /home/airflow/.local/lib/python3.12/site-packages/airflow/example_dags/tutorial_dag.py
[2024-11-11T19:48:09.259+0000] {processor.py:925} INFO - DAG(s) 'tutorial_dag' retrieved from /home/airflow/.local/lib/python3.12/site-packages/airflow/example_dags/tutorial_dag.py
[2024-11-11T19:48:09.303+0000] {logging_mixin.py:190} INFO - [2024-11-11T19:48:09.302+0000] {dag.py:3239} INFO - Sync 1 DAGs
[2024-11-11T19:48:09.340+0000] {logging_mixin.py:190} INFO - [2024-11-11T19:48:09.340+0000] {dag.py:4180} INFO - Setting next_dagrun for tutorial_dag to None, run_after=None
[2024-11-11T19:48:09.428+0000] {processor.py:208} INFO - Processing /home/airflow/.local/lib/python3.12/site-packages/airflow/example_dags/tutorial_dag.py took 0.229 seconds
[2024-11-11T19:48:43.427+0000] {processor.py:186} INFO - Started process (PID=4208) to work on /home/airflow/.local/lib/python3.12/site-packages/airflow/example_dags/tutorial_dag.py
[2024-11-11T19:48:43.430+0000] {processor.py:914} INFO - Processing file /home/airflow/.local/lib/python3.12/site-packages/airflow/example_dags/tutorial_dag.py for tasks to queue
[2024-11-11T19:48:43.437+0000] {logging_mixin.py:190} INFO - [2024-11-11T19:48:43.436+0000] {dagbag.py:588} INFO - Filling up the DagBag from /home/airflow/.local/lib/python3.12/site-packages/airflow/example_dags/tutorial_dag.py
[2024-11-11T19:48:43.456+0000] {processor.py:925} INFO - DAG(s) 'tutorial_dag' retrieved from /home/airflow/.local/lib/python3.12/site-packages/airflow/example_dags/tutorial_dag.py
[2024-11-11T19:48:43.518+0000] {logging_mixin.py:190} INFO - [2024-11-11T19:48:43.518+0000] {dag.py:3239} INFO - Sync 1 DAGs
[2024-11-11T19:48:43.558+0000] {logging_mixin.py:190} INFO - [2024-11-11T19:48:43.558+0000] {dag.py:4180} INFO - Setting next_dagrun for tutorial_dag to None, run_after=None
[2024-11-11T19:48:43.600+0000] {processor.py:208} INFO - Processing /home/airflow/.local/lib/python3.12/site-packages/airflow/example_dags/tutorial_dag.py took 0.191 seconds
[2024-11-11T19:49:15.399+0000] {processor.py:186} INFO - Started process (PID=4499) to work on /home/airflow/.local/lib/python3.12/site-packages/airflow/example_dags/tutorial_dag.py
[2024-11-11T19:49:15.401+0000] {processor.py:914} INFO - Processing file /home/airflow/.local/lib/python3.12/site-packages/airflow/example_dags/tutorial_dag.py for tasks to queue
[2024-11-11T19:49:15.407+0000] {logging_mixin.py:190} INFO - [2024-11-11T19:49:15.406+0000] {dagbag.py:588} INFO - Filling up the DagBag from /home/airflow/.local/lib/python3.12/site-packages/airflow/example_dags/tutorial_dag.py
[2024-11-11T19:49:15.427+0000] {processor.py:925} INFO - DAG(s) 'tutorial_dag' retrieved from /home/airflow/.local/lib/python3.12/site-packages/airflow/example_dags/tutorial_dag.py
[2024-11-11T19:49:15.476+0000] {logging_mixin.py:190} INFO - [2024-11-11T19:49:15.475+0000] {dag.py:3239} INFO - Sync 1 DAGs
[2024-11-11T19:49:15.510+0000] {logging_mixin.py:190} INFO - [2024-11-11T19:49:15.510+0000] {dag.py:4180} INFO - Setting next_dagrun for tutorial_dag to None, run_after=None
[2024-11-11T19:49:15.553+0000] {processor.py:208} INFO - Processing /home/airflow/.local/lib/python3.12/site-packages/airflow/example_dags/tutorial_dag.py took 0.171 seconds
[2024-11-11T19:49:47.539+0000] {processor.py:186} INFO - Started process (PID=4800) to work on /home/airflow/.local/lib/python3.12/site-packages/airflow/example_dags/tutorial_dag.py
[2024-11-11T19:49:47.541+0000] {processor.py:914} INFO - Processing file /home/airflow/.local/lib/python3.12/site-packages/airflow/example_dags/tutorial_dag.py for tasks to queue
[2024-11-11T19:49:47.547+0000] {logging_mixin.py:190} INFO - [2024-11-11T19:49:47.546+0000] {dagbag.py:588} INFO - Filling up the DagBag from /home/airflow/.local/lib/python3.12/site-packages/airflow/example_dags/tutorial_dag.py
[2024-11-11T19:49:47.564+0000] {processor.py:925} INFO - DAG(s) 'tutorial_dag' retrieved from /home/airflow/.local/lib/python3.12/site-packages/airflow/example_dags/tutorial_dag.py
[2024-11-11T19:49:47.613+0000] {logging_mixin.py:190} INFO - [2024-11-11T19:49:47.613+0000] {dag.py:3239} INFO - Sync 1 DAGs
[2024-11-11T19:49:47.651+0000] {logging_mixin.py:190} INFO - [2024-11-11T19:49:47.651+0000] {dag.py:4180} INFO - Setting next_dagrun for tutorial_dag to None, run_after=None
[2024-11-11T19:49:47.701+0000] {processor.py:208} INFO - Processing /home/airflow/.local/lib/python3.12/site-packages/airflow/example_dags/tutorial_dag.py took 0.178 seconds
[2024-11-11T19:50:19.106+0000] {processor.py:186} INFO - Started process (PID=5091) to work on /home/airflow/.local/lib/python3.12/site-packages/airflow/example_dags/tutorial_dag.py
[2024-11-11T19:50:19.108+0000] {processor.py:914} INFO - Processing file /home/airflow/.local/lib/python3.12/site-packages/airflow/example_dags/tutorial_dag.py for tasks to queue
[2024-11-11T19:50:19.114+0000] {logging_mixin.py:190} INFO - [2024-11-11T19:50:19.113+0000] {dagbag.py:588} INFO - Filling up the DagBag from /home/airflow/.local/lib/python3.12/site-packages/airflow/example_dags/tutorial_dag.py
[2024-11-11T19:50:19.143+0000] {processor.py:925} INFO - DAG(s) 'tutorial_dag' retrieved from /home/airflow/.local/lib/python3.12/site-packages/airflow/example_dags/tutorial_dag.py
[2024-11-11T19:50:19.195+0000] {logging_mixin.py:190} INFO - [2024-11-11T19:50:19.194+0000] {dag.py:3239} INFO - Sync 1 DAGs
[2024-11-11T19:50:19.231+0000] {logging_mixin.py:190} INFO - [2024-11-11T19:50:19.231+0000] {dag.py:4180} INFO - Setting next_dagrun for tutorial_dag to None, run_after=None
[2024-11-11T19:50:19.268+0000] {processor.py:208} INFO - Processing /home/airflow/.local/lib/python3.12/site-packages/airflow/example_dags/tutorial_dag.py took 0.189 seconds
[2024-11-11T19:50:49.633+0000] {processor.py:186} INFO - Started process (PID=5377) to work on /home/airflow/.local/lib/python3.12/site-packages/airflow/example_dags/tutorial_dag.py
[2024-11-11T19:50:49.635+0000] {processor.py:914} INFO - Processing file /home/airflow/.local/lib/python3.12/site-packages/airflow/example_dags/tutorial_dag.py for tasks to queue
[2024-11-11T19:50:49.639+0000] {logging_mixin.py:190} INFO - [2024-11-11T19:50:49.638+0000] {dagbag.py:588} INFO - Filling up the DagBag from /home/airflow/.local/lib/python3.12/site-packages/airflow/example_dags/tutorial_dag.py
[2024-11-11T19:50:49.652+0000] {processor.py:925} INFO - DAG(s) 'tutorial_dag' retrieved from /home/airflow/.local/lib/python3.12/site-packages/airflow/example_dags/tutorial_dag.py
[2024-11-11T19:50:49.690+0000] {logging_mixin.py:190} INFO - [2024-11-11T19:50:49.689+0000] {dag.py:3239} INFO - Sync 1 DAGs
[2024-11-11T19:50:49.722+0000] {logging_mixin.py:190} INFO - [2024-11-11T19:50:49.722+0000] {dag.py:4180} INFO - Setting next_dagrun for tutorial_dag to None, run_after=None
[2024-11-11T19:50:49.758+0000] {processor.py:208} INFO - Processing /home/airflow/.local/lib/python3.12/site-packages/airflow/example_dags/tutorial_dag.py took 0.136 seconds
[2024-11-11T19:51:19.969+0000] {processor.py:186} INFO - Started process (PID=5665) to work on /home/airflow/.local/lib/python3.12/site-packages/airflow/example_dags/tutorial_dag.py
[2024-11-11T19:51:19.972+0000] {processor.py:914} INFO - Processing file /home/airflow/.local/lib/python3.12/site-packages/airflow/example_dags/tutorial_dag.py for tasks to queue
[2024-11-11T19:51:19.977+0000] {logging_mixin.py:190} INFO - [2024-11-11T19:51:19.977+0000] {dagbag.py:588} INFO - Filling up the DagBag from /home/airflow/.local/lib/python3.12/site-packages/airflow/example_dags/tutorial_dag.py
[2024-11-11T19:51:19.996+0000] {processor.py:925} INFO - DAG(s) 'tutorial_dag' retrieved from /home/airflow/.local/lib/python3.12/site-packages/airflow/example_dags/tutorial_dag.py
[2024-11-11T19:51:20.045+0000] {logging_mixin.py:190} INFO - [2024-11-11T19:51:20.045+0000] {dag.py:3239} INFO - Sync 1 DAGs
[2024-11-11T19:51:20.085+0000] {logging_mixin.py:190} INFO - [2024-11-11T19:51:20.084+0000] {dag.py:4180} INFO - Setting next_dagrun for tutorial_dag to None, run_after=None
[2024-11-11T19:51:20.131+0000] {processor.py:208} INFO - Processing /home/airflow/.local/lib/python3.12/site-packages/airflow/example_dags/tutorial_dag.py took 0.177 seconds
[2024-11-11T19:51:50.527+0000] {processor.py:186} INFO - Started process (PID=5957) to work on /home/airflow/.local/lib/python3.12/site-packages/airflow/example_dags/tutorial_dag.py
[2024-11-11T19:51:50.530+0000] {processor.py:914} INFO - Processing file /home/airflow/.local/lib/python3.12/site-packages/airflow/example_dags/tutorial_dag.py for tasks to queue
[2024-11-11T19:51:50.534+0000] {logging_mixin.py:190} INFO - [2024-11-11T19:51:50.533+0000] {dagbag.py:588} INFO - Filling up the DagBag from /home/airflow/.local/lib/python3.12/site-packages/airflow/example_dags/tutorial_dag.py
[2024-11-11T19:51:50.551+0000] {processor.py:925} INFO - DAG(s) 'tutorial_dag' retrieved from /home/airflow/.local/lib/python3.12/site-packages/airflow/example_dags/tutorial_dag.py
[2024-11-11T19:51:50.597+0000] {logging_mixin.py:190} INFO - [2024-11-11T19:51:50.596+0000] {dag.py:3239} INFO - Sync 1 DAGs
[2024-11-11T19:51:50.635+0000] {logging_mixin.py:190} INFO - [2024-11-11T19:51:50.634+0000] {dag.py:4180} INFO - Setting next_dagrun for tutorial_dag to None, run_after=None
[2024-11-11T19:51:50.668+0000] {processor.py:208} INFO - Processing /home/airflow/.local/lib/python3.12/site-packages/airflow/example_dags/tutorial_dag.py took 0.155 seconds
[2024-11-11T19:52:20.852+0000] {processor.py:186} INFO - Started process (PID=6248) to work on /home/airflow/.local/lib/python3.12/site-packages/airflow/example_dags/tutorial_dag.py
[2024-11-11T19:52:20.854+0000] {processor.py:914} INFO - Processing file /home/airflow/.local/lib/python3.12/site-packages/airflow/example_dags/tutorial_dag.py for tasks to queue
[2024-11-11T19:52:20.860+0000] {logging_mixin.py:190} INFO - [2024-11-11T19:52:20.859+0000] {dagbag.py:588} INFO - Filling up the DagBag from /home/airflow/.local/lib/python3.12/site-packages/airflow/example_dags/tutorial_dag.py
[2024-11-11T19:52:20.877+0000] {processor.py:925} INFO - DAG(s) 'tutorial_dag' retrieved from /home/airflow/.local/lib/python3.12/site-packages/airflow/example_dags/tutorial_dag.py
[2024-11-11T19:52:20.923+0000] {logging_mixin.py:190} INFO - [2024-11-11T19:52:20.922+0000] {dag.py:3239} INFO - Sync 1 DAGs
[2024-11-11T19:52:20.957+0000] {logging_mixin.py:190} INFO - [2024-11-11T19:52:20.956+0000] {dag.py:4180} INFO - Setting next_dagrun for tutorial_dag to None, run_after=None
[2024-11-11T19:52:21.013+0000] {processor.py:208} INFO - Processing /home/airflow/.local/lib/python3.12/site-packages/airflow/example_dags/tutorial_dag.py took 0.176 seconds
[2024-11-11T19:52:51.983+0000] {processor.py:186} INFO - Started process (PID=6537) to work on /home/airflow/.local/lib/python3.12/site-packages/airflow/example_dags/tutorial_dag.py
[2024-11-11T19:52:51.985+0000] {processor.py:914} INFO - Processing file /home/airflow/.local/lib/python3.12/site-packages/airflow/example_dags/tutorial_dag.py for tasks to queue
[2024-11-11T19:52:51.990+0000] {logging_mixin.py:190} INFO - [2024-11-11T19:52:51.989+0000] {dagbag.py:588} INFO - Filling up the DagBag from /home/airflow/.local/lib/python3.12/site-packages/airflow/example_dags/tutorial_dag.py
[2024-11-11T19:52:52.007+0000] {processor.py:925} INFO - DAG(s) 'tutorial_dag' retrieved from /home/airflow/.local/lib/python3.12/site-packages/airflow/example_dags/tutorial_dag.py
[2024-11-11T19:52:52.053+0000] {logging_mixin.py:190} INFO - [2024-11-11T19:52:52.053+0000] {dag.py:3239} INFO - Sync 1 DAGs
[2024-11-11T19:52:52.088+0000] {logging_mixin.py:190} INFO - [2024-11-11T19:52:52.088+0000] {dag.py:4180} INFO - Setting next_dagrun for tutorial_dag to None, run_after=None
[2024-11-11T19:52:52.129+0000] {processor.py:208} INFO - Processing /home/airflow/.local/lib/python3.12/site-packages/airflow/example_dags/tutorial_dag.py took 0.161 seconds
[2024-11-11T19:53:22.289+0000] {processor.py:186} INFO - Started process (PID=6825) to work on /home/airflow/.local/lib/python3.12/site-packages/airflow/example_dags/tutorial_dag.py
[2024-11-11T19:53:22.294+0000] {processor.py:914} INFO - Processing file /home/airflow/.local/lib/python3.12/site-packages/airflow/example_dags/tutorial_dag.py for tasks to queue
[2024-11-11T19:53:22.301+0000] {logging_mixin.py:190} INFO - [2024-11-11T19:53:22.300+0000] {dagbag.py:588} INFO - Filling up the DagBag from /home/airflow/.local/lib/python3.12/site-packages/airflow/example_dags/tutorial_dag.py
[2024-11-11T19:53:22.345+0000] {processor.py:925} INFO - DAG(s) 'tutorial_dag' retrieved from /home/airflow/.local/lib/python3.12/site-packages/airflow/example_dags/tutorial_dag.py
[2024-11-11T19:53:22.392+0000] {logging_mixin.py:190} INFO - [2024-11-11T19:53:22.391+0000] {dag.py:3239} INFO - Sync 1 DAGs
[2024-11-11T19:53:22.426+0000] {logging_mixin.py:190} INFO - [2024-11-11T19:53:22.425+0000] {dag.py:4180} INFO - Setting next_dagrun for tutorial_dag to None, run_after=None
[2024-11-11T19:53:22.468+0000] {processor.py:208} INFO - Processing /home/airflow/.local/lib/python3.12/site-packages/airflow/example_dags/tutorial_dag.py took 0.200 seconds
[2024-11-11T19:53:52.564+0000] {processor.py:186} INFO - Started process (PID=7116) to work on /home/airflow/.local/lib/python3.12/site-packages/airflow/example_dags/tutorial_dag.py
[2024-11-11T19:53:52.567+0000] {processor.py:914} INFO - Processing file /home/airflow/.local/lib/python3.12/site-packages/airflow/example_dags/tutorial_dag.py for tasks to queue
[2024-11-11T19:53:52.572+0000] {logging_mixin.py:190} INFO - [2024-11-11T19:53:52.571+0000] {dagbag.py:588} INFO - Filling up the DagBag from /home/airflow/.local/lib/python3.12/site-packages/airflow/example_dags/tutorial_dag.py
[2024-11-11T19:53:52.592+0000] {processor.py:925} INFO - DAG(s) 'tutorial_dag' retrieved from /home/airflow/.local/lib/python3.12/site-packages/airflow/example_dags/tutorial_dag.py
[2024-11-11T19:53:52.651+0000] {logging_mixin.py:190} INFO - [2024-11-11T19:53:52.650+0000] {dag.py:3239} INFO - Sync 1 DAGs
[2024-11-11T19:53:52.692+0000] {logging_mixin.py:190} INFO - [2024-11-11T19:53:52.691+0000] {dag.py:4180} INFO - Setting next_dagrun for tutorial_dag to None, run_after=None
[2024-11-11T19:53:52.734+0000] {processor.py:208} INFO - Processing /home/airflow/.local/lib/python3.12/site-packages/airflow/example_dags/tutorial_dag.py took 0.186 seconds
[2024-11-11T19:54:22.921+0000] {processor.py:186} INFO - Started process (PID=7405) to work on /home/airflow/.local/lib/python3.12/site-packages/airflow/example_dags/tutorial_dag.py
[2024-11-11T19:54:22.924+0000] {processor.py:914} INFO - Processing file /home/airflow/.local/lib/python3.12/site-packages/airflow/example_dags/tutorial_dag.py for tasks to queue
[2024-11-11T19:54:22.930+0000] {logging_mixin.py:190} INFO - [2024-11-11T19:54:22.930+0000] {dagbag.py:588} INFO - Filling up the DagBag from /home/airflow/.local/lib/python3.12/site-packages/airflow/example_dags/tutorial_dag.py
[2024-11-11T19:54:22.954+0000] {processor.py:925} INFO - DAG(s) 'tutorial_dag' retrieved from /home/airflow/.local/lib/python3.12/site-packages/airflow/example_dags/tutorial_dag.py
[2024-11-11T19:54:23.004+0000] {logging_mixin.py:190} INFO - [2024-11-11T19:54:23.003+0000] {dag.py:3239} INFO - Sync 1 DAGs
[2024-11-11T19:54:23.048+0000] {logging_mixin.py:190} INFO - [2024-11-11T19:54:23.048+0000] {dag.py:4180} INFO - Setting next_dagrun for tutorial_dag to None, run_after=None
[2024-11-11T19:54:23.097+0000] {processor.py:208} INFO - Processing /home/airflow/.local/lib/python3.12/site-packages/airflow/example_dags/tutorial_dag.py took 0.201 seconds
[2024-11-11T19:54:53.581+0000] {processor.py:186} INFO - Started process (PID=7696) to work on /home/airflow/.local/lib/python3.12/site-packages/airflow/example_dags/tutorial_dag.py
[2024-11-11T19:54:53.583+0000] {processor.py:914} INFO - Processing file /home/airflow/.local/lib/python3.12/site-packages/airflow/example_dags/tutorial_dag.py for tasks to queue
[2024-11-11T19:54:53.586+0000] {logging_mixin.py:190} INFO - [2024-11-11T19:54:53.585+0000] {dagbag.py:588} INFO - Filling up the DagBag from /home/airflow/.local/lib/python3.12/site-packages/airflow/example_dags/tutorial_dag.py
[2024-11-11T19:54:53.597+0000] {processor.py:925} INFO - DAG(s) 'tutorial_dag' retrieved from /home/airflow/.local/lib/python3.12/site-packages/airflow/example_dags/tutorial_dag.py
[2024-11-11T19:54:53.633+0000] {logging_mixin.py:190} INFO - [2024-11-11T19:54:53.632+0000] {dag.py:3239} INFO - Sync 1 DAGs
[2024-11-11T19:54:53.663+0000] {logging_mixin.py:190} INFO - [2024-11-11T19:54:53.663+0000] {dag.py:4180} INFO - Setting next_dagrun for tutorial_dag to None, run_after=None
[2024-11-11T19:54:53.716+0000] {processor.py:208} INFO - Processing /home/airflow/.local/lib/python3.12/site-packages/airflow/example_dags/tutorial_dag.py took 0.148 seconds
[2024-11-11T19:55:24.988+0000] {processor.py:186} INFO - Started process (PID=7988) to work on /home/airflow/.local/lib/python3.12/site-packages/airflow/example_dags/tutorial_dag.py
[2024-11-11T19:55:24.996+0000] {processor.py:914} INFO - Processing file /home/airflow/.local/lib/python3.12/site-packages/airflow/example_dags/tutorial_dag.py for tasks to queue
[2024-11-11T19:55:25.005+0000] {logging_mixin.py:190} INFO - [2024-11-11T19:55:25.004+0000] {dagbag.py:588} INFO - Filling up the DagBag from /home/airflow/.local/lib/python3.12/site-packages/airflow/example_dags/tutorial_dag.py
[2024-11-11T19:55:25.039+0000] {processor.py:925} INFO - DAG(s) 'tutorial_dag' retrieved from /home/airflow/.local/lib/python3.12/site-packages/airflow/example_dags/tutorial_dag.py
[2024-11-11T19:55:25.141+0000] {logging_mixin.py:190} INFO - [2024-11-11T19:55:25.140+0000] {dag.py:3239} INFO - Sync 1 DAGs
[2024-11-11T19:55:25.223+0000] {logging_mixin.py:190} INFO - [2024-11-11T19:55:25.221+0000] {dag.py:4180} INFO - Setting next_dagrun for tutorial_dag to None, run_after=None
[2024-11-11T19:55:25.282+0000] {processor.py:208} INFO - Processing /home/airflow/.local/lib/python3.12/site-packages/airflow/example_dags/tutorial_dag.py took 0.324 seconds
[2024-11-11T19:55:56.458+0000] {processor.py:186} INFO - Started process (PID=8280) to work on /home/airflow/.local/lib/python3.12/site-packages/airflow/example_dags/tutorial_dag.py
[2024-11-11T19:55:56.461+0000] {processor.py:914} INFO - Processing file /home/airflow/.local/lib/python3.12/site-packages/airflow/example_dags/tutorial_dag.py for tasks to queue
[2024-11-11T19:55:56.465+0000] {logging_mixin.py:190} INFO - [2024-11-11T19:55:56.465+0000] {dagbag.py:588} INFO - Filling up the DagBag from /home/airflow/.local/lib/python3.12/site-packages/airflow/example_dags/tutorial_dag.py
[2024-11-11T19:55:56.482+0000] {processor.py:925} INFO - DAG(s) 'tutorial_dag' retrieved from /home/airflow/.local/lib/python3.12/site-packages/airflow/example_dags/tutorial_dag.py
[2024-11-11T19:55:56.531+0000] {logging_mixin.py:190} INFO - [2024-11-11T19:55:56.531+0000] {dag.py:3239} INFO - Sync 1 DAGs
[2024-11-11T19:55:56.571+0000] {logging_mixin.py:190} INFO - [2024-11-11T19:55:56.571+0000] {dag.py:4180} INFO - Setting next_dagrun for tutorial_dag to None, run_after=None
[2024-11-11T19:55:56.616+0000] {processor.py:208} INFO - Processing /home/airflow/.local/lib/python3.12/site-packages/airflow/example_dags/tutorial_dag.py took 0.173 seconds
[2024-11-11T19:56:27.147+0000] {processor.py:186} INFO - Started process (PID=8572) to work on /home/airflow/.local/lib/python3.12/site-packages/airflow/example_dags/tutorial_dag.py
[2024-11-11T19:56:27.149+0000] {processor.py:914} INFO - Processing file /home/airflow/.local/lib/python3.12/site-packages/airflow/example_dags/tutorial_dag.py for tasks to queue
[2024-11-11T19:56:27.153+0000] {logging_mixin.py:190} INFO - [2024-11-11T19:56:27.152+0000] {dagbag.py:588} INFO - Filling up the DagBag from /home/airflow/.local/lib/python3.12/site-packages/airflow/example_dags/tutorial_dag.py
[2024-11-11T19:56:27.168+0000] {processor.py:925} INFO - DAG(s) 'tutorial_dag' retrieved from /home/airflow/.local/lib/python3.12/site-packages/airflow/example_dags/tutorial_dag.py
[2024-11-11T19:56:27.213+0000] {logging_mixin.py:190} INFO - [2024-11-11T19:56:27.212+0000] {dag.py:3239} INFO - Sync 1 DAGs
[2024-11-11T19:56:27.249+0000] {logging_mixin.py:190} INFO - [2024-11-11T19:56:27.249+0000] {dag.py:4180} INFO - Setting next_dagrun for tutorial_dag to None, run_after=None
[2024-11-11T19:56:27.289+0000] {processor.py:208} INFO - Processing /home/airflow/.local/lib/python3.12/site-packages/airflow/example_dags/tutorial_dag.py took 0.159 seconds
[2024-11-11T19:56:57.806+0000] {processor.py:186} INFO - Started process (PID=8858) to work on /home/airflow/.local/lib/python3.12/site-packages/airflow/example_dags/tutorial_dag.py
[2024-11-11T19:56:57.809+0000] {processor.py:914} INFO - Processing file /home/airflow/.local/lib/python3.12/site-packages/airflow/example_dags/tutorial_dag.py for tasks to queue
[2024-11-11T19:56:57.815+0000] {logging_mixin.py:190} INFO - [2024-11-11T19:56:57.814+0000] {dagbag.py:588} INFO - Filling up the DagBag from /home/airflow/.local/lib/python3.12/site-packages/airflow/example_dags/tutorial_dag.py
[2024-11-11T19:56:57.839+0000] {processor.py:925} INFO - DAG(s) 'tutorial_dag' retrieved from /home/airflow/.local/lib/python3.12/site-packages/airflow/example_dags/tutorial_dag.py
[2024-11-11T19:56:57.889+0000] {logging_mixin.py:190} INFO - [2024-11-11T19:56:57.889+0000] {dag.py:3239} INFO - Sync 1 DAGs
[2024-11-11T19:56:57.919+0000] {logging_mixin.py:190} INFO - [2024-11-11T19:56:57.918+0000] {dag.py:4180} INFO - Setting next_dagrun for tutorial_dag to None, run_after=None
[2024-11-11T19:56:57.958+0000] {processor.py:208} INFO - Processing /home/airflow/.local/lib/python3.12/site-packages/airflow/example_dags/tutorial_dag.py took 0.176 seconds
[2024-11-11T19:57:28.213+0000] {processor.py:186} INFO - Started process (PID=9149) to work on /home/airflow/.local/lib/python3.12/site-packages/airflow/example_dags/tutorial_dag.py
[2024-11-11T19:57:28.215+0000] {processor.py:914} INFO - Processing file /home/airflow/.local/lib/python3.12/site-packages/airflow/example_dags/tutorial_dag.py for tasks to queue
[2024-11-11T19:57:28.221+0000] {logging_mixin.py:190} INFO - [2024-11-11T19:57:28.220+0000] {dagbag.py:588} INFO - Filling up the DagBag from /home/airflow/.local/lib/python3.12/site-packages/airflow/example_dags/tutorial_dag.py
[2024-11-11T19:57:28.239+0000] {processor.py:925} INFO - DAG(s) 'tutorial_dag' retrieved from /home/airflow/.local/lib/python3.12/site-packages/airflow/example_dags/tutorial_dag.py
[2024-11-11T19:57:28.287+0000] {logging_mixin.py:190} INFO - [2024-11-11T19:57:28.286+0000] {dag.py:3239} INFO - Sync 1 DAGs
[2024-11-11T19:57:28.333+0000] {logging_mixin.py:190} INFO - [2024-11-11T19:57:28.332+0000] {dag.py:4180} INFO - Setting next_dagrun for tutorial_dag to None, run_after=None
[2024-11-11T19:57:28.403+0000] {processor.py:208} INFO - Processing /home/airflow/.local/lib/python3.12/site-packages/airflow/example_dags/tutorial_dag.py took 0.208 seconds
[2024-11-11T19:57:59.232+0000] {processor.py:186} INFO - Started process (PID=9440) to work on /home/airflow/.local/lib/python3.12/site-packages/airflow/example_dags/tutorial_dag.py
[2024-11-11T19:57:59.233+0000] {processor.py:914} INFO - Processing file /home/airflow/.local/lib/python3.12/site-packages/airflow/example_dags/tutorial_dag.py for tasks to queue
[2024-11-11T19:57:59.237+0000] {logging_mixin.py:190} INFO - [2024-11-11T19:57:59.236+0000] {dagbag.py:588} INFO - Filling up the DagBag from /home/airflow/.local/lib/python3.12/site-packages/airflow/example_dags/tutorial_dag.py
[2024-11-11T19:57:59.249+0000] {processor.py:925} INFO - DAG(s) 'tutorial_dag' retrieved from /home/airflow/.local/lib/python3.12/site-packages/airflow/example_dags/tutorial_dag.py
[2024-11-11T19:57:59.293+0000] {logging_mixin.py:190} INFO - [2024-11-11T19:57:59.292+0000] {dag.py:3239} INFO - Sync 1 DAGs
[2024-11-11T19:57:59.334+0000] {logging_mixin.py:190} INFO - [2024-11-11T19:57:59.333+0000] {dag.py:4180} INFO - Setting next_dagrun for tutorial_dag to None, run_after=None
[2024-11-11T19:57:59.381+0000] {processor.py:208} INFO - Processing /home/airflow/.local/lib/python3.12/site-packages/airflow/example_dags/tutorial_dag.py took 0.163 seconds
[2024-11-11T19:58:30.441+0000] {processor.py:186} INFO - Started process (PID=9731) to work on /home/airflow/.local/lib/python3.12/site-packages/airflow/example_dags/tutorial_dag.py
[2024-11-11T19:58:30.450+0000] {processor.py:914} INFO - Processing file /home/airflow/.local/lib/python3.12/site-packages/airflow/example_dags/tutorial_dag.py for tasks to queue
[2024-11-11T19:58:30.461+0000] {logging_mixin.py:190} INFO - [2024-11-11T19:58:30.459+0000] {dagbag.py:588} INFO - Filling up the DagBag from /home/airflow/.local/lib/python3.12/site-packages/airflow/example_dags/tutorial_dag.py
[2024-11-11T19:58:30.496+0000] {processor.py:925} INFO - DAG(s) 'tutorial_dag' retrieved from /home/airflow/.local/lib/python3.12/site-packages/airflow/example_dags/tutorial_dag.py
[2024-11-11T19:58:30.589+0000] {logging_mixin.py:190} INFO - [2024-11-11T19:58:30.588+0000] {dag.py:3239} INFO - Sync 1 DAGs
[2024-11-11T19:58:30.656+0000] {logging_mixin.py:190} INFO - [2024-11-11T19:58:30.655+0000] {dag.py:4180} INFO - Setting next_dagrun for tutorial_dag to None, run_after=None
[2024-11-11T19:58:30.753+0000] {processor.py:208} INFO - Processing /home/airflow/.local/lib/python3.12/site-packages/airflow/example_dags/tutorial_dag.py took 0.348 seconds
[2024-11-11T19:59:01.658+0000] {processor.py:186} INFO - Started process (PID=10022) to work on /home/airflow/.local/lib/python3.12/site-packages/airflow/example_dags/tutorial_dag.py
[2024-11-11T19:59:01.662+0000] {processor.py:914} INFO - Processing file /home/airflow/.local/lib/python3.12/site-packages/airflow/example_dags/tutorial_dag.py for tasks to queue
[2024-11-11T19:59:01.671+0000] {logging_mixin.py:190} INFO - [2024-11-11T19:59:01.669+0000] {dagbag.py:588} INFO - Filling up the DagBag from /home/airflow/.local/lib/python3.12/site-packages/airflow/example_dags/tutorial_dag.py
[2024-11-11T19:59:01.737+0000] {processor.py:925} INFO - DAG(s) 'tutorial_dag' retrieved from /home/airflow/.local/lib/python3.12/site-packages/airflow/example_dags/tutorial_dag.py
[2024-11-11T19:59:01.821+0000] {logging_mixin.py:190} INFO - [2024-11-11T19:59:01.820+0000] {dag.py:3239} INFO - Sync 1 DAGs
[2024-11-11T19:59:01.865+0000] {logging_mixin.py:190} INFO - [2024-11-11T19:59:01.865+0000] {dag.py:4180} INFO - Setting next_dagrun for tutorial_dag to None, run_after=None
[2024-11-11T19:59:01.910+0000] {processor.py:208} INFO - Processing /home/airflow/.local/lib/python3.12/site-packages/airflow/example_dags/tutorial_dag.py took 0.279 seconds
[2024-11-11T19:59:32.407+0000] {processor.py:186} INFO - Started process (PID=10310) to work on /home/airflow/.local/lib/python3.12/site-packages/airflow/example_dags/tutorial_dag.py
[2024-11-11T19:59:32.409+0000] {processor.py:914} INFO - Processing file /home/airflow/.local/lib/python3.12/site-packages/airflow/example_dags/tutorial_dag.py for tasks to queue
[2024-11-11T19:59:32.414+0000] {logging_mixin.py:190} INFO - [2024-11-11T19:59:32.413+0000] {dagbag.py:588} INFO - Filling up the DagBag from /home/airflow/.local/lib/python3.12/site-packages/airflow/example_dags/tutorial_dag.py
[2024-11-11T19:59:32.431+0000] {processor.py:925} INFO - DAG(s) 'tutorial_dag' retrieved from /home/airflow/.local/lib/python3.12/site-packages/airflow/example_dags/tutorial_dag.py
[2024-11-11T19:59:32.479+0000] {logging_mixin.py:190} INFO - [2024-11-11T19:59:32.479+0000] {dag.py:3239} INFO - Sync 1 DAGs
[2024-11-11T19:59:32.513+0000] {logging_mixin.py:190} INFO - [2024-11-11T19:59:32.513+0000] {dag.py:4180} INFO - Setting next_dagrun for tutorial_dag to None, run_after=None
[2024-11-11T19:59:32.581+0000] {processor.py:208} INFO - Processing /home/airflow/.local/lib/python3.12/site-packages/airflow/example_dags/tutorial_dag.py took 0.193 seconds
[2024-11-11T20:00:02.922+0000] {processor.py:186} INFO - Started process (PID=10601) to work on /home/airflow/.local/lib/python3.12/site-packages/airflow/example_dags/tutorial_dag.py
[2024-11-11T20:00:02.926+0000] {processor.py:914} INFO - Processing file /home/airflow/.local/lib/python3.12/site-packages/airflow/example_dags/tutorial_dag.py for tasks to queue
[2024-11-11T20:00:02.934+0000] {logging_mixin.py:190} INFO - [2024-11-11T20:00:02.933+0000] {dagbag.py:588} INFO - Filling up the DagBag from /home/airflow/.local/lib/python3.12/site-packages/airflow/example_dags/tutorial_dag.py
[2024-11-11T20:00:02.961+0000] {processor.py:925} INFO - DAG(s) 'tutorial_dag' retrieved from /home/airflow/.local/lib/python3.12/site-packages/airflow/example_dags/tutorial_dag.py
[2024-11-11T20:00:03.043+0000] {logging_mixin.py:190} INFO - [2024-11-11T20:00:03.042+0000] {dag.py:3239} INFO - Sync 1 DAGs
[2024-11-11T20:00:03.106+0000] {logging_mixin.py:190} INFO - [2024-11-11T20:00:03.106+0000] {dag.py:4180} INFO - Setting next_dagrun for tutorial_dag to None, run_after=None
[2024-11-11T20:00:03.181+0000] {processor.py:208} INFO - Processing /home/airflow/.local/lib/python3.12/site-packages/airflow/example_dags/tutorial_dag.py took 0.285 seconds
[2024-11-11T20:00:33.988+0000] {processor.py:186} INFO - Started process (PID=10890) to work on /home/airflow/.local/lib/python3.12/site-packages/airflow/example_dags/tutorial_dag.py
[2024-11-11T20:00:33.990+0000] {processor.py:914} INFO - Processing file /home/airflow/.local/lib/python3.12/site-packages/airflow/example_dags/tutorial_dag.py for tasks to queue
[2024-11-11T20:00:33.993+0000] {logging_mixin.py:190} INFO - [2024-11-11T20:00:33.993+0000] {dagbag.py:588} INFO - Filling up the DagBag from /home/airflow/.local/lib/python3.12/site-packages/airflow/example_dags/tutorial_dag.py
[2024-11-11T20:00:34.005+0000] {processor.py:925} INFO - DAG(s) 'tutorial_dag' retrieved from /home/airflow/.local/lib/python3.12/site-packages/airflow/example_dags/tutorial_dag.py
[2024-11-11T20:00:34.036+0000] {logging_mixin.py:190} INFO - [2024-11-11T20:00:34.035+0000] {dag.py:3239} INFO - Sync 1 DAGs
[2024-11-11T20:00:34.059+0000] {logging_mixin.py:190} INFO - [2024-11-11T20:00:34.059+0000] {dag.py:4180} INFO - Setting next_dagrun for tutorial_dag to None, run_after=None
[2024-11-11T20:00:34.091+0000] {processor.py:208} INFO - Processing /home/airflow/.local/lib/python3.12/site-packages/airflow/example_dags/tutorial_dag.py took 0.113 seconds
[2024-11-11T20:01:05.170+0000] {processor.py:186} INFO - Started process (PID=11181) to work on /home/airflow/.local/lib/python3.12/site-packages/airflow/example_dags/tutorial_dag.py
[2024-11-11T20:01:05.173+0000] {processor.py:914} INFO - Processing file /home/airflow/.local/lib/python3.12/site-packages/airflow/example_dags/tutorial_dag.py for tasks to queue
[2024-11-11T20:01:05.177+0000] {logging_mixin.py:190} INFO - [2024-11-11T20:01:05.177+0000] {dagbag.py:588} INFO - Filling up the DagBag from /home/airflow/.local/lib/python3.12/site-packages/airflow/example_dags/tutorial_dag.py
[2024-11-11T20:01:05.194+0000] {processor.py:925} INFO - DAG(s) 'tutorial_dag' retrieved from /home/airflow/.local/lib/python3.12/site-packages/airflow/example_dags/tutorial_dag.py
[2024-11-11T20:01:05.240+0000] {logging_mixin.py:190} INFO - [2024-11-11T20:01:05.240+0000] {dag.py:3239} INFO - Sync 1 DAGs
[2024-11-11T20:01:05.265+0000] {logging_mixin.py:190} INFO - [2024-11-11T20:01:05.264+0000] {dag.py:4180} INFO - Setting next_dagrun for tutorial_dag to None, run_after=None
[2024-11-11T20:01:05.306+0000] {processor.py:208} INFO - Processing /home/airflow/.local/lib/python3.12/site-packages/airflow/example_dags/tutorial_dag.py took 0.150 seconds
[2024-11-11T20:01:36.193+0000] {processor.py:186} INFO - Started process (PID=11469) to work on /home/airflow/.local/lib/python3.12/site-packages/airflow/example_dags/tutorial_dag.py
[2024-11-11T20:01:36.195+0000] {processor.py:914} INFO - Processing file /home/airflow/.local/lib/python3.12/site-packages/airflow/example_dags/tutorial_dag.py for tasks to queue
[2024-11-11T20:01:36.200+0000] {logging_mixin.py:190} INFO - [2024-11-11T20:01:36.199+0000] {dagbag.py:588} INFO - Filling up the DagBag from /home/airflow/.local/lib/python3.12/site-packages/airflow/example_dags/tutorial_dag.py
[2024-11-11T20:01:36.221+0000] {processor.py:925} INFO - DAG(s) 'tutorial_dag' retrieved from /home/airflow/.local/lib/python3.12/site-packages/airflow/example_dags/tutorial_dag.py
[2024-11-11T20:01:36.275+0000] {logging_mixin.py:190} INFO - [2024-11-11T20:01:36.274+0000] {dag.py:3239} INFO - Sync 1 DAGs
[2024-11-11T20:01:36.334+0000] {logging_mixin.py:190} INFO - [2024-11-11T20:01:36.333+0000] {dag.py:4180} INFO - Setting next_dagrun for tutorial_dag to None, run_after=None
[2024-11-11T20:01:36.380+0000] {processor.py:208} INFO - Processing /home/airflow/.local/lib/python3.12/site-packages/airflow/example_dags/tutorial_dag.py took 0.211 seconds
[2024-11-11T20:02:06.730+0000] {processor.py:186} INFO - Started process (PID=11761) to work on /home/airflow/.local/lib/python3.12/site-packages/airflow/example_dags/tutorial_dag.py
[2024-11-11T20:02:06.732+0000] {processor.py:914} INFO - Processing file /home/airflow/.local/lib/python3.12/site-packages/airflow/example_dags/tutorial_dag.py for tasks to queue
[2024-11-11T20:02:06.736+0000] {logging_mixin.py:190} INFO - [2024-11-11T20:02:06.735+0000] {dagbag.py:588} INFO - Filling up the DagBag from /home/airflow/.local/lib/python3.12/site-packages/airflow/example_dags/tutorial_dag.py
[2024-11-11T20:02:06.748+0000] {processor.py:925} INFO - DAG(s) 'tutorial_dag' retrieved from /home/airflow/.local/lib/python3.12/site-packages/airflow/example_dags/tutorial_dag.py
[2024-11-11T20:02:06.787+0000] {logging_mixin.py:190} INFO - [2024-11-11T20:02:06.787+0000] {dag.py:3239} INFO - Sync 1 DAGs
[2024-11-11T20:02:06.819+0000] {logging_mixin.py:190} INFO - [2024-11-11T20:02:06.818+0000] {dag.py:4180} INFO - Setting next_dagrun for tutorial_dag to None, run_after=None
[2024-11-11T20:02:06.849+0000] {processor.py:208} INFO - Processing /home/airflow/.local/lib/python3.12/site-packages/airflow/example_dags/tutorial_dag.py took 0.130 seconds
[2024-11-11T20:02:37.034+0000] {processor.py:186} INFO - Started process (PID=12050) to work on /home/airflow/.local/lib/python3.12/site-packages/airflow/example_dags/tutorial_dag.py
[2024-11-11T20:02:37.036+0000] {processor.py:914} INFO - Processing file /home/airflow/.local/lib/python3.12/site-packages/airflow/example_dags/tutorial_dag.py for tasks to queue
[2024-11-11T20:02:37.041+0000] {logging_mixin.py:190} INFO - [2024-11-11T20:02:37.041+0000] {dagbag.py:588} INFO - Filling up the DagBag from /home/airflow/.local/lib/python3.12/site-packages/airflow/example_dags/tutorial_dag.py
[2024-11-11T20:02:37.057+0000] {processor.py:925} INFO - DAG(s) 'tutorial_dag' retrieved from /home/airflow/.local/lib/python3.12/site-packages/airflow/example_dags/tutorial_dag.py
[2024-11-11T20:02:37.103+0000] {logging_mixin.py:190} INFO - [2024-11-11T20:02:37.103+0000] {dag.py:3239} INFO - Sync 1 DAGs
[2024-11-11T20:02:37.144+0000] {logging_mixin.py:190} INFO - [2024-11-11T20:02:37.143+0000] {dag.py:4180} INFO - Setting next_dagrun for tutorial_dag to None, run_after=None
[2024-11-11T20:02:37.197+0000] {processor.py:208} INFO - Processing /home/airflow/.local/lib/python3.12/site-packages/airflow/example_dags/tutorial_dag.py took 0.177 seconds
