[2024-11-11T19:41:44.080+0000] {processor.py:186} INFO - Started process (PID=412) to work on /home/airflow/.local/lib/python3.12/site-packages/airflow/example_dags/tutorial.py
[2024-11-11T19:41:44.081+0000] {processor.py:914} INFO - Processing file /home/airflow/.local/lib/python3.12/site-packages/airflow/example_dags/tutorial.py for tasks to queue
[2024-11-11T19:41:44.085+0000] {logging_mixin.py:190} INFO - [2024-11-11T19:41:44.084+0000] {dagbag.py:588} INFO - Filling up the DagBag from /home/airflow/.local/lib/python3.12/site-packages/airflow/example_dags/tutorial.py
[2024-11-11T19:41:44.101+0000] {processor.py:925} INFO - DAG(s) 'tutorial' retrieved from /home/airflow/.local/lib/python3.12/site-packages/airflow/example_dags/tutorial.py
[2024-11-11T19:41:44.344+0000] {logging_mixin.py:190} INFO - [2024-11-11T19:41:44.343+0000] {override.py:1911} INFO - Created Permission View: can delete on DAG:tutorial
[2024-11-11T19:41:44.361+0000] {logging_mixin.py:190} INFO - [2024-11-11T19:41:44.361+0000] {override.py:1911} INFO - Created Permission View: can read on DAG:tutorial
[2024-11-11T19:41:44.373+0000] {logging_mixin.py:190} INFO - [2024-11-11T19:41:44.372+0000] {override.py:1911} INFO - Created Permission View: can edit on DAG:tutorial
[2024-11-11T19:41:44.386+0000] {logging_mixin.py:190} INFO - [2024-11-11T19:41:44.386+0000] {override.py:1911} INFO - Created Permission View: can delete on DAG Run:tutorial
[2024-11-11T19:41:44.398+0000] {logging_mixin.py:190} INFO - [2024-11-11T19:41:44.397+0000] {override.py:1911} INFO - Created Permission View: can create on DAG Run:tutorial
[2024-11-11T19:41:44.409+0000] {logging_mixin.py:190} INFO - [2024-11-11T19:41:44.408+0000] {override.py:1911} INFO - Created Permission View: menu access on DAG Run:tutorial
[2024-11-11T19:41:44.420+0000] {logging_mixin.py:190} INFO - [2024-11-11T19:41:44.420+0000] {override.py:1911} INFO - Created Permission View: can read on DAG Run:tutorial
[2024-11-11T19:41:44.421+0000] {logging_mixin.py:190} INFO - [2024-11-11T19:41:44.421+0000] {dag.py:3239} INFO - Sync 1 DAGs
[2024-11-11T19:41:44.443+0000] {logging_mixin.py:190} INFO - [2024-11-11T19:41:44.443+0000] {dag.py:3262} INFO - Creating ORM DAG for tutorial
[2024-11-11T19:41:44.462+0000] {logging_mixin.py:190} INFO - [2024-11-11T19:41:44.461+0000] {dag.py:4180} INFO - Setting next_dagrun for tutorial to 2024-11-10 00:00:00+00:00, run_after=2024-11-11 00:00:00+00:00
[2024-11-11T19:41:44.488+0000] {processor.py:208} INFO - Processing /home/airflow/.local/lib/python3.12/site-packages/airflow/example_dags/tutorial.py took 0.420 seconds
[2024-11-11T19:42:14.741+0000] {processor.py:186} INFO - Started process (PID=700) to work on /home/airflow/.local/lib/python3.12/site-packages/airflow/example_dags/tutorial.py
[2024-11-11T19:42:14.743+0000] {processor.py:914} INFO - Processing file /home/airflow/.local/lib/python3.12/site-packages/airflow/example_dags/tutorial.py for tasks to queue
[2024-11-11T19:42:14.747+0000] {logging_mixin.py:190} INFO - [2024-11-11T19:42:14.746+0000] {dagbag.py:588} INFO - Filling up the DagBag from /home/airflow/.local/lib/python3.12/site-packages/airflow/example_dags/tutorial.py
[2024-11-11T19:42:14.762+0000] {processor.py:925} INFO - DAG(s) 'tutorial' retrieved from /home/airflow/.local/lib/python3.12/site-packages/airflow/example_dags/tutorial.py
[2024-11-11T19:42:14.813+0000] {logging_mixin.py:190} INFO - [2024-11-11T19:42:14.812+0000] {dag.py:3239} INFO - Sync 1 DAGs
[2024-11-11T19:42:14.872+0000] {logging_mixin.py:190} INFO - [2024-11-11T19:42:14.871+0000] {dag.py:4180} INFO - Setting next_dagrun for tutorial to 2024-11-10 00:00:00+00:00, run_after=2024-11-11 00:00:00+00:00
[2024-11-11T19:42:14.917+0000] {processor.py:208} INFO - Processing /home/airflow/.local/lib/python3.12/site-packages/airflow/example_dags/tutorial.py took 0.188 seconds
[2024-11-11T19:42:46.921+0000] {processor.py:186} INFO - Started process (PID=990) to work on /home/airflow/.local/lib/python3.12/site-packages/airflow/example_dags/tutorial.py
[2024-11-11T19:42:46.924+0000] {processor.py:914} INFO - Processing file /home/airflow/.local/lib/python3.12/site-packages/airflow/example_dags/tutorial.py for tasks to queue
[2024-11-11T19:42:46.928+0000] {logging_mixin.py:190} INFO - [2024-11-11T19:42:46.928+0000] {dagbag.py:588} INFO - Filling up the DagBag from /home/airflow/.local/lib/python3.12/site-packages/airflow/example_dags/tutorial.py
[2024-11-11T19:42:46.947+0000] {processor.py:925} INFO - DAG(s) 'tutorial' retrieved from /home/airflow/.local/lib/python3.12/site-packages/airflow/example_dags/tutorial.py
[2024-11-11T19:42:46.994+0000] {logging_mixin.py:190} INFO - [2024-11-11T19:42:46.993+0000] {dag.py:3239} INFO - Sync 1 DAGs
[2024-11-11T19:42:47.051+0000] {logging_mixin.py:190} INFO - [2024-11-11T19:42:47.050+0000] {dag.py:4180} INFO - Setting next_dagrun for tutorial to 2024-11-10 00:00:00+00:00, run_after=2024-11-11 00:00:00+00:00
[2024-11-11T19:42:47.094+0000] {processor.py:208} INFO - Processing /home/airflow/.local/lib/python3.12/site-packages/airflow/example_dags/tutorial.py took 0.187 seconds
[2024-11-11T19:43:18.704+0000] {processor.py:186} INFO - Started process (PID=1281) to work on /home/airflow/.local/lib/python3.12/site-packages/airflow/example_dags/tutorial.py
[2024-11-11T19:43:18.708+0000] {processor.py:914} INFO - Processing file /home/airflow/.local/lib/python3.12/site-packages/airflow/example_dags/tutorial.py for tasks to queue
[2024-11-11T19:43:18.713+0000] {logging_mixin.py:190} INFO - [2024-11-11T19:43:18.712+0000] {dagbag.py:588} INFO - Filling up the DagBag from /home/airflow/.local/lib/python3.12/site-packages/airflow/example_dags/tutorial.py
[2024-11-11T19:43:18.733+0000] {processor.py:925} INFO - DAG(s) 'tutorial' retrieved from /home/airflow/.local/lib/python3.12/site-packages/airflow/example_dags/tutorial.py
[2024-11-11T19:43:18.788+0000] {logging_mixin.py:190} INFO - [2024-11-11T19:43:18.788+0000] {dag.py:3239} INFO - Sync 1 DAGs
[2024-11-11T19:43:18.852+0000] {logging_mixin.py:190} INFO - [2024-11-11T19:43:18.852+0000] {dag.py:4180} INFO - Setting next_dagrun for tutorial to 2024-11-10 00:00:00+00:00, run_after=2024-11-11 00:00:00+00:00
[2024-11-11T19:43:18.882+0000] {processor.py:208} INFO - Processing /home/airflow/.local/lib/python3.12/site-packages/airflow/example_dags/tutorial.py took 0.193 seconds
[2024-11-11T19:43:49.776+0000] {processor.py:186} INFO - Started process (PID=1572) to work on /home/airflow/.local/lib/python3.12/site-packages/airflow/example_dags/tutorial.py
[2024-11-11T19:43:49.778+0000] {processor.py:914} INFO - Processing file /home/airflow/.local/lib/python3.12/site-packages/airflow/example_dags/tutorial.py for tasks to queue
[2024-11-11T19:43:49.783+0000] {logging_mixin.py:190} INFO - [2024-11-11T19:43:49.782+0000] {dagbag.py:588} INFO - Filling up the DagBag from /home/airflow/.local/lib/python3.12/site-packages/airflow/example_dags/tutorial.py
[2024-11-11T19:43:49.807+0000] {processor.py:925} INFO - DAG(s) 'tutorial' retrieved from /home/airflow/.local/lib/python3.12/site-packages/airflow/example_dags/tutorial.py
[2024-11-11T19:43:49.864+0000] {logging_mixin.py:190} INFO - [2024-11-11T19:43:49.863+0000] {dag.py:3239} INFO - Sync 1 DAGs
[2024-11-11T19:43:49.939+0000] {logging_mixin.py:190} INFO - [2024-11-11T19:43:49.939+0000] {dag.py:4180} INFO - Setting next_dagrun for tutorial to 2024-11-10 00:00:00+00:00, run_after=2024-11-11 00:00:00+00:00
[2024-11-11T19:43:49.972+0000] {processor.py:208} INFO - Processing /home/airflow/.local/lib/python3.12/site-packages/airflow/example_dags/tutorial.py took 0.211 seconds
[2024-11-11T19:44:23.981+0000] {processor.py:186} INFO - Started process (PID=1863) to work on /home/airflow/.local/lib/python3.12/site-packages/airflow/example_dags/tutorial.py
[2024-11-11T19:44:23.984+0000] {processor.py:914} INFO - Processing file /home/airflow/.local/lib/python3.12/site-packages/airflow/example_dags/tutorial.py for tasks to queue
[2024-11-11T19:44:23.989+0000] {logging_mixin.py:190} INFO - [2024-11-11T19:44:23.988+0000] {dagbag.py:588} INFO - Filling up the DagBag from /home/airflow/.local/lib/python3.12/site-packages/airflow/example_dags/tutorial.py
[2024-11-11T19:44:24.004+0000] {processor.py:925} INFO - DAG(s) 'tutorial' retrieved from /home/airflow/.local/lib/python3.12/site-packages/airflow/example_dags/tutorial.py
[2024-11-11T19:44:24.042+0000] {logging_mixin.py:190} INFO - [2024-11-11T19:44:24.042+0000] {dag.py:3239} INFO - Sync 1 DAGs
[2024-11-11T19:44:24.080+0000] {logging_mixin.py:190} INFO - [2024-11-11T19:44:24.080+0000] {dag.py:4180} INFO - Setting next_dagrun for tutorial to 2024-11-10 00:00:00+00:00, run_after=2024-11-11 00:00:00+00:00
[2024-11-11T19:44:24.109+0000] {processor.py:208} INFO - Processing /home/airflow/.local/lib/python3.12/site-packages/airflow/example_dags/tutorial.py took 0.142 seconds
[2024-11-11T19:44:55.470+0000] {processor.py:186} INFO - Started process (PID=2154) to work on /home/airflow/.local/lib/python3.12/site-packages/airflow/example_dags/tutorial.py
[2024-11-11T19:44:55.472+0000] {processor.py:914} INFO - Processing file /home/airflow/.local/lib/python3.12/site-packages/airflow/example_dags/tutorial.py for tasks to queue
[2024-11-11T19:44:55.476+0000] {logging_mixin.py:190} INFO - [2024-11-11T19:44:55.475+0000] {dagbag.py:588} INFO - Filling up the DagBag from /home/airflow/.local/lib/python3.12/site-packages/airflow/example_dags/tutorial.py
[2024-11-11T19:44:55.494+0000] {processor.py:925} INFO - DAG(s) 'tutorial' retrieved from /home/airflow/.local/lib/python3.12/site-packages/airflow/example_dags/tutorial.py
[2024-11-11T19:44:55.528+0000] {logging_mixin.py:190} INFO - [2024-11-11T19:44:55.528+0000] {dag.py:3239} INFO - Sync 1 DAGs
[2024-11-11T19:44:55.569+0000] {logging_mixin.py:190} INFO - [2024-11-11T19:44:55.568+0000] {dag.py:4180} INFO - Setting next_dagrun for tutorial to 2024-11-10 00:00:00+00:00, run_after=2024-11-11 00:00:00+00:00
[2024-11-11T19:44:55.608+0000] {processor.py:208} INFO - Processing /home/airflow/.local/lib/python3.12/site-packages/airflow/example_dags/tutorial.py took 0.149 seconds
[2024-11-11T19:45:26.357+0000] {processor.py:186} INFO - Started process (PID=2445) to work on /home/airflow/.local/lib/python3.12/site-packages/airflow/example_dags/tutorial.py
[2024-11-11T19:45:26.359+0000] {processor.py:914} INFO - Processing file /home/airflow/.local/lib/python3.12/site-packages/airflow/example_dags/tutorial.py for tasks to queue
[2024-11-11T19:45:26.362+0000] {logging_mixin.py:190} INFO - [2024-11-11T19:45:26.362+0000] {dagbag.py:588} INFO - Filling up the DagBag from /home/airflow/.local/lib/python3.12/site-packages/airflow/example_dags/tutorial.py
[2024-11-11T19:45:26.376+0000] {processor.py:925} INFO - DAG(s) 'tutorial' retrieved from /home/airflow/.local/lib/python3.12/site-packages/airflow/example_dags/tutorial.py
[2024-11-11T19:45:26.414+0000] {logging_mixin.py:190} INFO - [2024-11-11T19:45:26.414+0000] {dag.py:3239} INFO - Sync 1 DAGs
[2024-11-11T19:45:26.473+0000] {logging_mixin.py:190} INFO - [2024-11-11T19:45:26.472+0000] {dag.py:4180} INFO - Setting next_dagrun for tutorial to 2024-11-10 00:00:00+00:00, run_after=2024-11-11 00:00:00+00:00
[2024-11-11T19:45:26.522+0000] {processor.py:208} INFO - Processing /home/airflow/.local/lib/python3.12/site-packages/airflow/example_dags/tutorial.py took 0.176 seconds
[2024-11-11T19:46:01.163+0000] {processor.py:186} INFO - Started process (PID=2741) to work on /home/airflow/.local/lib/python3.12/site-packages/airflow/example_dags/tutorial.py
[2024-11-11T19:46:01.166+0000] {processor.py:914} INFO - Processing file /home/airflow/.local/lib/python3.12/site-packages/airflow/example_dags/tutorial.py for tasks to queue
[2024-11-11T19:46:01.173+0000] {logging_mixin.py:190} INFO - [2024-11-11T19:46:01.171+0000] {dagbag.py:588} INFO - Filling up the DagBag from /home/airflow/.local/lib/python3.12/site-packages/airflow/example_dags/tutorial.py
[2024-11-11T19:46:01.203+0000] {processor.py:925} INFO - DAG(s) 'tutorial' retrieved from /home/airflow/.local/lib/python3.12/site-packages/airflow/example_dags/tutorial.py
[2024-11-11T19:46:01.315+0000] {logging_mixin.py:190} INFO - [2024-11-11T19:46:01.313+0000] {dag.py:3239} INFO - Sync 1 DAGs
[2024-11-11T19:46:01.395+0000] {logging_mixin.py:190} INFO - [2024-11-11T19:46:01.394+0000] {dag.py:4180} INFO - Setting next_dagrun for tutorial to 2024-11-10 00:00:00+00:00, run_after=2024-11-11 00:00:00+00:00
[2024-11-11T19:46:01.441+0000] {processor.py:208} INFO - Processing /home/airflow/.local/lib/python3.12/site-packages/airflow/example_dags/tutorial.py took 0.302 seconds
[2024-11-11T19:46:31.589+0000] {processor.py:186} INFO - Started process (PID=3027) to work on /home/airflow/.local/lib/python3.12/site-packages/airflow/example_dags/tutorial.py
[2024-11-11T19:46:31.591+0000] {processor.py:914} INFO - Processing file /home/airflow/.local/lib/python3.12/site-packages/airflow/example_dags/tutorial.py for tasks to queue
[2024-11-11T19:46:31.596+0000] {logging_mixin.py:190} INFO - [2024-11-11T19:46:31.595+0000] {dagbag.py:588} INFO - Filling up the DagBag from /home/airflow/.local/lib/python3.12/site-packages/airflow/example_dags/tutorial.py
[2024-11-11T19:46:31.614+0000] {processor.py:925} INFO - DAG(s) 'tutorial' retrieved from /home/airflow/.local/lib/python3.12/site-packages/airflow/example_dags/tutorial.py
[2024-11-11T19:46:31.658+0000] {logging_mixin.py:190} INFO - [2024-11-11T19:46:31.657+0000] {dag.py:3239} INFO - Sync 1 DAGs
[2024-11-11T19:46:31.720+0000] {logging_mixin.py:190} INFO - [2024-11-11T19:46:31.719+0000] {dag.py:4180} INFO - Setting next_dagrun for tutorial to 2024-11-10 00:00:00+00:00, run_after=2024-11-11 00:00:00+00:00
[2024-11-11T19:46:31.789+0000] {processor.py:208} INFO - Processing /home/airflow/.local/lib/python3.12/site-packages/airflow/example_dags/tutorial.py took 0.218 seconds
[2024-11-11T19:47:05.202+0000] {processor.py:186} INFO - Started process (PID=3333) to work on /home/airflow/.local/lib/python3.12/site-packages/airflow/example_dags/tutorial.py
[2024-11-11T19:47:05.204+0000] {processor.py:914} INFO - Processing file /home/airflow/.local/lib/python3.12/site-packages/airflow/example_dags/tutorial.py for tasks to queue
[2024-11-11T19:47:05.208+0000] {logging_mixin.py:190} INFO - [2024-11-11T19:47:05.208+0000] {dagbag.py:588} INFO - Filling up the DagBag from /home/airflow/.local/lib/python3.12/site-packages/airflow/example_dags/tutorial.py
[2024-11-11T19:47:05.228+0000] {processor.py:925} INFO - DAG(s) 'tutorial' retrieved from /home/airflow/.local/lib/python3.12/site-packages/airflow/example_dags/tutorial.py
[2024-11-11T19:47:05.278+0000] {logging_mixin.py:190} INFO - [2024-11-11T19:47:05.277+0000] {dag.py:3239} INFO - Sync 1 DAGs
[2024-11-11T19:47:05.376+0000] {logging_mixin.py:190} INFO - [2024-11-11T19:47:05.375+0000] {dag.py:4180} INFO - Setting next_dagrun for tutorial to 2024-11-10 00:00:00+00:00, run_after=2024-11-11 00:00:00+00:00
[2024-11-11T19:47:05.473+0000] {processor.py:208} INFO - Processing /home/airflow/.local/lib/python3.12/site-packages/airflow/example_dags/tutorial.py took 0.291 seconds
[2024-11-11T19:47:38.080+0000] {processor.py:186} INFO - Started process (PID=3622) to work on /home/airflow/.local/lib/python3.12/site-packages/airflow/example_dags/tutorial.py
[2024-11-11T19:47:38.083+0000] {processor.py:914} INFO - Processing file /home/airflow/.local/lib/python3.12/site-packages/airflow/example_dags/tutorial.py for tasks to queue
[2024-11-11T19:47:38.092+0000] {logging_mixin.py:190} INFO - [2024-11-11T19:47:38.091+0000] {dagbag.py:588} INFO - Filling up the DagBag from /home/airflow/.local/lib/python3.12/site-packages/airflow/example_dags/tutorial.py
[2024-11-11T19:47:38.121+0000] {processor.py:925} INFO - DAG(s) 'tutorial' retrieved from /home/airflow/.local/lib/python3.12/site-packages/airflow/example_dags/tutorial.py
[2024-11-11T19:47:38.172+0000] {logging_mixin.py:190} INFO - [2024-11-11T19:47:38.172+0000] {dag.py:3239} INFO - Sync 1 DAGs
[2024-11-11T19:47:38.230+0000] {logging_mixin.py:190} INFO - [2024-11-11T19:47:38.229+0000] {dag.py:4180} INFO - Setting next_dagrun for tutorial to 2024-11-10 00:00:00+00:00, run_after=2024-11-11 00:00:00+00:00
[2024-11-11T19:47:38.281+0000] {processor.py:208} INFO - Processing /home/airflow/.local/lib/python3.12/site-packages/airflow/example_dags/tutorial.py took 0.228 seconds
[2024-11-11T19:48:09.521+0000] {processor.py:186} INFO - Started process (PID=3914) to work on /home/airflow/.local/lib/python3.12/site-packages/airflow/example_dags/tutorial.py
[2024-11-11T19:48:09.524+0000] {processor.py:914} INFO - Processing file /home/airflow/.local/lib/python3.12/site-packages/airflow/example_dags/tutorial.py for tasks to queue
[2024-11-11T19:48:09.533+0000] {logging_mixin.py:190} INFO - [2024-11-11T19:48:09.532+0000] {dagbag.py:588} INFO - Filling up the DagBag from /home/airflow/.local/lib/python3.12/site-packages/airflow/example_dags/tutorial.py
[2024-11-11T19:48:09.561+0000] {processor.py:925} INFO - DAG(s) 'tutorial' retrieved from /home/airflow/.local/lib/python3.12/site-packages/airflow/example_dags/tutorial.py
[2024-11-11T19:48:09.625+0000] {logging_mixin.py:190} INFO - [2024-11-11T19:48:09.624+0000] {dag.py:3239} INFO - Sync 1 DAGs
[2024-11-11T19:48:09.709+0000] {logging_mixin.py:190} INFO - [2024-11-11T19:48:09.709+0000] {dag.py:4180} INFO - Setting next_dagrun for tutorial to 2024-11-10 00:00:00+00:00, run_after=2024-11-11 00:00:00+00:00
[2024-11-11T19:48:09.755+0000] {processor.py:208} INFO - Processing /home/airflow/.local/lib/python3.12/site-packages/airflow/example_dags/tutorial.py took 0.264 seconds
[2024-11-11T19:48:43.669+0000] {processor.py:186} INFO - Started process (PID=4215) to work on /home/airflow/.local/lib/python3.12/site-packages/airflow/example_dags/tutorial.py
[2024-11-11T19:48:43.672+0000] {processor.py:914} INFO - Processing file /home/airflow/.local/lib/python3.12/site-packages/airflow/example_dags/tutorial.py for tasks to queue
[2024-11-11T19:48:43.678+0000] {logging_mixin.py:190} INFO - [2024-11-11T19:48:43.677+0000] {dagbag.py:588} INFO - Filling up the DagBag from /home/airflow/.local/lib/python3.12/site-packages/airflow/example_dags/tutorial.py
[2024-11-11T19:48:43.701+0000] {processor.py:925} INFO - DAG(s) 'tutorial' retrieved from /home/airflow/.local/lib/python3.12/site-packages/airflow/example_dags/tutorial.py
[2024-11-11T19:48:43.763+0000] {logging_mixin.py:190} INFO - [2024-11-11T19:48:43.762+0000] {dag.py:3239} INFO - Sync 1 DAGs
[2024-11-11T19:48:43.839+0000] {logging_mixin.py:190} INFO - [2024-11-11T19:48:43.838+0000] {dag.py:4180} INFO - Setting next_dagrun for tutorial to 2024-11-10 00:00:00+00:00, run_after=2024-11-11 00:00:00+00:00
[2024-11-11T19:48:43.907+0000] {processor.py:208} INFO - Processing /home/airflow/.local/lib/python3.12/site-packages/airflow/example_dags/tutorial.py took 0.254 seconds
[2024-11-11T19:49:15.543+0000] {processor.py:186} INFO - Started process (PID=4504) to work on /home/airflow/.local/lib/python3.12/site-packages/airflow/example_dags/tutorial.py
[2024-11-11T19:49:15.545+0000] {processor.py:914} INFO - Processing file /home/airflow/.local/lib/python3.12/site-packages/airflow/example_dags/tutorial.py for tasks to queue
[2024-11-11T19:49:15.550+0000] {logging_mixin.py:190} INFO - [2024-11-11T19:49:15.549+0000] {dagbag.py:588} INFO - Filling up the DagBag from /home/airflow/.local/lib/python3.12/site-packages/airflow/example_dags/tutorial.py
[2024-11-11T19:49:15.570+0000] {processor.py:925} INFO - DAG(s) 'tutorial' retrieved from /home/airflow/.local/lib/python3.12/site-packages/airflow/example_dags/tutorial.py
[2024-11-11T19:49:15.616+0000] {logging_mixin.py:190} INFO - [2024-11-11T19:49:15.616+0000] {dag.py:3239} INFO - Sync 1 DAGs
[2024-11-11T19:49:15.685+0000] {logging_mixin.py:190} INFO - [2024-11-11T19:49:15.685+0000] {dag.py:4180} INFO - Setting next_dagrun for tutorial to 2024-11-10 00:00:00+00:00, run_after=2024-11-11 00:00:00+00:00
[2024-11-11T19:49:15.734+0000] {processor.py:208} INFO - Processing /home/airflow/.local/lib/python3.12/site-packages/airflow/example_dags/tutorial.py took 0.206 seconds
[2024-11-11T19:49:47.787+0000] {processor.py:186} INFO - Started process (PID=4805) to work on /home/airflow/.local/lib/python3.12/site-packages/airflow/example_dags/tutorial.py
[2024-11-11T19:49:47.790+0000] {processor.py:914} INFO - Processing file /home/airflow/.local/lib/python3.12/site-packages/airflow/example_dags/tutorial.py for tasks to queue
[2024-11-11T19:49:47.797+0000] {logging_mixin.py:190} INFO - [2024-11-11T19:49:47.796+0000] {dagbag.py:588} INFO - Filling up the DagBag from /home/airflow/.local/lib/python3.12/site-packages/airflow/example_dags/tutorial.py
[2024-11-11T19:49:47.822+0000] {processor.py:925} INFO - DAG(s) 'tutorial' retrieved from /home/airflow/.local/lib/python3.12/site-packages/airflow/example_dags/tutorial.py
[2024-11-11T19:49:47.874+0000] {logging_mixin.py:190} INFO - [2024-11-11T19:49:47.873+0000] {dag.py:3239} INFO - Sync 1 DAGs
[2024-11-11T19:49:47.926+0000] {logging_mixin.py:190} INFO - [2024-11-11T19:49:47.925+0000] {dag.py:4180} INFO - Setting next_dagrun for tutorial to 2024-11-10 00:00:00+00:00, run_after=2024-11-11 00:00:00+00:00
[2024-11-11T19:49:47.960+0000] {processor.py:208} INFO - Processing /home/airflow/.local/lib/python3.12/site-packages/airflow/example_dags/tutorial.py took 0.197 seconds
[2024-11-11T19:50:19.326+0000] {processor.py:186} INFO - Started process (PID=5096) to work on /home/airflow/.local/lib/python3.12/site-packages/airflow/example_dags/tutorial.py
[2024-11-11T19:50:19.328+0000] {processor.py:914} INFO - Processing file /home/airflow/.local/lib/python3.12/site-packages/airflow/example_dags/tutorial.py for tasks to queue
[2024-11-11T19:50:19.333+0000] {logging_mixin.py:190} INFO - [2024-11-11T19:50:19.332+0000] {dagbag.py:588} INFO - Filling up the DagBag from /home/airflow/.local/lib/python3.12/site-packages/airflow/example_dags/tutorial.py
[2024-11-11T19:50:19.355+0000] {processor.py:925} INFO - DAG(s) 'tutorial' retrieved from /home/airflow/.local/lib/python3.12/site-packages/airflow/example_dags/tutorial.py
[2024-11-11T19:50:19.407+0000] {logging_mixin.py:190} INFO - [2024-11-11T19:50:19.406+0000] {dag.py:3239} INFO - Sync 1 DAGs
[2024-11-11T19:50:19.475+0000] {logging_mixin.py:190} INFO - [2024-11-11T19:50:19.474+0000] {dag.py:4180} INFO - Setting next_dagrun for tutorial to 2024-11-10 00:00:00+00:00, run_after=2024-11-11 00:00:00+00:00
[2024-11-11T19:50:19.536+0000] {processor.py:208} INFO - Processing /home/airflow/.local/lib/python3.12/site-packages/airflow/example_dags/tutorial.py took 0.224 seconds
[2024-11-11T19:50:49.819+0000] {processor.py:186} INFO - Started process (PID=5382) to work on /home/airflow/.local/lib/python3.12/site-packages/airflow/example_dags/tutorial.py
[2024-11-11T19:50:49.821+0000] {processor.py:914} INFO - Processing file /home/airflow/.local/lib/python3.12/site-packages/airflow/example_dags/tutorial.py for tasks to queue
[2024-11-11T19:50:49.826+0000] {logging_mixin.py:190} INFO - [2024-11-11T19:50:49.825+0000] {dagbag.py:588} INFO - Filling up the DagBag from /home/airflow/.local/lib/python3.12/site-packages/airflow/example_dags/tutorial.py
[2024-11-11T19:50:49.844+0000] {processor.py:925} INFO - DAG(s) 'tutorial' retrieved from /home/airflow/.local/lib/python3.12/site-packages/airflow/example_dags/tutorial.py
[2024-11-11T19:50:49.888+0000] {logging_mixin.py:190} INFO - [2024-11-11T19:50:49.887+0000] {dag.py:3239} INFO - Sync 1 DAGs
[2024-11-11T19:50:49.941+0000] {logging_mixin.py:190} INFO - [2024-11-11T19:50:49.940+0000] {dag.py:4180} INFO - Setting next_dagrun for tutorial to 2024-11-10 00:00:00+00:00, run_after=2024-11-11 00:00:00+00:00
[2024-11-11T19:50:50.003+0000] {processor.py:208} INFO - Processing /home/airflow/.local/lib/python3.12/site-packages/airflow/example_dags/tutorial.py took 0.198 seconds
[2024-11-11T19:51:20.222+0000] {processor.py:186} INFO - Started process (PID=5670) to work on /home/airflow/.local/lib/python3.12/site-packages/airflow/example_dags/tutorial.py
[2024-11-11T19:51:20.231+0000] {processor.py:914} INFO - Processing file /home/airflow/.local/lib/python3.12/site-packages/airflow/example_dags/tutorial.py for tasks to queue
[2024-11-11T19:51:20.239+0000] {logging_mixin.py:190} INFO - [2024-11-11T19:51:20.238+0000] {dagbag.py:588} INFO - Filling up the DagBag from /home/airflow/.local/lib/python3.12/site-packages/airflow/example_dags/tutorial.py
[2024-11-11T19:51:20.268+0000] {processor.py:925} INFO - DAG(s) 'tutorial' retrieved from /home/airflow/.local/lib/python3.12/site-packages/airflow/example_dags/tutorial.py
[2024-11-11T19:51:20.316+0000] {logging_mixin.py:190} INFO - [2024-11-11T19:51:20.316+0000] {dag.py:3239} INFO - Sync 1 DAGs
[2024-11-11T19:51:20.373+0000] {logging_mixin.py:190} INFO - [2024-11-11T19:51:20.373+0000] {dag.py:4180} INFO - Setting next_dagrun for tutorial to 2024-11-10 00:00:00+00:00, run_after=2024-11-11 00:00:00+00:00
[2024-11-11T19:51:20.409+0000] {processor.py:208} INFO - Processing /home/airflow/.local/lib/python3.12/site-packages/airflow/example_dags/tutorial.py took 0.212 seconds
[2024-11-11T19:51:50.564+0000] {processor.py:186} INFO - Started process (PID=5960) to work on /home/airflow/.local/lib/python3.12/site-packages/airflow/example_dags/tutorial.py
[2024-11-11T19:51:50.566+0000] {processor.py:914} INFO - Processing file /home/airflow/.local/lib/python3.12/site-packages/airflow/example_dags/tutorial.py for tasks to queue
[2024-11-11T19:51:50.571+0000] {logging_mixin.py:190} INFO - [2024-11-11T19:51:50.570+0000] {dagbag.py:588} INFO - Filling up the DagBag from /home/airflow/.local/lib/python3.12/site-packages/airflow/example_dags/tutorial.py
[2024-11-11T19:51:50.589+0000] {processor.py:925} INFO - DAG(s) 'tutorial' retrieved from /home/airflow/.local/lib/python3.12/site-packages/airflow/example_dags/tutorial.py
[2024-11-11T19:51:50.637+0000] {logging_mixin.py:190} INFO - [2024-11-11T19:51:50.637+0000] {dag.py:3239} INFO - Sync 1 DAGs
[2024-11-11T19:51:50.687+0000] {logging_mixin.py:190} INFO - [2024-11-11T19:51:50.686+0000] {dag.py:4180} INFO - Setting next_dagrun for tutorial to 2024-11-10 00:00:00+00:00, run_after=2024-11-11 00:00:00+00:00
[2024-11-11T19:51:50.720+0000] {processor.py:208} INFO - Processing /home/airflow/.local/lib/python3.12/site-packages/airflow/example_dags/tutorial.py took 0.170 seconds
[2024-11-11T19:52:21.079+0000] {processor.py:186} INFO - Started process (PID=6253) to work on /home/airflow/.local/lib/python3.12/site-packages/airflow/example_dags/tutorial.py
[2024-11-11T19:52:21.081+0000] {processor.py:914} INFO - Processing file /home/airflow/.local/lib/python3.12/site-packages/airflow/example_dags/tutorial.py for tasks to queue
[2024-11-11T19:52:21.086+0000] {logging_mixin.py:190} INFO - [2024-11-11T19:52:21.085+0000] {dagbag.py:588} INFO - Filling up the DagBag from /home/airflow/.local/lib/python3.12/site-packages/airflow/example_dags/tutorial.py
[2024-11-11T19:52:21.104+0000] {processor.py:925} INFO - DAG(s) 'tutorial' retrieved from /home/airflow/.local/lib/python3.12/site-packages/airflow/example_dags/tutorial.py
[2024-11-11T19:52:21.149+0000] {logging_mixin.py:190} INFO - [2024-11-11T19:52:21.149+0000] {dag.py:3239} INFO - Sync 1 DAGs
[2024-11-11T19:52:21.196+0000] {logging_mixin.py:190} INFO - [2024-11-11T19:52:21.196+0000] {dag.py:4180} INFO - Setting next_dagrun for tutorial to 2024-11-10 00:00:00+00:00, run_after=2024-11-11 00:00:00+00:00
[2024-11-11T19:52:21.232+0000] {processor.py:208} INFO - Processing /home/airflow/.local/lib/python3.12/site-packages/airflow/example_dags/tutorial.py took 0.168 seconds
[2024-11-11T19:52:52.205+0000] {processor.py:186} INFO - Started process (PID=6542) to work on /home/airflow/.local/lib/python3.12/site-packages/airflow/example_dags/tutorial.py
[2024-11-11T19:52:52.209+0000] {processor.py:914} INFO - Processing file /home/airflow/.local/lib/python3.12/site-packages/airflow/example_dags/tutorial.py for tasks to queue
[2024-11-11T19:52:52.217+0000] {logging_mixin.py:190} INFO - [2024-11-11T19:52:52.216+0000] {dagbag.py:588} INFO - Filling up the DagBag from /home/airflow/.local/lib/python3.12/site-packages/airflow/example_dags/tutorial.py
[2024-11-11T19:52:52.256+0000] {processor.py:925} INFO - DAG(s) 'tutorial' retrieved from /home/airflow/.local/lib/python3.12/site-packages/airflow/example_dags/tutorial.py
[2024-11-11T19:52:52.328+0000] {logging_mixin.py:190} INFO - [2024-11-11T19:52:52.328+0000] {dag.py:3239} INFO - Sync 1 DAGs
[2024-11-11T19:52:52.376+0000] {logging_mixin.py:190} INFO - [2024-11-11T19:52:52.375+0000] {dag.py:4180} INFO - Setting next_dagrun for tutorial to 2024-11-10 00:00:00+00:00, run_after=2024-11-11 00:00:00+00:00
[2024-11-11T19:52:52.411+0000] {processor.py:208} INFO - Processing /home/airflow/.local/lib/python3.12/site-packages/airflow/example_dags/tutorial.py took 0.229 seconds
[2024-11-11T19:53:22.537+0000] {processor.py:186} INFO - Started process (PID=6830) to work on /home/airflow/.local/lib/python3.12/site-packages/airflow/example_dags/tutorial.py
[2024-11-11T19:53:22.539+0000] {processor.py:914} INFO - Processing file /home/airflow/.local/lib/python3.12/site-packages/airflow/example_dags/tutorial.py for tasks to queue
[2024-11-11T19:53:22.544+0000] {logging_mixin.py:190} INFO - [2024-11-11T19:53:22.543+0000] {dagbag.py:588} INFO - Filling up the DagBag from /home/airflow/.local/lib/python3.12/site-packages/airflow/example_dags/tutorial.py
[2024-11-11T19:53:22.563+0000] {processor.py:925} INFO - DAG(s) 'tutorial' retrieved from /home/airflow/.local/lib/python3.12/site-packages/airflow/example_dags/tutorial.py
[2024-11-11T19:53:22.605+0000] {logging_mixin.py:190} INFO - [2024-11-11T19:53:22.604+0000] {dag.py:3239} INFO - Sync 1 DAGs
[2024-11-11T19:53:22.658+0000] {logging_mixin.py:190} INFO - [2024-11-11T19:53:22.657+0000] {dag.py:4180} INFO - Setting next_dagrun for tutorial to 2024-11-10 00:00:00+00:00, run_after=2024-11-11 00:00:00+00:00
[2024-11-11T19:53:22.710+0000] {processor.py:208} INFO - Processing /home/airflow/.local/lib/python3.12/site-packages/airflow/example_dags/tutorial.py took 0.188 seconds
[2024-11-11T19:53:52.800+0000] {processor.py:186} INFO - Started process (PID=7121) to work on /home/airflow/.local/lib/python3.12/site-packages/airflow/example_dags/tutorial.py
[2024-11-11T19:53:52.802+0000] {processor.py:914} INFO - Processing file /home/airflow/.local/lib/python3.12/site-packages/airflow/example_dags/tutorial.py for tasks to queue
[2024-11-11T19:53:52.807+0000] {logging_mixin.py:190} INFO - [2024-11-11T19:53:52.806+0000] {dagbag.py:588} INFO - Filling up the DagBag from /home/airflow/.local/lib/python3.12/site-packages/airflow/example_dags/tutorial.py
[2024-11-11T19:53:52.825+0000] {processor.py:925} INFO - DAG(s) 'tutorial' retrieved from /home/airflow/.local/lib/python3.12/site-packages/airflow/example_dags/tutorial.py
[2024-11-11T19:53:52.870+0000] {logging_mixin.py:190} INFO - [2024-11-11T19:53:52.870+0000] {dag.py:3239} INFO - Sync 1 DAGs
[2024-11-11T19:53:52.917+0000] {logging_mixin.py:190} INFO - [2024-11-11T19:53:52.917+0000] {dag.py:4180} INFO - Setting next_dagrun for tutorial to 2024-11-10 00:00:00+00:00, run_after=2024-11-11 00:00:00+00:00
[2024-11-11T19:53:52.952+0000] {processor.py:208} INFO - Processing /home/airflow/.local/lib/python3.12/site-packages/airflow/example_dags/tutorial.py took 0.167 seconds
[2024-11-11T19:54:23.176+0000] {processor.py:186} INFO - Started process (PID=7412) to work on /home/airflow/.local/lib/python3.12/site-packages/airflow/example_dags/tutorial.py
[2024-11-11T19:54:23.178+0000] {processor.py:914} INFO - Processing file /home/airflow/.local/lib/python3.12/site-packages/airflow/example_dags/tutorial.py for tasks to queue
[2024-11-11T19:54:23.183+0000] {logging_mixin.py:190} INFO - [2024-11-11T19:54:23.182+0000] {dagbag.py:588} INFO - Filling up the DagBag from /home/airflow/.local/lib/python3.12/site-packages/airflow/example_dags/tutorial.py
[2024-11-11T19:54:23.202+0000] {processor.py:925} INFO - DAG(s) 'tutorial' retrieved from /home/airflow/.local/lib/python3.12/site-packages/airflow/example_dags/tutorial.py
[2024-11-11T19:54:23.248+0000] {logging_mixin.py:190} INFO - [2024-11-11T19:54:23.247+0000] {dag.py:3239} INFO - Sync 1 DAGs
[2024-11-11T19:54:23.294+0000] {logging_mixin.py:190} INFO - [2024-11-11T19:54:23.294+0000] {dag.py:4180} INFO - Setting next_dagrun for tutorial to 2024-11-10 00:00:00+00:00, run_after=2024-11-11 00:00:00+00:00
[2024-11-11T19:54:23.334+0000] {processor.py:208} INFO - Processing /home/airflow/.local/lib/python3.12/site-packages/airflow/example_dags/tutorial.py took 0.173 seconds
[2024-11-11T19:54:53.750+0000] {processor.py:186} INFO - Started process (PID=7703) to work on /home/airflow/.local/lib/python3.12/site-packages/airflow/example_dags/tutorial.py
[2024-11-11T19:54:53.752+0000] {processor.py:914} INFO - Processing file /home/airflow/.local/lib/python3.12/site-packages/airflow/example_dags/tutorial.py for tasks to queue
[2024-11-11T19:54:53.757+0000] {logging_mixin.py:190} INFO - [2024-11-11T19:54:53.756+0000] {dagbag.py:588} INFO - Filling up the DagBag from /home/airflow/.local/lib/python3.12/site-packages/airflow/example_dags/tutorial.py
[2024-11-11T19:54:53.771+0000] {processor.py:925} INFO - DAG(s) 'tutorial' retrieved from /home/airflow/.local/lib/python3.12/site-packages/airflow/example_dags/tutorial.py
[2024-11-11T19:54:53.812+0000] {logging_mixin.py:190} INFO - [2024-11-11T19:54:53.811+0000] {dag.py:3239} INFO - Sync 1 DAGs
[2024-11-11T19:54:53.882+0000] {logging_mixin.py:190} INFO - [2024-11-11T19:54:53.881+0000] {dag.py:4180} INFO - Setting next_dagrun for tutorial to 2024-11-10 00:00:00+00:00, run_after=2024-11-11 00:00:00+00:00
[2024-11-11T19:54:53.948+0000] {processor.py:208} INFO - Processing /home/airflow/.local/lib/python3.12/site-packages/airflow/example_dags/tutorial.py took 0.210 seconds
[2024-11-11T19:55:25.289+0000] {processor.py:186} INFO - Started process (PID=7993) to work on /home/airflow/.local/lib/python3.12/site-packages/airflow/example_dags/tutorial.py
[2024-11-11T19:55:25.293+0000] {processor.py:914} INFO - Processing file /home/airflow/.local/lib/python3.12/site-packages/airflow/example_dags/tutorial.py for tasks to queue
[2024-11-11T19:55:25.298+0000] {logging_mixin.py:190} INFO - [2024-11-11T19:55:25.297+0000] {dagbag.py:588} INFO - Filling up the DagBag from /home/airflow/.local/lib/python3.12/site-packages/airflow/example_dags/tutorial.py
[2024-11-11T19:55:25.315+0000] {processor.py:925} INFO - DAG(s) 'tutorial' retrieved from /home/airflow/.local/lib/python3.12/site-packages/airflow/example_dags/tutorial.py
[2024-11-11T19:55:25.365+0000] {logging_mixin.py:190} INFO - [2024-11-11T19:55:25.365+0000] {dag.py:3239} INFO - Sync 1 DAGs
[2024-11-11T19:55:25.447+0000] {logging_mixin.py:190} INFO - [2024-11-11T19:55:25.446+0000] {dag.py:4180} INFO - Setting next_dagrun for tutorial to 2024-11-10 00:00:00+00:00, run_after=2024-11-11 00:00:00+00:00
[2024-11-11T19:55:25.499+0000] {processor.py:208} INFO - Processing /home/airflow/.local/lib/python3.12/site-packages/airflow/example_dags/tutorial.py took 0.222 seconds
[2024-11-11T19:55:56.691+0000] {processor.py:186} INFO - Started process (PID=8285) to work on /home/airflow/.local/lib/python3.12/site-packages/airflow/example_dags/tutorial.py
[2024-11-11T19:55:56.693+0000] {processor.py:914} INFO - Processing file /home/airflow/.local/lib/python3.12/site-packages/airflow/example_dags/tutorial.py for tasks to queue
[2024-11-11T19:55:56.698+0000] {logging_mixin.py:190} INFO - [2024-11-11T19:55:56.698+0000] {dagbag.py:588} INFO - Filling up the DagBag from /home/airflow/.local/lib/python3.12/site-packages/airflow/example_dags/tutorial.py
[2024-11-11T19:55:56.715+0000] {processor.py:925} INFO - DAG(s) 'tutorial' retrieved from /home/airflow/.local/lib/python3.12/site-packages/airflow/example_dags/tutorial.py
[2024-11-11T19:55:56.773+0000] {logging_mixin.py:190} INFO - [2024-11-11T19:55:56.773+0000] {dag.py:3239} INFO - Sync 1 DAGs
[2024-11-11T19:55:56.835+0000] {logging_mixin.py:190} INFO - [2024-11-11T19:55:56.835+0000] {dag.py:4180} INFO - Setting next_dagrun for tutorial to 2024-11-10 00:00:00+00:00, run_after=2024-11-11 00:00:00+00:00
[2024-11-11T19:55:56.889+0000] {processor.py:208} INFO - Processing /home/airflow/.local/lib/python3.12/site-packages/airflow/example_dags/tutorial.py took 0.212 seconds
[2024-11-11T19:56:27.342+0000] {processor.py:186} INFO - Started process (PID=8577) to work on /home/airflow/.local/lib/python3.12/site-packages/airflow/example_dags/tutorial.py
[2024-11-11T19:56:27.344+0000] {processor.py:914} INFO - Processing file /home/airflow/.local/lib/python3.12/site-packages/airflow/example_dags/tutorial.py for tasks to queue
[2024-11-11T19:56:27.347+0000] {logging_mixin.py:190} INFO - [2024-11-11T19:56:27.346+0000] {dagbag.py:588} INFO - Filling up the DagBag from /home/airflow/.local/lib/python3.12/site-packages/airflow/example_dags/tutorial.py
[2024-11-11T19:56:27.359+0000] {processor.py:925} INFO - DAG(s) 'tutorial' retrieved from /home/airflow/.local/lib/python3.12/site-packages/airflow/example_dags/tutorial.py
[2024-11-11T19:56:27.393+0000] {logging_mixin.py:190} INFO - [2024-11-11T19:56:27.393+0000] {dag.py:3239} INFO - Sync 1 DAGs
[2024-11-11T19:56:27.444+0000] {logging_mixin.py:190} INFO - [2024-11-11T19:56:27.443+0000] {dag.py:4180} INFO - Setting next_dagrun for tutorial to 2024-11-10 00:00:00+00:00, run_after=2024-11-11 00:00:00+00:00
[2024-11-11T19:56:27.488+0000] {processor.py:208} INFO - Processing /home/airflow/.local/lib/python3.12/site-packages/airflow/example_dags/tutorial.py took 0.158 seconds
[2024-11-11T19:56:57.904+0000] {processor.py:186} INFO - Started process (PID=8863) to work on /home/airflow/.local/lib/python3.12/site-packages/airflow/example_dags/tutorial.py
[2024-11-11T19:56:57.905+0000] {processor.py:914} INFO - Processing file /home/airflow/.local/lib/python3.12/site-packages/airflow/example_dags/tutorial.py for tasks to queue
[2024-11-11T19:56:57.910+0000] {logging_mixin.py:190} INFO - [2024-11-11T19:56:57.909+0000] {dagbag.py:588} INFO - Filling up the DagBag from /home/airflow/.local/lib/python3.12/site-packages/airflow/example_dags/tutorial.py
[2024-11-11T19:56:57.927+0000] {processor.py:925} INFO - DAG(s) 'tutorial' retrieved from /home/airflow/.local/lib/python3.12/site-packages/airflow/example_dags/tutorial.py
[2024-11-11T19:56:57.970+0000] {logging_mixin.py:190} INFO - [2024-11-11T19:56:57.970+0000] {dag.py:3239} INFO - Sync 1 DAGs
[2024-11-11T19:56:58.022+0000] {logging_mixin.py:190} INFO - [2024-11-11T19:56:58.021+0000] {dag.py:4180} INFO - Setting next_dagrun for tutorial to 2024-11-10 00:00:00+00:00, run_after=2024-11-11 00:00:00+00:00
[2024-11-11T19:56:58.050+0000] {processor.py:208} INFO - Processing /home/airflow/.local/lib/python3.12/site-packages/airflow/example_dags/tutorial.py took 0.159 seconds
[2024-11-11T19:57:28.469+0000] {processor.py:186} INFO - Started process (PID=9156) to work on /home/airflow/.local/lib/python3.12/site-packages/airflow/example_dags/tutorial.py
[2024-11-11T19:57:28.471+0000] {processor.py:914} INFO - Processing file /home/airflow/.local/lib/python3.12/site-packages/airflow/example_dags/tutorial.py for tasks to queue
[2024-11-11T19:57:28.478+0000] {logging_mixin.py:190} INFO - [2024-11-11T19:57:28.477+0000] {dagbag.py:588} INFO - Filling up the DagBag from /home/airflow/.local/lib/python3.12/site-packages/airflow/example_dags/tutorial.py
[2024-11-11T19:57:28.500+0000] {processor.py:925} INFO - DAG(s) 'tutorial' retrieved from /home/airflow/.local/lib/python3.12/site-packages/airflow/example_dags/tutorial.py
[2024-11-11T19:57:28.546+0000] {logging_mixin.py:190} INFO - [2024-11-11T19:57:28.545+0000] {dag.py:3239} INFO - Sync 1 DAGs
[2024-11-11T19:57:28.606+0000] {logging_mixin.py:190} INFO - [2024-11-11T19:57:28.606+0000] {dag.py:4180} INFO - Setting next_dagrun for tutorial to 2024-11-10 00:00:00+00:00, run_after=2024-11-11 00:00:00+00:00
[2024-11-11T19:57:28.689+0000] {processor.py:208} INFO - Processing /home/airflow/.local/lib/python3.12/site-packages/airflow/example_dags/tutorial.py took 0.238 seconds
[2024-11-11T19:57:59.346+0000] {processor.py:186} INFO - Started process (PID=9445) to work on /home/airflow/.local/lib/python3.12/site-packages/airflow/example_dags/tutorial.py
[2024-11-11T19:57:59.348+0000] {processor.py:914} INFO - Processing file /home/airflow/.local/lib/python3.12/site-packages/airflow/example_dags/tutorial.py for tasks to queue
[2024-11-11T19:57:59.354+0000] {logging_mixin.py:190} INFO - [2024-11-11T19:57:59.353+0000] {dagbag.py:588} INFO - Filling up the DagBag from /home/airflow/.local/lib/python3.12/site-packages/airflow/example_dags/tutorial.py
[2024-11-11T19:57:59.375+0000] {processor.py:925} INFO - DAG(s) 'tutorial' retrieved from /home/airflow/.local/lib/python3.12/site-packages/airflow/example_dags/tutorial.py
[2024-11-11T19:57:59.427+0000] {logging_mixin.py:190} INFO - [2024-11-11T19:57:59.426+0000] {dag.py:3239} INFO - Sync 1 DAGs
[2024-11-11T19:57:59.493+0000] {logging_mixin.py:190} INFO - [2024-11-11T19:57:59.492+0000] {dag.py:4180} INFO - Setting next_dagrun for tutorial to 2024-11-10 00:00:00+00:00, run_after=2024-11-11 00:00:00+00:00
[2024-11-11T19:57:59.577+0000] {processor.py:208} INFO - Processing /home/airflow/.local/lib/python3.12/site-packages/airflow/example_dags/tutorial.py took 0.246 seconds
[2024-11-11T19:58:30.887+0000] {processor.py:186} INFO - Started process (PID=9736) to work on /home/airflow/.local/lib/python3.12/site-packages/airflow/example_dags/tutorial.py
[2024-11-11T19:58:30.891+0000] {processor.py:914} INFO - Processing file /home/airflow/.local/lib/python3.12/site-packages/airflow/example_dags/tutorial.py for tasks to queue
[2024-11-11T19:58:30.901+0000] {logging_mixin.py:190} INFO - [2024-11-11T19:58:30.899+0000] {dagbag.py:588} INFO - Filling up the DagBag from /home/airflow/.local/lib/python3.12/site-packages/airflow/example_dags/tutorial.py
[2024-11-11T19:58:30.937+0000] {processor.py:925} INFO - DAG(s) 'tutorial' retrieved from /home/airflow/.local/lib/python3.12/site-packages/airflow/example_dags/tutorial.py
[2024-11-11T19:58:31.027+0000] {logging_mixin.py:190} INFO - [2024-11-11T19:58:31.026+0000] {dag.py:3239} INFO - Sync 1 DAGs
[2024-11-11T19:58:31.147+0000] {logging_mixin.py:190} INFO - [2024-11-11T19:58:31.145+0000] {dag.py:4180} INFO - Setting next_dagrun for tutorial to 2024-11-10 00:00:00+00:00, run_after=2024-11-11 00:00:00+00:00
[2024-11-11T19:58:31.238+0000] {processor.py:208} INFO - Processing /home/airflow/.local/lib/python3.12/site-packages/airflow/example_dags/tutorial.py took 0.379 seconds
[2024-11-11T19:59:01.982+0000] {processor.py:186} INFO - Started process (PID=10027) to work on /home/airflow/.local/lib/python3.12/site-packages/airflow/example_dags/tutorial.py
[2024-11-11T19:59:01.985+0000] {processor.py:914} INFO - Processing file /home/airflow/.local/lib/python3.12/site-packages/airflow/example_dags/tutorial.py for tasks to queue
[2024-11-11T19:59:01.989+0000] {logging_mixin.py:190} INFO - [2024-11-11T19:59:01.988+0000] {dagbag.py:588} INFO - Filling up the DagBag from /home/airflow/.local/lib/python3.12/site-packages/airflow/example_dags/tutorial.py
[2024-11-11T19:59:02.005+0000] {processor.py:925} INFO - DAG(s) 'tutorial' retrieved from /home/airflow/.local/lib/python3.12/site-packages/airflow/example_dags/tutorial.py
[2024-11-11T19:59:02.046+0000] {logging_mixin.py:190} INFO - [2024-11-11T19:59:02.045+0000] {dag.py:3239} INFO - Sync 1 DAGs
[2024-11-11T19:59:03.056+0000] {logging_mixin.py:190} INFO - [2024-11-11T19:59:03.055+0000] {dag.py:4180} INFO - Setting next_dagrun for tutorial to 2024-11-10 00:00:00+00:00, run_after=2024-11-11 00:00:00+00:00
[2024-11-11T19:59:03.087+0000] {processor.py:208} INFO - Processing /home/airflow/.local/lib/python3.12/site-packages/airflow/example_dags/tutorial.py took 0.151 seconds
[2024-11-11T19:59:33.421+0000] {processor.py:186} INFO - Started process (PID=10315) to work on /home/airflow/.local/lib/python3.12/site-packages/airflow/example_dags/tutorial.py
[2024-11-11T19:59:33.424+0000] {processor.py:914} INFO - Processing file /home/airflow/.local/lib/python3.12/site-packages/airflow/example_dags/tutorial.py for tasks to queue
[2024-11-11T19:59:33.428+0000] {logging_mixin.py:190} INFO - [2024-11-11T19:59:33.428+0000] {dagbag.py:588} INFO - Filling up the DagBag from /home/airflow/.local/lib/python3.12/site-packages/airflow/example_dags/tutorial.py
[2024-11-11T19:59:33.445+0000] {processor.py:925} INFO - DAG(s) 'tutorial' retrieved from /home/airflow/.local/lib/python3.12/site-packages/airflow/example_dags/tutorial.py
[2024-11-11T19:59:33.484+0000] {logging_mixin.py:190} INFO - [2024-11-11T19:59:33.483+0000] {dag.py:3239} INFO - Sync 1 DAGs
[2024-11-11T19:59:33.529+0000] {logging_mixin.py:190} INFO - [2024-11-11T19:59:33.528+0000] {dag.py:4180} INFO - Setting next_dagrun for tutorial to 2024-11-10 00:00:00+00:00, run_after=2024-11-11 00:00:00+00:00
[2024-11-11T19:59:33.565+0000] {processor.py:208} INFO - Processing /home/airflow/.local/lib/python3.12/site-packages/airflow/example_dags/tutorial.py took 0.161 seconds
[2024-11-11T20:00:04.252+0000] {processor.py:186} INFO - Started process (PID=10606) to work on /home/airflow/.local/lib/python3.12/site-packages/airflow/example_dags/tutorial.py
[2024-11-11T20:00:04.258+0000] {processor.py:914} INFO - Processing file /home/airflow/.local/lib/python3.12/site-packages/airflow/example_dags/tutorial.py for tasks to queue
[2024-11-11T20:00:04.272+0000] {logging_mixin.py:190} INFO - [2024-11-11T20:00:04.270+0000] {dagbag.py:588} INFO - Filling up the DagBag from /home/airflow/.local/lib/python3.12/site-packages/airflow/example_dags/tutorial.py
[2024-11-11T20:00:04.318+0000] {processor.py:925} INFO - DAG(s) 'tutorial' retrieved from /home/airflow/.local/lib/python3.12/site-packages/airflow/example_dags/tutorial.py
[2024-11-11T20:00:04.427+0000] {logging_mixin.py:190} INFO - [2024-11-11T20:00:04.425+0000] {dag.py:3239} INFO - Sync 1 DAGs
[2024-11-11T20:00:04.511+0000] {logging_mixin.py:190} INFO - [2024-11-11T20:00:04.510+0000] {dag.py:4180} INFO - Setting next_dagrun for tutorial to 2024-11-10 00:00:00+00:00, run_after=2024-11-11 00:00:00+00:00
[2024-11-11T20:00:04.551+0000] {processor.py:208} INFO - Processing /home/airflow/.local/lib/python3.12/site-packages/airflow/example_dags/tutorial.py took 0.346 seconds
[2024-11-11T20:00:35.202+0000] {processor.py:186} INFO - Started process (PID=10897) to work on /home/airflow/.local/lib/python3.12/site-packages/airflow/example_dags/tutorial.py
[2024-11-11T20:00:35.207+0000] {processor.py:914} INFO - Processing file /home/airflow/.local/lib/python3.12/site-packages/airflow/example_dags/tutorial.py for tasks to queue
[2024-11-11T20:00:35.220+0000] {logging_mixin.py:190} INFO - [2024-11-11T20:00:35.218+0000] {dagbag.py:588} INFO - Filling up the DagBag from /home/airflow/.local/lib/python3.12/site-packages/airflow/example_dags/tutorial.py
[2024-11-11T20:00:35.258+0000] {processor.py:925} INFO - DAG(s) 'tutorial' retrieved from /home/airflow/.local/lib/python3.12/site-packages/airflow/example_dags/tutorial.py
[2024-11-11T20:00:35.297+0000] {logging_mixin.py:190} INFO - [2024-11-11T20:00:35.297+0000] {dag.py:3239} INFO - Sync 1 DAGs
[2024-11-11T20:00:35.339+0000] {logging_mixin.py:190} INFO - [2024-11-11T20:00:35.338+0000] {dag.py:4180} INFO - Setting next_dagrun for tutorial to 2024-11-10 00:00:00+00:00, run_after=2024-11-11 00:00:00+00:00
[2024-11-11T20:00:35.376+0000] {processor.py:208} INFO - Processing /home/airflow/.local/lib/python3.12/site-packages/airflow/example_dags/tutorial.py took 0.206 seconds
[2024-11-11T20:01:06.228+0000] {processor.py:186} INFO - Started process (PID=11186) to work on /home/airflow/.local/lib/python3.12/site-packages/airflow/example_dags/tutorial.py
[2024-11-11T20:01:06.231+0000] {processor.py:914} INFO - Processing file /home/airflow/.local/lib/python3.12/site-packages/airflow/example_dags/tutorial.py for tasks to queue
[2024-11-11T20:01:06.235+0000] {logging_mixin.py:190} INFO - [2024-11-11T20:01:06.234+0000] {dagbag.py:588} INFO - Filling up the DagBag from /home/airflow/.local/lib/python3.12/site-packages/airflow/example_dags/tutorial.py
[2024-11-11T20:01:06.251+0000] {processor.py:925} INFO - DAG(s) 'tutorial' retrieved from /home/airflow/.local/lib/python3.12/site-packages/airflow/example_dags/tutorial.py
[2024-11-11T20:01:06.292+0000] {logging_mixin.py:190} INFO - [2024-11-11T20:01:06.292+0000] {dag.py:3239} INFO - Sync 1 DAGs
[2024-11-11T20:01:06.346+0000] {logging_mixin.py:190} INFO - [2024-11-11T20:01:06.346+0000] {dag.py:4180} INFO - Setting next_dagrun for tutorial to 2024-11-10 00:00:00+00:00, run_after=2024-11-11 00:00:00+00:00
[2024-11-11T20:01:06.381+0000] {processor.py:208} INFO - Processing /home/airflow/.local/lib/python3.12/site-packages/airflow/example_dags/tutorial.py took 0.172 seconds
[2024-11-11T20:01:36.451+0000] {processor.py:186} INFO - Started process (PID=11474) to work on /home/airflow/.local/lib/python3.12/site-packages/airflow/example_dags/tutorial.py
[2024-11-11T20:01:36.453+0000] {processor.py:914} INFO - Processing file /home/airflow/.local/lib/python3.12/site-packages/airflow/example_dags/tutorial.py for tasks to queue
[2024-11-11T20:01:36.459+0000] {logging_mixin.py:190} INFO - [2024-11-11T20:01:36.458+0000] {dagbag.py:588} INFO - Filling up the DagBag from /home/airflow/.local/lib/python3.12/site-packages/airflow/example_dags/tutorial.py
[2024-11-11T20:01:36.485+0000] {processor.py:925} INFO - DAG(s) 'tutorial' retrieved from /home/airflow/.local/lib/python3.12/site-packages/airflow/example_dags/tutorial.py
[2024-11-11T20:01:36.536+0000] {logging_mixin.py:190} INFO - [2024-11-11T20:01:36.536+0000] {dag.py:3239} INFO - Sync 1 DAGs
[2024-11-11T20:01:36.592+0000] {logging_mixin.py:190} INFO - [2024-11-11T20:01:36.591+0000] {dag.py:4180} INFO - Setting next_dagrun for tutorial to 2024-11-10 00:00:00+00:00, run_after=2024-11-11 00:00:00+00:00
[2024-11-11T20:01:36.635+0000] {processor.py:208} INFO - Processing /home/airflow/.local/lib/python3.12/site-packages/airflow/example_dags/tutorial.py took 0.201 seconds
[2024-11-11T20:02:06.742+0000] {processor.py:186} INFO - Started process (PID=11764) to work on /home/airflow/.local/lib/python3.12/site-packages/airflow/example_dags/tutorial.py
[2024-11-11T20:02:06.743+0000] {processor.py:914} INFO - Processing file /home/airflow/.local/lib/python3.12/site-packages/airflow/example_dags/tutorial.py for tasks to queue
[2024-11-11T20:02:06.747+0000] {logging_mixin.py:190} INFO - [2024-11-11T20:02:06.746+0000] {dagbag.py:588} INFO - Filling up the DagBag from /home/airflow/.local/lib/python3.12/site-packages/airflow/example_dags/tutorial.py
[2024-11-11T20:02:06.764+0000] {processor.py:925} INFO - DAG(s) 'tutorial' retrieved from /home/airflow/.local/lib/python3.12/site-packages/airflow/example_dags/tutorial.py
[2024-11-11T20:02:06.802+0000] {logging_mixin.py:190} INFO - [2024-11-11T20:02:06.802+0000] {dag.py:3239} INFO - Sync 1 DAGs
[2024-11-11T20:02:06.848+0000] {logging_mixin.py:190} INFO - [2024-11-11T20:02:06.848+0000] {dag.py:4180} INFO - Setting next_dagrun for tutorial to 2024-11-10 00:00:00+00:00, run_after=2024-11-11 00:00:00+00:00
[2024-11-11T20:02:06.880+0000] {processor.py:208} INFO - Processing /home/airflow/.local/lib/python3.12/site-packages/airflow/example_dags/tutorial.py took 0.149 seconds
[2024-11-11T20:02:37.202+0000] {processor.py:186} INFO - Started process (PID=12055) to work on /home/airflow/.local/lib/python3.12/site-packages/airflow/example_dags/tutorial.py
[2024-11-11T20:02:37.204+0000] {processor.py:914} INFO - Processing file /home/airflow/.local/lib/python3.12/site-packages/airflow/example_dags/tutorial.py for tasks to queue
[2024-11-11T20:02:37.210+0000] {logging_mixin.py:190} INFO - [2024-11-11T20:02:37.209+0000] {dagbag.py:588} INFO - Filling up the DagBag from /home/airflow/.local/lib/python3.12/site-packages/airflow/example_dags/tutorial.py
[2024-11-11T20:02:37.231+0000] {processor.py:925} INFO - DAG(s) 'tutorial' retrieved from /home/airflow/.local/lib/python3.12/site-packages/airflow/example_dags/tutorial.py
[2024-11-11T20:02:37.305+0000] {logging_mixin.py:190} INFO - [2024-11-11T20:02:37.304+0000] {dag.py:3239} INFO - Sync 1 DAGs
[2024-11-11T20:02:37.397+0000] {logging_mixin.py:190} INFO - [2024-11-11T20:02:37.397+0000] {dag.py:4180} INFO - Setting next_dagrun for tutorial to 2024-11-10 00:00:00+00:00, run_after=2024-11-11 00:00:00+00:00
[2024-11-11T20:02:37.465+0000] {processor.py:208} INFO - Processing /home/airflow/.local/lib/python3.12/site-packages/airflow/example_dags/tutorial.py took 0.284 seconds
